-- Install configuration: ""
-- Up-to-date: /home/yuritvr/PFC/wenis_ws/install/xarm_description/share/xarm_description//rviz
-- Up-to-date: /home/yuritvr/PFC/wenis_ws/install/xarm_description/share/xarm_description//rviz/display.rviz
-- Up-to-date: /home/yuritvr/PFC/wenis_ws/install/xarm_description/share/xarm_description//urdf
-- Up-to-date: /home/yuritvr/PFC/wenis_ws/install/xarm_description/share/xarm_description//urdf/gripper
-- Up-to-date: /home/yuritvr/PFC/wenis_ws/install/xarm_description/share/xarm_description//urdf/gripper/xarm_gripper.ros2_control.xacro
-- Up-to-date: /home/yuritvr/PFC/wenis_ws/install/xarm_description/share/xarm_description//urdf/gripper/xarm_gripper.urdf.xacro
-- Up-to-date: /home/yuritvr/PFC/wenis_ws/install/xarm_description/share/xarm_description//urdf/gripper/gripper.urdf.xacro
-- Up-to-date: /home/yuritvr/PFC/wenis_ws/install/xarm_description/share/xarm_description//urdf/gripper/lite_gripper.urdf.xacro
-- Up-to-date: /home/yuritvr/PFC/wenis_ws/install/xarm_description/share/xarm_description//urdf/gripper/xarm_gripper.transmission.xacro
-- Up-to-date: /home/yuritvr/PFC/wenis_ws/install/xarm_description/share/xarm_description//urdf/gripper/gripper_macro.xacro
-- Up-to-date: /home/yuritvr/PFC/wenis_ws/install/xarm_description/share/xarm_description//urdf/gripper/xarm_gripper.gazebo.xacro
-- Up-to-date: /home/yuritvr/PFC/wenis_ws/install/xarm_description/share/xarm_description//urdf/gripper/xarm_gripper_macro.xacro
-- Up-to-date: /home/yuritvr/PFC/wenis_ws/install/xarm_description/share/xarm_description//urdf/common
-- Up-to-date: /home/yuritvr/PFC/wenis_ws/install/xarm_description/share/xarm_description//urdf/common/common.material.xacro
-- Up-to-date: /home/yuritvr/PFC/wenis_ws/install/xarm_description/share/xarm_description//urdf/common/common.gazebo.xacro
-- Up-to-date: /home/yuritvr/PFC/wenis_ws/install/xarm_description/share/xarm_description//urdf/common/common.link.xacro
-- Up-to-date: /home/yuritvr/PFC/wenis_ws/install/xarm_description/share/xarm_description//urdf/camera
-- Up-to-date: /home/yuritvr/PFC/wenis_ws/install/xarm_description/share/xarm_description//urdf/camera/camera.gazebo.xacro
-- Up-to-date: /home/yuritvr/PFC/wenis_ws/install/xarm_description/share/xarm_description//urdf/camera/realsense.gazebo.xacro
-- Up-to-date: /home/yuritvr/PFC/wenis_ws/install/xarm_description/share/xarm_description//urdf/camera/realsense_d435i.urdf.xacro
-- Up-to-date: /home/yuritvr/PFC/wenis_ws/install/xarm_description/share/xarm_description//urdf/vacuum_gripper
-- Up-to-date: /home/yuritvr/PFC/wenis_ws/install/xarm_description/share/xarm_description//urdf/vacuum_gripper/vacuum_gripper_macro.xacro
-- Up-to-date: /home/yuritvr/PFC/wenis_ws/install/xarm_description/share/xarm_description//urdf/vacuum_gripper/lite_vacuum_gripper.urdf.xacro
-- Up-to-date: /home/yuritvr/PFC/wenis_ws/install/xarm_description/share/xarm_description//urdf/vacuum_gripper/vacuum_gripper.urdf.xacro
-- Up-to-date: /home/yuritvr/PFC/wenis_ws/install/xarm_description/share/xarm_description//urdf/vacuum_gripper/xarm_vacuum_gripper.urdf.xacro
-- Up-to-date: /home/yuritvr/PFC/wenis_ws/install/xarm_description/share/xarm_description//config
-- Up-to-date: /home/yuritvr/PFC/wenis_ws/install/xarm_description/share/xarm_description//config/kinematics
-- Up-to-date: /home/yuritvr/PFC/wenis_ws/install/xarm_description/share/xarm_description//config/kinematics/default
-- Up-to-date: /home/yuritvr/PFC/wenis_ws/install/xarm_description/share/xarm_description//config/kinematics/default/xarm6_default_kinematics.yaml
-- Up-to-date: /home/yuritvr/PFC/wenis_ws/install/xarm_description/share/xarm_description//config/kinematics/gen_kinematics_params.py
-- Up-to-date: /home/yuritvr/PFC/wenis_ws/install/xarm_description/share/xarm_description//config/link_inertial
-- Up-to-date: /home/yuritvr/PFC/wenis_ws/install/xarm_description/share/xarm_description//config/link_inertial/gen_link_inertial_params.py
-- Up-to-date: /home/yuritvr/PFC/wenis_ws/install/xarm_description/share/xarm_description//config/link_inertial/xarm6_type8_HT2_BR2.yaml
-- Up-to-date: /home/yuritvr/PFC/wenis_ws/install/xarm_description/share/xarm_description//config/link_inertial/xarm6_type6_HT2_LD.yaml
-- Up-to-date: /home/yuritvr/PFC/wenis_ws/install/xarm_description/share/xarm_description//config/link_inertial/xarm6_type6_HT_BR2.yaml
-- Up-to-date: /home/yuritvr/PFC/wenis_ws/install/xarm_description/share/xarm_description//config/link_inertial/xarm6_type6_HT_BR.yaml
-- Up-to-date: /home/yuritvr/PFC/wenis_ws/install/xarm_description/share/xarm_description//config/link_inertial/xarm6_type11_HT_LD.yaml
-- Up-to-date: /home/yuritvr/PFC/wenis_ws/install/xarm_description/share/xarm_description//config/link_inertial/xarm6_type12_HT_LDBR2.yaml
-- Up-to-date: /home/yuritvr/PFC/wenis_ws/install/xarm_description/share/xarm_description//config/link_inertial/xarm6_type6_HT_LD.yaml
-- Up-to-date: /home/yuritvr/PFC/wenis_ws/install/xarm_description/share/xarm_description//config/link_inertial/xarm6_type9_HT_BR2.yaml
-- Up-to-date: /home/yuritvr/PFC/wenis_ws/install/xarm_description/share/xarm_description//meshes
-- Up-to-date: /home/yuritvr/PFC/wenis_ws/install/xarm_description/share/xarm_description//meshes/gripper
-- Up-to-date: /home/yuritvr/PFC/wenis_ws/install/xarm_description/share/xarm_description//meshes/gripper/xarm
-- Up-to-date: /home/yuritvr/PFC/wenis_ws/install/xarm_description/share/xarm_description//meshes/gripper/xarm/right_outer_knuckle.stl
-- Up-to-date: /home/yuritvr/PFC/wenis_ws/install/xarm_description/share/xarm_description//meshes/gripper/xarm/left_inner_knuckle.stl
-- Up-to-date: /home/yuritvr/PFC/wenis_ws/install/xarm_description/share/xarm_description//meshes/gripper/xarm/left_outer_knuckle.stl
-- Up-to-date: /home/yuritvr/PFC/wenis_ws/install/xarm_description/share/xarm_description//meshes/gripper/xarm/base_link.stl
-- Up-to-date: /home/yuritvr/PFC/wenis_ws/install/xarm_description/share/xarm_description//meshes/gripper/xarm/right_inner_knuckle.stl
-- Up-to-date: /home/yuritvr/PFC/wenis_ws/install/xarm_description/share/xarm_description//meshes/gripper/xarm/left_finger.stl
-- Up-to-date: /home/yuritvr/PFC/wenis_ws/install/xarm_description/share/xarm_description//meshes/gripper/xarm/right_finger.stl
-- Up-to-date: /home/yuritvr/PFC/wenis_ws/install/xarm_description/share/xarm_description//meshes/gripper/lite
-- Up-to-date: /home/yuritvr/PFC/wenis_ws/install/xarm_description/share/xarm_description//meshes/gripper/lite/visual
-- Up-to-date: /home/yuritvr/PFC/wenis_ws/install/xarm_description/share/xarm_description//meshes/gripper/lite/visual/gripper_lite.stl
-- Up-to-date: /home/yuritvr/PFC/wenis_ws/install/xarm_description/share/xarm_description//meshes/gripper/lite/collision
-- Up-to-date: /home/yuritvr/PFC/wenis_ws/install/xarm_description/share/xarm_description//meshes/gripper/lite/collision/gripper_lite.stl
-- Up-to-date: /home/yuritvr/PFC/wenis_ws/install/xarm_description/share/xarm_description//meshes/end_tool
-- Up-to-date: /home/yuritvr/PFC/wenis_ws/install/xarm_description/share/xarm_description//meshes/end_tool/visual
-- Up-to-date: /home/yuritvr/PFC/wenis_ws/install/xarm_description/share/xarm_description//meshes/end_tool/visual/end_tool_1300.stl
-- Up-to-date: /home/yuritvr/PFC/wenis_ws/install/xarm_description/share/xarm_description//meshes/end_tool/collision
-- Up-to-date: /home/yuritvr/PFC/wenis_ws/install/xarm_description/share/xarm_description//meshes/end_tool/collision/end_tool.stl
-- Up-to-date: /home/yuritvr/PFC/wenis_ws/install/xarm_description/share/xarm_description//meshes/end_tool/collision/end_tool_1300.stl
-- Up-to-date: /home/yuritvr/PFC/wenis_ws/install/xarm_description/share/xarm_description//meshes/xarm6
-- Up-to-date: /home/yuritvr/PFC/wenis_ws/install/xarm_description/share/xarm_description//meshes/xarm6/visual
-- Up-to-date: /home/yuritvr/PFC/wenis_ws/install/xarm_description/share/xarm_description//meshes/xarm6/visual/link3.stl
-- Up-to-date: /home/yuritvr/PFC/wenis_ws/install/xarm_description/share/xarm_description//meshes/xarm6/visual/link6.stl
-- Up-to-date: /home/yuritvr/PFC/wenis_ws/install/xarm_description/share/xarm_description//meshes/xarm6/visual/link5.stl
-- Up-to-date: /home/yuritvr/PFC/wenis_ws/install/xarm_description/share/xarm_description//meshes/xarm6/visual/link2.stl
-- Up-to-date: /home/yuritvr/PFC/wenis_ws/install/xarm_description/share/xarm_description//meshes/xarm6/visual/link4.stl
-- Up-to-date: /home/yuritvr/PFC/wenis_ws/install/xarm_description/share/xarm_description//meshes/xarm6/visual/link_base.stl
-- Up-to-date: /home/yuritvr/PFC/wenis_ws/install/xarm_description/share/xarm_description//meshes/xarm6/visual/link1.stl
-- Up-to-date: /home/yuritvr/PFC/wenis_ws/install/xarm_description/share/xarm_description//meshes/camera
-- Up-to-date: /home/yuritvr/PFC/wenis_ws/install/xarm_description/share/xarm_description//meshes/camera/realsense
-- Up-to-date: /home/yuritvr/PFC/wenis_ws/install/xarm_description/share/xarm_description//meshes/camera/realsense/visual
-- Up-to-date: /home/yuritvr/PFC/wenis_ws/install/xarm_description/share/xarm_description//meshes/camera/realsense/visual/d435_with_cam_stand.stl
-- Up-to-date: /home/yuritvr/PFC/wenis_ws/install/xarm_description/share/xarm_description//meshes/camera/realsense/collision
-- Up-to-date: /home/yuritvr/PFC/wenis_ws/install/xarm_description/share/xarm_description//meshes/camera/realsense/collision/d435_with_cam_stand.stl
-- Up-to-date: /home/yuritvr/PFC/wenis_ws/install/xarm_description/share/xarm_description//meshes/vacuum_gripper
-- Up-to-date: /home/yuritvr/PFC/wenis_ws/install/xarm_description/share/xarm_description//meshes/vacuum_gripper/xarm
-- Up-to-date: /home/yuritvr/PFC/wenis_ws/install/xarm_description/share/xarm_description//meshes/vacuum_gripper/xarm/visual
-- Up-to-date: /home/yuritvr/PFC/wenis_ws/install/xarm_description/share/xarm_description//meshes/vacuum_gripper/xarm/visual/vacuum_gripper.stl
-- Up-to-date: /home/yuritvr/PFC/wenis_ws/install/xarm_description/share/xarm_description//meshes/vacuum_gripper/xarm/collision
-- Up-to-date: /home/yuritvr/PFC/wenis_ws/install/xarm_description/share/xarm_description//meshes/vacuum_gripper/xarm/collision/vacuum_gripper.stl
-- Up-to-date: /home/yuritvr/PFC/wenis_ws/install/xarm_description/share/xarm_description//meshes/vacuum_gripper/lite
-- Up-to-date: /home/yuritvr/PFC/wenis_ws/install/xarm_description/share/xarm_description//meshes/vacuum_gripper/lite/visual
-- Up-to-date: /home/yuritvr/PFC/wenis_ws/install/xarm_description/share/xarm_description//meshes/vacuum_gripper/lite/visual/vacuum_gripper_lite.stl
-- Up-to-date: /home/yuritvr/PFC/wenis_ws/install/xarm_description/share/xarm_description//meshes/vacuum_gripper/lite/collision
-- Up-to-date: /home/yuritvr/PFC/wenis_ws/install/xarm_description/share/xarm_description//meshes/vacuum_gripper/lite/collision/vacuum_gripper_lite.stl
-- Up-to-date: /home/yuritvr/PFC/wenis_ws/install/xarm_description/share/xarm_description//launch
-- Up-to-date: /home/yuritvr/PFC/wenis_ws/install/xarm_description/share/xarm_description//launch/_robot_rviz_display.launch.py
-- Up-to-date: /home/yuritvr/PFC/wenis_ws/install/xarm_description/share/xarm_description//launch/_robot_description.launch.py
-- Up-to-date: /home/yuritvr/PFC/wenis_ws/install/xarm_description/share/xarm_description//launch/_robot_joint_state.launch.py
-- Up-to-date: /home/yuritvr/PFC/wenis_ws/install/xarm_description/share/xarm_description//launch/lib
-- Up-to-date: /home/yuritvr/PFC/wenis_ws/install/xarm_description/share/xarm_description//launch/lib/robot_description_lib.py
-- Up-to-date: /home/yuritvr/PFC/wenis_ws/install/xarm_description/share/xarm_description//launch/lite6_rviz_display.launch.py
-- Up-to-date: /home/yuritvr/PFC/wenis_ws/install/xarm_description/share/xarm_description//launch/xarm6_rviz_display.launch.py
-- Up-to-date: /home/yuritvr/PFC/wenis_ws/install/xarm_description/share/xarm_description//launch/_rviz_display.launch.py
-- Up-to-date: /home/yuritvr/PFC/wenis_ws/install/xarm_description/share/ament_index/resource_index/package_run_dependencies/xarm_description
-- Up-to-date: /home/yuritvr/PFC/wenis_ws/install/xarm_description/share/ament_index/resource_index/parent_prefix_path/xarm_description
-- Installing: /home/yuritvr/PFC/wenis_ws/install/xarm_description/share/xarm_description/environment/ament_prefix_path.sh
-- Up-to-date: /home/yuritvr/PFC/wenis_ws/install/xarm_description/share/xarm_description/environment/ament_prefix_path.dsv
-- Installing: /home/yuritvr/PFC/wenis_ws/install/xarm_description/share/xarm_description/environment/path.sh
-- Up-to-date: /home/yuritvr/PFC/wenis_ws/install/xarm_description/share/xarm_description/environment/path.dsv
-- Up-to-date: /home/yuritvr/PFC/wenis_ws/install/xarm_description/share/xarm_description/local_setup.bash
-- Up-to-date: /home/yuritvr/PFC/wenis_ws/install/xarm_description/share/xarm_description/local_setup.sh
-- Up-to-date: /home/yuritvr/PFC/wenis_ws/install/xarm_description/share/xarm_description/local_setup.zsh
-- Up-to-date: /home/yuritvr/PFC/wenis_ws/install/xarm_description/share/xarm_description/local_setup.dsv
-- Installing: /home/yuritvr/PFC/wenis_ws/install/xarm_description/share/xarm_description/package.dsv
-- Up-to-date: /home/yuritvr/PFC/wenis_ws/install/xarm_description/share/ament_index/resource_index/packages/xarm_description
-- Up-to-date: /home/yuritvr/PFC/wenis_ws/install/xarm_description/share/xarm_description/cmake/xarm_descriptionConfig.cmake
-- Up-to-date: /home/yuritvr/PFC/wenis_ws/install/xarm_description/share/xarm_description/cmake/xarm_descriptionConfig-version.cmake
-- Up-to-date: /home/yuritvr/PFC/wenis_ws/install/xarm_description/share/xarm_description/package.xml
