[0.040s] Invoking command in '/home/yuritvr/PFC/pfc_ws/build/moveit_config': CMAKE_PREFIX_PATH=/home/yuritvr/PFC/pfc_ws/install/arm_pkg:/home/yuritvr/PFC/pfc_ws/install/xarm_description:/home/yuritvr/PFC/pfc_ws/install/pfcbot_moveit_config:/home/yuritvr/PFC/pfc_ws/install/pfcbot:/home/yuritvr/PFC/pfc_ws/install/moveit_config:/home/yuritvr/PFC/pfc_ws/install/arm_pkg_moveit_config:/opt/ros/humble /usr/bin/cmake --build /home/yuritvr/PFC/pfc_ws/build/moveit_config -- -j8 -l8
[0.182s] Invoked command in '/home/yuritvr/PFC/pfc_ws/build/moveit_config' returned '0': CMAKE_PREFIX_PATH=/home/yuritvr/PFC/pfc_ws/install/arm_pkg:/home/yuritvr/PFC/pfc_ws/install/xarm_description:/home/yuritvr/PFC/pfc_ws/install/pfcbot_moveit_config:/home/yuritvr/PFC/pfc_ws/install/pfcbot:/home/yuritvr/PFC/pfc_ws/install/moveit_config:/home/yuritvr/PFC/pfc_ws/install/arm_pkg_moveit_config:/opt/ros/humble /usr/bin/cmake --build /home/yuritvr/PFC/pfc_ws/build/moveit_config -- -j8 -l8
[0.274s] Invoking command in '/home/yuritvr/PFC/pfc_ws/build/moveit_config': CMAKE_PREFIX_PATH=/home/yuritvr/PFC/pfc_ws/install/arm_pkg:/home/yuritvr/PFC/pfc_ws/install/xarm_description:/home/yuritvr/PFC/pfc_ws/install/pfcbot_moveit_config:/home/yuritvr/PFC/pfc_ws/install/pfcbot:/home/yuritvr/PFC/pfc_ws/install/moveit_config:/home/yuritvr/PFC/pfc_ws/install/arm_pkg_moveit_config:/opt/ros/humble /usr/bin/cmake --install /home/yuritvr/PFC/pfc_ws/build/moveit_config
[0.317s] -- Install configuration: ""
[0.322s] -- Up-to-date: /home/yuritvr/PFC/pfc_ws/install/moveit_config/share/ament_index/resource_index/package_run_dependencies/moveit_config
[0.322s] -- Up-to-date: /home/yuritvr/PFC/pfc_ws/install/moveit_config/share/ament_index/resource_index/parent_prefix_path/moveit_config
[0.323s] -- Up-to-date: /home/yuritvr/PFC/pfc_ws/install/moveit_config/share/moveit_config/environment/ament_prefix_path.sh
[0.323s] -- Up-to-date: /home/yuritvr/PFC/pfc_ws/install/moveit_config/share/moveit_config/environment/ament_prefix_path.dsv
[0.327s] -- Up-to-date: /home/yuritvr/PFC/pfc_ws/install/moveit_config/share/moveit_config/environment/path.sh
[0.328s] -- Up-to-date: /home/yuritvr/PFC/pfc_ws/install/moveit_config/share/moveit_config/environment/path.dsv
[0.329s] -- Up-to-date: /home/yuritvr/PFC/pfc_ws/install/moveit_config/share/moveit_config/local_setup.bash
[0.330s] -- Up-to-date: /home/yuritvr/PFC/pfc_ws/install/moveit_config/share/moveit_config/local_setup.sh
[0.330s] -- Up-to-date: /home/yuritvr/PFC/pfc_ws/install/moveit_config/share/moveit_config/local_setup.zsh
[0.331s] -- Up-to-date: /home/yuritvr/PFC/pfc_ws/install/moveit_config/share/moveit_config/local_setup.dsv
[0.333s] -- Installing: /home/yuritvr/PFC/pfc_ws/install/moveit_config/share/moveit_config/package.dsv
[0.333s] -- Up-to-date: /home/yuritvr/PFC/pfc_ws/install/moveit_config/share/ament_index/resource_index/packages/moveit_config
[0.334s] -- Up-to-date: /home/yuritvr/PFC/pfc_ws/install/moveit_config/share/moveit_config/cmake/moveit_configConfig.cmake
[0.339s] -- Up-to-date: /home/yuritvr/PFC/pfc_ws/install/moveit_config/share/moveit_config/cmake/moveit_configConfig-version.cmake
[0.340s] -- Up-to-date: /home/yuritvr/PFC/pfc_ws/install/moveit_config/share/moveit_config/package.xml
[0.341s] -- Up-to-date: /home/yuritvr/PFC/pfc_ws/install/moveit_config/share/moveit_config/launch
[0.342s] -- Up-to-date: /home/yuritvr/PFC/pfc_ws/install/moveit_config/share/moveit_config/launch/static_virtual_joint_tfs.launch.py
[0.344s] -- Up-to-date: /home/yuritvr/PFC/pfc_ws/install/moveit_config/share/moveit_config/launch/moveit_rviz.launch.py
[0.344s] -- Up-to-date: /home/yuritvr/PFC/pfc_ws/install/moveit_config/share/moveit_config/launch/spawn_controllers.launch.py
[0.362s] -- Up-to-date: /home/yuritvr/PFC/pfc_ws/install/moveit_config/share/moveit_config/launch/rsp.launch.py
[0.363s] -- Up-to-date: /home/yuritvr/PFC/pfc_ws/install/moveit_config/share/moveit_config/launch/move_group.launch.py
[0.363s] -- Up-to-date: /home/yuritvr/PFC/pfc_ws/install/moveit_config/share/moveit_config/launch/warehouse_db.launch.py
[0.363s] -- Up-to-date: /home/yuritvr/PFC/pfc_ws/install/moveit_config/share/moveit_config/launch/demo.launch.py
[0.364s] -- Up-to-date: /home/yuritvr/PFC/pfc_ws/install/moveit_config/share/moveit_config/launch/setup_assistant.launch.py
[0.364s] -- Up-to-date: /home/yuritvr/PFC/pfc_ws/install/moveit_config/share/moveit_config/config
[0.365s] -- Up-to-date: /home/yuritvr/PFC/pfc_ws/install/moveit_config/share/moveit_config/config/joint_limits.yaml
[0.365s] -- Up-to-date: /home/yuritvr/PFC/pfc_ws/install/moveit_config/share/moveit_config/config/moveit.rviz
[0.366s] -- Up-to-date: /home/yuritvr/PFC/pfc_ws/install/moveit_config/share/moveit_config/config/robot_description.urdf.xacro
[0.366s] -- Up-to-date: /home/yuritvr/PFC/pfc_ws/install/moveit_config/share/moveit_config/config/robot_description.srdf
[0.368s] -- Up-to-date: /home/yuritvr/PFC/pfc_ws/install/moveit_config/share/moveit_config/config/robot_description.ros2_control.xacro
[0.368s] -- Up-to-date: /home/yuritvr/PFC/pfc_ws/install/moveit_config/share/moveit_config/config/sensors_3d.yaml
[0.369s] -- Up-to-date: /home/yuritvr/PFC/pfc_ws/install/moveit_config/share/moveit_config/config/kinematics.yaml
[0.370s] -- Up-to-date: /home/yuritvr/PFC/pfc_ws/install/moveit_config/share/moveit_config/config/moveit_controllers.yaml
[0.371s] -- Up-to-date: /home/yuritvr/PFC/pfc_ws/install/moveit_config/share/moveit_config/config/pilz_cartesian_limits.yaml
[0.371s] -- Up-to-date: /home/yuritvr/PFC/pfc_ws/install/moveit_config/share/moveit_config/config/initial_positions.yaml
[0.372s] -- Up-to-date: /home/yuritvr/PFC/pfc_ws/install/moveit_config/share/moveit_config/.setup_assistant
[0.374s] Invoked command in '/home/yuritvr/PFC/pfc_ws/build/moveit_config' returned '0': CMAKE_PREFIX_PATH=/home/yuritvr/PFC/pfc_ws/install/arm_pkg:/home/yuritvr/PFC/pfc_ws/install/xarm_description:/home/yuritvr/PFC/pfc_ws/install/pfcbot_moveit_config:/home/yuritvr/PFC/pfc_ws/install/pfcbot:/home/yuritvr/PFC/pfc_ws/install/moveit_config:/home/yuritvr/PFC/pfc_ws/install/arm_pkg_moveit_config:/opt/ros/humble /usr/bin/cmake --install /home/yuritvr/PFC/pfc_ws/build/moveit_config
