[  5%] [32mBuilding CXX object CMakeFiles/basic_grasping_perception_node.dir/rclcpp_components/node_main_basic_grasping_perception_node.cpp.o[0m
[ 10%] [32mBuilding CXX object CMakeFiles/grasp_planner_node.dir/rclcpp_components/node_main_grasp_planner_node.cpp.o[0m
[ 15%] [32mBuilding CXX object gtest/CMakeFiles/gtest_main.dir/src/gtest_main.cc.o[0m
[ 21%] [32mBuilding CXX object gtest/CMakeFiles/gtest.dir/src/gtest-all.cc.o[0m
[ 26%] [32mBuilding CXX object CMakeFiles/simple_grasping.dir/src/cloud_tools.cpp.o[0m
[ 31%] [32mBuilding CXX object CMakeFiles/simple_grasping.dir/src/shape_extraction.cpp.o[0m
[ 36%] [32mBuilding CXX object CMakeFiles/simple_grasping.dir/src/object_support_segmentation.cpp.o[0m
[ 42%] [32mBuilding CXX object CMakeFiles/simple_grasping.dir/src/shape_grasp_planner.cpp.o[0m
[ 47%] [32m[1mLinking CXX static library libgtest_main.a[0m
[ 47%] Built target gtest_main
[ 52%] [32m[1mLinking CXX executable grasp_planner_node[0m
[ 57%] [32m[1mLinking CXX executable basic_grasping_perception_node[0m
[ 63%] [32m[1mLinking CXX static library libgtest.a[0m
[ 63%] Built target grasp_planner_node
[ 63%] Built target gtest
[ 63%] Built target basic_grasping_perception_node
[ 68%] [32m[1mLinking CXX shared library libsimple_grasping.so[0m
[ 68%] Built target simple_grasping
[ 73%] [32mBuilding CXX object CMakeFiles/grasp_planner.dir/src/grasp_planner_node.cpp.o[0m
[ 78%] [32mBuilding CXX object CMakeFiles/simple_grasping_test_shape_extraction.dir/test/test_shape_extraction.cpp.o[0m
[ 84%] [32mBuilding CXX object CMakeFiles/basic_grasping_perception.dir/src/basic_grasping_perception.cpp.o[0m
[ 89%] [32m[1mLinking CXX executable simple_grasping_test_shape_extraction[0m
[ 94%] [32m[1mLinking CXX shared library libgrasp_planner.so[0m
[ 94%] Built target simple_grasping_test_shape_extraction
[ 94%] Built target grasp_planner
[100%] [32m[1mLinking CXX shared library libbasic_grasping_perception.so[0m
[100%] Built target basic_grasping_perception
-- Install configuration: ""
-- Installing: /home/yuritvr/PFC/wenis_ws/install/simple_grasping/lib/simple_grasping/basic_grasping_perception_node
-- Set runtime path of "/home/yuritvr/PFC/wenis_ws/install/simple_grasping/lib/simple_grasping/basic_grasping_perception_node" to ""
-- Installing: /home/yuritvr/PFC/wenis_ws/install/simple_grasping/lib/simple_grasping/grasp_planner_node
-- Set runtime path of "/home/yuritvr/PFC/wenis_ws/install/simple_grasping/lib/simple_grasping/grasp_planner_node" to ""
-- Up-to-date: /home/yuritvr/PFC/wenis_ws/install/simple_grasping/include
-- Up-to-date: /home/yuritvr/PFC/wenis_ws/install/simple_grasping/include/simple_grasping
-- Up-to-date: /home/yuritvr/PFC/wenis_ws/install/simple_grasping/include/simple_grasping/shape_grasp_planner.h
-- Up-to-date: /home/yuritvr/PFC/wenis_ws/install/simple_grasping/include/simple_grasping/cloud_tools.h
-- Up-to-date: /home/yuritvr/PFC/wenis_ws/install/simple_grasping/include/simple_grasping/object_support_segmentation.h
-- Up-to-date: /home/yuritvr/PFC/wenis_ws/install/simple_grasping/include/simple_grasping/shape_extraction.h
-- Up-to-date: /home/yuritvr/PFC/wenis_ws/install/simple_grasping/lib/simple_grasping/do_perception.py
-- Installing: /home/yuritvr/PFC/wenis_ws/install/simple_grasping/lib/libsimple_grasping.so
-- Set runtime path of "/home/yuritvr/PFC/wenis_ws/install/simple_grasping/lib/libsimple_grasping.so" to ""
-- Installing: /home/yuritvr/PFC/wenis_ws/install/simple_grasping/lib/libbasic_grasping_perception.so
-- Set runtime path of "/home/yuritvr/PFC/wenis_ws/install/simple_grasping/lib/libbasic_grasping_perception.so" to ""
-- Installing: /home/yuritvr/PFC/wenis_ws/install/simple_grasping/lib/libgrasp_planner.so
-- Set runtime path of "/home/yuritvr/PFC/wenis_ws/install/simple_grasping/lib/libgrasp_planner.so" to ""
-- Up-to-date: /home/yuritvr/PFC/wenis_ws/install/simple_grasping/share/simple_grasping/environment/library_path.sh
-- Up-to-date: /home/yuritvr/PFC/wenis_ws/install/simple_grasping/share/simple_grasping/environment/library_path.dsv
-- Up-to-date: /home/yuritvr/PFC/wenis_ws/install/simple_grasping/share/ament_index/resource_index/package_run_dependencies/simple_grasping
-- Up-to-date: /home/yuritvr/PFC/wenis_ws/install/simple_grasping/share/ament_index/resource_index/parent_prefix_path/simple_grasping
-- Installing: /home/yuritvr/PFC/wenis_ws/install/simple_grasping/share/simple_grasping/environment/ament_prefix_path.sh
-- Up-to-date: /home/yuritvr/PFC/wenis_ws/install/simple_grasping/share/simple_grasping/environment/ament_prefix_path.dsv
-- Installing: /home/yuritvr/PFC/wenis_ws/install/simple_grasping/share/simple_grasping/environment/path.sh
-- Up-to-date: /home/yuritvr/PFC/wenis_ws/install/simple_grasping/share/simple_grasping/environment/path.dsv
-- Up-to-date: /home/yuritvr/PFC/wenis_ws/install/simple_grasping/share/simple_grasping/local_setup.bash
-- Up-to-date: /home/yuritvr/PFC/wenis_ws/install/simple_grasping/share/simple_grasping/local_setup.sh
-- Up-to-date: /home/yuritvr/PFC/wenis_ws/install/simple_grasping/share/simple_grasping/local_setup.zsh
-- Up-to-date: /home/yuritvr/PFC/wenis_ws/install/simple_grasping/share/simple_grasping/local_setup.dsv
-- Installing: /home/yuritvr/PFC/wenis_ws/install/simple_grasping/share/simple_grasping/package.dsv
-- Up-to-date: /home/yuritvr/PFC/wenis_ws/install/simple_grasping/share/ament_index/resource_index/packages/simple_grasping
-- Up-to-date: /home/yuritvr/PFC/wenis_ws/install/simple_grasping/share/ament_index/resource_index/rclcpp_components/simple_grasping
-- Up-to-date: /home/yuritvr/PFC/wenis_ws/install/simple_grasping/share/simple_grasping/cmake/ament_cmake_export_include_directories-extras.cmake
-- Up-to-date: /home/yuritvr/PFC/wenis_ws/install/simple_grasping/share/simple_grasping/cmake/ament_cmake_export_libraries-extras.cmake
-- Up-to-date: /home/yuritvr/PFC/wenis_ws/install/simple_grasping/share/simple_grasping/cmake/ament_cmake_export_dependencies-extras.cmake
-- Up-to-date: /home/yuritvr/PFC/wenis_ws/install/simple_grasping/share/simple_grasping/cmake/simple_graspingConfig.cmake
-- Up-to-date: /home/yuritvr/PFC/wenis_ws/install/simple_grasping/share/simple_grasping/cmake/simple_graspingConfig-version.cmake
-- Up-to-date: /home/yuritvr/PFC/wenis_ws/install/simple_grasping/share/simple_grasping/package.xml
