[0.038s] Invoking command in '/home/yuritvr/PFC/pfc_ws/build/arm_pkg': CMAKE_PREFIX_PATH=${CMAKE_PREFIX_PATH}:/opt/ros/humble /usr/bin/cmake --build /home/yuritvr/PFC/pfc_ws/build/arm_pkg -- -j8 -l8
[0.237s] Invoked command in '/home/yuritvr/PFC/pfc_ws/build/arm_pkg' returned '0': CMAKE_PREFIX_PATH=${CMAKE_PREFIX_PATH}:/opt/ros/humble /usr/bin/cmake --build /home/yuritvr/PFC/pfc_ws/build/arm_pkg -- -j8 -l8
[0.341s] Invoking command in '/home/yuritvr/PFC/pfc_ws/build/arm_pkg': CMAKE_PREFIX_PATH=${CMAKE_PREFIX_PATH}:/opt/ros/humble /usr/bin/cmake --install /home/yuritvr/PFC/pfc_ws/build/arm_pkg
[0.420s] -- Install configuration: ""
[0.425s] -- Up-to-date: /home/yuritvr/PFC/pfc_ws/install/arm_pkg/share/arm_pkg//urdf
[0.426s] -- Up-to-date: /home/yuritvr/PFC/pfc_ws/install/arm_pkg/share/arm_pkg//urdf/manipulator.xacro
[0.427s] -- Up-to-date: /home/yuritvr/PFC/pfc_ws/install/arm_pkg/share/arm_pkg//urdf/a0912.urdf.xacro
[0.448s] -- Up-to-date: /home/yuritvr/PFC/pfc_ws/install/arm_pkg/share/arm_pkg//urdf/m1013.urdf.xacro
[0.454s] -- Up-to-date: /home/yuritvr/PFC/pfc_ws/install/arm_pkg/share/arm_pkg//urdf/macro.transmission.xacro
[0.456s] -- Up-to-date: /home/yuritvr/PFC/pfc_ws/install/arm_pkg/share/arm_pkg//urdf/a0912.blue.urdf
[0.457s] -- Up-to-date: /home/yuritvr/PFC/pfc_ws/install/arm_pkg/share/arm_pkg//urdf/macro.a0912.blue.xacro
[0.458s] -- Up-to-date: /home/yuritvr/PFC/pfc_ws/install/arm_pkg/share/arm_pkg//urdf/macro.internal_config.xacro
[0.459s] -- Up-to-date: /home/yuritvr/PFC/pfc_ws/install/arm_pkg/share/arm_pkg//urdf/m1013.white.urdf
[0.459s] -- Up-to-date: /home/yuritvr/PFC/pfc_ws/install/arm_pkg/share/arm_pkg//urdf/macro.m1013.white.xacro
[0.460s] -- Up-to-date: /home/yuritvr/PFC/pfc_ws/install/arm_pkg/share/arm_pkg//urdf/depth_camera.xacro
[0.462s] -- Up-to-date: /home/yuritvr/PFC/pfc_ws/install/arm_pkg/share/arm_pkg//urdf/macro.gazebo_config_control.xacro
[0.463s] -- Up-to-date: /home/yuritvr/PFC/pfc_ws/install/arm_pkg/share/arm_pkg//urdf/macro.bumper_config.xacro
[0.465s] -- Up-to-date: /home/yuritvr/PFC/pfc_ws/install/arm_pkg/share/arm_pkg//launch
[0.471s] -- Up-to-date: /home/yuritvr/PFC/pfc_ws/install/arm_pkg/share/arm_pkg//launch/start_controller.launch.py
[0.471s] -- Up-to-date: /home/yuritvr/PFC/pfc_ws/install/arm_pkg/share/arm_pkg//launch/spawn_gazebo.launch.py
[0.471s] -- Up-to-date: /home/yuritvr/PFC/pfc_ws/install/arm_pkg/share/arm_pkg//launch/start_moveit.launch.py
[0.472s] -- Up-to-date: /home/yuritvr/PFC/pfc_ws/install/arm_pkg/share/arm_pkg//launch/start_world.launch.py
[0.475s] -- Up-to-date: /home/yuritvr/PFC/pfc_ws/install/arm_pkg/share/arm_pkg//launch/main_arm.launch.py
[0.475s] -- Up-to-date: /home/yuritvr/PFC/pfc_ws/install/arm_pkg/share/arm_pkg//meshes
[0.476s] -- Up-to-date: /home/yuritvr/PFC/pfc_ws/install/arm_pkg/share/arm_pkg//meshes/a0912_blue
[0.477s] -- Up-to-date: /home/yuritvr/PFC/pfc_ws/install/arm_pkg/share/arm_pkg//meshes/a0912_blue/A0912_2_1.dae
[0.478s] -- Up-to-date: /home/yuritvr/PFC/pfc_ws/install/arm_pkg/share/arm_pkg//meshes/a0912_blue/A0912_3_1.dae
[0.478s] -- Up-to-date: /home/yuritvr/PFC/pfc_ws/install/arm_pkg/share/arm_pkg//meshes/a0912_blue/A0912_2_0.dae
[0.481s] -- Up-to-date: /home/yuritvr/PFC/pfc_ws/install/arm_pkg/share/arm_pkg//meshes/a0912_blue/A0912_4_0.dae
[0.482s] -- Up-to-date: /home/yuritvr/PFC/pfc_ws/install/arm_pkg/share/arm_pkg//meshes/a0912_blue/A0912_0_0.dae
[0.483s] -- Up-to-date: /home/yuritvr/PFC/pfc_ws/install/arm_pkg/share/arm_pkg//meshes/a0912_blue/A0912_1_0.dae
[0.486s] -- Up-to-date: /home/yuritvr/PFC/pfc_ws/install/arm_pkg/share/arm_pkg//meshes/a0912_blue/A0912_5_1.dae
[0.487s] -- Up-to-date: /home/yuritvr/PFC/pfc_ws/install/arm_pkg/share/arm_pkg//meshes/a0912_blue/A0912_6_0.dae
[0.488s] -- Up-to-date: /home/yuritvr/PFC/pfc_ws/install/arm_pkg/share/arm_pkg//meshes/a0912_blue/A0912_1_1.dae
[0.488s] -- Up-to-date: /home/yuritvr/PFC/pfc_ws/install/arm_pkg/share/arm_pkg//meshes/a0912_blue/A0912_1_2.dae
[0.489s] -- Up-to-date: /home/yuritvr/PFC/pfc_ws/install/arm_pkg/share/arm_pkg//meshes/a0912_blue/A0912_3_0.dae
[0.490s] -- Up-to-date: /home/yuritvr/PFC/pfc_ws/install/arm_pkg/share/arm_pkg//meshes/a0912_blue/A0912_2_2.dae
[0.494s] -- Up-to-date: /home/yuritvr/PFC/pfc_ws/install/arm_pkg/share/arm_pkg//meshes/a0912_blue/A0912_5_0.dae
[0.495s] -- Up-to-date: /home/yuritvr/PFC/pfc_ws/install/arm_pkg/share/arm_pkg//meshes/a0912_blue/A0912_4_1.dae
[0.496s] -- Up-to-date: /home/yuritvr/PFC/pfc_ws/install/arm_pkg/share/arm_pkg//meshes/m1013_white
[0.496s] -- Up-to-date: /home/yuritvr/PFC/pfc_ws/install/arm_pkg/share/arm_pkg//meshes/m1013_white/MF1013_3_0.dae
[0.500s] -- Up-to-date: /home/yuritvr/PFC/pfc_ws/install/arm_pkg/share/arm_pkg//meshes/m1013_white/MF1013_2_2.dae
[0.501s] -- Up-to-date: /home/yuritvr/PFC/pfc_ws/install/arm_pkg/share/arm_pkg//meshes/m1013_white/MF1013_5_0.dae
[0.503s] -- Up-to-date: /home/yuritvr/PFC/pfc_ws/install/arm_pkg/share/arm_pkg//meshes/m1013_white/MF1013_4_0.dae
[0.504s] -- Up-to-date: /home/yuritvr/PFC/pfc_ws/install/arm_pkg/share/arm_pkg//meshes/m1013_white/MF1013_1_0.dae
[0.505s] -- Up-to-date: /home/yuritvr/PFC/pfc_ws/install/arm_pkg/share/arm_pkg//meshes/m1013_white/MF1013_2_1.dae
[0.507s] -- Up-to-date: /home/yuritvr/PFC/pfc_ws/install/arm_pkg/share/arm_pkg//meshes/m1013_white/MF1013_4_1.dae
[0.508s] -- Up-to-date: /home/yuritvr/PFC/pfc_ws/install/arm_pkg/share/arm_pkg//meshes/m1013_white/MF1013_6_0.dae
[0.510s] -- Up-to-date: /home/yuritvr/PFC/pfc_ws/install/arm_pkg/share/arm_pkg//meshes/m1013_white/MF1013_0_0.dae
[0.511s] -- Up-to-date: /home/yuritvr/PFC/pfc_ws/install/arm_pkg/share/arm_pkg//meshes/m1013_white/MF1013_2_0.dae
[0.513s] -- Up-to-date: /home/yuritvr/PFC/pfc_ws/install/arm_pkg/share/arm_pkg//config
[0.513s] -- Up-to-date: /home/yuritvr/PFC/pfc_ws/install/arm_pkg/share/arm_pkg//config/simple_controller.yaml
[0.513s] -- Up-to-date: /home/yuritvr/PFC/pfc_ws/install/arm_pkg/share/ament_index/resource_index/package_run_dependencies/arm_pkg
[0.522s] -- Up-to-date: /home/yuritvr/PFC/pfc_ws/install/arm_pkg/share/ament_index/resource_index/parent_prefix_path/arm_pkg
[0.523s] -- Up-to-date: /home/yuritvr/PFC/pfc_ws/install/arm_pkg/share/arm_pkg/environment/ament_prefix_path.sh
[0.524s] -- Up-to-date: /home/yuritvr/PFC/pfc_ws/install/arm_pkg/share/arm_pkg/environment/ament_prefix_path.dsv
[0.525s] -- Up-to-date: /home/yuritvr/PFC/pfc_ws/install/arm_pkg/share/arm_pkg/environment/path.sh
[0.526s] -- Up-to-date: /home/yuritvr/PFC/pfc_ws/install/arm_pkg/share/arm_pkg/environment/path.dsv
[0.526s] -- Up-to-date: /home/yuritvr/PFC/pfc_ws/install/arm_pkg/share/arm_pkg/local_setup.bash
[0.527s] -- Up-to-date: /home/yuritvr/PFC/pfc_ws/install/arm_pkg/share/arm_pkg/local_setup.sh
[0.528s] -- Up-to-date: /home/yuritvr/PFC/pfc_ws/install/arm_pkg/share/arm_pkg/local_setup.zsh
[0.538s] -- Up-to-date: /home/yuritvr/PFC/pfc_ws/install/arm_pkg/share/arm_pkg/local_setup.dsv
[0.539s] -- Installing: /home/yuritvr/PFC/pfc_ws/install/arm_pkg/share/arm_pkg/package.dsv
[0.539s] -- Up-to-date: /home/yuritvr/PFC/pfc_ws/install/arm_pkg/share/ament_index/resource_index/packages/arm_pkg
[0.540s] -- Up-to-date: /home/yuritvr/PFC/pfc_ws/install/arm_pkg/share/arm_pkg/cmake/arm_pkgConfig.cmake
[0.543s] -- Up-to-date: /home/yuritvr/PFC/pfc_ws/install/arm_pkg/share/arm_pkg/cmake/arm_pkgConfig-version.cmake
[0.544s] -- Up-to-date: /home/yuritvr/PFC/pfc_ws/install/arm_pkg/share/arm_pkg/package.xml
[0.615s] Invoked command in '/home/yuritvr/PFC/pfc_ws/build/arm_pkg' returned '0': CMAKE_PREFIX_PATH=${CMAKE_PREFIX_PATH}:/opt/ros/humble /usr/bin/cmake --install /home/yuritvr/PFC/pfc_ws/build/arm_pkg
