[0.086s] Invoking command in '/home/yuritvr/PFC/wenis_ws/build/moveit2_kinematics': CMAKE_PREFIX_PATH=${CMAKE_PREFIX_PATH}:/home/yuritvr/PFC/wenis_ws/install/robotiq_85_driver:/home/yuritvr/PFC/pfc_ws/install/robotiq_85_driver:/opt/ros/humble /usr/bin/cmake /home/yuritvr/PFC/wenis_ws/src/ros2_manipulator/moveit2_kinematics -DAMENT_CMAKE_SYMLINK_INSTALL=1 -DCMAKE_INSTALL_PREFIX=/home/yuritvr/PFC/wenis_ws/install/moveit2_kinematics
[0.613s] -- Found ament_cmake: 1.3.9 (/opt/ros/humble/share/ament_cmake/cmake)
[0.613s] -- Override CMake install command with custom implementation using symlinks instead of copying resources
[0.613s] -- Found rclcpp: 16.0.9 (/opt/ros/humble/share/rclcpp/cmake)
[0.636s] -- Found rosidl_generator_c: 3.1.5 (/opt/ros/humble/share/rosidl_generator_c/cmake)
[0.636s] -- Found rosidl_adapter: 3.1.5 (/opt/ros/humble/share/rosidl_adapter/cmake)
[0.643s] -- Found rosidl_generator_cpp: 3.1.5 (/opt/ros/humble/share/rosidl_generator_cpp/cmake)
[0.669s] -- Using all available rosidl_typesupport_c: rosidl_typesupport_fastrtps_c;rosidl_typesupport_introspection_c
[0.706s] -- Using all available rosidl_typesupport_cpp: rosidl_typesupport_fastrtps_cpp;rosidl_typesupport_introspection_cpp
[0.854s] -- Found rmw_implementation_cmake: 6.1.2 (/opt/ros/humble/share/rmw_implementation_cmake/cmake)
[0.861s] -- Found rmw_fastrtps_cpp: 6.2.6 (/opt/ros/humble/share/rmw_fastrtps_cpp/cmake)
[1.157s] -- Using RMW implementation 'rmw_fastrtps_cpp' as default
[1.522s] -- Found rclcpp_action: 16.0.9 (/opt/ros/humble/share/rclcpp_action/cmake)
[1.733s] -- Found moveit_core: 2.5.5 (/opt/ros/humble/share/moveit_core/cmake)
[1.764s] -- Found Boost: /usr/lib/x86_64-linux-gnu/cmake/Boost-1.74.0/BoostConfig.cmake (found version "1.74.0") found components: chrono date_time filesystem iostreams program_options regex serialization system thread 
[1.781s] -- Found parameter_traits: 0.3.8 (/opt/ros/humble/share/parameter_traits/cmake)
[1.808s] -- Found rclcpp_lifecycle: 16.0.9 (/opt/ros/humble/share/rclcpp_lifecycle/cmake)
[1.909s] -- Found Boost: /usr/lib/x86_64-linux-gnu/cmake/Boost-1.74.0/BoostConfig.cmake (found version "1.74.0") found components: filesystem 
[2.102s] -- library: /usr/lib/x86_64-linux-gnu/libcurl.so
[2.818s] -- Ensuring Eigen3 include directory is part of orocos-kdl CMake target
[5.024s] -- Found moveit_ros_planning: 2.5.5 (/opt/ros/humble/share/moveit_ros_planning/cmake)
[5.032s] -- Found Boost: /usr/lib/x86_64-linux-gnu/cmake/Boost-1.74.0/BoostConfig.cmake (found version "1.74.0") found components: system filesystem date_time program_options thread chrono 
[6.075s] -- Found moveit_ros_planning_interface: 2.5.5 (/opt/ros/humble/share/moveit_ros_planning_interface/cmake)
[6.081s] -- Found Boost: /usr/lib/x86_64-linux-gnu/cmake/Boost-1.74.0/BoostConfig.cmake (found version "1.74.0") found components: date_time filesystem program_options system thread 
[6.464s] -- Found Boost: /usr/lib/x86_64-linux-gnu/cmake/Boost-1.74.0/BoostConfig.cmake (found version "1.74.0") found components: thread system filesystem regex date_time program_options 
[6.954s] -- Found Boost: /usr/lib/x86_64-linux-gnu/cmake/Boost-1.74.0/BoostConfig.cmake (found version "1.74.0") found components: system filesystem date_time program_options thread 
[7.798s] -- Found interactive_markers: 2.3.2 (/opt/ros/humble/share/interactive_markers/cmake)
[7.817s] -- Found control_msgs: 4.6.0 (/opt/ros/humble/share/control_msgs/cmake)
[8.193s] -- Found ament_lint_auto: 0.12.11 (/opt/ros/humble/share/ament_lint_auto/cmake)
[8.340s] -- Added test 'cppcheck' to perform static code analysis on C / C++ code
[8.340s] -- Configured cppcheck include dirs: /home/yuritvr/PFC/wenis_ws/src/ros2_manipulator/moveit2_kinematics/include
[8.340s] -- Configured cppcheck exclude dirs and/or files: 
[8.341s] -- Added test 'flake8' to check Python code syntax and style conventions
[8.341s] -- Added test 'lint_cmake' to check CMake code style
[8.342s] -- Added test 'pep257' to check Python code against some of the docstring style conventions in PEP 257
[8.343s] -- Added test 'uncrustify' to check C / C++ code style
[8.343s] -- Configured uncrustify additional arguments: 
[8.343s] -- Added test 'xmllint' to check XML markup files
[8.345s] -- Configuring done
[8.394s] -- Generating done
[8.399s] -- Build files have been written to: /home/yuritvr/PFC/wenis_ws/build/moveit2_kinematics
