-- Install configuration: ""
-- Up-to-date: /home/yuritvr/PFC/wenis_ws/install/robotiq_85_description/share/robotiq_85_description/config
-- Up-to-date: /home/yuritvr/PFC/wenis_ws/install/robotiq_85_description/share/robotiq_85_description/config/gripper_controller2.yaml
-- Up-to-date: /home/yuritvr/PFC/wenis_ws/install/robotiq_85_description/share/robotiq_85_description/config/gripper_controller.yaml
-- Up-to-date: /home/yuritvr/PFC/wenis_ws/install/robotiq_85_description/share/robotiq_85_description/config/view_gripper.rviz
-- Up-to-date: /home/yuritvr/PFC/wenis_ws/install/robotiq_85_description/share/robotiq_85_description/launch
-- Up-to-date: /home/yuritvr/PFC/wenis_ws/install/robotiq_85_description/share/robotiq_85_description/launch/view_gripper.launch.py
-- Up-to-date: /home/yuritvr/PFC/wenis_ws/install/robotiq_85_description/share/robotiq_85_description/launch/spawn_robot.launch.py
-- Up-to-date: /home/yuritvr/PFC/wenis_ws/install/robotiq_85_description/share/robotiq_85_description/launch/gazebo.launch.py
-- Up-to-date: /home/yuritvr/PFC/wenis_ws/install/robotiq_85_description/share/robotiq_85_description/launch/gripper_sim.launch.py
-- Up-to-date: /home/yuritvr/PFC/wenis_ws/install/robotiq_85_description/share/robotiq_85_description/meshes
-- Up-to-date: /home/yuritvr/PFC/wenis_ws/install/robotiq_85_description/share/robotiq_85_description/meshes/visual
-- Up-to-date: /home/yuritvr/PFC/wenis_ws/install/robotiq_85_description/share/robotiq_85_description/meshes/visual/robotiq_85_finger_tip_link.dae
-- Up-to-date: /home/yuritvr/PFC/wenis_ws/install/robotiq_85_description/share/robotiq_85_description/meshes/visual/robotiq_85_base_link.dae
-- Up-to-date: /home/yuritvr/PFC/wenis_ws/install/robotiq_85_description/share/robotiq_85_description/meshes/visual/robotiq_85_finger_link.dae
-- Up-to-date: /home/yuritvr/PFC/wenis_ws/install/robotiq_85_description/share/robotiq_85_description/meshes/visual/robotiq_85_inner_knuckle_link.dae
-- Up-to-date: /home/yuritvr/PFC/wenis_ws/install/robotiq_85_description/share/robotiq_85_description/meshes/visual/ur_to_robotiq_adapter.dae
-- Up-to-date: /home/yuritvr/PFC/wenis_ws/install/robotiq_85_description/share/robotiq_85_description/meshes/visual/robotiq_85_knuckle_link.dae
-- Up-to-date: /home/yuritvr/PFC/wenis_ws/install/robotiq_85_description/share/robotiq_85_description/meshes/collision
-- Up-to-date: /home/yuritvr/PFC/wenis_ws/install/robotiq_85_description/share/robotiq_85_description/meshes/collision/robotiq_85_finger_tip_link.stl
-- Up-to-date: /home/yuritvr/PFC/wenis_ws/install/robotiq_85_description/share/robotiq_85_description/meshes/collision/robotiq_85_finger_link.stl
-- Up-to-date: /home/yuritvr/PFC/wenis_ws/install/robotiq_85_description/share/robotiq_85_description/meshes/collision/robotiq_85_base_link.stl
-- Up-to-date: /home/yuritvr/PFC/wenis_ws/install/robotiq_85_description/share/robotiq_85_description/meshes/collision/ur_to_robotiq_adapter.stl
-- Up-to-date: /home/yuritvr/PFC/wenis_ws/install/robotiq_85_description/share/robotiq_85_description/meshes/collision/robotiq_85_knuckle_link.stl
-- Up-to-date: /home/yuritvr/PFC/wenis_ws/install/robotiq_85_description/share/robotiq_85_description/meshes/collision/robotiq_85_inner_knuckle_link.stl
-- Up-to-date: /home/yuritvr/PFC/wenis_ws/install/robotiq_85_description/share/robotiq_85_description/urdf
-- Up-to-date: /home/yuritvr/PFC/wenis_ws/install/robotiq_85_description/share/robotiq_85_description/urdf/right_robotiq_85_gripper.urdf.xacro
-- Up-to-date: /home/yuritvr/PFC/wenis_ws/install/robotiq_85_description/share/robotiq_85_description/urdf/robotiq_arg85_description.urdf.xacro
-- Up-to-date: /home/yuritvr/PFC/wenis_ws/install/robotiq_85_description/share/robotiq_85_description/urdf/robotiq_85_gripper.ros2_control.xacro
-- Up-to-date: /home/yuritvr/PFC/wenis_ws/install/robotiq_85_description/share/robotiq_85_description/urdf/robotiq_85_gripper.transmission.xacro
-- Up-to-date: /home/yuritvr/PFC/wenis_ws/install/robotiq_85_description/share/robotiq_85_description/urdf/robotiq_85_gripper_sim_base.urdf.xacro
-- Up-to-date: /home/yuritvr/PFC/wenis_ws/install/robotiq_85_description/share/robotiq_85_description/urdf/robotiq_85_gripper_macro_gz.urdf.xacro
-- Up-to-date: /home/yuritvr/PFC/wenis_ws/install/robotiq_85_description/share/robotiq_85_description/urdf/robotiq_85_gripper.urdf.xacro
-- Up-to-date: /home/yuritvr/PFC/wenis_ws/install/robotiq_85_description/share/robotiq_85_description/urdf/robotiq_85_gripper_macro.urdf.xacro
-- Up-to-date: /home/yuritvr/PFC/wenis_ws/install/robotiq_85_description/share/robotiq_85_description/urdf/ur_to_robotiq_adapter.urdf.xacro
-- Up-to-date: /home/yuritvr/PFC/wenis_ws/install/robotiq_85_description/share/robotiq_85_description/urdf/robotiq_85_gripper_gz.ros2_control.xacro
-- Up-to-date: /home/yuritvr/PFC/wenis_ws/install/robotiq_85_description/share/robotiq_85_description/urdf/left_robotiq_85_gripper.urdf.xacro
-- Up-to-date: /home/yuritvr/PFC/wenis_ws/install/robotiq_85_description/share/ament_index/resource_index/package_run_dependencies/robotiq_85_description
-- Up-to-date: /home/yuritvr/PFC/wenis_ws/install/robotiq_85_description/share/ament_index/resource_index/parent_prefix_path/robotiq_85_description
-- Up-to-date: /home/yuritvr/PFC/wenis_ws/install/robotiq_85_description/share/robotiq_85_description/environment/ament_prefix_path.sh
-- Up-to-date: /home/yuritvr/PFC/wenis_ws/install/robotiq_85_description/share/robotiq_85_description/environment/ament_prefix_path.dsv
-- Up-to-date: /home/yuritvr/PFC/wenis_ws/install/robotiq_85_description/share/robotiq_85_description/environment/path.sh
-- Up-to-date: /home/yuritvr/PFC/wenis_ws/install/robotiq_85_description/share/robotiq_85_description/environment/path.dsv
-- Up-to-date: /home/yuritvr/PFC/wenis_ws/install/robotiq_85_description/share/robotiq_85_description/local_setup.bash
-- Up-to-date: /home/yuritvr/PFC/wenis_ws/install/robotiq_85_description/share/robotiq_85_description/local_setup.sh
-- Up-to-date: /home/yuritvr/PFC/wenis_ws/install/robotiq_85_description/share/robotiq_85_description/local_setup.zsh
-- Up-to-date: /home/yuritvr/PFC/wenis_ws/install/robotiq_85_description/share/robotiq_85_description/local_setup.dsv
-- Installing: /home/yuritvr/PFC/wenis_ws/install/robotiq_85_description/share/robotiq_85_description/package.dsv
-- Up-to-date: /home/yuritvr/PFC/wenis_ws/install/robotiq_85_description/share/ament_index/resource_index/packages/robotiq_85_description
-- Up-to-date: /home/yuritvr/PFC/wenis_ws/install/robotiq_85_description/share/robotiq_85_description/cmake/robotiq_85_descriptionConfig.cmake
-- Up-to-date: /home/yuritvr/PFC/wenis_ws/install/robotiq_85_description/share/robotiq_85_description/cmake/robotiq_85_descriptionConfig-version.cmake
-- Up-to-date: /home/yuritvr/PFC/wenis_ws/install/robotiq_85_description/share/robotiq_85_description/package.xml
