[0.028s] Invoking command in '/home/yuritvr/PFC/wenis_ws/build/robotiq_85_msgs': /usr/bin/cmake --build /home/yuritvr/PFC/wenis_ws/build/robotiq_85_msgs -- -j8 -l8
[0.139s] [  2%] Built target robotiq_85_msgs__cpp
[0.145s] [ 12%] Built target robotiq_85_msgs__rosidl_generator_c
[0.190s] [ 12%] Built target ament_cmake_python_copy_robotiq_85_msgs
[0.257s] [ 23%] Built target robotiq_85_msgs__rosidl_typesupport_cpp
[0.278s] [ 33%] Built target robotiq_85_msgs__rosidl_typesupport_c
[0.278s] [ 43%] Built target robotiq_85_msgs__rosidl_typesupport_fastrtps_cpp
[0.279s] [ 53%] Built target robotiq_85_msgs__rosidl_typesupport_introspection_c
[0.280s] [ 64%] Built target robotiq_85_msgs__rosidl_typesupport_introspection_cpp
[0.281s] [ 74%] Built target robotiq_85_msgs__rosidl_typesupport_fastrtps_c
[0.318s] [ 74%] Built target robotiq_85_msgs
[0.401s] [ 76%] Built target robotiq_85_msgs__py
[0.401s] [ 84%] Built target robotiq_85_msgs__rosidl_generator_py
[0.435s] [ 89%] Built target robotiq_85_msgs__rosidl_typesupport_introspection_c__pyext
[0.436s] [ 94%] Built target robotiq_85_msgs__rosidl_typesupport_fastrtps_c__pyext
[0.436s] [100%] Built target robotiq_85_msgs__rosidl_typesupport_c__pyext
[0.670s] running egg_info
[0.672s] writing robotiq_85_msgs.egg-info/PKG-INFO
[0.673s] writing dependency_links to robotiq_85_msgs.egg-info/dependency_links.txt
[0.674s] writing top-level names to robotiq_85_msgs.egg-info/top_level.txt
[0.680s] reading manifest file 'robotiq_85_msgs.egg-info/SOURCES.txt'
[0.682s] writing manifest file 'robotiq_85_msgs.egg-info/SOURCES.txt'
[0.739s] [100%] Built target ament_cmake_python_build_robotiq_85_msgs_egg
[0.760s] Invoked command in '/home/yuritvr/PFC/wenis_ws/build/robotiq_85_msgs' returned '0': /usr/bin/cmake --build /home/yuritvr/PFC/wenis_ws/build/robotiq_85_msgs -- -j8 -l8
[0.872s] Invoking command in '/home/yuritvr/PFC/wenis_ws/build/robotiq_85_msgs': /usr/bin/cmake --install /home/yuritvr/PFC/wenis_ws/build/robotiq_85_msgs
[0.883s] -- Install configuration: ""
[0.883s] -- Up-to-date: /home/yuritvr/PFC/wenis_ws/install/robotiq_85_msgs/share/ament_index/resource_index/rosidl_interfaces/robotiq_85_msgs
[0.884s] -- Up-to-date: /home/yuritvr/PFC/wenis_ws/install/robotiq_85_msgs/include/robotiq_85_msgs/robotiq_85_msgs
[0.884s] -- Up-to-date: /home/yuritvr/PFC/wenis_ws/install/robotiq_85_msgs/include/robotiq_85_msgs/robotiq_85_msgs/msg
[0.884s] -- Up-to-date: /home/yuritvr/PFC/wenis_ws/install/robotiq_85_msgs/include/robotiq_85_msgs/robotiq_85_msgs/msg/rosidl_generator_c__visibility_control.h
[0.884s] -- Up-to-date: /home/yuritvr/PFC/wenis_ws/install/robotiq_85_msgs/include/robotiq_85_msgs/robotiq_85_msgs/msg/gripper_stat.h
[0.884s] -- Up-to-date: /home/yuritvr/PFC/wenis_ws/install/robotiq_85_msgs/include/robotiq_85_msgs/robotiq_85_msgs/msg/detail
[0.885s] -- Up-to-date: /home/yuritvr/PFC/wenis_ws/install/robotiq_85_msgs/include/robotiq_85_msgs/robotiq_85_msgs/msg/detail/gripper_stat__functions.h
[0.885s] -- Up-to-date: /home/yuritvr/PFC/wenis_ws/install/robotiq_85_msgs/include/robotiq_85_msgs/robotiq_85_msgs/msg/detail/gripper_cmd__struct.h
[0.885s] -- Up-to-date: /home/yuritvr/PFC/wenis_ws/install/robotiq_85_msgs/include/robotiq_85_msgs/robotiq_85_msgs/msg/detail/gripper_stat__type_support.h
[0.885s] -- Up-to-date: /home/yuritvr/PFC/wenis_ws/install/robotiq_85_msgs/include/robotiq_85_msgs/robotiq_85_msgs/msg/detail/gripper_cmd__functions.h
[0.885s] -- Up-to-date: /home/yuritvr/PFC/wenis_ws/install/robotiq_85_msgs/include/robotiq_85_msgs/robotiq_85_msgs/msg/detail/gripper_stat__struct.h
[0.886s] -- Up-to-date: /home/yuritvr/PFC/wenis_ws/install/robotiq_85_msgs/include/robotiq_85_msgs/robotiq_85_msgs/msg/detail/gripper_cmd__type_support.h
[0.886s] -- Up-to-date: /home/yuritvr/PFC/wenis_ws/install/robotiq_85_msgs/include/robotiq_85_msgs/robotiq_85_msgs/msg/detail/gripper_stat__functions.c
[0.886s] -- Up-to-date: /home/yuritvr/PFC/wenis_ws/install/robotiq_85_msgs/include/robotiq_85_msgs/robotiq_85_msgs/msg/detail/gripper_cmd__functions.c
[0.886s] -- Up-to-date: /home/yuritvr/PFC/wenis_ws/install/robotiq_85_msgs/include/robotiq_85_msgs/robotiq_85_msgs/msg/gripper_cmd.h
[0.886s] -- Up-to-date: /home/yuritvr/PFC/wenis_ws/install/robotiq_85_msgs/share/robotiq_85_msgs/environment/library_path.sh
[0.887s] -- Up-to-date: /home/yuritvr/PFC/wenis_ws/install/robotiq_85_msgs/share/robotiq_85_msgs/environment/library_path.dsv
[0.887s] -- Up-to-date: /home/yuritvr/PFC/wenis_ws/install/robotiq_85_msgs/lib/librobotiq_85_msgs__rosidl_generator_c.so
[0.887s] -- Up-to-date: /home/yuritvr/PFC/wenis_ws/install/robotiq_85_msgs/include/robotiq_85_msgs/robotiq_85_msgs
[0.887s] -- Up-to-date: /home/yuritvr/PFC/wenis_ws/install/robotiq_85_msgs/include/robotiq_85_msgs/robotiq_85_msgs/msg
[0.888s] -- Up-to-date: /home/yuritvr/PFC/wenis_ws/install/robotiq_85_msgs/include/robotiq_85_msgs/robotiq_85_msgs/msg/detail
[0.888s] -- Up-to-date: /home/yuritvr/PFC/wenis_ws/install/robotiq_85_msgs/include/robotiq_85_msgs/robotiq_85_msgs/msg/detail/gripper_stat__rosidl_typesupport_fastrtps_c.h
[0.888s] -- Up-to-date: /home/yuritvr/PFC/wenis_ws/install/robotiq_85_msgs/include/robotiq_85_msgs/robotiq_85_msgs/msg/detail/gripper_cmd__rosidl_typesupport_fastrtps_c.h
[0.888s] -- Up-to-date: /home/yuritvr/PFC/wenis_ws/install/robotiq_85_msgs/include/robotiq_85_msgs/robotiq_85_msgs/msg/rosidl_typesupport_fastrtps_c__visibility_control.h
[0.888s] -- Up-to-date: /home/yuritvr/PFC/wenis_ws/install/robotiq_85_msgs/lib/librobotiq_85_msgs__rosidl_typesupport_fastrtps_c.so
[0.889s] -- Up-to-date: /home/yuritvr/PFC/wenis_ws/install/robotiq_85_msgs/include/robotiq_85_msgs/robotiq_85_msgs
[0.889s] -- Up-to-date: /home/yuritvr/PFC/wenis_ws/install/robotiq_85_msgs/include/robotiq_85_msgs/robotiq_85_msgs/msg
[0.889s] -- Up-to-date: /home/yuritvr/PFC/wenis_ws/install/robotiq_85_msgs/include/robotiq_85_msgs/robotiq_85_msgs/msg/gripper_stat.hpp
[0.889s] -- Up-to-date: /home/yuritvr/PFC/wenis_ws/install/robotiq_85_msgs/include/robotiq_85_msgs/robotiq_85_msgs/msg/detail
[0.889s] -- Up-to-date: /home/yuritvr/PFC/wenis_ws/install/robotiq_85_msgs/include/robotiq_85_msgs/robotiq_85_msgs/msg/detail/gripper_stat__struct.hpp
[0.889s] -- Up-to-date: /home/yuritvr/PFC/wenis_ws/install/robotiq_85_msgs/include/robotiq_85_msgs/robotiq_85_msgs/msg/detail/gripper_stat__traits.hpp
[0.890s] -- Up-to-date: /home/yuritvr/PFC/wenis_ws/install/robotiq_85_msgs/include/robotiq_85_msgs/robotiq_85_msgs/msg/detail/gripper_stat__builder.hpp
[0.890s] -- Up-to-date: /home/yuritvr/PFC/wenis_ws/install/robotiq_85_msgs/include/robotiq_85_msgs/robotiq_85_msgs/msg/detail/gripper_cmd__builder.hpp
[0.890s] -- Up-to-date: /home/yuritvr/PFC/wenis_ws/install/robotiq_85_msgs/include/robotiq_85_msgs/robotiq_85_msgs/msg/detail/gripper_cmd__struct.hpp
[0.891s] -- Up-to-date: /home/yuritvr/PFC/wenis_ws/install/robotiq_85_msgs/include/robotiq_85_msgs/robotiq_85_msgs/msg/detail/gripper_cmd__traits.hpp
[0.891s] -- Up-to-date: /home/yuritvr/PFC/wenis_ws/install/robotiq_85_msgs/include/robotiq_85_msgs/robotiq_85_msgs/msg/gripper_cmd.hpp
[0.891s] -- Up-to-date: /home/yuritvr/PFC/wenis_ws/install/robotiq_85_msgs/include/robotiq_85_msgs/robotiq_85_msgs
[0.891s] -- Up-to-date: /home/yuritvr/PFC/wenis_ws/install/robotiq_85_msgs/include/robotiq_85_msgs/robotiq_85_msgs/msg
[0.891s] -- Up-to-date: /home/yuritvr/PFC/wenis_ws/install/robotiq_85_msgs/include/robotiq_85_msgs/robotiq_85_msgs/msg/rosidl_typesupport_fastrtps_cpp__visibility_control.h
[0.892s] -- Up-to-date: /home/yuritvr/PFC/wenis_ws/install/robotiq_85_msgs/include/robotiq_85_msgs/robotiq_85_msgs/msg/detail
[0.892s] -- Up-to-date: /home/yuritvr/PFC/wenis_ws/install/robotiq_85_msgs/include/robotiq_85_msgs/robotiq_85_msgs/msg/detail/dds_fastrtps
[0.892s] -- Up-to-date: /home/yuritvr/PFC/wenis_ws/install/robotiq_85_msgs/include/robotiq_85_msgs/robotiq_85_msgs/msg/detail/gripper_cmd__rosidl_typesupport_fastrtps_cpp.hpp
[0.892s] -- Up-to-date: /home/yuritvr/PFC/wenis_ws/install/robotiq_85_msgs/include/robotiq_85_msgs/robotiq_85_msgs/msg/detail/gripper_stat__rosidl_typesupport_fastrtps_cpp.hpp
[0.892s] -- Up-to-date: /home/yuritvr/PFC/wenis_ws/install/robotiq_85_msgs/lib/librobotiq_85_msgs__rosidl_typesupport_fastrtps_cpp.so
[0.893s] -- Up-to-date: /home/yuritvr/PFC/wenis_ws/install/robotiq_85_msgs/include/robotiq_85_msgs/robotiq_85_msgs
[0.893s] -- Up-to-date: /home/yuritvr/PFC/wenis_ws/install/robotiq_85_msgs/include/robotiq_85_msgs/robotiq_85_msgs/msg
[0.893s] -- Up-to-date: /home/yuritvr/PFC/wenis_ws/install/robotiq_85_msgs/include/robotiq_85_msgs/robotiq_85_msgs/msg/rosidl_typesupport_introspection_c__visibility_control.h
[0.893s] -- Up-to-date: /home/yuritvr/PFC/wenis_ws/install/robotiq_85_msgs/include/robotiq_85_msgs/robotiq_85_msgs/msg/detail
[0.894s] -- Up-to-date: /home/yuritvr/PFC/wenis_ws/install/robotiq_85_msgs/include/robotiq_85_msgs/robotiq_85_msgs/msg/detail/gripper_cmd__rosidl_typesupport_introspection_c.h
[0.894s] -- Up-to-date: /home/yuritvr/PFC/wenis_ws/install/robotiq_85_msgs/include/robotiq_85_msgs/robotiq_85_msgs/msg/detail/gripper_stat__type_support.c
[0.894s] -- Up-to-date: /home/yuritvr/PFC/wenis_ws/install/robotiq_85_msgs/include/robotiq_85_msgs/robotiq_85_msgs/msg/detail/gripper_stat__rosidl_typesupport_introspection_c.h
[0.894s] -- Up-to-date: /home/yuritvr/PFC/wenis_ws/install/robotiq_85_msgs/include/robotiq_85_msgs/robotiq_85_msgs/msg/detail/gripper_cmd__type_support.c
[0.894s] -- Up-to-date: /home/yuritvr/PFC/wenis_ws/install/robotiq_85_msgs/lib/librobotiq_85_msgs__rosidl_typesupport_introspection_c.so
[0.895s] -- Up-to-date: /home/yuritvr/PFC/wenis_ws/install/robotiq_85_msgs/lib/librobotiq_85_msgs__rosidl_typesupport_c.so
[0.895s] -- Up-to-date: /home/yuritvr/PFC/wenis_ws/install/robotiq_85_msgs/include/robotiq_85_msgs/robotiq_85_msgs
[0.895s] -- Up-to-date: /home/yuritvr/PFC/wenis_ws/install/robotiq_85_msgs/include/robotiq_85_msgs/robotiq_85_msgs/msg
[0.895s] -- Up-to-date: /home/yuritvr/PFC/wenis_ws/install/robotiq_85_msgs/include/robotiq_85_msgs/robotiq_85_msgs/msg/detail
[0.895s] -- Up-to-date: /home/yuritvr/PFC/wenis_ws/install/robotiq_85_msgs/include/robotiq_85_msgs/robotiq_85_msgs/msg/detail/gripper_cmd__type_support.cpp
[0.895s] -- Up-to-date: /home/yuritvr/PFC/wenis_ws/install/robotiq_85_msgs/include/robotiq_85_msgs/robotiq_85_msgs/msg/detail/gripper_cmd__rosidl_typesupport_introspection_cpp.hpp
[0.896s] -- Up-to-date: /home/yuritvr/PFC/wenis_ws/install/robotiq_85_msgs/include/robotiq_85_msgs/robotiq_85_msgs/msg/detail/gripper_stat__type_support.cpp
[0.896s] -- Up-to-date: /home/yuritvr/PFC/wenis_ws/install/robotiq_85_msgs/include/robotiq_85_msgs/robotiq_85_msgs/msg/detail/gripper_stat__rosidl_typesupport_introspection_cpp.hpp
[0.896s] -- Up-to-date: /home/yuritvr/PFC/wenis_ws/install/robotiq_85_msgs/lib/librobotiq_85_msgs__rosidl_typesupport_introspection_cpp.so
[0.896s] -- Up-to-date: /home/yuritvr/PFC/wenis_ws/install/robotiq_85_msgs/lib/librobotiq_85_msgs__rosidl_typesupport_cpp.so
[0.896s] -- Up-to-date: /home/yuritvr/PFC/wenis_ws/install/robotiq_85_msgs/share/robotiq_85_msgs/environment/pythonpath.sh
[0.896s] -- Up-to-date: /home/yuritvr/PFC/wenis_ws/install/robotiq_85_msgs/share/robotiq_85_msgs/environment/pythonpath.dsv
[0.897s] -- Up-to-date: /home/yuritvr/PFC/wenis_ws/install/robotiq_85_msgs/local/lib/python3.10/dist-packages/robotiq_85_msgs-1.0.1-py3.10.egg-info
[0.897s] -- Installing: /home/yuritvr/PFC/wenis_ws/install/robotiq_85_msgs/local/lib/python3.10/dist-packages/robotiq_85_msgs-1.0.1-py3.10.egg-info/SOURCES.txt
[0.897s] -- Installing: /home/yuritvr/PFC/wenis_ws/install/robotiq_85_msgs/local/lib/python3.10/dist-packages/robotiq_85_msgs-1.0.1-py3.10.egg-info/top_level.txt
[0.897s] -- Installing: /home/yuritvr/PFC/wenis_ws/install/robotiq_85_msgs/local/lib/python3.10/dist-packages/robotiq_85_msgs-1.0.1-py3.10.egg-info/dependency_links.txt
[0.897s] -- Installing: /home/yuritvr/PFC/wenis_ws/install/robotiq_85_msgs/local/lib/python3.10/dist-packages/robotiq_85_msgs-1.0.1-py3.10.egg-info/PKG-INFO
[0.897s] -- Up-to-date: /home/yuritvr/PFC/wenis_ws/install/robotiq_85_msgs/local/lib/python3.10/dist-packages/robotiq_85_msgs
[0.897s] -- Up-to-date: /home/yuritvr/PFC/wenis_ws/install/robotiq_85_msgs/local/lib/python3.10/dist-packages/robotiq_85_msgs/robotiq_85_msgs_s__rosidl_typesupport_c.cpython-310-x86_64-linux-gnu.so
[0.898s] -- Up-to-date: /home/yuritvr/PFC/wenis_ws/install/robotiq_85_msgs/local/lib/python3.10/dist-packages/robotiq_85_msgs/msg
[0.898s] -- Up-to-date: /home/yuritvr/PFC/wenis_ws/install/robotiq_85_msgs/local/lib/python3.10/dist-packages/robotiq_85_msgs/msg/_gripper_cmd_s.c
[0.898s] -- Up-to-date: /home/yuritvr/PFC/wenis_ws/install/robotiq_85_msgs/local/lib/python3.10/dist-packages/robotiq_85_msgs/msg/_gripper_cmd.py
[0.898s] -- Up-to-date: /home/yuritvr/PFC/wenis_ws/install/robotiq_85_msgs/local/lib/python3.10/dist-packages/robotiq_85_msgs/msg/__init__.py
[0.898s] -- Up-to-date: /home/yuritvr/PFC/wenis_ws/install/robotiq_85_msgs/local/lib/python3.10/dist-packages/robotiq_85_msgs/msg/_gripper_stat_s.c
[0.898s] -- Up-to-date: /home/yuritvr/PFC/wenis_ws/install/robotiq_85_msgs/local/lib/python3.10/dist-packages/robotiq_85_msgs/msg/_gripper_stat.py
[0.898s] -- Up-to-date: /home/yuritvr/PFC/wenis_ws/install/robotiq_85_msgs/local/lib/python3.10/dist-packages/robotiq_85_msgs/_robotiq_85_msgs_s.ep.rosidl_typesupport_c.c
[0.898s] -- Up-to-date: /home/yuritvr/PFC/wenis_ws/install/robotiq_85_msgs/local/lib/python3.10/dist-packages/robotiq_85_msgs/robotiq_85_msgs_s__rosidl_typesupport_introspection_c.cpython-310-x86_64-linux-gnu.so
[0.899s] -- Up-to-date: /home/yuritvr/PFC/wenis_ws/install/robotiq_85_msgs/local/lib/python3.10/dist-packages/robotiq_85_msgs/librobotiq_85_msgs__rosidl_generator_py.so
[0.899s] -- Up-to-date: /home/yuritvr/PFC/wenis_ws/install/robotiq_85_msgs/local/lib/python3.10/dist-packages/robotiq_85_msgs/_robotiq_85_msgs_s.ep.rosidl_typesupport_introspection_c.c
[0.899s] -- Up-to-date: /home/yuritvr/PFC/wenis_ws/install/robotiq_85_msgs/local/lib/python3.10/dist-packages/robotiq_85_msgs/__init__.py
[0.899s] -- Up-to-date: /home/yuritvr/PFC/wenis_ws/install/robotiq_85_msgs/local/lib/python3.10/dist-packages/robotiq_85_msgs/robotiq_85_msgs_s__rosidl_typesupport_fastrtps_c.cpython-310-x86_64-linux-gnu.so
[0.899s] -- Up-to-date: /home/yuritvr/PFC/wenis_ws/install/robotiq_85_msgs/local/lib/python3.10/dist-packages/robotiq_85_msgs/_robotiq_85_msgs_s.ep.rosidl_typesupport_fastrtps_c.c
[0.938s] Listing '/home/yuritvr/PFC/wenis_ws/install/robotiq_85_msgs/local/lib/python3.10/dist-packages/robotiq_85_msgs'...
[0.938s] Listing '/home/yuritvr/PFC/wenis_ws/install/robotiq_85_msgs/local/lib/python3.10/dist-packages/robotiq_85_msgs/msg'...
[0.946s] -- Up-to-date: /home/yuritvr/PFC/wenis_ws/install/robotiq_85_msgs/local/lib/python3.10/dist-packages/robotiq_85_msgs/robotiq_85_msgs_s__rosidl_typesupport_fastrtps_c.cpython-310-x86_64-linux-gnu.so
[0.946s] -- Up-to-date: /home/yuritvr/PFC/wenis_ws/install/robotiq_85_msgs/local/lib/python3.10/dist-packages/robotiq_85_msgs/robotiq_85_msgs_s__rosidl_typesupport_introspection_c.cpython-310-x86_64-linux-gnu.so
[0.947s] -- Up-to-date: /home/yuritvr/PFC/wenis_ws/install/robotiq_85_msgs/local/lib/python3.10/dist-packages/robotiq_85_msgs/robotiq_85_msgs_s__rosidl_typesupport_c.cpython-310-x86_64-linux-gnu.so
[0.947s] -- Up-to-date: /home/yuritvr/PFC/wenis_ws/install/robotiq_85_msgs/lib/librobotiq_85_msgs__rosidl_generator_py.so
[0.948s] -- Up-to-date: /home/yuritvr/PFC/wenis_ws/install/robotiq_85_msgs/share/robotiq_85_msgs/msg/GripperCmd.idl
[0.948s] -- Up-to-date: /home/yuritvr/PFC/wenis_ws/install/robotiq_85_msgs/share/robotiq_85_msgs/msg/GripperStat.idl
[0.948s] -- Up-to-date: /home/yuritvr/PFC/wenis_ws/install/robotiq_85_msgs/share/robotiq_85_msgs/msg/GripperCmd.msg
[0.950s] -- Up-to-date: /home/yuritvr/PFC/wenis_ws/install/robotiq_85_msgs/share/robotiq_85_msgs/msg/GripperStat.msg
[0.950s] -- Up-to-date: /home/yuritvr/PFC/wenis_ws/install/robotiq_85_msgs/share/ament_index/resource_index/package_run_dependencies/robotiq_85_msgs
[0.951s] -- Up-to-date: /home/yuritvr/PFC/wenis_ws/install/robotiq_85_msgs/share/ament_index/resource_index/parent_prefix_path/robotiq_85_msgs
[0.951s] -- Up-to-date: /home/yuritvr/PFC/wenis_ws/install/robotiq_85_msgs/share/robotiq_85_msgs/environment/ament_prefix_path.sh
[0.951s] -- Up-to-date: /home/yuritvr/PFC/wenis_ws/install/robotiq_85_msgs/share/robotiq_85_msgs/environment/ament_prefix_path.dsv
[0.952s] -- Up-to-date: /home/yuritvr/PFC/wenis_ws/install/robotiq_85_msgs/share/robotiq_85_msgs/environment/path.sh
[0.952s] -- Up-to-date: /home/yuritvr/PFC/wenis_ws/install/robotiq_85_msgs/share/robotiq_85_msgs/environment/path.dsv
[0.952s] -- Up-to-date: /home/yuritvr/PFC/wenis_ws/install/robotiq_85_msgs/share/robotiq_85_msgs/local_setup.bash
[0.953s] -- Up-to-date: /home/yuritvr/PFC/wenis_ws/install/robotiq_85_msgs/share/robotiq_85_msgs/local_setup.sh
[0.953s] -- Up-to-date: /home/yuritvr/PFC/wenis_ws/install/robotiq_85_msgs/share/robotiq_85_msgs/local_setup.zsh
[0.953s] -- Up-to-date: /home/yuritvr/PFC/wenis_ws/install/robotiq_85_msgs/share/robotiq_85_msgs/local_setup.dsv
[0.954s] -- Installing: /home/yuritvr/PFC/wenis_ws/install/robotiq_85_msgs/share/robotiq_85_msgs/package.dsv
[0.954s] -- Up-to-date: /home/yuritvr/PFC/wenis_ws/install/robotiq_85_msgs/share/ament_index/resource_index/packages/robotiq_85_msgs
[0.955s] -- Up-to-date: /home/yuritvr/PFC/wenis_ws/install/robotiq_85_msgs/share/robotiq_85_msgs/cmake/export_robotiq_85_msgs__rosidl_generator_cExport.cmake
[0.955s] -- Up-to-date: /home/yuritvr/PFC/wenis_ws/install/robotiq_85_msgs/share/robotiq_85_msgs/cmake/export_robotiq_85_msgs__rosidl_generator_cExport-noconfig.cmake
[0.955s] -- Up-to-date: /home/yuritvr/PFC/wenis_ws/install/robotiq_85_msgs/share/robotiq_85_msgs/cmake/export_robotiq_85_msgs__rosidl_typesupport_fastrtps_cExport.cmake
[0.955s] -- Up-to-date: /home/yuritvr/PFC/wenis_ws/install/robotiq_85_msgs/share/robotiq_85_msgs/cmake/export_robotiq_85_msgs__rosidl_typesupport_fastrtps_cExport-noconfig.cmake
[0.956s] -- Up-to-date: /home/yuritvr/PFC/wenis_ws/install/robotiq_85_msgs/share/robotiq_85_msgs/cmake/export_robotiq_85_msgs__rosidl_generator_cppExport.cmake
[0.956s] -- Up-to-date: /home/yuritvr/PFC/wenis_ws/install/robotiq_85_msgs/share/robotiq_85_msgs/cmake/export_robotiq_85_msgs__rosidl_typesupport_fastrtps_cppExport.cmake
[0.957s] -- Up-to-date: /home/yuritvr/PFC/wenis_ws/install/robotiq_85_msgs/share/robotiq_85_msgs/cmake/export_robotiq_85_msgs__rosidl_typesupport_fastrtps_cppExport-noconfig.cmake
[0.957s] -- Up-to-date: /home/yuritvr/PFC/wenis_ws/install/robotiq_85_msgs/share/robotiq_85_msgs/cmake/robotiq_85_msgs__rosidl_typesupport_introspection_cExport.cmake
[0.957s] -- Up-to-date: /home/yuritvr/PFC/wenis_ws/install/robotiq_85_msgs/share/robotiq_85_msgs/cmake/robotiq_85_msgs__rosidl_typesupport_introspection_cExport-noconfig.cmake
[0.957s] -- Up-to-date: /home/yuritvr/PFC/wenis_ws/install/robotiq_85_msgs/share/robotiq_85_msgs/cmake/robotiq_85_msgs__rosidl_typesupport_cExport.cmake
[0.958s] -- Up-to-date: /home/yuritvr/PFC/wenis_ws/install/robotiq_85_msgs/share/robotiq_85_msgs/cmake/robotiq_85_msgs__rosidl_typesupport_cExport-noconfig.cmake
[0.958s] -- Up-to-date: /home/yuritvr/PFC/wenis_ws/install/robotiq_85_msgs/share/robotiq_85_msgs/cmake/robotiq_85_msgs__rosidl_typesupport_introspection_cppExport.cmake
[0.958s] -- Up-to-date: /home/yuritvr/PFC/wenis_ws/install/robotiq_85_msgs/share/robotiq_85_msgs/cmake/robotiq_85_msgs__rosidl_typesupport_introspection_cppExport-noconfig.cmake
[0.958s] -- Up-to-date: /home/yuritvr/PFC/wenis_ws/install/robotiq_85_msgs/share/robotiq_85_msgs/cmake/robotiq_85_msgs__rosidl_typesupport_cppExport.cmake
[0.959s] -- Up-to-date: /home/yuritvr/PFC/wenis_ws/install/robotiq_85_msgs/share/robotiq_85_msgs/cmake/robotiq_85_msgs__rosidl_typesupport_cppExport-noconfig.cmake
[0.960s] -- Up-to-date: /home/yuritvr/PFC/wenis_ws/install/robotiq_85_msgs/share/robotiq_85_msgs/cmake/export_robotiq_85_msgs__rosidl_generator_pyExport.cmake
[0.960s] -- Up-to-date: /home/yuritvr/PFC/wenis_ws/install/robotiq_85_msgs/share/robotiq_85_msgs/cmake/export_robotiq_85_msgs__rosidl_generator_pyExport-noconfig.cmake
[0.961s] -- Up-to-date: /home/yuritvr/PFC/wenis_ws/install/robotiq_85_msgs/share/robotiq_85_msgs/cmake/rosidl_cmake-extras.cmake
[0.961s] -- Up-to-date: /home/yuritvr/PFC/wenis_ws/install/robotiq_85_msgs/share/robotiq_85_msgs/cmake/ament_cmake_export_dependencies-extras.cmake
[0.961s] -- Up-to-date: /home/yuritvr/PFC/wenis_ws/install/robotiq_85_msgs/share/robotiq_85_msgs/cmake/ament_cmake_export_include_directories-extras.cmake
[0.961s] -- Up-to-date: /home/yuritvr/PFC/wenis_ws/install/robotiq_85_msgs/share/robotiq_85_msgs/cmake/ament_cmake_export_libraries-extras.cmake
[0.962s] -- Up-to-date: /home/yuritvr/PFC/wenis_ws/install/robotiq_85_msgs/share/robotiq_85_msgs/cmake/ament_cmake_export_targets-extras.cmake
[0.962s] -- Up-to-date: /home/yuritvr/PFC/wenis_ws/install/robotiq_85_msgs/share/robotiq_85_msgs/cmake/rosidl_cmake_export_typesupport_targets-extras.cmake
[0.962s] -- Up-to-date: /home/yuritvr/PFC/wenis_ws/install/robotiq_85_msgs/share/robotiq_85_msgs/cmake/rosidl_cmake_export_typesupport_libraries-extras.cmake
[0.962s] -- Up-to-date: /home/yuritvr/PFC/wenis_ws/install/robotiq_85_msgs/share/robotiq_85_msgs/cmake/robotiq_85_msgsConfig.cmake
[0.963s] -- Up-to-date: /home/yuritvr/PFC/wenis_ws/install/robotiq_85_msgs/share/robotiq_85_msgs/cmake/robotiq_85_msgsConfig-version.cmake
[0.963s] -- Up-to-date: /home/yuritvr/PFC/wenis_ws/install/robotiq_85_msgs/share/robotiq_85_msgs/package.xml
[0.963s] Invoked command in '/home/yuritvr/PFC/wenis_ws/build/robotiq_85_msgs' returned '0': /usr/bin/cmake --install /home/yuritvr/PFC/wenis_ws/build/robotiq_85_msgs
