[0.039s] Invoking command in '/home/yuritvr/PFC/wenis_ws/build/simple_grasping': CMAKE_PREFIX_PATH=${CMAKE_PREFIX_PATH}:/opt/ros/humble /usr/bin/cmake --build /home/yuritvr/PFC/wenis_ws/build/simple_grasping -- -j8 -l8
[0.100s] -- Eigen found (include: /usr/include/eigen3, version: 3.4.0)
[0.171s] -- FLANN found (include: /usr/include, lib: /usr/lib/x86_64-linux-gnu/libflann_cpp.so)
[0.518s] -- Found Eigen3: /usr/include/eigen3 (found version "3.4.0") 
[0.742s] -- OpenNI found (version: 1.5.4.0, include: /usr/include/ni, lib: /usr/lib/libOpenNI.so;libusb::libusb)
[0.750s] -- OpenNI2 found (version: 2.2.0.33, include: /usr/include/openni2, lib: /usr/lib/x86_64-linux-gnu/libOpenNI2.so;libusb::libusb)
[0.751s] [0m** WARNING ** io features related to pcap will be disabled[0m
[1.022s] -- Eigen found (include: /usr/include/eigen3, version: 3.4.0)
[1.031s] -- OpenNI found (version: 1.5.4.0, include: /usr/include/ni, lib: /usr/lib/libOpenNI.so;libusb::libusb)
[1.040s] -- OpenNI2 found (version: 2.2.0.33, include: /usr/include/openni2, lib: /usr/lib/x86_64-linux-gnu/libOpenNI2.so;libusb::libusb)
[1.297s] -- Found Qhull version 8.0.2
[1.562s] -- OpenNI found (version: 1.5.4.0, include: /usr/include/ni, lib: /usr/lib/libOpenNI.so;libusb::libusb)
[1.813s] -- looking for PCL_COMMON
[1.814s] -- looking for PCL_KDTREE
[1.815s] -- looking for PCL_OCTREE
[1.816s] -- looking for PCL_SEARCH
[1.817s] -- looking for PCL_SAMPLE_CONSENSUS
[1.818s] -- looking for PCL_FILTERS
[1.819s] -- looking for PCL_2D
[1.820s] -- looking for PCL_GEOMETRY
[1.821s] -- looking for PCL_IO
[1.822s] -- looking for PCL_FEATURES
[1.823s] -- looking for PCL_ML
[1.824s] -- looking for PCL_SEGMENTATION
[1.825s] -- looking for PCL_VISUALIZATION
[1.826s] -- looking for PCL_SURFACE
[1.827s] -- looking for PCL_REGISTRATION
[1.828s] -- looking for PCL_KEYPOINTS
[1.828s] -- looking for PCL_TRACKING
[1.829s] -- looking for PCL_RECOGNITION
[1.830s] -- looking for PCL_STEREO
[1.831s] -- looking for PCL_APPS
[1.832s] -- looking for PCL_IN_HAND_SCANNER
[1.833s] -- looking for PCL_MODELER
[1.834s] -- looking for PCL_POINT_CLOUD_EDITOR
[1.835s] -- looking for PCL_OUTOFCORE
[1.836s] -- looking for PCL_PEOPLE
[1.837s] -- Found ament_cmake: 1.3.8 (/opt/ros/humble/share/ament_cmake/cmake)
[2.023s] -- Found geometry_msgs: 4.2.3 (/opt/ros/humble/share/geometry_msgs/cmake)
[2.055s] -- Found rosidl_generator_c: 3.1.5 (/opt/ros/humble/share/rosidl_generator_c/cmake)
[2.060s] -- Found rosidl_adapter: 3.1.5 (/opt/ros/humble/share/rosidl_adapter/cmake)
[2.070s] -- Found rosidl_generator_cpp: 3.1.5 (/opt/ros/humble/share/rosidl_generator_cpp/cmake)
[2.092s] -- Using all available rosidl_typesupport_c: rosidl_typesupport_fastrtps_c;rosidl_typesupport_introspection_c
[2.121s] -- Using all available rosidl_typesupport_cpp: rosidl_typesupport_fastrtps_cpp;rosidl_typesupport_introspection_cpp
[2.347s] -- Found grasping_msgs: 0.4.0 (/opt/ros/humble/share/grasping_msgs/cmake)
[4.365s] -- Found pcl_conversions: 2.4.0 (/opt/ros/humble/share/pcl_conversions/cmake)
[4.482s] -- Found rmw_implementation_cmake: 6.1.1 (/opt/ros/humble/share/rmw_implementation_cmake/cmake)
[4.487s] -- Found rmw_fastrtps_cpp: 6.2.6 (/opt/ros/humble/share/rmw_fastrtps_cpp/cmake)
[4.726s] -- Using RMW implementation 'rmw_fastrtps_cpp' as default
[5.268s] -- Found pcl_ros: 2.4.0 (/opt/ros/humble/share/pcl_ros/cmake)
[5.544s] -- Found eigen3_cmake_module: 0.1.1 (/opt/ros/humble/share/eigen3_cmake_module/cmake)
[5.547s] -- Found Eigen3: TRUE (found version "3.4.0") 
[5.547s] -- Ensuring Eigen3 include directory is part of orocos-kdl CMake target
[7.648s] -- Found ament_cmake_gtest: 1.3.8 (/opt/ros/humble/share/ament_cmake_gtest/cmake)
[7.650s] -- Found gtest sources under '/opt/ros/humble/src/gtest_vendor': C++ tests using 'Google Test' will be built
[7.856s] -- Found ament_cmake_cpplint: 0.12.10 (/opt/ros/humble/share/ament_cmake_cpplint/cmake)
[8.016s] -- Configuring done
[8.607s] -- Generating done
[8.616s] -- Build files have been written to: /home/yuritvr/PFC/wenis_ws/build/simple_grasping
[8.900s] [35m[1mConsolidate compiler generated dependencies of target grasp_planner_node[0m
[8.912s] [35m[1mConsolidate compiler generated dependencies of target basic_grasping_perception_node[0m
[8.931s] [35m[1mConsolidate compiler generated dependencies of target gtest_main[0m
[8.981s] [35m[1mConsolidate compiler generated dependencies of target gtest[0m
[8.988s] [35m[1mConsolidate compiler generated dependencies of target simple_grasping[0m
[9.046s] [ 10%] Built target gtest_main
[9.057s] [ 21%] Built target basic_grasping_perception_node
[9.071s] [ 31%] Built target grasp_planner_node
[9.086s] [ 42%] Built target gtest
[9.175s] [ 47%] [32mBuilding CXX object CMakeFiles/simple_grasping.dir/src/cloud_tools.cpp.o[0m
[9.215s] [ 52%] [32mBuilding CXX object CMakeFiles/simple_grasping.dir/src/object_support_segmentation.cpp.o[0m
[9.256s] [ 57%] [32mBuilding CXX object CMakeFiles/simple_grasping.dir/src/shape_extraction.cpp.o[0m
[9.259s] [ 63%] [32mBuilding CXX object CMakeFiles/simple_grasping.dir/src/shape_grasp_planner.cpp.o[0m
[29.761s] [ 68%] [32m[1mLinking CXX shared library libsimple_grasping.so[0m
[31.551s] [ 68%] Built target simple_grasping
[31.562s] [35m[1mConsolidate compiler generated dependencies of target simple_grasping_test_shape_extraction[0m
[31.562s] [35m[1mConsolidate compiler generated dependencies of target grasp_planner[0m
[31.563s] [35m[1mConsolidate compiler generated dependencies of target basic_grasping_perception[0m
[31.584s] [ 73%] [32mBuilding CXX object CMakeFiles/grasp_planner.dir/src/grasp_planner_node.cpp.o[0m
[31.589s] [ 78%] [32mBuilding CXX object CMakeFiles/simple_grasping_test_shape_extraction.dir/test/test_shape_extraction.cpp.o[0m
[31.604s] [ 84%] [32mBuilding CXX object CMakeFiles/basic_grasping_perception.dir/src/basic_grasping_perception.cpp.o[0m
[35.690s] [ 89%] [32m[1mLinking CXX executable simple_grasping_test_shape_extraction[0m
[36.249s] [ 94%] [32m[1mLinking CXX shared library libgrasp_planner.so[0m
[37.303s] [ 94%] Built target simple_grasping_test_shape_extraction
[37.439s] [ 94%] Built target grasp_planner
[46.059s] [100%] [32m[1mLinking CXX shared library libbasic_grasping_perception.so[0m
[48.048s] [100%] Built target basic_grasping_perception
[48.058s] Invoked command in '/home/yuritvr/PFC/wenis_ws/build/simple_grasping' returned '0': CMAKE_PREFIX_PATH=${CMAKE_PREFIX_PATH}:/opt/ros/humble /usr/bin/cmake --build /home/yuritvr/PFC/wenis_ws/build/simple_grasping -- -j8 -l8
[48.107s] Invoking command in '/home/yuritvr/PFC/wenis_ws/build/simple_grasping': CMAKE_PREFIX_PATH=${CMAKE_PREFIX_PATH}:/opt/ros/humble /usr/bin/cmake --install /home/yuritvr/PFC/wenis_ws/build/simple_grasping
[48.114s] -- Install configuration: ""
[48.114s] -- Up-to-date: /home/yuritvr/PFC/wenis_ws/install/simple_grasping/lib/simple_grasping/basic_grasping_perception_node
[48.114s] -- Up-to-date: /home/yuritvr/PFC/wenis_ws/install/simple_grasping/lib/simple_grasping/grasp_planner_node
[48.114s] -- Up-to-date: /home/yuritvr/PFC/wenis_ws/install/simple_grasping/include
[48.115s] -- Up-to-date: /home/yuritvr/PFC/wenis_ws/install/simple_grasping/include/simple_grasping
[48.115s] -- Installing: /home/yuritvr/PFC/wenis_ws/install/simple_grasping/include/simple_grasping/shape_grasp_planner.h
[48.115s] -- Installing: /home/yuritvr/PFC/wenis_ws/install/simple_grasping/include/simple_grasping/cloud_tools.h
[48.115s] -- Installing: /home/yuritvr/PFC/wenis_ws/install/simple_grasping/include/simple_grasping/object_support_segmentation.h
[48.115s] -- Installing: /home/yuritvr/PFC/wenis_ws/install/simple_grasping/include/simple_grasping/shape_extraction.h
[48.115s] -- Installing: /home/yuritvr/PFC/wenis_ws/install/simple_grasping/lib/simple_grasping/do_perception.py
[48.115s] -- Installing: /home/yuritvr/PFC/wenis_ws/install/simple_grasping/lib/libsimple_grasping.so
[48.125s] -- Set runtime path of "/home/yuritvr/PFC/wenis_ws/install/simple_grasping/lib/libsimple_grasping.so" to ""
[48.125s] -- Installing: /home/yuritvr/PFC/wenis_ws/install/simple_grasping/lib/libbasic_grasping_perception.so
[48.137s] -- Set runtime path of "/home/yuritvr/PFC/wenis_ws/install/simple_grasping/lib/libbasic_grasping_perception.so" to ""
[48.137s] -- Installing: /home/yuritvr/PFC/wenis_ws/install/simple_grasping/lib/libgrasp_planner.so
[48.139s] -- Set runtime path of "/home/yuritvr/PFC/wenis_ws/install/simple_grasping/lib/libgrasp_planner.so" to ""
[48.139s] -- Up-to-date: /home/yuritvr/PFC/wenis_ws/install/simple_grasping/share/simple_grasping/environment/library_path.sh
[48.139s] -- Installing: /home/yuritvr/PFC/wenis_ws/install/simple_grasping/share/simple_grasping/environment/library_path.dsv
[48.139s] -- Up-to-date: /home/yuritvr/PFC/wenis_ws/install/simple_grasping/share/ament_index/resource_index/package_run_dependencies/simple_grasping
[48.139s] -- Installing: /home/yuritvr/PFC/wenis_ws/install/simple_grasping/share/ament_index/resource_index/parent_prefix_path/simple_grasping
[48.139s] -- Up-to-date: /home/yuritvr/PFC/wenis_ws/install/simple_grasping/share/simple_grasping/environment/ament_prefix_path.sh
[48.139s] -- Installing: /home/yuritvr/PFC/wenis_ws/install/simple_grasping/share/simple_grasping/environment/ament_prefix_path.dsv
[48.140s] -- Up-to-date: /home/yuritvr/PFC/wenis_ws/install/simple_grasping/share/simple_grasping/environment/path.sh
[48.140s] -- Installing: /home/yuritvr/PFC/wenis_ws/install/simple_grasping/share/simple_grasping/environment/path.dsv
[48.140s] -- Up-to-date: /home/yuritvr/PFC/wenis_ws/install/simple_grasping/share/simple_grasping/local_setup.bash
[48.140s] -- Up-to-date: /home/yuritvr/PFC/wenis_ws/install/simple_grasping/share/simple_grasping/local_setup.sh
[48.140s] -- Up-to-date: /home/yuritvr/PFC/wenis_ws/install/simple_grasping/share/simple_grasping/local_setup.zsh
[48.140s] -- Installing: /home/yuritvr/PFC/wenis_ws/install/simple_grasping/share/simple_grasping/local_setup.dsv
[48.140s] -- Installing: /home/yuritvr/PFC/wenis_ws/install/simple_grasping/share/simple_grasping/package.dsv
[48.140s] -- Up-to-date: /home/yuritvr/PFC/wenis_ws/install/simple_grasping/share/ament_index/resource_index/packages/simple_grasping
[48.140s] -- Up-to-date: /home/yuritvr/PFC/wenis_ws/install/simple_grasping/share/ament_index/resource_index/rclcpp_components/simple_grasping
[48.140s] -- Up-to-date: /home/yuritvr/PFC/wenis_ws/install/simple_grasping/share/simple_grasping/cmake/ament_cmake_export_include_directories-extras.cmake
[48.141s] -- Up-to-date: /home/yuritvr/PFC/wenis_ws/install/simple_grasping/share/simple_grasping/cmake/ament_cmake_export_libraries-extras.cmake
[48.141s] -- Up-to-date: /home/yuritvr/PFC/wenis_ws/install/simple_grasping/share/simple_grasping/cmake/ament_cmake_export_dependencies-extras.cmake
[48.141s] -- Up-to-date: /home/yuritvr/PFC/wenis_ws/install/simple_grasping/share/simple_grasping/cmake/simple_graspingConfig.cmake
[48.141s] -- Up-to-date: /home/yuritvr/PFC/wenis_ws/install/simple_grasping/share/simple_grasping/cmake/simple_graspingConfig-version.cmake
[48.141s] -- Installing: /home/yuritvr/PFC/wenis_ws/install/simple_grasping/share/simple_grasping/package.xml
[48.143s] Invoked command in '/home/yuritvr/PFC/wenis_ws/build/simple_grasping' returned '0': CMAKE_PREFIX_PATH=${CMAKE_PREFIX_PATH}:/opt/ros/humble /usr/bin/cmake --install /home/yuritvr/PFC/wenis_ws/build/simple_grasping
