[0.054s] Invoking command in '/home/yuritvr/PFC/wenis_ws/build/platform_pkg': CMAKE_PREFIX_PATH=${CMAKE_PREFIX_PATH}:/opt/ros/humble /usr/bin/cmake /home/yuritvr/PFC/wenis_ws/src/platform_pkg -DCMAKE_INSTALL_PREFIX=/home/yuritvr/PFC/wenis_ws/install/platform_pkg
[0.222s] -- The C compiler identification is GNU 11.4.0
[0.423s] -- The CXX compiler identification is GNU 11.4.0
[0.425s] -- Detecting C compiler ABI info
[0.540s] -- Detecting C compiler ABI info - done
[0.570s] -- Check for working C compiler: /usr/bin/cc - skipped
[0.572s] -- Detecting C compile features
[0.572s] -- Detecting C compile features - done
[0.578s] -- Detecting CXX compiler ABI info
[0.741s] -- Detecting CXX compiler ABI info - done
[0.772s] -- Check for working CXX compiler: /usr/bin/c++ - skipped
[0.773s] -- Detecting CXX compile features
[0.773s] -- Detecting CXX compile features - done
[0.781s] -- Found ament_cmake: 1.3.8 (/opt/ros/humble/share/ament_cmake/cmake)
[1.023s] -- Found Python3: /usr/bin/python3 (found version "3.10.12") found components: Interpreter 
[1.209s] -- Found ament_lint_auto: 0.12.10 (/opt/ros/humble/share/ament_lint_auto/cmake)
[1.376s] -- Added test 'lint_cmake' to check CMake code style
[1.378s] -- Added test 'xmllint' to check XML markup files
[1.380s] -- Configuring done
[1.385s] -- Generating done
[1.386s] -- Build files have been written to: /home/yuritvr/PFC/wenis_ws/build/platform_pkg
[1.392s] Invoked command in '/home/yuritvr/PFC/wenis_ws/build/platform_pkg' returned '0': CMAKE_PREFIX_PATH=${CMAKE_PREFIX_PATH}:/opt/ros/humble /usr/bin/cmake /home/yuritvr/PFC/wenis_ws/src/platform_pkg -DCMAKE_INSTALL_PREFIX=/home/yuritvr/PFC/wenis_ws/install/platform_pkg
[1.394s] Invoking command in '/home/yuritvr/PFC/wenis_ws/build/platform_pkg': CMAKE_PREFIX_PATH=${CMAKE_PREFIX_PATH}:/opt/ros/humble /usr/bin/cmake --build /home/yuritvr/PFC/wenis_ws/build/platform_pkg -- -j8 -l8
[1.449s] Invoked command in '/home/yuritvr/PFC/wenis_ws/build/platform_pkg' returned '0': CMAKE_PREFIX_PATH=${CMAKE_PREFIX_PATH}:/opt/ros/humble /usr/bin/cmake --build /home/yuritvr/PFC/wenis_ws/build/platform_pkg -- -j8 -l8
[1.483s] Invoking command in '/home/yuritvr/PFC/wenis_ws/build/platform_pkg': CMAKE_PREFIX_PATH=${CMAKE_PREFIX_PATH}:/opt/ros/humble /usr/bin/cmake --install /home/yuritvr/PFC/wenis_ws/build/platform_pkg
[1.494s] -- Install configuration: ""
[1.494s] -- Installing: /home/yuritvr/PFC/wenis_ws/install/platform_pkg/share/ament_index/resource_index/package_run_dependencies/platform_pkg
[1.494s] -- Installing: /home/yuritvr/PFC/wenis_ws/install/platform_pkg/share/ament_index/resource_index/parent_prefix_path/platform_pkg
[1.494s] -- Installing: /home/yuritvr/PFC/wenis_ws/install/platform_pkg/share/platform_pkg/environment/ament_prefix_path.sh
[1.495s] -- Installing: /home/yuritvr/PFC/wenis_ws/install/platform_pkg/share/platform_pkg/environment/ament_prefix_path.dsv
[1.495s] -- Installing: /home/yuritvr/PFC/wenis_ws/install/platform_pkg/share/platform_pkg/environment/path.sh
[1.495s] -- Installing: /home/yuritvr/PFC/wenis_ws/install/platform_pkg/share/platform_pkg/environment/path.dsv
[1.495s] -- Installing: /home/yuritvr/PFC/wenis_ws/install/platform_pkg/share/platform_pkg/local_setup.bash
[1.495s] -- Installing: /home/yuritvr/PFC/wenis_ws/install/platform_pkg/share/platform_pkg/local_setup.sh
[1.496s] -- Installing: /home/yuritvr/PFC/wenis_ws/install/platform_pkg/share/platform_pkg/local_setup.zsh
[1.496s] -- Installing: /home/yuritvr/PFC/wenis_ws/install/platform_pkg/share/platform_pkg/local_setup.dsv
[1.496s] -- Installing: /home/yuritvr/PFC/wenis_ws/install/platform_pkg/share/platform_pkg/package.dsv
[1.496s] -- Installing: /home/yuritvr/PFC/wenis_ws/install/platform_pkg/share/ament_index/resource_index/packages/platform_pkg
[1.497s] -- Installing: /home/yuritvr/PFC/wenis_ws/install/platform_pkg/share/platform_pkg/cmake/platform_pkgConfig.cmake
[1.497s] -- Installing: /home/yuritvr/PFC/wenis_ws/install/platform_pkg/share/platform_pkg/cmake/platform_pkgConfig-version.cmake
[1.497s] -- Installing: /home/yuritvr/PFC/wenis_ws/install/platform_pkg/share/platform_pkg/package.xml
[1.500s] Invoked command in '/home/yuritvr/PFC/wenis_ws/build/platform_pkg' returned '0': CMAKE_PREFIX_PATH=${CMAKE_PREFIX_PATH}:/opt/ros/humble /usr/bin/cmake --install /home/yuritvr/PFC/wenis_ws/build/platform_pkg
