[0.063s] Invoking command in '/home/yuritvr/PFC/wenis_ws/build/robotiq_85_msgs': CMAKE_PREFIX_PATH=${CMAKE_PREFIX_PATH}:/home/yuritvr/PFC/wenis_ws/install/robotiq_85_driver:/home/yuritvr/PFC/wenis_ws/install/robotiq_85_description:/opt/ros/humble /usr/bin/cmake --build /home/yuritvr/PFC/wenis_ws/build/robotiq_85_msgs -- -j8 -l8
[0.191s] [  2%] Built target robotiq_85_msgs__cpp
[0.210s] [ 12%] Built target robotiq_85_msgs__rosidl_generator_c
[0.232s] [ 12%] Built target ament_cmake_python_copy_robotiq_85_msgs
[0.272s] [ 23%] Built target robotiq_85_msgs__rosidl_typesupport_cpp
[0.321s] [ 33%] Built target robotiq_85_msgs__rosidl_typesupport_fastrtps_cpp
[0.324s] [ 43%] Built target robotiq_85_msgs__rosidl_typesupport_introspection_c
[0.340s] [ 53%] Built target robotiq_85_msgs__rosidl_typesupport_c
[0.342s] [ 64%] Built target robotiq_85_msgs__rosidl_typesupport_introspection_cpp
[0.349s] [ 74%] Built target robotiq_85_msgs__rosidl_typesupport_fastrtps_c
[0.442s] [ 74%] Built target robotiq_85_msgs
[0.453s] [ 76%] Built target robotiq_85_msgs__py
[0.493s] [ 84%] Built target robotiq_85_msgs__rosidl_generator_py
[0.551s] [ 89%] Built target robotiq_85_msgs__rosidl_typesupport_fastrtps_c__pyext
[0.552s] [ 94%] Built target robotiq_85_msgs__rosidl_typesupport_c__pyext
[0.557s] [100%] Built target robotiq_85_msgs__rosidl_typesupport_introspection_c__pyext
[0.914s] running egg_info
[0.921s] writing robotiq_85_msgs.egg-info/PKG-INFO
[0.921s] writing dependency_links to robotiq_85_msgs.egg-info/dependency_links.txt
[0.921s] writing top-level names to robotiq_85_msgs.egg-info/top_level.txt
[0.940s] reading manifest file 'robotiq_85_msgs.egg-info/SOURCES.txt'
[0.940s] writing manifest file 'robotiq_85_msgs.egg-info/SOURCES.txt'
[0.957s] [100%] Built target ament_cmake_python_build_robotiq_85_msgs_egg
[0.991s] Invoked command in '/home/yuritvr/PFC/wenis_ws/build/robotiq_85_msgs' returned '0': CMAKE_PREFIX_PATH=${CMAKE_PREFIX_PATH}:/home/yuritvr/PFC/wenis_ws/install/robotiq_85_driver:/home/yuritvr/PFC/wenis_ws/install/robotiq_85_description:/opt/ros/humble /usr/bin/cmake --build /home/yuritvr/PFC/wenis_ws/build/robotiq_85_msgs -- -j8 -l8
[1.126s] Invoking command in '/home/yuritvr/PFC/wenis_ws/build/robotiq_85_msgs': CMAKE_PREFIX_PATH=${CMAKE_PREFIX_PATH}:/home/yuritvr/PFC/wenis_ws/install/robotiq_85_driver:/home/yuritvr/PFC/wenis_ws/install/robotiq_85_description:/opt/ros/humble /usr/bin/cmake --install /home/yuritvr/PFC/wenis_ws/build/robotiq_85_msgs
[1.140s] -- Install configuration: ""
[1.141s] -- Up-to-date: /home/yuritvr/PFC/wenis_ws/install/robotiq_85_msgs/share/ament_index/resource_index/rosidl_interfaces/robotiq_85_msgs
[1.141s] -- Up-to-date: /home/yuritvr/PFC/wenis_ws/install/robotiq_85_msgs/include/robotiq_85_msgs/robotiq_85_msgs
[1.141s] -- Up-to-date: /home/yuritvr/PFC/wenis_ws/install/robotiq_85_msgs/include/robotiq_85_msgs/robotiq_85_msgs/msg
[1.141s] -- Up-to-date: /home/yuritvr/PFC/wenis_ws/install/robotiq_85_msgs/include/robotiq_85_msgs/robotiq_85_msgs/msg/rosidl_generator_c__visibility_control.h
[1.141s] -- Up-to-date: /home/yuritvr/PFC/wenis_ws/install/robotiq_85_msgs/include/robotiq_85_msgs/robotiq_85_msgs/msg/gripper_stat.h
[1.141s] -- Up-to-date: /home/yuritvr/PFC/wenis_ws/install/robotiq_85_msgs/include/robotiq_85_msgs/robotiq_85_msgs/msg/detail
[1.141s] -- Up-to-date: /home/yuritvr/PFC/wenis_ws/install/robotiq_85_msgs/include/robotiq_85_msgs/robotiq_85_msgs/msg/detail/gripper_stat__functions.h
[1.141s] -- Up-to-date: /home/yuritvr/PFC/wenis_ws/install/robotiq_85_msgs/include/robotiq_85_msgs/robotiq_85_msgs/msg/detail/gripper_cmd__struct.h
[1.142s] -- Up-to-date: /home/yuritvr/PFC/wenis_ws/install/robotiq_85_msgs/include/robotiq_85_msgs/robotiq_85_msgs/msg/detail/gripper_stat__type_support.h
[1.142s] -- Up-to-date: /home/yuritvr/PFC/wenis_ws/install/robotiq_85_msgs/include/robotiq_85_msgs/robotiq_85_msgs/msg/detail/gripper_cmd__functions.h
[1.142s] -- Up-to-date: /home/yuritvr/PFC/wenis_ws/install/robotiq_85_msgs/include/robotiq_85_msgs/robotiq_85_msgs/msg/detail/gripper_stat__struct.h
[1.142s] -- Up-to-date: /home/yuritvr/PFC/wenis_ws/install/robotiq_85_msgs/include/robotiq_85_msgs/robotiq_85_msgs/msg/detail/gripper_cmd__type_support.h
[1.142s] -- Up-to-date: /home/yuritvr/PFC/wenis_ws/install/robotiq_85_msgs/include/robotiq_85_msgs/robotiq_85_msgs/msg/detail/gripper_stat__functions.c
[1.142s] -- Up-to-date: /home/yuritvr/PFC/wenis_ws/install/robotiq_85_msgs/include/robotiq_85_msgs/robotiq_85_msgs/msg/detail/gripper_cmd__functions.c
[1.142s] -- Up-to-date: /home/yuritvr/PFC/wenis_ws/install/robotiq_85_msgs/include/robotiq_85_msgs/robotiq_85_msgs/msg/gripper_cmd.h
[1.142s] -- Up-to-date: /home/yuritvr/PFC/wenis_ws/install/robotiq_85_msgs/share/robotiq_85_msgs/environment/library_path.sh
[1.142s] -- Up-to-date: /home/yuritvr/PFC/wenis_ws/install/robotiq_85_msgs/share/robotiq_85_msgs/environment/library_path.dsv
[1.143s] -- Up-to-date: /home/yuritvr/PFC/wenis_ws/install/robotiq_85_msgs/lib/librobotiq_85_msgs__rosidl_generator_c.so
[1.143s] -- Up-to-date: /home/yuritvr/PFC/wenis_ws/install/robotiq_85_msgs/include/robotiq_85_msgs/robotiq_85_msgs
[1.143s] -- Up-to-date: /home/yuritvr/PFC/wenis_ws/install/robotiq_85_msgs/include/robotiq_85_msgs/robotiq_85_msgs/msg
[1.143s] -- Up-to-date: /home/yuritvr/PFC/wenis_ws/install/robotiq_85_msgs/include/robotiq_85_msgs/robotiq_85_msgs/msg/detail
[1.144s] -- Up-to-date: /home/yuritvr/PFC/wenis_ws/install/robotiq_85_msgs/include/robotiq_85_msgs/robotiq_85_msgs/msg/detail/gripper_stat__rosidl_typesupport_fastrtps_c.h
[1.144s] -- Up-to-date: /home/yuritvr/PFC/wenis_ws/install/robotiq_85_msgs/include/robotiq_85_msgs/robotiq_85_msgs/msg/detail/gripper_cmd__rosidl_typesupport_fastrtps_c.h
[1.144s] -- Up-to-date: /home/yuritvr/PFC/wenis_ws/install/robotiq_85_msgs/include/robotiq_85_msgs/robotiq_85_msgs/msg/rosidl_typesupport_fastrtps_c__visibility_control.h
[1.144s] -- Up-to-date: /home/yuritvr/PFC/wenis_ws/install/robotiq_85_msgs/lib/librobotiq_85_msgs__rosidl_typesupport_fastrtps_c.so
[1.144s] -- Up-to-date: /home/yuritvr/PFC/wenis_ws/install/robotiq_85_msgs/include/robotiq_85_msgs/robotiq_85_msgs
[1.145s] -- Up-to-date: /home/yuritvr/PFC/wenis_ws/install/robotiq_85_msgs/include/robotiq_85_msgs/robotiq_85_msgs/msg
[1.145s] -- Up-to-date: /home/yuritvr/PFC/wenis_ws/install/robotiq_85_msgs/include/robotiq_85_msgs/robotiq_85_msgs/msg/gripper_stat.hpp
[1.145s] -- Up-to-date: /home/yuritvr/PFC/wenis_ws/install/robotiq_85_msgs/include/robotiq_85_msgs/robotiq_85_msgs/msg/detail
[1.146s] -- Up-to-date: /home/yuritvr/PFC/wenis_ws/install/robotiq_85_msgs/include/robotiq_85_msgs/robotiq_85_msgs/msg/detail/gripper_stat__struct.hpp
[1.146s] -- Up-to-date: /home/yuritvr/PFC/wenis_ws/install/robotiq_85_msgs/include/robotiq_85_msgs/robotiq_85_msgs/msg/detail/gripper_stat__traits.hpp
[1.146s] -- Up-to-date: /home/yuritvr/PFC/wenis_ws/install/robotiq_85_msgs/include/robotiq_85_msgs/robotiq_85_msgs/msg/detail/gripper_stat__builder.hpp
[1.146s] -- Up-to-date: /home/yuritvr/PFC/wenis_ws/install/robotiq_85_msgs/include/robotiq_85_msgs/robotiq_85_msgs/msg/detail/gripper_cmd__builder.hpp
[1.146s] -- Up-to-date: /home/yuritvr/PFC/wenis_ws/install/robotiq_85_msgs/include/robotiq_85_msgs/robotiq_85_msgs/msg/detail/gripper_cmd__struct.hpp
[1.147s] -- Up-to-date: /home/yuritvr/PFC/wenis_ws/install/robotiq_85_msgs/include/robotiq_85_msgs/robotiq_85_msgs/msg/detail/gripper_cmd__traits.hpp
[1.147s] -- Up-to-date: /home/yuritvr/PFC/wenis_ws/install/robotiq_85_msgs/include/robotiq_85_msgs/robotiq_85_msgs/msg/gripper_cmd.hpp
[1.147s] -- Up-to-date: /home/yuritvr/PFC/wenis_ws/install/robotiq_85_msgs/include/robotiq_85_msgs/robotiq_85_msgs
[1.147s] -- Up-to-date: /home/yuritvr/PFC/wenis_ws/install/robotiq_85_msgs/include/robotiq_85_msgs/robotiq_85_msgs/msg
[1.148s] -- Up-to-date: /home/yuritvr/PFC/wenis_ws/install/robotiq_85_msgs/include/robotiq_85_msgs/robotiq_85_msgs/msg/rosidl_typesupport_fastrtps_cpp__visibility_control.h
[1.148s] -- Up-to-date: /home/yuritvr/PFC/wenis_ws/install/robotiq_85_msgs/include/robotiq_85_msgs/robotiq_85_msgs/msg/detail
[1.148s] -- Up-to-date: /home/yuritvr/PFC/wenis_ws/install/robotiq_85_msgs/include/robotiq_85_msgs/robotiq_85_msgs/msg/detail/dds_fastrtps
[1.148s] -- Up-to-date: /home/yuritvr/PFC/wenis_ws/install/robotiq_85_msgs/include/robotiq_85_msgs/robotiq_85_msgs/msg/detail/gripper_cmd__rosidl_typesupport_fastrtps_cpp.hpp
[1.148s] -- Up-to-date: /home/yuritvr/PFC/wenis_ws/install/robotiq_85_msgs/include/robotiq_85_msgs/robotiq_85_msgs/msg/detail/gripper_stat__rosidl_typesupport_fastrtps_cpp.hpp
[1.149s] -- Up-to-date: /home/yuritvr/PFC/wenis_ws/install/robotiq_85_msgs/lib/librobotiq_85_msgs__rosidl_typesupport_fastrtps_cpp.so
[1.149s] -- Up-to-date: /home/yuritvr/PFC/wenis_ws/install/robotiq_85_msgs/include/robotiq_85_msgs/robotiq_85_msgs
[1.149s] -- Up-to-date: /home/yuritvr/PFC/wenis_ws/install/robotiq_85_msgs/include/robotiq_85_msgs/robotiq_85_msgs/msg
[1.149s] -- Up-to-date: /home/yuritvr/PFC/wenis_ws/install/robotiq_85_msgs/include/robotiq_85_msgs/robotiq_85_msgs/msg/rosidl_typesupport_introspection_c__visibility_control.h
[1.149s] -- Up-to-date: /home/yuritvr/PFC/wenis_ws/install/robotiq_85_msgs/include/robotiq_85_msgs/robotiq_85_msgs/msg/detail
[1.149s] -- Up-to-date: /home/yuritvr/PFC/wenis_ws/install/robotiq_85_msgs/include/robotiq_85_msgs/robotiq_85_msgs/msg/detail/gripper_cmd__rosidl_typesupport_introspection_c.h
[1.150s] -- Up-to-date: /home/yuritvr/PFC/wenis_ws/install/robotiq_85_msgs/include/robotiq_85_msgs/robotiq_85_msgs/msg/detail/gripper_stat__type_support.c
[1.150s] -- Up-to-date: /home/yuritvr/PFC/wenis_ws/install/robotiq_85_msgs/include/robotiq_85_msgs/robotiq_85_msgs/msg/detail/gripper_stat__rosidl_typesupport_introspection_c.h
[1.150s] -- Up-to-date: /home/yuritvr/PFC/wenis_ws/install/robotiq_85_msgs/include/robotiq_85_msgs/robotiq_85_msgs/msg/detail/gripper_cmd__type_support.c
[1.151s] -- Up-to-date: /home/yuritvr/PFC/wenis_ws/install/robotiq_85_msgs/lib/librobotiq_85_msgs__rosidl_typesupport_introspection_c.so
[1.151s] -- Up-to-date: /home/yuritvr/PFC/wenis_ws/install/robotiq_85_msgs/lib/librobotiq_85_msgs__rosidl_typesupport_c.so
[1.151s] -- Up-to-date: /home/yuritvr/PFC/wenis_ws/install/robotiq_85_msgs/include/robotiq_85_msgs/robotiq_85_msgs
[1.151s] -- Up-to-date: /home/yuritvr/PFC/wenis_ws/install/robotiq_85_msgs/include/robotiq_85_msgs/robotiq_85_msgs/msg
[1.151s] -- Up-to-date: /home/yuritvr/PFC/wenis_ws/install/robotiq_85_msgs/include/robotiq_85_msgs/robotiq_85_msgs/msg/detail
[1.152s] -- Up-to-date: /home/yuritvr/PFC/wenis_ws/install/robotiq_85_msgs/include/robotiq_85_msgs/robotiq_85_msgs/msg/detail/gripper_cmd__type_support.cpp
[1.152s] -- Up-to-date: /home/yuritvr/PFC/wenis_ws/install/robotiq_85_msgs/include/robotiq_85_msgs/robotiq_85_msgs/msg/detail/gripper_cmd__rosidl_typesupport_introspection_cpp.hpp
[1.152s] -- Up-to-date: /home/yuritvr/PFC/wenis_ws/install/robotiq_85_msgs/include/robotiq_85_msgs/robotiq_85_msgs/msg/detail/gripper_stat__type_support.cpp
[1.152s] -- Up-to-date: /home/yuritvr/PFC/wenis_ws/install/robotiq_85_msgs/include/robotiq_85_msgs/robotiq_85_msgs/msg/detail/gripper_stat__rosidl_typesupport_introspection_cpp.hpp
[1.152s] -- Up-to-date: /home/yuritvr/PFC/wenis_ws/install/robotiq_85_msgs/lib/librobotiq_85_msgs__rosidl_typesupport_introspection_cpp.so
[1.152s] -- Up-to-date: /home/yuritvr/PFC/wenis_ws/install/robotiq_85_msgs/lib/librobotiq_85_msgs__rosidl_typesupport_cpp.so
[1.152s] -- Up-to-date: /home/yuritvr/PFC/wenis_ws/install/robotiq_85_msgs/share/robotiq_85_msgs/environment/pythonpath.sh
[1.152s] -- Up-to-date: /home/yuritvr/PFC/wenis_ws/install/robotiq_85_msgs/share/robotiq_85_msgs/environment/pythonpath.dsv
[1.152s] -- Up-to-date: /home/yuritvr/PFC/wenis_ws/install/robotiq_85_msgs/local/lib/python3.10/dist-packages/robotiq_85_msgs-1.0.1-py3.10.egg-info
[1.153s] -- Installing: /home/yuritvr/PFC/wenis_ws/install/robotiq_85_msgs/local/lib/python3.10/dist-packages/robotiq_85_msgs-1.0.1-py3.10.egg-info/SOURCES.txt
[1.153s] -- Installing: /home/yuritvr/PFC/wenis_ws/install/robotiq_85_msgs/local/lib/python3.10/dist-packages/robotiq_85_msgs-1.0.1-py3.10.egg-info/top_level.txt
[1.153s] -- Installing: /home/yuritvr/PFC/wenis_ws/install/robotiq_85_msgs/local/lib/python3.10/dist-packages/robotiq_85_msgs-1.0.1-py3.10.egg-info/dependency_links.txt
[1.153s] -- Installing: /home/yuritvr/PFC/wenis_ws/install/robotiq_85_msgs/local/lib/python3.10/dist-packages/robotiq_85_msgs-1.0.1-py3.10.egg-info/PKG-INFO
[1.153s] -- Up-to-date: /home/yuritvr/PFC/wenis_ws/install/robotiq_85_msgs/local/lib/python3.10/dist-packages/robotiq_85_msgs
[1.153s] -- Up-to-date: /home/yuritvr/PFC/wenis_ws/install/robotiq_85_msgs/local/lib/python3.10/dist-packages/robotiq_85_msgs/robotiq_85_msgs_s__rosidl_typesupport_c.cpython-310-x86_64-linux-gnu.so
[1.153s] -- Up-to-date: /home/yuritvr/PFC/wenis_ws/install/robotiq_85_msgs/local/lib/python3.10/dist-packages/robotiq_85_msgs/msg
[1.153s] -- Up-to-date: /home/yuritvr/PFC/wenis_ws/install/robotiq_85_msgs/local/lib/python3.10/dist-packages/robotiq_85_msgs/msg/_gripper_cmd_s.c
[1.154s] -- Up-to-date: /home/yuritvr/PFC/wenis_ws/install/robotiq_85_msgs/local/lib/python3.10/dist-packages/robotiq_85_msgs/msg/_gripper_cmd.py
[1.154s] -- Up-to-date: /home/yuritvr/PFC/wenis_ws/install/robotiq_85_msgs/local/lib/python3.10/dist-packages/robotiq_85_msgs/msg/__init__.py
[1.154s] -- Up-to-date: /home/yuritvr/PFC/wenis_ws/install/robotiq_85_msgs/local/lib/python3.10/dist-packages/robotiq_85_msgs/msg/_gripper_stat_s.c
[1.154s] -- Up-to-date: /home/yuritvr/PFC/wenis_ws/install/robotiq_85_msgs/local/lib/python3.10/dist-packages/robotiq_85_msgs/msg/_gripper_stat.py
[1.154s] -- Up-to-date: /home/yuritvr/PFC/wenis_ws/install/robotiq_85_msgs/local/lib/python3.10/dist-packages/robotiq_85_msgs/_robotiq_85_msgs_s.ep.rosidl_typesupport_c.c
[1.154s] -- Up-to-date: /home/yuritvr/PFC/wenis_ws/install/robotiq_85_msgs/local/lib/python3.10/dist-packages/robotiq_85_msgs/robotiq_85_msgs_s__rosidl_typesupport_introspection_c.cpython-310-x86_64-linux-gnu.so
[1.155s] -- Up-to-date: /home/yuritvr/PFC/wenis_ws/install/robotiq_85_msgs/local/lib/python3.10/dist-packages/robotiq_85_msgs/librobotiq_85_msgs__rosidl_generator_py.so
[1.155s] -- Up-to-date: /home/yuritvr/PFC/wenis_ws/install/robotiq_85_msgs/local/lib/python3.10/dist-packages/robotiq_85_msgs/_robotiq_85_msgs_s.ep.rosidl_typesupport_introspection_c.c
[1.155s] -- Up-to-date: /home/yuritvr/PFC/wenis_ws/install/robotiq_85_msgs/local/lib/python3.10/dist-packages/robotiq_85_msgs/__init__.py
[1.155s] -- Up-to-date: /home/yuritvr/PFC/wenis_ws/install/robotiq_85_msgs/local/lib/python3.10/dist-packages/robotiq_85_msgs/robotiq_85_msgs_s__rosidl_typesupport_fastrtps_c.cpython-310-x86_64-linux-gnu.so
[1.155s] -- Up-to-date: /home/yuritvr/PFC/wenis_ws/install/robotiq_85_msgs/local/lib/python3.10/dist-packages/robotiq_85_msgs/_robotiq_85_msgs_s.ep.rosidl_typesupport_fastrtps_c.c
[1.198s] Listing '/home/yuritvr/PFC/wenis_ws/install/robotiq_85_msgs/local/lib/python3.10/dist-packages/robotiq_85_msgs'...
[1.198s] Listing '/home/yuritvr/PFC/wenis_ws/install/robotiq_85_msgs/local/lib/python3.10/dist-packages/robotiq_85_msgs/msg'...
[1.204s] -- Up-to-date: /home/yuritvr/PFC/wenis_ws/install/robotiq_85_msgs/local/lib/python3.10/dist-packages/robotiq_85_msgs/robotiq_85_msgs_s__rosidl_typesupport_fastrtps_c.cpython-310-x86_64-linux-gnu.so
[1.205s] -- Up-to-date: /home/yuritvr/PFC/wenis_ws/install/robotiq_85_msgs/local/lib/python3.10/dist-packages/robotiq_85_msgs/robotiq_85_msgs_s__rosidl_typesupport_introspection_c.cpython-310-x86_64-linux-gnu.so
[1.205s] -- Up-to-date: /home/yuritvr/PFC/wenis_ws/install/robotiq_85_msgs/local/lib/python3.10/dist-packages/robotiq_85_msgs/robotiq_85_msgs_s__rosidl_typesupport_c.cpython-310-x86_64-linux-gnu.so
[1.206s] -- Up-to-date: /home/yuritvr/PFC/wenis_ws/install/robotiq_85_msgs/lib/librobotiq_85_msgs__rosidl_generator_py.so
[1.206s] -- Up-to-date: /home/yuritvr/PFC/wenis_ws/install/robotiq_85_msgs/share/robotiq_85_msgs/msg/GripperCmd.idl
[1.206s] -- Up-to-date: /home/yuritvr/PFC/wenis_ws/install/robotiq_85_msgs/share/robotiq_85_msgs/msg/GripperStat.idl
[1.206s] -- Up-to-date: /home/yuritvr/PFC/wenis_ws/install/robotiq_85_msgs/share/robotiq_85_msgs/msg/GripperCmd.msg
[1.206s] -- Up-to-date: /home/yuritvr/PFC/wenis_ws/install/robotiq_85_msgs/share/robotiq_85_msgs/msg/GripperStat.msg
[1.207s] -- Up-to-date: /home/yuritvr/PFC/wenis_ws/install/robotiq_85_msgs/share/ament_index/resource_index/package_run_dependencies/robotiq_85_msgs
[1.207s] -- Up-to-date: /home/yuritvr/PFC/wenis_ws/install/robotiq_85_msgs/share/ament_index/resource_index/parent_prefix_path/robotiq_85_msgs
[1.207s] -- Up-to-date: /home/yuritvr/PFC/wenis_ws/install/robotiq_85_msgs/share/robotiq_85_msgs/environment/ament_prefix_path.sh
[1.207s] -- Up-to-date: /home/yuritvr/PFC/wenis_ws/install/robotiq_85_msgs/share/robotiq_85_msgs/environment/ament_prefix_path.dsv
[1.208s] -- Up-to-date: /home/yuritvr/PFC/wenis_ws/install/robotiq_85_msgs/share/robotiq_85_msgs/environment/path.sh
[1.209s] -- Up-to-date: /home/yuritvr/PFC/wenis_ws/install/robotiq_85_msgs/share/robotiq_85_msgs/environment/path.dsv
[1.209s] -- Up-to-date: /home/yuritvr/PFC/wenis_ws/install/robotiq_85_msgs/share/robotiq_85_msgs/local_setup.bash
[1.210s] -- Up-to-date: /home/yuritvr/PFC/wenis_ws/install/robotiq_85_msgs/share/robotiq_85_msgs/local_setup.sh
[1.210s] -- Up-to-date: /home/yuritvr/PFC/wenis_ws/install/robotiq_85_msgs/share/robotiq_85_msgs/local_setup.zsh
[1.212s] -- Up-to-date: /home/yuritvr/PFC/wenis_ws/install/robotiq_85_msgs/share/robotiq_85_msgs/local_setup.dsv
[1.212s] -- Installing: /home/yuritvr/PFC/wenis_ws/install/robotiq_85_msgs/share/robotiq_85_msgs/package.dsv
[1.213s] -- Up-to-date: /home/yuritvr/PFC/wenis_ws/install/robotiq_85_msgs/share/ament_index/resource_index/packages/robotiq_85_msgs
[1.213s] -- Up-to-date: /home/yuritvr/PFC/wenis_ws/install/robotiq_85_msgs/share/robotiq_85_msgs/cmake/export_robotiq_85_msgs__rosidl_generator_cExport.cmake
[1.214s] -- Up-to-date: /home/yuritvr/PFC/wenis_ws/install/robotiq_85_msgs/share/robotiq_85_msgs/cmake/export_robotiq_85_msgs__rosidl_generator_cExport-noconfig.cmake
[1.214s] -- Up-to-date: /home/yuritvr/PFC/wenis_ws/install/robotiq_85_msgs/share/robotiq_85_msgs/cmake/export_robotiq_85_msgs__rosidl_typesupport_fastrtps_cExport.cmake
[1.215s] -- Up-to-date: /home/yuritvr/PFC/wenis_ws/install/robotiq_85_msgs/share/robotiq_85_msgs/cmake/export_robotiq_85_msgs__rosidl_typesupport_fastrtps_cExport-noconfig.cmake
[1.215s] -- Up-to-date: /home/yuritvr/PFC/wenis_ws/install/robotiq_85_msgs/share/robotiq_85_msgs/cmake/export_robotiq_85_msgs__rosidl_generator_cppExport.cmake
[1.216s] -- Up-to-date: /home/yuritvr/PFC/wenis_ws/install/robotiq_85_msgs/share/robotiq_85_msgs/cmake/export_robotiq_85_msgs__rosidl_typesupport_fastrtps_cppExport.cmake
[1.216s] -- Up-to-date: /home/yuritvr/PFC/wenis_ws/install/robotiq_85_msgs/share/robotiq_85_msgs/cmake/export_robotiq_85_msgs__rosidl_typesupport_fastrtps_cppExport-noconfig.cmake
[1.216s] -- Up-to-date: /home/yuritvr/PFC/wenis_ws/install/robotiq_85_msgs/share/robotiq_85_msgs/cmake/robotiq_85_msgs__rosidl_typesupport_introspection_cExport.cmake
[1.217s] -- Up-to-date: /home/yuritvr/PFC/wenis_ws/install/robotiq_85_msgs/share/robotiq_85_msgs/cmake/robotiq_85_msgs__rosidl_typesupport_introspection_cExport-noconfig.cmake
[1.217s] -- Up-to-date: /home/yuritvr/PFC/wenis_ws/install/robotiq_85_msgs/share/robotiq_85_msgs/cmake/robotiq_85_msgs__rosidl_typesupport_cExport.cmake
[1.217s] -- Up-to-date: /home/yuritvr/PFC/wenis_ws/install/robotiq_85_msgs/share/robotiq_85_msgs/cmake/robotiq_85_msgs__rosidl_typesupport_cExport-noconfig.cmake
[1.218s] -- Up-to-date: /home/yuritvr/PFC/wenis_ws/install/robotiq_85_msgs/share/robotiq_85_msgs/cmake/robotiq_85_msgs__rosidl_typesupport_introspection_cppExport.cmake
[1.218s] -- Up-to-date: /home/yuritvr/PFC/wenis_ws/install/robotiq_85_msgs/share/robotiq_85_msgs/cmake/robotiq_85_msgs__rosidl_typesupport_introspection_cppExport-noconfig.cmake
[1.219s] -- Up-to-date: /home/yuritvr/PFC/wenis_ws/install/robotiq_85_msgs/share/robotiq_85_msgs/cmake/robotiq_85_msgs__rosidl_typesupport_cppExport.cmake
[1.220s] -- Up-to-date: /home/yuritvr/PFC/wenis_ws/install/robotiq_85_msgs/share/robotiq_85_msgs/cmake/robotiq_85_msgs__rosidl_typesupport_cppExport-noconfig.cmake
[1.220s] -- Up-to-date: /home/yuritvr/PFC/wenis_ws/install/robotiq_85_msgs/share/robotiq_85_msgs/cmake/export_robotiq_85_msgs__rosidl_generator_pyExport.cmake
[1.221s] -- Up-to-date: /home/yuritvr/PFC/wenis_ws/install/robotiq_85_msgs/share/robotiq_85_msgs/cmake/export_robotiq_85_msgs__rosidl_generator_pyExport-noconfig.cmake
[1.221s] -- Up-to-date: /home/yuritvr/PFC/wenis_ws/install/robotiq_85_msgs/share/robotiq_85_msgs/cmake/rosidl_cmake-extras.cmake
[1.221s] -- Up-to-date: /home/yuritvr/PFC/wenis_ws/install/robotiq_85_msgs/share/robotiq_85_msgs/cmake/ament_cmake_export_dependencies-extras.cmake
[1.222s] -- Up-to-date: /home/yuritvr/PFC/wenis_ws/install/robotiq_85_msgs/share/robotiq_85_msgs/cmake/ament_cmake_export_include_directories-extras.cmake
[1.222s] -- Up-to-date: /home/yuritvr/PFC/wenis_ws/install/robotiq_85_msgs/share/robotiq_85_msgs/cmake/ament_cmake_export_libraries-extras.cmake
[1.222s] -- Up-to-date: /home/yuritvr/PFC/wenis_ws/install/robotiq_85_msgs/share/robotiq_85_msgs/cmake/ament_cmake_export_targets-extras.cmake
[1.222s] -- Up-to-date: /home/yuritvr/PFC/wenis_ws/install/robotiq_85_msgs/share/robotiq_85_msgs/cmake/rosidl_cmake_export_typesupport_targets-extras.cmake
[1.223s] -- Up-to-date: /home/yuritvr/PFC/wenis_ws/install/robotiq_85_msgs/share/robotiq_85_msgs/cmake/rosidl_cmake_export_typesupport_libraries-extras.cmake
[1.223s] -- Up-to-date: /home/yuritvr/PFC/wenis_ws/install/robotiq_85_msgs/share/robotiq_85_msgs/cmake/robotiq_85_msgsConfig.cmake
[1.223s] -- Up-to-date: /home/yuritvr/PFC/wenis_ws/install/robotiq_85_msgs/share/robotiq_85_msgs/cmake/robotiq_85_msgsConfig-version.cmake
[1.223s] -- Up-to-date: /home/yuritvr/PFC/wenis_ws/install/robotiq_85_msgs/share/robotiq_85_msgs/package.xml
[1.224s] Invoked command in '/home/yuritvr/PFC/wenis_ws/build/robotiq_85_msgs' returned '0': CMAKE_PREFIX_PATH=${CMAKE_PREFIX_PATH}:/home/yuritvr/PFC/wenis_ws/install/robotiq_85_driver:/home/yuritvr/PFC/wenis_ws/install/robotiq_85_description:/opt/ros/humble /usr/bin/cmake --install /home/yuritvr/PFC/wenis_ws/build/robotiq_85_msgs
