[0.223s] Invoking command in '/home/yuritvr/PFC/wenis_ws/build/xarm_description': CMAKE_PREFIX_PATH=${CMAKE_PREFIX_PATH}:/opt/ros/humble /usr/bin/cmake --build /home/yuritvr/PFC/wenis_ws/build/xarm_description -- -j8 -l8
[0.565s] Invoked command in '/home/yuritvr/PFC/wenis_ws/build/xarm_description' returned '0': CMAKE_PREFIX_PATH=${CMAKE_PREFIX_PATH}:/opt/ros/humble /usr/bin/cmake --build /home/yuritvr/PFC/wenis_ws/build/xarm_description -- -j8 -l8
[1.174s] Invoking command in '/home/yuritvr/PFC/wenis_ws/build/xarm_description': CMAKE_PREFIX_PATH=${CMAKE_PREFIX_PATH}:/opt/ros/humble /usr/bin/cmake --install /home/yuritvr/PFC/wenis_ws/build/xarm_description
[1.195s] -- Install configuration: ""
[1.197s] -- Up-to-date: /home/yuritvr/PFC/wenis_ws/install/xarm_description/share/xarm_description//rviz
[1.197s] -- Up-to-date: /home/yuritvr/PFC/wenis_ws/install/xarm_description/share/xarm_description//rviz/display.rviz
[1.198s] -- Up-to-date: /home/yuritvr/PFC/wenis_ws/install/xarm_description/share/xarm_description//urdf
[1.199s] -- Up-to-date: /home/yuritvr/PFC/wenis_ws/install/xarm_description/share/xarm_description//urdf/gripper
[1.202s] -- Up-to-date: /home/yuritvr/PFC/wenis_ws/install/xarm_description/share/xarm_description//urdf/gripper/xarm_gripper.ros2_control.xacro
[1.204s] -- Up-to-date: /home/yuritvr/PFC/wenis_ws/install/xarm_description/share/xarm_description//urdf/gripper/xarm_gripper.urdf.xacro
[1.207s] -- Up-to-date: /home/yuritvr/PFC/wenis_ws/install/xarm_description/share/xarm_description//urdf/gripper/gripper.urdf.xacro
[1.209s] -- Up-to-date: /home/yuritvr/PFC/wenis_ws/install/xarm_description/share/xarm_description//urdf/gripper/lite_gripper.urdf.xacro
[1.210s] -- Up-to-date: /home/yuritvr/PFC/wenis_ws/install/xarm_description/share/xarm_description//urdf/gripper/xarm_gripper.transmission.xacro
[1.212s] -- Up-to-date: /home/yuritvr/PFC/wenis_ws/install/xarm_description/share/xarm_description//urdf/gripper/gripper_macro.xacro
[1.213s] -- Up-to-date: /home/yuritvr/PFC/wenis_ws/install/xarm_description/share/xarm_description//urdf/gripper/xarm_gripper.gazebo.xacro
[1.214s] -- Up-to-date: /home/yuritvr/PFC/wenis_ws/install/xarm_description/share/xarm_description//urdf/gripper/xarm_gripper_macro.xacro
[1.218s] -- Up-to-date: /home/yuritvr/PFC/wenis_ws/install/xarm_description/share/xarm_description//urdf/common
[1.219s] -- Up-to-date: /home/yuritvr/PFC/wenis_ws/install/xarm_description/share/xarm_description//urdf/common/common.material.xacro
[1.221s] -- Up-to-date: /home/yuritvr/PFC/wenis_ws/install/xarm_description/share/xarm_description//urdf/common/common.gazebo.xacro
[1.223s] -- Up-to-date: /home/yuritvr/PFC/wenis_ws/install/xarm_description/share/xarm_description//urdf/common/common.link.xacro
[1.225s] -- Up-to-date: /home/yuritvr/PFC/wenis_ws/install/xarm_description/share/xarm_description//urdf/camera
[1.226s] -- Up-to-date: /home/yuritvr/PFC/wenis_ws/install/xarm_description/share/xarm_description//urdf/camera/camera.gazebo.xacro
[1.226s] -- Up-to-date: /home/yuritvr/PFC/wenis_ws/install/xarm_description/share/xarm_description//urdf/camera/realsense.gazebo.xacro
[1.233s] -- Up-to-date: /home/yuritvr/PFC/wenis_ws/install/xarm_description/share/xarm_description//urdf/camera/realsense_d435i.urdf.xacro
[1.238s] -- Up-to-date: /home/yuritvr/PFC/wenis_ws/install/xarm_description/share/xarm_description//urdf/vacuum_gripper
[1.239s] -- Up-to-date: /home/yuritvr/PFC/wenis_ws/install/xarm_description/share/xarm_description//urdf/vacuum_gripper/vacuum_gripper_macro.xacro
[1.241s] -- Up-to-date: /home/yuritvr/PFC/wenis_ws/install/xarm_description/share/xarm_description//urdf/vacuum_gripper/lite_vacuum_gripper.urdf.xacro
[1.242s] -- Up-to-date: /home/yuritvr/PFC/wenis_ws/install/xarm_description/share/xarm_description//urdf/vacuum_gripper/vacuum_gripper.urdf.xacro
[1.243s] -- Up-to-date: /home/yuritvr/PFC/wenis_ws/install/xarm_description/share/xarm_description//urdf/vacuum_gripper/xarm_vacuum_gripper.urdf.xacro
[1.248s] -- Up-to-date: /home/yuritvr/PFC/wenis_ws/install/xarm_description/share/xarm_description//config
[1.249s] -- Up-to-date: /home/yuritvr/PFC/wenis_ws/install/xarm_description/share/xarm_description//config/kinematics
[1.250s] -- Up-to-date: /home/yuritvr/PFC/wenis_ws/install/xarm_description/share/xarm_description//config/kinematics/default
[1.250s] -- Up-to-date: /home/yuritvr/PFC/wenis_ws/install/xarm_description/share/xarm_description//config/kinematics/default/xarm6_default_kinematics.yaml
[1.252s] -- Up-to-date: /home/yuritvr/PFC/wenis_ws/install/xarm_description/share/xarm_description//config/kinematics/gen_kinematics_params.py
[1.254s] -- Up-to-date: /home/yuritvr/PFC/wenis_ws/install/xarm_description/share/xarm_description//config/link_inertial
[1.254s] -- Up-to-date: /home/yuritvr/PFC/wenis_ws/install/xarm_description/share/xarm_description//config/link_inertial/gen_link_inertial_params.py
[1.255s] -- Up-to-date: /home/yuritvr/PFC/wenis_ws/install/xarm_description/share/xarm_description//config/link_inertial/xarm6_type8_HT2_BR2.yaml
[1.256s] -- Up-to-date: /home/yuritvr/PFC/wenis_ws/install/xarm_description/share/xarm_description//config/link_inertial/xarm6_type6_HT2_LD.yaml
[1.256s] -- Up-to-date: /home/yuritvr/PFC/wenis_ws/install/xarm_description/share/xarm_description//config/link_inertial/xarm6_type6_HT_BR2.yaml
[1.256s] -- Up-to-date: /home/yuritvr/PFC/wenis_ws/install/xarm_description/share/xarm_description//config/link_inertial/xarm6_type6_HT_BR.yaml
[1.257s] -- Up-to-date: /home/yuritvr/PFC/wenis_ws/install/xarm_description/share/xarm_description//config/link_inertial/xarm6_type11_HT_LD.yaml
[1.259s] -- Up-to-date: /home/yuritvr/PFC/wenis_ws/install/xarm_description/share/xarm_description//config/link_inertial/xarm6_type12_HT_LDBR2.yaml
[1.263s] -- Up-to-date: /home/yuritvr/PFC/wenis_ws/install/xarm_description/share/xarm_description//config/link_inertial/xarm6_type6_HT_LD.yaml
[1.265s] -- Up-to-date: /home/yuritvr/PFC/wenis_ws/install/xarm_description/share/xarm_description//config/link_inertial/xarm6_type9_HT_BR2.yaml
[1.266s] -- Up-to-date: /home/yuritvr/PFC/wenis_ws/install/xarm_description/share/xarm_description//meshes
[1.268s] -- Up-to-date: /home/yuritvr/PFC/wenis_ws/install/xarm_description/share/xarm_description//meshes/gripper
[1.269s] -- Up-to-date: /home/yuritvr/PFC/wenis_ws/install/xarm_description/share/xarm_description//meshes/gripper/xarm
[1.271s] -- Up-to-date: /home/yuritvr/PFC/wenis_ws/install/xarm_description/share/xarm_description//meshes/gripper/xarm/right_outer_knuckle.stl
[1.271s] -- Up-to-date: /home/yuritvr/PFC/wenis_ws/install/xarm_description/share/xarm_description//meshes/gripper/xarm/left_inner_knuckle.stl
[1.271s] -- Up-to-date: /home/yuritvr/PFC/wenis_ws/install/xarm_description/share/xarm_description//meshes/gripper/xarm/left_outer_knuckle.stl
[1.272s] -- Up-to-date: /home/yuritvr/PFC/wenis_ws/install/xarm_description/share/xarm_description//meshes/gripper/xarm/base_link.stl
[1.272s] -- Up-to-date: /home/yuritvr/PFC/wenis_ws/install/xarm_description/share/xarm_description//meshes/gripper/xarm/right_inner_knuckle.stl
[1.272s] -- Up-to-date: /home/yuritvr/PFC/wenis_ws/install/xarm_description/share/xarm_description//meshes/gripper/xarm/left_finger.stl
[1.273s] -- Up-to-date: /home/yuritvr/PFC/wenis_ws/install/xarm_description/share/xarm_description//meshes/gripper/xarm/right_finger.stl
[1.273s] -- Up-to-date: /home/yuritvr/PFC/wenis_ws/install/xarm_description/share/xarm_description//meshes/gripper/lite
[1.273s] -- Up-to-date: /home/yuritvr/PFC/wenis_ws/install/xarm_description/share/xarm_description//meshes/gripper/lite/visual
[1.273s] -- Up-to-date: /home/yuritvr/PFC/wenis_ws/install/xarm_description/share/xarm_description//meshes/gripper/lite/visual/gripper_lite.stl
[1.273s] -- Up-to-date: /home/yuritvr/PFC/wenis_ws/install/xarm_description/share/xarm_description//meshes/gripper/lite/collision
[1.274s] -- Up-to-date: /home/yuritvr/PFC/wenis_ws/install/xarm_description/share/xarm_description//meshes/gripper/lite/collision/gripper_lite.stl
[1.274s] -- Up-to-date: /home/yuritvr/PFC/wenis_ws/install/xarm_description/share/xarm_description//meshes/end_tool
[1.277s] -- Up-to-date: /home/yuritvr/PFC/wenis_ws/install/xarm_description/share/xarm_description//meshes/end_tool/visual
[1.281s] -- Up-to-date: /home/yuritvr/PFC/wenis_ws/install/xarm_description/share/xarm_description//meshes/end_tool/visual/end_tool_1300.stl
[1.283s] -- Up-to-date: /home/yuritvr/PFC/wenis_ws/install/xarm_description/share/xarm_description//meshes/end_tool/collision
[1.284s] -- Up-to-date: /home/yuritvr/PFC/wenis_ws/install/xarm_description/share/xarm_description//meshes/end_tool/collision/end_tool.stl
[1.284s] -- Up-to-date: /home/yuritvr/PFC/wenis_ws/install/xarm_description/share/xarm_description//meshes/end_tool/collision/end_tool_1300.stl
[1.284s] -- Up-to-date: /home/yuritvr/PFC/wenis_ws/install/xarm_description/share/xarm_description//meshes/xarm6
[1.286s] -- Up-to-date: /home/yuritvr/PFC/wenis_ws/install/xarm_description/share/xarm_description//meshes/xarm6/visual
[1.287s] -- Up-to-date: /home/yuritvr/PFC/wenis_ws/install/xarm_description/share/xarm_description//meshes/xarm6/visual/link3.stl
[1.289s] -- Up-to-date: /home/yuritvr/PFC/wenis_ws/install/xarm_description/share/xarm_description//meshes/xarm6/visual/link6.stl
[1.295s] -- Up-to-date: /home/yuritvr/PFC/wenis_ws/install/xarm_description/share/xarm_description//meshes/xarm6/visual/link5.stl
[1.297s] -- Up-to-date: /home/yuritvr/PFC/wenis_ws/install/xarm_description/share/xarm_description//meshes/xarm6/visual/link2.stl
[1.297s] -- Up-to-date: /home/yuritvr/PFC/wenis_ws/install/xarm_description/share/xarm_description//meshes/xarm6/visual/link4.stl
[1.300s] -- Up-to-date: /home/yuritvr/PFC/wenis_ws/install/xarm_description/share/xarm_description//meshes/xarm6/visual/link_base.stl
[1.303s] -- Up-to-date: /home/yuritvr/PFC/wenis_ws/install/xarm_description/share/xarm_description//meshes/xarm6/visual/link1.stl
[1.316s] -- Up-to-date: /home/yuritvr/PFC/wenis_ws/install/xarm_description/share/xarm_description//meshes/camera
[1.317s] -- Up-to-date: /home/yuritvr/PFC/wenis_ws/install/xarm_description/share/xarm_description//meshes/camera/realsense
[1.318s] -- Up-to-date: /home/yuritvr/PFC/wenis_ws/install/xarm_description/share/xarm_description//meshes/camera/realsense/visual
[1.319s] -- Up-to-date: /home/yuritvr/PFC/wenis_ws/install/xarm_description/share/xarm_description//meshes/camera/realsense/visual/d435_with_cam_stand.stl
[1.319s] -- Up-to-date: /home/yuritvr/PFC/wenis_ws/install/xarm_description/share/xarm_description//meshes/camera/realsense/collision
[1.320s] -- Up-to-date: /home/yuritvr/PFC/wenis_ws/install/xarm_description/share/xarm_description//meshes/camera/realsense/collision/d435_with_cam_stand.stl
[1.320s] -- Up-to-date: /home/yuritvr/PFC/wenis_ws/install/xarm_description/share/xarm_description//meshes/vacuum_gripper
[1.321s] -- Up-to-date: /home/yuritvr/PFC/wenis_ws/install/xarm_description/share/xarm_description//meshes/vacuum_gripper/xarm
[1.323s] -- Up-to-date: /home/yuritvr/PFC/wenis_ws/install/xarm_description/share/xarm_description//meshes/vacuum_gripper/xarm/visual
[1.324s] -- Up-to-date: /home/yuritvr/PFC/wenis_ws/install/xarm_description/share/xarm_description//meshes/vacuum_gripper/xarm/visual/vacuum_gripper.stl
[1.326s] -- Up-to-date: /home/yuritvr/PFC/wenis_ws/install/xarm_description/share/xarm_description//meshes/vacuum_gripper/xarm/collision
[1.328s] -- Up-to-date: /home/yuritvr/PFC/wenis_ws/install/xarm_description/share/xarm_description//meshes/vacuum_gripper/xarm/collision/vacuum_gripper.stl
[1.329s] -- Up-to-date: /home/yuritvr/PFC/wenis_ws/install/xarm_description/share/xarm_description//meshes/vacuum_gripper/lite
[1.330s] -- Up-to-date: /home/yuritvr/PFC/wenis_ws/install/xarm_description/share/xarm_description//meshes/vacuum_gripper/lite/visual
[1.330s] -- Up-to-date: /home/yuritvr/PFC/wenis_ws/install/xarm_description/share/xarm_description//meshes/vacuum_gripper/lite/visual/vacuum_gripper_lite.stl
[1.332s] -- Up-to-date: /home/yuritvr/PFC/wenis_ws/install/xarm_description/share/xarm_description//meshes/vacuum_gripper/lite/collision
[1.336s] -- Up-to-date: /home/yuritvr/PFC/wenis_ws/install/xarm_description/share/xarm_description//meshes/vacuum_gripper/lite/collision/vacuum_gripper_lite.stl
[1.337s] -- Up-to-date: /home/yuritvr/PFC/wenis_ws/install/xarm_description/share/xarm_description//launch
[1.342s] -- Up-to-date: /home/yuritvr/PFC/wenis_ws/install/xarm_description/share/xarm_description//launch/_robot_rviz_display.launch.py
[1.346s] -- Up-to-date: /home/yuritvr/PFC/wenis_ws/install/xarm_description/share/xarm_description//launch/_robot_description.launch.py
[1.349s] -- Up-to-date: /home/yuritvr/PFC/wenis_ws/install/xarm_description/share/xarm_description//launch/_robot_joint_state.launch.py
[1.351s] -- Up-to-date: /home/yuritvr/PFC/wenis_ws/install/xarm_description/share/xarm_description//launch/lib
[1.352s] -- Up-to-date: /home/yuritvr/PFC/wenis_ws/install/xarm_description/share/xarm_description//launch/lib/robot_description_lib.py
[1.362s] -- Up-to-date: /home/yuritvr/PFC/wenis_ws/install/xarm_description/share/xarm_description//launch/lite6_rviz_display.launch.py
[1.364s] -- Up-to-date: /home/yuritvr/PFC/wenis_ws/install/xarm_description/share/xarm_description//launch/xarm6_rviz_display.launch.py
[1.366s] -- Up-to-date: /home/yuritvr/PFC/wenis_ws/install/xarm_description/share/xarm_description//launch/_rviz_display.launch.py
[1.368s] -- Up-to-date: /home/yuritvr/PFC/wenis_ws/install/xarm_description/share/ament_index/resource_index/package_run_dependencies/xarm_description
[1.368s] -- Up-to-date: /home/yuritvr/PFC/wenis_ws/install/xarm_description/share/ament_index/resource_index/parent_prefix_path/xarm_description
[1.372s] -- Up-to-date: /home/yuritvr/PFC/wenis_ws/install/xarm_description/share/xarm_description/environment/ament_prefix_path.sh
[1.375s] -- Up-to-date: /home/yuritvr/PFC/wenis_ws/install/xarm_description/share/xarm_description/environment/ament_prefix_path.dsv
[1.377s] -- Up-to-date: /home/yuritvr/PFC/wenis_ws/install/xarm_description/share/xarm_description/environment/path.sh
[1.378s] -- Up-to-date: /home/yuritvr/PFC/wenis_ws/install/xarm_description/share/xarm_description/environment/path.dsv
[1.381s] -- Up-to-date: /home/yuritvr/PFC/wenis_ws/install/xarm_description/share/xarm_description/local_setup.bash
[1.382s] -- Up-to-date: /home/yuritvr/PFC/wenis_ws/install/xarm_description/share/xarm_description/local_setup.sh
[1.383s] -- Up-to-date: /home/yuritvr/PFC/wenis_ws/install/xarm_description/share/xarm_description/local_setup.zsh
[1.384s] -- Up-to-date: /home/yuritvr/PFC/wenis_ws/install/xarm_description/share/xarm_description/local_setup.dsv
[1.392s] -- Installing: /home/yuritvr/PFC/wenis_ws/install/xarm_description/share/xarm_description/package.dsv
[1.396s] -- Up-to-date: /home/yuritvr/PFC/wenis_ws/install/xarm_description/share/ament_index/resource_index/packages/xarm_description
[1.399s] -- Up-to-date: /home/yuritvr/PFC/wenis_ws/install/xarm_description/share/xarm_description/cmake/xarm_descriptionConfig.cmake
[1.399s] -- Up-to-date: /home/yuritvr/PFC/wenis_ws/install/xarm_description/share/xarm_description/cmake/xarm_descriptionConfig-version.cmake
[1.400s] -- Up-to-date: /home/yuritvr/PFC/wenis_ws/install/xarm_description/share/xarm_description/package.xml
[1.497s] Invoked command in '/home/yuritvr/PFC/wenis_ws/build/xarm_description' returned '0': CMAKE_PREFIX_PATH=${CMAKE_PREFIX_PATH}:/opt/ros/humble /usr/bin/cmake --install /home/yuritvr/PFC/wenis_ws/build/xarm_description
