[0.040s] Invoking command in '/home/yuritvr/PFC/new_arm_ws/build/irb6640_ros2_moveit2': CMAKE_PREFIX_PATH=/home/yuritvr/PFC/new_arm_ws/install/ros2_data:/home/yuritvr/PFC/new_arm_ws/install/ur5_ros2_moveit2:/home/yuritvr/PFC/new_arm_ws/install/ur5_ros2_gazebo:/home/yuritvr/PFC/new_arm_ws/install/ur3_ros2_moveit2:/home/yuritvr/PFC/new_arm_ws/install/ur3_ros2_gazebo:/home/yuritvr/PFC/new_arm_ws/install/ur10_ros2_moveit2:/home/yuritvr/PFC/new_arm_ws/install/ur10_ros2_gazebo:/home/yuritvr/PFC/new_arm_ws/install/ros2_grasping:/home/yuritvr/PFC/new_arm_ws/install/ros2_execution:/home/yuritvr/PFC/new_arm_ws/install/panda_ros2_moveit2:/home/yuritvr/PFC/new_arm_ws/install/irb6640_ros2_moveit2:/home/yuritvr/PFC/new_arm_ws/install/irb120_ros2_moveit2:/home/yuritvr/PFC/new_arm_ws/install/irb1200_ros2_moveit2:/home/yuritvr/PFC/new_arm_ws/install/iiwa_ros2_moveit2:/home/yuritvr/PFC/new_arm_ws/install/cr35ia_ros2_moveit2:/home/yuritvr/PFC/new_arm_ws/install/panda_ros2_gazebo:/home/yuritvr/PFC/new_arm_ws/install/irb6640_ros2_gazebo:/home/yuritvr/PFC/new_arm_ws/install/irb120_ros2_gazebo:/home/yuritvr/PFC/new_arm_ws/install/irb1200_ros2_gazebo:/home/yuritvr/PFC/new_arm_ws/install/iiwa_ros2_gazebo:/home/yuritvr/PFC/new_arm_ws/install/cr35ia_ros2_gazebo:/opt/ros/humble LD_LIBRARY_PATH=/home/yuritvr/PFC/new_arm_ws/install/ros2_data/lib:/home/yuritvr/PFC/new_arm_ws/install/ros2_grasping/lib:/usr/lib/x86_64-linux-gnu/gazebo-11/plugins:/opt/ros/humble/opt/rviz_ogre_vendor/lib:/opt/ros/humble/lib/x86_64-linux-gnu:/opt/ros/humble/lib:/usr/lib/x86_64-linux-gnu/gazebo-11/plugins /usr/bin/cmake /home/yuritvr/PFC/new_arm_ws/src/ros2_RobotSimulation/ABBRobots/IRB6640/irb6640_ros2_moveit2 -DCMAKE_INSTALL_PREFIX=/home/yuritvr/PFC/new_arm_ws/install/irb6640_ros2_moveit2
[0.164s] -- The C compiler identification is GNU 11.4.0
[0.322s] -- The CXX compiler identification is GNU 11.4.0
[0.347s] -- Detecting C compiler ABI info
[0.492s] -- Detecting C compiler ABI info - done
[0.507s] -- Check for working C compiler: /usr/bin/cc - skipped
[0.508s] -- Detecting C compile features
[0.509s] -- Detecting C compile features - done
[0.516s] -- Detecting CXX compiler ABI info
[0.714s] -- Detecting CXX compiler ABI info - done
[0.732s] -- Check for working CXX compiler: /usr/bin/c++ - skipped
[0.737s] -- Detecting CXX compile features
[0.738s] -- Detecting CXX compile features - done
[0.745s] -- Found ament_cmake: 1.3.9 (/opt/ros/humble/share/ament_cmake/cmake)
[1.072s] -- Found Python3: /usr/bin/python3 (found version "3.10.12") found components: Interpreter 
[1.272s] -- Found ament_lint_auto: 0.12.11 (/opt/ros/humble/share/ament_lint_auto/cmake)
[1.458s] -- Added test 'copyright' to check source files copyright and LICENSE
[1.462s] -- Added test 'flake8' to check Python code syntax and style conventions
[1.464s] -- Added test 'lint_cmake' to check CMake code style
[1.466s] -- Added test 'pep257' to check Python code against some of the docstring style conventions in PEP 257
[1.468s] -- Added test 'xmllint' to check XML markup files
[1.474s] -- Configuring done
[1.480s] -- Generating done
[1.482s] -- Build files have been written to: /home/yuritvr/PFC/new_arm_ws/build/irb6640_ros2_moveit2
[1.499s] Invoked command in '/home/yuritvr/PFC/new_arm_ws/build/irb6640_ros2_moveit2' returned '0': CMAKE_PREFIX_PATH=/home/yuritvr/PFC/new_arm_ws/install/ros2_data:/home/yuritvr/PFC/new_arm_ws/install/ur5_ros2_moveit2:/home/yuritvr/PFC/new_arm_ws/install/ur5_ros2_gazebo:/home/yuritvr/PFC/new_arm_ws/install/ur3_ros2_moveit2:/home/yuritvr/PFC/new_arm_ws/install/ur3_ros2_gazebo:/home/yuritvr/PFC/new_arm_ws/install/ur10_ros2_moveit2:/home/yuritvr/PFC/new_arm_ws/install/ur10_ros2_gazebo:/home/yuritvr/PFC/new_arm_ws/install/ros2_grasping:/home/yuritvr/PFC/new_arm_ws/install/ros2_execution:/home/yuritvr/PFC/new_arm_ws/install/panda_ros2_moveit2:/home/yuritvr/PFC/new_arm_ws/install/irb6640_ros2_moveit2:/home/yuritvr/PFC/new_arm_ws/install/irb120_ros2_moveit2:/home/yuritvr/PFC/new_arm_ws/install/irb1200_ros2_moveit2:/home/yuritvr/PFC/new_arm_ws/install/iiwa_ros2_moveit2:/home/yuritvr/PFC/new_arm_ws/install/cr35ia_ros2_moveit2:/home/yuritvr/PFC/new_arm_ws/install/panda_ros2_gazebo:/home/yuritvr/PFC/new_arm_ws/install/irb6640_ros2_gazebo:/home/yuritvr/PFC/new_arm_ws/install/irb120_ros2_gazebo:/home/yuritvr/PFC/new_arm_ws/install/irb1200_ros2_gazebo:/home/yuritvr/PFC/new_arm_ws/install/iiwa_ros2_gazebo:/home/yuritvr/PFC/new_arm_ws/install/cr35ia_ros2_gazebo:/opt/ros/humble LD_LIBRARY_PATH=/home/yuritvr/PFC/new_arm_ws/install/ros2_data/lib:/home/yuritvr/PFC/new_arm_ws/install/ros2_grasping/lib:/usr/lib/x86_64-linux-gnu/gazebo-11/plugins:/opt/ros/humble/opt/rviz_ogre_vendor/lib:/opt/ros/humble/lib/x86_64-linux-gnu:/opt/ros/humble/lib:/usr/lib/x86_64-linux-gnu/gazebo-11/plugins /usr/bin/cmake /home/yuritvr/PFC/new_arm_ws/src/ros2_RobotSimulation/ABBRobots/IRB6640/irb6640_ros2_moveit2 -DCMAKE_INSTALL_PREFIX=/home/yuritvr/PFC/new_arm_ws/install/irb6640_ros2_moveit2
[1.500s] Invoking command in '/home/yuritvr/PFC/new_arm_ws/build/irb6640_ros2_moveit2': CMAKE_PREFIX_PATH=/home/yuritvr/PFC/new_arm_ws/install/ros2_data:/home/yuritvr/PFC/new_arm_ws/install/ur5_ros2_moveit2:/home/yuritvr/PFC/new_arm_ws/install/ur5_ros2_gazebo:/home/yuritvr/PFC/new_arm_ws/install/ur3_ros2_moveit2:/home/yuritvr/PFC/new_arm_ws/install/ur3_ros2_gazebo:/home/yuritvr/PFC/new_arm_ws/install/ur10_ros2_moveit2:/home/yuritvr/PFC/new_arm_ws/install/ur10_ros2_gazebo:/home/yuritvr/PFC/new_arm_ws/install/ros2_grasping:/home/yuritvr/PFC/new_arm_ws/install/ros2_execution:/home/yuritvr/PFC/new_arm_ws/install/panda_ros2_moveit2:/home/yuritvr/PFC/new_arm_ws/install/irb6640_ros2_moveit2:/home/yuritvr/PFC/new_arm_ws/install/irb120_ros2_moveit2:/home/yuritvr/PFC/new_arm_ws/install/irb1200_ros2_moveit2:/home/yuritvr/PFC/new_arm_ws/install/iiwa_ros2_moveit2:/home/yuritvr/PFC/new_arm_ws/install/cr35ia_ros2_moveit2:/home/yuritvr/PFC/new_arm_ws/install/panda_ros2_gazebo:/home/yuritvr/PFC/new_arm_ws/install/irb6640_ros2_gazebo:/home/yuritvr/PFC/new_arm_ws/install/irb120_ros2_gazebo:/home/yuritvr/PFC/new_arm_ws/install/irb1200_ros2_gazebo:/home/yuritvr/PFC/new_arm_ws/install/iiwa_ros2_gazebo:/home/yuritvr/PFC/new_arm_ws/install/cr35ia_ros2_gazebo:/opt/ros/humble LD_LIBRARY_PATH=/home/yuritvr/PFC/new_arm_ws/install/ros2_data/lib:/home/yuritvr/PFC/new_arm_ws/install/ros2_grasping/lib:/usr/lib/x86_64-linux-gnu/gazebo-11/plugins:/opt/ros/humble/opt/rviz_ogre_vendor/lib:/opt/ros/humble/lib/x86_64-linux-gnu:/opt/ros/humble/lib:/usr/lib/x86_64-linux-gnu/gazebo-11/plugins /usr/bin/cmake --build /home/yuritvr/PFC/new_arm_ws/build/irb6640_ros2_moveit2 -- -j8 -l8
[1.568s] Invoked command in '/home/yuritvr/PFC/new_arm_ws/build/irb6640_ros2_moveit2' returned '0': CMAKE_PREFIX_PATH=/home/yuritvr/PFC/new_arm_ws/install/ros2_data:/home/yuritvr/PFC/new_arm_ws/install/ur5_ros2_moveit2:/home/yuritvr/PFC/new_arm_ws/install/ur5_ros2_gazebo:/home/yuritvr/PFC/new_arm_ws/install/ur3_ros2_moveit2:/home/yuritvr/PFC/new_arm_ws/install/ur3_ros2_gazebo:/home/yuritvr/PFC/new_arm_ws/install/ur10_ros2_moveit2:/home/yuritvr/PFC/new_arm_ws/install/ur10_ros2_gazebo:/home/yuritvr/PFC/new_arm_ws/install/ros2_grasping:/home/yuritvr/PFC/new_arm_ws/install/ros2_execution:/home/yuritvr/PFC/new_arm_ws/install/panda_ros2_moveit2:/home/yuritvr/PFC/new_arm_ws/install/irb6640_ros2_moveit2:/home/yuritvr/PFC/new_arm_ws/install/irb120_ros2_moveit2:/home/yuritvr/PFC/new_arm_ws/install/irb1200_ros2_moveit2:/home/yuritvr/PFC/new_arm_ws/install/iiwa_ros2_moveit2:/home/yuritvr/PFC/new_arm_ws/install/cr35ia_ros2_moveit2:/home/yuritvr/PFC/new_arm_ws/install/panda_ros2_gazebo:/home/yuritvr/PFC/new_arm_ws/install/irb6640_ros2_gazebo:/home/yuritvr/PFC/new_arm_ws/install/irb120_ros2_gazebo:/home/yuritvr/PFC/new_arm_ws/install/irb1200_ros2_gazebo:/home/yuritvr/PFC/new_arm_ws/install/iiwa_ros2_gazebo:/home/yuritvr/PFC/new_arm_ws/install/cr35ia_ros2_gazebo:/opt/ros/humble LD_LIBRARY_PATH=/home/yuritvr/PFC/new_arm_ws/install/ros2_data/lib:/home/yuritvr/PFC/new_arm_ws/install/ros2_grasping/lib:/usr/lib/x86_64-linux-gnu/gazebo-11/plugins:/opt/ros/humble/opt/rviz_ogre_vendor/lib:/opt/ros/humble/lib/x86_64-linux-gnu:/opt/ros/humble/lib:/usr/lib/x86_64-linux-gnu/gazebo-11/plugins /usr/bin/cmake --build /home/yuritvr/PFC/new_arm_ws/build/irb6640_ros2_moveit2 -- -j8 -l8
[1.634s] Invoking command in '/home/yuritvr/PFC/new_arm_ws/build/irb6640_ros2_moveit2': CMAKE_PREFIX_PATH=/home/yuritvr/PFC/new_arm_ws/install/ros2_data:/home/yuritvr/PFC/new_arm_ws/install/ur5_ros2_moveit2:/home/yuritvr/PFC/new_arm_ws/install/ur5_ros2_gazebo:/home/yuritvr/PFC/new_arm_ws/install/ur3_ros2_moveit2:/home/yuritvr/PFC/new_arm_ws/install/ur3_ros2_gazebo:/home/yuritvr/PFC/new_arm_ws/install/ur10_ros2_moveit2:/home/yuritvr/PFC/new_arm_ws/install/ur10_ros2_gazebo:/home/yuritvr/PFC/new_arm_ws/install/ros2_grasping:/home/yuritvr/PFC/new_arm_ws/install/ros2_execution:/home/yuritvr/PFC/new_arm_ws/install/panda_ros2_moveit2:/home/yuritvr/PFC/new_arm_ws/install/irb6640_ros2_moveit2:/home/yuritvr/PFC/new_arm_ws/install/irb120_ros2_moveit2:/home/yuritvr/PFC/new_arm_ws/install/irb1200_ros2_moveit2:/home/yuritvr/PFC/new_arm_ws/install/iiwa_ros2_moveit2:/home/yuritvr/PFC/new_arm_ws/install/cr35ia_ros2_moveit2:/home/yuritvr/PFC/new_arm_ws/install/panda_ros2_gazebo:/home/yuritvr/PFC/new_arm_ws/install/irb6640_ros2_gazebo:/home/yuritvr/PFC/new_arm_ws/install/irb120_ros2_gazebo:/home/yuritvr/PFC/new_arm_ws/install/irb1200_ros2_gazebo:/home/yuritvr/PFC/new_arm_ws/install/iiwa_ros2_gazebo:/home/yuritvr/PFC/new_arm_ws/install/cr35ia_ros2_gazebo:/opt/ros/humble LD_LIBRARY_PATH=/home/yuritvr/PFC/new_arm_ws/install/ros2_data/lib:/home/yuritvr/PFC/new_arm_ws/install/ros2_grasping/lib:/usr/lib/x86_64-linux-gnu/gazebo-11/plugins:/opt/ros/humble/opt/rviz_ogre_vendor/lib:/opt/ros/humble/lib/x86_64-linux-gnu:/opt/ros/humble/lib:/usr/lib/x86_64-linux-gnu/gazebo-11/plugins /usr/bin/cmake --install /home/yuritvr/PFC/new_arm_ws/build/irb6640_ros2_moveit2
[1.646s] -- Install configuration: ""
[1.646s] -- Installing: /home/yuritvr/PFC/new_arm_ws/install/irb6640_ros2_moveit2/share/irb6640_ros2_moveit2/config
[1.646s] -- Installing: /home/yuritvr/PFC/new_arm_ws/install/irb6640_ros2_moveit2/share/irb6640_ros2_moveit2/config/irb6640_moveit2.rviz
[1.646s] -- Installing: /home/yuritvr/PFC/new_arm_ws/install/irb6640_ros2_moveit2/share/irb6640_ros2_moveit2/config/irb6640.srdf
[1.647s] -- Installing: /home/yuritvr/PFC/new_arm_ws/install/irb6640_ros2_moveit2/share/irb6640_ros2_moveit2/config/irb6640_controllers.yaml
[1.648s] -- Installing: /home/yuritvr/PFC/new_arm_ws/install/irb6640_ros2_moveit2/share/irb6640_ros2_moveit2/config/kinematics.yaml
[1.648s] -- Installing: /home/yuritvr/PFC/new_arm_ws/install/irb6640_ros2_moveit2/share/irb6640_ros2_moveit2/config/ompl_planning.yaml
[1.648s] -- Installing: /home/yuritvr/PFC/new_arm_ws/install/irb6640_ros2_moveit2/share/irb6640_ros2_moveit2/launch
[1.649s] -- Installing: /home/yuritvr/PFC/new_arm_ws/install/irb6640_ros2_moveit2/share/irb6640_ros2_moveit2/launch/irb6640.launch.py
[1.649s] -- Installing: /home/yuritvr/PFC/new_arm_ws/install/irb6640_ros2_moveit2/share/irb6640_ros2_moveit2/launch/irb6640_interface.launch.py
[1.649s] -- Installing: /home/yuritvr/PFC/new_arm_ws/install/irb6640_ros2_moveit2/share/ament_index/resource_index/package_run_dependencies/irb6640_ros2_moveit2
[1.649s] -- Installing: /home/yuritvr/PFC/new_arm_ws/install/irb6640_ros2_moveit2/share/ament_index/resource_index/parent_prefix_path/irb6640_ros2_moveit2
[1.650s] -- Installing: /home/yuritvr/PFC/new_arm_ws/install/irb6640_ros2_moveit2/share/irb6640_ros2_moveit2/environment/ament_prefix_path.sh
[1.651s] -- Installing: /home/yuritvr/PFC/new_arm_ws/install/irb6640_ros2_moveit2/share/irb6640_ros2_moveit2/environment/ament_prefix_path.dsv
[1.651s] -- Installing: /home/yuritvr/PFC/new_arm_ws/install/irb6640_ros2_moveit2/share/irb6640_ros2_moveit2/environment/path.sh
[1.652s] -- Installing: /home/yuritvr/PFC/new_arm_ws/install/irb6640_ros2_moveit2/share/irb6640_ros2_moveit2/environment/path.dsv
[1.652s] -- Installing: /home/yuritvr/PFC/new_arm_ws/install/irb6640_ros2_moveit2/share/irb6640_ros2_moveit2/local_setup.bash
[1.652s] -- Installing: /home/yuritvr/PFC/new_arm_ws/install/irb6640_ros2_moveit2/share/irb6640_ros2_moveit2/local_setup.sh
[1.653s] -- Installing: /home/yuritvr/PFC/new_arm_ws/install/irb6640_ros2_moveit2/share/irb6640_ros2_moveit2/local_setup.zsh
[1.653s] -- Installing: /home/yuritvr/PFC/new_arm_ws/install/irb6640_ros2_moveit2/share/irb6640_ros2_moveit2/local_setup.dsv
[1.654s] -- Installing: /home/yuritvr/PFC/new_arm_ws/install/irb6640_ros2_moveit2/share/irb6640_ros2_moveit2/package.dsv
[1.654s] -- Installing: /home/yuritvr/PFC/new_arm_ws/install/irb6640_ros2_moveit2/share/ament_index/resource_index/packages/irb6640_ros2_moveit2
[1.654s] -- Installing: /home/yuritvr/PFC/new_arm_ws/install/irb6640_ros2_moveit2/share/irb6640_ros2_moveit2/cmake/irb6640_ros2_moveit2Config.cmake
[1.655s] -- Installing: /home/yuritvr/PFC/new_arm_ws/install/irb6640_ros2_moveit2/share/irb6640_ros2_moveit2/cmake/irb6640_ros2_moveit2Config-version.cmake
[1.656s] -- Installing: /home/yuritvr/PFC/new_arm_ws/install/irb6640_ros2_moveit2/share/irb6640_ros2_moveit2/package.xml
[1.678s] Invoked command in '/home/yuritvr/PFC/new_arm_ws/build/irb6640_ros2_moveit2' returned '0': CMAKE_PREFIX_PATH=/home/yuritvr/PFC/new_arm_ws/install/ros2_data:/home/yuritvr/PFC/new_arm_ws/install/ur5_ros2_moveit2:/home/yuritvr/PFC/new_arm_ws/install/ur5_ros2_gazebo:/home/yuritvr/PFC/new_arm_ws/install/ur3_ros2_moveit2:/home/yuritvr/PFC/new_arm_ws/install/ur3_ros2_gazebo:/home/yuritvr/PFC/new_arm_ws/install/ur10_ros2_moveit2:/home/yuritvr/PFC/new_arm_ws/install/ur10_ros2_gazebo:/home/yuritvr/PFC/new_arm_ws/install/ros2_grasping:/home/yuritvr/PFC/new_arm_ws/install/ros2_execution:/home/yuritvr/PFC/new_arm_ws/install/panda_ros2_moveit2:/home/yuritvr/PFC/new_arm_ws/install/irb6640_ros2_moveit2:/home/yuritvr/PFC/new_arm_ws/install/irb120_ros2_moveit2:/home/yuritvr/PFC/new_arm_ws/install/irb1200_ros2_moveit2:/home/yuritvr/PFC/new_arm_ws/install/iiwa_ros2_moveit2:/home/yuritvr/PFC/new_arm_ws/install/cr35ia_ros2_moveit2:/home/yuritvr/PFC/new_arm_ws/install/panda_ros2_gazebo:/home/yuritvr/PFC/new_arm_ws/install/irb6640_ros2_gazebo:/home/yuritvr/PFC/new_arm_ws/install/irb120_ros2_gazebo:/home/yuritvr/PFC/new_arm_ws/install/irb1200_ros2_gazebo:/home/yuritvr/PFC/new_arm_ws/install/iiwa_ros2_gazebo:/home/yuritvr/PFC/new_arm_ws/install/cr35ia_ros2_gazebo:/opt/ros/humble LD_LIBRARY_PATH=/home/yuritvr/PFC/new_arm_ws/install/ros2_data/lib:/home/yuritvr/PFC/new_arm_ws/install/ros2_grasping/lib:/usr/lib/x86_64-linux-gnu/gazebo-11/plugins:/opt/ros/humble/opt/rviz_ogre_vendor/lib:/opt/ros/humble/lib/x86_64-linux-gnu:/opt/ros/humble/lib:/usr/lib/x86_64-linux-gnu/gazebo-11/plugins /usr/bin/cmake --install /home/yuritvr/PFC/new_arm_ws/build/irb6640_ros2_moveit2
