[0.058s] Invoking command in '/home/yuritvr/PFC/wenis_ws/build/simple_grasping': CMAKE_PREFIX_PATH=${CMAKE_PREFIX_PATH}:/opt/ros/humble /usr/bin/cmake --build /home/yuritvr/PFC/wenis_ws/build/simple_grasping -- -j8 -l8
[0.162s] -- Eigen found (include: /usr/include/eigen3, version: 3.4.0)
[0.269s] -- FLANN found (include: /usr/include, lib: /usr/lib/x86_64-linux-gnu/libflann_cpp.so)
[0.634s] -- Found Eigen3: /usr/include/eigen3 (found version "3.4.0") 
[0.844s] -- OpenNI found (version: 1.5.4.0, include: /usr/include/ni, lib: /usr/lib/libOpenNI.so;libusb::libusb)
[0.856s] -- OpenNI2 found (version: 2.2.0.33, include: /usr/include/openni2, lib: /usr/lib/x86_64-linux-gnu/libOpenNI2.so;libusb::libusb)
[0.856s] [0m** WARNING ** io features related to pcap will be disabled[0m
[1.175s] -- Eigen found (include: /usr/include/eigen3, version: 3.4.0)
[1.184s] -- OpenNI found (version: 1.5.4.0, include: /usr/include/ni, lib: /usr/lib/libOpenNI.so;libusb::libusb)
[1.193s] -- OpenNI2 found (version: 2.2.0.33, include: /usr/include/openni2, lib: /usr/lib/x86_64-linux-gnu/libOpenNI2.so;libusb::libusb)
[1.475s] -- Found Qhull version 8.0.2
[1.845s] -- OpenNI found (version: 1.5.4.0, include: /usr/include/ni, lib: /usr/lib/libOpenNI.so;libusb::libusb)
[2.204s] -- looking for PCL_COMMON
[2.205s] -- looking for PCL_KDTREE
[2.206s] -- looking for PCL_OCTREE
[2.207s] -- looking for PCL_SEARCH
[2.208s] -- looking for PCL_SAMPLE_CONSENSUS
[2.209s] -- looking for PCL_FILTERS
[2.210s] -- looking for PCL_2D
[2.210s] -- looking for PCL_GEOMETRY
[2.211s] -- looking for PCL_IO
[2.212s] -- looking for PCL_FEATURES
[2.213s] -- looking for PCL_ML
[2.214s] -- looking for PCL_SEGMENTATION
[2.215s] -- looking for PCL_VISUALIZATION
[2.216s] -- looking for PCL_SURFACE
[2.217s] -- looking for PCL_REGISTRATION
[2.218s] -- looking for PCL_KEYPOINTS
[2.219s] -- looking for PCL_TRACKING
[2.220s] -- looking for PCL_RECOGNITION
[2.221s] -- looking for PCL_STEREO
[2.222s] -- looking for PCL_APPS
[2.224s] -- looking for PCL_IN_HAND_SCANNER
[2.225s] -- looking for PCL_MODELER
[2.226s] -- looking for PCL_POINT_CLOUD_EDITOR
[2.226s] -- looking for PCL_OUTOFCORE
[2.227s] -- looking for PCL_PEOPLE
[2.231s] -- Found ament_cmake: 1.3.8 (/opt/ros/humble/share/ament_cmake/cmake)
[2.502s] -- Found geometry_msgs: 4.2.3 (/opt/ros/humble/share/geometry_msgs/cmake)
[2.550s] -- Found rosidl_generator_c: 3.1.5 (/opt/ros/humble/share/rosidl_generator_c/cmake)
[2.556s] -- Found rosidl_adapter: 3.1.5 (/opt/ros/humble/share/rosidl_adapter/cmake)
[2.571s] -- Found rosidl_generator_cpp: 3.1.5 (/opt/ros/humble/share/rosidl_generator_cpp/cmake)
[2.601s] -- Using all available rosidl_typesupport_c: rosidl_typesupport_fastrtps_c;rosidl_typesupport_introspection_c
[2.643s] -- Using all available rosidl_typesupport_cpp: rosidl_typesupport_fastrtps_cpp;rosidl_typesupport_introspection_cpp
[2.967s] -- Found grasping_msgs: 0.4.0 (/opt/ros/humble/share/grasping_msgs/cmake)
[6.198s] -- Found pcl_conversions: 2.4.0 (/opt/ros/humble/share/pcl_conversions/cmake)
[6.338s] -- Found rmw_implementation_cmake: 6.1.1 (/opt/ros/humble/share/rmw_implementation_cmake/cmake)
[6.342s] -- Found rmw_fastrtps_cpp: 6.2.6 (/opt/ros/humble/share/rmw_fastrtps_cpp/cmake)
[6.648s] -- Using RMW implementation 'rmw_fastrtps_cpp' as default
[7.413s] -- Found pcl_ros: 2.4.0 (/opt/ros/humble/share/pcl_ros/cmake)
[7.799s] -- Found eigen3_cmake_module: 0.1.1 (/opt/ros/humble/share/eigen3_cmake_module/cmake)
[7.802s] -- Found Eigen3: TRUE (found version "3.4.0") 
[7.802s] -- Ensuring Eigen3 include directory is part of orocos-kdl CMake target
[9.577s] -- Found ament_cmake_gtest: 1.3.8 (/opt/ros/humble/share/ament_cmake_gtest/cmake)
[9.580s] -- Found gtest sources under '/opt/ros/humble/src/gtest_vendor': C++ tests using 'Google Test' will be built
[9.864s] -- Found ament_cmake_cpplint: 0.12.10 (/opt/ros/humble/share/ament_cmake_cpplint/cmake)
[10.039s] -- Configuring done
[10.572s] -- Generating done
[10.582s] -- Build files have been written to: /home/yuritvr/PFC/wenis_ws/build/simple_grasping
[10.704s] [35m[1mConsolidate compiler generated dependencies of target basic_grasping_perception_node[0m
[10.746s] [35m[1mConsolidate compiler generated dependencies of target grasp_planner_node[0m
[10.751s] [35m[1mConsolidate compiler generated dependencies of target gtest_main[0m
[10.751s] [35m[1mConsolidate compiler generated dependencies of target gtest[0m
[10.760s] [35m[1mConsolidate compiler generated dependencies of target simple_grasping[0m
[10.803s] [ 10%] Built target basic_grasping_perception_node
[10.846s] [ 21%] Built target gtest_main
[10.872s] [ 31%] Built target grasp_planner_node
[10.890s] [ 42%] Built target gtest
[10.913s] [ 47%] [32mBuilding CXX object CMakeFiles/simple_grasping.dir/src/cloud_tools.cpp.o[0m
[10.954s] [ 52%] [32mBuilding CXX object CMakeFiles/simple_grasping.dir/src/object_support_segmentation.cpp.o[0m
[10.966s] [ 57%] [32mBuilding CXX object CMakeFiles/simple_grasping.dir/src/shape_grasp_planner.cpp.o[0m
[10.975s] [ 63%] [32mBuilding CXX object CMakeFiles/simple_grasping.dir/src/shape_extraction.cpp.o[0m
[39.708s] [ 68%] [32m[1mLinking CXX shared library libsimple_grasping.so[0m
[42.546s] [ 68%] Built target simple_grasping
[42.564s] [35m[1mConsolidate compiler generated dependencies of target grasp_planner[0m
[42.564s] [35m[1mConsolidate compiler generated dependencies of target simple_grasping_test_shape_extraction[0m
[42.564s] [35m[1mConsolidate compiler generated dependencies of target basic_grasping_perception[0m
[42.597s] [ 78%] [32mBuilding CXX object CMakeFiles/grasp_planner.dir/src/grasp_planner_node.cpp.o[0m
[42.598s] [ 78%] [32mBuilding CXX object CMakeFiles/simple_grasping_test_shape_extraction.dir/test/test_shape_extraction.cpp.o[0m
[42.637s] [ 84%] [32mBuilding CXX object CMakeFiles/basic_grasping_perception.dir/src/basic_grasping_perception.cpp.o[0m
[48.441s] [ 89%] [32m[1mLinking CXX executable simple_grasping_test_shape_extraction[0m
[48.981s] [ 94%] [32m[1mLinking CXX shared library libgrasp_planner.so[0m
[50.328s] [ 94%] Built target simple_grasping_test_shape_extraction
[50.418s] [ 94%] Built target grasp_planner
[65.101s] [100%] [32m[1mLinking CXX shared library libbasic_grasping_perception.so[0m
[67.965s] [100%] Built target basic_grasping_perception
[67.983s] Invoked command in '/home/yuritvr/PFC/wenis_ws/build/simple_grasping' returned '0': CMAKE_PREFIX_PATH=${CMAKE_PREFIX_PATH}:/opt/ros/humble /usr/bin/cmake --build /home/yuritvr/PFC/wenis_ws/build/simple_grasping -- -j8 -l8
[68.174s] Invoking command in '/home/yuritvr/PFC/wenis_ws/build/simple_grasping': CMAKE_PREFIX_PATH=${CMAKE_PREFIX_PATH}:/opt/ros/humble /usr/bin/cmake --install /home/yuritvr/PFC/wenis_ws/build/simple_grasping
[68.202s] -- Install configuration: ""
[68.203s] -- Up-to-date: /home/yuritvr/PFC/wenis_ws/install/simple_grasping/lib/simple_grasping/basic_grasping_perception_node
[68.205s] -- Up-to-date: /home/yuritvr/PFC/wenis_ws/install/simple_grasping/lib/simple_grasping/grasp_planner_node
[68.206s] -- Up-to-date: /home/yuritvr/PFC/wenis_ws/install/simple_grasping/include
[68.206s] -- Up-to-date: /home/yuritvr/PFC/wenis_ws/install/simple_grasping/include/simple_grasping
[68.207s] -- Installing: /home/yuritvr/PFC/wenis_ws/install/simple_grasping/include/simple_grasping/shape_grasp_planner.h
[68.207s] -- Installing: /home/yuritvr/PFC/wenis_ws/install/simple_grasping/include/simple_grasping/cloud_tools.h
[68.208s] -- Installing: /home/yuritvr/PFC/wenis_ws/install/simple_grasping/include/simple_grasping/object_support_segmentation.h
[68.209s] -- Installing: /home/yuritvr/PFC/wenis_ws/install/simple_grasping/include/simple_grasping/shape_extraction.h
[68.209s] -- Installing: /home/yuritvr/PFC/wenis_ws/install/simple_grasping/lib/simple_grasping/do_perception.py
[68.211s] -- Installing: /home/yuritvr/PFC/wenis_ws/install/simple_grasping/lib/libsimple_grasping.so
[68.241s] -- Set runtime path of "/home/yuritvr/PFC/wenis_ws/install/simple_grasping/lib/libsimple_grasping.so" to ""
[68.243s] -- Installing: /home/yuritvr/PFC/wenis_ws/install/simple_grasping/lib/libbasic_grasping_perception.so
[68.278s] -- Set runtime path of "/home/yuritvr/PFC/wenis_ws/install/simple_grasping/lib/libbasic_grasping_perception.so" to ""
[68.280s] -- Installing: /home/yuritvr/PFC/wenis_ws/install/simple_grasping/lib/libgrasp_planner.so
[68.287s] -- Set runtime path of "/home/yuritvr/PFC/wenis_ws/install/simple_grasping/lib/libgrasp_planner.so" to ""
[68.288s] -- Up-to-date: /home/yuritvr/PFC/wenis_ws/install/simple_grasping/share/simple_grasping/environment/library_path.sh
[68.288s] -- Installing: /home/yuritvr/PFC/wenis_ws/install/simple_grasping/share/simple_grasping/environment/library_path.dsv
[68.289s] -- Up-to-date: /home/yuritvr/PFC/wenis_ws/install/simple_grasping/share/ament_index/resource_index/package_run_dependencies/simple_grasping
[68.290s] -- Up-to-date: /home/yuritvr/PFC/wenis_ws/install/simple_grasping/share/ament_index/resource_index/parent_prefix_path/simple_grasping
[68.290s] -- Up-to-date: /home/yuritvr/PFC/wenis_ws/install/simple_grasping/share/simple_grasping/environment/ament_prefix_path.sh
[68.291s] -- Installing: /home/yuritvr/PFC/wenis_ws/install/simple_grasping/share/simple_grasping/environment/ament_prefix_path.dsv
[68.292s] -- Up-to-date: /home/yuritvr/PFC/wenis_ws/install/simple_grasping/share/simple_grasping/environment/path.sh
[68.292s] -- Installing: /home/yuritvr/PFC/wenis_ws/install/simple_grasping/share/simple_grasping/environment/path.dsv
[68.293s] -- Up-to-date: /home/yuritvr/PFC/wenis_ws/install/simple_grasping/share/simple_grasping/local_setup.bash
[68.294s] -- Up-to-date: /home/yuritvr/PFC/wenis_ws/install/simple_grasping/share/simple_grasping/local_setup.sh
[68.294s] -- Up-to-date: /home/yuritvr/PFC/wenis_ws/install/simple_grasping/share/simple_grasping/local_setup.zsh
[68.295s] -- Installing: /home/yuritvr/PFC/wenis_ws/install/simple_grasping/share/simple_grasping/local_setup.dsv
[68.295s] -- Installing: /home/yuritvr/PFC/wenis_ws/install/simple_grasping/share/simple_grasping/package.dsv
[68.296s] -- Up-to-date: /home/yuritvr/PFC/wenis_ws/install/simple_grasping/share/ament_index/resource_index/packages/simple_grasping
[68.297s] -- Up-to-date: /home/yuritvr/PFC/wenis_ws/install/simple_grasping/share/ament_index/resource_index/rclcpp_components/simple_grasping
[68.297s] -- Up-to-date: /home/yuritvr/PFC/wenis_ws/install/simple_grasping/share/simple_grasping/cmake/ament_cmake_export_include_directories-extras.cmake
[68.298s] -- Up-to-date: /home/yuritvr/PFC/wenis_ws/install/simple_grasping/share/simple_grasping/cmake/ament_cmake_export_libraries-extras.cmake
[68.298s] -- Up-to-date: /home/yuritvr/PFC/wenis_ws/install/simple_grasping/share/simple_grasping/cmake/ament_cmake_export_dependencies-extras.cmake
[68.299s] -- Up-to-date: /home/yuritvr/PFC/wenis_ws/install/simple_grasping/share/simple_grasping/cmake/simple_graspingConfig.cmake
[68.299s] -- Up-to-date: /home/yuritvr/PFC/wenis_ws/install/simple_grasping/share/simple_grasping/cmake/simple_graspingConfig-version.cmake
[68.300s] -- Installing: /home/yuritvr/PFC/wenis_ws/install/simple_grasping/share/simple_grasping/package.xml
[68.307s] Invoked command in '/home/yuritvr/PFC/wenis_ws/build/simple_grasping' returned '0': CMAKE_PREFIX_PATH=${CMAKE_PREFIX_PATH}:/opt/ros/humble /usr/bin/cmake --install /home/yuritvr/PFC/wenis_ws/build/simple_grasping
