[0.103s] Invoking command in '/home/yuritvr/PFC/wenis_ws/build/arm_pkg': CMAKE_PREFIX_PATH=${CMAKE_PREFIX_PATH}:/home/yuritvr/PFC/wenis_ws/install/robotiq_85_driver:/home/yuritvr/PFC/pfc_ws/install/robotiq_85_driver:/opt/ros/humble /usr/bin/cmake /home/yuritvr/PFC/wenis_ws/src/ros2_manipulator/robotic_arm_environment/arm_pkg -DCMAKE_INSTALL_PREFIX=/home/yuritvr/PFC/wenis_ws/install/arm_pkg
[0.175s] -- Found ament_cmake: 1.3.9 (/opt/ros/humble/share/ament_cmake/cmake)
[0.484s] -- Override CMake install command with custom implementation using symlinks instead of copying resources
[0.500s] -- Found urdf: 2.6.0 (/opt/ros/humble/share/urdf/cmake)
[0.599s] -- Found xacro: 2.0.8 (/opt/ros/humble/share/xacro/cmake)
[0.599s] -- Found ros2_control: 2.41.0 (/opt/ros/humble/share/ros2_control/cmake)
[0.603s] -- Found gazebo_ros2_control: 0.4.9 (/opt/ros/humble/share/gazebo_ros2_control/cmake)
[0.657s] -- Found rosidl_generator_c: 3.1.5 (/opt/ros/humble/share/rosidl_generator_c/cmake)
[0.661s] -- Found rosidl_adapter: 3.1.5 (/opt/ros/humble/share/rosidl_adapter/cmake)
[0.676s] -- Found rosidl_generator_cpp: 3.1.5 (/opt/ros/humble/share/rosidl_generator_cpp/cmake)
[0.710s] -- Using all available rosidl_typesupport_c: rosidl_typesupport_fastrtps_c;rosidl_typesupport_introspection_c
[0.752s] -- Using all available rosidl_typesupport_cpp: rosidl_typesupport_fastrtps_cpp;rosidl_typesupport_introspection_cpp
[2.396s] -- Found rmw_implementation_cmake: 6.1.2 (/opt/ros/humble/share/rmw_implementation_cmake/cmake)
[2.402s] -- Found rmw_fastrtps_cpp: 6.2.6 (/opt/ros/humble/share/rmw_fastrtps_cpp/cmake)
[2.477s] -- Found TinyXML2 via Config file: TinyXML2_DIR-NOTFOUND
[2.496s] -- Found TinyXML2 via Config file: TinyXML2_DIR-NOTFOUND
[2.550s] -- Found TinyXML2 via Config file: TinyXML2_DIR-NOTFOUND
[2.579s] -- Found TinyXML2 via Config file: TinyXML2_DIR-NOTFOUND
[2.610s] -- Using RMW implementation 'rmw_fastrtps_cpp' as default
[4.635s] -- Found DART: /usr/include (Required is at least version "6.6") found components: dart 
[4.686s] -- Found Protobuf: /usr/lib/x86_64-linux-gnu/libprotobuf.so (found version "3.12.4") 
[4.688s] -- Looking for ignition-math6 -- found version 6.15.1
[4.694s] -- Searching for dependencies of ignition-math6
[4.696s] -- Looking for OGRE...
[4.705s] -- Found Ogre Ghadamon (1.9.0)
[4.706s] -- Found OGRE: optimized;/usr/lib/x86_64-linux-gnu/libOgreMain.so;debug;/usr/lib/x86_64-linux-gnu/libOgreMain.so
[4.719s] -- Looking for OGRE_Paging...
[4.720s] -- Found OGRE_Paging: optimized;/usr/lib/x86_64-linux-gnu/libOgrePaging.so;debug;/usr/lib/x86_64-linux-gnu/libOgrePaging.so
[4.720s] -- Looking for OGRE_Terrain...
[4.720s] -- Found OGRE_Terrain: optimized;/usr/lib/x86_64-linux-gnu/libOgreTerrain.so;debug;/usr/lib/x86_64-linux-gnu/libOgreTerrain.so
[4.720s] -- Looking for OGRE_Property...
[4.720s] -- Found OGRE_Property: optimized;/usr/lib/x86_64-linux-gnu/libOgreProperty.so;debug;/usr/lib/x86_64-linux-gnu/libOgreProperty.so
[4.721s] -- Looking for OGRE_RTShaderSystem...
[4.721s] -- Found OGRE_RTShaderSystem: optimized;/usr/lib/x86_64-linux-gnu/libOgreRTShaderSystem.so;debug;/usr/lib/x86_64-linux-gnu/libOgreRTShaderSystem.so
[4.721s] -- Looking for OGRE_Volume...
[4.721s] -- Found OGRE_Volume: optimized;/usr/lib/x86_64-linux-gnu/libOgreVolume.so;debug;/usr/lib/x86_64-linux-gnu/libOgreVolume.so
[4.721s] -- Looking for OGRE_Overlay...
[4.721s] -- Found OGRE_Overlay: optimized;/usr/lib/x86_64-linux-gnu/libOgreOverlay.so;debug;/usr/lib/x86_64-linux-gnu/libOgreOverlay.so
[5.061s] -- Looking for ignition-math6 -- found version 6.15.1
[5.061s] -- Looking for ignition-transport8 -- found version 8.2.1
[5.062s] -- Searching for dependencies of ignition-transport8
[5.091s] -- Found Protobuf: /usr/lib/x86_64-linux-gnu/libprotobuf.so (found suitable version "3.12.4", minimum required is "3") 
[5.111s] -- Config-file not installed for ZeroMQ -- checking for pkg-config
[5.119s] -- Checking for module 'libzmq >= 4'
[5.140s] --   Found libzmq , version 4.3.4
[5.202s] -- Checking for module 'uuid'
[5.227s] --   Found uuid, version 2.37.2
[5.278s] -- Looking for ignition-msgs5 -- found version 5.8.1
[5.278s] -- Searching for dependencies of ignition-msgs5
[5.317s] -- Looking for ignition-math6 -- found version 6.15.1
[5.329s] -- Looking for ignition-msgs5 -- found version 5.8.1
[5.329s] -- Looking for ignition-common3 -- found version 3.14.0
[5.330s] -- Searching for dependencies of ignition-common3
[5.330s] -- Looking for dlfcn.h - found
[5.330s] -- Looking for libdl - found
[5.349s] -- Searching for <ignition-common3> component [graphics]
[5.349s] -- Looking for ignition-common3-graphics -- found version 3.14.0
[5.350s] -- Searching for dependencies of ignition-common3-graphics
[5.351s] -- Looking for ignition-math6 -- found version 6.15.1
[5.352s] -- Looking for ignition-fuel_tools4 -- found version 4.4.0
[5.353s] -- Searching for dependencies of ignition-fuel_tools4
[5.426s] -- Checking for module 'jsoncpp'
[5.450s] --   Found jsoncpp, version 1.9.5
[5.512s] -- Checking for module 'libzip'
[5.539s] --   Found libzip, version 1.7.3
[5.588s] -- Looking for ignition-common3 -- found version 3.14.0
[5.589s] -- Looking for ignition-math6 -- found version 6.15.1
[5.590s] -- Looking for ignition-msgs5 -- found version 5.8.1
[5.592s] -- Gazebo version: 11.10
[5.914s] -- Found joint_state_broadcaster: 2.35.0 (/opt/ros/humble/share/joint_state_broadcaster/cmake)
[6.060s] -- Found parameter_traits: 0.3.8 (/opt/ros/humble/share/parameter_traits/cmake)
[6.103s] -- Found joint_trajectory_controller: 2.35.0 (/opt/ros/humble/share/joint_trajectory_controller/cmake)
[6.755s] -- Found velocity_controllers: 2.35.0 (/opt/ros/humble/share/velocity_controllers/cmake)
[7.277s] -- Found ament_lint_auto: 0.12.11 (/opt/ros/humble/share/ament_lint_auto/cmake)
[7.399s] -- Added test 'copyright' to check source files copyright and LICENSE
[7.408s] -- Added test 'flake8' to check Python code syntax and style conventions
[7.409s] -- Added test 'lint_cmake' to check CMake code style
[7.410s] -- Added test 'pep257' to check Python code against some of the docstring style conventions in PEP 257
[7.414s] -- Added test 'xmllint' to check XML markup files
[7.416s] -- Configuring done
[7.427s] -- Generating done
[7.432s] -- Build files have been written to: /home/yuritvr/PFC/wenis_ws/build/arm_pkg
