[0.042s] Invoking command in '/home/yuritvr/PFC/wenis_ws/build/moveit2_cartesian': CMAKE_PREFIX_PATH=${CMAKE_PREFIX_PATH}:/opt/ros/humble /usr/bin/cmake --build /home/yuritvr/PFC/wenis_ws/build/moveit2_cartesian -- -j8 -l8
[0.177s] [100%] Built target cartesian_path
[0.217s] Invoked command in '/home/yuritvr/PFC/wenis_ws/build/moveit2_cartesian' returned '0': CMAKE_PREFIX_PATH=${CMAKE_PREFIX_PATH}:/opt/ros/humble /usr/bin/cmake --build /home/yuritvr/PFC/wenis_ws/build/moveit2_cartesian -- -j8 -l8
[0.303s] Invoking command in '/home/yuritvr/PFC/wenis_ws/build/moveit2_cartesian': CMAKE_PREFIX_PATH=${CMAKE_PREFIX_PATH}:/opt/ros/humble /usr/bin/cmake --install /home/yuritvr/PFC/wenis_ws/build/moveit2_cartesian
[0.315s] -- Install configuration: ""
[0.315s] -- Up-to-date: /home/yuritvr/PFC/wenis_ws/install/moveit2_cartesian/lib/moveit2_cartesian/cartesian_path
[0.319s] -- Up-to-date: /home/yuritvr/PFC/wenis_ws/install/moveit2_cartesian/share/moveit2_cartesian/launch
[0.320s] -- Up-to-date: /home/yuritvr/PFC/wenis_ws/install/moveit2_cartesian/share/moveit2_cartesian/launch/cartesian_path.launch.py
[0.320s] -- Up-to-date: /home/yuritvr/PFC/wenis_ws/install/moveit2_cartesian/share/ament_index/resource_index/package_run_dependencies/moveit2_cartesian
[0.320s] -- Up-to-date: /home/yuritvr/PFC/wenis_ws/install/moveit2_cartesian/share/ament_index/resource_index/parent_prefix_path/moveit2_cartesian
[0.320s] -- Up-to-date: /home/yuritvr/PFC/wenis_ws/install/moveit2_cartesian/share/moveit2_cartesian/environment/ament_prefix_path.sh
[0.320s] -- Up-to-date: /home/yuritvr/PFC/wenis_ws/install/moveit2_cartesian/share/moveit2_cartesian/environment/ament_prefix_path.dsv
[0.321s] -- Up-to-date: /home/yuritvr/PFC/wenis_ws/install/moveit2_cartesian/share/moveit2_cartesian/environment/path.sh
[0.321s] -- Up-to-date: /home/yuritvr/PFC/wenis_ws/install/moveit2_cartesian/share/moveit2_cartesian/environment/path.dsv
[0.322s] -- Up-to-date: /home/yuritvr/PFC/wenis_ws/install/moveit2_cartesian/share/moveit2_cartesian/local_setup.bash
[0.322s] -- Up-to-date: /home/yuritvr/PFC/wenis_ws/install/moveit2_cartesian/share/moveit2_cartesian/local_setup.sh
[0.322s] -- Up-to-date: /home/yuritvr/PFC/wenis_ws/install/moveit2_cartesian/share/moveit2_cartesian/local_setup.zsh
[0.323s] -- Up-to-date: /home/yuritvr/PFC/wenis_ws/install/moveit2_cartesian/share/moveit2_cartesian/local_setup.dsv
[0.323s] -- Installing: /home/yuritvr/PFC/wenis_ws/install/moveit2_cartesian/share/moveit2_cartesian/package.dsv
[0.323s] -- Up-to-date: /home/yuritvr/PFC/wenis_ws/install/moveit2_cartesian/share/ament_index/resource_index/packages/moveit2_cartesian
[0.323s] -- Up-to-date: /home/yuritvr/PFC/wenis_ws/install/moveit2_cartesian/share/moveit2_cartesian/cmake/moveit2_cartesianConfig.cmake
[0.324s] -- Up-to-date: /home/yuritvr/PFC/wenis_ws/install/moveit2_cartesian/share/moveit2_cartesian/cmake/moveit2_cartesianConfig-version.cmake
[0.325s] -- Up-to-date: /home/yuritvr/PFC/wenis_ws/install/moveit2_cartesian/share/moveit2_cartesian/package.xml
[0.373s] Invoked command in '/home/yuritvr/PFC/wenis_ws/build/moveit2_cartesian' returned '0': CMAKE_PREFIX_PATH=${CMAKE_PREFIX_PATH}:/opt/ros/humble /usr/bin/cmake --install /home/yuritvr/PFC/wenis_ws/build/moveit2_cartesian
