-- Install configuration: ""
-- Up-to-date: /home/yuritvr/PFC/wenis_ws/install/ur5_ros2_moveit2/share/ur5_ros2_moveit2/config
-- Up-to-date: /home/yuritvr/PFC/wenis_ws/install/ur5_ros2_moveit2/share/ur5_ros2_moveit2/config/chomp_planning.yaml
-- Up-to-date: /home/yuritvr/PFC/wenis_ws/install/ur5_ros2_moveit2/share/ur5_ros2_moveit2/config/kinematics.yaml
-- Up-to-date: /home/yuritvr/PFC/wenis_ws/install/ur5_ros2_moveit2/share/ur5_ros2_moveit2/config/ur5.srdf
-- Up-to-date: /home/yuritvr/PFC/wenis_ws/install/ur5_ros2_moveit2/share/ur5_ros2_moveit2/config/ur5_controllers.yaml
-- Up-to-date: /home/yuritvr/PFC/wenis_ws/install/ur5_ros2_moveit2/share/ur5_ros2_moveit2/config/ur5_moveit2.rviz
-- Up-to-date: /home/yuritvr/PFC/wenis_ws/install/ur5_ros2_moveit2/share/ur5_ros2_moveit2/config/ompl_planning.yaml
-- Up-to-date: /home/yuritvr/PFC/wenis_ws/install/ur5_ros2_moveit2/share/ur5_ros2_moveit2/launch
-- Up-to-date: /home/yuritvr/PFC/wenis_ws/install/ur5_ros2_moveit2/share/ur5_ros2_moveit2/launch/ur5_interface.launch.py
-- Up-to-date: /home/yuritvr/PFC/wenis_ws/install/ur5_ros2_moveit2/share/ur5_ros2_moveit2/launch/ur5.launch.py
-- Up-to-date: /home/yuritvr/PFC/wenis_ws/install/ur5_ros2_moveit2/share/ament_index/resource_index/package_run_dependencies/ur5_ros2_moveit2
-- Up-to-date: /home/yuritvr/PFC/wenis_ws/install/ur5_ros2_moveit2/share/ament_index/resource_index/parent_prefix_path/ur5_ros2_moveit2
-- Up-to-date: /home/yuritvr/PFC/wenis_ws/install/ur5_ros2_moveit2/share/ur5_ros2_moveit2/environment/ament_prefix_path.sh
-- Up-to-date: /home/yuritvr/PFC/wenis_ws/install/ur5_ros2_moveit2/share/ur5_ros2_moveit2/environment/ament_prefix_path.dsv
-- Up-to-date: /home/yuritvr/PFC/wenis_ws/install/ur5_ros2_moveit2/share/ur5_ros2_moveit2/environment/path.sh
-- Up-to-date: /home/yuritvr/PFC/wenis_ws/install/ur5_ros2_moveit2/share/ur5_ros2_moveit2/environment/path.dsv
-- Up-to-date: /home/yuritvr/PFC/wenis_ws/install/ur5_ros2_moveit2/share/ur5_ros2_moveit2/local_setup.bash
-- Up-to-date: /home/yuritvr/PFC/wenis_ws/install/ur5_ros2_moveit2/share/ur5_ros2_moveit2/local_setup.sh
-- Up-to-date: /home/yuritvr/PFC/wenis_ws/install/ur5_ros2_moveit2/share/ur5_ros2_moveit2/local_setup.zsh
-- Up-to-date: /home/yuritvr/PFC/wenis_ws/install/ur5_ros2_moveit2/share/ur5_ros2_moveit2/local_setup.dsv
-- Up-to-date: /home/yuritvr/PFC/wenis_ws/install/ur5_ros2_moveit2/share/ur5_ros2_moveit2/package.dsv
-- Up-to-date: /home/yuritvr/PFC/wenis_ws/install/ur5_ros2_moveit2/share/ament_index/resource_index/packages/ur5_ros2_moveit2
-- Up-to-date: /home/yuritvr/PFC/wenis_ws/install/ur5_ros2_moveit2/share/ur5_ros2_moveit2/cmake/ur5_ros2_moveit2Config.cmake
-- Up-to-date: /home/yuritvr/PFC/wenis_ws/install/ur5_ros2_moveit2/share/ur5_ros2_moveit2/cmake/ur5_ros2_moveit2Config-version.cmake
-- Up-to-date: /home/yuritvr/PFC/wenis_ws/install/ur5_ros2_moveit2/share/ur5_ros2_moveit2/package.xml
