[0.063s] Invoking command in '/home/yuritvr/PFC/wenis_ws/build/arm_pkg': CMAKE_PREFIX_PATH=${CMAKE_PREFIX_PATH}:/opt/ros/humble /usr/bin/cmake --build /home/yuritvr/PFC/wenis_ws/build/arm_pkg -- -j8 -l8
[0.178s] Invoked command in '/home/yuritvr/PFC/wenis_ws/build/arm_pkg' returned '0': CMAKE_PREFIX_PATH=${CMAKE_PREFIX_PATH}:/opt/ros/humble /usr/bin/cmake --build /home/yuritvr/PFC/wenis_ws/build/arm_pkg -- -j8 -l8
[0.354s] Invoking command in '/home/yuritvr/PFC/wenis_ws/build/arm_pkg': CMAKE_PREFIX_PATH=${CMAKE_PREFIX_PATH}:/opt/ros/humble /usr/bin/cmake --install /home/yuritvr/PFC/wenis_ws/build/arm_pkg
[0.387s] -- Install configuration: ""
[0.401s] -- Up-to-date: /home/yuritvr/PFC/wenis_ws/install/arm_pkg/share/arm_pkg//urdf
[0.401s] -- Up-to-date: /home/yuritvr/PFC/wenis_ws/install/arm_pkg/share/arm_pkg//urdf/manipulator.xacro
[0.401s] -- Up-to-date: /home/yuritvr/PFC/wenis_ws/install/arm_pkg/share/arm_pkg//urdf/a0912.urdf.xacro
[0.401s] -- Up-to-date: /home/yuritvr/PFC/wenis_ws/install/arm_pkg/share/arm_pkg//urdf/m1013.urdf.xacro
[0.401s] -- Up-to-date: /home/yuritvr/PFC/wenis_ws/install/arm_pkg/share/arm_pkg//urdf/macro.transmission.xacro
[0.402s] -- Up-to-date: /home/yuritvr/PFC/wenis_ws/install/arm_pkg/share/arm_pkg//urdf/a0912.blue.urdf
[0.402s] -- Up-to-date: /home/yuritvr/PFC/wenis_ws/install/arm_pkg/share/arm_pkg//urdf/macro.a0912.blue.xacro
[0.402s] -- Up-to-date: /home/yuritvr/PFC/wenis_ws/install/arm_pkg/share/arm_pkg//urdf/macro.internal_config.xacro
[0.402s] -- Up-to-date: /home/yuritvr/PFC/wenis_ws/install/arm_pkg/share/arm_pkg//urdf/m1013.white.urdf
[0.403s] -- Up-to-date: /home/yuritvr/PFC/wenis_ws/install/arm_pkg/share/arm_pkg//urdf/macro.m1013.white.xacro
[0.403s] -- Up-to-date: /home/yuritvr/PFC/wenis_ws/install/arm_pkg/share/arm_pkg//urdf/depth_camera.xacro
[0.403s] -- Up-to-date: /home/yuritvr/PFC/wenis_ws/install/arm_pkg/share/arm_pkg//urdf/macro.gazebo_config_control.xacro
[0.403s] -- Up-to-date: /home/yuritvr/PFC/wenis_ws/install/arm_pkg/share/arm_pkg//urdf/macro.bumper_config.xacro
[0.403s] -- Up-to-date: /home/yuritvr/PFC/wenis_ws/install/arm_pkg/share/arm_pkg//launch
[0.408s] -- Up-to-date: /home/yuritvr/PFC/wenis_ws/install/arm_pkg/share/arm_pkg//launch/start_controller.launch.py
[0.408s] -- Up-to-date: /home/yuritvr/PFC/wenis_ws/install/arm_pkg/share/arm_pkg//launch/spawn_gazebo.launch.py
[0.408s] -- Up-to-date: /home/yuritvr/PFC/wenis_ws/install/arm_pkg/share/arm_pkg//launch/start_moveit.launch.py
[0.409s] -- Up-to-date: /home/yuritvr/PFC/wenis_ws/install/arm_pkg/share/arm_pkg//launch/start_world.launch.py
[0.409s] -- Installing: /home/yuritvr/PFC/wenis_ws/install/arm_pkg/share/arm_pkg//launch/main_arm.launch.py
[0.409s] -- Up-to-date: /home/yuritvr/PFC/wenis_ws/install/arm_pkg/share/arm_pkg//meshes
[0.409s] -- Up-to-date: /home/yuritvr/PFC/wenis_ws/install/arm_pkg/share/arm_pkg//meshes/a0912_blue
[0.409s] -- Up-to-date: /home/yuritvr/PFC/wenis_ws/install/arm_pkg/share/arm_pkg//meshes/a0912_blue/A0912_2_1.dae
[0.410s] -- Up-to-date: /home/yuritvr/PFC/wenis_ws/install/arm_pkg/share/arm_pkg//meshes/a0912_blue/A0912_3_1.dae
[0.411s] -- Up-to-date: /home/yuritvr/PFC/wenis_ws/install/arm_pkg/share/arm_pkg//meshes/a0912_blue/A0912_2_0.dae
[0.411s] -- Up-to-date: /home/yuritvr/PFC/wenis_ws/install/arm_pkg/share/arm_pkg//meshes/a0912_blue/A0912_4_0.dae
[0.411s] -- Up-to-date: /home/yuritvr/PFC/wenis_ws/install/arm_pkg/share/arm_pkg//meshes/a0912_blue/A0912_0_0.dae
[0.412s] -- Up-to-date: /home/yuritvr/PFC/wenis_ws/install/arm_pkg/share/arm_pkg//meshes/a0912_blue/A0912_1_0.dae
[0.412s] -- Up-to-date: /home/yuritvr/PFC/wenis_ws/install/arm_pkg/share/arm_pkg//meshes/a0912_blue/A0912_5_1.dae
[0.412s] -- Up-to-date: /home/yuritvr/PFC/wenis_ws/install/arm_pkg/share/arm_pkg//meshes/a0912_blue/A0912_6_0.dae
[0.412s] -- Up-to-date: /home/yuritvr/PFC/wenis_ws/install/arm_pkg/share/arm_pkg//meshes/a0912_blue/A0912_1_1.dae
[0.413s] -- Up-to-date: /home/yuritvr/PFC/wenis_ws/install/arm_pkg/share/arm_pkg//meshes/a0912_blue/A0912_1_2.dae
[0.413s] -- Up-to-date: /home/yuritvr/PFC/wenis_ws/install/arm_pkg/share/arm_pkg//meshes/a0912_blue/A0912_3_0.dae
[0.413s] -- Up-to-date: /home/yuritvr/PFC/wenis_ws/install/arm_pkg/share/arm_pkg//meshes/a0912_blue/A0912_2_2.dae
[0.413s] -- Up-to-date: /home/yuritvr/PFC/wenis_ws/install/arm_pkg/share/arm_pkg//meshes/a0912_blue/A0912_5_0.dae
[0.413s] -- Up-to-date: /home/yuritvr/PFC/wenis_ws/install/arm_pkg/share/arm_pkg//meshes/a0912_blue/A0912_4_1.dae
[0.414s] -- Up-to-date: /home/yuritvr/PFC/wenis_ws/install/arm_pkg/share/arm_pkg//meshes/m1013_white
[0.414s] -- Up-to-date: /home/yuritvr/PFC/wenis_ws/install/arm_pkg/share/arm_pkg//meshes/m1013_white/MF1013_3_0.dae
[0.414s] -- Up-to-date: /home/yuritvr/PFC/wenis_ws/install/arm_pkg/share/arm_pkg//meshes/m1013_white/MF1013_2_2.dae
[0.414s] -- Up-to-date: /home/yuritvr/PFC/wenis_ws/install/arm_pkg/share/arm_pkg//meshes/m1013_white/MF1013_5_0.dae
[0.415s] -- Up-to-date: /home/yuritvr/PFC/wenis_ws/install/arm_pkg/share/arm_pkg//meshes/m1013_white/MF1013_4_0.dae
[0.415s] -- Up-to-date: /home/yuritvr/PFC/wenis_ws/install/arm_pkg/share/arm_pkg//meshes/m1013_white/MF1013_1_0.dae
[0.416s] -- Up-to-date: /home/yuritvr/PFC/wenis_ws/install/arm_pkg/share/arm_pkg//meshes/m1013_white/MF1013_2_1.dae
[0.416s] -- Up-to-date: /home/yuritvr/PFC/wenis_ws/install/arm_pkg/share/arm_pkg//meshes/m1013_white/MF1013_4_1.dae
[0.416s] -- Up-to-date: /home/yuritvr/PFC/wenis_ws/install/arm_pkg/share/arm_pkg//meshes/m1013_white/MF1013_6_0.dae
[0.416s] -- Up-to-date: /home/yuritvr/PFC/wenis_ws/install/arm_pkg/share/arm_pkg//meshes/m1013_white/MF1013_0_0.dae
[0.416s] -- Up-to-date: /home/yuritvr/PFC/wenis_ws/install/arm_pkg/share/arm_pkg//meshes/m1013_white/MF1013_2_0.dae
[0.417s] -- Up-to-date: /home/yuritvr/PFC/wenis_ws/install/arm_pkg/share/arm_pkg//config
[0.417s] -- Up-to-date: /home/yuritvr/PFC/wenis_ws/install/arm_pkg/share/arm_pkg//config/simple_controller.yaml
[0.417s] -- Up-to-date: /home/yuritvr/PFC/wenis_ws/install/arm_pkg/share/ament_index/resource_index/package_run_dependencies/arm_pkg
[0.417s] -- Up-to-date: /home/yuritvr/PFC/wenis_ws/install/arm_pkg/share/ament_index/resource_index/parent_prefix_path/arm_pkg
[0.417s] -- Up-to-date: /home/yuritvr/PFC/wenis_ws/install/arm_pkg/share/arm_pkg/environment/ament_prefix_path.sh
[0.418s] -- Up-to-date: /home/yuritvr/PFC/wenis_ws/install/arm_pkg/share/arm_pkg/environment/ament_prefix_path.dsv
[0.418s] -- Up-to-date: /home/yuritvr/PFC/wenis_ws/install/arm_pkg/share/arm_pkg/environment/path.sh
[0.418s] -- Up-to-date: /home/yuritvr/PFC/wenis_ws/install/arm_pkg/share/arm_pkg/environment/path.dsv
[0.418s] -- Up-to-date: /home/yuritvr/PFC/wenis_ws/install/arm_pkg/share/arm_pkg/local_setup.bash
[0.418s] -- Up-to-date: /home/yuritvr/PFC/wenis_ws/install/arm_pkg/share/arm_pkg/local_setup.sh
[0.418s] -- Up-to-date: /home/yuritvr/PFC/wenis_ws/install/arm_pkg/share/arm_pkg/local_setup.zsh
[0.418s] -- Up-to-date: /home/yuritvr/PFC/wenis_ws/install/arm_pkg/share/arm_pkg/local_setup.dsv
[0.419s] -- Installing: /home/yuritvr/PFC/wenis_ws/install/arm_pkg/share/arm_pkg/package.dsv
[0.419s] -- Up-to-date: /home/yuritvr/PFC/wenis_ws/install/arm_pkg/share/ament_index/resource_index/packages/arm_pkg
[0.419s] -- Up-to-date: /home/yuritvr/PFC/wenis_ws/install/arm_pkg/share/arm_pkg/cmake/arm_pkgConfig.cmake
[0.420s] -- Up-to-date: /home/yuritvr/PFC/wenis_ws/install/arm_pkg/share/arm_pkg/cmake/arm_pkgConfig-version.cmake
[0.420s] -- Up-to-date: /home/yuritvr/PFC/wenis_ws/install/arm_pkg/share/arm_pkg/package.xml
[0.461s] Invoked command in '/home/yuritvr/PFC/wenis_ws/build/arm_pkg' returned '0': CMAKE_PREFIX_PATH=${CMAKE_PREFIX_PATH}:/opt/ros/humble /usr/bin/cmake --install /home/yuritvr/PFC/wenis_ws/build/arm_pkg
