[0.024s] Invoking command in '/home/yuritvr/PFC/pfc_ws/build/gazebo_ros2_control': CMAKE_PREFIX_PATH=${CMAKE_PREFIX_PATH}:/opt/ros/humble /usr/bin/cmake --build /home/yuritvr/PFC/pfc_ws/build/gazebo_ros2_control -- -j8 -l8
[0.076s] Invoked command in '/home/yuritvr/PFC/pfc_ws/build/gazebo_ros2_control' returned '0': CMAKE_PREFIX_PATH=${CMAKE_PREFIX_PATH}:/opt/ros/humble /usr/bin/cmake --build /home/yuritvr/PFC/pfc_ws/build/gazebo_ros2_control -- -j8 -l8
[0.121s] Invoking command in '/home/yuritvr/PFC/pfc_ws/build/gazebo_ros2_control': CMAKE_PREFIX_PATH=${CMAKE_PREFIX_PATH}:/opt/ros/humble /usr/bin/cmake --install /home/yuritvr/PFC/pfc_ws/build/gazebo_ros2_control
[0.132s] -- Install configuration: ""
[0.132s] -- Up-to-date: /home/yuritvr/PFC/pfc_ws/install/gazebo_ros2_control/share/ament_index/resource_index/package_run_dependencies/gazebo_ros2_control
[0.132s] -- Up-to-date: /home/yuritvr/PFC/pfc_ws/install/gazebo_ros2_control/share/ament_index/resource_index/parent_prefix_path/gazebo_ros2_control
[0.133s] -- Up-to-date: /home/yuritvr/PFC/pfc_ws/install/gazebo_ros2_control/share/gazebo_ros2_control/environment/ament_prefix_path.sh
[0.133s] -- Up-to-date: /home/yuritvr/PFC/pfc_ws/install/gazebo_ros2_control/share/gazebo_ros2_control/environment/ament_prefix_path.dsv
[0.133s] -- Up-to-date: /home/yuritvr/PFC/pfc_ws/install/gazebo_ros2_control/share/gazebo_ros2_control/environment/path.sh
[0.133s] -- Up-to-date: /home/yuritvr/PFC/pfc_ws/install/gazebo_ros2_control/share/gazebo_ros2_control/environment/path.dsv
[0.133s] -- Up-to-date: /home/yuritvr/PFC/pfc_ws/install/gazebo_ros2_control/share/gazebo_ros2_control/local_setup.bash
[0.134s] -- Up-to-date: /home/yuritvr/PFC/pfc_ws/install/gazebo_ros2_control/share/gazebo_ros2_control/local_setup.sh
[0.134s] -- Up-to-date: /home/yuritvr/PFC/pfc_ws/install/gazebo_ros2_control/share/gazebo_ros2_control/local_setup.zsh
[0.134s] -- Up-to-date: /home/yuritvr/PFC/pfc_ws/install/gazebo_ros2_control/share/gazebo_ros2_control/local_setup.dsv
[0.134s] -- Installing: /home/yuritvr/PFC/pfc_ws/install/gazebo_ros2_control/share/gazebo_ros2_control/package.dsv
[0.134s] -- Up-to-date: /home/yuritvr/PFC/pfc_ws/install/gazebo_ros2_control/share/ament_index/resource_index/packages/gazebo_ros2_control
[0.135s] -- Up-to-date: /home/yuritvr/PFC/pfc_ws/install/gazebo_ros2_control/share/gazebo_ros2_control/cmake/gazebo_ros2_controlConfig.cmake
[0.135s] -- Up-to-date: /home/yuritvr/PFC/pfc_ws/install/gazebo_ros2_control/share/gazebo_ros2_control/cmake/gazebo_ros2_controlConfig-version.cmake
[0.135s] -- Up-to-date: /home/yuritvr/PFC/pfc_ws/install/gazebo_ros2_control/share/gazebo_ros2_control/package.xml
[0.137s] Invoked command in '/home/yuritvr/PFC/pfc_ws/build/gazebo_ros2_control' returned '0': CMAKE_PREFIX_PATH=${CMAKE_PREFIX_PATH}:/opt/ros/humble /usr/bin/cmake --install /home/yuritvr/PFC/pfc_ws/build/gazebo_ros2_control
