[0.095s] Invoking command in '/home/yuritvr/PFC/wenis_ws/build/wenis_moveit': CMAKE_PREFIX_PATH=/home/yuritvr/PFC/wenis_ws/install/arm_pkg:/home/yuritvr/PFC/wenis_ws/install/xarm_description:/home/yuritvr/PFC/wenis_ws/install/wenis_moveit:/home/yuritvr/PFC/wenis_ws/install/simple_grasping:/home/yuritvr/PFC/wenis_ws/install/moveit_config:/home/yuritvr/PFC/wenis_ws/install/moveit2_scripts:/home/yuritvr/PFC/wenis_ws/install/moveit2_kinematics:/home/yuritvr/PFC/wenis_ws/install/moveit2_cartesian:/home/yuritvr/PFC/wenis_ws/install/get_pose_client:/home/yuritvr/PFC/pfc_ws/install/pfc_moveit:/home/yuritvr/PFC/pfc_ws/install/moveit_test:/home/yuritvr/PFC/pfc_ws/install/ur_robotiq_description:/home/yuritvr/PFC/pfc_ws/install/pfc_arm:/home/yuritvr/PFC/pfc_ws/install/gazebo_ros2_control:/opt/ros/humble /usr/bin/cmake --build /home/yuritvr/PFC/wenis_ws/build/wenis_moveit -- -j8 -l8
[0.151s] Invoked command in '/home/yuritvr/PFC/wenis_ws/build/wenis_moveit' returned '0': CMAKE_PREFIX_PATH=/home/yuritvr/PFC/wenis_ws/install/arm_pkg:/home/yuritvr/PFC/wenis_ws/install/xarm_description:/home/yuritvr/PFC/wenis_ws/install/wenis_moveit:/home/yuritvr/PFC/wenis_ws/install/simple_grasping:/home/yuritvr/PFC/wenis_ws/install/moveit_config:/home/yuritvr/PFC/wenis_ws/install/moveit2_scripts:/home/yuritvr/PFC/wenis_ws/install/moveit2_kinematics:/home/yuritvr/PFC/wenis_ws/install/moveit2_cartesian:/home/yuritvr/PFC/wenis_ws/install/get_pose_client:/home/yuritvr/PFC/pfc_ws/install/pfc_moveit:/home/yuritvr/PFC/pfc_ws/install/moveit_test:/home/yuritvr/PFC/pfc_ws/install/ur_robotiq_description:/home/yuritvr/PFC/pfc_ws/install/pfc_arm:/home/yuritvr/PFC/pfc_ws/install/gazebo_ros2_control:/opt/ros/humble /usr/bin/cmake --build /home/yuritvr/PFC/wenis_ws/build/wenis_moveit -- -j8 -l8
[0.187s] Invoking command in '/home/yuritvr/PFC/wenis_ws/build/wenis_moveit': CMAKE_PREFIX_PATH=/home/yuritvr/PFC/wenis_ws/install/arm_pkg:/home/yuritvr/PFC/wenis_ws/install/xarm_description:/home/yuritvr/PFC/wenis_ws/install/wenis_moveit:/home/yuritvr/PFC/wenis_ws/install/simple_grasping:/home/yuritvr/PFC/wenis_ws/install/moveit_config:/home/yuritvr/PFC/wenis_ws/install/moveit2_scripts:/home/yuritvr/PFC/wenis_ws/install/moveit2_kinematics:/home/yuritvr/PFC/wenis_ws/install/moveit2_cartesian:/home/yuritvr/PFC/wenis_ws/install/get_pose_client:/home/yuritvr/PFC/pfc_ws/install/pfc_moveit:/home/yuritvr/PFC/pfc_ws/install/moveit_test:/home/yuritvr/PFC/pfc_ws/install/ur_robotiq_description:/home/yuritvr/PFC/pfc_ws/install/pfc_arm:/home/yuritvr/PFC/pfc_ws/install/gazebo_ros2_control:/opt/ros/humble /usr/bin/cmake --install /home/yuritvr/PFC/wenis_ws/build/wenis_moveit
[0.194s] -- Install configuration: ""
[0.195s] -- Up-to-date: /home/yuritvr/PFC/wenis_ws/install/wenis_moveit/share/ament_index/resource_index/package_run_dependencies/wenis_moveit
[0.195s] -- Up-to-date: /home/yuritvr/PFC/wenis_ws/install/wenis_moveit/share/ament_index/resource_index/parent_prefix_path/wenis_moveit
[0.195s] -- Up-to-date: /home/yuritvr/PFC/wenis_ws/install/wenis_moveit/share/wenis_moveit/environment/ament_prefix_path.sh
[0.196s] -- Up-to-date: /home/yuritvr/PFC/wenis_ws/install/wenis_moveit/share/wenis_moveit/environment/ament_prefix_path.dsv
[0.196s] -- Up-to-date: /home/yuritvr/PFC/wenis_ws/install/wenis_moveit/share/wenis_moveit/environment/path.sh
[0.196s] -- Up-to-date: /home/yuritvr/PFC/wenis_ws/install/wenis_moveit/share/wenis_moveit/environment/path.dsv
[0.196s] -- Up-to-date: /home/yuritvr/PFC/wenis_ws/install/wenis_moveit/share/wenis_moveit/local_setup.bash
[0.197s] -- Up-to-date: /home/yuritvr/PFC/wenis_ws/install/wenis_moveit/share/wenis_moveit/local_setup.sh
[0.197s] -- Up-to-date: /home/yuritvr/PFC/wenis_ws/install/wenis_moveit/share/wenis_moveit/local_setup.zsh
[0.197s] -- Up-to-date: /home/yuritvr/PFC/wenis_ws/install/wenis_moveit/share/wenis_moveit/local_setup.dsv
[0.197s] -- Installing: /home/yuritvr/PFC/wenis_ws/install/wenis_moveit/share/wenis_moveit/package.dsv
[0.197s] -- Up-to-date: /home/yuritvr/PFC/wenis_ws/install/wenis_moveit/share/ament_index/resource_index/packages/wenis_moveit
[0.198s] -- Up-to-date: /home/yuritvr/PFC/wenis_ws/install/wenis_moveit/share/wenis_moveit/cmake/wenis_moveitConfig.cmake
[0.199s] -- Up-to-date: /home/yuritvr/PFC/wenis_ws/install/wenis_moveit/share/wenis_moveit/cmake/wenis_moveitConfig-version.cmake
[0.200s] -- Up-to-date: /home/yuritvr/PFC/wenis_ws/install/wenis_moveit/share/wenis_moveit/package.xml
[0.200s] -- Up-to-date: /home/yuritvr/PFC/wenis_ws/install/wenis_moveit/share/wenis_moveit/launch
[0.200s] -- Up-to-date: /home/yuritvr/PFC/wenis_ws/install/wenis_moveit/share/wenis_moveit/launch/static_virtual_joint_tfs.launch.py
[0.200s] -- Up-to-date: /home/yuritvr/PFC/wenis_ws/install/wenis_moveit/share/wenis_moveit/launch/moveit_rviz.launch.py
[0.201s] -- Up-to-date: /home/yuritvr/PFC/wenis_ws/install/wenis_moveit/share/wenis_moveit/launch/spawn_controllers.launch.py
[0.201s] -- Up-to-date: /home/yuritvr/PFC/wenis_ws/install/wenis_moveit/share/wenis_moveit/launch/rsp.launch.py
[0.201s] -- Up-to-date: /home/yuritvr/PFC/wenis_ws/install/wenis_moveit/share/wenis_moveit/launch/move_group.launch.py
[0.201s] -- Up-to-date: /home/yuritvr/PFC/wenis_ws/install/wenis_moveit/share/wenis_moveit/launch/warehouse_db.launch.py
[0.201s] -- Up-to-date: /home/yuritvr/PFC/wenis_ws/install/wenis_moveit/share/wenis_moveit/launch/demo.launch.py
[0.201s] -- Up-to-date: /home/yuritvr/PFC/wenis_ws/install/wenis_moveit/share/wenis_moveit/launch/setup_assistant.launch.py
[0.202s] -- Up-to-date: /home/yuritvr/PFC/wenis_ws/install/wenis_moveit/share/wenis_moveit/launch/__pycache__
[0.202s] -- Up-to-date: /home/yuritvr/PFC/wenis_ws/install/wenis_moveit/share/wenis_moveit/launch/__pycache__/demo.launch.cpython-310.pyc
[0.202s] -- Up-to-date: /home/yuritvr/PFC/wenis_ws/install/wenis_moveit/share/wenis_moveit/config
[0.202s] -- Up-to-date: /home/yuritvr/PFC/wenis_ws/install/wenis_moveit/share/wenis_moveit/config/joint_limits.yaml
[0.202s] -- Up-to-date: /home/yuritvr/PFC/wenis_ws/install/wenis_moveit/share/wenis_moveit/config/moveit.rviz
[0.202s] -- Up-to-date: /home/yuritvr/PFC/wenis_ws/install/wenis_moveit/share/wenis_moveit/config/robot_description.urdf.xacro
[0.203s] -- Up-to-date: /home/yuritvr/PFC/wenis_ws/install/wenis_moveit/share/wenis_moveit/config/robot_description.srdf
[0.203s] -- Up-to-date: /home/yuritvr/PFC/wenis_ws/install/wenis_moveit/share/wenis_moveit/config/robot_description.ros2_control.xacro
[0.203s] -- Up-to-date: /home/yuritvr/PFC/wenis_ws/install/wenis_moveit/share/wenis_moveit/config/kinematics.yaml
[0.203s] -- Up-to-date: /home/yuritvr/PFC/wenis_ws/install/wenis_moveit/share/wenis_moveit/config/moveit_controllers.yaml
[0.203s] -- Up-to-date: /home/yuritvr/PFC/wenis_ws/install/wenis_moveit/share/wenis_moveit/config/ros2_controllers.yaml
[0.203s] -- Up-to-date: /home/yuritvr/PFC/wenis_ws/install/wenis_moveit/share/wenis_moveit/config/pilz_cartesian_limits.yaml
[0.204s] -- Up-to-date: /home/yuritvr/PFC/wenis_ws/install/wenis_moveit/share/wenis_moveit/config/initial_positions.yaml
[0.204s] -- Up-to-date: /home/yuritvr/PFC/wenis_ws/install/wenis_moveit/share/wenis_moveit/.setup_assistant
[0.204s] Invoked command in '/home/yuritvr/PFC/wenis_ws/build/wenis_moveit' returned '0': CMAKE_PREFIX_PATH=/home/yuritvr/PFC/wenis_ws/install/arm_pkg:/home/yuritvr/PFC/wenis_ws/install/xarm_description:/home/yuritvr/PFC/wenis_ws/install/wenis_moveit:/home/yuritvr/PFC/wenis_ws/install/simple_grasping:/home/yuritvr/PFC/wenis_ws/install/moveit_config:/home/yuritvr/PFC/wenis_ws/install/moveit2_scripts:/home/yuritvr/PFC/wenis_ws/install/moveit2_kinematics:/home/yuritvr/PFC/wenis_ws/install/moveit2_cartesian:/home/yuritvr/PFC/wenis_ws/install/get_pose_client:/home/yuritvr/PFC/pfc_ws/install/pfc_moveit:/home/yuritvr/PFC/pfc_ws/install/moveit_test:/home/yuritvr/PFC/pfc_ws/install/ur_robotiq_description:/home/yuritvr/PFC/pfc_ws/install/pfc_arm:/home/yuritvr/PFC/pfc_ws/install/gazebo_ros2_control:/opt/ros/humble /usr/bin/cmake --install /home/yuritvr/PFC/wenis_ws/build/wenis_moveit
