[0.050s] Invoking command in '/home/yuritvr/PFC/wenis_ws/build/pfcbot': /usr/bin/cmake /home/yuritvr/PFC/wenis_ws/src/pfcbot -DCMAKE_INSTALL_PREFIX=/home/yuritvr/PFC/wenis_ws/install/pfcbot
[0.204s] -- The C compiler identification is GNU 11.4.0
[0.325s] -- The CXX compiler identification is GNU 11.4.0
[0.341s] -- Detecting C compiler ABI info
[0.480s] -- Detecting C compiler ABI info - done
[0.502s] -- Check for working C compiler: /usr/bin/cc - skipped
[0.502s] -- Detecting C compile features
[0.503s] -- Detecting C compile features - done
[0.508s] -- Detecting CXX compiler ABI info
[0.697s] -- Detecting CXX compiler ABI info - done
[0.749s] -- Check for working CXX compiler: /usr/bin/c++ - skipped
[0.750s] -- Detecting CXX compile features
[0.751s] -- Detecting CXX compile features - done
[0.758s] [31mCMake Error at CMakeLists.txt:9 (find_package):
[0.758s]   By not providing "Findament_cmake.cmake" in CMAKE_MODULE_PATH this project
[0.758s]   has asked CMake to find a package configuration file provided by
[0.758s]   "ament_cmake", but CMake did not find one.
[0.758s] 
[0.759s]   Could not find a package configuration file provided by "ament_cmake" with
[0.759s]   any of the following names:
[0.759s] 
[0.759s]     ament_cmakeConfig.cmake
[0.759s]     ament_cmake-config.cmake
[0.759s] 
[0.759s]   Add the installation prefix of "ament_cmake" to CMAKE_PREFIX_PATH or set
[0.759s]   "ament_cmake_DIR" to a directory containing one of the above files.  If
[0.759s]   "ament_cmake" provides a separate development package or SDK, be sure it
[0.759s]   has been installed.
[0.759s] 
[0.760s] [0m
[0.760s] -- Configuring incomplete, errors occurred!
[0.760s] See also "/home/yuritvr/PFC/wenis_ws/build/pfcbot/CMakeFiles/CMakeOutput.log".
[0.772s] Invoked command in '/home/yuritvr/PFC/wenis_ws/build/pfcbot' returned '1': /usr/bin/cmake /home/yuritvr/PFC/wenis_ws/src/pfcbot -DCMAKE_INSTALL_PREFIX=/home/yuritvr/PFC/wenis_ws/install/pfcbot
