[0.032s] Invoking command in '/home/yuritvr/PFC/pfc_ws/build/manipulator_ros1_to_ros2': CMAKE_PREFIX_PATH=${CMAKE_PREFIX_PATH}:/opt/ros/humble /usr/bin/cmake /home/yuritvr/PFC/pfc_ws/src/manipulator_ros1_to_ros2 -DCMAKE_INSTALL_PREFIX=/home/yuritvr/PFC/pfc_ws/install/manipulator_ros1_to_ros2
[0.195s] -- The C compiler identification is GNU 11.4.0
[0.380s] -- The CXX compiler identification is GNU 11.4.0
[0.409s] -- Detecting C compiler ABI info
[0.618s] -- Detecting C compiler ABI info - done
[0.662s] -- Check for working C compiler: /usr/bin/cc - skipped
[0.662s] -- Detecting C compile features
[0.664s] -- Detecting C compile features - done
[0.664s] -- Detecting CXX compiler ABI info
[0.943s] -- Detecting CXX compiler ABI info - done
[0.973s] -- Check for working CXX compiler: /usr/bin/c++ - skipped
[0.974s] -- Detecting CXX compile features
[0.976s] -- Detecting CXX compile features - done
[0.991s] -- Found ament_cmake: 1.3.9 (/opt/ros/humble/share/ament_cmake/cmake)
[1.588s] -- Found Python3: /usr/bin/python3 (found version "3.10.12") found components: Interpreter 
[1.984s] -- Found ament_lint_auto: 0.12.11 (/opt/ros/humble/share/ament_lint_auto/cmake)
[2.308s] -- Added test 'flake8' to check Python code syntax and style conventions
[2.312s] -- Added test 'lint_cmake' to check CMake code style
[2.315s] -- Added test 'pep257' to check Python code against some of the docstring style conventions in PEP 257
[2.323s] -- Added test 'xmllint' to check XML markup files
[2.329s] -- Configuring done
[2.339s] -- Generating done
[2.343s] -- Build files have been written to: /home/yuritvr/PFC/pfc_ws/build/manipulator_ros1_to_ros2
[2.357s] Invoked command in '/home/yuritvr/PFC/pfc_ws/build/manipulator_ros1_to_ros2' returned '0': CMAKE_PREFIX_PATH=${CMAKE_PREFIX_PATH}:/opt/ros/humble /usr/bin/cmake /home/yuritvr/PFC/pfc_ws/src/manipulator_ros1_to_ros2 -DCMAKE_INSTALL_PREFIX=/home/yuritvr/PFC/pfc_ws/install/manipulator_ros1_to_ros2
[2.362s] Invoking command in '/home/yuritvr/PFC/pfc_ws/build/manipulator_ros1_to_ros2': CMAKE_PREFIX_PATH=${CMAKE_PREFIX_PATH}:/opt/ros/humble /usr/bin/cmake --build /home/yuritvr/PFC/pfc_ws/build/manipulator_ros1_to_ros2 -- -j8 -l8
[2.511s] Invoked command in '/home/yuritvr/PFC/pfc_ws/build/manipulator_ros1_to_ros2' returned '0': CMAKE_PREFIX_PATH=${CMAKE_PREFIX_PATH}:/opt/ros/humble /usr/bin/cmake --build /home/yuritvr/PFC/pfc_ws/build/manipulator_ros1_to_ros2 -- -j8 -l8
[2.599s] Invoking command in '/home/yuritvr/PFC/pfc_ws/build/manipulator_ros1_to_ros2': CMAKE_PREFIX_PATH=${CMAKE_PREFIX_PATH}:/opt/ros/humble /usr/bin/cmake --install /home/yuritvr/PFC/pfc_ws/build/manipulator_ros1_to_ros2
[2.627s] -- Install configuration: ""
[2.628s] -- Installing: /home/yuritvr/PFC/pfc_ws/install/manipulator_ros1_to_ros2/share/ament_index/resource_index/package_run_dependencies/manipulator_ros1_to_ros2
[2.630s] -- Installing: /home/yuritvr/PFC/pfc_ws/install/manipulator_ros1_to_ros2/share/ament_index/resource_index/parent_prefix_path/manipulator_ros1_to_ros2
[2.631s] -- Installing: /home/yuritvr/PFC/pfc_ws/install/manipulator_ros1_to_ros2/share/manipulator_ros1_to_ros2/environment/ament_prefix_path.sh
[2.632s] -- Installing: /home/yuritvr/PFC/pfc_ws/install/manipulator_ros1_to_ros2/share/manipulator_ros1_to_ros2/environment/ament_prefix_path.dsv
[2.632s] -- Installing: /home/yuritvr/PFC/pfc_ws/install/manipulator_ros1_to_ros2/share/manipulator_ros1_to_ros2/environment/path.sh
[2.633s] -- Installing: /home/yuritvr/PFC/pfc_ws/install/manipulator_ros1_to_ros2/share/manipulator_ros1_to_ros2/environment/path.dsv
[2.633s] -- Installing: /home/yuritvr/PFC/pfc_ws/install/manipulator_ros1_to_ros2/share/manipulator_ros1_to_ros2/local_setup.bash
[2.634s] -- Installing: /home/yuritvr/PFC/pfc_ws/install/manipulator_ros1_to_ros2/share/manipulator_ros1_to_ros2/local_setup.sh
[2.634s] -- Installing: /home/yuritvr/PFC/pfc_ws/install/manipulator_ros1_to_ros2/share/manipulator_ros1_to_ros2/local_setup.zsh
[2.635s] -- Installing: /home/yuritvr/PFC/pfc_ws/install/manipulator_ros1_to_ros2/share/manipulator_ros1_to_ros2/local_setup.dsv
[2.635s] -- Installing: /home/yuritvr/PFC/pfc_ws/install/manipulator_ros1_to_ros2/share/manipulator_ros1_to_ros2/package.dsv
[2.636s] -- Installing: /home/yuritvr/PFC/pfc_ws/install/manipulator_ros1_to_ros2/share/ament_index/resource_index/packages/manipulator_ros1_to_ros2
[2.637s] -- Installing: /home/yuritvr/PFC/pfc_ws/install/manipulator_ros1_to_ros2/share/manipulator_ros1_to_ros2/cmake/manipulator_ros1_to_ros2Config.cmake
[2.638s] -- Installing: /home/yuritvr/PFC/pfc_ws/install/manipulator_ros1_to_ros2/share/manipulator_ros1_to_ros2/cmake/manipulator_ros1_to_ros2Config-version.cmake
[2.638s] -- Installing: /home/yuritvr/PFC/pfc_ws/install/manipulator_ros1_to_ros2/share/manipulator_ros1_to_ros2/package.xml
[2.646s] Invoked command in '/home/yuritvr/PFC/pfc_ws/build/manipulator_ros1_to_ros2' returned '0': CMAKE_PREFIX_PATH=${CMAKE_PREFIX_PATH}:/opt/ros/humble /usr/bin/cmake --install /home/yuritvr/PFC/pfc_ws/build/manipulator_ros1_to_ros2
