[0.096s] Invoking command in '/home/yuritvr/PFC/wenis_ws/build/get_pose_client': CMAKE_PREFIX_PATH=${CMAKE_PREFIX_PATH}:/home/yuritvr/PFC/wenis_ws/install/robotiq_85_driver:/home/yuritvr/PFC/pfc_ws/install/robotiq_85_driver:/opt/ros/humble /usr/bin/cmake /home/yuritvr/PFC/wenis_ws/src/ros2_manipulator/get_pose_client -DAMENT_CMAKE_SYMLINK_INSTALL=1 -DCMAKE_INSTALL_PREFIX=/home/yuritvr/PFC/wenis_ws/install/get_pose_client
[0.215s] -- Found ament_cmake: 1.3.9 (/opt/ros/humble/share/ament_cmake/cmake)
[0.524s] -- Override CMake install command with custom implementation using symlinks instead of copying resources
[0.539s] -- Found grasping_msgs: 0.4.0 (/opt/ros/humble/share/grasping_msgs/cmake)
[0.664s] -- Found rosidl_generator_c: 3.1.5 (/opt/ros/humble/share/rosidl_generator_c/cmake)
[0.664s] -- Found rosidl_adapter: 3.1.5 (/opt/ros/humble/share/rosidl_adapter/cmake)
[0.664s] -- Found rosidl_generator_cpp: 3.1.5 (/opt/ros/humble/share/rosidl_generator_cpp/cmake)
[0.695s] -- Using all available rosidl_typesupport_c: rosidl_typesupport_fastrtps_c;rosidl_typesupport_introspection_c
[0.734s] -- Using all available rosidl_typesupport_cpp: rosidl_typesupport_fastrtps_cpp;rosidl_typesupport_introspection_cpp
[3.913s] -- Found rclcpp: 16.0.9 (/opt/ros/humble/share/rclcpp/cmake)
[4.044s] -- Found rmw_implementation_cmake: 6.1.2 (/opt/ros/humble/share/rmw_implementation_cmake/cmake)
[4.052s] -- Found rmw_fastrtps_cpp: 6.2.6 (/opt/ros/humble/share/rmw_fastrtps_cpp/cmake)
[4.328s] -- Using RMW implementation 'rmw_fastrtps_cpp' as default
[4.599s] -- Found rclcpp_action: 16.0.9 (/opt/ros/humble/share/rclcpp_action/cmake)
[4.665s] -- Found ament_lint_auto: 0.12.11 (/opt/ros/humble/share/ament_lint_auto/cmake)
[4.795s] -- Added test 'cppcheck' to perform static code analysis on C / C++ code
[4.795s] -- Configured cppcheck include dirs: 
[4.795s] -- Configured cppcheck exclude dirs and/or files: 
[4.796s] -- Added test 'lint_cmake' to check CMake code style
[4.799s] -- Added test 'uncrustify' to check C / C++ code style
[4.799s] -- Configured uncrustify additional arguments: 
[4.799s] -- Added test 'xmllint' to check XML markup files
[4.799s] -- Configuring done
[4.829s] -- Generating done
[4.832s] -- Build files have been written to: /home/yuritvr/PFC/wenis_ws/build/get_pose_client
