-- Install configuration: ""
-- Up-to-date: /home/yuritvr/PFC/new_arm_ws/install/irb6640_ros2_gazebo/share/irb6640_ros2_gazebo/config
-- Up-to-date: /home/yuritvr/PFC/new_arm_ws/install/irb6640_ros2_gazebo/share/irb6640_ros2_gazebo/config/irb6640_controller.yaml
-- Up-to-date: /home/yuritvr/PFC/new_arm_ws/install/irb6640_ros2_gazebo/share/irb6640_ros2_gazebo/launch
-- Up-to-date: /home/yuritvr/PFC/new_arm_ws/install/irb6640_ros2_gazebo/share/irb6640_ros2_gazebo/launch/irb6640_simulation.launch.py
-- Up-to-date: /home/yuritvr/PFC/new_arm_ws/install/irb6640_ros2_gazebo/share/irb6640_ros2_gazebo/urdf
-- Up-to-date: /home/yuritvr/PFC/new_arm_ws/install/irb6640_ros2_gazebo/share/irb6640_ros2_gazebo/urdf/irb6640_macro.urdf.xacro
-- Up-to-date: /home/yuritvr/PFC/new_arm_ws/install/irb6640_ros2_gazebo/share/irb6640_ros2_gazebo/urdf/irb6640_transmission.xacro
-- Up-to-date: /home/yuritvr/PFC/new_arm_ws/install/irb6640_ros2_gazebo/share/irb6640_ros2_gazebo/urdf/irb6640_ros2control.xacro
-- Up-to-date: /home/yuritvr/PFC/new_arm_ws/install/irb6640_ros2_gazebo/share/irb6640_ros2_gazebo/urdf/abb_resources
-- Up-to-date: /home/yuritvr/PFC/new_arm_ws/install/irb6640_ros2_gazebo/share/irb6640_ros2_gazebo/urdf/abb_resources/common_materials.xacro
-- Up-to-date: /home/yuritvr/PFC/new_arm_ws/install/irb6640_ros2_gazebo/share/irb6640_ros2_gazebo/urdf/abb_resources/common_colours.xacro
-- Up-to-date: /home/yuritvr/PFC/new_arm_ws/install/irb6640_ros2_gazebo/share/irb6640_ros2_gazebo/urdf/irb6640.urdf.xacro
-- Up-to-date: /home/yuritvr/PFC/new_arm_ws/install/irb6640_ros2_gazebo/share/irb6640_ros2_gazebo/worlds
-- Up-to-date: /home/yuritvr/PFC/new_arm_ws/install/irb6640_ros2_gazebo/share/irb6640_ros2_gazebo/worlds/irb6640.world
-- Up-to-date: /home/yuritvr/PFC/new_arm_ws/install/irb6640_ros2_gazebo/share/irb6640_ros2_gazebo/meshes
-- Up-to-date: /home/yuritvr/PFC/new_arm_ws/install/irb6640_ros2_gazebo/share/irb6640_ros2_gazebo/meshes/visual
-- Up-to-date: /home/yuritvr/PFC/new_arm_ws/install/irb6640_ros2_gazebo/share/irb6640_ros2_gazebo/meshes/visual/cylinder_link.dae
-- Up-to-date: /home/yuritvr/PFC/new_arm_ws/install/irb6640_ros2_gazebo/share/irb6640_ros2_gazebo/meshes/visual/link_3.dae
-- Up-to-date: /home/yuritvr/PFC/new_arm_ws/install/irb6640_ros2_gazebo/share/irb6640_ros2_gazebo/meshes/visual/link_2.dae
-- Up-to-date: /home/yuritvr/PFC/new_arm_ws/install/irb6640_ros2_gazebo/share/irb6640_ros2_gazebo/meshes/visual/link_4.dae
-- Up-to-date: /home/yuritvr/PFC/new_arm_ws/install/irb6640_ros2_gazebo/share/irb6640_ros2_gazebo/meshes/visual/link_1.dae
-- Up-to-date: /home/yuritvr/PFC/new_arm_ws/install/irb6640_ros2_gazebo/share/irb6640_ros2_gazebo/meshes/visual/base_link.dae
-- Up-to-date: /home/yuritvr/PFC/new_arm_ws/install/irb6640_ros2_gazebo/share/irb6640_ros2_gazebo/meshes/visual/piston_link.dae
-- Up-to-date: /home/yuritvr/PFC/new_arm_ws/install/irb6640_ros2_gazebo/share/irb6640_ros2_gazebo/meshes/visual/link_6.dae
-- Up-to-date: /home/yuritvr/PFC/new_arm_ws/install/irb6640_ros2_gazebo/share/irb6640_ros2_gazebo/meshes/visual/link_5.dae
-- Up-to-date: /home/yuritvr/PFC/new_arm_ws/install/irb6640_ros2_gazebo/share/irb6640_ros2_gazebo/meshes/collision
-- Up-to-date: /home/yuritvr/PFC/new_arm_ws/install/irb6640_ros2_gazebo/share/irb6640_ros2_gazebo/meshes/collision/link_4.stl
-- Up-to-date: /home/yuritvr/PFC/new_arm_ws/install/irb6640_ros2_gazebo/share/irb6640_ros2_gazebo/meshes/collision/base_link.stl
-- Up-to-date: /home/yuritvr/PFC/new_arm_ws/install/irb6640_ros2_gazebo/share/irb6640_ros2_gazebo/meshes/collision/piston_link.stl
-- Up-to-date: /home/yuritvr/PFC/new_arm_ws/install/irb6640_ros2_gazebo/share/irb6640_ros2_gazebo/meshes/collision/link_2.stl
-- Up-to-date: /home/yuritvr/PFC/new_arm_ws/install/irb6640_ros2_gazebo/share/irb6640_ros2_gazebo/meshes/collision/link_6.stl
-- Up-to-date: /home/yuritvr/PFC/new_arm_ws/install/irb6640_ros2_gazebo/share/irb6640_ros2_gazebo/meshes/collision/link_1.stl
-- Up-to-date: /home/yuritvr/PFC/new_arm_ws/install/irb6640_ros2_gazebo/share/irb6640_ros2_gazebo/meshes/collision/cylinder_link.stl
-- Up-to-date: /home/yuritvr/PFC/new_arm_ws/install/irb6640_ros2_gazebo/share/irb6640_ros2_gazebo/meshes/collision/link_5.stl
-- Up-to-date: /home/yuritvr/PFC/new_arm_ws/install/irb6640_ros2_gazebo/share/irb6640_ros2_gazebo/meshes/collision/link_3.stl
-- Up-to-date: /home/yuritvr/PFC/new_arm_ws/install/irb6640_ros2_gazebo/share/ament_index/resource_index/package_run_dependencies/irb6640_ros2_gazebo
-- Up-to-date: /home/yuritvr/PFC/new_arm_ws/install/irb6640_ros2_gazebo/share/ament_index/resource_index/parent_prefix_path/irb6640_ros2_gazebo
-- Up-to-date: /home/yuritvr/PFC/new_arm_ws/install/irb6640_ros2_gazebo/share/irb6640_ros2_gazebo/environment/ament_prefix_path.sh
-- Up-to-date: /home/yuritvr/PFC/new_arm_ws/install/irb6640_ros2_gazebo/share/irb6640_ros2_gazebo/environment/ament_prefix_path.dsv
-- Up-to-date: /home/yuritvr/PFC/new_arm_ws/install/irb6640_ros2_gazebo/share/irb6640_ros2_gazebo/environment/path.sh
-- Up-to-date: /home/yuritvr/PFC/new_arm_ws/install/irb6640_ros2_gazebo/share/irb6640_ros2_gazebo/environment/path.dsv
-- Up-to-date: /home/yuritvr/PFC/new_arm_ws/install/irb6640_ros2_gazebo/share/irb6640_ros2_gazebo/local_setup.bash
-- Up-to-date: /home/yuritvr/PFC/new_arm_ws/install/irb6640_ros2_gazebo/share/irb6640_ros2_gazebo/local_setup.sh
-- Up-to-date: /home/yuritvr/PFC/new_arm_ws/install/irb6640_ros2_gazebo/share/irb6640_ros2_gazebo/local_setup.zsh
-- Up-to-date: /home/yuritvr/PFC/new_arm_ws/install/irb6640_ros2_gazebo/share/irb6640_ros2_gazebo/local_setup.dsv
-- Up-to-date: /home/yuritvr/PFC/new_arm_ws/install/irb6640_ros2_gazebo/share/irb6640_ros2_gazebo/package.dsv
-- Up-to-date: /home/yuritvr/PFC/new_arm_ws/install/irb6640_ros2_gazebo/share/ament_index/resource_index/packages/irb6640_ros2_gazebo
-- Up-to-date: /home/yuritvr/PFC/new_arm_ws/install/irb6640_ros2_gazebo/share/irb6640_ros2_gazebo/cmake/irb6640_ros2_gazeboConfig.cmake
-- Up-to-date: /home/yuritvr/PFC/new_arm_ws/install/irb6640_ros2_gazebo/share/irb6640_ros2_gazebo/cmake/irb6640_ros2_gazeboConfig-version.cmake
-- Up-to-date: /home/yuritvr/PFC/new_arm_ws/install/irb6640_ros2_gazebo/share/irb6640_ros2_gazebo/package.xml
