[0.071s] Invoking command in '/home/yuritvr/PFC/wenis_ws/build/platform': CMAKE_PREFIX_PATH=${CMAKE_PREFIX_PATH}:/home/yuritvr/PFC/wenis_ws/install/robotiq_85_driver:/home/yuritvr/PFC/wenis_ws/install/robotiq_85_description:/opt/ros/humble /usr/bin/cmake --build /home/yuritvr/PFC/wenis_ws/build/platform -- -j8 -l8
[0.151s] Invoked command in '/home/yuritvr/PFC/wenis_ws/build/platform' returned '0': CMAKE_PREFIX_PATH=${CMAKE_PREFIX_PATH}:/home/yuritvr/PFC/wenis_ws/install/robotiq_85_driver:/home/yuritvr/PFC/wenis_ws/install/robotiq_85_description:/opt/ros/humble /usr/bin/cmake --build /home/yuritvr/PFC/wenis_ws/build/platform -- -j8 -l8
[0.238s] Invoking command in '/home/yuritvr/PFC/wenis_ws/build/platform': CMAKE_PREFIX_PATH=${CMAKE_PREFIX_PATH}:/home/yuritvr/PFC/wenis_ws/install/robotiq_85_driver:/home/yuritvr/PFC/wenis_ws/install/robotiq_85_description:/opt/ros/humble /usr/bin/cmake --install /home/yuritvr/PFC/wenis_ws/build/platform
[0.256s] -- Install configuration: ""
[0.257s] -- Up-to-date: /home/yuritvr/PFC/wenis_ws/install/platform/share/ament_index/resource_index/package_run_dependencies/platform
[0.260s] -- Up-to-date: /home/yuritvr/PFC/wenis_ws/install/platform/share/ament_index/resource_index/parent_prefix_path/platform
[0.261s] -- Up-to-date: /home/yuritvr/PFC/wenis_ws/install/platform/share/platform/environment/ament_prefix_path.sh
[0.262s] -- Up-to-date: /home/yuritvr/PFC/wenis_ws/install/platform/share/platform/environment/ament_prefix_path.dsv
[0.264s] -- Up-to-date: /home/yuritvr/PFC/wenis_ws/install/platform/share/platform/environment/path.sh
[0.264s] -- Up-to-date: /home/yuritvr/PFC/wenis_ws/install/platform/share/platform/environment/path.dsv
[0.264s] -- Up-to-date: /home/yuritvr/PFC/wenis_ws/install/platform/share/platform/local_setup.bash
[0.265s] -- Up-to-date: /home/yuritvr/PFC/wenis_ws/install/platform/share/platform/local_setup.sh
[0.265s] -- Up-to-date: /home/yuritvr/PFC/wenis_ws/install/platform/share/platform/local_setup.zsh
[0.265s] -- Up-to-date: /home/yuritvr/PFC/wenis_ws/install/platform/share/platform/local_setup.dsv
[0.265s] -- Installing: /home/yuritvr/PFC/wenis_ws/install/platform/share/platform/package.dsv
[0.265s] -- Up-to-date: /home/yuritvr/PFC/wenis_ws/install/platform/share/ament_index/resource_index/packages/platform
[0.266s] -- Up-to-date: /home/yuritvr/PFC/wenis_ws/install/platform/share/platform/cmake/platformConfig.cmake
[0.266s] -- Up-to-date: /home/yuritvr/PFC/wenis_ws/install/platform/share/platform/cmake/platformConfig-version.cmake
[0.266s] -- Up-to-date: /home/yuritvr/PFC/wenis_ws/install/platform/share/platform/package.xml
[0.267s] Invoked command in '/home/yuritvr/PFC/wenis_ws/build/platform' returned '0': CMAKE_PREFIX_PATH=${CMAKE_PREFIX_PATH}:/home/yuritvr/PFC/wenis_ws/install/robotiq_85_driver:/home/yuritvr/PFC/wenis_ws/install/robotiq_85_description:/opt/ros/humble /usr/bin/cmake --install /home/yuritvr/PFC/wenis_ws/build/platform
