[0.085s] Invoking command in '/home/yuritvr/PFC/wenis_ws/build/ur3_ros2_moveit2': AMENT_PREFIX_PATH=/home/yuritvr/PFC/wenis_ws/install/ros2_data:${AMENT_PREFIX_PATH} CMAKE_PREFIX_PATH=/home/yuritvr/PFC/wenis_ws/install/ros2_data:/opt/ros/humble LD_LIBRARY_PATH=/home/yuritvr/PFC/wenis_ws/install/ros2_data/lib:/usr/lib/x86_64-linux-gnu/gazebo-11/plugins:/opt/ros/humble/opt/rviz_ogre_vendor/lib:/opt/ros/humble/lib/x86_64-linux-gnu:/opt/ros/humble/lib:/usr/lib/x86_64-linux-gnu/gazebo-11/plugins PYTHONPATH=/home/yuritvr/PFC/wenis_ws/install/ros2_data/local/lib/python3.10/dist-packages:${PYTHONPATH} /usr/bin/cmake /home/yuritvr/PFC/wenis_ws/src/UniversalRobots/UR3/ur3_ros2_moveit2 -DCMAKE_INSTALL_PREFIX=/home/yuritvr/PFC/wenis_ws/install/ur3_ros2_moveit2
[0.190s] -- The C compiler identification is GNU 11.4.0
[0.284s] -- The CXX compiler identification is GNU 11.4.0
[0.295s] -- Detecting C compiler ABI info
[0.421s] -- Detecting C compiler ABI info - done
[0.446s] -- Check for working C compiler: /usr/bin/cc - skipped
[0.446s] -- Detecting C compile features
[0.447s] -- Detecting C compile features - done
[0.453s] -- Detecting CXX compiler ABI info
[0.612s] -- Detecting CXX compiler ABI info - done
[0.628s] -- Check for working CXX compiler: /usr/bin/c++ - skipped
[0.629s] -- Detecting CXX compile features
[0.630s] -- Detecting CXX compile features - done
[0.639s] -- Found ament_cmake: 1.3.9 (/opt/ros/humble/share/ament_cmake/cmake)
[0.958s] -- Found Python3: /usr/bin/python3 (found version "3.10.12") found components: Interpreter 
[1.136s] -- Found ament_lint_auto: 0.12.11 (/opt/ros/humble/share/ament_lint_auto/cmake)
[1.316s] -- Added test 'copyright' to check source files copyright and LICENSE
[1.321s] -- Added test 'flake8' to check Python code syntax and style conventions
[1.322s] -- Added test 'lint_cmake' to check CMake code style
[1.323s] -- Added test 'pep257' to check Python code against some of the docstring style conventions in PEP 257
[1.327s] -- Added test 'xmllint' to check XML markup files
[1.329s] -- Configuring done
[1.335s] -- Generating done
[1.337s] -- Build files have been written to: /home/yuritvr/PFC/wenis_ws/build/ur3_ros2_moveit2
[1.353s] Invoked command in '/home/yuritvr/PFC/wenis_ws/build/ur3_ros2_moveit2' returned '0': AMENT_PREFIX_PATH=/home/yuritvr/PFC/wenis_ws/install/ros2_data:${AMENT_PREFIX_PATH} CMAKE_PREFIX_PATH=/home/yuritvr/PFC/wenis_ws/install/ros2_data:/opt/ros/humble LD_LIBRARY_PATH=/home/yuritvr/PFC/wenis_ws/install/ros2_data/lib:/usr/lib/x86_64-linux-gnu/gazebo-11/plugins:/opt/ros/humble/opt/rviz_ogre_vendor/lib:/opt/ros/humble/lib/x86_64-linux-gnu:/opt/ros/humble/lib:/usr/lib/x86_64-linux-gnu/gazebo-11/plugins PYTHONPATH=/home/yuritvr/PFC/wenis_ws/install/ros2_data/local/lib/python3.10/dist-packages:${PYTHONPATH} /usr/bin/cmake /home/yuritvr/PFC/wenis_ws/src/UniversalRobots/UR3/ur3_ros2_moveit2 -DCMAKE_INSTALL_PREFIX=/home/yuritvr/PFC/wenis_ws/install/ur3_ros2_moveit2
[1.356s] Invoking command in '/home/yuritvr/PFC/wenis_ws/build/ur3_ros2_moveit2': AMENT_PREFIX_PATH=/home/yuritvr/PFC/wenis_ws/install/ros2_data:${AMENT_PREFIX_PATH} CMAKE_PREFIX_PATH=/home/yuritvr/PFC/wenis_ws/install/ros2_data:/opt/ros/humble LD_LIBRARY_PATH=/home/yuritvr/PFC/wenis_ws/install/ros2_data/lib:/usr/lib/x86_64-linux-gnu/gazebo-11/plugins:/opt/ros/humble/opt/rviz_ogre_vendor/lib:/opt/ros/humble/lib/x86_64-linux-gnu:/opt/ros/humble/lib:/usr/lib/x86_64-linux-gnu/gazebo-11/plugins PYTHONPATH=/home/yuritvr/PFC/wenis_ws/install/ros2_data/local/lib/python3.10/dist-packages:${PYTHONPATH} /usr/bin/cmake --build /home/yuritvr/PFC/wenis_ws/build/ur3_ros2_moveit2 -- -j8 -l8
[1.426s] Invoked command in '/home/yuritvr/PFC/wenis_ws/build/ur3_ros2_moveit2' returned '0': AMENT_PREFIX_PATH=/home/yuritvr/PFC/wenis_ws/install/ros2_data:${AMENT_PREFIX_PATH} CMAKE_PREFIX_PATH=/home/yuritvr/PFC/wenis_ws/install/ros2_data:/opt/ros/humble LD_LIBRARY_PATH=/home/yuritvr/PFC/wenis_ws/install/ros2_data/lib:/usr/lib/x86_64-linux-gnu/gazebo-11/plugins:/opt/ros/humble/opt/rviz_ogre_vendor/lib:/opt/ros/humble/lib/x86_64-linux-gnu:/opt/ros/humble/lib:/usr/lib/x86_64-linux-gnu/gazebo-11/plugins PYTHONPATH=/home/yuritvr/PFC/wenis_ws/install/ros2_data/local/lib/python3.10/dist-packages:${PYTHONPATH} /usr/bin/cmake --build /home/yuritvr/PFC/wenis_ws/build/ur3_ros2_moveit2 -- -j8 -l8
[1.476s] Invoking command in '/home/yuritvr/PFC/wenis_ws/build/ur3_ros2_moveit2': AMENT_PREFIX_PATH=/home/yuritvr/PFC/wenis_ws/install/ros2_data:${AMENT_PREFIX_PATH} CMAKE_PREFIX_PATH=/home/yuritvr/PFC/wenis_ws/install/ros2_data:/opt/ros/humble LD_LIBRARY_PATH=/home/yuritvr/PFC/wenis_ws/install/ros2_data/lib:/usr/lib/x86_64-linux-gnu/gazebo-11/plugins:/opt/ros/humble/opt/rviz_ogre_vendor/lib:/opt/ros/humble/lib/x86_64-linux-gnu:/opt/ros/humble/lib:/usr/lib/x86_64-linux-gnu/gazebo-11/plugins PYTHONPATH=/home/yuritvr/PFC/wenis_ws/install/ros2_data/local/lib/python3.10/dist-packages:${PYTHONPATH} /usr/bin/cmake --install /home/yuritvr/PFC/wenis_ws/build/ur3_ros2_moveit2
[1.492s] -- Install configuration: ""
[1.492s] -- Installing: /home/yuritvr/PFC/wenis_ws/install/ur3_ros2_moveit2/share/ur3_ros2_moveit2/config
[1.492s] -- Installing: /home/yuritvr/PFC/wenis_ws/install/ur3_ros2_moveit2/share/ur3_ros2_moveit2/config/chomp_planning.yaml
[1.493s] -- Installing: /home/yuritvr/PFC/wenis_ws/install/ur3_ros2_moveit2/share/ur3_ros2_moveit2/config/ur3_controllers.yaml
[1.493s] -- Installing: /home/yuritvr/PFC/wenis_ws/install/ur3_ros2_moveit2/share/ur3_ros2_moveit2/config/kinematics.yaml
[1.493s] -- Installing: /home/yuritvr/PFC/wenis_ws/install/ur3_ros2_moveit2/share/ur3_ros2_moveit2/config/ur3.srdf
[1.493s] -- Installing: /home/yuritvr/PFC/wenis_ws/install/ur3_ros2_moveit2/share/ur3_ros2_moveit2/config/ur3_moveit2.rviz
[1.494s] -- Installing: /home/yuritvr/PFC/wenis_ws/install/ur3_ros2_moveit2/share/ur3_ros2_moveit2/config/ompl_planning.yaml
[1.494s] -- Installing: /home/yuritvr/PFC/wenis_ws/install/ur3_ros2_moveit2/share/ur3_ros2_moveit2/launch
[1.494s] -- Installing: /home/yuritvr/PFC/wenis_ws/install/ur3_ros2_moveit2/share/ur3_ros2_moveit2/launch/ur3_interface.launch.py
[1.494s] -- Installing: /home/yuritvr/PFC/wenis_ws/install/ur3_ros2_moveit2/share/ur3_ros2_moveit2/launch/ur3.launch.py
[1.495s] -- Installing: /home/yuritvr/PFC/wenis_ws/install/ur3_ros2_moveit2/share/ament_index/resource_index/package_run_dependencies/ur3_ros2_moveit2
[1.495s] -- Installing: /home/yuritvr/PFC/wenis_ws/install/ur3_ros2_moveit2/share/ament_index/resource_index/parent_prefix_path/ur3_ros2_moveit2
[1.495s] -- Installing: /home/yuritvr/PFC/wenis_ws/install/ur3_ros2_moveit2/share/ur3_ros2_moveit2/environment/ament_prefix_path.sh
[1.496s] -- Installing: /home/yuritvr/PFC/wenis_ws/install/ur3_ros2_moveit2/share/ur3_ros2_moveit2/environment/ament_prefix_path.dsv
[1.496s] -- Installing: /home/yuritvr/PFC/wenis_ws/install/ur3_ros2_moveit2/share/ur3_ros2_moveit2/environment/path.sh
[1.496s] -- Installing: /home/yuritvr/PFC/wenis_ws/install/ur3_ros2_moveit2/share/ur3_ros2_moveit2/environment/path.dsv
[1.497s] -- Installing: /home/yuritvr/PFC/wenis_ws/install/ur3_ros2_moveit2/share/ur3_ros2_moveit2/local_setup.bash
[1.497s] -- Installing: /home/yuritvr/PFC/wenis_ws/install/ur3_ros2_moveit2/share/ur3_ros2_moveit2/local_setup.sh
[1.497s] -- Installing: /home/yuritvr/PFC/wenis_ws/install/ur3_ros2_moveit2/share/ur3_ros2_moveit2/local_setup.zsh
[1.498s] -- Installing: /home/yuritvr/PFC/wenis_ws/install/ur3_ros2_moveit2/share/ur3_ros2_moveit2/local_setup.dsv
[1.498s] -- Installing: /home/yuritvr/PFC/wenis_ws/install/ur3_ros2_moveit2/share/ur3_ros2_moveit2/package.dsv
[1.498s] -- Installing: /home/yuritvr/PFC/wenis_ws/install/ur3_ros2_moveit2/share/ament_index/resource_index/packages/ur3_ros2_moveit2
[1.499s] -- Installing: /home/yuritvr/PFC/wenis_ws/install/ur3_ros2_moveit2/share/ur3_ros2_moveit2/cmake/ur3_ros2_moveit2Config.cmake
[1.499s] -- Installing: /home/yuritvr/PFC/wenis_ws/install/ur3_ros2_moveit2/share/ur3_ros2_moveit2/cmake/ur3_ros2_moveit2Config-version.cmake
[1.499s] -- Installing: /home/yuritvr/PFC/wenis_ws/install/ur3_ros2_moveit2/share/ur3_ros2_moveit2/package.xml
[1.505s] Invoked command in '/home/yuritvr/PFC/wenis_ws/build/ur3_ros2_moveit2' returned '0': AMENT_PREFIX_PATH=/home/yuritvr/PFC/wenis_ws/install/ros2_data:${AMENT_PREFIX_PATH} CMAKE_PREFIX_PATH=/home/yuritvr/PFC/wenis_ws/install/ros2_data:/opt/ros/humble LD_LIBRARY_PATH=/home/yuritvr/PFC/wenis_ws/install/ros2_data/lib:/usr/lib/x86_64-linux-gnu/gazebo-11/plugins:/opt/ros/humble/opt/rviz_ogre_vendor/lib:/opt/ros/humble/lib/x86_64-linux-gnu:/opt/ros/humble/lib:/usr/lib/x86_64-linux-gnu/gazebo-11/plugins PYTHONPATH=/home/yuritvr/PFC/wenis_ws/install/ros2_data/local/lib/python3.10/dist-packages:${PYTHONPATH} /usr/bin/cmake --install /home/yuritvr/PFC/wenis_ws/build/ur3_ros2_moveit2
