[0.032s] Invoking command in '/home/yuritvr/PFC/pfc_ws/build/pfcbot_moveit_config': AMENT_PREFIX_PATH=/home/yuritvr/PFC/pfc_ws/install/pfcbot:${AMENT_PREFIX_PATH} CMAKE_PREFIX_PATH=/home/yuritvr/PFC/pfc_ws/install/pfcbot:/opt/ros/humble /usr/bin/cmake --build /home/yuritvr/PFC/pfc_ws/build/pfcbot_moveit_config -- -j8 -l8
[0.068s] -- Found ament_cmake: 1.3.9 (/opt/ros/humble/share/ament_cmake/cmake)
[0.390s] -- Configuring done
[0.395s] -- Generating done
[0.398s] -- Build files have been written to: /home/yuritvr/PFC/pfc_ws/build/pfcbot_moveit_config
[0.431s] Invoked command in '/home/yuritvr/PFC/pfc_ws/build/pfcbot_moveit_config' returned '0': AMENT_PREFIX_PATH=/home/yuritvr/PFC/pfc_ws/install/pfcbot:${AMENT_PREFIX_PATH} CMAKE_PREFIX_PATH=/home/yuritvr/PFC/pfc_ws/install/pfcbot:/opt/ros/humble /usr/bin/cmake --build /home/yuritvr/PFC/pfc_ws/build/pfcbot_moveit_config -- -j8 -l8
[0.465s] Invoking command in '/home/yuritvr/PFC/pfc_ws/build/pfcbot_moveit_config': AMENT_PREFIX_PATH=/home/yuritvr/PFC/pfc_ws/install/pfcbot:${AMENT_PREFIX_PATH} CMAKE_PREFIX_PATH=/home/yuritvr/PFC/pfc_ws/install/pfcbot:/opt/ros/humble /usr/bin/cmake --install /home/yuritvr/PFC/pfc_ws/build/pfcbot_moveit_config
[0.478s] -- Install configuration: ""
[0.478s] -- Up-to-date: /home/yuritvr/PFC/pfc_ws/install/pfcbot_moveit_config/share/ament_index/resource_index/package_run_dependencies/pfcbot_moveit_config
[0.478s] -- Up-to-date: /home/yuritvr/PFC/pfc_ws/install/pfcbot_moveit_config/share/ament_index/resource_index/parent_prefix_path/pfcbot_moveit_config
[0.479s] -- Up-to-date: /home/yuritvr/PFC/pfc_ws/install/pfcbot_moveit_config/share/pfcbot_moveit_config/environment/ament_prefix_path.sh
[0.479s] -- Installing: /home/yuritvr/PFC/pfc_ws/install/pfcbot_moveit_config/share/pfcbot_moveit_config/environment/ament_prefix_path.dsv
[0.479s] -- Up-to-date: /home/yuritvr/PFC/pfc_ws/install/pfcbot_moveit_config/share/pfcbot_moveit_config/environment/path.sh
[0.479s] -- Installing: /home/yuritvr/PFC/pfc_ws/install/pfcbot_moveit_config/share/pfcbot_moveit_config/environment/path.dsv
[0.480s] -- Up-to-date: /home/yuritvr/PFC/pfc_ws/install/pfcbot_moveit_config/share/pfcbot_moveit_config/local_setup.bash
[0.480s] -- Up-to-date: /home/yuritvr/PFC/pfc_ws/install/pfcbot_moveit_config/share/pfcbot_moveit_config/local_setup.sh
[0.480s] -- Up-to-date: /home/yuritvr/PFC/pfc_ws/install/pfcbot_moveit_config/share/pfcbot_moveit_config/local_setup.zsh
[0.480s] -- Installing: /home/yuritvr/PFC/pfc_ws/install/pfcbot_moveit_config/share/pfcbot_moveit_config/local_setup.dsv
[0.481s] -- Installing: /home/yuritvr/PFC/pfc_ws/install/pfcbot_moveit_config/share/pfcbot_moveit_config/package.dsv
[0.481s] -- Up-to-date: /home/yuritvr/PFC/pfc_ws/install/pfcbot_moveit_config/share/ament_index/resource_index/packages/pfcbot_moveit_config
[0.481s] -- Up-to-date: /home/yuritvr/PFC/pfc_ws/install/pfcbot_moveit_config/share/pfcbot_moveit_config/cmake/pfcbot_moveit_configConfig.cmake
[0.481s] -- Up-to-date: /home/yuritvr/PFC/pfc_ws/install/pfcbot_moveit_config/share/pfcbot_moveit_config/cmake/pfcbot_moveit_configConfig-version.cmake
[0.482s] -- Installing: /home/yuritvr/PFC/pfc_ws/install/pfcbot_moveit_config/share/pfcbot_moveit_config/package.xml
[0.482s] -- Up-to-date: /home/yuritvr/PFC/pfc_ws/install/pfcbot_moveit_config/share/pfcbot_moveit_config//launch
[0.482s] -- Installing: /home/yuritvr/PFC/pfc_ws/install/pfcbot_moveit_config/share/pfcbot_moveit_config//launch/static_virtual_joint_tfs.launch.py
[0.482s] -- Installing: /home/yuritvr/PFC/pfc_ws/install/pfcbot_moveit_config/share/pfcbot_moveit_config//launch/moveit_rviz.launch.py
[0.483s] -- Installing: /home/yuritvr/PFC/pfc_ws/install/pfcbot_moveit_config/share/pfcbot_moveit_config//launch/spawn_controllers.launch.py
[0.483s] -- Installing: /home/yuritvr/PFC/pfc_ws/install/pfcbot_moveit_config/share/pfcbot_moveit_config//launch/rsp.launch.py
[0.483s] -- Installing: /home/yuritvr/PFC/pfc_ws/install/pfcbot_moveit_config/share/pfcbot_moveit_config//launch/move_group.launch.py
[0.483s] -- Installing: /home/yuritvr/PFC/pfc_ws/install/pfcbot_moveit_config/share/pfcbot_moveit_config//launch/warehouse_db.launch.py
[0.484s] -- Installing: /home/yuritvr/PFC/pfc_ws/install/pfcbot_moveit_config/share/pfcbot_moveit_config//launch/demo.launch.py
[0.484s] -- Installing: /home/yuritvr/PFC/pfc_ws/install/pfcbot_moveit_config/share/pfcbot_moveit_config//launch/setup_assistant.launch.py
[0.484s] -- Up-to-date: /home/yuritvr/PFC/pfc_ws/install/pfcbot_moveit_config/share/pfcbot_moveit_config//config
[0.485s] -- Installing: /home/yuritvr/PFC/pfc_ws/install/pfcbot_moveit_config/share/pfcbot_moveit_config//config/joint_limits.yaml
[0.485s] -- Installing: /home/yuritvr/PFC/pfc_ws/install/pfcbot_moveit_config/share/pfcbot_moveit_config//config/moveit.rviz
[0.485s] -- Installing: /home/yuritvr/PFC/pfc_ws/install/pfcbot_moveit_config/share/pfcbot_moveit_config//config/robot_description.urdf.xacro
[0.485s] -- Installing: /home/yuritvr/PFC/pfc_ws/install/pfcbot_moveit_config/share/pfcbot_moveit_config//config/robot_description.srdf
[0.485s] -- Installing: /home/yuritvr/PFC/pfc_ws/install/pfcbot_moveit_config/share/pfcbot_moveit_config//config/robot_description.ros2_control.xacro
[0.486s] -- Installing: /home/yuritvr/PFC/pfc_ws/install/pfcbot_moveit_config/share/pfcbot_moveit_config//config/sensors_3d.yaml
[0.486s] -- Installing: /home/yuritvr/PFC/pfc_ws/install/pfcbot_moveit_config/share/pfcbot_moveit_config//config/kinematics.yaml
[0.486s] -- Installing: /home/yuritvr/PFC/pfc_ws/install/pfcbot_moveit_config/share/pfcbot_moveit_config//config/moveit_controllers.yaml
[0.487s] -- Up-to-date: /home/yuritvr/PFC/pfc_ws/install/pfcbot_moveit_config/share/pfcbot_moveit_config//config/ros2_controllers.yaml
[0.487s] -- Installing: /home/yuritvr/PFC/pfc_ws/install/pfcbot_moveit_config/share/pfcbot_moveit_config//config/pilz_cartesian_limits.yaml
[0.487s] -- Installing: /home/yuritvr/PFC/pfc_ws/install/pfcbot_moveit_config/share/pfcbot_moveit_config//config/initial_positions.yaml
[0.487s] -- Up-to-date: /home/yuritvr/PFC/pfc_ws/install/pfcbot_moveit_config/share/pfcbot_moveit_config/launch
[0.487s] -- Up-to-date: /home/yuritvr/PFC/pfc_ws/install/pfcbot_moveit_config/share/pfcbot_moveit_config/launch/static_virtual_joint_tfs.launch.py
[0.487s] -- Up-to-date: /home/yuritvr/PFC/pfc_ws/install/pfcbot_moveit_config/share/pfcbot_moveit_config/launch/moveit_rviz.launch.py
[0.488s] -- Up-to-date: /home/yuritvr/PFC/pfc_ws/install/pfcbot_moveit_config/share/pfcbot_moveit_config/launch/spawn_controllers.launch.py
[0.488s] -- Up-to-date: /home/yuritvr/PFC/pfc_ws/install/pfcbot_moveit_config/share/pfcbot_moveit_config/launch/rsp.launch.py
[0.488s] -- Up-to-date: /home/yuritvr/PFC/pfc_ws/install/pfcbot_moveit_config/share/pfcbot_moveit_config/launch/move_group.launch.py
[0.488s] -- Up-to-date: /home/yuritvr/PFC/pfc_ws/install/pfcbot_moveit_config/share/pfcbot_moveit_config/launch/warehouse_db.launch.py
[0.488s] -- Up-to-date: /home/yuritvr/PFC/pfc_ws/install/pfcbot_moveit_config/share/pfcbot_moveit_config/launch/demo.launch.py
[0.488s] -- Up-to-date: /home/yuritvr/PFC/pfc_ws/install/pfcbot_moveit_config/share/pfcbot_moveit_config/launch/setup_assistant.launch.py
[0.489s] -- Up-to-date: /home/yuritvr/PFC/pfc_ws/install/pfcbot_moveit_config/share/pfcbot_moveit_config/config
[0.489s] -- Up-to-date: /home/yuritvr/PFC/pfc_ws/install/pfcbot_moveit_config/share/pfcbot_moveit_config/config/joint_limits.yaml
[0.489s] -- Up-to-date: /home/yuritvr/PFC/pfc_ws/install/pfcbot_moveit_config/share/pfcbot_moveit_config/config/moveit.rviz
[0.489s] -- Up-to-date: /home/yuritvr/PFC/pfc_ws/install/pfcbot_moveit_config/share/pfcbot_moveit_config/config/robot_description.urdf.xacro
[0.490s] -- Up-to-date: /home/yuritvr/PFC/pfc_ws/install/pfcbot_moveit_config/share/pfcbot_moveit_config/config/robot_description.srdf
[0.490s] -- Up-to-date: /home/yuritvr/PFC/pfc_ws/install/pfcbot_moveit_config/share/pfcbot_moveit_config/config/robot_description.ros2_control.xacro
[0.490s] -- Up-to-date: /home/yuritvr/PFC/pfc_ws/install/pfcbot_moveit_config/share/pfcbot_moveit_config/config/sensors_3d.yaml
[0.491s] -- Up-to-date: /home/yuritvr/PFC/pfc_ws/install/pfcbot_moveit_config/share/pfcbot_moveit_config/config/kinematics.yaml
[0.492s] -- Up-to-date: /home/yuritvr/PFC/pfc_ws/install/pfcbot_moveit_config/share/pfcbot_moveit_config/config/moveit_controllers.yaml
[0.492s] -- Up-to-date: /home/yuritvr/PFC/pfc_ws/install/pfcbot_moveit_config/share/pfcbot_moveit_config/config/ros2_controllers.yaml
[0.493s] -- Up-to-date: /home/yuritvr/PFC/pfc_ws/install/pfcbot_moveit_config/share/pfcbot_moveit_config/config/pilz_cartesian_limits.yaml
[0.493s] -- Up-to-date: /home/yuritvr/PFC/pfc_ws/install/pfcbot_moveit_config/share/pfcbot_moveit_config/config/initial_positions.yaml
[0.493s] -- Installing: /home/yuritvr/PFC/pfc_ws/install/pfcbot_moveit_config/share/pfcbot_moveit_config/.setup_assistant
[0.493s] Invoked command in '/home/yuritvr/PFC/pfc_ws/build/pfcbot_moveit_config' returned '0': AMENT_PREFIX_PATH=/home/yuritvr/PFC/pfc_ws/install/pfcbot:${AMENT_PREFIX_PATH} CMAKE_PREFIX_PATH=/home/yuritvr/PFC/pfc_ws/install/pfcbot:/opt/ros/humble /usr/bin/cmake --install /home/yuritvr/PFC/pfc_ws/build/pfcbot_moveit_config
