[0.010s] Invoking command in '/home/yuritvr/PFC/pfc_ws/build/pfc_moveit': CMAKE_PREFIX_PATH=/home/yuritvr/PFC/pfc_ws/install/ur_robotiq_description:/home/yuritvr/PFC/pfc_ws/src/ur_pfc_arm/install/ur_robotiq_description:/home/yuritvr/PFC/pfc_ws/install/pfc_arm:/home/yuritvr/PFC/pfc_ws/install/gazebo_ros2_control:/opt/ros/humble /usr/bin/cmake /home/yuritvr/PFC/pfc_ws/src/pfc_moveit -DCMAKE_INSTALL_PREFIX=/home/yuritvr/PFC/pfc_ws/install/pfc_moveit
[0.057s] -- The C compiler identification is GNU 11.4.0
[0.105s] -- The CXX compiler identification is GNU 11.4.0
[0.111s] -- Detecting C compiler ABI info
[0.172s] -- Detecting C compiler ABI info - done
[0.178s] -- Check for working C compiler: /usr/bin/cc - skipped
[0.178s] -- Detecting C compile features
[0.179s] -- Detecting C compile features - done
[0.181s] -- Detecting CXX compiler ABI info
[0.251s] -- Detecting CXX compiler ABI info - done
[0.258s] -- Check for working CXX compiler: /usr/bin/c++ - skipped
[0.258s] -- Detecting CXX compile features
[0.259s] -- Detecting CXX compile features - done
[0.261s] -- Found ament_cmake: 1.3.8 (/opt/ros/humble/share/ament_cmake/cmake)
[0.393s] -- Found Python3: /usr/bin/python3 (found version "3.10.12") found components: Interpreter 
[0.531s] -- Configuring done
[0.533s] -- Generating done
[0.533s] -- Build files have been written to: /home/yuritvr/PFC/pfc_ws/build/pfc_moveit
[0.538s] Invoked command in '/home/yuritvr/PFC/pfc_ws/build/pfc_moveit' returned '0': CMAKE_PREFIX_PATH=/home/yuritvr/PFC/pfc_ws/install/ur_robotiq_description:/home/yuritvr/PFC/pfc_ws/src/ur_pfc_arm/install/ur_robotiq_description:/home/yuritvr/PFC/pfc_ws/install/pfc_arm:/home/yuritvr/PFC/pfc_ws/install/gazebo_ros2_control:/opt/ros/humble /usr/bin/cmake /home/yuritvr/PFC/pfc_ws/src/pfc_moveit -DCMAKE_INSTALL_PREFIX=/home/yuritvr/PFC/pfc_ws/install/pfc_moveit
[0.540s] Invoking command in '/home/yuritvr/PFC/pfc_ws/build/pfc_moveit': CMAKE_PREFIX_PATH=/home/yuritvr/PFC/pfc_ws/install/ur_robotiq_description:/home/yuritvr/PFC/pfc_ws/src/ur_pfc_arm/install/ur_robotiq_description:/home/yuritvr/PFC/pfc_ws/install/pfc_arm:/home/yuritvr/PFC/pfc_ws/install/gazebo_ros2_control:/opt/ros/humble /usr/bin/cmake --build /home/yuritvr/PFC/pfc_ws/build/pfc_moveit -- -j8 -l8
[0.573s] Invoked command in '/home/yuritvr/PFC/pfc_ws/build/pfc_moveit' returned '0': CMAKE_PREFIX_PATH=/home/yuritvr/PFC/pfc_ws/install/ur_robotiq_description:/home/yuritvr/PFC/pfc_ws/src/ur_pfc_arm/install/ur_robotiq_description:/home/yuritvr/PFC/pfc_ws/install/pfc_arm:/home/yuritvr/PFC/pfc_ws/install/gazebo_ros2_control:/opt/ros/humble /usr/bin/cmake --build /home/yuritvr/PFC/pfc_ws/build/pfc_moveit -- -j8 -l8
[0.600s] Invoking command in '/home/yuritvr/PFC/pfc_ws/build/pfc_moveit': CMAKE_PREFIX_PATH=/home/yuritvr/PFC/pfc_ws/install/ur_robotiq_description:/home/yuritvr/PFC/pfc_ws/src/ur_pfc_arm/install/ur_robotiq_description:/home/yuritvr/PFC/pfc_ws/install/pfc_arm:/home/yuritvr/PFC/pfc_ws/install/gazebo_ros2_control:/opt/ros/humble /usr/bin/cmake --install /home/yuritvr/PFC/pfc_ws/build/pfc_moveit
[0.607s] -- Install configuration: ""
[0.607s] -- Installing: /home/yuritvr/PFC/pfc_ws/install/pfc_moveit/share/ament_index/resource_index/package_run_dependencies/pfc_moveit
[0.607s] -- Installing: /home/yuritvr/PFC/pfc_ws/install/pfc_moveit/share/ament_index/resource_index/parent_prefix_path/pfc_moveit
[0.607s] -- Installing: /home/yuritvr/PFC/pfc_ws/install/pfc_moveit/share/pfc_moveit/environment/ament_prefix_path.sh
[0.607s] -- Installing: /home/yuritvr/PFC/pfc_ws/install/pfc_moveit/share/pfc_moveit/environment/ament_prefix_path.dsv
[0.608s] -- Installing: /home/yuritvr/PFC/pfc_ws/install/pfc_moveit/share/pfc_moveit/environment/path.sh
[0.608s] -- Installing: /home/yuritvr/PFC/pfc_ws/install/pfc_moveit/share/pfc_moveit/environment/path.dsv
[0.608s] -- Installing: /home/yuritvr/PFC/pfc_ws/install/pfc_moveit/share/pfc_moveit/local_setup.bash
[0.608s] -- Installing: /home/yuritvr/PFC/pfc_ws/install/pfc_moveit/share/pfc_moveit/local_setup.sh
[0.608s] -- Installing: /home/yuritvr/PFC/pfc_ws/install/pfc_moveit/share/pfc_moveit/local_setup.zsh
[0.608s] -- Installing: /home/yuritvr/PFC/pfc_ws/install/pfc_moveit/share/pfc_moveit/local_setup.dsv
[0.608s] -- Installing: /home/yuritvr/PFC/pfc_ws/install/pfc_moveit/share/pfc_moveit/package.dsv
[0.608s] -- Installing: /home/yuritvr/PFC/pfc_ws/install/pfc_moveit/share/ament_index/resource_index/packages/pfc_moveit
[0.608s] -- Installing: /home/yuritvr/PFC/pfc_ws/install/pfc_moveit/share/pfc_moveit/cmake/pfc_moveitConfig.cmake
[0.609s] -- Installing: /home/yuritvr/PFC/pfc_ws/install/pfc_moveit/share/pfc_moveit/cmake/pfc_moveitConfig-version.cmake
[0.609s] -- Installing: /home/yuritvr/PFC/pfc_ws/install/pfc_moveit/share/pfc_moveit/package.xml
[0.609s] -- Installing: /home/yuritvr/PFC/pfc_ws/install/pfc_moveit/share/pfc_moveit/launch
[0.609s] -- Installing: /home/yuritvr/PFC/pfc_ws/install/pfc_moveit/share/pfc_moveit/launch/static_virtual_joint_tfs.launch.py
[0.609s] -- Installing: /home/yuritvr/PFC/pfc_ws/install/pfc_moveit/share/pfc_moveit/launch/moveit_rviz.launch.py
[0.609s] -- Installing: /home/yuritvr/PFC/pfc_ws/install/pfc_moveit/share/pfc_moveit/launch/spawn_controllers.launch.py
[0.609s] -- Installing: /home/yuritvr/PFC/pfc_ws/install/pfc_moveit/share/pfc_moveit/launch/rsp.launch.py
[0.609s] -- Installing: /home/yuritvr/PFC/pfc_ws/install/pfc_moveit/share/pfc_moveit/launch/move_group.launch.py
[0.609s] -- Installing: /home/yuritvr/PFC/pfc_ws/install/pfc_moveit/share/pfc_moveit/launch/warehouse_db.launch.py
[0.610s] -- Installing: /home/yuritvr/PFC/pfc_ws/install/pfc_moveit/share/pfc_moveit/launch/demo.launch.py
[0.610s] -- Installing: /home/yuritvr/PFC/pfc_ws/install/pfc_moveit/share/pfc_moveit/launch/setup_assistant.launch.py
[0.610s] -- Installing: /home/yuritvr/PFC/pfc_ws/install/pfc_moveit/share/pfc_moveit/config
[0.610s] -- Installing: /home/yuritvr/PFC/pfc_ws/install/pfc_moveit/share/pfc_moveit/config/joint_limits.yaml
[0.610s] -- Installing: /home/yuritvr/PFC/pfc_ws/install/pfc_moveit/share/pfc_moveit/config/ur3e_robotiq.srdf
[0.610s] -- Installing: /home/yuritvr/PFC/pfc_ws/install/pfc_moveit/share/pfc_moveit/config/moveit.rviz
[0.610s] -- Installing: /home/yuritvr/PFC/pfc_ws/install/pfc_moveit/share/pfc_moveit/config/kinematics.yaml
[0.610s] -- Installing: /home/yuritvr/PFC/pfc_ws/install/pfc_moveit/share/pfc_moveit/config/moveit_controllers.yaml
[0.610s] -- Installing: /home/yuritvr/PFC/pfc_ws/install/pfc_moveit/share/pfc_moveit/config/ur3e_robotiq.urdf.xacro
[0.610s] -- Installing: /home/yuritvr/PFC/pfc_ws/install/pfc_moveit/share/pfc_moveit/config/ros2_controllers.yaml
[0.611s] -- Installing: /home/yuritvr/PFC/pfc_ws/install/pfc_moveit/share/pfc_moveit/config/ur3e_robotiq.ros2_control.xacro
[0.611s] -- Installing: /home/yuritvr/PFC/pfc_ws/install/pfc_moveit/share/pfc_moveit/config/pilz_cartesian_limits.yaml
[0.611s] -- Installing: /home/yuritvr/PFC/pfc_ws/install/pfc_moveit/share/pfc_moveit/config/initial_positions.yaml
[0.611s] -- Installing: /home/yuritvr/PFC/pfc_ws/install/pfc_moveit/share/pfc_moveit/.setup_assistant
[0.613s] Invoked command in '/home/yuritvr/PFC/pfc_ws/build/pfc_moveit' returned '0': CMAKE_PREFIX_PATH=/home/yuritvr/PFC/pfc_ws/install/ur_robotiq_description:/home/yuritvr/PFC/pfc_ws/src/ur_pfc_arm/install/ur_robotiq_description:/home/yuritvr/PFC/pfc_ws/install/pfc_arm:/home/yuritvr/PFC/pfc_ws/install/gazebo_ros2_control:/opt/ros/humble /usr/bin/cmake --install /home/yuritvr/PFC/pfc_ws/build/pfc_moveit
