[0.029s] Invoking command in '/home/yuritvr/PFC/pfc_ws/build/manipulator_ros1_to_ros2': CMAKE_PREFIX_PATH=${CMAKE_PREFIX_PATH}:/opt/ros/humble /usr/bin/cmake --build /home/yuritvr/PFC/pfc_ws/build/manipulator_ros1_to_ros2 -- -j8 -l8
[0.087s] Invoked command in '/home/yuritvr/PFC/pfc_ws/build/manipulator_ros1_to_ros2' returned '0': CMAKE_PREFIX_PATH=${CMAKE_PREFIX_PATH}:/opt/ros/humble /usr/bin/cmake --build /home/yuritvr/PFC/pfc_ws/build/manipulator_ros1_to_ros2 -- -j8 -l8
[0.139s] Invoking command in '/home/yuritvr/PFC/pfc_ws/build/manipulator_ros1_to_ros2': CMAKE_PREFIX_PATH=${CMAKE_PREFIX_PATH}:/opt/ros/humble /usr/bin/cmake --install /home/yuritvr/PFC/pfc_ws/build/manipulator_ros1_to_ros2
[0.152s] -- Install configuration: ""
[0.152s] -- Up-to-date: /home/yuritvr/PFC/pfc_ws/install/manipulator_ros1_to_ros2/share/manipulator_ros1_to_ros2//urdf
[0.152s] -- Up-to-date: /home/yuritvr/PFC/pfc_ws/install/manipulator_ros1_to_ros2/share/manipulator_ros1_to_ros2//urdf/pfcbot.xacro
[0.153s] -- Up-to-date: /home/yuritvr/PFC/pfc_ws/install/manipulator_ros1_to_ros2/share/manipulator_ros1_to_ros2//urdf/robot_base_test.urdf
[0.153s] -- Up-to-date: /home/yuritvr/PFC/pfc_ws/install/manipulator_ros1_to_ros2/share/manipulator_ros1_to_ros2//urdf/materials.xacro
[0.153s] -- Up-to-date: /home/yuritvr/PFC/pfc_ws/install/manipulator_ros1_to_ros2/share/manipulator_ros1_to_ros2//urdf/robot_arm_test.urdf
[0.154s] -- Up-to-date: /home/yuritvr/PFC/pfc_ws/install/manipulator_ros1_to_ros2/share/manipulator_ros1_to_ros2//urdf/mobile_manipulator_test.urdf
[0.154s] -- Up-to-date: /home/yuritvr/PFC/pfc_ws/install/manipulator_ros1_to_ros2/share/manipulator_ros1_to_ros2//urdf/pfcbot.gazebo
[0.154s] -- Up-to-date: /home/yuritvr/PFC/pfc_ws/install/manipulator_ros1_to_ros2/share/manipulator_ros1_to_ros2//launch
[0.154s] -- Up-to-date: /home/yuritvr/PFC/pfc_ws/install/manipulator_ros1_to_ros2/share/manipulator_ros1_to_ros2//launch/start_controller.launch.py
[0.155s] -- Installing: /home/yuritvr/PFC/pfc_ws/install/manipulator_ros1_to_ros2/share/manipulator_ros1_to_ros2//launch/mobile_manipulator_gazebo.launch.py
[0.155s] -- Up-to-date: /home/yuritvr/PFC/pfc_ws/install/manipulator_ros1_to_ros2/share/manipulator_ros1_to_ros2//launch/arm_gazebo_control.launch
[0.155s] -- Up-to-date: /home/yuritvr/PFC/pfc_ws/install/manipulator_ros1_to_ros2/share/manipulator_ros1_to_ros2//launch/robot_gazebo_view.launch
[0.156s] -- Up-to-date: /home/yuritvr/PFC/pfc_ws/install/manipulator_ros1_to_ros2/share/manipulator_ros1_to_ros2//launch/start_moveit.launch.py
[0.156s] -- Up-to-date: /home/yuritvr/PFC/pfc_ws/install/manipulator_ros1_to_ros2/share/manipulator_ros1_to_ros2//launch/mobile_manipulator_gazebo.launch
[0.157s] -- Up-to-date: /home/yuritvr/PFC/pfc_ws/install/manipulator_ros1_to_ros2/share/manipulator_ros1_to_ros2//launch/start_world.launch.py
[0.158s] -- Up-to-date: /home/yuritvr/PFC/pfc_ws/install/manipulator_ros1_to_ros2/share/manipulator_ros1_to_ros2//launch/spawn_pfcbot.launch.py
[0.158s] -- Up-to-date: /home/yuritvr/PFC/pfc_ws/install/manipulator_ros1_to_ros2/share/manipulator_ros1_to_ros2//launch/mobile_manipulator_navigation.launch
[0.159s] -- Up-to-date: /home/yuritvr/PFC/pfc_ws/install/manipulator_ros1_to_ros2/share/manipulator_ros1_to_ros2//launch/__pycache__
[0.160s] -- Up-to-date: /home/yuritvr/PFC/pfc_ws/install/manipulator_ros1_to_ros2/share/manipulator_ros1_to_ros2//launch/__pycache__/pfcbot.launch.cpython-310.pyc
[0.161s] -- Up-to-date: /home/yuritvr/PFC/pfc_ws/install/manipulator_ros1_to_ros2/share/manipulator_ros1_to_ros2//launch/base_gazebo_control.launch
[0.161s] -- Up-to-date: /home/yuritvr/PFC/pfc_ws/install/manipulator_ros1_to_ros2/share/manipulator_ros1_to_ros2//meshes
[0.162s] -- Up-to-date: /home/yuritvr/PFC/pfc_ws/install/manipulator_ros1_to_ros2/share/manipulator_ros1_to_ros2//meshes/wrist.stl
[0.162s] -- Up-to-date: /home/yuritvr/PFC/pfc_ws/install/manipulator_ros1_to_ros2/share/manipulator_ros1_to_ros2//meshes/bicep.stl
[0.163s] -- Up-to-date: /home/yuritvr/PFC/pfc_ws/install/manipulator_ros1_to_ros2/share/manipulator_ros1_to_ros2//meshes/elbow.stl
[0.164s] -- Up-to-date: /home/yuritvr/PFC/pfc_ws/install/manipulator_ros1_to_ros2/share/manipulator_ros1_to_ros2//meshes/arm_base.stl
[0.165s] -- Up-to-date: /home/yuritvr/PFC/pfc_ws/install/manipulator_ros1_to_ros2/share/manipulator_ros1_to_ros2//meshes/wheel.stl
[0.166s] -- Up-to-date: /home/yuritvr/PFC/pfc_ws/install/manipulator_ros1_to_ros2/share/manipulator_ros1_to_ros2//meshes/robot_base.stl
[0.166s] -- Up-to-date: /home/yuritvr/PFC/pfc_ws/install/manipulator_ros1_to_ros2/share/ament_index/resource_index/package_run_dependencies/manipulator_ros1_to_ros2
[0.167s] -- Up-to-date: /home/yuritvr/PFC/pfc_ws/install/manipulator_ros1_to_ros2/share/ament_index/resource_index/parent_prefix_path/manipulator_ros1_to_ros2
[0.167s] -- Up-to-date: /home/yuritvr/PFC/pfc_ws/install/manipulator_ros1_to_ros2/share/manipulator_ros1_to_ros2/environment/ament_prefix_path.sh
[0.167s] -- Up-to-date: /home/yuritvr/PFC/pfc_ws/install/manipulator_ros1_to_ros2/share/manipulator_ros1_to_ros2/environment/ament_prefix_path.dsv
[0.168s] -- Up-to-date: /home/yuritvr/PFC/pfc_ws/install/manipulator_ros1_to_ros2/share/manipulator_ros1_to_ros2/environment/path.sh
[0.168s] -- Up-to-date: /home/yuritvr/PFC/pfc_ws/install/manipulator_ros1_to_ros2/share/manipulator_ros1_to_ros2/environment/path.dsv
[0.168s] -- Up-to-date: /home/yuritvr/PFC/pfc_ws/install/manipulator_ros1_to_ros2/share/manipulator_ros1_to_ros2/local_setup.bash
[0.169s] -- Up-to-date: /home/yuritvr/PFC/pfc_ws/install/manipulator_ros1_to_ros2/share/manipulator_ros1_to_ros2/local_setup.sh
[0.169s] -- Up-to-date: /home/yuritvr/PFC/pfc_ws/install/manipulator_ros1_to_ros2/share/manipulator_ros1_to_ros2/local_setup.zsh
[0.169s] -- Up-to-date: /home/yuritvr/PFC/pfc_ws/install/manipulator_ros1_to_ros2/share/manipulator_ros1_to_ros2/local_setup.dsv
[0.169s] -- Installing: /home/yuritvr/PFC/pfc_ws/install/manipulator_ros1_to_ros2/share/manipulator_ros1_to_ros2/package.dsv
[0.170s] -- Up-to-date: /home/yuritvr/PFC/pfc_ws/install/manipulator_ros1_to_ros2/share/ament_index/resource_index/packages/manipulator_ros1_to_ros2
[0.170s] -- Up-to-date: /home/yuritvr/PFC/pfc_ws/install/manipulator_ros1_to_ros2/share/manipulator_ros1_to_ros2/cmake/manipulator_ros1_to_ros2Config.cmake
[0.170s] -- Up-to-date: /home/yuritvr/PFC/pfc_ws/install/manipulator_ros1_to_ros2/share/manipulator_ros1_to_ros2/cmake/manipulator_ros1_to_ros2Config-version.cmake
[0.171s] -- Up-to-date: /home/yuritvr/PFC/pfc_ws/install/manipulator_ros1_to_ros2/share/manipulator_ros1_to_ros2/package.xml
[0.179s] Invoked command in '/home/yuritvr/PFC/pfc_ws/build/manipulator_ros1_to_ros2' returned '0': CMAKE_PREFIX_PATH=${CMAKE_PREFIX_PATH}:/opt/ros/humble /usr/bin/cmake --install /home/yuritvr/PFC/pfc_ws/build/manipulator_ros1_to_ros2
