[0.150s] Invoking command in '/home/yuritvr/PFC/wenis_ws/build/iiwa_ros2_moveit2': AMENT_PREFIX_PATH=/home/yuritvr/PFC/wenis_ws/install/ros2_data:${AMENT_PREFIX_PATH} CMAKE_PREFIX_PATH=/home/yuritvr/PFC/wenis_ws/install/ros2_data:/opt/ros/humble LD_LIBRARY_PATH=/home/yuritvr/PFC/wenis_ws/install/ros2_data/lib:/usr/lib/x86_64-linux-gnu/gazebo-11/plugins:/opt/ros/humble/opt/rviz_ogre_vendor/lib:/opt/ros/humble/lib/x86_64-linux-gnu:/opt/ros/humble/lib:/usr/lib/x86_64-linux-gnu/gazebo-11/plugins PYTHONPATH=/home/yuritvr/PFC/wenis_ws/install/ros2_data/local/lib/python3.10/dist-packages:${PYTHONPATH} /usr/bin/cmake /home/yuritvr/PFC/wenis_ws/ros2_RobotSimulation/Kuka/LBRiiwa/iiwa_ros2_moveit2 -DCMAKE_INSTALL_PREFIX=/home/yuritvr/PFC/wenis_ws/install/iiwa_ros2_moveit2
[0.357s] -- The C compiler identification is GNU 11.4.0
[0.511s] -- The CXX compiler identification is GNU 11.4.0
[0.537s] -- Detecting C compiler ABI info
[0.714s] -- Detecting C compiler ABI info - done
[0.731s] -- Check for working C compiler: /usr/bin/cc - skipped
[0.731s] -- Detecting C compile features
[0.732s] -- Detecting C compile features - done
[0.740s] -- Detecting CXX compiler ABI info
[0.977s] -- Detecting CXX compiler ABI info - done
[0.996s] -- Check for working CXX compiler: /usr/bin/c++ - skipped
[0.996s] -- Detecting CXX compile features
[0.997s] -- Detecting CXX compile features - done
[1.001s] -- Found ament_cmake: 1.3.9 (/opt/ros/humble/share/ament_cmake/cmake)
[1.512s] -- Found Python3: /usr/bin/python3 (found version "3.10.12") found components: Interpreter 
[1.829s] -- Found ament_lint_auto: 0.12.11 (/opt/ros/humble/share/ament_lint_auto/cmake)
[2.009s] -- Added test 'copyright' to check source files copyright and LICENSE
[2.012s] -- Added test 'flake8' to check Python code syntax and style conventions
[2.019s] -- Added test 'lint_cmake' to check CMake code style
[2.021s] -- Added test 'pep257' to check Python code against some of the docstring style conventions in PEP 257
[2.025s] -- Added test 'xmllint' to check XML markup files
[2.037s] -- Configuring done
[2.043s] -- Generating done
[2.045s] -- Build files have been written to: /home/yuritvr/PFC/wenis_ws/build/iiwa_ros2_moveit2
[2.059s] Invoked command in '/home/yuritvr/PFC/wenis_ws/build/iiwa_ros2_moveit2' returned '0': AMENT_PREFIX_PATH=/home/yuritvr/PFC/wenis_ws/install/ros2_data:${AMENT_PREFIX_PATH} CMAKE_PREFIX_PATH=/home/yuritvr/PFC/wenis_ws/install/ros2_data:/opt/ros/humble LD_LIBRARY_PATH=/home/yuritvr/PFC/wenis_ws/install/ros2_data/lib:/usr/lib/x86_64-linux-gnu/gazebo-11/plugins:/opt/ros/humble/opt/rviz_ogre_vendor/lib:/opt/ros/humble/lib/x86_64-linux-gnu:/opt/ros/humble/lib:/usr/lib/x86_64-linux-gnu/gazebo-11/plugins PYTHONPATH=/home/yuritvr/PFC/wenis_ws/install/ros2_data/local/lib/python3.10/dist-packages:${PYTHONPATH} /usr/bin/cmake /home/yuritvr/PFC/wenis_ws/ros2_RobotSimulation/Kuka/LBRiiwa/iiwa_ros2_moveit2 -DCMAKE_INSTALL_PREFIX=/home/yuritvr/PFC/wenis_ws/install/iiwa_ros2_moveit2
[2.060s] Invoking command in '/home/yuritvr/PFC/wenis_ws/build/iiwa_ros2_moveit2': AMENT_PREFIX_PATH=/home/yuritvr/PFC/wenis_ws/install/ros2_data:${AMENT_PREFIX_PATH} CMAKE_PREFIX_PATH=/home/yuritvr/PFC/wenis_ws/install/ros2_data:/opt/ros/humble LD_LIBRARY_PATH=/home/yuritvr/PFC/wenis_ws/install/ros2_data/lib:/usr/lib/x86_64-linux-gnu/gazebo-11/plugins:/opt/ros/humble/opt/rviz_ogre_vendor/lib:/opt/ros/humble/lib/x86_64-linux-gnu:/opt/ros/humble/lib:/usr/lib/x86_64-linux-gnu/gazebo-11/plugins PYTHONPATH=/home/yuritvr/PFC/wenis_ws/install/ros2_data/local/lib/python3.10/dist-packages:${PYTHONPATH} /usr/bin/cmake --build /home/yuritvr/PFC/wenis_ws/build/iiwa_ros2_moveit2 -- -j8 -l8
[2.170s] Invoked command in '/home/yuritvr/PFC/wenis_ws/build/iiwa_ros2_moveit2' returned '0': AMENT_PREFIX_PATH=/home/yuritvr/PFC/wenis_ws/install/ros2_data:${AMENT_PREFIX_PATH} CMAKE_PREFIX_PATH=/home/yuritvr/PFC/wenis_ws/install/ros2_data:/opt/ros/humble LD_LIBRARY_PATH=/home/yuritvr/PFC/wenis_ws/install/ros2_data/lib:/usr/lib/x86_64-linux-gnu/gazebo-11/plugins:/opt/ros/humble/opt/rviz_ogre_vendor/lib:/opt/ros/humble/lib/x86_64-linux-gnu:/opt/ros/humble/lib:/usr/lib/x86_64-linux-gnu/gazebo-11/plugins PYTHONPATH=/home/yuritvr/PFC/wenis_ws/install/ros2_data/local/lib/python3.10/dist-packages:${PYTHONPATH} /usr/bin/cmake --build /home/yuritvr/PFC/wenis_ws/build/iiwa_ros2_moveit2 -- -j8 -l8
[2.266s] Invoking command in '/home/yuritvr/PFC/wenis_ws/build/iiwa_ros2_moveit2': AMENT_PREFIX_PATH=/home/yuritvr/PFC/wenis_ws/install/ros2_data:${AMENT_PREFIX_PATH} CMAKE_PREFIX_PATH=/home/yuritvr/PFC/wenis_ws/install/ros2_data:/opt/ros/humble LD_LIBRARY_PATH=/home/yuritvr/PFC/wenis_ws/install/ros2_data/lib:/usr/lib/x86_64-linux-gnu/gazebo-11/plugins:/opt/ros/humble/opt/rviz_ogre_vendor/lib:/opt/ros/humble/lib/x86_64-linux-gnu:/opt/ros/humble/lib:/usr/lib/x86_64-linux-gnu/gazebo-11/plugins PYTHONPATH=/home/yuritvr/PFC/wenis_ws/install/ros2_data/local/lib/python3.10/dist-packages:${PYTHONPATH} /usr/bin/cmake --install /home/yuritvr/PFC/wenis_ws/build/iiwa_ros2_moveit2
[2.278s] -- Install configuration: ""
[2.278s] -- Installing: /home/yuritvr/PFC/wenis_ws/install/iiwa_ros2_moveit2/share/iiwa_ros2_moveit2/config
[2.279s] -- Installing: /home/yuritvr/PFC/wenis_ws/install/iiwa_ros2_moveit2/share/iiwa_ros2_moveit2/config/iiwa_controllers.yaml
[2.279s] -- Installing: /home/yuritvr/PFC/wenis_ws/install/iiwa_ros2_moveit2/share/iiwa_ros2_moveit2/config/iiwa_moveit2.rviz
[2.279s] -- Installing: /home/yuritvr/PFC/wenis_ws/install/iiwa_ros2_moveit2/share/iiwa_ros2_moveit2/config/kinematics.yaml
[2.279s] -- Installing: /home/yuritvr/PFC/wenis_ws/install/iiwa_ros2_moveit2/share/iiwa_ros2_moveit2/config/iiwa.srdf
[2.280s] -- Installing: /home/yuritvr/PFC/wenis_ws/install/iiwa_ros2_moveit2/share/iiwa_ros2_moveit2/config/ompl_planning.yaml
[2.280s] -- Installing: /home/yuritvr/PFC/wenis_ws/install/iiwa_ros2_moveit2/share/iiwa_ros2_moveit2/launch
[2.280s] -- Installing: /home/yuritvr/PFC/wenis_ws/install/iiwa_ros2_moveit2/share/iiwa_ros2_moveit2/launch/iiwa.launch.py
[2.280s] -- Installing: /home/yuritvr/PFC/wenis_ws/install/iiwa_ros2_moveit2/share/iiwa_ros2_moveit2/launch/iiwa_interface.launch.py
[2.280s] -- Installing: /home/yuritvr/PFC/wenis_ws/install/iiwa_ros2_moveit2/share/ament_index/resource_index/package_run_dependencies/iiwa_ros2_moveit2
[2.281s] -- Installing: /home/yuritvr/PFC/wenis_ws/install/iiwa_ros2_moveit2/share/ament_index/resource_index/parent_prefix_path/iiwa_ros2_moveit2
[2.281s] -- Installing: /home/yuritvr/PFC/wenis_ws/install/iiwa_ros2_moveit2/share/iiwa_ros2_moveit2/environment/ament_prefix_path.sh
[2.281s] -- Installing: /home/yuritvr/PFC/wenis_ws/install/iiwa_ros2_moveit2/share/iiwa_ros2_moveit2/environment/ament_prefix_path.dsv
[2.281s] -- Installing: /home/yuritvr/PFC/wenis_ws/install/iiwa_ros2_moveit2/share/iiwa_ros2_moveit2/environment/path.sh
[2.282s] -- Installing: /home/yuritvr/PFC/wenis_ws/install/iiwa_ros2_moveit2/share/iiwa_ros2_moveit2/environment/path.dsv
[2.282s] -- Installing: /home/yuritvr/PFC/wenis_ws/install/iiwa_ros2_moveit2/share/iiwa_ros2_moveit2/local_setup.bash
[2.282s] -- Installing: /home/yuritvr/PFC/wenis_ws/install/iiwa_ros2_moveit2/share/iiwa_ros2_moveit2/local_setup.sh
[2.283s] -- Installing: /home/yuritvr/PFC/wenis_ws/install/iiwa_ros2_moveit2/share/iiwa_ros2_moveit2/local_setup.zsh
[2.284s] -- Installing: /home/yuritvr/PFC/wenis_ws/install/iiwa_ros2_moveit2/share/iiwa_ros2_moveit2/local_setup.dsv
[2.284s] -- Installing: /home/yuritvr/PFC/wenis_ws/install/iiwa_ros2_moveit2/share/iiwa_ros2_moveit2/package.dsv
[2.284s] -- Installing: /home/yuritvr/PFC/wenis_ws/install/iiwa_ros2_moveit2/share/ament_index/resource_index/packages/iiwa_ros2_moveit2
[2.284s] -- Installing: /home/yuritvr/PFC/wenis_ws/install/iiwa_ros2_moveit2/share/iiwa_ros2_moveit2/cmake/iiwa_ros2_moveit2Config.cmake
[2.284s] -- Installing: /home/yuritvr/PFC/wenis_ws/install/iiwa_ros2_moveit2/share/iiwa_ros2_moveit2/cmake/iiwa_ros2_moveit2Config-version.cmake
[2.285s] -- Installing: /home/yuritvr/PFC/wenis_ws/install/iiwa_ros2_moveit2/share/iiwa_ros2_moveit2/package.xml
[2.314s] Invoked command in '/home/yuritvr/PFC/wenis_ws/build/iiwa_ros2_moveit2' returned '0': AMENT_PREFIX_PATH=/home/yuritvr/PFC/wenis_ws/install/ros2_data:${AMENT_PREFIX_PATH} CMAKE_PREFIX_PATH=/home/yuritvr/PFC/wenis_ws/install/ros2_data:/opt/ros/humble LD_LIBRARY_PATH=/home/yuritvr/PFC/wenis_ws/install/ros2_data/lib:/usr/lib/x86_64-linux-gnu/gazebo-11/plugins:/opt/ros/humble/opt/rviz_ogre_vendor/lib:/opt/ros/humble/lib/x86_64-linux-gnu:/opt/ros/humble/lib:/usr/lib/x86_64-linux-gnu/gazebo-11/plugins PYTHONPATH=/home/yuritvr/PFC/wenis_ws/install/ros2_data/local/lib/python3.10/dist-packages:${PYTHONPATH} /usr/bin/cmake --install /home/yuritvr/PFC/wenis_ws/build/iiwa_ros2_moveit2
