[0.054s] Invoking command in '/home/yuritvr/PFC/wenis_ws/build/simple_grasping': CMAKE_PREFIX_PATH=${CMAKE_PREFIX_PATH}:/opt/ros/humble /usr/bin/cmake --build /home/yuritvr/PFC/wenis_ws/build/simple_grasping -- -j8 -l8
[0.157s] -- Eigen found (include: /usr/include/eigen3, version: 3.4.0)
[0.252s] -- FLANN found (include: /usr/include, lib: /usr/lib/x86_64-linux-gnu/libflann_cpp.so)
[0.679s] -- Found Eigen3: /usr/include/eigen3 (found version "3.4.0") 
[1.010s] -- OpenNI found (version: 1.5.4.0, include: /usr/include/ni, lib: /usr/lib/libOpenNI.so;libusb::libusb)
[1.022s] -- OpenNI2 found (version: 2.2.0.33, include: /usr/include/openni2, lib: /usr/lib/x86_64-linux-gnu/libOpenNI2.so;libusb::libusb)
[1.023s] [0m** WARNING ** io features related to pcap will be disabled[0m
[1.412s] -- Eigen found (include: /usr/include/eigen3, version: 3.4.0)
[1.425s] -- OpenNI found (version: 1.5.4.0, include: /usr/include/ni, lib: /usr/lib/libOpenNI.so;libusb::libusb)
[1.438s] -- OpenNI2 found (version: 2.2.0.33, include: /usr/include/openni2, lib: /usr/lib/x86_64-linux-gnu/libOpenNI2.so;libusb::libusb)
[1.806s] -- Found Qhull version 8.0.2
[2.187s] -- OpenNI found (version: 1.5.4.0, include: /usr/include/ni, lib: /usr/lib/libOpenNI.so;libusb::libusb)
[2.551s] -- looking for PCL_COMMON
[2.552s] -- looking for PCL_KDTREE
[2.553s] -- looking for PCL_OCTREE
[2.554s] -- looking for PCL_SEARCH
[2.554s] -- looking for PCL_SAMPLE_CONSENSUS
[2.555s] -- looking for PCL_FILTERS
[2.556s] -- looking for PCL_2D
[2.557s] -- looking for PCL_GEOMETRY
[2.558s] -- looking for PCL_IO
[2.559s] -- looking for PCL_FEATURES
[2.560s] -- looking for PCL_ML
[2.561s] -- looking for PCL_SEGMENTATION
[2.562s] -- looking for PCL_VISUALIZATION
[2.563s] -- looking for PCL_SURFACE
[2.564s] -- looking for PCL_REGISTRATION
[2.565s] -- looking for PCL_KEYPOINTS
[2.566s] -- looking for PCL_TRACKING
[2.567s] -- looking for PCL_RECOGNITION
[2.568s] -- looking for PCL_STEREO
[2.569s] -- looking for PCL_APPS
[2.571s] -- looking for PCL_IN_HAND_SCANNER
[2.572s] -- looking for PCL_MODELER
[2.573s] -- looking for PCL_POINT_CLOUD_EDITOR
[2.573s] -- looking for PCL_OUTOFCORE
[2.574s] -- looking for PCL_PEOPLE
[2.579s] -- Found ament_cmake: 1.3.8 (/opt/ros/humble/share/ament_cmake/cmake)
[2.855s] -- Found geometry_msgs: 4.2.3 (/opt/ros/humble/share/geometry_msgs/cmake)
[2.903s] -- Found rosidl_generator_c: 3.1.5 (/opt/ros/humble/share/rosidl_generator_c/cmake)
[2.909s] -- Found rosidl_adapter: 3.1.5 (/opt/ros/humble/share/rosidl_adapter/cmake)
[2.925s] -- Found rosidl_generator_cpp: 3.1.5 (/opt/ros/humble/share/rosidl_generator_cpp/cmake)
[2.955s] -- Using all available rosidl_typesupport_c: rosidl_typesupport_fastrtps_c;rosidl_typesupport_introspection_c
[2.999s] -- Using all available rosidl_typesupport_cpp: rosidl_typesupport_fastrtps_cpp;rosidl_typesupport_introspection_cpp
[3.332s] -- Found grasping_msgs: 0.4.0 (/opt/ros/humble/share/grasping_msgs/cmake)
[6.886s] -- Found pcl_conversions: 2.4.0 (/opt/ros/humble/share/pcl_conversions/cmake)
[7.025s] -- Found rmw_implementation_cmake: 6.1.1 (/opt/ros/humble/share/rmw_implementation_cmake/cmake)
[7.029s] -- Found rmw_fastrtps_cpp: 6.2.6 (/opt/ros/humble/share/rmw_fastrtps_cpp/cmake)
[7.360s] -- Using RMW implementation 'rmw_fastrtps_cpp' as default
[8.008s] -- Found pcl_ros: 2.4.0 (/opt/ros/humble/share/pcl_ros/cmake)
[8.395s] -- Found eigen3_cmake_module: 0.1.1 (/opt/ros/humble/share/eigen3_cmake_module/cmake)
[8.398s] -- Found Eigen3: TRUE (found version "3.4.0") 
[8.398s] -- Ensuring Eigen3 include directory is part of orocos-kdl CMake target
[10.370s] -- Found ament_cmake_gtest: 1.3.8 (/opt/ros/humble/share/ament_cmake_gtest/cmake)
[10.372s] -- Found gtest sources under '/opt/ros/humble/src/gtest_vendor': C++ tests using 'Google Test' will be built
[10.710s] -- Found ament_cmake_cpplint: 0.12.10 (/opt/ros/humble/share/ament_cmake_cpplint/cmake)
[11.056s] -- Configuring done
[12.045s] -- Generating done
[12.074s] -- Build files have been written to: /home/yuritvr/PFC/wenis_ws/build/simple_grasping
[12.295s] [35m[1mConsolidate compiler generated dependencies of target basic_grasping_perception_node[0m
[12.319s] [35m[1mConsolidate compiler generated dependencies of target grasp_planner_node[0m
[12.319s] [35m[1mConsolidate compiler generated dependencies of target simple_grasping[0m
[12.319s] [35m[1mConsolidate compiler generated dependencies of target gtest[0m
[12.323s] [35m[1mConsolidate compiler generated dependencies of target gtest_main[0m
[12.454s] [ 10%] Built target basic_grasping_perception_node
[12.459s] [ 31%] Built target grasp_planner_node
[12.462s] [ 21%] Built target gtest_main
[12.483s] [ 42%] Built target gtest
[12.537s] [ 47%] [32mBuilding CXX object CMakeFiles/simple_grasping.dir/src/object_support_segmentation.cpp.o[0m
[12.558s] [ 52%] [32mBuilding CXX object CMakeFiles/simple_grasping.dir/src/cloud_tools.cpp.o[0m
[12.599s] [ 57%] [32mBuilding CXX object CMakeFiles/simple_grasping.dir/src/shape_extraction.cpp.o[0m
[12.603s] [ 63%] [32mBuilding CXX object CMakeFiles/simple_grasping.dir/src/shape_grasp_planner.cpp.o[0m
