[0.040s] Invoking command in '/home/yuritvr/PFC/wenis_ws/build/moveit2_kinematics': /usr/bin/cmake --build /home/yuritvr/PFC/wenis_ws/build/moveit2_kinematics -- -j8 -l8
[0.229s] [100%] Built target test_kinematics_plugin
[0.306s] Invoked command in '/home/yuritvr/PFC/wenis_ws/build/moveit2_kinematics' returned '0': /usr/bin/cmake --build /home/yuritvr/PFC/wenis_ws/build/moveit2_kinematics -- -j8 -l8
[0.382s] Invoking command in '/home/yuritvr/PFC/wenis_ws/build/moveit2_kinematics': /usr/bin/cmake --install /home/yuritvr/PFC/wenis_ws/build/moveit2_kinematics
[0.397s] -- Install configuration: ""
[0.423s] -- Up-to-date: /home/yuritvr/PFC/wenis_ws/install/moveit2_kinematics/lib/moveit2_kinematics/test_kinematics_plugin
[0.424s] -- Up-to-date: /home/yuritvr/PFC/wenis_ws/install/moveit2_kinematics/share/moveit2_kinematics/launch
[0.424s] -- Up-to-date: /home/yuritvr/PFC/wenis_ws/install/moveit2_kinematics/share/moveit2_kinematics/launch/test_kinematics_plugin.launch.py
[0.425s] -- Up-to-date: /home/yuritvr/PFC/wenis_ws/install/moveit2_kinematics/share/ament_index/resource_index/package_run_dependencies/moveit2_kinematics
[0.425s] -- Up-to-date: /home/yuritvr/PFC/wenis_ws/install/moveit2_kinematics/share/ament_index/resource_index/parent_prefix_path/moveit2_kinematics
[0.425s] -- Up-to-date: /home/yuritvr/PFC/wenis_ws/install/moveit2_kinematics/share/moveit2_kinematics/environment/ament_prefix_path.sh
[0.426s] -- Up-to-date: /home/yuritvr/PFC/wenis_ws/install/moveit2_kinematics/share/moveit2_kinematics/environment/ament_prefix_path.dsv
[0.426s] -- Up-to-date: /home/yuritvr/PFC/wenis_ws/install/moveit2_kinematics/share/moveit2_kinematics/environment/path.sh
[0.426s] -- Up-to-date: /home/yuritvr/PFC/wenis_ws/install/moveit2_kinematics/share/moveit2_kinematics/environment/path.dsv
[0.427s] -- Up-to-date: /home/yuritvr/PFC/wenis_ws/install/moveit2_kinematics/share/moveit2_kinematics/local_setup.bash
[0.427s] -- Up-to-date: /home/yuritvr/PFC/wenis_ws/install/moveit2_kinematics/share/moveit2_kinematics/local_setup.sh
[0.428s] -- Up-to-date: /home/yuritvr/PFC/wenis_ws/install/moveit2_kinematics/share/moveit2_kinematics/local_setup.zsh
[0.428s] -- Up-to-date: /home/yuritvr/PFC/wenis_ws/install/moveit2_kinematics/share/moveit2_kinematics/local_setup.dsv
[0.428s] -- Installing: /home/yuritvr/PFC/wenis_ws/install/moveit2_kinematics/share/moveit2_kinematics/package.dsv
[0.429s] -- Up-to-date: /home/yuritvr/PFC/wenis_ws/install/moveit2_kinematics/share/ament_index/resource_index/packages/moveit2_kinematics
[0.431s] -- Up-to-date: /home/yuritvr/PFC/wenis_ws/install/moveit2_kinematics/share/moveit2_kinematics/cmake/moveit2_kinematicsConfig.cmake
[0.432s] -- Up-to-date: /home/yuritvr/PFC/wenis_ws/install/moveit2_kinematics/share/moveit2_kinematics/cmake/moveit2_kinematicsConfig-version.cmake
[0.432s] -- Up-to-date: /home/yuritvr/PFC/wenis_ws/install/moveit2_kinematics/share/moveit2_kinematics/package.xml
[0.468s] Invoked command in '/home/yuritvr/PFC/wenis_ws/build/moveit2_kinematics' returned '0': /usr/bin/cmake --install /home/yuritvr/PFC/wenis_ws/build/moveit2_kinematics
