[0.017s] Invoking command in '/home/yuritvr/PFC/pfc_ws/build/pfc_moveit': CMAKE_PREFIX_PATH=/home/yuritvr/PFC/pfc_ws/install/ur_robotiq_description:/home/yuritvr/PFC/pfc_ws/install/pfc_moveit:/home/yuritvr/PFC/pfc_ws/install/moveit_test:/home/yuritvr/PFC/pfc_ws/install/pfc_arm:/home/yuritvr/PFC/pfc_ws/install/gazebo_ros2_control:/home/yuritvr/PFC/wenis_ws/install/xarm_description:/home/yuritvr/PFC/wenis_ws/install/simple_grasping:/home/yuritvr/PFC/wenis_ws/install/moveit_config:/home/yuritvr/PFC/wenis_ws/install/moveit2_scripts:/home/yuritvr/PFC/wenis_ws/install/moveit2_kinematics:/home/yuritvr/PFC/wenis_ws/install/moveit2_cartesian:/home/yuritvr/PFC/wenis_ws/install/get_pose_client:/home/yuritvr/PFC/wenis_ws/install/arm_pkg:/opt/ros/humble /usr/bin/cmake --build /home/yuritvr/PFC/pfc_ws/build/pfc_moveit -- -j8 -l8
[0.070s] Invoked command in '/home/yuritvr/PFC/pfc_ws/build/pfc_moveit' returned '0': CMAKE_PREFIX_PATH=/home/yuritvr/PFC/pfc_ws/install/ur_robotiq_description:/home/yuritvr/PFC/pfc_ws/install/pfc_moveit:/home/yuritvr/PFC/pfc_ws/install/moveit_test:/home/yuritvr/PFC/pfc_ws/install/pfc_arm:/home/yuritvr/PFC/pfc_ws/install/gazebo_ros2_control:/home/yuritvr/PFC/wenis_ws/install/xarm_description:/home/yuritvr/PFC/wenis_ws/install/simple_grasping:/home/yuritvr/PFC/wenis_ws/install/moveit_config:/home/yuritvr/PFC/wenis_ws/install/moveit2_scripts:/home/yuritvr/PFC/wenis_ws/install/moveit2_kinematics:/home/yuritvr/PFC/wenis_ws/install/moveit2_cartesian:/home/yuritvr/PFC/wenis_ws/install/get_pose_client:/home/yuritvr/PFC/wenis_ws/install/arm_pkg:/opt/ros/humble /usr/bin/cmake --build /home/yuritvr/PFC/pfc_ws/build/pfc_moveit -- -j8 -l8
[0.103s] Invoking command in '/home/yuritvr/PFC/pfc_ws/build/pfc_moveit': CMAKE_PREFIX_PATH=/home/yuritvr/PFC/pfc_ws/install/ur_robotiq_description:/home/yuritvr/PFC/pfc_ws/install/pfc_moveit:/home/yuritvr/PFC/pfc_ws/install/moveit_test:/home/yuritvr/PFC/pfc_ws/install/pfc_arm:/home/yuritvr/PFC/pfc_ws/install/gazebo_ros2_control:/home/yuritvr/PFC/wenis_ws/install/xarm_description:/home/yuritvr/PFC/wenis_ws/install/simple_grasping:/home/yuritvr/PFC/wenis_ws/install/moveit_config:/home/yuritvr/PFC/wenis_ws/install/moveit2_scripts:/home/yuritvr/PFC/wenis_ws/install/moveit2_kinematics:/home/yuritvr/PFC/wenis_ws/install/moveit2_cartesian:/home/yuritvr/PFC/wenis_ws/install/get_pose_client:/home/yuritvr/PFC/wenis_ws/install/arm_pkg:/opt/ros/humble /usr/bin/cmake --install /home/yuritvr/PFC/pfc_ws/build/pfc_moveit
[0.123s] -- Install configuration: ""
[0.123s] -- Up-to-date: /home/yuritvr/PFC/pfc_ws/install/pfc_moveit/share/ament_index/resource_index/package_run_dependencies/pfc_moveit
[0.124s] -- Up-to-date: /home/yuritvr/PFC/pfc_ws/install/pfc_moveit/share/ament_index/resource_index/parent_prefix_path/pfc_moveit
[0.124s] -- Up-to-date: /home/yuritvr/PFC/pfc_ws/install/pfc_moveit/share/pfc_moveit/environment/ament_prefix_path.sh
[0.124s] -- Up-to-date: /home/yuritvr/PFC/pfc_ws/install/pfc_moveit/share/pfc_moveit/environment/ament_prefix_path.dsv
[0.124s] -- Up-to-date: /home/yuritvr/PFC/pfc_ws/install/pfc_moveit/share/pfc_moveit/environment/path.sh
[0.126s] -- Up-to-date: /home/yuritvr/PFC/pfc_ws/install/pfc_moveit/share/pfc_moveit/environment/path.dsv
[0.126s] -- Up-to-date: /home/yuritvr/PFC/pfc_ws/install/pfc_moveit/share/pfc_moveit/local_setup.bash
[0.127s] -- Up-to-date: /home/yuritvr/PFC/pfc_ws/install/pfc_moveit/share/pfc_moveit/local_setup.sh
[0.127s] -- Up-to-date: /home/yuritvr/PFC/pfc_ws/install/pfc_moveit/share/pfc_moveit/local_setup.zsh
[0.127s] -- Up-to-date: /home/yuritvr/PFC/pfc_ws/install/pfc_moveit/share/pfc_moveit/local_setup.dsv
[0.128s] -- Installing: /home/yuritvr/PFC/pfc_ws/install/pfc_moveit/share/pfc_moveit/package.dsv
[0.128s] -- Up-to-date: /home/yuritvr/PFC/pfc_ws/install/pfc_moveit/share/ament_index/resource_index/packages/pfc_moveit
[0.128s] -- Up-to-date: /home/yuritvr/PFC/pfc_ws/install/pfc_moveit/share/pfc_moveit/cmake/pfc_moveitConfig.cmake
[0.128s] -- Up-to-date: /home/yuritvr/PFC/pfc_ws/install/pfc_moveit/share/pfc_moveit/cmake/pfc_moveitConfig-version.cmake
[0.129s] -- Up-to-date: /home/yuritvr/PFC/pfc_ws/install/pfc_moveit/share/pfc_moveit/package.xml
[0.129s] -- Up-to-date: /home/yuritvr/PFC/pfc_ws/install/pfc_moveit/share/pfc_moveit/launch
[0.130s] -- Up-to-date: /home/yuritvr/PFC/pfc_ws/install/pfc_moveit/share/pfc_moveit/launch/static_virtual_joint_tfs.launch.py
[0.130s] -- Up-to-date: /home/yuritvr/PFC/pfc_ws/install/pfc_moveit/share/pfc_moveit/launch/moveit_rviz.launch.py
[0.130s] -- Up-to-date: /home/yuritvr/PFC/pfc_ws/install/pfc_moveit/share/pfc_moveit/launch/spawn_controllers.launch.py
[0.130s] -- Up-to-date: /home/yuritvr/PFC/pfc_ws/install/pfc_moveit/share/pfc_moveit/launch/rsp.launch.py
[0.131s] -- Up-to-date: /home/yuritvr/PFC/pfc_ws/install/pfc_moveit/share/pfc_moveit/launch/move_group.launch.py
[0.131s] -- Up-to-date: /home/yuritvr/PFC/pfc_ws/install/pfc_moveit/share/pfc_moveit/launch/warehouse_db.launch.py
[0.132s] -- Up-to-date: /home/yuritvr/PFC/pfc_ws/install/pfc_moveit/share/pfc_moveit/launch/demo.launch.py
[0.132s] -- Up-to-date: /home/yuritvr/PFC/pfc_ws/install/pfc_moveit/share/pfc_moveit/launch/setup_assistant.launch.py
[0.133s] -- Up-to-date: /home/yuritvr/PFC/pfc_ws/install/pfc_moveit/share/pfc_moveit/launch/__pycache__
[0.134s] -- Up-to-date: /home/yuritvr/PFC/pfc_ws/install/pfc_moveit/share/pfc_moveit/launch/__pycache__/demo.launch.cpython-310.pyc
[0.134s] -- Up-to-date: /home/yuritvr/PFC/pfc_ws/install/pfc_moveit/share/pfc_moveit/config
[0.135s] -- Up-to-date: /home/yuritvr/PFC/pfc_ws/install/pfc_moveit/share/pfc_moveit/config/joint_limits.yaml
[0.135s] -- Up-to-date: /home/yuritvr/PFC/pfc_ws/install/pfc_moveit/share/pfc_moveit/config/ur3e_robotiq.srdf
[0.135s] -- Up-to-date: /home/yuritvr/PFC/pfc_ws/install/pfc_moveit/share/pfc_moveit/config/moveit.rviz
[0.136s] -- Up-to-date: /home/yuritvr/PFC/pfc_ws/install/pfc_moveit/share/pfc_moveit/config/kinematics.yaml
[0.136s] -- Up-to-date: /home/yuritvr/PFC/pfc_ws/install/pfc_moveit/share/pfc_moveit/config/moveit_controllers.yaml
[0.136s] -- Up-to-date: /home/yuritvr/PFC/pfc_ws/install/pfc_moveit/share/pfc_moveit/config/ur3e_robotiq.urdf.xacro
[0.137s] -- Up-to-date: /home/yuritvr/PFC/pfc_ws/install/pfc_moveit/share/pfc_moveit/config/ros2_controllers.yaml
[0.137s] -- Up-to-date: /home/yuritvr/PFC/pfc_ws/install/pfc_moveit/share/pfc_moveit/config/ur3e_robotiq.ros2_control.xacro
[0.137s] -- Up-to-date: /home/yuritvr/PFC/pfc_ws/install/pfc_moveit/share/pfc_moveit/config/pilz_cartesian_limits.yaml
[0.137s] -- Up-to-date: /home/yuritvr/PFC/pfc_ws/install/pfc_moveit/share/pfc_moveit/config/initial_positions.yaml
[0.138s] -- Up-to-date: /home/yuritvr/PFC/pfc_ws/install/pfc_moveit/share/pfc_moveit/.setup_assistant
[0.139s] Invoked command in '/home/yuritvr/PFC/pfc_ws/build/pfc_moveit' returned '0': CMAKE_PREFIX_PATH=/home/yuritvr/PFC/pfc_ws/install/ur_robotiq_description:/home/yuritvr/PFC/pfc_ws/install/pfc_moveit:/home/yuritvr/PFC/pfc_ws/install/moveit_test:/home/yuritvr/PFC/pfc_ws/install/pfc_arm:/home/yuritvr/PFC/pfc_ws/install/gazebo_ros2_control:/home/yuritvr/PFC/wenis_ws/install/xarm_description:/home/yuritvr/PFC/wenis_ws/install/simple_grasping:/home/yuritvr/PFC/wenis_ws/install/moveit_config:/home/yuritvr/PFC/wenis_ws/install/moveit2_scripts:/home/yuritvr/PFC/wenis_ws/install/moveit2_kinematics:/home/yuritvr/PFC/wenis_ws/install/moveit2_cartesian:/home/yuritvr/PFC/wenis_ws/install/get_pose_client:/home/yuritvr/PFC/wenis_ws/install/arm_pkg:/opt/ros/humble /usr/bin/cmake --install /home/yuritvr/PFC/pfc_ws/build/pfc_moveit
