[1.946s] Invoking command in '/home/yuritvr/PFC/wenis_ws/src/ros2_manipulator/robotiq_85_gripper/robotiq_85_driver': CMAKE_PREFIX_PATH=/home/yuritvr/PFC/wenis_ws/install/robotiq_85_msgs:/home/yuritvr/PFC/wenis_ws/install/xarm_description:/home/yuritvr/PFC/wenis_ws/install/simple_grasping:/home/yuritvr/PFC/wenis_ws/install/robotiq_85_gripper:/home/yuritvr/PFC/wenis_ws/install/robotiq_85_description:/home/yuritvr/PFC/wenis_ws/install/platform_moveit:/home/yuritvr/PFC/wenis_ws/install/platform:/home/yuritvr/PFC/wenis_ws/install/moveit_config:/home/yuritvr/PFC/wenis_ws/install/moveit2_scripts:/home/yuritvr/PFC/wenis_ws/install/moveit2_kinematics:/home/yuritvr/PFC/wenis_ws/install/moveit2_cartesian:/home/yuritvr/PFC/wenis_ws/install/get_pose_client:/home/yuritvr/PFC/wenis_ws/install/arm_pkg LD_LIBRARY_PATH=/home/yuritvr/PFC/wenis_ws/install/robotiq_85_msgs/lib:/home/yuritvr/PFC/wenis_ws/install/simple_grasping/lib:/usr/lib/x86_64-linux-gnu/gazebo-11/plugins:/opt/ros/humble/opt/rviz_ogre_vendor/lib:/opt/ros/humble/lib/x86_64-linux-gnu:/opt/ros/humble/lib PYTHONPATH=/home/yuritvr/PFC/wenis_ws/build/robotiq_85_driver/prefix_override:/usr/lib/python3/dist-packages/colcon_core/task/python/colcon_distutils_commands:/home/yuritvr/PFC/wenis_ws/install/robotiq_85_driver/lib/python3.10/site-packages:${PYTHONPATH} /usr/bin/python3 -W ignore:setup.py install is deprecated setup.py egg_info --egg-base ../../../../build/robotiq_85_driver build --build-base /home/yuritvr/PFC/wenis_ws/build/robotiq_85_driver/build install --record /home/yuritvr/PFC/wenis_ws/build/robotiq_85_driver/install.log --install-scripts $base/lib/robotiq_85_driver --single-version-externally-managed install_data
[2.584s] /usr/lib/python3/dist-packages/setuptools/dist.py:723: UserWarning: Usage of dash-separated 'script-dir' will not be supported in future versions. Please use the underscore name 'script_dir' instead
[2.584s]   warnings.warn(
[2.607s] running egg_info
[2.610s] writing ../../../../build/robotiq_85_driver/robotiq_85_driver.egg-info/PKG-INFO
[2.610s] writing dependency_links to ../../../../build/robotiq_85_driver/robotiq_85_driver.egg-info/dependency_links.txt
[2.612s] writing entry points to ../../../../build/robotiq_85_driver/robotiq_85_driver.egg-info/entry_points.txt
[2.613s] writing requirements to ../../../../build/robotiq_85_driver/robotiq_85_driver.egg-info/requires.txt
[2.615s] writing top-level names to ../../../../build/robotiq_85_driver/robotiq_85_driver.egg-info/top_level.txt
[2.619s] reading manifest file '../../../../build/robotiq_85_driver/robotiq_85_driver.egg-info/SOURCES.txt'
[2.622s] writing manifest file '../../../../build/robotiq_85_driver/robotiq_85_driver.egg-info/SOURCES.txt'
[2.622s] running build
[2.622s] running build_py
[2.624s] running install
[2.625s] running install_lib
[2.631s] running install_data
[2.632s] running install_egg_info
[2.635s] removing '/home/yuritvr/PFC/wenis_ws/install/robotiq_85_driver/lib/python3.10/site-packages/robotiq_85_driver-1.0.0-py3.10.egg-info' (and everything under it)
[2.635s] Copying ../../../../build/robotiq_85_driver/robotiq_85_driver.egg-info to /home/yuritvr/PFC/wenis_ws/install/robotiq_85_driver/lib/python3.10/site-packages/robotiq_85_driver-1.0.0-py3.10.egg-info
[2.638s] running install_scripts
[2.699s] Installing robotiq_85_driver script to /home/yuritvr/PFC/wenis_ws/install/robotiq_85_driver/lib/robotiq_85_driver
[2.699s] Installing robotiq_85_test script to /home/yuritvr/PFC/wenis_ws/install/robotiq_85_driver/lib/robotiq_85_driver
[2.699s] Installing robotiq_85_test_close script to /home/yuritvr/PFC/wenis_ws/install/robotiq_85_driver/lib/robotiq_85_driver
[2.699s] Installing single_robotiq_85_action_server script to /home/yuritvr/PFC/wenis_ws/install/robotiq_85_driver/lib/robotiq_85_driver
[2.700s] writing list of installed files to '/home/yuritvr/PFC/wenis_ws/build/robotiq_85_driver/install.log'
[2.793s] Invoked command in '/home/yuritvr/PFC/wenis_ws/src/ros2_manipulator/robotiq_85_gripper/robotiq_85_driver' returned '0': CMAKE_PREFIX_PATH=/home/yuritvr/PFC/wenis_ws/install/robotiq_85_msgs:/home/yuritvr/PFC/wenis_ws/install/xarm_description:/home/yuritvr/PFC/wenis_ws/install/simple_grasping:/home/yuritvr/PFC/wenis_ws/install/robotiq_85_gripper:/home/yuritvr/PFC/wenis_ws/install/robotiq_85_description:/home/yuritvr/PFC/wenis_ws/install/platform_moveit:/home/yuritvr/PFC/wenis_ws/install/platform:/home/yuritvr/PFC/wenis_ws/install/moveit_config:/home/yuritvr/PFC/wenis_ws/install/moveit2_scripts:/home/yuritvr/PFC/wenis_ws/install/moveit2_kinematics:/home/yuritvr/PFC/wenis_ws/install/moveit2_cartesian:/home/yuritvr/PFC/wenis_ws/install/get_pose_client:/home/yuritvr/PFC/wenis_ws/install/arm_pkg LD_LIBRARY_PATH=/home/yuritvr/PFC/wenis_ws/install/robotiq_85_msgs/lib:/home/yuritvr/PFC/wenis_ws/install/simple_grasping/lib:/usr/lib/x86_64-linux-gnu/gazebo-11/plugins:/opt/ros/humble/opt/rviz_ogre_vendor/lib:/opt/ros/humble/lib/x86_64-linux-gnu:/opt/ros/humble/lib PYTHONPATH=/home/yuritvr/PFC/wenis_ws/build/robotiq_85_driver/prefix_override:/usr/lib/python3/dist-packages/colcon_core/task/python/colcon_distutils_commands:/home/yuritvr/PFC/wenis_ws/install/robotiq_85_driver/lib/python3.10/site-packages:${PYTHONPATH} /usr/bin/python3 -W ignore:setup.py install is deprecated setup.py egg_info --egg-base ../../../../build/robotiq_85_driver build --build-base /home/yuritvr/PFC/wenis_ws/build/robotiq_85_driver/build install --record /home/yuritvr/PFC/wenis_ws/build/robotiq_85_driver/install.log --install-scripts $base/lib/robotiq_85_driver --single-version-externally-managed install_data
