[0.043s] Invoking command in '/home/yuritvr/PFC/pfc_ws/build/arm_pkg_moveit_config': AMENT_PREFIX_PATH=/home/yuritvr/PFC/pfc_ws/install/arm_pkg:${AMENT_PREFIX_PATH} CMAKE_PREFIX_PATH=/home/yuritvr/PFC/pfc_ws/install/arm_pkg:/opt/ros/humble /usr/bin/cmake /home/yuritvr/PFC/pfc_ws/src/arm_pkg_moveit_config -DCMAKE_INSTALL_PREFIX=/home/yuritvr/PFC/pfc_ws/install/arm_pkg_moveit_config
[0.219s] -- The C compiler identification is GNU 11.4.0
[0.391s] -- The CXX compiler identification is GNU 11.4.0
[0.412s] -- Detecting C compiler ABI info
[0.627s] -- Detecting C compiler ABI info - done
[0.653s] -- Check for working C compiler: /usr/bin/cc - skipped
[0.654s] -- Detecting C compile features
[0.655s] -- Detecting C compile features - done
[0.666s] -- Detecting CXX compiler ABI info
[0.927s] -- Detecting CXX compiler ABI info - done
[0.955s] -- Check for working CXX compiler: /usr/bin/c++ - skipped
[0.956s] -- Detecting CXX compile features
[0.958s] -- Detecting CXX compile features - done
[0.967s] -- Found ament_cmake: 1.3.9 (/opt/ros/humble/share/ament_cmake/cmake)
[1.474s] -- Found Python3: /usr/bin/python3 (found version "3.10.12") found components: Interpreter 
[1.976s] -- Configuring done
[1.980s] -- Generating done
[1.981s] -- Build files have been written to: /home/yuritvr/PFC/pfc_ws/build/arm_pkg_moveit_config
[1.987s] Invoked command in '/home/yuritvr/PFC/pfc_ws/build/arm_pkg_moveit_config' returned '0': AMENT_PREFIX_PATH=/home/yuritvr/PFC/pfc_ws/install/arm_pkg:${AMENT_PREFIX_PATH} CMAKE_PREFIX_PATH=/home/yuritvr/PFC/pfc_ws/install/arm_pkg:/opt/ros/humble /usr/bin/cmake /home/yuritvr/PFC/pfc_ws/src/arm_pkg_moveit_config -DCMAKE_INSTALL_PREFIX=/home/yuritvr/PFC/pfc_ws/install/arm_pkg_moveit_config
[1.989s] Invoking command in '/home/yuritvr/PFC/pfc_ws/build/arm_pkg_moveit_config': AMENT_PREFIX_PATH=/home/yuritvr/PFC/pfc_ws/install/arm_pkg:${AMENT_PREFIX_PATH} CMAKE_PREFIX_PATH=/home/yuritvr/PFC/pfc_ws/install/arm_pkg:/opt/ros/humble /usr/bin/cmake --build /home/yuritvr/PFC/pfc_ws/build/arm_pkg_moveit_config -- -j8 -l8
[2.044s] Invoked command in '/home/yuritvr/PFC/pfc_ws/build/arm_pkg_moveit_config' returned '0': AMENT_PREFIX_PATH=/home/yuritvr/PFC/pfc_ws/install/arm_pkg:${AMENT_PREFIX_PATH} CMAKE_PREFIX_PATH=/home/yuritvr/PFC/pfc_ws/install/arm_pkg:/opt/ros/humble /usr/bin/cmake --build /home/yuritvr/PFC/pfc_ws/build/arm_pkg_moveit_config -- -j8 -l8
[2.119s] Invoking command in '/home/yuritvr/PFC/pfc_ws/build/arm_pkg_moveit_config': AMENT_PREFIX_PATH=/home/yuritvr/PFC/pfc_ws/install/arm_pkg:${AMENT_PREFIX_PATH} CMAKE_PREFIX_PATH=/home/yuritvr/PFC/pfc_ws/install/arm_pkg:/opt/ros/humble /usr/bin/cmake --install /home/yuritvr/PFC/pfc_ws/build/arm_pkg_moveit_config
[2.144s] -- Install configuration: ""
[2.144s] -- Installing: /home/yuritvr/PFC/pfc_ws/install/arm_pkg_moveit_config/share/ament_index/resource_index/package_run_dependencies/arm_pkg_moveit_config
[2.145s] -- Installing: /home/yuritvr/PFC/pfc_ws/install/arm_pkg_moveit_config/share/ament_index/resource_index/parent_prefix_path/arm_pkg_moveit_config
[2.146s] -- Installing: /home/yuritvr/PFC/pfc_ws/install/arm_pkg_moveit_config/share/arm_pkg_moveit_config/environment/ament_prefix_path.sh
[2.147s] -- Installing: /home/yuritvr/PFC/pfc_ws/install/arm_pkg_moveit_config/share/arm_pkg_moveit_config/environment/ament_prefix_path.dsv
[2.147s] -- Installing: /home/yuritvr/PFC/pfc_ws/install/arm_pkg_moveit_config/share/arm_pkg_moveit_config/environment/path.sh
[2.148s] -- Installing: /home/yuritvr/PFC/pfc_ws/install/arm_pkg_moveit_config/share/arm_pkg_moveit_config/environment/path.dsv
[2.149s] -- Installing: /home/yuritvr/PFC/pfc_ws/install/arm_pkg_moveit_config/share/arm_pkg_moveit_config/local_setup.bash
[2.149s] -- Installing: /home/yuritvr/PFC/pfc_ws/install/arm_pkg_moveit_config/share/arm_pkg_moveit_config/local_setup.sh
[2.150s] -- Installing: /home/yuritvr/PFC/pfc_ws/install/arm_pkg_moveit_config/share/arm_pkg_moveit_config/local_setup.zsh
[2.150s] -- Installing: /home/yuritvr/PFC/pfc_ws/install/arm_pkg_moveit_config/share/arm_pkg_moveit_config/local_setup.dsv
[2.150s] -- Installing: /home/yuritvr/PFC/pfc_ws/install/arm_pkg_moveit_config/share/arm_pkg_moveit_config/package.dsv
[2.151s] -- Installing: /home/yuritvr/PFC/pfc_ws/install/arm_pkg_moveit_config/share/ament_index/resource_index/packages/arm_pkg_moveit_config
[2.152s] -- Installing: /home/yuritvr/PFC/pfc_ws/install/arm_pkg_moveit_config/share/arm_pkg_moveit_config/cmake/arm_pkg_moveit_configConfig.cmake
[2.152s] -- Installing: /home/yuritvr/PFC/pfc_ws/install/arm_pkg_moveit_config/share/arm_pkg_moveit_config/cmake/arm_pkg_moveit_configConfig-version.cmake
[2.153s] -- Installing: /home/yuritvr/PFC/pfc_ws/install/arm_pkg_moveit_config/share/arm_pkg_moveit_config/package.xml
[2.154s] -- Installing: /home/yuritvr/PFC/pfc_ws/install/arm_pkg_moveit_config/share/arm_pkg_moveit_config/launch
[2.155s] -- Installing: /home/yuritvr/PFC/pfc_ws/install/arm_pkg_moveit_config/share/arm_pkg_moveit_config/launch/static_virtual_joint_tfs.launch.py
[2.155s] -- Installing: /home/yuritvr/PFC/pfc_ws/install/arm_pkg_moveit_config/share/arm_pkg_moveit_config/launch/moveit_rviz.launch.py
[2.156s] -- Installing: /home/yuritvr/PFC/pfc_ws/install/arm_pkg_moveit_config/share/arm_pkg_moveit_config/launch/spawn_controllers.launch.py
[2.156s] -- Installing: /home/yuritvr/PFC/pfc_ws/install/arm_pkg_moveit_config/share/arm_pkg_moveit_config/launch/rsp.launch.py
[2.156s] -- Installing: /home/yuritvr/PFC/pfc_ws/install/arm_pkg_moveit_config/share/arm_pkg_moveit_config/launch/move_group.launch.py
[2.157s] -- Installing: /home/yuritvr/PFC/pfc_ws/install/arm_pkg_moveit_config/share/arm_pkg_moveit_config/launch/warehouse_db.launch.py
[2.157s] -- Installing: /home/yuritvr/PFC/pfc_ws/install/arm_pkg_moveit_config/share/arm_pkg_moveit_config/launch/demo.launch.py
[2.158s] -- Installing: /home/yuritvr/PFC/pfc_ws/install/arm_pkg_moveit_config/share/arm_pkg_moveit_config/launch/setup_assistant.launch.py
[2.158s] -- Installing: /home/yuritvr/PFC/pfc_ws/install/arm_pkg_moveit_config/share/arm_pkg_moveit_config/config
[2.159s] -- Installing: /home/yuritvr/PFC/pfc_ws/install/arm_pkg_moveit_config/share/arm_pkg_moveit_config/config/joint_limits.yaml
[2.159s] -- Installing: /home/yuritvr/PFC/pfc_ws/install/arm_pkg_moveit_config/share/arm_pkg_moveit_config/config/moveit.rviz
[2.160s] -- Installing: /home/yuritvr/PFC/pfc_ws/install/arm_pkg_moveit_config/share/arm_pkg_moveit_config/config/robot_description.urdf.xacro
[2.160s] -- Installing: /home/yuritvr/PFC/pfc_ws/install/arm_pkg_moveit_config/share/arm_pkg_moveit_config/config/robot_description.srdf
[2.161s] -- Installing: /home/yuritvr/PFC/pfc_ws/install/arm_pkg_moveit_config/share/arm_pkg_moveit_config/config/robot_description.ros2_control.xacro
[2.161s] -- Installing: /home/yuritvr/PFC/pfc_ws/install/arm_pkg_moveit_config/share/arm_pkg_moveit_config/config/sensors_3d.yaml
[2.161s] -- Installing: /home/yuritvr/PFC/pfc_ws/install/arm_pkg_moveit_config/share/arm_pkg_moveit_config/config/kinematics.yaml
[2.162s] -- Installing: /home/yuritvr/PFC/pfc_ws/install/arm_pkg_moveit_config/share/arm_pkg_moveit_config/config/moveit_controllers.yaml
[2.162s] -- Installing: /home/yuritvr/PFC/pfc_ws/install/arm_pkg_moveit_config/share/arm_pkg_moveit_config/config/pilz_cartesian_limits.yaml
[2.163s] -- Installing: /home/yuritvr/PFC/pfc_ws/install/arm_pkg_moveit_config/share/arm_pkg_moveit_config/config/initial_positions.yaml
[2.163s] -- Installing: /home/yuritvr/PFC/pfc_ws/install/arm_pkg_moveit_config/share/arm_pkg_moveit_config/.setup_assistant
[2.171s] Invoked command in '/home/yuritvr/PFC/pfc_ws/build/arm_pkg_moveit_config' returned '0': AMENT_PREFIX_PATH=/home/yuritvr/PFC/pfc_ws/install/arm_pkg:${AMENT_PREFIX_PATH} CMAKE_PREFIX_PATH=/home/yuritvr/PFC/pfc_ws/install/arm_pkg:/opt/ros/humble /usr/bin/cmake --install /home/yuritvr/PFC/pfc_ws/build/arm_pkg_moveit_config
