[0.024s] Invoking command in '/home/yuritvr/PFC/wenis_ws/build/simple_grasping': CMAKE_PREFIX_PATH=${CMAKE_PREFIX_PATH}:/opt/ros/humble /usr/bin/cmake /home/yuritvr/PFC/wenis_ws/src/ros2_manipulator/simple_grasping_ros2/simple_grasping -DCMAKE_INSTALL_PREFIX=/home/yuritvr/PFC/wenis_ws/install/simple_grasping
[0.112s] -- The C compiler identification is GNU 11.4.0
[0.208s] -- The CXX compiler identification is GNU 11.4.0
[0.224s] -- Detecting C compiler ABI info
[0.332s] -- Detecting C compiler ABI info - done
[0.346s] -- Check for working C compiler: /usr/bin/cc - skipped
[0.346s] -- Detecting C compile features
[0.346s] -- Detecting C compile features - done
[0.351s] -- Detecting CXX compiler ABI info
[0.537s] -- Detecting CXX compiler ABI info - done
[0.553s] -- Check for working CXX compiler: /usr/bin/c++ - skipped
[0.554s] -- Detecting CXX compile features
[0.554s] -- Detecting CXX compile features - done
[0.572s] -- Checking for module 'eigen3'
[0.607s] --   Found eigen3, version 3.4.0
[0.675s] -- Found Eigen: /usr/include/eigen3 (Required is at least version "3.1") 
[0.675s] -- Eigen found (include: /usr/include/eigen3, version: 3.4.0)
[0.714s] -- Found Boost: /usr/lib/x86_64-linux-gnu/cmake/Boost-1.74.0/BoostConfig.cmake (found suitable version "1.74.0", minimum required is "1.65.0") found components: system filesystem date_time iostreams serialization 
[0.742s] -- Checking for module 'flann'
[0.764s] --   Found flann, version 1.9.1
[0.851s] -- Found FLANN: /usr/lib/x86_64-linux-gnu/libflann_cpp.so  
[0.851s] -- FLANN found (include: /usr/include, lib: /usr/lib/x86_64-linux-gnu/libflann_cpp.so)
[0.909s] -- Looking for pthread.h
[1.078s] -- Looking for pthread.h - found
[1.078s] -- Performing Test CMAKE_HAVE_LIBC_PTHREAD
[1.195s] -- Performing Test CMAKE_HAVE_LIBC_PTHREAD - Success
[1.196s] -- Found Threads: TRUE  
[1.199s] -- Found GLEW: /usr/lib/x86_64-linux-gnu/libGLEW.so  
[1.216s] -- Found OpenGL: /usr/lib/x86_64-linux-gnu/libOpenGL.so  found components: OpenGL GLX 
[1.444s] -- Found MPI_C: /usr/lib/x86_64-linux-gnu/libmpi.so (found version "3.1") 
[1.444s] -- Found MPI: TRUE (found version "3.1") found components: C 
[1.448s] -- Found JsonCpp: /usr/lib/x86_64-linux-gnu/libjsoncpp.so (found suitable version "1.9.5", minimum required is "0.7.0") 
[1.465s] -- Found ZLIB: /usr/lib/x86_64-linux-gnu/libz.so (found version "1.2.11") 
[1.502s] -- Found PNG: /usr/lib/x86_64-linux-gnu/libpng.so (found version "1.6.37") 
[1.523s] -- Found Eigen3: /usr/include/eigen3 (found version "3.4.0") 
[1.667s] -- Found X11: /usr/include   
[1.668s] -- Looking for XOpenDisplay in /usr/lib/x86_64-linux-gnu/libX11.so;/usr/lib/x86_64-linux-gnu/libXext.so
[1.778s] -- Looking for XOpenDisplay in /usr/lib/x86_64-linux-gnu/libX11.so;/usr/lib/x86_64-linux-gnu/libXext.so - found
[1.778s] -- Looking for gethostbyname
[1.920s] -- Looking for gethostbyname - found
[1.920s] -- Looking for connect
[2.008s] -- Looking for connect - found
[2.012s] -- Looking for remove
[2.097s] -- Looking for remove - found
[2.097s] -- Looking for shmat
[2.199s] -- Looking for shmat - found
[2.199s] -- Looking for IceConnectionNumber in ICE
[2.333s] -- Looking for IceConnectionNumber in ICE - found
[2.443s] -- Found EXPAT: /usr/lib/x86_64-linux-gnu/libexpat.so (found version "2.4.7") 
[2.446s] -- Found double-conversion: /usr/lib/x86_64-linux-gnu/libdouble-conversion.so  
[2.452s] -- Found LZ4: /usr/lib/x86_64-linux-gnu/liblz4.so (found version "1.9.3") 
[2.454s] -- Found LZMA: /usr/lib/x86_64-linux-gnu/liblzma.so (found version "5.2.5") 
[2.474s] -- Found JPEG: /usr/lib/x86_64-linux-gnu/libjpeg.so (found version "80") 
[2.483s] -- Found TIFF: /usr/lib/x86_64-linux-gnu/libtiff.so (found version "4.3.0")  
[2.490s] -- Found Freetype: /usr/lib/x86_64-linux-gnu/libfreetype.so (found version "2.11.1") 
[2.495s] -- Found utf8cpp: /usr/include/utf8cpp  
[2.578s] -- Checking for module 'libusb-1.0'
[2.595s] --   Found libusb-1.0, version 1.0.25
[2.639s] -- Found libusb: /usr/lib/x86_64-linux-gnu/libusb-1.0.so  
[2.640s] -- Found OpenNI: /usr/lib/libOpenNI.so;libusb::libusb (found version "1.5.4.0") 
[2.640s] -- OpenNI found (version: 1.5.4.0, include: /usr/include/ni, lib: /usr/lib/libOpenNI.so;libusb::libusb)
[2.690s] -- Found OpenNI2: /usr/lib/x86_64-linux-gnu/libOpenNI2.so;libusb::libusb (found version "2.2.0.33") 
[2.690s] -- OpenNI2 found (version: 2.2.0.33, include: /usr/include/openni2, lib: /usr/lib/x86_64-linux-gnu/libOpenNI2.so;libusb::libusb)
[2.690s] [0m** WARNING ** io features related to pcap will be disabled[0m
[2.850s] -- Eigen found (include: /usr/include/eigen3, version: 3.4.0)
[2.856s] -- OpenNI found (version: 1.5.4.0, include: /usr/include/ni, lib: /usr/lib/libOpenNI.so;libusb::libusb)
[2.862s] -- OpenNI2 found (version: 2.2.0.33, include: /usr/include/openni2, lib: /usr/lib/x86_64-linux-gnu/libOpenNI2.so;libusb::libusb)
[2.998s] -- Found Qhull version 8.0.2
[3.145s] -- OpenNI found (version: 1.5.4.0, include: /usr/include/ni, lib: /usr/lib/libOpenNI.so;libusb::libusb)
[3.281s] -- looking for PCL_COMMON
[3.282s] -- Found PCL_COMMON: /usr/lib/x86_64-linux-gnu/libpcl_common.so  
[3.282s] -- looking for PCL_KDTREE
[3.283s] -- Found PCL_KDTREE: /usr/lib/x86_64-linux-gnu/libpcl_kdtree.so  
[3.284s] -- looking for PCL_OCTREE
[3.285s] -- Found PCL_OCTREE: /usr/lib/x86_64-linux-gnu/libpcl_octree.so  
[3.286s] -- looking for PCL_SEARCH
[3.287s] -- Found PCL_SEARCH: /usr/lib/x86_64-linux-gnu/libpcl_search.so  
[3.287s] -- looking for PCL_SAMPLE_CONSENSUS
[3.288s] -- Found PCL_SAMPLE_CONSENSUS: /usr/lib/x86_64-linux-gnu/libpcl_sample_consensus.so  
[3.289s] -- looking for PCL_FILTERS
[3.289s] -- Found PCL_FILTERS: /usr/lib/x86_64-linux-gnu/libpcl_filters.so  
[3.290s] -- looking for PCL_2D
[3.290s] -- Found PCL_2D: /usr/include/pcl-1.12  
[3.290s] -- looking for PCL_GEOMETRY
[3.291s] -- Found PCL_GEOMETRY: /usr/include/pcl-1.12  
[3.291s] -- looking for PCL_IO
[3.294s] -- Found PCL_IO: /usr/lib/x86_64-linux-gnu/libpcl_io.so  
[3.294s] -- looking for PCL_FEATURES
[3.294s] -- Found PCL_FEATURES: /usr/lib/x86_64-linux-gnu/libpcl_features.so  
[3.294s] -- looking for PCL_ML
[3.295s] -- Found PCL_ML: /usr/lib/x86_64-linux-gnu/libpcl_ml.so  
[3.295s] -- looking for PCL_SEGMENTATION
[3.297s] -- Found PCL_SEGMENTATION: /usr/lib/x86_64-linux-gnu/libpcl_segmentation.so  
[3.297s] -- looking for PCL_VISUALIZATION
[3.298s] -- Found PCL_VISUALIZATION: /usr/lib/x86_64-linux-gnu/libpcl_visualization.so  
[3.298s] -- looking for PCL_SURFACE
[3.300s] -- Found PCL_SURFACE: /usr/lib/x86_64-linux-gnu/libpcl_surface.so  
[3.300s] -- looking for PCL_REGISTRATION
[3.301s] -- Found PCL_REGISTRATION: /usr/lib/x86_64-linux-gnu/libpcl_registration.so  
[3.301s] -- looking for PCL_KEYPOINTS
[3.302s] -- Found PCL_KEYPOINTS: /usr/lib/x86_64-linux-gnu/libpcl_keypoints.so  
[3.302s] -- looking for PCL_TRACKING
[3.304s] -- Found PCL_TRACKING: /usr/lib/x86_64-linux-gnu/libpcl_tracking.so  
[3.304s] -- looking for PCL_RECOGNITION
[3.305s] -- Found PCL_RECOGNITION: /usr/lib/x86_64-linux-gnu/libpcl_recognition.so  
[3.305s] -- looking for PCL_STEREO
[3.306s] -- Found PCL_STEREO: /usr/lib/x86_64-linux-gnu/libpcl_stereo.so  
[3.306s] -- looking for PCL_APPS
[3.308s] -- Found PCL_APPS: /usr/lib/x86_64-linux-gnu/libpcl_apps.so  
[3.309s] -- looking for PCL_IN_HAND_SCANNER
[3.309s] -- Found PCL_IN_HAND_SCANNER: /usr/include/pcl-1.12  
[3.309s] -- looking for PCL_MODELER
[3.309s] -- Found PCL_MODELER: /usr/include/pcl-1.12  
[3.310s] -- looking for PCL_POINT_CLOUD_EDITOR
[3.310s] -- Found PCL_POINT_CLOUD_EDITOR: /usr/include/pcl-1.12  
[3.310s] -- looking for PCL_OUTOFCORE
[3.313s] -- Found PCL_OUTOFCORE: /usr/lib/x86_64-linux-gnu/libpcl_outofcore.so  
[3.313s] -- looking for PCL_PEOPLE
[3.313s] -- Found PCL_PEOPLE: /usr/lib/x86_64-linux-gnu/libpcl_people.so  
[3.315s] -- Found PCL: pcl_common;pcl_kdtree;pcl_octree;pcl_search;pcl_sample_consensus;pcl_filters;pcl_io;pcl_features;pcl_ml;pcl_segmentation;pcl_visualization;pcl_surface;pcl_registration;pcl_keypoints;pcl_tracking;pcl_recognition;pcl_stereo;pcl_apps;pcl_outofcore;pcl_people;Boost::system;Boost::filesystem;Boost::date_time;Boost::iostreams;Boost::serialization;/usr/lib/libOpenNI.so;libusb::libusb;/usr/lib/x86_64-linux-gnu/libOpenNI2.so;libusb::libusb;VTK::ChartsCore;VTK::CommonColor;VTK::CommonComputationalGeometry;VTK::CommonCore;VTK::CommonDataModel;VTK::CommonExecutionModel;VTK::CommonMath;VTK::CommonMisc;VTK::CommonTransforms;VTK::FiltersCore;VTK::FiltersExtraction;VTK::FiltersGeneral;VTK::FiltersGeometry;VTK::FiltersModeling;VTK::FiltersSources;VTK::ImagingCore;VTK::ImagingSources;VTK::InteractionImage;VTK::InteractionStyle;VTK::InteractionWidgets;VTK::IOCore;VTK::IOGeometry;VTK::IOImage;VTK::IOLegacy;VTK::IOPLY;VTK::RenderingAnnotation;VTK::RenderingCore;VTK::RenderingContext2D;VTK::RenderingLOD;VTK::RenderingFreeType;VTK::ViewsCore;VTK::ViewsContext2D;VTK::RenderingOpenGL2;VTK::GUISupportQt;FLANN::FLANN;QHULL::QHULL  
[3.324s] -- Found ament_cmake: 1.3.8 (/opt/ros/humble/share/ament_cmake/cmake)
[3.462s] -- Found Python3: /usr/bin/python3 (found version "3.10.12") found components: Interpreter 
[3.551s] -- Found geometry_msgs: 4.2.3 (/opt/ros/humble/share/geometry_msgs/cmake)
[3.594s] -- Found rosidl_generator_c: 3.1.5 (/opt/ros/humble/share/rosidl_generator_c/cmake)
[3.602s] -- Found rosidl_adapter: 3.1.5 (/opt/ros/humble/share/rosidl_adapter/cmake)
[3.613s] -- Found rosidl_generator_cpp: 3.1.5 (/opt/ros/humble/share/rosidl_generator_cpp/cmake)
[3.627s] -- Using all available rosidl_typesupport_c: rosidl_typesupport_fastrtps_c;rosidl_typesupport_introspection_c
[3.649s] -- Using all available rosidl_typesupport_cpp: rosidl_typesupport_fastrtps_cpp;rosidl_typesupport_introspection_cpp
[3.777s] -- Found grasping_msgs: 0.4.0 (/opt/ros/humble/share/grasping_msgs/cmake)
[6.376s] -- Found pcl_conversions: 2.4.0 (/opt/ros/humble/share/pcl_conversions/cmake)
[6.486s] -- Found rmw_implementation_cmake: 6.1.1 (/opt/ros/humble/share/rmw_implementation_cmake/cmake)
[6.491s] -- Found rmw_fastrtps_cpp: 6.2.6 (/opt/ros/humble/share/rmw_fastrtps_cpp/cmake)
[6.649s] -- Found OpenSSL: /usr/lib/x86_64-linux-gnu/libcrypto.so (found version "3.0.2")  
[6.686s] -- Found FastRTPS: /opt/ros/humble/include  
[6.761s] -- Using RMW implementation 'rmw_fastrtps_cpp' as default
[7.207s] -- Found pcl_ros: 2.4.0 (/opt/ros/humble/share/pcl_ros/cmake)
[7.395s] -- Found eigen3_cmake_module: 0.1.1 (/opt/ros/humble/share/eigen3_cmake_module/cmake)
[7.397s] -- Found Eigen3: TRUE (found version "3.4.0") 
[7.397s] -- Ensuring Eigen3 include directory is part of orocos-kdl CMake target
[8.534s] -- Found ament_cmake_gtest: 1.3.8 (/opt/ros/humble/share/ament_cmake_gtest/cmake)
[8.538s] -- Found gtest sources under '/opt/ros/humble/src/gtest_vendor': C++ tests using 'Google Test' will be built
[8.732s] -- Found ament_cmake_cpplint: 0.12.10 (/opt/ros/humble/share/ament_cmake_cpplint/cmake)
[8.872s] -- Configuring done
[9.275s] -- Generating done
[9.292s] -- Build files have been written to: /home/yuritvr/PFC/wenis_ws/build/simple_grasping
[9.347s] Invoked command in '/home/yuritvr/PFC/wenis_ws/build/simple_grasping' returned '0': CMAKE_PREFIX_PATH=${CMAKE_PREFIX_PATH}:/opt/ros/humble /usr/bin/cmake /home/yuritvr/PFC/wenis_ws/src/ros2_manipulator/simple_grasping_ros2/simple_grasping -DCMAKE_INSTALL_PREFIX=/home/yuritvr/PFC/wenis_ws/install/simple_grasping
[9.347s] Invoking command in '/home/yuritvr/PFC/wenis_ws/build/simple_grasping': CMAKE_PREFIX_PATH=${CMAKE_PREFIX_PATH}:/opt/ros/humble /usr/bin/cmake --build /home/yuritvr/PFC/wenis_ws/build/simple_grasping -- -j8 -l8
[9.477s] [  5%] [32mBuilding CXX object CMakeFiles/simple_grasping.dir/src/cloud_tools.cpp.o[0m
[9.493s] [ 10%] [32mBuilding CXX object CMakeFiles/simple_grasping.dir/src/shape_grasp_planner.cpp.o[0m
[9.511s] [ 15%] [32mBuilding CXX object CMakeFiles/simple_grasping.dir/src/object_support_segmentation.cpp.o[0m
[9.517s] [ 21%] [32mBuilding CXX object CMakeFiles/simple_grasping.dir/src/shape_extraction.cpp.o[0m
[9.577s] [ 31%] [32mBuilding CXX object CMakeFiles/grasp_planner_node.dir/rclcpp_components/node_main_grasp_planner_node.cpp.o[0m
[9.577s] [ 31%] [32mBuilding CXX object CMakeFiles/basic_grasping_perception_node.dir/rclcpp_components/node_main_basic_grasping_perception_node.cpp.o[0m
[9.608s] [ 36%] [32mBuilding CXX object gtest/CMakeFiles/gtest_main.dir/src/gtest_main.cc.o[0m
[9.617s] [ 42%] [32mBuilding CXX object gtest/CMakeFiles/gtest.dir/src/gtest-all.cc.o[0m
[10.652s] gmake[2]: *** [CMakeFiles/simple_grasping.dir/build.make:118: CMakeFiles/simple_grasping.dir/src/shape_grasp_planner.cpp.o] Interrupt
[10.652s] gmake[2]: *** [CMakeFiles/simple_grasping.dir/build.make:104: CMakeFiles/simple_grasping.dir/src/shape_extraction.cpp.o] Interrupt
[10.652s] gmake[2]: *** [gtest/CMakeFiles/gtest.dir/build.make:76: gtest/CMakeFiles/gtest.dir/src/gtest-all.cc.o] Interrupt
[10.653s] gmake[2]: *** [CMakeFiles/simple_grasping.dir/build.make:76: CMakeFiles/simple_grasping.dir/src/cloud_tools.cpp.o] Interrupt
[10.653s] gmake[2]: *** wait: No child processes.  Stop.
[10.653s] gmake[2]: *** Waiting for unfinished jobs....
[10.654s] gmake[2]: *** wait: No child processes.  Stop.
[10.658s] gmake[1]: *** [CMakeFiles/Makefile2:323: gtest/CMakeFiles/gtest.dir/all] Interrupt
[10.658s] gmake[2]: *** [gtest/CMakeFiles/gtest_main.dir/build.make:76: gtest/CMakeFiles/gtest_main.dir/src/gtest_main.cc.o] Interrupt
[10.658s] gmake[1]: *** [CMakeFiles/Makefile2:269: CMakeFiles/grasp_planner_node.dir/all] Error 2
[10.659s] gmake[2]: *** [CMakeFiles/basic_grasping_perception_node.dir/build.make:76: CMakeFiles/basic_grasping_perception_node.dir/rclcpp_components/node_main_basic_grasping_perception_node.cpp.o] Interrupt
[10.659s] gmake[2]: *** [CMakeFiles/simple_grasping.dir/build.make:90: CMakeFiles/simple_grasping.dir/src/object_support_segmentation.cpp.o] Interrupt
[10.659s] gmake[1]: *** [CMakeFiles/Makefile2:349: gtest/CMakeFiles/gtest_main.dir/all] Interrupt
[10.659s] gmake[1]: *** [CMakeFiles/Makefile2:165: CMakeFiles/simple_grasping.dir/all] Interrupt
[10.659s] gmake[1]: *** [CMakeFiles/Makefile2:217: CMakeFiles/basic_grasping_perception_node.dir/all] Interrupt
[10.659s] gmake: *** [Makefile:146: all] Interrupt
[10.681s] Invoked command in '/home/yuritvr/PFC/wenis_ws/build/simple_grasping' returned '-2': CMAKE_PREFIX_PATH=${CMAKE_PREFIX_PATH}:/opt/ros/humble /usr/bin/cmake --build /home/yuritvr/PFC/wenis_ws/build/simple_grasping -- -j8 -l8
