-- Found ament_cmake: 1.3.8 (/opt/ros/humble/share/ament_cmake/cmake)
-- Found ament_lint_auto: 0.12.10 (/opt/ros/humble/share/ament_lint_auto/cmake)
-- Added test 'lint_cmake' to check CMake code style
-- Added test 'xmllint' to check XML markup files
-- Configuring done
-- Generating done
-- Build files have been written to: /home/yuritvr/PFC/pfc_ws/build/gazebo_ros2_control
-- Install configuration: ""
-- Up-to-date: /home/yuritvr/PFC/pfc_ws/install/gazebo_ros2_control/share/ament_index/resource_index/package_run_dependencies/gazebo_ros2_control
-- Installing: /home/yuritvr/PFC/pfc_ws/install/gazebo_ros2_control/share/ament_index/resource_index/parent_prefix_path/gazebo_ros2_control
-- Installing: /home/yuritvr/PFC/pfc_ws/install/gazebo_ros2_control/share/gazebo_ros2_control/environment/ament_prefix_path.sh
-- Installing: /home/yuritvr/PFC/pfc_ws/install/gazebo_ros2_control/share/gazebo_ros2_control/environment/ament_prefix_path.dsv
-- Installing: /home/yuritvr/PFC/pfc_ws/install/gazebo_ros2_control/share/gazebo_ros2_control/environment/path.sh
-- Installing: /home/yuritvr/PFC/pfc_ws/install/gazebo_ros2_control/share/gazebo_ros2_control/environment/path.dsv
-- Up-to-date: /home/yuritvr/PFC/pfc_ws/install/gazebo_ros2_control/share/gazebo_ros2_control/local_setup.bash
-- Up-to-date: /home/yuritvr/PFC/pfc_ws/install/gazebo_ros2_control/share/gazebo_ros2_control/local_setup.sh
-- Up-to-date: /home/yuritvr/PFC/pfc_ws/install/gazebo_ros2_control/share/gazebo_ros2_control/local_setup.zsh
-- Installing: /home/yuritvr/PFC/pfc_ws/install/gazebo_ros2_control/share/gazebo_ros2_control/local_setup.dsv
-- Installing: /home/yuritvr/PFC/pfc_ws/install/gazebo_ros2_control/share/gazebo_ros2_control/package.dsv
-- Up-to-date: /home/yuritvr/PFC/pfc_ws/install/gazebo_ros2_control/share/ament_index/resource_index/packages/gazebo_ros2_control
-- Up-to-date: /home/yuritvr/PFC/pfc_ws/install/gazebo_ros2_control/share/gazebo_ros2_control/cmake/gazebo_ros2_controlConfig.cmake
-- Up-to-date: /home/yuritvr/PFC/pfc_ws/install/gazebo_ros2_control/share/gazebo_ros2_control/cmake/gazebo_ros2_controlConfig-version.cmake
-- Up-to-date: /home/yuritvr/PFC/pfc_ws/install/gazebo_ros2_control/share/gazebo_ros2_control/package.xml
