[0.022s] Invoking command in '/home/yuritvr/PFC/pfc_ws/build/gazebo_ros2_control': CMAKE_PREFIX_PATH=${CMAKE_PREFIX_PATH}:/opt/ros/humble /usr/bin/cmake --build /home/yuritvr/PFC/pfc_ws/build/gazebo_ros2_control -- -j8 -l8
[0.056s] -- Found ament_cmake: 1.3.8 (/opt/ros/humble/share/ament_cmake/cmake)
[0.240s] -- Found ament_lint_auto: 0.12.10 (/opt/ros/humble/share/ament_lint_auto/cmake)
[0.348s] -- Added test 'lint_cmake' to check CMake code style
[0.349s] -- Added test 'xmllint' to check XML markup files
[0.350s] -- Configuring done
[0.354s] -- Generating done
[0.356s] -- Build files have been written to: /home/yuritvr/PFC/pfc_ws/build/gazebo_ros2_control
[0.386s] Invoked command in '/home/yuritvr/PFC/pfc_ws/build/gazebo_ros2_control' returned '0': CMAKE_PREFIX_PATH=${CMAKE_PREFIX_PATH}:/opt/ros/humble /usr/bin/cmake --build /home/yuritvr/PFC/pfc_ws/build/gazebo_ros2_control -- -j8 -l8
[0.431s] Invoking command in '/home/yuritvr/PFC/pfc_ws/build/gazebo_ros2_control': CMAKE_PREFIX_PATH=${CMAKE_PREFIX_PATH}:/opt/ros/humble /usr/bin/cmake --install /home/yuritvr/PFC/pfc_ws/build/gazebo_ros2_control
[0.441s] -- Install configuration: ""
[0.442s] -- Up-to-date: /home/yuritvr/PFC/pfc_ws/install/gazebo_ros2_control/share/ament_index/resource_index/package_run_dependencies/gazebo_ros2_control
[0.442s] -- Installing: /home/yuritvr/PFC/pfc_ws/install/gazebo_ros2_control/share/ament_index/resource_index/parent_prefix_path/gazebo_ros2_control
[0.442s] -- Installing: /home/yuritvr/PFC/pfc_ws/install/gazebo_ros2_control/share/gazebo_ros2_control/environment/ament_prefix_path.sh
[0.442s] -- Installing: /home/yuritvr/PFC/pfc_ws/install/gazebo_ros2_control/share/gazebo_ros2_control/environment/ament_prefix_path.dsv
[0.442s] -- Installing: /home/yuritvr/PFC/pfc_ws/install/gazebo_ros2_control/share/gazebo_ros2_control/environment/path.sh
[0.443s] -- Installing: /home/yuritvr/PFC/pfc_ws/install/gazebo_ros2_control/share/gazebo_ros2_control/environment/path.dsv
[0.443s] -- Up-to-date: /home/yuritvr/PFC/pfc_ws/install/gazebo_ros2_control/share/gazebo_ros2_control/local_setup.bash
[0.443s] -- Up-to-date: /home/yuritvr/PFC/pfc_ws/install/gazebo_ros2_control/share/gazebo_ros2_control/local_setup.sh
[0.443s] -- Up-to-date: /home/yuritvr/PFC/pfc_ws/install/gazebo_ros2_control/share/gazebo_ros2_control/local_setup.zsh
[0.444s] -- Installing: /home/yuritvr/PFC/pfc_ws/install/gazebo_ros2_control/share/gazebo_ros2_control/local_setup.dsv
[0.444s] -- Installing: /home/yuritvr/PFC/pfc_ws/install/gazebo_ros2_control/share/gazebo_ros2_control/package.dsv
[0.444s] -- Up-to-date: /home/yuritvr/PFC/pfc_ws/install/gazebo_ros2_control/share/ament_index/resource_index/packages/gazebo_ros2_control
[0.444s] -- Up-to-date: /home/yuritvr/PFC/pfc_ws/install/gazebo_ros2_control/share/gazebo_ros2_control/cmake/gazebo_ros2_controlConfig.cmake
[0.444s] -- Up-to-date: /home/yuritvr/PFC/pfc_ws/install/gazebo_ros2_control/share/gazebo_ros2_control/cmake/gazebo_ros2_controlConfig-version.cmake
[0.444s] -- Up-to-date: /home/yuritvr/PFC/pfc_ws/install/gazebo_ros2_control/share/gazebo_ros2_control/package.xml
[0.447s] Invoked command in '/home/yuritvr/PFC/pfc_ws/build/gazebo_ros2_control' returned '0': CMAKE_PREFIX_PATH=${CMAKE_PREFIX_PATH}:/opt/ros/humble /usr/bin/cmake --install /home/yuritvr/PFC/pfc_ws/build/gazebo_ros2_control
