[0.221s] DEBUG:colcon:Command line arguments: ['/usr/bin/colcon', 'build']
[0.221s] DEBUG:colcon:Parsed command line arguments: Namespace(log_base=None, log_level=None, verb_name='build', build_base='build', install_base='install', merge_install=False, symlink_install=False, test_result_base=None, continue_on_error=False, executor='parallel', parallel_workers=8, event_handlers=None, ignore_user_meta=False, metas=['./colcon.meta'], base_paths=['.'], packages_ignore=None, packages_ignore_regex=None, paths=None, packages_up_to=None, packages_up_to_regex=None, packages_above=None, packages_above_and_dependencies=None, packages_above_depth=None, packages_select_by_dep=None, packages_skip_by_dep=None, packages_skip_up_to=None, packages_select_build_failed=False, packages_skip_build_finished=False, packages_select_test_failures=False, packages_skip_test_passed=False, packages_select=None, packages_skip=None, packages_select_regex=None, packages_skip_regex=None, packages_start=None, packages_end=None, allow_overriding=[], cmake_args=None, cmake_target=None, cmake_target_skip_unavailable=False, cmake_clean_cache=False, cmake_clean_first=False, cmake_force_configure=False, ament_cmake_args=None, catkin_cmake_args=None, catkin_skip_building_tests=False, mixin_files=None, mixin=None, verb_parser=<colcon_mixin.mixin.mixin_argument.MixinArgumentDecorator object at 0x74e19ea3a260>, verb_extension=<colcon_core.verb.build.BuildVerb object at 0x74e19ebae650>, main=<bound method BuildVerb.main of <colcon_core.verb.build.BuildVerb object at 0x74e19ebae650>>, mixin_verb=('build',))
[0.474s] Level 1:colcon.colcon_core.package_discovery:discover_packages(colcon_meta) check parameters
[0.474s] Level 1:colcon.colcon_core.package_discovery:discover_packages(recursive) check parameters
[0.474s] Level 1:colcon.colcon_core.package_discovery:discover_packages(ignore) check parameters
[0.474s] Level 1:colcon.colcon_core.package_discovery:discover_packages(path) check parameters
[0.474s] Level 1:colcon.colcon_core.package_discovery:discover_packages(colcon_meta) discover
[0.474s] Level 1:colcon.colcon_core.package_discovery:discover_packages(recursive) discover
[0.474s] INFO:colcon.colcon_core.package_discovery:Crawling recursively for packages in '/home/yuritvr/PFC/pfc_ws'
[0.474s] Level 1:colcon.colcon_core.package_identification:_identify(.) by extensions ['ignore', 'ignore_ament_install']
[0.475s] Level 1:colcon.colcon_core.package_identification:_identify(.) by extension 'ignore'
[0.475s] Level 1:colcon.colcon_core.package_identification:_identify(.) by extension 'ignore_ament_install'
[0.475s] Level 1:colcon.colcon_core.package_identification:_identify(.) by extensions ['colcon_pkg']
[0.475s] Level 1:colcon.colcon_core.package_identification:_identify(.) by extension 'colcon_pkg'
[0.475s] Level 1:colcon.colcon_core.package_identification:_identify(.) by extensions ['colcon_meta']
[0.475s] Level 1:colcon.colcon_core.package_identification:_identify(.) by extension 'colcon_meta'
[0.475s] Level 1:colcon.colcon_core.package_identification:_identify(.) by extensions ['ros']
[0.475s] Level 1:colcon.colcon_core.package_identification:_identify(.) by extension 'ros'
[0.491s] Level 1:colcon.colcon_core.package_identification:_identify(.) by extensions ['cmake', 'python']
[0.491s] Level 1:colcon.colcon_core.package_identification:_identify(.) by extension 'cmake'
[0.491s] Level 1:colcon.colcon_core.package_identification:_identify(.) by extension 'python'
[0.491s] Level 1:colcon.colcon_core.package_identification:_identify(.) by extensions ['python_setup_py']
[0.491s] Level 1:colcon.colcon_core.package_identification:_identify(.) by extension 'python_setup_py'
[0.492s] Level 1:colcon.colcon_core.package_identification:_identify(build) by extensions ['ignore', 'ignore_ament_install']
[0.492s] Level 1:colcon.colcon_core.package_identification:_identify(build) by extension 'ignore'
[0.492s] Level 1:colcon.colcon_core.package_identification:_identify(build) ignored
[0.492s] Level 1:colcon.colcon_core.package_identification:_identify(install) by extensions ['ignore', 'ignore_ament_install']
[0.492s] Level 1:colcon.colcon_core.package_identification:_identify(install) by extension 'ignore'
[0.492s] Level 1:colcon.colcon_core.package_identification:_identify(install) ignored
[0.492s] Level 1:colcon.colcon_core.package_identification:_identify(log) by extensions ['ignore', 'ignore_ament_install']
[0.492s] Level 1:colcon.colcon_core.package_identification:_identify(log) by extension 'ignore'
[0.492s] Level 1:colcon.colcon_core.package_identification:_identify(log) ignored
[0.493s] Level 1:colcon.colcon_core.package_identification:_identify(src) by extensions ['ignore', 'ignore_ament_install']
[0.493s] Level 1:colcon.colcon_core.package_identification:_identify(src) by extension 'ignore'
[0.493s] Level 1:colcon.colcon_core.package_identification:_identify(src) by extension 'ignore_ament_install'
[0.493s] Level 1:colcon.colcon_core.package_identification:_identify(src) by extensions ['colcon_pkg']
[0.493s] Level 1:colcon.colcon_core.package_identification:_identify(src) by extension 'colcon_pkg'
[0.493s] Level 1:colcon.colcon_core.package_identification:_identify(src) by extensions ['colcon_meta']
[0.493s] Level 1:colcon.colcon_core.package_identification:_identify(src) by extension 'colcon_meta'
[0.493s] Level 1:colcon.colcon_core.package_identification:_identify(src) by extensions ['ros']
[0.493s] Level 1:colcon.colcon_core.package_identification:_identify(src) by extension 'ros'
[0.493s] Level 1:colcon.colcon_core.package_identification:_identify(src) by extensions ['cmake', 'python']
[0.493s] Level 1:colcon.colcon_core.package_identification:_identify(src) by extension 'cmake'
[0.493s] Level 1:colcon.colcon_core.package_identification:_identify(src) by extension 'python'
[0.493s] Level 1:colcon.colcon_core.package_identification:_identify(src) by extensions ['python_setup_py']
[0.493s] Level 1:colcon.colcon_core.package_identification:_identify(src) by extension 'python_setup_py'
[0.494s] Level 1:colcon.colcon_core.package_identification:_identify(src/arm_pkg) by extensions ['ignore', 'ignore_ament_install']
[0.494s] Level 1:colcon.colcon_core.package_identification:_identify(src/arm_pkg) by extension 'ignore'
[0.494s] Level 1:colcon.colcon_core.package_identification:_identify(src/arm_pkg) by extension 'ignore_ament_install'
[0.494s] Level 1:colcon.colcon_core.package_identification:_identify(src/arm_pkg) by extensions ['colcon_pkg']
[0.494s] Level 1:colcon.colcon_core.package_identification:_identify(src/arm_pkg) by extension 'colcon_pkg'
[0.494s] Level 1:colcon.colcon_core.package_identification:_identify(src/arm_pkg) by extensions ['colcon_meta']
[0.494s] Level 1:colcon.colcon_core.package_identification:_identify(src/arm_pkg) by extension 'colcon_meta'
[0.494s] Level 1:colcon.colcon_core.package_identification:_identify(src/arm_pkg) by extensions ['ros']
[0.494s] Level 1:colcon.colcon_core.package_identification:_identify(src/arm_pkg) by extension 'ros'
[0.498s] DEBUG:colcon.colcon_core.package_identification:Package 'src/arm_pkg' with type 'ros.ament_cmake' and name 'arm_pkg'
[0.498s] Level 1:colcon.colcon_core.package_identification:_identify(src/arm_pkg_moveit_config) by extensions ['ignore', 'ignore_ament_install']
[0.498s] Level 1:colcon.colcon_core.package_identification:_identify(src/arm_pkg_moveit_config) by extension 'ignore'
[0.498s] Level 1:colcon.colcon_core.package_identification:_identify(src/arm_pkg_moveit_config) by extension 'ignore_ament_install'
[0.498s] Level 1:colcon.colcon_core.package_identification:_identify(src/arm_pkg_moveit_config) by extensions ['colcon_pkg']
[0.499s] Level 1:colcon.colcon_core.package_identification:_identify(src/arm_pkg_moveit_config) by extension 'colcon_pkg'
[0.499s] Level 1:colcon.colcon_core.package_identification:_identify(src/arm_pkg_moveit_config) by extensions ['colcon_meta']
[0.499s] Level 1:colcon.colcon_core.package_identification:_identify(src/arm_pkg_moveit_config) by extension 'colcon_meta'
[0.499s] Level 1:colcon.colcon_core.package_identification:_identify(src/arm_pkg_moveit_config) by extensions ['ros']
[0.499s] Level 1:colcon.colcon_core.package_identification:_identify(src/arm_pkg_moveit_config) by extension 'ros'
[0.500s] DEBUG:colcon.colcon_core.package_identification:Package 'src/arm_pkg_moveit_config' with type 'ros.ament_cmake' and name 'moveit_config'
[0.500s] Level 1:colcon.colcon_core.package_identification:_identify(src/pfcbot) by extensions ['ignore', 'ignore_ament_install']
[0.500s] Level 1:colcon.colcon_core.package_identification:_identify(src/pfcbot) by extension 'ignore'
[0.500s] Level 1:colcon.colcon_core.package_identification:_identify(src/pfcbot) by extension 'ignore_ament_install'
[0.501s] Level 1:colcon.colcon_core.package_identification:_identify(src/pfcbot) by extensions ['colcon_pkg']
[0.501s] Level 1:colcon.colcon_core.package_identification:_identify(src/pfcbot) by extension 'colcon_pkg'
[0.501s] Level 1:colcon.colcon_core.package_identification:_identify(src/pfcbot) by extensions ['colcon_meta']
[0.501s] Level 1:colcon.colcon_core.package_identification:_identify(src/pfcbot) by extension 'colcon_meta'
[0.501s] Level 1:colcon.colcon_core.package_identification:_identify(src/pfcbot) by extensions ['ros']
[0.501s] Level 1:colcon.colcon_core.package_identification:_identify(src/pfcbot) by extension 'ros'
[0.502s] DEBUG:colcon.colcon_core.package_identification:Package 'src/pfcbot' with type 'ros.ament_cmake' and name 'pfcbot'
[0.503s] Level 1:colcon.colcon_core.package_identification:_identify(src/xarm_description) by extensions ['ignore', 'ignore_ament_install']
[0.503s] Level 1:colcon.colcon_core.package_identification:_identify(src/xarm_description) by extension 'ignore'
[0.503s] Level 1:colcon.colcon_core.package_identification:_identify(src/xarm_description) by extension 'ignore_ament_install'
[0.503s] Level 1:colcon.colcon_core.package_identification:_identify(src/xarm_description) by extensions ['colcon_pkg']
[0.503s] Level 1:colcon.colcon_core.package_identification:_identify(src/xarm_description) by extension 'colcon_pkg'
[0.503s] Level 1:colcon.colcon_core.package_identification:_identify(src/xarm_description) by extensions ['colcon_meta']
[0.503s] Level 1:colcon.colcon_core.package_identification:_identify(src/xarm_description) by extension 'colcon_meta'
[0.503s] Level 1:colcon.colcon_core.package_identification:_identify(src/xarm_description) by extensions ['ros']
[0.503s] Level 1:colcon.colcon_core.package_identification:_identify(src/xarm_description) by extension 'ros'
[0.504s] DEBUG:colcon.colcon_core.package_identification:Package 'src/xarm_description' with type 'ros.ament_cmake' and name 'xarm_description'
[0.504s] Level 1:colcon.colcon_core.package_discovery:discover_packages(recursive) using defaults
[0.504s] Level 1:colcon.colcon_core.package_discovery:discover_packages(ignore) discover
[0.504s] Level 1:colcon.colcon_core.package_discovery:discover_packages(ignore) using defaults
[0.504s] Level 1:colcon.colcon_core.package_discovery:discover_packages(path) discover
[0.504s] Level 1:colcon.colcon_core.package_discovery:discover_packages(path) using defaults
[0.544s] Level 1:colcon.colcon_core.package_discovery:discover_packages(prefix_path) check parameters
[0.544s] Level 1:colcon.colcon_core.package_discovery:discover_packages(prefix_path) discover
[0.548s] DEBUG:colcon.colcon_installed_package_information.package_discovery:Found 355 installed packages in /opt/ros/humble
[0.550s] Level 1:colcon.colcon_core.package_discovery:discover_packages(prefix_path) using defaults
[0.618s] Level 5:colcon.colcon_core.verb:set package 'arm_pkg' build argument 'cmake_args' from command line to 'None'
[0.618s] Level 5:colcon.colcon_core.verb:set package 'arm_pkg' build argument 'cmake_target' from command line to 'None'
[0.618s] Level 5:colcon.colcon_core.verb:set package 'arm_pkg' build argument 'cmake_target_skip_unavailable' from command line to 'False'
[0.618s] Level 5:colcon.colcon_core.verb:set package 'arm_pkg' build argument 'cmake_clean_cache' from command line to 'False'
[0.618s] Level 5:colcon.colcon_core.verb:set package 'arm_pkg' build argument 'cmake_clean_first' from command line to 'False'
[0.618s] Level 5:colcon.colcon_core.verb:set package 'arm_pkg' build argument 'cmake_force_configure' from command line to 'False'
[0.618s] Level 5:colcon.colcon_core.verb:set package 'arm_pkg' build argument 'ament_cmake_args' from command line to 'None'
[0.618s] Level 5:colcon.colcon_core.verb:set package 'arm_pkg' build argument 'catkin_cmake_args' from command line to 'None'
[0.618s] Level 5:colcon.colcon_core.verb:set package 'arm_pkg' build argument 'catkin_skip_building_tests' from command line to 'False'
[0.618s] DEBUG:colcon.colcon_core.verb:Building package 'arm_pkg' with the following arguments: {'ament_cmake_args': None, 'build_base': '/home/yuritvr/PFC/pfc_ws/build/arm_pkg', 'catkin_cmake_args': None, 'catkin_skip_building_tests': False, 'cmake_args': None, 'cmake_clean_cache': False, 'cmake_clean_first': False, 'cmake_force_configure': False, 'cmake_target': None, 'cmake_target_skip_unavailable': False, 'install_base': '/home/yuritvr/PFC/pfc_ws/install/arm_pkg', 'merge_install': False, 'path': '/home/yuritvr/PFC/pfc_ws/src/arm_pkg', 'symlink_install': False, 'test_result_base': None}
[0.619s] Level 5:colcon.colcon_core.verb:set package 'pfcbot' build argument 'cmake_args' from command line to 'None'
[0.619s] Level 5:colcon.colcon_core.verb:set package 'pfcbot' build argument 'cmake_target' from command line to 'None'
[0.619s] Level 5:colcon.colcon_core.verb:set package 'pfcbot' build argument 'cmake_target_skip_unavailable' from command line to 'False'
[0.619s] Level 5:colcon.colcon_core.verb:set package 'pfcbot' build argument 'cmake_clean_cache' from command line to 'False'
[0.619s] Level 5:colcon.colcon_core.verb:set package 'pfcbot' build argument 'cmake_clean_first' from command line to 'False'
[0.619s] Level 5:colcon.colcon_core.verb:set package 'pfcbot' build argument 'cmake_force_configure' from command line to 'False'
[0.619s] Level 5:colcon.colcon_core.verb:set package 'pfcbot' build argument 'ament_cmake_args' from command line to 'None'
[0.619s] Level 5:colcon.colcon_core.verb:set package 'pfcbot' build argument 'catkin_cmake_args' from command line to 'None'
[0.619s] Level 5:colcon.colcon_core.verb:set package 'pfcbot' build argument 'catkin_skip_building_tests' from command line to 'False'
[0.619s] DEBUG:colcon.colcon_core.verb:Building package 'pfcbot' with the following arguments: {'ament_cmake_args': None, 'build_base': '/home/yuritvr/PFC/pfc_ws/build/pfcbot', 'catkin_cmake_args': None, 'catkin_skip_building_tests': False, 'cmake_args': None, 'cmake_clean_cache': False, 'cmake_clean_first': False, 'cmake_force_configure': False, 'cmake_target': None, 'cmake_target_skip_unavailable': False, 'install_base': '/home/yuritvr/PFC/pfc_ws/install/pfcbot', 'merge_install': False, 'path': '/home/yuritvr/PFC/pfc_ws/src/pfcbot', 'symlink_install': False, 'test_result_base': None}
[0.619s] Level 5:colcon.colcon_core.verb:set package 'xarm_description' build argument 'cmake_args' from command line to 'None'
[0.619s] Level 5:colcon.colcon_core.verb:set package 'xarm_description' build argument 'cmake_target' from command line to 'None'
[0.620s] Level 5:colcon.colcon_core.verb:set package 'xarm_description' build argument 'cmake_target_skip_unavailable' from command line to 'False'
[0.620s] Level 5:colcon.colcon_core.verb:set package 'xarm_description' build argument 'cmake_clean_cache' from command line to 'False'
[0.620s] Level 5:colcon.colcon_core.verb:set package 'xarm_description' build argument 'cmake_clean_first' from command line to 'False'
[0.620s] Level 5:colcon.colcon_core.verb:set package 'xarm_description' build argument 'cmake_force_configure' from command line to 'False'
[0.620s] Level 5:colcon.colcon_core.verb:set package 'xarm_description' build argument 'ament_cmake_args' from command line to 'None'
[0.620s] Level 5:colcon.colcon_core.verb:set package 'xarm_description' build argument 'catkin_cmake_args' from command line to 'None'
[0.620s] Level 5:colcon.colcon_core.verb:set package 'xarm_description' build argument 'catkin_skip_building_tests' from command line to 'False'
[0.620s] DEBUG:colcon.colcon_core.verb:Building package 'xarm_description' with the following arguments: {'ament_cmake_args': None, 'build_base': '/home/yuritvr/PFC/pfc_ws/build/xarm_description', 'catkin_cmake_args': None, 'catkin_skip_building_tests': False, 'cmake_args': None, 'cmake_clean_cache': False, 'cmake_clean_first': False, 'cmake_force_configure': False, 'cmake_target': None, 'cmake_target_skip_unavailable': False, 'install_base': '/home/yuritvr/PFC/pfc_ws/install/xarm_description', 'merge_install': False, 'path': '/home/yuritvr/PFC/pfc_ws/src/xarm_description', 'symlink_install': False, 'test_result_base': None}
[0.620s] Level 5:colcon.colcon_core.verb:set package 'moveit_config' build argument 'cmake_args' from command line to 'None'
[0.620s] Level 5:colcon.colcon_core.verb:set package 'moveit_config' build argument 'cmake_target' from command line to 'None'
[0.620s] Level 5:colcon.colcon_core.verb:set package 'moveit_config' build argument 'cmake_target_skip_unavailable' from command line to 'False'
[0.620s] Level 5:colcon.colcon_core.verb:set package 'moveit_config' build argument 'cmake_clean_cache' from command line to 'False'
[0.620s] Level 5:colcon.colcon_core.verb:set package 'moveit_config' build argument 'cmake_clean_first' from command line to 'False'
[0.621s] Level 5:colcon.colcon_core.verb:set package 'moveit_config' build argument 'cmake_force_configure' from command line to 'False'
[0.621s] Level 5:colcon.colcon_core.verb:set package 'moveit_config' build argument 'ament_cmake_args' from command line to 'None'
[0.621s] Level 5:colcon.colcon_core.verb:set package 'moveit_config' build argument 'catkin_cmake_args' from command line to 'None'
[0.621s] Level 5:colcon.colcon_core.verb:set package 'moveit_config' build argument 'catkin_skip_building_tests' from command line to 'False'
[0.621s] DEBUG:colcon.colcon_core.verb:Building package 'moveit_config' with the following arguments: {'ament_cmake_args': None, 'build_base': '/home/yuritvr/PFC/pfc_ws/build/moveit_config', 'catkin_cmake_args': None, 'catkin_skip_building_tests': False, 'cmake_args': None, 'cmake_clean_cache': False, 'cmake_clean_first': False, 'cmake_force_configure': False, 'cmake_target': None, 'cmake_target_skip_unavailable': False, 'install_base': '/home/yuritvr/PFC/pfc_ws/install/moveit_config', 'merge_install': False, 'path': '/home/yuritvr/PFC/pfc_ws/src/arm_pkg_moveit_config', 'symlink_install': False, 'test_result_base': None}
[0.621s] INFO:colcon.colcon_core.executor:Executing jobs using 'parallel' executor
[0.622s] DEBUG:colcon.colcon_parallel_executor.executor.parallel:run_until_complete
[0.622s] INFO:colcon.colcon_ros.task.ament_cmake.build:Building ROS package in '/home/yuritvr/PFC/pfc_ws/src/arm_pkg' with build type 'ament_cmake'
[0.622s] INFO:colcon.colcon_cmake.task.cmake.build:Building CMake package in '/home/yuritvr/PFC/pfc_ws/src/arm_pkg'
[0.625s] INFO:colcon.colcon_core.plugin_system:Skipping extension 'colcon_core.shell.bat': Not used on non-Windows systems
[0.626s] INFO:colcon.colcon_core.shell:Skip shell extension 'powershell' for command environment: Not usable outside of PowerShell
[0.626s] DEBUG:colcon.colcon_core.shell:Skip shell extension 'dsv' for command environment
[0.630s] INFO:colcon.colcon_ros.task.ament_cmake.build:Building ROS package in '/home/yuritvr/PFC/pfc_ws/src/pfcbot' with build type 'ament_cmake'
[0.630s] INFO:colcon.colcon_cmake.task.cmake.build:Building CMake package in '/home/yuritvr/PFC/pfc_ws/src/pfcbot'
[0.630s] INFO:colcon.colcon_core.shell:Skip shell extension 'powershell' for command environment: Not usable outside of PowerShell
[0.630s] DEBUG:colcon.colcon_core.shell:Skip shell extension 'dsv' for command environment
[0.635s] INFO:colcon.colcon_ros.task.ament_cmake.build:Building ROS package in '/home/yuritvr/PFC/pfc_ws/src/xarm_description' with build type 'ament_cmake'
[0.635s] INFO:colcon.colcon_cmake.task.cmake.build:Building CMake package in '/home/yuritvr/PFC/pfc_ws/src/xarm_description'
[0.635s] INFO:colcon.colcon_core.shell:Skip shell extension 'powershell' for command environment: Not usable outside of PowerShell
[0.635s] DEBUG:colcon.colcon_core.shell:Skip shell extension 'dsv' for command environment
[0.650s] DEBUG:colcon.colcon_core.event_handler.log_command:Invoking command in '/home/yuritvr/PFC/pfc_ws/build/arm_pkg': CMAKE_PREFIX_PATH=/opt/ros/humble /usr/bin/cmake --build /home/yuritvr/PFC/pfc_ws/build/arm_pkg -- -j8 -l8
[0.654s] DEBUG:colcon.colcon_core.event_handler.log_command:Invoking command in '/home/yuritvr/PFC/pfc_ws/build/pfcbot': CMAKE_PREFIX_PATH=/opt/ros/humble /usr/bin/cmake --build /home/yuritvr/PFC/pfc_ws/build/pfcbot -- -j8 -l8
[0.661s] DEBUG:colcon.colcon_core.event_handler.log_command:Invoking command in '/home/yuritvr/PFC/pfc_ws/build/xarm_description': CMAKE_PREFIX_PATH=/opt/ros/humble /usr/bin/cmake --build /home/yuritvr/PFC/pfc_ws/build/xarm_description -- -j8 -l8
[0.744s] DEBUG:colcon.colcon_core.event_handler.log_command:Invoked command in '/home/yuritvr/PFC/pfc_ws/build/pfcbot' returned '0': CMAKE_PREFIX_PATH=/opt/ros/humble /usr/bin/cmake --build /home/yuritvr/PFC/pfc_ws/build/pfcbot -- -j8 -l8
[0.754s] DEBUG:colcon.colcon_core.event_handler.log_command:Invoked command in '/home/yuritvr/PFC/pfc_ws/build/xarm_description' returned '0': CMAKE_PREFIX_PATH=/opt/ros/humble /usr/bin/cmake --build /home/yuritvr/PFC/pfc_ws/build/xarm_description -- -j8 -l8
[0.759s] DEBUG:colcon.colcon_core.event_handler.log_command:Invoked command in '/home/yuritvr/PFC/pfc_ws/build/arm_pkg' returned '0': CMAKE_PREFIX_PATH=/opt/ros/humble /usr/bin/cmake --build /home/yuritvr/PFC/pfc_ws/build/arm_pkg -- -j8 -l8
[0.835s] DEBUG:colcon.colcon_core.event_handler.log_command:Invoking command in '/home/yuritvr/PFC/pfc_ws/build/pfcbot': CMAKE_PREFIX_PATH=/opt/ros/humble /usr/bin/cmake --install /home/yuritvr/PFC/pfc_ws/build/pfcbot
[0.843s] DEBUG:colcon.colcon_core.event_handler.log_command:Invoking command in '/home/yuritvr/PFC/pfc_ws/build/xarm_description': CMAKE_PREFIX_PATH=/opt/ros/humble /usr/bin/cmake --install /home/yuritvr/PFC/pfc_ws/build/xarm_description
[0.848s] DEBUG:colcon.colcon_core.event_handler.log_command:Invoking command in '/home/yuritvr/PFC/pfc_ws/build/arm_pkg': CMAKE_PREFIX_PATH=/opt/ros/humble /usr/bin/cmake --install /home/yuritvr/PFC/pfc_ws/build/arm_pkg
[0.870s] Level 1:colcon.colcon_core.environment:create_environment_scripts_only(pfcbot)
[0.872s] DEBUG:colcon.colcon_core.event_handler.log_command:Invoked command in '/home/yuritvr/PFC/pfc_ws/build/pfcbot' returned '0': CMAKE_PREFIX_PATH=/opt/ros/humble /usr/bin/cmake --install /home/yuritvr/PFC/pfc_ws/build/pfcbot
[0.904s] Level 1:colcon.colcon_core.environment:checking '/home/yuritvr/PFC/pfc_ws/install/pfcbot' for CMake module files
[0.908s] Level 1:colcon.colcon_core.environment:checking '/home/yuritvr/PFC/pfc_ws/install/pfcbot' for CMake config files
[0.913s] Level 1:colcon.colcon_core.shell:create_environment_hook('pfcbot', 'cmake_prefix_path')
[0.913s] INFO:colcon.colcon_core.shell:Creating environment hook '/home/yuritvr/PFC/pfc_ws/install/pfcbot/share/pfcbot/hook/cmake_prefix_path.ps1'
[0.917s] INFO:colcon.colcon_core.shell:Creating environment descriptor '/home/yuritvr/PFC/pfc_ws/install/pfcbot/share/pfcbot/hook/cmake_prefix_path.dsv'
[0.919s] INFO:colcon.colcon_core.shell:Creating environment hook '/home/yuritvr/PFC/pfc_ws/install/pfcbot/share/pfcbot/hook/cmake_prefix_path.sh'
[0.923s] Level 1:colcon.colcon_core.environment:checking '/home/yuritvr/PFC/pfc_ws/install/pfcbot/bin'
[0.923s] Level 1:colcon.colcon_core.environment:checking '/home/yuritvr/PFC/pfc_ws/install/pfcbot/lib/pkgconfig/pfcbot.pc'
[0.924s] Level 1:colcon.colcon_core.environment:checking '/home/yuritvr/PFC/pfc_ws/install/pfcbot/lib/python3.10/site-packages'
[0.925s] Level 1:colcon.colcon_core.environment:checking '/home/yuritvr/PFC/pfc_ws/install/pfcbot/bin'
[0.926s] INFO:colcon.colcon_core.shell:Creating package script '/home/yuritvr/PFC/pfc_ws/install/pfcbot/share/pfcbot/package.ps1'
[0.929s] INFO:colcon.colcon_core.shell:Creating package descriptor '/home/yuritvr/PFC/pfc_ws/install/pfcbot/share/pfcbot/package.dsv'
[0.932s] INFO:colcon.colcon_core.shell:Creating package script '/home/yuritvr/PFC/pfc_ws/install/pfcbot/share/pfcbot/package.sh'
[0.935s] INFO:colcon.colcon_core.shell:Creating package script '/home/yuritvr/PFC/pfc_ws/install/pfcbot/share/pfcbot/package.bash'
[0.939s] INFO:colcon.colcon_core.shell:Creating package script '/home/yuritvr/PFC/pfc_ws/install/pfcbot/share/pfcbot/package.zsh'
[0.941s] Level 1:colcon.colcon_core.environment:create_file_with_runtime_dependencies(/home/yuritvr/PFC/pfc_ws/install/pfcbot/share/colcon-core/packages/pfcbot)
[0.948s] Level 1:colcon.colcon_core.environment:create_environment_scripts_only(arm_pkg)
[0.949s] Level 1:colcon.colcon_core.environment:checking '/home/yuritvr/PFC/pfc_ws/install/arm_pkg' for CMake module files
[0.951s] DEBUG:colcon.colcon_core.event_handler.log_command:Invoked command in '/home/yuritvr/PFC/pfc_ws/build/arm_pkg' returned '0': CMAKE_PREFIX_PATH=/opt/ros/humble /usr/bin/cmake --install /home/yuritvr/PFC/pfc_ws/build/arm_pkg
[0.952s] Level 1:colcon.colcon_core.environment:checking '/home/yuritvr/PFC/pfc_ws/install/arm_pkg' for CMake config files
[0.953s] Level 1:colcon.colcon_core.shell:create_environment_hook('arm_pkg', 'cmake_prefix_path')
[0.954s] INFO:colcon.colcon_core.shell:Creating environment hook '/home/yuritvr/PFC/pfc_ws/install/arm_pkg/share/arm_pkg/hook/cmake_prefix_path.ps1'
[0.955s] INFO:colcon.colcon_core.shell:Creating environment descriptor '/home/yuritvr/PFC/pfc_ws/install/arm_pkg/share/arm_pkg/hook/cmake_prefix_path.dsv'
[0.956s] INFO:colcon.colcon_core.shell:Creating environment hook '/home/yuritvr/PFC/pfc_ws/install/arm_pkg/share/arm_pkg/hook/cmake_prefix_path.sh'
[0.958s] Level 1:colcon.colcon_core.environment:checking '/home/yuritvr/PFC/pfc_ws/install/arm_pkg/bin'
[0.958s] Level 1:colcon.colcon_core.environment:checking '/home/yuritvr/PFC/pfc_ws/install/arm_pkg/lib/pkgconfig/arm_pkg.pc'
[0.959s] Level 1:colcon.colcon_core.environment:checking '/home/yuritvr/PFC/pfc_ws/install/arm_pkg/lib/python3.10/site-packages'
[0.960s] Level 1:colcon.colcon_core.environment:checking '/home/yuritvr/PFC/pfc_ws/install/arm_pkg/bin'
[0.961s] INFO:colcon.colcon_core.shell:Creating package script '/home/yuritvr/PFC/pfc_ws/install/arm_pkg/share/arm_pkg/package.ps1'
[0.962s] INFO:colcon.colcon_core.shell:Creating package descriptor '/home/yuritvr/PFC/pfc_ws/install/arm_pkg/share/arm_pkg/package.dsv'
[0.963s] INFO:colcon.colcon_core.shell:Creating package script '/home/yuritvr/PFC/pfc_ws/install/arm_pkg/share/arm_pkg/package.sh'
[0.964s] INFO:colcon.colcon_core.shell:Creating package script '/home/yuritvr/PFC/pfc_ws/install/arm_pkg/share/arm_pkg/package.bash'
[0.966s] INFO:colcon.colcon_core.shell:Creating package script '/home/yuritvr/PFC/pfc_ws/install/arm_pkg/share/arm_pkg/package.zsh'
[0.967s] Level 1:colcon.colcon_core.environment:create_file_with_runtime_dependencies(/home/yuritvr/PFC/pfc_ws/install/arm_pkg/share/colcon-core/packages/arm_pkg)
[0.970s] Level 1:colcon.colcon_core.environment:create_environment_scripts_only(xarm_description)
[0.971s] Level 1:colcon.colcon_core.environment:checking '/home/yuritvr/PFC/pfc_ws/install/xarm_description' for CMake module files
[0.974s] DEBUG:colcon.colcon_core.event_handler.log_command:Invoked command in '/home/yuritvr/PFC/pfc_ws/build/xarm_description' returned '0': CMAKE_PREFIX_PATH=/opt/ros/humble /usr/bin/cmake --install /home/yuritvr/PFC/pfc_ws/build/xarm_description
[0.976s] Level 1:colcon.colcon_core.environment:checking '/home/yuritvr/PFC/pfc_ws/install/xarm_description' for CMake config files
[0.979s] Level 1:colcon.colcon_core.shell:create_environment_hook('xarm_description', 'cmake_prefix_path')
[0.980s] INFO:colcon.colcon_core.shell:Creating environment hook '/home/yuritvr/PFC/pfc_ws/install/xarm_description/share/xarm_description/hook/cmake_prefix_path.ps1'
[0.981s] INFO:colcon.colcon_core.shell:Creating environment descriptor '/home/yuritvr/PFC/pfc_ws/install/xarm_description/share/xarm_description/hook/cmake_prefix_path.dsv'
[0.982s] INFO:colcon.colcon_core.shell:Creating environment hook '/home/yuritvr/PFC/pfc_ws/install/xarm_description/share/xarm_description/hook/cmake_prefix_path.sh'
[0.984s] Level 1:colcon.colcon_core.environment:checking '/home/yuritvr/PFC/pfc_ws/install/xarm_description/bin'
[0.984s] Level 1:colcon.colcon_core.environment:checking '/home/yuritvr/PFC/pfc_ws/install/xarm_description/lib/pkgconfig/xarm_description.pc'
[0.985s] Level 1:colcon.colcon_core.environment:checking '/home/yuritvr/PFC/pfc_ws/install/xarm_description/lib/python3.10/site-packages'
[0.986s] Level 1:colcon.colcon_core.environment:checking '/home/yuritvr/PFC/pfc_ws/install/xarm_description/bin'
[0.987s] INFO:colcon.colcon_core.shell:Creating package script '/home/yuritvr/PFC/pfc_ws/install/xarm_description/share/xarm_description/package.ps1'
[0.989s] INFO:colcon.colcon_core.shell:Creating package descriptor '/home/yuritvr/PFC/pfc_ws/install/xarm_description/share/xarm_description/package.dsv'
[0.990s] INFO:colcon.colcon_core.shell:Creating package script '/home/yuritvr/PFC/pfc_ws/install/xarm_description/share/xarm_description/package.sh'
[0.992s] INFO:colcon.colcon_core.shell:Creating package script '/home/yuritvr/PFC/pfc_ws/install/xarm_description/share/xarm_description/package.bash'
[0.993s] INFO:colcon.colcon_core.shell:Creating package script '/home/yuritvr/PFC/pfc_ws/install/xarm_description/share/xarm_description/package.zsh'
[0.994s] Level 1:colcon.colcon_core.environment:create_file_with_runtime_dependencies(/home/yuritvr/PFC/pfc_ws/install/xarm_description/share/colcon-core/packages/xarm_description)
[1.021s] Level 1:colcon.colcon_core.environment:create_environment_scripts_only(pfcbot)
[1.022s] Level 1:colcon.colcon_core.environment:checking '/home/yuritvr/PFC/pfc_ws/install/pfcbot' for CMake module files
[1.024s] Level 1:colcon.colcon_core.environment:checking '/home/yuritvr/PFC/pfc_ws/install/pfcbot' for CMake config files
[1.025s] Level 1:colcon.colcon_core.shell:create_environment_hook('pfcbot', 'cmake_prefix_path')
[1.026s] INFO:colcon.colcon_core.shell:Creating environment hook '/home/yuritvr/PFC/pfc_ws/install/pfcbot/share/pfcbot/hook/cmake_prefix_path.ps1'
[1.028s] INFO:colcon.colcon_core.shell:Creating environment descriptor '/home/yuritvr/PFC/pfc_ws/install/pfcbot/share/pfcbot/hook/cmake_prefix_path.dsv'
[1.029s] INFO:colcon.colcon_core.shell:Creating environment hook '/home/yuritvr/PFC/pfc_ws/install/pfcbot/share/pfcbot/hook/cmake_prefix_path.sh'
[1.031s] Level 1:colcon.colcon_core.environment:checking '/home/yuritvr/PFC/pfc_ws/install/pfcbot/bin'
[1.031s] Level 1:colcon.colcon_core.environment:checking '/home/yuritvr/PFC/pfc_ws/install/pfcbot/lib/pkgconfig/pfcbot.pc'
[1.032s] Level 1:colcon.colcon_core.environment:checking '/home/yuritvr/PFC/pfc_ws/install/pfcbot/lib/python3.10/site-packages'
[1.033s] Level 1:colcon.colcon_core.environment:checking '/home/yuritvr/PFC/pfc_ws/install/pfcbot/bin'
[1.034s] INFO:colcon.colcon_core.shell:Creating package script '/home/yuritvr/PFC/pfc_ws/install/pfcbot/share/pfcbot/package.ps1'
[1.035s] INFO:colcon.colcon_core.shell:Creating package descriptor '/home/yuritvr/PFC/pfc_ws/install/pfcbot/share/pfcbot/package.dsv'
[1.037s] INFO:colcon.colcon_core.shell:Creating package script '/home/yuritvr/PFC/pfc_ws/install/pfcbot/share/pfcbot/package.sh'
[1.038s] INFO:colcon.colcon_core.shell:Creating package script '/home/yuritvr/PFC/pfc_ws/install/pfcbot/share/pfcbot/package.bash'
[1.039s] INFO:colcon.colcon_core.shell:Creating package script '/home/yuritvr/PFC/pfc_ws/install/pfcbot/share/pfcbot/package.zsh'
[1.041s] Level 1:colcon.colcon_core.environment:create_file_with_runtime_dependencies(/home/yuritvr/PFC/pfc_ws/install/pfcbot/share/colcon-core/packages/pfcbot)
[1.055s] Level 1:colcon.colcon_core.environment:create_environment_scripts_only(arm_pkg)
[1.055s] Level 1:colcon.colcon_core.environment:checking '/home/yuritvr/PFC/pfc_ws/install/arm_pkg' for CMake module files
[1.057s] Level 1:colcon.colcon_core.environment:checking '/home/yuritvr/PFC/pfc_ws/install/arm_pkg' for CMake config files
[1.059s] Level 1:colcon.colcon_core.shell:create_environment_hook('arm_pkg', 'cmake_prefix_path')
[1.060s] INFO:colcon.colcon_core.shell:Creating environment hook '/home/yuritvr/PFC/pfc_ws/install/arm_pkg/share/arm_pkg/hook/cmake_prefix_path.ps1'
[1.061s] INFO:colcon.colcon_core.shell:Creating environment descriptor '/home/yuritvr/PFC/pfc_ws/install/arm_pkg/share/arm_pkg/hook/cmake_prefix_path.dsv'
[1.062s] INFO:colcon.colcon_core.shell:Creating environment hook '/home/yuritvr/PFC/pfc_ws/install/arm_pkg/share/arm_pkg/hook/cmake_prefix_path.sh'
[1.064s] Level 1:colcon.colcon_core.environment:checking '/home/yuritvr/PFC/pfc_ws/install/arm_pkg/bin'
[1.064s] Level 1:colcon.colcon_core.environment:checking '/home/yuritvr/PFC/pfc_ws/install/arm_pkg/lib/pkgconfig/arm_pkg.pc'
[1.065s] Level 1:colcon.colcon_core.environment:checking '/home/yuritvr/PFC/pfc_ws/install/arm_pkg/lib/python3.10/site-packages'
[1.066s] Level 1:colcon.colcon_core.environment:checking '/home/yuritvr/PFC/pfc_ws/install/arm_pkg/bin'
[1.068s] INFO:colcon.colcon_core.shell:Creating package script '/home/yuritvr/PFC/pfc_ws/install/arm_pkg/share/arm_pkg/package.ps1'
[1.070s] INFO:colcon.colcon_core.shell:Creating package descriptor '/home/yuritvr/PFC/pfc_ws/install/arm_pkg/share/arm_pkg/package.dsv'
[1.071s] INFO:colcon.colcon_core.shell:Creating package script '/home/yuritvr/PFC/pfc_ws/install/arm_pkg/share/arm_pkg/package.sh'
[1.073s] INFO:colcon.colcon_core.shell:Creating package script '/home/yuritvr/PFC/pfc_ws/install/arm_pkg/share/arm_pkg/package.bash'
[1.074s] INFO:colcon.colcon_core.shell:Creating package script '/home/yuritvr/PFC/pfc_ws/install/arm_pkg/share/arm_pkg/package.zsh'
[1.075s] Level 1:colcon.colcon_core.environment:create_file_with_runtime_dependencies(/home/yuritvr/PFC/pfc_ws/install/arm_pkg/share/colcon-core/packages/arm_pkg)
[1.078s] INFO:colcon.colcon_ros.task.ament_cmake.build:Building ROS package in '/home/yuritvr/PFC/pfc_ws/src/arm_pkg_moveit_config' with build type 'ament_cmake'
[1.078s] INFO:colcon.colcon_cmake.task.cmake.build:Building CMake package in '/home/yuritvr/PFC/pfc_ws/src/arm_pkg_moveit_config'
[1.079s] INFO:colcon.colcon_core.shell:Skip shell extension 'powershell' for command environment: Not usable outside of PowerShell
[1.079s] DEBUG:colcon.colcon_core.shell:Skip shell extension 'dsv' for command environment
[1.092s] Level 1:colcon.colcon_core.environment:create_environment_scripts_only(xarm_description)
[1.093s] Level 1:colcon.colcon_core.environment:checking '/home/yuritvr/PFC/pfc_ws/install/xarm_description' for CMake module files
[1.094s] Level 1:colcon.colcon_core.environment:checking '/home/yuritvr/PFC/pfc_ws/install/xarm_description' for CMake config files
[1.098s] Level 1:colcon.colcon_core.shell:create_environment_hook('xarm_description', 'cmake_prefix_path')
[1.098s] INFO:colcon.colcon_core.shell:Creating environment hook '/home/yuritvr/PFC/pfc_ws/install/xarm_description/share/xarm_description/hook/cmake_prefix_path.ps1'
[1.100s] INFO:colcon.colcon_core.shell:Creating environment descriptor '/home/yuritvr/PFC/pfc_ws/install/xarm_description/share/xarm_description/hook/cmake_prefix_path.dsv'
[1.101s] INFO:colcon.colcon_core.shell:Creating environment hook '/home/yuritvr/PFC/pfc_ws/install/xarm_description/share/xarm_description/hook/cmake_prefix_path.sh'
[1.103s] Level 1:colcon.colcon_core.environment:checking '/home/yuritvr/PFC/pfc_ws/install/xarm_description/bin'
[1.103s] Level 1:colcon.colcon_core.environment:checking '/home/yuritvr/PFC/pfc_ws/install/xarm_description/lib/pkgconfig/xarm_description.pc'
[1.104s] Level 1:colcon.colcon_core.environment:checking '/home/yuritvr/PFC/pfc_ws/install/xarm_description/lib/python3.10/site-packages'
[1.105s] Level 1:colcon.colcon_core.environment:checking '/home/yuritvr/PFC/pfc_ws/install/xarm_description/bin'
[1.106s] INFO:colcon.colcon_core.shell:Creating package script '/home/yuritvr/PFC/pfc_ws/install/xarm_description/share/xarm_description/package.ps1'
[1.107s] INFO:colcon.colcon_core.shell:Creating package descriptor '/home/yuritvr/PFC/pfc_ws/install/xarm_description/share/xarm_description/package.dsv'
[1.109s] INFO:colcon.colcon_core.shell:Creating package script '/home/yuritvr/PFC/pfc_ws/install/xarm_description/share/xarm_description/package.sh'
[1.110s] INFO:colcon.colcon_core.shell:Creating package script '/home/yuritvr/PFC/pfc_ws/install/xarm_description/share/xarm_description/package.bash'
[1.112s] INFO:colcon.colcon_core.shell:Creating package script '/home/yuritvr/PFC/pfc_ws/install/xarm_description/share/xarm_description/package.zsh'
[1.113s] Level 1:colcon.colcon_core.environment:create_file_with_runtime_dependencies(/home/yuritvr/PFC/pfc_ws/install/xarm_description/share/colcon-core/packages/xarm_description)
[1.126s] DEBUG:colcon.colcon_core.event_handler.log_command:Invoking command in '/home/yuritvr/PFC/pfc_ws/build/moveit_config': AMENT_PREFIX_PATH=/home/yuritvr/PFC/pfc_ws/install/arm_pkg:${AMENT_PREFIX_PATH} CMAKE_PREFIX_PATH=/home/yuritvr/PFC/pfc_ws/install/arm_pkg:/opt/ros/humble /usr/bin/cmake /home/yuritvr/PFC/pfc_ws/src/arm_pkg_moveit_config -DCMAKE_INSTALL_PREFIX=/home/yuritvr/PFC/pfc_ws/install/moveit_config
[3.110s] DEBUG:colcon.colcon_core.event_handler.log_command:Invoked command in '/home/yuritvr/PFC/pfc_ws/build/moveit_config' returned '1': AMENT_PREFIX_PATH=/home/yuritvr/PFC/pfc_ws/install/arm_pkg:${AMENT_PREFIX_PATH} CMAKE_PREFIX_PATH=/home/yuritvr/PFC/pfc_ws/install/arm_pkg:/opt/ros/humble /usr/bin/cmake /home/yuritvr/PFC/pfc_ws/src/arm_pkg_moveit_config -DCMAKE_INSTALL_PREFIX=/home/yuritvr/PFC/pfc_ws/install/moveit_config
[3.151s] Level 1:colcon.colcon_core.environment:create_environment_scripts_only(moveit_config)
[3.152s] Level 1:colcon.colcon_core.environment:checking '/home/yuritvr/PFC/pfc_ws/install/moveit_config' for CMake module files
[3.153s] Level 1:colcon.colcon_core.environment:checking '/home/yuritvr/PFC/pfc_ws/install/moveit_config' for CMake config files
[3.153s] Level 1:colcon.colcon_core.environment:checking '/home/yuritvr/PFC/pfc_ws/install/moveit_config/bin'
[3.153s] Level 1:colcon.colcon_core.environment:checking '/home/yuritvr/PFC/pfc_ws/install/moveit_config/lib/pkgconfig/moveit_config.pc'
[3.154s] Level 1:colcon.colcon_core.environment:checking '/home/yuritvr/PFC/pfc_ws/install/moveit_config/lib/python3.10/site-packages'
[3.155s] Level 1:colcon.colcon_core.environment:checking '/home/yuritvr/PFC/pfc_ws/install/moveit_config/bin'
[3.156s] INFO:colcon.colcon_core.shell:Creating package script '/home/yuritvr/PFC/pfc_ws/install/moveit_config/share/moveit_config/package.ps1'
[3.157s] INFO:colcon.colcon_core.shell:Creating package descriptor '/home/yuritvr/PFC/pfc_ws/install/moveit_config/share/moveit_config/package.dsv'
[3.158s] INFO:colcon.colcon_core.shell:Creating package script '/home/yuritvr/PFC/pfc_ws/install/moveit_config/share/moveit_config/package.sh'
[3.159s] INFO:colcon.colcon_core.shell:Creating package script '/home/yuritvr/PFC/pfc_ws/install/moveit_config/share/moveit_config/package.bash'
[3.160s] INFO:colcon.colcon_core.shell:Creating package script '/home/yuritvr/PFC/pfc_ws/install/moveit_config/share/moveit_config/package.zsh'
[3.161s] Level 1:colcon.colcon_core.environment:create_file_with_runtime_dependencies(/home/yuritvr/PFC/pfc_ws/install/moveit_config/share/colcon-core/packages/moveit_config)
[3.172s] DEBUG:colcon.colcon_parallel_executor.executor.parallel:closing loop
[3.173s] DEBUG:colcon.colcon_parallel_executor.executor.parallel:loop closed
[3.173s] DEBUG:colcon.colcon_parallel_executor.executor.parallel:run_until_complete finished with '1'
[3.173s] DEBUG:colcon.colcon_core.event_reactor:joining thread
[3.192s] INFO:colcon.colcon_core.plugin_system:Skipping extension 'colcon_notification.desktop_notification.terminal_notifier': Not used on non-Darwin systems
[3.192s] INFO:colcon.colcon_core.plugin_system:Skipping extension 'colcon_notification.desktop_notification.win32': Not used on non-Windows systems
[3.192s] INFO:colcon.colcon_notification.desktop_notification:Sending desktop notification using 'notify2'
[3.232s] DEBUG:colcon.colcon_core.event_reactor:joined thread
[3.233s] INFO:colcon.colcon_core.shell:Creating prefix script '/home/yuritvr/PFC/pfc_ws/install/local_setup.ps1'
[3.236s] INFO:colcon.colcon_core.shell:Creating prefix util module '/home/yuritvr/PFC/pfc_ws/install/_local_setup_util_ps1.py'
[3.240s] INFO:colcon.colcon_core.shell:Creating prefix chain script '/home/yuritvr/PFC/pfc_ws/install/setup.ps1'
[3.244s] INFO:colcon.colcon_core.shell:Creating prefix script '/home/yuritvr/PFC/pfc_ws/install/local_setup.sh'
[3.246s] INFO:colcon.colcon_core.shell:Creating prefix util module '/home/yuritvr/PFC/pfc_ws/install/_local_setup_util_sh.py'
[3.247s] INFO:colcon.colcon_core.shell:Creating prefix chain script '/home/yuritvr/PFC/pfc_ws/install/setup.sh'
[3.251s] INFO:colcon.colcon_core.shell:Creating prefix script '/home/yuritvr/PFC/pfc_ws/install/local_setup.bash'
[3.253s] INFO:colcon.colcon_core.shell:Creating prefix chain script '/home/yuritvr/PFC/pfc_ws/install/setup.bash'
[3.256s] INFO:colcon.colcon_core.shell:Creating prefix script '/home/yuritvr/PFC/pfc_ws/install/local_setup.zsh'
[3.257s] INFO:colcon.colcon_core.shell:Creating prefix chain script '/home/yuritvr/PFC/pfc_ws/install/setup.zsh'
