[0.033s] Invoking command in '/home/yuritvr/PFC/wenis_ws/build/get_pose_client': /usr/bin/cmake --build /home/yuritvr/PFC/wenis_ws/build/get_pose_client -- -j8 -l8
[0.211s] [100%] Built target get_pose_client
[0.227s] Invoked command in '/home/yuritvr/PFC/wenis_ws/build/get_pose_client' returned '0': /usr/bin/cmake --build /home/yuritvr/PFC/wenis_ws/build/get_pose_client -- -j8 -l8
[0.297s] Invoking command in '/home/yuritvr/PFC/wenis_ws/build/get_pose_client': /usr/bin/cmake --install /home/yuritvr/PFC/wenis_ws/build/get_pose_client
[0.332s] -- Install configuration: ""
[0.332s] -- Up-to-date: /home/yuritvr/PFC/wenis_ws/install/get_pose_client/lib/get_pose_client/get_pose_client
[0.333s] -- Up-to-date: /home/yuritvr/PFC/wenis_ws/install/get_pose_client/share/ament_index/resource_index/package_run_dependencies/get_pose_client
[0.335s] -- Up-to-date: /home/yuritvr/PFC/wenis_ws/install/get_pose_client/share/ament_index/resource_index/parent_prefix_path/get_pose_client
[0.336s] -- Up-to-date: /home/yuritvr/PFC/wenis_ws/install/get_pose_client/share/get_pose_client/environment/ament_prefix_path.sh
[0.336s] -- Up-to-date: /home/yuritvr/PFC/wenis_ws/install/get_pose_client/share/get_pose_client/environment/ament_prefix_path.dsv
[0.337s] -- Up-to-date: /home/yuritvr/PFC/wenis_ws/install/get_pose_client/share/get_pose_client/environment/path.sh
[0.337s] -- Up-to-date: /home/yuritvr/PFC/wenis_ws/install/get_pose_client/share/get_pose_client/environment/path.dsv
[0.337s] -- Up-to-date: /home/yuritvr/PFC/wenis_ws/install/get_pose_client/share/get_pose_client/local_setup.bash
[0.338s] -- Up-to-date: /home/yuritvr/PFC/wenis_ws/install/get_pose_client/share/get_pose_client/local_setup.sh
[0.338s] -- Up-to-date: /home/yuritvr/PFC/wenis_ws/install/get_pose_client/share/get_pose_client/local_setup.zsh
[0.338s] -- Up-to-date: /home/yuritvr/PFC/wenis_ws/install/get_pose_client/share/get_pose_client/local_setup.dsv
[0.339s] -- Installing: /home/yuritvr/PFC/wenis_ws/install/get_pose_client/share/get_pose_client/package.dsv
[0.339s] -- Up-to-date: /home/yuritvr/PFC/wenis_ws/install/get_pose_client/share/ament_index/resource_index/packages/get_pose_client
[0.339s] -- Up-to-date: /home/yuritvr/PFC/wenis_ws/install/get_pose_client/share/get_pose_client/cmake/get_pose_clientConfig.cmake
[0.340s] -- Up-to-date: /home/yuritvr/PFC/wenis_ws/install/get_pose_client/share/get_pose_client/cmake/get_pose_clientConfig-version.cmake
[0.340s] -- Up-to-date: /home/yuritvr/PFC/wenis_ws/install/get_pose_client/share/get_pose_client/package.xml
[0.384s] Invoked command in '/home/yuritvr/PFC/wenis_ws/build/get_pose_client' returned '0': /usr/bin/cmake --install /home/yuritvr/PFC/wenis_ws/build/get_pose_client
