[0.099s] DEBUG:colcon:Command line arguments: ['/usr/bin/colcon', 'build']
[0.099s] DEBUG:colcon:Parsed command line arguments: Namespace(log_base=None, log_level=None, verb_name='build', build_base='build', install_base='install', merge_install=False, symlink_install=False, test_result_base=None, continue_on_error=False, executor='parallel', parallel_workers=8, event_handlers=None, ignore_user_meta=False, metas=['./colcon.meta'], base_paths=['.'], packages_ignore=None, packages_ignore_regex=None, paths=None, packages_up_to=None, packages_up_to_regex=None, packages_above=None, packages_above_and_dependencies=None, packages_above_depth=None, packages_select_by_dep=None, packages_skip_by_dep=None, packages_skip_up_to=None, packages_select_build_failed=False, packages_skip_build_finished=False, packages_select_test_failures=False, packages_skip_test_passed=False, packages_select=None, packages_skip=None, packages_select_regex=None, packages_skip_regex=None, packages_start=None, packages_end=None, allow_overriding=[], cmake_args=None, cmake_target=None, cmake_target_skip_unavailable=False, cmake_clean_cache=False, cmake_clean_first=False, cmake_force_configure=False, ament_cmake_args=None, catkin_cmake_args=None, catkin_skip_building_tests=False, mixin_files=None, mixin=None, verb_parser=<colcon_mixin.mixin.mixin_argument.MixinArgumentDecorator object at 0x7c6c137460b0>, verb_extension=<colcon_core.verb.build.BuildVerb object at 0x7c6c138ba320>, main=<bound method BuildVerb.main of <colcon_core.verb.build.BuildVerb object at 0x7c6c138ba320>>, mixin_verb=('build',))
[0.260s] Level 1:colcon.colcon_core.package_discovery:discover_packages(colcon_meta) check parameters
[0.260s] Level 1:colcon.colcon_core.package_discovery:discover_packages(recursive) check parameters
[0.260s] Level 1:colcon.colcon_core.package_discovery:discover_packages(ignore) check parameters
[0.260s] Level 1:colcon.colcon_core.package_discovery:discover_packages(path) check parameters
[0.260s] Level 1:colcon.colcon_core.package_discovery:discover_packages(colcon_meta) discover
[0.260s] Level 1:colcon.colcon_core.package_discovery:discover_packages(recursive) discover
[0.260s] INFO:colcon.colcon_core.package_discovery:Crawling recursively for packages in '/home/yuritvr/PFC/wenis_ws'
[0.260s] Level 1:colcon.colcon_core.package_identification:_identify(.) by extensions ['ignore', 'ignore_ament_install']
[0.260s] Level 1:colcon.colcon_core.package_identification:_identify(.) by extension 'ignore'
[0.260s] Level 1:colcon.colcon_core.package_identification:_identify(.) by extension 'ignore_ament_install'
[0.260s] Level 1:colcon.colcon_core.package_identification:_identify(.) by extensions ['colcon_pkg']
[0.260s] Level 1:colcon.colcon_core.package_identification:_identify(.) by extension 'colcon_pkg'
[0.260s] Level 1:colcon.colcon_core.package_identification:_identify(.) by extensions ['colcon_meta']
[0.260s] Level 1:colcon.colcon_core.package_identification:_identify(.) by extension 'colcon_meta'
[0.260s] Level 1:colcon.colcon_core.package_identification:_identify(.) by extensions ['ros']
[0.260s] Level 1:colcon.colcon_core.package_identification:_identify(.) by extension 'ros'
[0.270s] Level 1:colcon.colcon_core.package_identification:_identify(.) by extensions ['cmake', 'python']
[0.270s] Level 1:colcon.colcon_core.package_identification:_identify(.) by extension 'cmake'
[0.270s] Level 1:colcon.colcon_core.package_identification:_identify(.) by extension 'python'
[0.270s] Level 1:colcon.colcon_core.package_identification:_identify(.) by extensions ['python_setup_py']
[0.270s] Level 1:colcon.colcon_core.package_identification:_identify(.) by extension 'python_setup_py'
[0.270s] Level 1:colcon.colcon_core.package_identification:_identify(build) by extensions ['ignore', 'ignore_ament_install']
[0.270s] Level 1:colcon.colcon_core.package_identification:_identify(build) by extension 'ignore'
[0.270s] Level 1:colcon.colcon_core.package_identification:_identify(build) ignored
[0.270s] Level 1:colcon.colcon_core.package_identification:_identify(install) by extensions ['ignore', 'ignore_ament_install']
[0.270s] Level 1:colcon.colcon_core.package_identification:_identify(install) by extension 'ignore'
[0.270s] Level 1:colcon.colcon_core.package_identification:_identify(install) ignored
[0.270s] Level 1:colcon.colcon_core.package_identification:_identify(log) by extensions ['ignore', 'ignore_ament_install']
[0.270s] Level 1:colcon.colcon_core.package_identification:_identify(log) by extension 'ignore'
[0.270s] Level 1:colcon.colcon_core.package_identification:_identify(log) ignored
[0.270s] Level 1:colcon.colcon_core.package_identification:_identify(src) by extensions ['ignore', 'ignore_ament_install']
[0.271s] Level 1:colcon.colcon_core.package_identification:_identify(src) by extension 'ignore'
[0.271s] Level 1:colcon.colcon_core.package_identification:_identify(src) by extension 'ignore_ament_install'
[0.271s] Level 1:colcon.colcon_core.package_identification:_identify(src) by extensions ['colcon_pkg']
[0.271s] Level 1:colcon.colcon_core.package_identification:_identify(src) by extension 'colcon_pkg'
[0.271s] Level 1:colcon.colcon_core.package_identification:_identify(src) by extensions ['colcon_meta']
[0.271s] Level 1:colcon.colcon_core.package_identification:_identify(src) by extension 'colcon_meta'
[0.271s] Level 1:colcon.colcon_core.package_identification:_identify(src) by extensions ['ros']
[0.271s] Level 1:colcon.colcon_core.package_identification:_identify(src) by extension 'ros'
[0.271s] Level 1:colcon.colcon_core.package_identification:_identify(src) by extensions ['cmake', 'python']
[0.271s] Level 1:colcon.colcon_core.package_identification:_identify(src) by extension 'cmake'
[0.271s] Level 1:colcon.colcon_core.package_identification:_identify(src) by extension 'python'
[0.271s] Level 1:colcon.colcon_core.package_identification:_identify(src) by extensions ['python_setup_py']
[0.271s] Level 1:colcon.colcon_core.package_identification:_identify(src) by extension 'python_setup_py'
[0.271s] Level 1:colcon.colcon_core.package_identification:_identify(src/ros2_manipulator) by extensions ['ignore', 'ignore_ament_install']
[0.271s] Level 1:colcon.colcon_core.package_identification:_identify(src/ros2_manipulator) by extension 'ignore'
[0.271s] Level 1:colcon.colcon_core.package_identification:_identify(src/ros2_manipulator) by extension 'ignore_ament_install'
[0.271s] Level 1:colcon.colcon_core.package_identification:_identify(src/ros2_manipulator) by extensions ['colcon_pkg']
[0.271s] Level 1:colcon.colcon_core.package_identification:_identify(src/ros2_manipulator) by extension 'colcon_pkg'
[0.272s] Level 1:colcon.colcon_core.package_identification:_identify(src/ros2_manipulator) by extensions ['colcon_meta']
[0.272s] Level 1:colcon.colcon_core.package_identification:_identify(src/ros2_manipulator) by extension 'colcon_meta'
[0.272s] Level 1:colcon.colcon_core.package_identification:_identify(src/ros2_manipulator) by extensions ['ros']
[0.272s] Level 1:colcon.colcon_core.package_identification:_identify(src/ros2_manipulator) by extension 'ros'
[0.272s] Level 1:colcon.colcon_core.package_identification:_identify(src/ros2_manipulator) by extensions ['cmake', 'python']
[0.272s] Level 1:colcon.colcon_core.package_identification:_identify(src/ros2_manipulator) by extension 'cmake'
[0.272s] Level 1:colcon.colcon_core.package_identification:_identify(src/ros2_manipulator) by extension 'python'
[0.272s] Level 1:colcon.colcon_core.package_identification:_identify(src/ros2_manipulator) by extensions ['python_setup_py']
[0.272s] Level 1:colcon.colcon_core.package_identification:_identify(src/ros2_manipulator) by extension 'python_setup_py'
[0.272s] Level 1:colcon.colcon_core.package_identification:_identify(src/ros2_manipulator/get_pose_client) by extensions ['ignore', 'ignore_ament_install']
[0.272s] Level 1:colcon.colcon_core.package_identification:_identify(src/ros2_manipulator/get_pose_client) by extension 'ignore'
[0.272s] Level 1:colcon.colcon_core.package_identification:_identify(src/ros2_manipulator/get_pose_client) by extension 'ignore_ament_install'
[0.272s] Level 1:colcon.colcon_core.package_identification:_identify(src/ros2_manipulator/get_pose_client) by extensions ['colcon_pkg']
[0.272s] Level 1:colcon.colcon_core.package_identification:_identify(src/ros2_manipulator/get_pose_client) by extension 'colcon_pkg'
[0.272s] Level 1:colcon.colcon_core.package_identification:_identify(src/ros2_manipulator/get_pose_client) by extensions ['colcon_meta']
[0.272s] Level 1:colcon.colcon_core.package_identification:_identify(src/ros2_manipulator/get_pose_client) by extension 'colcon_meta'
[0.272s] Level 1:colcon.colcon_core.package_identification:_identify(src/ros2_manipulator/get_pose_client) by extensions ['ros']
[0.272s] Level 1:colcon.colcon_core.package_identification:_identify(src/ros2_manipulator/get_pose_client) by extension 'ros'
[0.274s] DEBUG:colcon.colcon_core.package_identification:Package 'src/ros2_manipulator/get_pose_client' with type 'ros.ament_cmake' and name 'get_pose_client'
[0.275s] Level 1:colcon.colcon_core.package_identification:_identify(src/ros2_manipulator/moveit2_cartesian) by extensions ['ignore', 'ignore_ament_install']
[0.275s] Level 1:colcon.colcon_core.package_identification:_identify(src/ros2_manipulator/moveit2_cartesian) by extension 'ignore'
[0.275s] Level 1:colcon.colcon_core.package_identification:_identify(src/ros2_manipulator/moveit2_cartesian) by extension 'ignore_ament_install'
[0.275s] Level 1:colcon.colcon_core.package_identification:_identify(src/ros2_manipulator/moveit2_cartesian) by extensions ['colcon_pkg']
[0.275s] Level 1:colcon.colcon_core.package_identification:_identify(src/ros2_manipulator/moveit2_cartesian) by extension 'colcon_pkg'
[0.275s] Level 1:colcon.colcon_core.package_identification:_identify(src/ros2_manipulator/moveit2_cartesian) by extensions ['colcon_meta']
[0.275s] Level 1:colcon.colcon_core.package_identification:_identify(src/ros2_manipulator/moveit2_cartesian) by extension 'colcon_meta'
[0.275s] Level 1:colcon.colcon_core.package_identification:_identify(src/ros2_manipulator/moveit2_cartesian) by extensions ['ros']
[0.275s] Level 1:colcon.colcon_core.package_identification:_identify(src/ros2_manipulator/moveit2_cartesian) by extension 'ros'
[0.276s] DEBUG:colcon.colcon_core.package_identification:Package 'src/ros2_manipulator/moveit2_cartesian' with type 'ros.ament_cmake' and name 'moveit2_cartesian'
[0.276s] Level 1:colcon.colcon_core.package_identification:_identify(src/ros2_manipulator/moveit2_kinematics) by extensions ['ignore', 'ignore_ament_install']
[0.276s] Level 1:colcon.colcon_core.package_identification:_identify(src/ros2_manipulator/moveit2_kinematics) by extension 'ignore'
[0.276s] Level 1:colcon.colcon_core.package_identification:_identify(src/ros2_manipulator/moveit2_kinematics) by extension 'ignore_ament_install'
[0.276s] Level 1:colcon.colcon_core.package_identification:_identify(src/ros2_manipulator/moveit2_kinematics) by extensions ['colcon_pkg']
[0.276s] Level 1:colcon.colcon_core.package_identification:_identify(src/ros2_manipulator/moveit2_kinematics) by extension 'colcon_pkg'
[0.276s] Level 1:colcon.colcon_core.package_identification:_identify(src/ros2_manipulator/moveit2_kinematics) by extensions ['colcon_meta']
[0.276s] Level 1:colcon.colcon_core.package_identification:_identify(src/ros2_manipulator/moveit2_kinematics) by extension 'colcon_meta'
[0.276s] Level 1:colcon.colcon_core.package_identification:_identify(src/ros2_manipulator/moveit2_kinematics) by extensions ['ros']
[0.276s] Level 1:colcon.colcon_core.package_identification:_identify(src/ros2_manipulator/moveit2_kinematics) by extension 'ros'
[0.277s] DEBUG:colcon.colcon_core.package_identification:Package 'src/ros2_manipulator/moveit2_kinematics' with type 'ros.ament_cmake' and name 'moveit2_kinematics'
[0.277s] Level 1:colcon.colcon_core.package_identification:_identify(src/ros2_manipulator/moveit2_scripts) by extensions ['ignore', 'ignore_ament_install']
[0.277s] Level 1:colcon.colcon_core.package_identification:_identify(src/ros2_manipulator/moveit2_scripts) by extension 'ignore'
[0.277s] Level 1:colcon.colcon_core.package_identification:_identify(src/ros2_manipulator/moveit2_scripts) by extension 'ignore_ament_install'
[0.277s] Level 1:colcon.colcon_core.package_identification:_identify(src/ros2_manipulator/moveit2_scripts) by extensions ['colcon_pkg']
[0.278s] Level 1:colcon.colcon_core.package_identification:_identify(src/ros2_manipulator/moveit2_scripts) by extension 'colcon_pkg'
[0.278s] Level 1:colcon.colcon_core.package_identification:_identify(src/ros2_manipulator/moveit2_scripts) by extensions ['colcon_meta']
[0.278s] Level 1:colcon.colcon_core.package_identification:_identify(src/ros2_manipulator/moveit2_scripts) by extension 'colcon_meta'
[0.278s] Level 1:colcon.colcon_core.package_identification:_identify(src/ros2_manipulator/moveit2_scripts) by extensions ['ros']
[0.278s] Level 1:colcon.colcon_core.package_identification:_identify(src/ros2_manipulator/moveit2_scripts) by extension 'ros'
[0.279s] DEBUG:colcon.colcon_core.package_identification:Package 'src/ros2_manipulator/moveit2_scripts' with type 'ros.ament_cmake' and name 'moveit2_scripts'
[0.279s] Level 1:colcon.colcon_core.package_identification:_identify(src/ros2_manipulator/moveit_config) by extensions ['ignore', 'ignore_ament_install']
[0.279s] Level 1:colcon.colcon_core.package_identification:_identify(src/ros2_manipulator/moveit_config) by extension 'ignore'
[0.279s] Level 1:colcon.colcon_core.package_identification:_identify(src/ros2_manipulator/moveit_config) by extension 'ignore_ament_install'
[0.279s] Level 1:colcon.colcon_core.package_identification:_identify(src/ros2_manipulator/moveit_config) by extensions ['colcon_pkg']
[0.279s] Level 1:colcon.colcon_core.package_identification:_identify(src/ros2_manipulator/moveit_config) by extension 'colcon_pkg'
[0.279s] Level 1:colcon.colcon_core.package_identification:_identify(src/ros2_manipulator/moveit_config) by extensions ['colcon_meta']
[0.279s] Level 1:colcon.colcon_core.package_identification:_identify(src/ros2_manipulator/moveit_config) by extension 'colcon_meta'
[0.279s] Level 1:colcon.colcon_core.package_identification:_identify(src/ros2_manipulator/moveit_config) by extensions ['ros']
[0.279s] Level 1:colcon.colcon_core.package_identification:_identify(src/ros2_manipulator/moveit_config) by extension 'ros'
[0.280s] DEBUG:colcon.colcon_core.package_identification:Package 'src/ros2_manipulator/moveit_config' with type 'ros.ament_cmake' and name 'moveit_config'
[0.280s] Level 1:colcon.colcon_core.package_identification:_identify(src/ros2_manipulator/robotic_arm_environment) by extensions ['ignore', 'ignore_ament_install']
[0.280s] Level 1:colcon.colcon_core.package_identification:_identify(src/ros2_manipulator/robotic_arm_environment) by extension 'ignore'
[0.280s] Level 1:colcon.colcon_core.package_identification:_identify(src/ros2_manipulator/robotic_arm_environment) by extension 'ignore_ament_install'
[0.280s] Level 1:colcon.colcon_core.package_identification:_identify(src/ros2_manipulator/robotic_arm_environment) by extensions ['colcon_pkg']
[0.280s] Level 1:colcon.colcon_core.package_identification:_identify(src/ros2_manipulator/robotic_arm_environment) by extension 'colcon_pkg'
[0.280s] Level 1:colcon.colcon_core.package_identification:_identify(src/ros2_manipulator/robotic_arm_environment) by extensions ['colcon_meta']
[0.280s] Level 1:colcon.colcon_core.package_identification:_identify(src/ros2_manipulator/robotic_arm_environment) by extension 'colcon_meta'
[0.280s] Level 1:colcon.colcon_core.package_identification:_identify(src/ros2_manipulator/robotic_arm_environment) by extensions ['ros']
[0.280s] Level 1:colcon.colcon_core.package_identification:_identify(src/ros2_manipulator/robotic_arm_environment) by extension 'ros'
[0.280s] Level 1:colcon.colcon_core.package_identification:_identify(src/ros2_manipulator/robotic_arm_environment) by extensions ['cmake', 'python']
[0.280s] Level 1:colcon.colcon_core.package_identification:_identify(src/ros2_manipulator/robotic_arm_environment) by extension 'cmake'
[0.280s] Level 1:colcon.colcon_core.package_identification:_identify(src/ros2_manipulator/robotic_arm_environment) by extension 'python'
[0.280s] Level 1:colcon.colcon_core.package_identification:_identify(src/ros2_manipulator/robotic_arm_environment) by extensions ['python_setup_py']
[0.280s] Level 1:colcon.colcon_core.package_identification:_identify(src/ros2_manipulator/robotic_arm_environment) by extension 'python_setup_py'
[0.280s] Level 1:colcon.colcon_core.package_identification:_identify(src/ros2_manipulator/robotic_arm_environment/arm_pkg) by extensions ['ignore', 'ignore_ament_install']
[0.281s] Level 1:colcon.colcon_core.package_identification:_identify(src/ros2_manipulator/robotic_arm_environment/arm_pkg) by extension 'ignore'
[0.281s] Level 1:colcon.colcon_core.package_identification:_identify(src/ros2_manipulator/robotic_arm_environment/arm_pkg) by extension 'ignore_ament_install'
[0.281s] Level 1:colcon.colcon_core.package_identification:_identify(src/ros2_manipulator/robotic_arm_environment/arm_pkg) by extensions ['colcon_pkg']
[0.281s] Level 1:colcon.colcon_core.package_identification:_identify(src/ros2_manipulator/robotic_arm_environment/arm_pkg) by extension 'colcon_pkg'
[0.281s] Level 1:colcon.colcon_core.package_identification:_identify(src/ros2_manipulator/robotic_arm_environment/arm_pkg) by extensions ['colcon_meta']
[0.281s] Level 1:colcon.colcon_core.package_identification:_identify(src/ros2_manipulator/robotic_arm_environment/arm_pkg) by extension 'colcon_meta'
[0.281s] Level 1:colcon.colcon_core.package_identification:_identify(src/ros2_manipulator/robotic_arm_environment/arm_pkg) by extensions ['ros']
[0.281s] Level 1:colcon.colcon_core.package_identification:_identify(src/ros2_manipulator/robotic_arm_environment/arm_pkg) by extension 'ros'
[0.282s] DEBUG:colcon.colcon_core.package_identification:Package 'src/ros2_manipulator/robotic_arm_environment/arm_pkg' with type 'ros.ament_cmake' and name 'arm_pkg'
[0.282s] Level 1:colcon.colcon_core.package_identification:_identify(src/ros2_manipulator/simple_grasping_ros2) by extensions ['ignore', 'ignore_ament_install']
[0.282s] Level 1:colcon.colcon_core.package_identification:_identify(src/ros2_manipulator/simple_grasping_ros2) by extension 'ignore'
[0.282s] Level 1:colcon.colcon_core.package_identification:_identify(src/ros2_manipulator/simple_grasping_ros2) by extension 'ignore_ament_install'
[0.282s] Level 1:colcon.colcon_core.package_identification:_identify(src/ros2_manipulator/simple_grasping_ros2) by extensions ['colcon_pkg']
[0.282s] Level 1:colcon.colcon_core.package_identification:_identify(src/ros2_manipulator/simple_grasping_ros2) by extension 'colcon_pkg'
[0.282s] Level 1:colcon.colcon_core.package_identification:_identify(src/ros2_manipulator/simple_grasping_ros2) by extensions ['colcon_meta']
[0.282s] Level 1:colcon.colcon_core.package_identification:_identify(src/ros2_manipulator/simple_grasping_ros2) by extension 'colcon_meta'
[0.282s] Level 1:colcon.colcon_core.package_identification:_identify(src/ros2_manipulator/simple_grasping_ros2) by extensions ['ros']
[0.282s] Level 1:colcon.colcon_core.package_identification:_identify(src/ros2_manipulator/simple_grasping_ros2) by extension 'ros'
[0.282s] Level 1:colcon.colcon_core.package_identification:_identify(src/ros2_manipulator/simple_grasping_ros2) by extensions ['cmake', 'python']
[0.282s] Level 1:colcon.colcon_core.package_identification:_identify(src/ros2_manipulator/simple_grasping_ros2) by extension 'cmake'
[0.282s] Level 1:colcon.colcon_core.package_identification:_identify(src/ros2_manipulator/simple_grasping_ros2) by extension 'python'
[0.282s] Level 1:colcon.colcon_core.package_identification:_identify(src/ros2_manipulator/simple_grasping_ros2) by extensions ['python_setup_py']
[0.282s] Level 1:colcon.colcon_core.package_identification:_identify(src/ros2_manipulator/simple_grasping_ros2) by extension 'python_setup_py'
[0.282s] Level 1:colcon.colcon_core.package_identification:_identify(src/ros2_manipulator/simple_grasping_ros2/simple_grasping) by extensions ['ignore', 'ignore_ament_install']
[0.282s] Level 1:colcon.colcon_core.package_identification:_identify(src/ros2_manipulator/simple_grasping_ros2/simple_grasping) by extension 'ignore'
[0.282s] Level 1:colcon.colcon_core.package_identification:_identify(src/ros2_manipulator/simple_grasping_ros2/simple_grasping) by extension 'ignore_ament_install'
[0.283s] Level 1:colcon.colcon_core.package_identification:_identify(src/ros2_manipulator/simple_grasping_ros2/simple_grasping) by extensions ['colcon_pkg']
[0.283s] Level 1:colcon.colcon_core.package_identification:_identify(src/ros2_manipulator/simple_grasping_ros2/simple_grasping) by extension 'colcon_pkg'
[0.283s] Level 1:colcon.colcon_core.package_identification:_identify(src/ros2_manipulator/simple_grasping_ros2/simple_grasping) by extensions ['colcon_meta']
[0.283s] Level 1:colcon.colcon_core.package_identification:_identify(src/ros2_manipulator/simple_grasping_ros2/simple_grasping) by extension 'colcon_meta'
[0.283s] Level 1:colcon.colcon_core.package_identification:_identify(src/ros2_manipulator/simple_grasping_ros2/simple_grasping) by extensions ['ros']
[0.283s] Level 1:colcon.colcon_core.package_identification:_identify(src/ros2_manipulator/simple_grasping_ros2/simple_grasping) by extension 'ros'
[0.284s] DEBUG:colcon.colcon_core.package_identification:Package 'src/ros2_manipulator/simple_grasping_ros2/simple_grasping' with type 'ros.ament_cmake' and name 'simple_grasping'
[0.284s] Level 1:colcon.colcon_core.package_identification:_identify(src/ros2_manipulator/xarm_description) by extensions ['ignore', 'ignore_ament_install']
[0.284s] Level 1:colcon.colcon_core.package_identification:_identify(src/ros2_manipulator/xarm_description) by extension 'ignore'
[0.284s] Level 1:colcon.colcon_core.package_identification:_identify(src/ros2_manipulator/xarm_description) by extension 'ignore_ament_install'
[0.284s] Level 1:colcon.colcon_core.package_identification:_identify(src/ros2_manipulator/xarm_description) by extensions ['colcon_pkg']
[0.284s] Level 1:colcon.colcon_core.package_identification:_identify(src/ros2_manipulator/xarm_description) by extension 'colcon_pkg'
[0.284s] Level 1:colcon.colcon_core.package_identification:_identify(src/ros2_manipulator/xarm_description) by extensions ['colcon_meta']
[0.284s] Level 1:colcon.colcon_core.package_identification:_identify(src/ros2_manipulator/xarm_description) by extension 'colcon_meta'
[0.284s] Level 1:colcon.colcon_core.package_identification:_identify(src/ros2_manipulator/xarm_description) by extensions ['ros']
[0.284s] Level 1:colcon.colcon_core.package_identification:_identify(src/ros2_manipulator/xarm_description) by extension 'ros'
[0.285s] DEBUG:colcon.colcon_core.package_identification:Package 'src/ros2_manipulator/xarm_description' with type 'ros.ament_cmake' and name 'xarm_description'
[0.285s] Level 1:colcon.colcon_core.package_discovery:discover_packages(recursive) using defaults
[0.285s] Level 1:colcon.colcon_core.package_discovery:discover_packages(ignore) discover
[0.285s] Level 1:colcon.colcon_core.package_discovery:discover_packages(ignore) using defaults
[0.285s] Level 1:colcon.colcon_core.package_discovery:discover_packages(path) discover
[0.285s] Level 1:colcon.colcon_core.package_discovery:discover_packages(path) using defaults
[0.312s] Level 1:colcon.colcon_core.package_discovery:discover_packages(prefix_path) check parameters
[0.312s] Level 1:colcon.colcon_core.package_discovery:discover_packages(prefix_path) discover
[0.314s] DEBUG:colcon.colcon_installed_package_information.package_discovery:Found 8 installed packages in /home/yuritvr/PFC/wenis_ws/install
[0.314s] DEBUG:colcon.colcon_installed_package_information.package_discovery:Found 4 installed packages in /home/yuritvr/PFC/pfc_ws/install
[0.316s] DEBUG:colcon.colcon_installed_package_information.package_discovery:Found 354 installed packages in /opt/ros/humble
[0.317s] Level 1:colcon.colcon_core.package_discovery:discover_packages(prefix_path) using defaults
[0.360s] Level 5:colcon.colcon_core.verb:set package 'arm_pkg' build argument 'cmake_args' from command line to 'None'
[0.360s] Level 5:colcon.colcon_core.verb:set package 'arm_pkg' build argument 'cmake_target' from command line to 'None'
[0.360s] Level 5:colcon.colcon_core.verb:set package 'arm_pkg' build argument 'cmake_target_skip_unavailable' from command line to 'False'
[0.360s] Level 5:colcon.colcon_core.verb:set package 'arm_pkg' build argument 'cmake_clean_cache' from command line to 'False'
[0.360s] Level 5:colcon.colcon_core.verb:set package 'arm_pkg' build argument 'cmake_clean_first' from command line to 'False'
[0.360s] Level 5:colcon.colcon_core.verb:set package 'arm_pkg' build argument 'cmake_force_configure' from command line to 'False'
[0.360s] Level 5:colcon.colcon_core.verb:set package 'arm_pkg' build argument 'ament_cmake_args' from command line to 'None'
[0.360s] Level 5:colcon.colcon_core.verb:set package 'arm_pkg' build argument 'catkin_cmake_args' from command line to 'None'
[0.360s] Level 5:colcon.colcon_core.verb:set package 'arm_pkg' build argument 'catkin_skip_building_tests' from command line to 'False'
[0.360s] DEBUG:colcon.colcon_core.verb:Building package 'arm_pkg' with the following arguments: {'ament_cmake_args': None, 'build_base': '/home/yuritvr/PFC/wenis_ws/build/arm_pkg', 'catkin_cmake_args': None, 'catkin_skip_building_tests': False, 'cmake_args': None, 'cmake_clean_cache': False, 'cmake_clean_first': False, 'cmake_force_configure': False, 'cmake_target': None, 'cmake_target_skip_unavailable': False, 'install_base': '/home/yuritvr/PFC/wenis_ws/install/arm_pkg', 'merge_install': False, 'path': '/home/yuritvr/PFC/wenis_ws/src/ros2_manipulator/robotic_arm_environment/arm_pkg', 'symlink_install': False, 'test_result_base': None}
[0.360s] Level 5:colcon.colcon_core.verb:set package 'get_pose_client' build argument 'cmake_args' from command line to 'None'
[0.360s] Level 5:colcon.colcon_core.verb:set package 'get_pose_client' build argument 'cmake_target' from command line to 'None'
[0.361s] Level 5:colcon.colcon_core.verb:set package 'get_pose_client' build argument 'cmake_target_skip_unavailable' from command line to 'False'
[0.361s] Level 5:colcon.colcon_core.verb:set package 'get_pose_client' build argument 'cmake_clean_cache' from command line to 'False'
[0.361s] Level 5:colcon.colcon_core.verb:set package 'get_pose_client' build argument 'cmake_clean_first' from command line to 'False'
[0.361s] Level 5:colcon.colcon_core.verb:set package 'get_pose_client' build argument 'cmake_force_configure' from command line to 'False'
[0.361s] Level 5:colcon.colcon_core.verb:set package 'get_pose_client' build argument 'ament_cmake_args' from command line to 'None'
[0.361s] Level 5:colcon.colcon_core.verb:set package 'get_pose_client' build argument 'catkin_cmake_args' from command line to 'None'
[0.361s] Level 5:colcon.colcon_core.verb:set package 'get_pose_client' build argument 'catkin_skip_building_tests' from command line to 'False'
[0.361s] DEBUG:colcon.colcon_core.verb:Building package 'get_pose_client' with the following arguments: {'ament_cmake_args': None, 'build_base': '/home/yuritvr/PFC/wenis_ws/build/get_pose_client', 'catkin_cmake_args': None, 'catkin_skip_building_tests': False, 'cmake_args': None, 'cmake_clean_cache': False, 'cmake_clean_first': False, 'cmake_force_configure': False, 'cmake_target': None, 'cmake_target_skip_unavailable': False, 'install_base': '/home/yuritvr/PFC/wenis_ws/install/get_pose_client', 'merge_install': False, 'path': '/home/yuritvr/PFC/wenis_ws/src/ros2_manipulator/get_pose_client', 'symlink_install': False, 'test_result_base': None}
[0.361s] Level 5:colcon.colcon_core.verb:set package 'moveit2_cartesian' build argument 'cmake_args' from command line to 'None'
[0.361s] Level 5:colcon.colcon_core.verb:set package 'moveit2_cartesian' build argument 'cmake_target' from command line to 'None'
[0.361s] Level 5:colcon.colcon_core.verb:set package 'moveit2_cartesian' build argument 'cmake_target_skip_unavailable' from command line to 'False'
[0.361s] Level 5:colcon.colcon_core.verb:set package 'moveit2_cartesian' build argument 'cmake_clean_cache' from command line to 'False'
[0.361s] Level 5:colcon.colcon_core.verb:set package 'moveit2_cartesian' build argument 'cmake_clean_first' from command line to 'False'
[0.361s] Level 5:colcon.colcon_core.verb:set package 'moveit2_cartesian' build argument 'cmake_force_configure' from command line to 'False'
[0.361s] Level 5:colcon.colcon_core.verb:set package 'moveit2_cartesian' build argument 'ament_cmake_args' from command line to 'None'
[0.361s] Level 5:colcon.colcon_core.verb:set package 'moveit2_cartesian' build argument 'catkin_cmake_args' from command line to 'None'
[0.361s] Level 5:colcon.colcon_core.verb:set package 'moveit2_cartesian' build argument 'catkin_skip_building_tests' from command line to 'False'
[0.361s] DEBUG:colcon.colcon_core.verb:Building package 'moveit2_cartesian' with the following arguments: {'ament_cmake_args': None, 'build_base': '/home/yuritvr/PFC/wenis_ws/build/moveit2_cartesian', 'catkin_cmake_args': None, 'catkin_skip_building_tests': False, 'cmake_args': None, 'cmake_clean_cache': False, 'cmake_clean_first': False, 'cmake_force_configure': False, 'cmake_target': None, 'cmake_target_skip_unavailable': False, 'install_base': '/home/yuritvr/PFC/wenis_ws/install/moveit2_cartesian', 'merge_install': False, 'path': '/home/yuritvr/PFC/wenis_ws/src/ros2_manipulator/moveit2_cartesian', 'symlink_install': False, 'test_result_base': None}
[0.362s] Level 5:colcon.colcon_core.verb:set package 'moveit2_kinematics' build argument 'cmake_args' from command line to 'None'
[0.362s] Level 5:colcon.colcon_core.verb:set package 'moveit2_kinematics' build argument 'cmake_target' from command line to 'None'
[0.362s] Level 5:colcon.colcon_core.verb:set package 'moveit2_kinematics' build argument 'cmake_target_skip_unavailable' from command line to 'False'
[0.362s] Level 5:colcon.colcon_core.verb:set package 'moveit2_kinematics' build argument 'cmake_clean_cache' from command line to 'False'
[0.362s] Level 5:colcon.colcon_core.verb:set package 'moveit2_kinematics' build argument 'cmake_clean_first' from command line to 'False'
[0.362s] Level 5:colcon.colcon_core.verb:set package 'moveit2_kinematics' build argument 'cmake_force_configure' from command line to 'False'
[0.362s] Level 5:colcon.colcon_core.verb:set package 'moveit2_kinematics' build argument 'ament_cmake_args' from command line to 'None'
[0.362s] Level 5:colcon.colcon_core.verb:set package 'moveit2_kinematics' build argument 'catkin_cmake_args' from command line to 'None'
[0.362s] Level 5:colcon.colcon_core.verb:set package 'moveit2_kinematics' build argument 'catkin_skip_building_tests' from command line to 'False'
[0.362s] DEBUG:colcon.colcon_core.verb:Building package 'moveit2_kinematics' with the following arguments: {'ament_cmake_args': None, 'build_base': '/home/yuritvr/PFC/wenis_ws/build/moveit2_kinematics', 'catkin_cmake_args': None, 'catkin_skip_building_tests': False, 'cmake_args': None, 'cmake_clean_cache': False, 'cmake_clean_first': False, 'cmake_force_configure': False, 'cmake_target': None, 'cmake_target_skip_unavailable': False, 'install_base': '/home/yuritvr/PFC/wenis_ws/install/moveit2_kinematics', 'merge_install': False, 'path': '/home/yuritvr/PFC/wenis_ws/src/ros2_manipulator/moveit2_kinematics', 'symlink_install': False, 'test_result_base': None}
[0.362s] Level 5:colcon.colcon_core.verb:set package 'moveit2_scripts' build argument 'cmake_args' from command line to 'None'
[0.362s] Level 5:colcon.colcon_core.verb:set package 'moveit2_scripts' build argument 'cmake_target' from command line to 'None'
[0.362s] Level 5:colcon.colcon_core.verb:set package 'moveit2_scripts' build argument 'cmake_target_skip_unavailable' from command line to 'False'
[0.362s] Level 5:colcon.colcon_core.verb:set package 'moveit2_scripts' build argument 'cmake_clean_cache' from command line to 'False'
[0.362s] Level 5:colcon.colcon_core.verb:set package 'moveit2_scripts' build argument 'cmake_clean_first' from command line to 'False'
[0.362s] Level 5:colcon.colcon_core.verb:set package 'moveit2_scripts' build argument 'cmake_force_configure' from command line to 'False'
[0.362s] Level 5:colcon.colcon_core.verb:set package 'moveit2_scripts' build argument 'ament_cmake_args' from command line to 'None'
[0.362s] Level 5:colcon.colcon_core.verb:set package 'moveit2_scripts' build argument 'catkin_cmake_args' from command line to 'None'
[0.362s] Level 5:colcon.colcon_core.verb:set package 'moveit2_scripts' build argument 'catkin_skip_building_tests' from command line to 'False'
[0.362s] DEBUG:colcon.colcon_core.verb:Building package 'moveit2_scripts' with the following arguments: {'ament_cmake_args': None, 'build_base': '/home/yuritvr/PFC/wenis_ws/build/moveit2_scripts', 'catkin_cmake_args': None, 'catkin_skip_building_tests': False, 'cmake_args': None, 'cmake_clean_cache': False, 'cmake_clean_first': False, 'cmake_force_configure': False, 'cmake_target': None, 'cmake_target_skip_unavailable': False, 'install_base': '/home/yuritvr/PFC/wenis_ws/install/moveit2_scripts', 'merge_install': False, 'path': '/home/yuritvr/PFC/wenis_ws/src/ros2_manipulator/moveit2_scripts', 'symlink_install': False, 'test_result_base': None}
[0.363s] Level 5:colcon.colcon_core.verb:set package 'simple_grasping' build argument 'cmake_args' from command line to 'None'
[0.363s] Level 5:colcon.colcon_core.verb:set package 'simple_grasping' build argument 'cmake_target' from command line to 'None'
[0.363s] Level 5:colcon.colcon_core.verb:set package 'simple_grasping' build argument 'cmake_target_skip_unavailable' from command line to 'False'
[0.363s] Level 5:colcon.colcon_core.verb:set package 'simple_grasping' build argument 'cmake_clean_cache' from command line to 'False'
[0.363s] Level 5:colcon.colcon_core.verb:set package 'simple_grasping' build argument 'cmake_clean_first' from command line to 'False'
[0.363s] Level 5:colcon.colcon_core.verb:set package 'simple_grasping' build argument 'cmake_force_configure' from command line to 'False'
[0.363s] Level 5:colcon.colcon_core.verb:set package 'simple_grasping' build argument 'ament_cmake_args' from command line to 'None'
[0.363s] Level 5:colcon.colcon_core.verb:set package 'simple_grasping' build argument 'catkin_cmake_args' from command line to 'None'
[0.363s] Level 5:colcon.colcon_core.verb:set package 'simple_grasping' build argument 'catkin_skip_building_tests' from command line to 'False'
[0.363s] DEBUG:colcon.colcon_core.verb:Building package 'simple_grasping' with the following arguments: {'ament_cmake_args': None, 'build_base': '/home/yuritvr/PFC/wenis_ws/build/simple_grasping', 'catkin_cmake_args': None, 'catkin_skip_building_tests': False, 'cmake_args': None, 'cmake_clean_cache': False, 'cmake_clean_first': False, 'cmake_force_configure': False, 'cmake_target': None, 'cmake_target_skip_unavailable': False, 'install_base': '/home/yuritvr/PFC/wenis_ws/install/simple_grasping', 'merge_install': False, 'path': '/home/yuritvr/PFC/wenis_ws/src/ros2_manipulator/simple_grasping_ros2/simple_grasping', 'symlink_install': False, 'test_result_base': None}
[0.363s] Level 5:colcon.colcon_core.verb:set package 'xarm_description' build argument 'cmake_args' from command line to 'None'
[0.363s] Level 5:colcon.colcon_core.verb:set package 'xarm_description' build argument 'cmake_target' from command line to 'None'
[0.363s] Level 5:colcon.colcon_core.verb:set package 'xarm_description' build argument 'cmake_target_skip_unavailable' from command line to 'False'
[0.363s] Level 5:colcon.colcon_core.verb:set package 'xarm_description' build argument 'cmake_clean_cache' from command line to 'False'
[0.363s] Level 5:colcon.colcon_core.verb:set package 'xarm_description' build argument 'cmake_clean_first' from command line to 'False'
[0.363s] Level 5:colcon.colcon_core.verb:set package 'xarm_description' build argument 'cmake_force_configure' from command line to 'False'
[0.363s] Level 5:colcon.colcon_core.verb:set package 'xarm_description' build argument 'ament_cmake_args' from command line to 'None'
[0.363s] Level 5:colcon.colcon_core.verb:set package 'xarm_description' build argument 'catkin_cmake_args' from command line to 'None'
[0.363s] Level 5:colcon.colcon_core.verb:set package 'xarm_description' build argument 'catkin_skip_building_tests' from command line to 'False'
[0.363s] DEBUG:colcon.colcon_core.verb:Building package 'xarm_description' with the following arguments: {'ament_cmake_args': None, 'build_base': '/home/yuritvr/PFC/wenis_ws/build/xarm_description', 'catkin_cmake_args': None, 'catkin_skip_building_tests': False, 'cmake_args': None, 'cmake_clean_cache': False, 'cmake_clean_first': False, 'cmake_force_configure': False, 'cmake_target': None, 'cmake_target_skip_unavailable': False, 'install_base': '/home/yuritvr/PFC/wenis_ws/install/xarm_description', 'merge_install': False, 'path': '/home/yuritvr/PFC/wenis_ws/src/ros2_manipulator/xarm_description', 'symlink_install': False, 'test_result_base': None}
[0.364s] Level 5:colcon.colcon_core.verb:set package 'moveit_config' build argument 'cmake_args' from command line to 'None'
[0.364s] Level 5:colcon.colcon_core.verb:set package 'moveit_config' build argument 'cmake_target' from command line to 'None'
[0.364s] Level 5:colcon.colcon_core.verb:set package 'moveit_config' build argument 'cmake_target_skip_unavailable' from command line to 'False'
[0.364s] Level 5:colcon.colcon_core.verb:set package 'moveit_config' build argument 'cmake_clean_cache' from command line to 'False'
[0.364s] Level 5:colcon.colcon_core.verb:set package 'moveit_config' build argument 'cmake_clean_first' from command line to 'False'
[0.364s] Level 5:colcon.colcon_core.verb:set package 'moveit_config' build argument 'cmake_force_configure' from command line to 'False'
[0.364s] Level 5:colcon.colcon_core.verb:set package 'moveit_config' build argument 'ament_cmake_args' from command line to 'None'
[0.364s] Level 5:colcon.colcon_core.verb:set package 'moveit_config' build argument 'catkin_cmake_args' from command line to 'None'
[0.364s] Level 5:colcon.colcon_core.verb:set package 'moveit_config' build argument 'catkin_skip_building_tests' from command line to 'False'
[0.364s] DEBUG:colcon.colcon_core.verb:Building package 'moveit_config' with the following arguments: {'ament_cmake_args': None, 'build_base': '/home/yuritvr/PFC/wenis_ws/build/moveit_config', 'catkin_cmake_args': None, 'catkin_skip_building_tests': False, 'cmake_args': None, 'cmake_clean_cache': False, 'cmake_clean_first': False, 'cmake_force_configure': False, 'cmake_target': None, 'cmake_target_skip_unavailable': False, 'install_base': '/home/yuritvr/PFC/wenis_ws/install/moveit_config', 'merge_install': False, 'path': '/home/yuritvr/PFC/wenis_ws/src/ros2_manipulator/moveit_config', 'symlink_install': False, 'test_result_base': None}
[0.364s] INFO:colcon.colcon_core.executor:Executing jobs using 'parallel' executor
[0.365s] DEBUG:colcon.colcon_parallel_executor.executor.parallel:run_until_complete
[0.365s] INFO:colcon.colcon_ros.task.ament_cmake.build:Building ROS package in '/home/yuritvr/PFC/wenis_ws/src/ros2_manipulator/robotic_arm_environment/arm_pkg' with build type 'ament_cmake'
[0.365s] INFO:colcon.colcon_cmake.task.cmake.build:Building CMake package in '/home/yuritvr/PFC/wenis_ws/src/ros2_manipulator/robotic_arm_environment/arm_pkg'
[0.367s] INFO:colcon.colcon_core.plugin_system:Skipping extension 'colcon_core.shell.bat': Not used on non-Windows systems
[0.367s] INFO:colcon.colcon_core.shell:Skip shell extension 'powershell' for command environment: Not usable outside of PowerShell
[0.367s] DEBUG:colcon.colcon_core.shell:Skip shell extension 'dsv' for command environment
[0.371s] INFO:colcon.colcon_ros.task.ament_cmake.build:Building ROS package in '/home/yuritvr/PFC/wenis_ws/src/ros2_manipulator/get_pose_client' with build type 'ament_cmake'
[0.371s] INFO:colcon.colcon_cmake.task.cmake.build:Building CMake package in '/home/yuritvr/PFC/wenis_ws/src/ros2_manipulator/get_pose_client'
[0.372s] INFO:colcon.colcon_core.shell:Skip shell extension 'powershell' for command environment: Not usable outside of PowerShell
[0.372s] DEBUG:colcon.colcon_core.shell:Skip shell extension 'dsv' for command environment
[0.375s] INFO:colcon.colcon_ros.task.ament_cmake.build:Building ROS package in '/home/yuritvr/PFC/wenis_ws/src/ros2_manipulator/moveit2_cartesian' with build type 'ament_cmake'
[0.375s] INFO:colcon.colcon_cmake.task.cmake.build:Building CMake package in '/home/yuritvr/PFC/wenis_ws/src/ros2_manipulator/moveit2_cartesian'
[0.376s] INFO:colcon.colcon_core.shell:Skip shell extension 'powershell' for command environment: Not usable outside of PowerShell
[0.376s] DEBUG:colcon.colcon_core.shell:Skip shell extension 'dsv' for command environment
[0.379s] INFO:colcon.colcon_ros.task.ament_cmake.build:Building ROS package in '/home/yuritvr/PFC/wenis_ws/src/ros2_manipulator/moveit2_kinematics' with build type 'ament_cmake'
[0.380s] INFO:colcon.colcon_cmake.task.cmake.build:Building CMake package in '/home/yuritvr/PFC/wenis_ws/src/ros2_manipulator/moveit2_kinematics'
[0.380s] INFO:colcon.colcon_core.shell:Skip shell extension 'powershell' for command environment: Not usable outside of PowerShell
[0.380s] DEBUG:colcon.colcon_core.shell:Skip shell extension 'dsv' for command environment
[0.384s] INFO:colcon.colcon_ros.task.ament_cmake.build:Building ROS package in '/home/yuritvr/PFC/wenis_ws/src/ros2_manipulator/moveit2_scripts' with build type 'ament_cmake'
[0.384s] INFO:colcon.colcon_cmake.task.cmake.build:Building CMake package in '/home/yuritvr/PFC/wenis_ws/src/ros2_manipulator/moveit2_scripts'
[0.384s] INFO:colcon.colcon_core.shell:Skip shell extension 'powershell' for command environment: Not usable outside of PowerShell
[0.384s] DEBUG:colcon.colcon_core.shell:Skip shell extension 'dsv' for command environment
[0.388s] INFO:colcon.colcon_ros.task.ament_cmake.build:Building ROS package in '/home/yuritvr/PFC/wenis_ws/src/ros2_manipulator/simple_grasping_ros2/simple_grasping' with build type 'ament_cmake'
[0.388s] INFO:colcon.colcon_cmake.task.cmake.build:Building CMake package in '/home/yuritvr/PFC/wenis_ws/src/ros2_manipulator/simple_grasping_ros2/simple_grasping'
[0.388s] INFO:colcon.colcon_core.shell:Skip shell extension 'powershell' for command environment: Not usable outside of PowerShell
[0.388s] DEBUG:colcon.colcon_core.shell:Skip shell extension 'dsv' for command environment
[0.393s] INFO:colcon.colcon_ros.task.ament_cmake.build:Building ROS package in '/home/yuritvr/PFC/wenis_ws/src/ros2_manipulator/xarm_description' with build type 'ament_cmake'
[0.393s] INFO:colcon.colcon_cmake.task.cmake.build:Building CMake package in '/home/yuritvr/PFC/wenis_ws/src/ros2_manipulator/xarm_description'
[0.393s] INFO:colcon.colcon_core.shell:Skip shell extension 'powershell' for command environment: Not usable outside of PowerShell
[0.393s] DEBUG:colcon.colcon_core.shell:Skip shell extension 'dsv' for command environment
[0.403s] DEBUG:colcon.colcon_core.event_handler.log_command:Invoking command in '/home/yuritvr/PFC/wenis_ws/build/arm_pkg': CMAKE_PREFIX_PATH=${CMAKE_PREFIX_PATH}:/opt/ros/humble /usr/bin/cmake --build /home/yuritvr/PFC/wenis_ws/build/arm_pkg -- -j8 -l8
[0.407s] DEBUG:colcon.colcon_core.event_handler.log_command:Invoking command in '/home/yuritvr/PFC/wenis_ws/build/get_pose_client': CMAKE_PREFIX_PATH=${CMAKE_PREFIX_PATH}:/opt/ros/humble /usr/bin/cmake --build /home/yuritvr/PFC/wenis_ws/build/get_pose_client -- -j8 -l8
[0.410s] DEBUG:colcon.colcon_core.event_handler.log_command:Invoking command in '/home/yuritvr/PFC/wenis_ws/build/moveit2_cartesian': CMAKE_PREFIX_PATH=${CMAKE_PREFIX_PATH}:/opt/ros/humble /usr/bin/cmake --build /home/yuritvr/PFC/wenis_ws/build/moveit2_cartesian -- -j8 -l8
[0.415s] DEBUG:colcon.colcon_core.event_handler.log_command:Invoking command in '/home/yuritvr/PFC/wenis_ws/build/moveit2_kinematics': CMAKE_PREFIX_PATH=${CMAKE_PREFIX_PATH}:/opt/ros/humble /usr/bin/cmake --build /home/yuritvr/PFC/wenis_ws/build/moveit2_kinematics -- -j8 -l8
[0.418s] DEBUG:colcon.colcon_core.event_handler.log_command:Invoking command in '/home/yuritvr/PFC/wenis_ws/build/moveit2_scripts': CMAKE_PREFIX_PATH=${CMAKE_PREFIX_PATH}:/opt/ros/humble /usr/bin/cmake --build /home/yuritvr/PFC/wenis_ws/build/moveit2_scripts -- -j8 -l8
[0.424s] DEBUG:colcon.colcon_core.event_handler.log_command:Invoking command in '/home/yuritvr/PFC/wenis_ws/build/simple_grasping': CMAKE_PREFIX_PATH=${CMAKE_PREFIX_PATH}:/opt/ros/humble /usr/bin/cmake --build /home/yuritvr/PFC/wenis_ws/build/simple_grasping -- -j8 -l8
[0.435s] DEBUG:colcon.colcon_core.event_handler.log_command:Invoking command in '/home/yuritvr/PFC/wenis_ws/build/xarm_description': CMAKE_PREFIX_PATH=${CMAKE_PREFIX_PATH}:/opt/ros/humble /usr/bin/cmake --build /home/yuritvr/PFC/wenis_ws/build/xarm_description -- -j8 -l8
[0.457s] DEBUG:colcon.colcon_core.event_handler.log_command:Invoked command in '/home/yuritvr/PFC/wenis_ws/build/arm_pkg' returned '0': CMAKE_PREFIX_PATH=${CMAKE_PREFIX_PATH}:/opt/ros/humble /usr/bin/cmake --build /home/yuritvr/PFC/wenis_ws/build/arm_pkg -- -j8 -l8
[0.486s] DEBUG:colcon.colcon_core.event_handler.log_command:Invoked command in '/home/yuritvr/PFC/wenis_ws/build/xarm_description' returned '0': CMAKE_PREFIX_PATH=${CMAKE_PREFIX_PATH}:/opt/ros/humble /usr/bin/cmake --build /home/yuritvr/PFC/wenis_ws/build/xarm_description -- -j8 -l8
[0.538s] DEBUG:colcon.colcon_core.event_handler.log_command:Invoked command in '/home/yuritvr/PFC/wenis_ws/build/get_pose_client' returned '0': CMAKE_PREFIX_PATH=${CMAKE_PREFIX_PATH}:/opt/ros/humble /usr/bin/cmake --build /home/yuritvr/PFC/wenis_ws/build/get_pose_client -- -j8 -l8
[0.569s] DEBUG:colcon.colcon_core.event_handler.log_command:Invoked command in '/home/yuritvr/PFC/wenis_ws/build/moveit2_cartesian' returned '0': CMAKE_PREFIX_PATH=${CMAKE_PREFIX_PATH}:/opt/ros/humble /usr/bin/cmake --build /home/yuritvr/PFC/wenis_ws/build/moveit2_cartesian -- -j8 -l8
[0.593s] DEBUG:colcon.colcon_core.event_handler.log_command:Invoking command in '/home/yuritvr/PFC/wenis_ws/build/arm_pkg': CMAKE_PREFIX_PATH=${CMAKE_PREFIX_PATH}:/opt/ros/humble /usr/bin/cmake --install /home/yuritvr/PFC/wenis_ws/build/arm_pkg
[0.596s] DEBUG:colcon.colcon_core.event_handler.log_command:Invoking command in '/home/yuritvr/PFC/wenis_ws/build/xarm_description': CMAKE_PREFIX_PATH=${CMAKE_PREFIX_PATH}:/opt/ros/humble /usr/bin/cmake --install /home/yuritvr/PFC/wenis_ws/build/xarm_description
[0.599s] DEBUG:colcon.colcon_core.event_handler.log_command:Invoked command in '/home/yuritvr/PFC/wenis_ws/build/moveit2_kinematics' returned '0': CMAKE_PREFIX_PATH=${CMAKE_PREFIX_PATH}:/opt/ros/humble /usr/bin/cmake --build /home/yuritvr/PFC/wenis_ws/build/moveit2_kinematics -- -j8 -l8
[0.602s] DEBUG:colcon.colcon_core.event_handler.log_command:Invoking command in '/home/yuritvr/PFC/wenis_ws/build/get_pose_client': CMAKE_PREFIX_PATH=${CMAKE_PREFIX_PATH}:/opt/ros/humble /usr/bin/cmake --install /home/yuritvr/PFC/wenis_ws/build/get_pose_client
[0.619s] Level 1:colcon.colcon_core.environment:create_environment_scripts_only(arm_pkg)
[0.638s] DEBUG:colcon.colcon_core.event_handler.log_command:Invoked command in '/home/yuritvr/PFC/wenis_ws/build/moveit2_scripts' returned '0': CMAKE_PREFIX_PATH=${CMAKE_PREFIX_PATH}:/opt/ros/humble /usr/bin/cmake --build /home/yuritvr/PFC/wenis_ws/build/moveit2_scripts -- -j8 -l8
[0.640s] DEBUG:colcon.colcon_core.event_handler.log_command:Invoking command in '/home/yuritvr/PFC/wenis_ws/build/moveit2_cartesian': CMAKE_PREFIX_PATH=${CMAKE_PREFIX_PATH}:/opt/ros/humble /usr/bin/cmake --install /home/yuritvr/PFC/wenis_ws/build/moveit2_cartesian
[0.640s] Level 1:colcon.colcon_core.environment:checking '/home/yuritvr/PFC/wenis_ws/install/arm_pkg' for CMake module files
[0.641s] Level 1:colcon.colcon_core.environment:checking '/home/yuritvr/PFC/wenis_ws/install/arm_pkg' for CMake config files
[0.642s] Level 1:colcon.colcon_core.shell:create_environment_hook('arm_pkg', 'cmake_prefix_path')
[0.642s] INFO:colcon.colcon_core.shell:Creating environment hook '/home/yuritvr/PFC/wenis_ws/install/arm_pkg/share/arm_pkg/hook/cmake_prefix_path.ps1'
[0.643s] INFO:colcon.colcon_core.shell:Creating environment descriptor '/home/yuritvr/PFC/wenis_ws/install/arm_pkg/share/arm_pkg/hook/cmake_prefix_path.dsv'
[0.644s] INFO:colcon.colcon_core.shell:Creating environment hook '/home/yuritvr/PFC/wenis_ws/install/arm_pkg/share/arm_pkg/hook/cmake_prefix_path.sh'
[0.646s] Level 1:colcon.colcon_core.environment:checking '/home/yuritvr/PFC/wenis_ws/install/arm_pkg/bin'
[0.646s] Level 1:colcon.colcon_core.environment:checking '/home/yuritvr/PFC/wenis_ws/install/arm_pkg/lib/pkgconfig/arm_pkg.pc'
[0.647s] Level 1:colcon.colcon_core.environment:checking '/home/yuritvr/PFC/wenis_ws/install/arm_pkg/lib/python3.10/site-packages'
[0.647s] Level 1:colcon.colcon_core.environment:checking '/home/yuritvr/PFC/wenis_ws/install/arm_pkg/bin'
[0.647s] INFO:colcon.colcon_core.shell:Creating package script '/home/yuritvr/PFC/wenis_ws/install/arm_pkg/share/arm_pkg/package.ps1'
[0.649s] INFO:colcon.colcon_core.shell:Creating package descriptor '/home/yuritvr/PFC/wenis_ws/install/arm_pkg/share/arm_pkg/package.dsv'
[0.650s] DEBUG:colcon.colcon_core.event_handler.log_command:Invoked command in '/home/yuritvr/PFC/wenis_ws/build/arm_pkg' returned '0': CMAKE_PREFIX_PATH=${CMAKE_PREFIX_PATH}:/opt/ros/humble /usr/bin/cmake --install /home/yuritvr/PFC/wenis_ws/build/arm_pkg
[0.651s] INFO:colcon.colcon_core.shell:Creating package script '/home/yuritvr/PFC/wenis_ws/install/arm_pkg/share/arm_pkg/package.sh'
[0.652s] INFO:colcon.colcon_core.shell:Creating package script '/home/yuritvr/PFC/wenis_ws/install/arm_pkg/share/arm_pkg/package.bash'
[0.654s] INFO:colcon.colcon_core.shell:Creating package script '/home/yuritvr/PFC/wenis_ws/install/arm_pkg/share/arm_pkg/package.zsh'
[0.655s] Level 1:colcon.colcon_core.environment:create_file_with_runtime_dependencies(/home/yuritvr/PFC/wenis_ws/install/arm_pkg/share/colcon-core/packages/arm_pkg)
[0.659s] Level 1:colcon.colcon_core.environment:create_environment_scripts_only(xarm_description)
[0.660s] Level 1:colcon.colcon_core.environment:checking '/home/yuritvr/PFC/wenis_ws/install/xarm_description' for CMake module files
[0.660s] DEBUG:colcon.colcon_core.event_handler.log_command:Invoked command in '/home/yuritvr/PFC/wenis_ws/build/xarm_description' returned '0': CMAKE_PREFIX_PATH=${CMAKE_PREFIX_PATH}:/opt/ros/humble /usr/bin/cmake --install /home/yuritvr/PFC/wenis_ws/build/xarm_description
[0.661s] Level 1:colcon.colcon_core.environment:checking '/home/yuritvr/PFC/wenis_ws/install/xarm_description' for CMake config files
[0.662s] Level 1:colcon.colcon_core.shell:create_environment_hook('xarm_description', 'cmake_prefix_path')
[0.662s] INFO:colcon.colcon_core.shell:Creating environment hook '/home/yuritvr/PFC/wenis_ws/install/xarm_description/share/xarm_description/hook/cmake_prefix_path.ps1'
[0.663s] INFO:colcon.colcon_core.shell:Creating environment descriptor '/home/yuritvr/PFC/wenis_ws/install/xarm_description/share/xarm_description/hook/cmake_prefix_path.dsv'
[0.663s] INFO:colcon.colcon_core.shell:Creating environment hook '/home/yuritvr/PFC/wenis_ws/install/xarm_description/share/xarm_description/hook/cmake_prefix_path.sh'
[0.663s] Level 1:colcon.colcon_core.environment:checking '/home/yuritvr/PFC/wenis_ws/install/xarm_description/bin'
[0.663s] Level 1:colcon.colcon_core.environment:checking '/home/yuritvr/PFC/wenis_ws/install/xarm_description/lib/pkgconfig/xarm_description.pc'
[0.664s] Level 1:colcon.colcon_core.environment:checking '/home/yuritvr/PFC/wenis_ws/install/xarm_description/lib/python3.10/site-packages'
[0.664s] Level 1:colcon.colcon_core.environment:checking '/home/yuritvr/PFC/wenis_ws/install/xarm_description/bin'
[0.665s] INFO:colcon.colcon_core.shell:Creating package script '/home/yuritvr/PFC/wenis_ws/install/xarm_description/share/xarm_description/package.ps1'
[0.665s] INFO:colcon.colcon_core.shell:Creating package descriptor '/home/yuritvr/PFC/wenis_ws/install/xarm_description/share/xarm_description/package.dsv'
[0.665s] INFO:colcon.colcon_core.shell:Creating package script '/home/yuritvr/PFC/wenis_ws/install/xarm_description/share/xarm_description/package.sh'
[0.666s] INFO:colcon.colcon_core.shell:Creating package script '/home/yuritvr/PFC/wenis_ws/install/xarm_description/share/xarm_description/package.bash'
[0.666s] INFO:colcon.colcon_core.shell:Creating package script '/home/yuritvr/PFC/wenis_ws/install/xarm_description/share/xarm_description/package.zsh'
[0.667s] Level 1:colcon.colcon_core.environment:create_file_with_runtime_dependencies(/home/yuritvr/PFC/wenis_ws/install/xarm_description/share/colcon-core/packages/xarm_description)
[0.667s] Level 1:colcon.colcon_core.environment:create_environment_scripts_only(get_pose_client)
[0.668s] Level 1:colcon.colcon_core.environment:checking '/home/yuritvr/PFC/wenis_ws/install/get_pose_client' for CMake module files
[0.669s] DEBUG:colcon.colcon_core.event_handler.log_command:Invoked command in '/home/yuritvr/PFC/wenis_ws/build/get_pose_client' returned '0': CMAKE_PREFIX_PATH=${CMAKE_PREFIX_PATH}:/opt/ros/humble /usr/bin/cmake --install /home/yuritvr/PFC/wenis_ws/build/get_pose_client
[0.669s] Level 1:colcon.colcon_core.environment:checking '/home/yuritvr/PFC/wenis_ws/install/get_pose_client' for CMake config files
[0.669s] Level 1:colcon.colcon_core.shell:create_environment_hook('get_pose_client', 'cmake_prefix_path')
[0.670s] INFO:colcon.colcon_core.shell:Creating environment hook '/home/yuritvr/PFC/wenis_ws/install/get_pose_client/share/get_pose_client/hook/cmake_prefix_path.ps1'
[0.670s] INFO:colcon.colcon_core.shell:Creating environment descriptor '/home/yuritvr/PFC/wenis_ws/install/get_pose_client/share/get_pose_client/hook/cmake_prefix_path.dsv'
[0.670s] INFO:colcon.colcon_core.shell:Creating environment hook '/home/yuritvr/PFC/wenis_ws/install/get_pose_client/share/get_pose_client/hook/cmake_prefix_path.sh'
[0.671s] Level 1:colcon.colcon_core.environment:checking '/home/yuritvr/PFC/wenis_ws/install/get_pose_client/lib'
[0.671s] Level 1:colcon.colcon_core.environment:checking '/home/yuritvr/PFC/wenis_ws/install/get_pose_client/bin'
[0.672s] Level 1:colcon.colcon_core.environment:checking '/home/yuritvr/PFC/wenis_ws/install/get_pose_client/lib/pkgconfig/get_pose_client.pc'
[0.672s] Level 1:colcon.colcon_core.environment:checking '/home/yuritvr/PFC/wenis_ws/install/get_pose_client/lib/python3.10/site-packages'
[0.672s] Level 1:colcon.colcon_core.environment:checking '/home/yuritvr/PFC/wenis_ws/install/get_pose_client/bin'
[0.673s] INFO:colcon.colcon_core.shell:Creating package script '/home/yuritvr/PFC/wenis_ws/install/get_pose_client/share/get_pose_client/package.ps1'
[0.674s] INFO:colcon.colcon_core.shell:Creating package descriptor '/home/yuritvr/PFC/wenis_ws/install/get_pose_client/share/get_pose_client/package.dsv'
[0.674s] INFO:colcon.colcon_core.shell:Creating package script '/home/yuritvr/PFC/wenis_ws/install/get_pose_client/share/get_pose_client/package.sh'
[0.675s] INFO:colcon.colcon_core.shell:Creating package script '/home/yuritvr/PFC/wenis_ws/install/get_pose_client/share/get_pose_client/package.bash'
[0.675s] INFO:colcon.colcon_core.shell:Creating package script '/home/yuritvr/PFC/wenis_ws/install/get_pose_client/share/get_pose_client/package.zsh'
[0.675s] Level 1:colcon.colcon_core.environment:create_file_with_runtime_dependencies(/home/yuritvr/PFC/wenis_ws/install/get_pose_client/share/colcon-core/packages/get_pose_client)
[0.677s] Level 1:colcon.colcon_core.environment:create_environment_scripts_only(moveit2_cartesian)
[0.677s] Level 1:colcon.colcon_core.environment:checking '/home/yuritvr/PFC/wenis_ws/install/moveit2_cartesian' for CMake module files
[0.678s] DEBUG:colcon.colcon_core.event_handler.log_command:Invoked command in '/home/yuritvr/PFC/wenis_ws/build/moveit2_cartesian' returned '0': CMAKE_PREFIX_PATH=${CMAKE_PREFIX_PATH}:/opt/ros/humble /usr/bin/cmake --install /home/yuritvr/PFC/wenis_ws/build/moveit2_cartesian
[0.679s] Level 1:colcon.colcon_core.environment:checking '/home/yuritvr/PFC/wenis_ws/install/moveit2_cartesian' for CMake config files
[0.679s] Level 1:colcon.colcon_core.shell:create_environment_hook('moveit2_cartesian', 'cmake_prefix_path')
[0.679s] INFO:colcon.colcon_core.shell:Creating environment hook '/home/yuritvr/PFC/wenis_ws/install/moveit2_cartesian/share/moveit2_cartesian/hook/cmake_prefix_path.ps1'
[0.680s] INFO:colcon.colcon_core.shell:Creating environment descriptor '/home/yuritvr/PFC/wenis_ws/install/moveit2_cartesian/share/moveit2_cartesian/hook/cmake_prefix_path.dsv'
[0.681s] INFO:colcon.colcon_core.shell:Creating environment hook '/home/yuritvr/PFC/wenis_ws/install/moveit2_cartesian/share/moveit2_cartesian/hook/cmake_prefix_path.sh'
[0.681s] Level 1:colcon.colcon_core.environment:checking '/home/yuritvr/PFC/wenis_ws/install/moveit2_cartesian/lib'
[0.681s] Level 1:colcon.colcon_core.environment:checking '/home/yuritvr/PFC/wenis_ws/install/moveit2_cartesian/bin'
[0.681s] Level 1:colcon.colcon_core.environment:checking '/home/yuritvr/PFC/wenis_ws/install/moveit2_cartesian/lib/pkgconfig/moveit2_cartesian.pc'
[0.682s] Level 1:colcon.colcon_core.environment:checking '/home/yuritvr/PFC/wenis_ws/install/moveit2_cartesian/lib/python3.10/site-packages'
[0.682s] Level 1:colcon.colcon_core.environment:checking '/home/yuritvr/PFC/wenis_ws/install/moveit2_cartesian/bin'
[0.682s] INFO:colcon.colcon_core.shell:Creating package script '/home/yuritvr/PFC/wenis_ws/install/moveit2_cartesian/share/moveit2_cartesian/package.ps1'
[0.682s] INFO:colcon.colcon_core.shell:Creating package descriptor '/home/yuritvr/PFC/wenis_ws/install/moveit2_cartesian/share/moveit2_cartesian/package.dsv'
[0.683s] INFO:colcon.colcon_core.shell:Creating package script '/home/yuritvr/PFC/wenis_ws/install/moveit2_cartesian/share/moveit2_cartesian/package.sh'
[0.683s] INFO:colcon.colcon_core.shell:Creating package script '/home/yuritvr/PFC/wenis_ws/install/moveit2_cartesian/share/moveit2_cartesian/package.bash'
[0.684s] INFO:colcon.colcon_core.shell:Creating package script '/home/yuritvr/PFC/wenis_ws/install/moveit2_cartesian/share/moveit2_cartesian/package.zsh'
[0.684s] Level 1:colcon.colcon_core.environment:create_file_with_runtime_dependencies(/home/yuritvr/PFC/wenis_ws/install/moveit2_cartesian/share/colcon-core/packages/moveit2_cartesian)
[0.687s] DEBUG:colcon.colcon_core.event_handler.log_command:Invoking command in '/home/yuritvr/PFC/wenis_ws/build/moveit2_kinematics': CMAKE_PREFIX_PATH=${CMAKE_PREFIX_PATH}:/opt/ros/humble /usr/bin/cmake --install /home/yuritvr/PFC/wenis_ws/build/moveit2_kinematics
[0.689s] DEBUG:colcon.colcon_core.event_handler.log_command:Invoking command in '/home/yuritvr/PFC/wenis_ws/build/moveit2_scripts': CMAKE_PREFIX_PATH=${CMAKE_PREFIX_PATH}:/opt/ros/humble /usr/bin/cmake --install /home/yuritvr/PFC/wenis_ws/build/moveit2_scripts
[0.692s] Level 1:colcon.colcon_core.environment:create_environment_scripts_only(arm_pkg)
[0.693s] Level 1:colcon.colcon_core.environment:checking '/home/yuritvr/PFC/wenis_ws/install/arm_pkg' for CMake module files
[0.694s] Level 1:colcon.colcon_core.environment:checking '/home/yuritvr/PFC/wenis_ws/install/arm_pkg' for CMake config files
[0.694s] Level 1:colcon.colcon_core.shell:create_environment_hook('arm_pkg', 'cmake_prefix_path')
[0.695s] INFO:colcon.colcon_core.shell:Creating environment hook '/home/yuritvr/PFC/wenis_ws/install/arm_pkg/share/arm_pkg/hook/cmake_prefix_path.ps1'
[0.695s] INFO:colcon.colcon_core.shell:Creating environment descriptor '/home/yuritvr/PFC/wenis_ws/install/arm_pkg/share/arm_pkg/hook/cmake_prefix_path.dsv'
[0.696s] INFO:colcon.colcon_core.shell:Creating environment hook '/home/yuritvr/PFC/wenis_ws/install/arm_pkg/share/arm_pkg/hook/cmake_prefix_path.sh'
[0.696s] Level 1:colcon.colcon_core.environment:checking '/home/yuritvr/PFC/wenis_ws/install/arm_pkg/bin'
[0.697s] Level 1:colcon.colcon_core.environment:checking '/home/yuritvr/PFC/wenis_ws/install/arm_pkg/lib/pkgconfig/arm_pkg.pc'
[0.697s] Level 1:colcon.colcon_core.environment:checking '/home/yuritvr/PFC/wenis_ws/install/arm_pkg/lib/python3.10/site-packages'
[0.697s] Level 1:colcon.colcon_core.environment:checking '/home/yuritvr/PFC/wenis_ws/install/arm_pkg/bin'
[0.698s] INFO:colcon.colcon_core.shell:Creating package script '/home/yuritvr/PFC/wenis_ws/install/arm_pkg/share/arm_pkg/package.ps1'
[0.700s] INFO:colcon.colcon_core.shell:Creating package descriptor '/home/yuritvr/PFC/wenis_ws/install/arm_pkg/share/arm_pkg/package.dsv'
[0.701s] INFO:colcon.colcon_core.shell:Creating package script '/home/yuritvr/PFC/wenis_ws/install/arm_pkg/share/arm_pkg/package.sh'
[0.703s] INFO:colcon.colcon_core.shell:Creating package script '/home/yuritvr/PFC/wenis_ws/install/arm_pkg/share/arm_pkg/package.bash'
[0.704s] INFO:colcon.colcon_core.shell:Creating package script '/home/yuritvr/PFC/wenis_ws/install/arm_pkg/share/arm_pkg/package.zsh'
[0.705s] Level 1:colcon.colcon_core.environment:create_file_with_runtime_dependencies(/home/yuritvr/PFC/wenis_ws/install/arm_pkg/share/colcon-core/packages/arm_pkg)
[0.707s] INFO:colcon.colcon_ros.task.ament_cmake.build:Building ROS package in '/home/yuritvr/PFC/wenis_ws/src/ros2_manipulator/moveit_config' with build type 'ament_cmake'
[0.707s] INFO:colcon.colcon_cmake.task.cmake.build:Building CMake package in '/home/yuritvr/PFC/wenis_ws/src/ros2_manipulator/moveit_config'
[0.707s] INFO:colcon.colcon_core.shell:Skip shell extension 'powershell' for command environment: Not usable outside of PowerShell
[0.707s] DEBUG:colcon.colcon_core.shell:Skip shell extension 'dsv' for command environment
[0.715s] Level 1:colcon.colcon_core.environment:create_environment_scripts_only(xarm_description)
[0.715s] Level 1:colcon.colcon_core.environment:checking '/home/yuritvr/PFC/wenis_ws/install/xarm_description' for CMake module files
[0.716s] Level 1:colcon.colcon_core.environment:checking '/home/yuritvr/PFC/wenis_ws/install/xarm_description' for CMake config files
[0.717s] Level 1:colcon.colcon_core.shell:create_environment_hook('xarm_description', 'cmake_prefix_path')
[0.717s] INFO:colcon.colcon_core.shell:Creating environment hook '/home/yuritvr/PFC/wenis_ws/install/xarm_description/share/xarm_description/hook/cmake_prefix_path.ps1'
[0.717s] INFO:colcon.colcon_core.shell:Creating environment descriptor '/home/yuritvr/PFC/wenis_ws/install/xarm_description/share/xarm_description/hook/cmake_prefix_path.dsv'
[0.717s] INFO:colcon.colcon_core.shell:Creating environment hook '/home/yuritvr/PFC/wenis_ws/install/xarm_description/share/xarm_description/hook/cmake_prefix_path.sh'
[0.718s] Level 1:colcon.colcon_core.environment:checking '/home/yuritvr/PFC/wenis_ws/install/xarm_description/bin'
[0.718s] Level 1:colcon.colcon_core.environment:checking '/home/yuritvr/PFC/wenis_ws/install/xarm_description/lib/pkgconfig/xarm_description.pc'
[0.718s] Level 1:colcon.colcon_core.environment:checking '/home/yuritvr/PFC/wenis_ws/install/xarm_description/lib/python3.10/site-packages'
[0.718s] Level 1:colcon.colcon_core.environment:checking '/home/yuritvr/PFC/wenis_ws/install/xarm_description/bin'
[0.719s] INFO:colcon.colcon_core.shell:Creating package script '/home/yuritvr/PFC/wenis_ws/install/xarm_description/share/xarm_description/package.ps1'
[0.719s] INFO:colcon.colcon_core.shell:Creating package descriptor '/home/yuritvr/PFC/wenis_ws/install/xarm_description/share/xarm_description/package.dsv'
[0.719s] INFO:colcon.colcon_core.shell:Creating package script '/home/yuritvr/PFC/wenis_ws/install/xarm_description/share/xarm_description/package.sh'
[0.720s] INFO:colcon.colcon_core.shell:Creating package script '/home/yuritvr/PFC/wenis_ws/install/xarm_description/share/xarm_description/package.bash'
[0.720s] INFO:colcon.colcon_core.shell:Creating package script '/home/yuritvr/PFC/wenis_ws/install/xarm_description/share/xarm_description/package.zsh'
[0.721s] Level 1:colcon.colcon_core.environment:create_file_with_runtime_dependencies(/home/yuritvr/PFC/wenis_ws/install/xarm_description/share/colcon-core/packages/xarm_description)
[0.723s] Level 1:colcon.colcon_core.environment:create_environment_scripts_only(moveit2_kinematics)
[0.723s] Level 1:colcon.colcon_core.environment:checking '/home/yuritvr/PFC/wenis_ws/install/moveit2_kinematics' for CMake module files
[0.724s] DEBUG:colcon.colcon_core.event_handler.log_command:Invoked command in '/home/yuritvr/PFC/wenis_ws/build/simple_grasping' returned '0': CMAKE_PREFIX_PATH=${CMAKE_PREFIX_PATH}:/opt/ros/humble /usr/bin/cmake --build /home/yuritvr/PFC/wenis_ws/build/simple_grasping -- -j8 -l8
[0.725s] DEBUG:colcon.colcon_core.event_handler.log_command:Invoked command in '/home/yuritvr/PFC/wenis_ws/build/moveit2_kinematics' returned '0': CMAKE_PREFIX_PATH=${CMAKE_PREFIX_PATH}:/opt/ros/humble /usr/bin/cmake --install /home/yuritvr/PFC/wenis_ws/build/moveit2_kinematics
[0.725s] Level 1:colcon.colcon_core.environment:checking '/home/yuritvr/PFC/wenis_ws/install/moveit2_kinematics' for CMake config files
[0.725s] Level 1:colcon.colcon_core.shell:create_environment_hook('moveit2_kinematics', 'cmake_prefix_path')
[0.726s] INFO:colcon.colcon_core.shell:Creating environment hook '/home/yuritvr/PFC/wenis_ws/install/moveit2_kinematics/share/moveit2_kinematics/hook/cmake_prefix_path.ps1'
[0.726s] INFO:colcon.colcon_core.shell:Creating environment descriptor '/home/yuritvr/PFC/wenis_ws/install/moveit2_kinematics/share/moveit2_kinematics/hook/cmake_prefix_path.dsv'
[0.726s] INFO:colcon.colcon_core.shell:Creating environment hook '/home/yuritvr/PFC/wenis_ws/install/moveit2_kinematics/share/moveit2_kinematics/hook/cmake_prefix_path.sh'
[0.727s] Level 1:colcon.colcon_core.environment:checking '/home/yuritvr/PFC/wenis_ws/install/moveit2_kinematics/lib'
[0.727s] Level 1:colcon.colcon_core.environment:checking '/home/yuritvr/PFC/wenis_ws/install/moveit2_kinematics/bin'
[0.727s] Level 1:colcon.colcon_core.environment:checking '/home/yuritvr/PFC/wenis_ws/install/moveit2_kinematics/lib/pkgconfig/moveit2_kinematics.pc'
[0.727s] Level 1:colcon.colcon_core.environment:checking '/home/yuritvr/PFC/wenis_ws/install/moveit2_kinematics/lib/python3.10/site-packages'
[0.727s] Level 1:colcon.colcon_core.environment:checking '/home/yuritvr/PFC/wenis_ws/install/moveit2_kinematics/bin'
[0.728s] INFO:colcon.colcon_core.shell:Creating package script '/home/yuritvr/PFC/wenis_ws/install/moveit2_kinematics/share/moveit2_kinematics/package.ps1'
[0.728s] INFO:colcon.colcon_core.shell:Creating package descriptor '/home/yuritvr/PFC/wenis_ws/install/moveit2_kinematics/share/moveit2_kinematics/package.dsv'
[0.728s] INFO:colcon.colcon_core.shell:Creating package script '/home/yuritvr/PFC/wenis_ws/install/moveit2_kinematics/share/moveit2_kinematics/package.sh'
[0.728s] INFO:colcon.colcon_core.shell:Creating package script '/home/yuritvr/PFC/wenis_ws/install/moveit2_kinematics/share/moveit2_kinematics/package.bash'
[0.729s] INFO:colcon.colcon_core.shell:Creating package script '/home/yuritvr/PFC/wenis_ws/install/moveit2_kinematics/share/moveit2_kinematics/package.zsh'
[0.729s] Level 1:colcon.colcon_core.environment:create_file_with_runtime_dependencies(/home/yuritvr/PFC/wenis_ws/install/moveit2_kinematics/share/colcon-core/packages/moveit2_kinematics)
[0.730s] Level 1:colcon.colcon_core.environment:create_environment_scripts_only(moveit2_scripts)
[0.730s] Level 1:colcon.colcon_core.environment:checking '/home/yuritvr/PFC/wenis_ws/install/moveit2_scripts' for CMake module files
[0.731s] DEBUG:colcon.colcon_core.event_handler.log_command:Invoked command in '/home/yuritvr/PFC/wenis_ws/build/moveit2_scripts' returned '0': CMAKE_PREFIX_PATH=${CMAKE_PREFIX_PATH}:/opt/ros/humble /usr/bin/cmake --install /home/yuritvr/PFC/wenis_ws/build/moveit2_scripts
[0.731s] Level 1:colcon.colcon_core.environment:checking '/home/yuritvr/PFC/wenis_ws/install/moveit2_scripts' for CMake config files
[0.731s] Level 1:colcon.colcon_core.shell:create_environment_hook('moveit2_scripts', 'cmake_prefix_path')
[0.731s] INFO:colcon.colcon_core.shell:Creating environment hook '/home/yuritvr/PFC/wenis_ws/install/moveit2_scripts/share/moveit2_scripts/hook/cmake_prefix_path.ps1'
[0.732s] INFO:colcon.colcon_core.shell:Creating environment descriptor '/home/yuritvr/PFC/wenis_ws/install/moveit2_scripts/share/moveit2_scripts/hook/cmake_prefix_path.dsv'
[0.732s] INFO:colcon.colcon_core.shell:Creating environment hook '/home/yuritvr/PFC/wenis_ws/install/moveit2_scripts/share/moveit2_scripts/hook/cmake_prefix_path.sh'
[0.732s] Level 1:colcon.colcon_core.environment:checking '/home/yuritvr/PFC/wenis_ws/install/moveit2_scripts/lib'
[0.732s] Level 1:colcon.colcon_core.environment:checking '/home/yuritvr/PFC/wenis_ws/install/moveit2_scripts/bin'
[0.733s] Level 1:colcon.colcon_core.environment:checking '/home/yuritvr/PFC/wenis_ws/install/moveit2_scripts/lib/pkgconfig/moveit2_scripts.pc'
[0.733s] Level 1:colcon.colcon_core.environment:checking '/home/yuritvr/PFC/wenis_ws/install/moveit2_scripts/lib/python3.10/site-packages'
[0.733s] Level 1:colcon.colcon_core.environment:checking '/home/yuritvr/PFC/wenis_ws/install/moveit2_scripts/bin'
[0.733s] INFO:colcon.colcon_core.shell:Creating package script '/home/yuritvr/PFC/wenis_ws/install/moveit2_scripts/share/moveit2_scripts/package.ps1'
[0.734s] INFO:colcon.colcon_core.shell:Creating package descriptor '/home/yuritvr/PFC/wenis_ws/install/moveit2_scripts/share/moveit2_scripts/package.dsv'
[0.734s] INFO:colcon.colcon_core.shell:Creating package script '/home/yuritvr/PFC/wenis_ws/install/moveit2_scripts/share/moveit2_scripts/package.sh'
[0.734s] INFO:colcon.colcon_core.shell:Creating package script '/home/yuritvr/PFC/wenis_ws/install/moveit2_scripts/share/moveit2_scripts/package.bash'
[0.734s] INFO:colcon.colcon_core.shell:Creating package script '/home/yuritvr/PFC/wenis_ws/install/moveit2_scripts/share/moveit2_scripts/package.zsh'
[0.735s] Level 1:colcon.colcon_core.environment:create_file_with_runtime_dependencies(/home/yuritvr/PFC/wenis_ws/install/moveit2_scripts/share/colcon-core/packages/moveit2_scripts)
[0.737s] Level 1:colcon.colcon_core.environment:create_environment_scripts_only(get_pose_client)
[0.737s] Level 1:colcon.colcon_core.environment:checking '/home/yuritvr/PFC/wenis_ws/install/get_pose_client' for CMake module files
[0.739s] Level 1:colcon.colcon_core.environment:checking '/home/yuritvr/PFC/wenis_ws/install/get_pose_client' for CMake config files
[0.739s] Level 1:colcon.colcon_core.shell:create_environment_hook('get_pose_client', 'cmake_prefix_path')
[0.740s] INFO:colcon.colcon_core.shell:Creating environment hook '/home/yuritvr/PFC/wenis_ws/install/get_pose_client/share/get_pose_client/hook/cmake_prefix_path.ps1'
[0.741s] INFO:colcon.colcon_core.shell:Creating environment descriptor '/home/yuritvr/PFC/wenis_ws/install/get_pose_client/share/get_pose_client/hook/cmake_prefix_path.dsv'
[0.741s] INFO:colcon.colcon_core.shell:Creating environment hook '/home/yuritvr/PFC/wenis_ws/install/get_pose_client/share/get_pose_client/hook/cmake_prefix_path.sh'
[0.742s] Level 1:colcon.colcon_core.environment:checking '/home/yuritvr/PFC/wenis_ws/install/get_pose_client/lib'
[0.742s] Level 1:colcon.colcon_core.environment:checking '/home/yuritvr/PFC/wenis_ws/install/get_pose_client/bin'
[0.742s] Level 1:colcon.colcon_core.environment:checking '/home/yuritvr/PFC/wenis_ws/install/get_pose_client/lib/pkgconfig/get_pose_client.pc'
[0.742s] Level 1:colcon.colcon_core.environment:checking '/home/yuritvr/PFC/wenis_ws/install/get_pose_client/lib/python3.10/site-packages'
[0.743s] Level 1:colcon.colcon_core.environment:checking '/home/yuritvr/PFC/wenis_ws/install/get_pose_client/bin'
[0.743s] INFO:colcon.colcon_core.shell:Creating package script '/home/yuritvr/PFC/wenis_ws/install/get_pose_client/share/get_pose_client/package.ps1'
[0.744s] INFO:colcon.colcon_core.shell:Creating package descriptor '/home/yuritvr/PFC/wenis_ws/install/get_pose_client/share/get_pose_client/package.dsv'
[0.744s] INFO:colcon.colcon_core.shell:Creating package script '/home/yuritvr/PFC/wenis_ws/install/get_pose_client/share/get_pose_client/package.sh'
[0.745s] INFO:colcon.colcon_core.shell:Creating package script '/home/yuritvr/PFC/wenis_ws/install/get_pose_client/share/get_pose_client/package.bash'
[0.745s] INFO:colcon.colcon_core.shell:Creating package script '/home/yuritvr/PFC/wenis_ws/install/get_pose_client/share/get_pose_client/package.zsh'
[0.746s] Level 1:colcon.colcon_core.environment:create_file_with_runtime_dependencies(/home/yuritvr/PFC/wenis_ws/install/get_pose_client/share/colcon-core/packages/get_pose_client)
[0.747s] Level 1:colcon.colcon_core.environment:create_environment_scripts_only(moveit2_cartesian)
[0.747s] Level 1:colcon.colcon_core.environment:checking '/home/yuritvr/PFC/wenis_ws/install/moveit2_cartesian' for CMake module files
[0.748s] Level 1:colcon.colcon_core.environment:checking '/home/yuritvr/PFC/wenis_ws/install/moveit2_cartesian' for CMake config files
[0.749s] Level 1:colcon.colcon_core.shell:create_environment_hook('moveit2_cartesian', 'cmake_prefix_path')
[0.749s] INFO:colcon.colcon_core.shell:Creating environment hook '/home/yuritvr/PFC/wenis_ws/install/moveit2_cartesian/share/moveit2_cartesian/hook/cmake_prefix_path.ps1'
[0.749s] INFO:colcon.colcon_core.shell:Creating environment descriptor '/home/yuritvr/PFC/wenis_ws/install/moveit2_cartesian/share/moveit2_cartesian/hook/cmake_prefix_path.dsv'
[0.750s] INFO:colcon.colcon_core.shell:Creating environment hook '/home/yuritvr/PFC/wenis_ws/install/moveit2_cartesian/share/moveit2_cartesian/hook/cmake_prefix_path.sh'
[0.750s] Level 1:colcon.colcon_core.environment:checking '/home/yuritvr/PFC/wenis_ws/install/moveit2_cartesian/lib'
[0.750s] Level 1:colcon.colcon_core.environment:checking '/home/yuritvr/PFC/wenis_ws/install/moveit2_cartesian/bin'
[0.750s] Level 1:colcon.colcon_core.environment:checking '/home/yuritvr/PFC/wenis_ws/install/moveit2_cartesian/lib/pkgconfig/moveit2_cartesian.pc'
[0.751s] Level 1:colcon.colcon_core.environment:checking '/home/yuritvr/PFC/wenis_ws/install/moveit2_cartesian/lib/python3.10/site-packages'
[0.751s] Level 1:colcon.colcon_core.environment:checking '/home/yuritvr/PFC/wenis_ws/install/moveit2_cartesian/bin'
[0.751s] INFO:colcon.colcon_core.shell:Creating package script '/home/yuritvr/PFC/wenis_ws/install/moveit2_cartesian/share/moveit2_cartesian/package.ps1'
[0.752s] INFO:colcon.colcon_core.shell:Creating package descriptor '/home/yuritvr/PFC/wenis_ws/install/moveit2_cartesian/share/moveit2_cartesian/package.dsv'
[0.752s] INFO:colcon.colcon_core.shell:Creating package script '/home/yuritvr/PFC/wenis_ws/install/moveit2_cartesian/share/moveit2_cartesian/package.sh'
[0.753s] INFO:colcon.colcon_core.shell:Creating package script '/home/yuritvr/PFC/wenis_ws/install/moveit2_cartesian/share/moveit2_cartesian/package.bash'
[0.753s] INFO:colcon.colcon_core.shell:Creating package script '/home/yuritvr/PFC/wenis_ws/install/moveit2_cartesian/share/moveit2_cartesian/package.zsh'
[0.754s] Level 1:colcon.colcon_core.environment:create_file_with_runtime_dependencies(/home/yuritvr/PFC/wenis_ws/install/moveit2_cartesian/share/colcon-core/packages/moveit2_cartesian)
[0.761s] Level 1:colcon.colcon_core.environment:create_environment_scripts_only(moveit2_kinematics)
[0.761s] Level 1:colcon.colcon_core.environment:checking '/home/yuritvr/PFC/wenis_ws/install/moveit2_kinematics' for CMake module files
[0.762s] DEBUG:colcon.colcon_core.event_handler.log_command:Invoking command in '/home/yuritvr/PFC/wenis_ws/build/moveit_config': CMAKE_PREFIX_PATH=/home/yuritvr/PFC/wenis_ws/install/arm_pkg:/home/yuritvr/PFC/wenis_ws/install/xarm_description:/home/yuritvr/PFC/wenis_ws/install/simple_grasping:/home/yuritvr/PFC/wenis_ws/install/moveit_config:/home/yuritvr/PFC/wenis_ws/install/moveit2_scripts:/home/yuritvr/PFC/wenis_ws/install/moveit2_kinematics:/home/yuritvr/PFC/wenis_ws/install/moveit2_cartesian:/home/yuritvr/PFC/wenis_ws/install/get_pose_client:/home/yuritvr/PFC/pfc_ws/install/pfc_moveit:/home/yuritvr/PFC/pfc_ws/install/ur_robotiq_description:/home/yuritvr/PFC/pfc_ws/install/pfc_arm:/home/yuritvr/PFC/pfc_ws/install/gazebo_ros2_control:/opt/ros/humble /usr/bin/cmake --build /home/yuritvr/PFC/wenis_ws/build/moveit_config -- -j8 -l8
[0.763s] Level 1:colcon.colcon_core.environment:checking '/home/yuritvr/PFC/wenis_ws/install/moveit2_kinematics' for CMake config files
[0.763s] Level 1:colcon.colcon_core.shell:create_environment_hook('moveit2_kinematics', 'cmake_prefix_path')
[0.763s] INFO:colcon.colcon_core.shell:Creating environment hook '/home/yuritvr/PFC/wenis_ws/install/moveit2_kinematics/share/moveit2_kinematics/hook/cmake_prefix_path.ps1'
[0.764s] INFO:colcon.colcon_core.shell:Creating environment descriptor '/home/yuritvr/PFC/wenis_ws/install/moveit2_kinematics/share/moveit2_kinematics/hook/cmake_prefix_path.dsv'
[0.765s] INFO:colcon.colcon_core.shell:Creating environment hook '/home/yuritvr/PFC/wenis_ws/install/moveit2_kinematics/share/moveit2_kinematics/hook/cmake_prefix_path.sh'
[0.766s] Level 1:colcon.colcon_core.environment:checking '/home/yuritvr/PFC/wenis_ws/install/moveit2_kinematics/lib'
[0.766s] Level 1:colcon.colcon_core.environment:checking '/home/yuritvr/PFC/wenis_ws/install/moveit2_kinematics/bin'
[0.766s] Level 1:colcon.colcon_core.environment:checking '/home/yuritvr/PFC/wenis_ws/install/moveit2_kinematics/lib/pkgconfig/moveit2_kinematics.pc'
[0.766s] Level 1:colcon.colcon_core.environment:checking '/home/yuritvr/PFC/wenis_ws/install/moveit2_kinematics/lib/python3.10/site-packages'
[0.766s] Level 1:colcon.colcon_core.environment:checking '/home/yuritvr/PFC/wenis_ws/install/moveit2_kinematics/bin'
[0.767s] INFO:colcon.colcon_core.shell:Creating package script '/home/yuritvr/PFC/wenis_ws/install/moveit2_kinematics/share/moveit2_kinematics/package.ps1'
[0.767s] INFO:colcon.colcon_core.shell:Creating package descriptor '/home/yuritvr/PFC/wenis_ws/install/moveit2_kinematics/share/moveit2_kinematics/package.dsv'
[0.768s] INFO:colcon.colcon_core.shell:Creating package script '/home/yuritvr/PFC/wenis_ws/install/moveit2_kinematics/share/moveit2_kinematics/package.sh'
[0.769s] INFO:colcon.colcon_core.shell:Creating package script '/home/yuritvr/PFC/wenis_ws/install/moveit2_kinematics/share/moveit2_kinematics/package.bash'
[0.769s] INFO:colcon.colcon_core.shell:Creating package script '/home/yuritvr/PFC/wenis_ws/install/moveit2_kinematics/share/moveit2_kinematics/package.zsh'
[0.770s] Level 1:colcon.colcon_core.environment:create_file_with_runtime_dependencies(/home/yuritvr/PFC/wenis_ws/install/moveit2_kinematics/share/colcon-core/packages/moveit2_kinematics)
[0.776s] DEBUG:colcon.colcon_core.event_handler.log_command:Invoking command in '/home/yuritvr/PFC/wenis_ws/build/simple_grasping': CMAKE_PREFIX_PATH=${CMAKE_PREFIX_PATH}:/opt/ros/humble /usr/bin/cmake --install /home/yuritvr/PFC/wenis_ws/build/simple_grasping
[0.778s] Level 1:colcon.colcon_core.environment:create_environment_scripts_only(moveit2_scripts)
[0.778s] Level 1:colcon.colcon_core.environment:checking '/home/yuritvr/PFC/wenis_ws/install/moveit2_scripts' for CMake module files
[0.779s] Level 1:colcon.colcon_core.environment:checking '/home/yuritvr/PFC/wenis_ws/install/moveit2_scripts' for CMake config files
[0.780s] Level 1:colcon.colcon_core.shell:create_environment_hook('moveit2_scripts', 'cmake_prefix_path')
[0.780s] INFO:colcon.colcon_core.shell:Creating environment hook '/home/yuritvr/PFC/wenis_ws/install/moveit2_scripts/share/moveit2_scripts/hook/cmake_prefix_path.ps1'
[0.781s] INFO:colcon.colcon_core.shell:Creating environment descriptor '/home/yuritvr/PFC/wenis_ws/install/moveit2_scripts/share/moveit2_scripts/hook/cmake_prefix_path.dsv'
[0.781s] INFO:colcon.colcon_core.shell:Creating environment hook '/home/yuritvr/PFC/wenis_ws/install/moveit2_scripts/share/moveit2_scripts/hook/cmake_prefix_path.sh'
[0.782s] Level 1:colcon.colcon_core.environment:checking '/home/yuritvr/PFC/wenis_ws/install/moveit2_scripts/lib'
[0.782s] Level 1:colcon.colcon_core.environment:checking '/home/yuritvr/PFC/wenis_ws/install/moveit2_scripts/bin'
[0.782s] Level 1:colcon.colcon_core.environment:checking '/home/yuritvr/PFC/wenis_ws/install/moveit2_scripts/lib/pkgconfig/moveit2_scripts.pc'
[0.782s] Level 1:colcon.colcon_core.environment:checking '/home/yuritvr/PFC/wenis_ws/install/moveit2_scripts/lib/python3.10/site-packages'
[0.783s] Level 1:colcon.colcon_core.environment:checking '/home/yuritvr/PFC/wenis_ws/install/moveit2_scripts/bin'
[0.783s] INFO:colcon.colcon_core.shell:Creating package script '/home/yuritvr/PFC/wenis_ws/install/moveit2_scripts/share/moveit2_scripts/package.ps1'
[0.784s] INFO:colcon.colcon_core.shell:Creating package descriptor '/home/yuritvr/PFC/wenis_ws/install/moveit2_scripts/share/moveit2_scripts/package.dsv'
[0.785s] INFO:colcon.colcon_core.shell:Creating package script '/home/yuritvr/PFC/wenis_ws/install/moveit2_scripts/share/moveit2_scripts/package.sh'
[0.785s] INFO:colcon.colcon_core.shell:Creating package script '/home/yuritvr/PFC/wenis_ws/install/moveit2_scripts/share/moveit2_scripts/package.bash'
[0.786s] INFO:colcon.colcon_core.shell:Creating package script '/home/yuritvr/PFC/wenis_ws/install/moveit2_scripts/share/moveit2_scripts/package.zsh'
[0.786s] Level 1:colcon.colcon_core.environment:create_file_with_runtime_dependencies(/home/yuritvr/PFC/wenis_ws/install/moveit2_scripts/share/colcon-core/packages/moveit2_scripts)
[0.792s] Level 1:colcon.colcon_core.environment:create_environment_scripts_only(simple_grasping)
[0.793s] Level 1:colcon.colcon_core.environment:checking '/home/yuritvr/PFC/wenis_ws/install/simple_grasping' for CMake module files
[0.794s] DEBUG:colcon.colcon_core.event_handler.log_command:Invoked command in '/home/yuritvr/PFC/wenis_ws/build/simple_grasping' returned '0': CMAKE_PREFIX_PATH=${CMAKE_PREFIX_PATH}:/opt/ros/humble /usr/bin/cmake --install /home/yuritvr/PFC/wenis_ws/build/simple_grasping
[0.794s] Level 1:colcon.colcon_core.environment:checking '/home/yuritvr/PFC/wenis_ws/install/simple_grasping' for CMake config files
[0.794s] Level 1:colcon.colcon_core.shell:create_environment_hook('simple_grasping', 'cmake_prefix_path')
[0.795s] INFO:colcon.colcon_core.shell:Creating environment hook '/home/yuritvr/PFC/wenis_ws/install/simple_grasping/share/simple_grasping/hook/cmake_prefix_path.ps1'
[0.795s] INFO:colcon.colcon_core.shell:Creating environment descriptor '/home/yuritvr/PFC/wenis_ws/install/simple_grasping/share/simple_grasping/hook/cmake_prefix_path.dsv'
[0.795s] INFO:colcon.colcon_core.shell:Creating environment hook '/home/yuritvr/PFC/wenis_ws/install/simple_grasping/share/simple_grasping/hook/cmake_prefix_path.sh'
[0.796s] Level 1:colcon.colcon_core.environment:checking '/home/yuritvr/PFC/wenis_ws/install/simple_grasping/lib'
[0.796s] Level 1:colcon.colcon_core.shell:create_environment_hook('simple_grasping', 'ld_library_path_lib')
[0.796s] INFO:colcon.colcon_core.shell:Creating environment hook '/home/yuritvr/PFC/wenis_ws/install/simple_grasping/share/simple_grasping/hook/ld_library_path_lib.ps1'
[0.796s] INFO:colcon.colcon_core.shell:Creating environment descriptor '/home/yuritvr/PFC/wenis_ws/install/simple_grasping/share/simple_grasping/hook/ld_library_path_lib.dsv'
[0.797s] INFO:colcon.colcon_core.shell:Creating environment hook '/home/yuritvr/PFC/wenis_ws/install/simple_grasping/share/simple_grasping/hook/ld_library_path_lib.sh'
[0.797s] Level 1:colcon.colcon_core.environment:checking '/home/yuritvr/PFC/wenis_ws/install/simple_grasping/bin'
[0.797s] Level 1:colcon.colcon_core.environment:checking '/home/yuritvr/PFC/wenis_ws/install/simple_grasping/lib/pkgconfig/simple_grasping.pc'
[0.797s] Level 1:colcon.colcon_core.environment:checking '/home/yuritvr/PFC/wenis_ws/install/simple_grasping/lib/python3.10/site-packages'
[0.797s] Level 1:colcon.colcon_core.environment:checking '/home/yuritvr/PFC/wenis_ws/install/simple_grasping/bin'
[0.798s] INFO:colcon.colcon_core.shell:Creating package script '/home/yuritvr/PFC/wenis_ws/install/simple_grasping/share/simple_grasping/package.ps1'
[0.798s] INFO:colcon.colcon_core.shell:Creating package descriptor '/home/yuritvr/PFC/wenis_ws/install/simple_grasping/share/simple_grasping/package.dsv'
[0.798s] INFO:colcon.colcon_core.shell:Creating package script '/home/yuritvr/PFC/wenis_ws/install/simple_grasping/share/simple_grasping/package.sh'
[0.799s] INFO:colcon.colcon_core.shell:Creating package script '/home/yuritvr/PFC/wenis_ws/install/simple_grasping/share/simple_grasping/package.bash'
[0.799s] INFO:colcon.colcon_core.shell:Creating package script '/home/yuritvr/PFC/wenis_ws/install/simple_grasping/share/simple_grasping/package.zsh'
[0.799s] Level 1:colcon.colcon_core.environment:create_file_with_runtime_dependencies(/home/yuritvr/PFC/wenis_ws/install/simple_grasping/share/colcon-core/packages/simple_grasping)
[0.802s] DEBUG:colcon.colcon_core.event_handler.log_command:Invoked command in '/home/yuritvr/PFC/wenis_ws/build/moveit_config' returned '0': CMAKE_PREFIX_PATH=/home/yuritvr/PFC/wenis_ws/install/arm_pkg:/home/yuritvr/PFC/wenis_ws/install/xarm_description:/home/yuritvr/PFC/wenis_ws/install/simple_grasping:/home/yuritvr/PFC/wenis_ws/install/moveit_config:/home/yuritvr/PFC/wenis_ws/install/moveit2_scripts:/home/yuritvr/PFC/wenis_ws/install/moveit2_kinematics:/home/yuritvr/PFC/wenis_ws/install/moveit2_cartesian:/home/yuritvr/PFC/wenis_ws/install/get_pose_client:/home/yuritvr/PFC/pfc_ws/install/pfc_moveit:/home/yuritvr/PFC/pfc_ws/install/ur_robotiq_description:/home/yuritvr/PFC/pfc_ws/install/pfc_arm:/home/yuritvr/PFC/pfc_ws/install/gazebo_ros2_control:/opt/ros/humble /usr/bin/cmake --build /home/yuritvr/PFC/wenis_ws/build/moveit_config -- -j8 -l8
[0.823s] DEBUG:colcon.colcon_core.event_handler.log_command:Invoking command in '/home/yuritvr/PFC/wenis_ws/build/moveit_config': CMAKE_PREFIX_PATH=/home/yuritvr/PFC/wenis_ws/install/arm_pkg:/home/yuritvr/PFC/wenis_ws/install/xarm_description:/home/yuritvr/PFC/wenis_ws/install/simple_grasping:/home/yuritvr/PFC/wenis_ws/install/moveit_config:/home/yuritvr/PFC/wenis_ws/install/moveit2_scripts:/home/yuritvr/PFC/wenis_ws/install/moveit2_kinematics:/home/yuritvr/PFC/wenis_ws/install/moveit2_cartesian:/home/yuritvr/PFC/wenis_ws/install/get_pose_client:/home/yuritvr/PFC/pfc_ws/install/pfc_moveit:/home/yuritvr/PFC/pfc_ws/install/ur_robotiq_description:/home/yuritvr/PFC/pfc_ws/install/pfc_arm:/home/yuritvr/PFC/pfc_ws/install/gazebo_ros2_control:/opt/ros/humble /usr/bin/cmake --install /home/yuritvr/PFC/wenis_ws/build/moveit_config
[0.834s] Level 1:colcon.colcon_core.environment:create_environment_scripts_only(moveit_config)
[0.834s] Level 1:colcon.colcon_core.environment:checking '/home/yuritvr/PFC/wenis_ws/install/moveit_config' for CMake module files
[0.835s] Level 1:colcon.colcon_core.environment:checking '/home/yuritvr/PFC/wenis_ws/install/moveit_config' for CMake config files
[0.837s] DEBUG:colcon.colcon_core.event_handler.log_command:Invoked command in '/home/yuritvr/PFC/wenis_ws/build/moveit_config' returned '0': CMAKE_PREFIX_PATH=/home/yuritvr/PFC/wenis_ws/install/arm_pkg:/home/yuritvr/PFC/wenis_ws/install/xarm_description:/home/yuritvr/PFC/wenis_ws/install/simple_grasping:/home/yuritvr/PFC/wenis_ws/install/moveit_config:/home/yuritvr/PFC/wenis_ws/install/moveit2_scripts:/home/yuritvr/PFC/wenis_ws/install/moveit2_kinematics:/home/yuritvr/PFC/wenis_ws/install/moveit2_cartesian:/home/yuritvr/PFC/wenis_ws/install/get_pose_client:/home/yuritvr/PFC/pfc_ws/install/pfc_moveit:/home/yuritvr/PFC/pfc_ws/install/ur_robotiq_description:/home/yuritvr/PFC/pfc_ws/install/pfc_arm:/home/yuritvr/PFC/pfc_ws/install/gazebo_ros2_control:/opt/ros/humble /usr/bin/cmake --install /home/yuritvr/PFC/wenis_ws/build/moveit_config
[0.837s] Level 1:colcon.colcon_core.shell:create_environment_hook('moveit_config', 'cmake_prefix_path')
[0.838s] INFO:colcon.colcon_core.shell:Creating environment hook '/home/yuritvr/PFC/wenis_ws/install/moveit_config/share/moveit_config/hook/cmake_prefix_path.ps1'
[0.838s] INFO:colcon.colcon_core.shell:Creating environment descriptor '/home/yuritvr/PFC/wenis_ws/install/moveit_config/share/moveit_config/hook/cmake_prefix_path.dsv'
[0.838s] INFO:colcon.colcon_core.shell:Creating environment hook '/home/yuritvr/PFC/wenis_ws/install/moveit_config/share/moveit_config/hook/cmake_prefix_path.sh'
[0.839s] Level 1:colcon.colcon_core.environment:checking '/home/yuritvr/PFC/wenis_ws/install/moveit_config/bin'
[0.839s] Level 1:colcon.colcon_core.environment:checking '/home/yuritvr/PFC/wenis_ws/install/moveit_config/lib/pkgconfig/moveit_config.pc'
[0.839s] Level 1:colcon.colcon_core.environment:checking '/home/yuritvr/PFC/wenis_ws/install/moveit_config/lib/python3.10/site-packages'
[0.839s] Level 1:colcon.colcon_core.environment:checking '/home/yuritvr/PFC/wenis_ws/install/moveit_config/bin'
[0.840s] INFO:colcon.colcon_core.shell:Creating package script '/home/yuritvr/PFC/wenis_ws/install/moveit_config/share/moveit_config/package.ps1'
[0.840s] INFO:colcon.colcon_core.shell:Creating package descriptor '/home/yuritvr/PFC/wenis_ws/install/moveit_config/share/moveit_config/package.dsv'
[0.840s] INFO:colcon.colcon_core.shell:Creating package script '/home/yuritvr/PFC/wenis_ws/install/moveit_config/share/moveit_config/package.sh'
[0.840s] INFO:colcon.colcon_core.shell:Creating package script '/home/yuritvr/PFC/wenis_ws/install/moveit_config/share/moveit_config/package.bash'
[0.841s] INFO:colcon.colcon_core.shell:Creating package script '/home/yuritvr/PFC/wenis_ws/install/moveit_config/share/moveit_config/package.zsh'
[0.841s] Level 1:colcon.colcon_core.environment:create_file_with_runtime_dependencies(/home/yuritvr/PFC/wenis_ws/install/moveit_config/share/colcon-core/packages/moveit_config)
[0.848s] Level 1:colcon.colcon_core.environment:create_environment_scripts_only(simple_grasping)
[0.848s] Level 1:colcon.colcon_core.environment:checking '/home/yuritvr/PFC/wenis_ws/install/simple_grasping' for CMake module files
[0.849s] Level 1:colcon.colcon_core.environment:checking '/home/yuritvr/PFC/wenis_ws/install/simple_grasping' for CMake config files
[0.850s] Level 1:colcon.colcon_core.shell:create_environment_hook('simple_grasping', 'cmake_prefix_path')
[0.850s] INFO:colcon.colcon_core.shell:Creating environment hook '/home/yuritvr/PFC/wenis_ws/install/simple_grasping/share/simple_grasping/hook/cmake_prefix_path.ps1'
[0.850s] INFO:colcon.colcon_core.shell:Creating environment descriptor '/home/yuritvr/PFC/wenis_ws/install/simple_grasping/share/simple_grasping/hook/cmake_prefix_path.dsv'
[0.851s] INFO:colcon.colcon_core.shell:Creating environment hook '/home/yuritvr/PFC/wenis_ws/install/simple_grasping/share/simple_grasping/hook/cmake_prefix_path.sh'
[0.851s] Level 1:colcon.colcon_core.environment:checking '/home/yuritvr/PFC/wenis_ws/install/simple_grasping/lib'
[0.851s] Level 1:colcon.colcon_core.shell:create_environment_hook('simple_grasping', 'ld_library_path_lib')
[0.851s] INFO:colcon.colcon_core.shell:Creating environment hook '/home/yuritvr/PFC/wenis_ws/install/simple_grasping/share/simple_grasping/hook/ld_library_path_lib.ps1'
[0.852s] INFO:colcon.colcon_core.shell:Creating environment descriptor '/home/yuritvr/PFC/wenis_ws/install/simple_grasping/share/simple_grasping/hook/ld_library_path_lib.dsv'
[0.852s] INFO:colcon.colcon_core.shell:Creating environment hook '/home/yuritvr/PFC/wenis_ws/install/simple_grasping/share/simple_grasping/hook/ld_library_path_lib.sh'
[0.852s] Level 1:colcon.colcon_core.environment:checking '/home/yuritvr/PFC/wenis_ws/install/simple_grasping/bin'
[0.852s] Level 1:colcon.colcon_core.environment:checking '/home/yuritvr/PFC/wenis_ws/install/simple_grasping/lib/pkgconfig/simple_grasping.pc'
[0.852s] Level 1:colcon.colcon_core.environment:checking '/home/yuritvr/PFC/wenis_ws/install/simple_grasping/lib/python3.10/site-packages'
[0.853s] Level 1:colcon.colcon_core.environment:checking '/home/yuritvr/PFC/wenis_ws/install/simple_grasping/bin'
[0.853s] INFO:colcon.colcon_core.shell:Creating package script '/home/yuritvr/PFC/wenis_ws/install/simple_grasping/share/simple_grasping/package.ps1'
[0.853s] INFO:colcon.colcon_core.shell:Creating package descriptor '/home/yuritvr/PFC/wenis_ws/install/simple_grasping/share/simple_grasping/package.dsv'
[0.854s] INFO:colcon.colcon_core.shell:Creating package script '/home/yuritvr/PFC/wenis_ws/install/simple_grasping/share/simple_grasping/package.sh'
[0.854s] INFO:colcon.colcon_core.shell:Creating package script '/home/yuritvr/PFC/wenis_ws/install/simple_grasping/share/simple_grasping/package.bash'
[0.854s] INFO:colcon.colcon_core.shell:Creating package script '/home/yuritvr/PFC/wenis_ws/install/simple_grasping/share/simple_grasping/package.zsh'
[0.855s] Level 1:colcon.colcon_core.environment:create_file_with_runtime_dependencies(/home/yuritvr/PFC/wenis_ws/install/simple_grasping/share/colcon-core/packages/simple_grasping)
[0.862s] Level 1:colcon.colcon_core.environment:create_environment_scripts_only(moveit_config)
[0.862s] Level 1:colcon.colcon_core.environment:checking '/home/yuritvr/PFC/wenis_ws/install/moveit_config' for CMake module files
[0.863s] Level 1:colcon.colcon_core.environment:checking '/home/yuritvr/PFC/wenis_ws/install/moveit_config' for CMake config files
[0.863s] Level 1:colcon.colcon_core.shell:create_environment_hook('moveit_config', 'cmake_prefix_path')
[0.863s] INFO:colcon.colcon_core.shell:Creating environment hook '/home/yuritvr/PFC/wenis_ws/install/moveit_config/share/moveit_config/hook/cmake_prefix_path.ps1'
[0.864s] INFO:colcon.colcon_core.shell:Creating environment descriptor '/home/yuritvr/PFC/wenis_ws/install/moveit_config/share/moveit_config/hook/cmake_prefix_path.dsv'
[0.864s] INFO:colcon.colcon_core.shell:Creating environment hook '/home/yuritvr/PFC/wenis_ws/install/moveit_config/share/moveit_config/hook/cmake_prefix_path.sh'
[0.865s] Level 1:colcon.colcon_core.environment:checking '/home/yuritvr/PFC/wenis_ws/install/moveit_config/bin'
[0.865s] Level 1:colcon.colcon_core.environment:checking '/home/yuritvr/PFC/wenis_ws/install/moveit_config/lib/pkgconfig/moveit_config.pc'
[0.865s] Level 1:colcon.colcon_core.environment:checking '/home/yuritvr/PFC/wenis_ws/install/moveit_config/lib/python3.10/site-packages'
[0.865s] Level 1:colcon.colcon_core.environment:checking '/home/yuritvr/PFC/wenis_ws/install/moveit_config/bin'
[0.866s] INFO:colcon.colcon_core.shell:Creating package script '/home/yuritvr/PFC/wenis_ws/install/moveit_config/share/moveit_config/package.ps1'
[0.866s] INFO:colcon.colcon_core.shell:Creating package descriptor '/home/yuritvr/PFC/wenis_ws/install/moveit_config/share/moveit_config/package.dsv'
[0.867s] INFO:colcon.colcon_core.shell:Creating package script '/home/yuritvr/PFC/wenis_ws/install/moveit_config/share/moveit_config/package.sh'
[0.867s] INFO:colcon.colcon_core.shell:Creating package script '/home/yuritvr/PFC/wenis_ws/install/moveit_config/share/moveit_config/package.bash'
[0.868s] INFO:colcon.colcon_core.shell:Creating package script '/home/yuritvr/PFC/wenis_ws/install/moveit_config/share/moveit_config/package.zsh'
[0.868s] Level 1:colcon.colcon_core.environment:create_file_with_runtime_dependencies(/home/yuritvr/PFC/wenis_ws/install/moveit_config/share/colcon-core/packages/moveit_config)
[0.868s] DEBUG:colcon.colcon_parallel_executor.executor.parallel:closing loop
[0.869s] DEBUG:colcon.colcon_parallel_executor.executor.parallel:loop closed
[0.869s] DEBUG:colcon.colcon_parallel_executor.executor.parallel:run_until_complete finished with '0'
[0.869s] DEBUG:colcon.colcon_core.event_reactor:joining thread
[0.874s] INFO:colcon.colcon_core.plugin_system:Skipping extension 'colcon_notification.desktop_notification.terminal_notifier': Not used on non-Darwin systems
[0.874s] INFO:colcon.colcon_core.plugin_system:Skipping extension 'colcon_notification.desktop_notification.win32': Not used on non-Windows systems
[0.874s] INFO:colcon.colcon_notification.desktop_notification:Sending desktop notification using 'notify2'
[0.885s] DEBUG:colcon.colcon_core.event_reactor:joined thread
[0.885s] INFO:colcon.colcon_core.shell:Creating prefix script '/home/yuritvr/PFC/wenis_ws/install/local_setup.ps1'
[0.886s] INFO:colcon.colcon_core.shell:Creating prefix util module '/home/yuritvr/PFC/wenis_ws/install/_local_setup_util_ps1.py'
[0.888s] INFO:colcon.colcon_core.shell:Creating prefix chain script '/home/yuritvr/PFC/wenis_ws/install/setup.ps1'
[0.891s] INFO:colcon.colcon_core.shell:Creating prefix script '/home/yuritvr/PFC/wenis_ws/install/local_setup.sh'
[0.892s] INFO:colcon.colcon_core.shell:Creating prefix util module '/home/yuritvr/PFC/wenis_ws/install/_local_setup_util_sh.py'
[0.892s] INFO:colcon.colcon_core.shell:Creating prefix chain script '/home/yuritvr/PFC/wenis_ws/install/setup.sh'
[0.894s] INFO:colcon.colcon_core.shell:Creating prefix script '/home/yuritvr/PFC/wenis_ws/install/local_setup.bash'
[0.895s] INFO:colcon.colcon_core.shell:Creating prefix chain script '/home/yuritvr/PFC/wenis_ws/install/setup.bash'
[0.897s] INFO:colcon.colcon_core.shell:Creating prefix script '/home/yuritvr/PFC/wenis_ws/install/local_setup.zsh'
[0.897s] INFO:colcon.colcon_core.shell:Creating prefix chain script '/home/yuritvr/PFC/wenis_ws/install/setup.zsh'
