[0.069s] Invoking command in '/home/yuritvr/PFC/wenis_ws/build/xarm_description': CMAKE_PREFIX_PATH=${CMAKE_PREFIX_PATH}:/opt/ros/humble /usr/bin/cmake --build /home/yuritvr/PFC/wenis_ws/build/xarm_description -- -j8 -l8
[5.245s] -- Found ament_cmake: 1.3.8 (/opt/ros/humble/share/ament_cmake/cmake)
[5.246s] -- Found ament_lint_auto: 0.12.10 (/opt/ros/humble/share/ament_lint_auto/cmake)
[5.246s] -- Added test 'copyright' to check source files copyright and LICENSE
[5.246s] -- Added test 'flake8' to check Python code syntax and style conventions
[5.246s] -- Added test 'lint_cmake' to check CMake code style
[5.246s] -- Added test 'pep257' to check Python code against some of the docstring style conventions in PEP 257
[5.246s] -- Added test 'xmllint' to check XML markup files
[5.247s] -- Configuring done
[5.247s] -- Generating done
[5.247s] -- Build files have been written to: /home/yuritvr/PFC/wenis_ws/build/xarm_description
[5.249s] Invoked command in '/home/yuritvr/PFC/wenis_ws/build/xarm_description' returned '0': CMAKE_PREFIX_PATH=${CMAKE_PREFIX_PATH}:/opt/ros/humble /usr/bin/cmake --build /home/yuritvr/PFC/wenis_ws/build/xarm_description -- -j8 -l8
[5.314s] Invoking command in '/home/yuritvr/PFC/wenis_ws/build/xarm_description': CMAKE_PREFIX_PATH=${CMAKE_PREFIX_PATH}:/opt/ros/humble /usr/bin/cmake --install /home/yuritvr/PFC/wenis_ws/build/xarm_description
[5.398s] -- Install configuration: ""
[5.399s] -- Up-to-date: /home/yuritvr/PFC/wenis_ws/install/xarm_description/share/xarm_description//rviz
[5.399s] -- Installing: /home/yuritvr/PFC/wenis_ws/install/xarm_description/share/xarm_description//rviz/display.rviz
[5.400s] -- Up-to-date: /home/yuritvr/PFC/wenis_ws/install/xarm_description/share/xarm_description//urdf
[5.400s] -- Up-to-date: /home/yuritvr/PFC/wenis_ws/install/xarm_description/share/xarm_description//urdf/gripper
[5.400s] -- Installing: /home/yuritvr/PFC/wenis_ws/install/xarm_description/share/xarm_description//urdf/gripper/xarm_gripper.ros2_control.xacro
[5.401s] -- Installing: /home/yuritvr/PFC/wenis_ws/install/xarm_description/share/xarm_description//urdf/gripper/xarm_gripper.urdf.xacro
[5.401s] -- Installing: /home/yuritvr/PFC/wenis_ws/install/xarm_description/share/xarm_description//urdf/gripper/gripper.urdf.xacro
[5.401s] -- Installing: /home/yuritvr/PFC/wenis_ws/install/xarm_description/share/xarm_description//urdf/gripper/lite_gripper.urdf.xacro
[5.402s] -- Installing: /home/yuritvr/PFC/wenis_ws/install/xarm_description/share/xarm_description//urdf/gripper/xarm_gripper.transmission.xacro
[5.402s] -- Installing: /home/yuritvr/PFC/wenis_ws/install/xarm_description/share/xarm_description//urdf/gripper/gripper_macro.xacro
[5.402s] -- Installing: /home/yuritvr/PFC/wenis_ws/install/xarm_description/share/xarm_description//urdf/gripper/xarm_gripper.gazebo.xacro
[5.403s] -- Installing: /home/yuritvr/PFC/wenis_ws/install/xarm_description/share/xarm_description//urdf/gripper/xarm_gripper_macro.xacro
[5.403s] -- Up-to-date: /home/yuritvr/PFC/wenis_ws/install/xarm_description/share/xarm_description//urdf/common
[5.403s] -- Installing: /home/yuritvr/PFC/wenis_ws/install/xarm_description/share/xarm_description//urdf/common/common.material.xacro
[5.404s] -- Installing: /home/yuritvr/PFC/wenis_ws/install/xarm_description/share/xarm_description//urdf/common/common.gazebo.xacro
[5.404s] -- Installing: /home/yuritvr/PFC/wenis_ws/install/xarm_description/share/xarm_description//urdf/common/common.link.xacro
[5.405s] -- Up-to-date: /home/yuritvr/PFC/wenis_ws/install/xarm_description/share/xarm_description//urdf/camera
[5.405s] -- Installing: /home/yuritvr/PFC/wenis_ws/install/xarm_description/share/xarm_description//urdf/camera/camera.gazebo.xacro
[5.405s] -- Installing: /home/yuritvr/PFC/wenis_ws/install/xarm_description/share/xarm_description//urdf/camera/realsense.gazebo.xacro
[5.405s] -- Installing: /home/yuritvr/PFC/wenis_ws/install/xarm_description/share/xarm_description//urdf/camera/realsense_d435i.urdf.xacro
[5.406s] -- Up-to-date: /home/yuritvr/PFC/wenis_ws/install/xarm_description/share/xarm_description//urdf/vacuum_gripper
[5.406s] -- Installing: /home/yuritvr/PFC/wenis_ws/install/xarm_description/share/xarm_description//urdf/vacuum_gripper/vacuum_gripper_macro.xacro
[5.407s] -- Installing: /home/yuritvr/PFC/wenis_ws/install/xarm_description/share/xarm_description//urdf/vacuum_gripper/lite_vacuum_gripper.urdf.xacro
[5.407s] -- Installing: /home/yuritvr/PFC/wenis_ws/install/xarm_description/share/xarm_description//urdf/vacuum_gripper/vacuum_gripper.urdf.xacro
[5.407s] -- Installing: /home/yuritvr/PFC/wenis_ws/install/xarm_description/share/xarm_description//urdf/vacuum_gripper/xarm_vacuum_gripper.urdf.xacro
[5.408s] -- Up-to-date: /home/yuritvr/PFC/wenis_ws/install/xarm_description/share/xarm_description//config
[5.408s] -- Up-to-date: /home/yuritvr/PFC/wenis_ws/install/xarm_description/share/xarm_description//config/kinematics
[5.408s] -- Up-to-date: /home/yuritvr/PFC/wenis_ws/install/xarm_description/share/xarm_description//config/kinematics/default
[5.409s] -- Installing: /home/yuritvr/PFC/wenis_ws/install/xarm_description/share/xarm_description//config/kinematics/default/xarm6_default_kinematics.yaml
[5.409s] -- Installing: /home/yuritvr/PFC/wenis_ws/install/xarm_description/share/xarm_description//config/kinematics/gen_kinematics_params.py
[5.409s] -- Up-to-date: /home/yuritvr/PFC/wenis_ws/install/xarm_description/share/xarm_description//config/link_inertial
[5.410s] -- Installing: /home/yuritvr/PFC/wenis_ws/install/xarm_description/share/xarm_description//config/link_inertial/gen_link_inertial_params.py
[5.411s] -- Installing: /home/yuritvr/PFC/wenis_ws/install/xarm_description/share/xarm_description//config/link_inertial/xarm6_type8_HT2_BR2.yaml
[5.411s] -- Installing: /home/yuritvr/PFC/wenis_ws/install/xarm_description/share/xarm_description//config/link_inertial/xarm6_type6_HT2_LD.yaml
[5.413s] -- Installing: /home/yuritvr/PFC/wenis_ws/install/xarm_description/share/xarm_description//config/link_inertial/xarm6_type6_HT_BR2.yaml
[5.414s] -- Installing: /home/yuritvr/PFC/wenis_ws/install/xarm_description/share/xarm_description//config/link_inertial/xarm6_type6_HT_BR.yaml
[5.414s] -- Installing: /home/yuritvr/PFC/wenis_ws/install/xarm_description/share/xarm_description//config/link_inertial/xarm6_type11_HT_LD.yaml
[5.415s] -- Installing: /home/yuritvr/PFC/wenis_ws/install/xarm_description/share/xarm_description//config/link_inertial/xarm6_type12_HT_LDBR2.yaml
[5.415s] -- Installing: /home/yuritvr/PFC/wenis_ws/install/xarm_description/share/xarm_description//config/link_inertial/xarm6_type6_HT_LD.yaml
[5.415s] -- Installing: /home/yuritvr/PFC/wenis_ws/install/xarm_description/share/xarm_description//config/link_inertial/xarm6_type9_HT_BR2.yaml
[5.415s] -- Up-to-date: /home/yuritvr/PFC/wenis_ws/install/xarm_description/share/xarm_description//meshes
[5.415s] -- Up-to-date: /home/yuritvr/PFC/wenis_ws/install/xarm_description/share/xarm_description//meshes/gripper
[5.415s] -- Up-to-date: /home/yuritvr/PFC/wenis_ws/install/xarm_description/share/xarm_description//meshes/gripper/xarm
[5.416s] -- Installing: /home/yuritvr/PFC/wenis_ws/install/xarm_description/share/xarm_description//meshes/gripper/xarm/right_outer_knuckle.stl
[5.416s] -- Installing: /home/yuritvr/PFC/wenis_ws/install/xarm_description/share/xarm_description//meshes/gripper/xarm/left_inner_knuckle.stl
[5.416s] -- Installing: /home/yuritvr/PFC/wenis_ws/install/xarm_description/share/xarm_description//meshes/gripper/xarm/left_outer_knuckle.stl
[5.416s] -- Installing: /home/yuritvr/PFC/wenis_ws/install/xarm_description/share/xarm_description//meshes/gripper/xarm/base_link.stl
[5.416s] -- Installing: /home/yuritvr/PFC/wenis_ws/install/xarm_description/share/xarm_description//meshes/gripper/xarm/right_inner_knuckle.stl
[5.417s] -- Installing: /home/yuritvr/PFC/wenis_ws/install/xarm_description/share/xarm_description//meshes/gripper/xarm/left_finger.stl
[5.417s] -- Installing: /home/yuritvr/PFC/wenis_ws/install/xarm_description/share/xarm_description//meshes/gripper/xarm/right_finger.stl
[5.421s] -- Up-to-date: /home/yuritvr/PFC/wenis_ws/install/xarm_description/share/xarm_description//meshes/gripper/lite
[5.421s] -- Up-to-date: /home/yuritvr/PFC/wenis_ws/install/xarm_description/share/xarm_description//meshes/gripper/lite/visual
[5.422s] -- Installing: /home/yuritvr/PFC/wenis_ws/install/xarm_description/share/xarm_description//meshes/gripper/lite/visual/gripper_lite.stl
[5.422s] -- Up-to-date: /home/yuritvr/PFC/wenis_ws/install/xarm_description/share/xarm_description//meshes/gripper/lite/collision
[5.422s] -- Installing: /home/yuritvr/PFC/wenis_ws/install/xarm_description/share/xarm_description//meshes/gripper/lite/collision/gripper_lite.stl
[5.423s] -- Up-to-date: /home/yuritvr/PFC/wenis_ws/install/xarm_description/share/xarm_description//meshes/end_tool
[5.423s] -- Up-to-date: /home/yuritvr/PFC/wenis_ws/install/xarm_description/share/xarm_description//meshes/end_tool/visual
[5.423s] -- Installing: /home/yuritvr/PFC/wenis_ws/install/xarm_description/share/xarm_description//meshes/end_tool/visual/end_tool_1300.stl
[5.424s] -- Up-to-date: /home/yuritvr/PFC/wenis_ws/install/xarm_description/share/xarm_description//meshes/end_tool/collision
[5.424s] -- Installing: /home/yuritvr/PFC/wenis_ws/install/xarm_description/share/xarm_description//meshes/end_tool/collision/end_tool.stl
[5.424s] -- Installing: /home/yuritvr/PFC/wenis_ws/install/xarm_description/share/xarm_description//meshes/end_tool/collision/end_tool_1300.stl
[5.424s] -- Up-to-date: /home/yuritvr/PFC/wenis_ws/install/xarm_description/share/xarm_description//meshes/xarm6
[5.424s] -- Up-to-date: /home/yuritvr/PFC/wenis_ws/install/xarm_description/share/xarm_description//meshes/xarm6/visual
[5.425s] -- Installing: /home/yuritvr/PFC/wenis_ws/install/xarm_description/share/xarm_description//meshes/xarm6/visual/link3.stl
[5.425s] -- Installing: /home/yuritvr/PFC/wenis_ws/install/xarm_description/share/xarm_description//meshes/xarm6/visual/link6.stl
[5.425s] -- Installing: /home/yuritvr/PFC/wenis_ws/install/xarm_description/share/xarm_description//meshes/xarm6/visual/link5.stl
[5.425s] -- Installing: /home/yuritvr/PFC/wenis_ws/install/xarm_description/share/xarm_description//meshes/xarm6/visual/link2.stl
[5.425s] -- Installing: /home/yuritvr/PFC/wenis_ws/install/xarm_description/share/xarm_description//meshes/xarm6/visual/link4.stl
[5.425s] -- Installing: /home/yuritvr/PFC/wenis_ws/install/xarm_description/share/xarm_description//meshes/xarm6/visual/link_base.stl
[5.426s] -- Installing: /home/yuritvr/PFC/wenis_ws/install/xarm_description/share/xarm_description//meshes/xarm6/visual/link1.stl
[5.426s] -- Up-to-date: /home/yuritvr/PFC/wenis_ws/install/xarm_description/share/xarm_description//meshes/camera
[5.426s] -- Up-to-date: /home/yuritvr/PFC/wenis_ws/install/xarm_description/share/xarm_description//meshes/camera/realsense
[5.426s] -- Up-to-date: /home/yuritvr/PFC/wenis_ws/install/xarm_description/share/xarm_description//meshes/camera/realsense/visual
[5.426s] -- Installing: /home/yuritvr/PFC/wenis_ws/install/xarm_description/share/xarm_description//meshes/camera/realsense/visual/d435_with_cam_stand.stl
[5.427s] -- Up-to-date: /home/yuritvr/PFC/wenis_ws/install/xarm_description/share/xarm_description//meshes/camera/realsense/collision
[5.427s] -- Installing: /home/yuritvr/PFC/wenis_ws/install/xarm_description/share/xarm_description//meshes/camera/realsense/collision/d435_with_cam_stand.stl
[5.427s] -- Up-to-date: /home/yuritvr/PFC/wenis_ws/install/xarm_description/share/xarm_description//meshes/vacuum_gripper
[5.428s] -- Up-to-date: /home/yuritvr/PFC/wenis_ws/install/xarm_description/share/xarm_description//meshes/vacuum_gripper/xarm
[5.428s] -- Up-to-date: /home/yuritvr/PFC/wenis_ws/install/xarm_description/share/xarm_description//meshes/vacuum_gripper/xarm/visual
[5.429s] -- Installing: /home/yuritvr/PFC/wenis_ws/install/xarm_description/share/xarm_description//meshes/vacuum_gripper/xarm/visual/vacuum_gripper.stl
[5.429s] -- Up-to-date: /home/yuritvr/PFC/wenis_ws/install/xarm_description/share/xarm_description//meshes/vacuum_gripper/xarm/collision
[5.430s] -- Installing: /home/yuritvr/PFC/wenis_ws/install/xarm_description/share/xarm_description//meshes/vacuum_gripper/xarm/collision/vacuum_gripper.stl
[5.430s] -- Up-to-date: /home/yuritvr/PFC/wenis_ws/install/xarm_description/share/xarm_description//meshes/vacuum_gripper/lite
[5.433s] -- Up-to-date: /home/yuritvr/PFC/wenis_ws/install/xarm_description/share/xarm_description//meshes/vacuum_gripper/lite/visual
[5.433s] -- Installing: /home/yuritvr/PFC/wenis_ws/install/xarm_description/share/xarm_description//meshes/vacuum_gripper/lite/visual/vacuum_gripper_lite.stl
[5.433s] -- Up-to-date: /home/yuritvr/PFC/wenis_ws/install/xarm_description/share/xarm_description//meshes/vacuum_gripper/lite/collision
[5.434s] -- Installing: /home/yuritvr/PFC/wenis_ws/install/xarm_description/share/xarm_description//meshes/vacuum_gripper/lite/collision/vacuum_gripper_lite.stl
[5.435s] -- Up-to-date: /home/yuritvr/PFC/wenis_ws/install/xarm_description/share/xarm_description//launch
[5.435s] -- Installing: /home/yuritvr/PFC/wenis_ws/install/xarm_description/share/xarm_description//launch/_robot_rviz_display.launch.py
[5.436s] -- Installing: /home/yuritvr/PFC/wenis_ws/install/xarm_description/share/xarm_description//launch/_robot_description.launch.py
[5.436s] -- Installing: /home/yuritvr/PFC/wenis_ws/install/xarm_description/share/xarm_description//launch/_robot_joint_state.launch.py
[5.436s] -- Up-to-date: /home/yuritvr/PFC/wenis_ws/install/xarm_description/share/xarm_description//launch/lib
[5.437s] -- Installing: /home/yuritvr/PFC/wenis_ws/install/xarm_description/share/xarm_description//launch/lib/robot_description_lib.py
[5.437s] -- Installing: /home/yuritvr/PFC/wenis_ws/install/xarm_description/share/xarm_description//launch/lite6_rviz_display.launch.py
[5.438s] -- Installing: /home/yuritvr/PFC/wenis_ws/install/xarm_description/share/xarm_description//launch/xarm6_rviz_display.launch.py
[5.438s] -- Installing: /home/yuritvr/PFC/wenis_ws/install/xarm_description/share/xarm_description//launch/_rviz_display.launch.py
[5.438s] -- Up-to-date: /home/yuritvr/PFC/wenis_ws/install/xarm_description/share/ament_index/resource_index/package_run_dependencies/xarm_description
[5.438s] -- Up-to-date: /home/yuritvr/PFC/wenis_ws/install/xarm_description/share/ament_index/resource_index/parent_prefix_path/xarm_description
[5.440s] -- Up-to-date: /home/yuritvr/PFC/wenis_ws/install/xarm_description/share/xarm_description/environment/ament_prefix_path.sh
[5.440s] -- Installing: /home/yuritvr/PFC/wenis_ws/install/xarm_description/share/xarm_description/environment/ament_prefix_path.dsv
[5.441s] -- Up-to-date: /home/yuritvr/PFC/wenis_ws/install/xarm_description/share/xarm_description/environment/path.sh
[5.441s] -- Installing: /home/yuritvr/PFC/wenis_ws/install/xarm_description/share/xarm_description/environment/path.dsv
[5.441s] -- Up-to-date: /home/yuritvr/PFC/wenis_ws/install/xarm_description/share/xarm_description/local_setup.bash
[5.441s] -- Up-to-date: /home/yuritvr/PFC/wenis_ws/install/xarm_description/share/xarm_description/local_setup.sh
[5.441s] -- Up-to-date: /home/yuritvr/PFC/wenis_ws/install/xarm_description/share/xarm_description/local_setup.zsh
[5.442s] -- Installing: /home/yuritvr/PFC/wenis_ws/install/xarm_description/share/xarm_description/local_setup.dsv
[5.442s] -- Installing: /home/yuritvr/PFC/wenis_ws/install/xarm_description/share/xarm_description/package.dsv
[5.442s] -- Up-to-date: /home/yuritvr/PFC/wenis_ws/install/xarm_description/share/ament_index/resource_index/packages/xarm_description
[5.442s] -- Up-to-date: /home/yuritvr/PFC/wenis_ws/install/xarm_description/share/xarm_description/cmake/xarm_descriptionConfig.cmake
[5.442s] -- Up-to-date: /home/yuritvr/PFC/wenis_ws/install/xarm_description/share/xarm_description/cmake/xarm_descriptionConfig-version.cmake
[5.442s] -- Installing: /home/yuritvr/PFC/wenis_ws/install/xarm_description/share/xarm_description/package.xml
[5.443s] Invoked command in '/home/yuritvr/PFC/wenis_ws/build/xarm_description' returned '0': CMAKE_PREFIX_PATH=${CMAKE_PREFIX_PATH}:/opt/ros/humble /usr/bin/cmake --install /home/yuritvr/PFC/wenis_ws/build/xarm_description
