[0.085s] Invoking command in '/home/yuritvr/PFC/wenis_ws/build/moveit_config': CMAKE_PREFIX_PATH=/home/yuritvr/PFC/wenis_ws/install/arm_pkg:/home/yuritvr/PFC/wenis_ws/install/xarm_description:/home/yuritvr/PFC/wenis_ws/install/simple_grasping:/home/yuritvr/PFC/wenis_ws/install/moveit_config:/home/yuritvr/PFC/wenis_ws/install/moveit2_scripts:/home/yuritvr/PFC/wenis_ws/install/moveit2_kinematics:/home/yuritvr/PFC/wenis_ws/install/moveit2_cartesian:/home/yuritvr/PFC/wenis_ws/install/get_pose_client:/home/yuritvr/PFC/pfc_ws/install/pfc_moveit:/home/yuritvr/PFC/pfc_ws/install/moveit_test:/home/yuritvr/PFC/pfc_ws/install/ur_robotiq_description:/home/yuritvr/PFC/pfc_ws/install/pfc_arm:/home/yuritvr/PFC/pfc_ws/install/gazebo_ros2_control:/opt/ros/humble /usr/bin/cmake --build /home/yuritvr/PFC/wenis_ws/build/moveit_config -- -j8 -l8
[0.203s] Invoked command in '/home/yuritvr/PFC/wenis_ws/build/moveit_config' returned '0': CMAKE_PREFIX_PATH=/home/yuritvr/PFC/wenis_ws/install/arm_pkg:/home/yuritvr/PFC/wenis_ws/install/xarm_description:/home/yuritvr/PFC/wenis_ws/install/simple_grasping:/home/yuritvr/PFC/wenis_ws/install/moveit_config:/home/yuritvr/PFC/wenis_ws/install/moveit2_scripts:/home/yuritvr/PFC/wenis_ws/install/moveit2_kinematics:/home/yuritvr/PFC/wenis_ws/install/moveit2_cartesian:/home/yuritvr/PFC/wenis_ws/install/get_pose_client:/home/yuritvr/PFC/pfc_ws/install/pfc_moveit:/home/yuritvr/PFC/pfc_ws/install/moveit_test:/home/yuritvr/PFC/pfc_ws/install/ur_robotiq_description:/home/yuritvr/PFC/pfc_ws/install/pfc_arm:/home/yuritvr/PFC/pfc_ws/install/gazebo_ros2_control:/opt/ros/humble /usr/bin/cmake --build /home/yuritvr/PFC/wenis_ws/build/moveit_config -- -j8 -l8
[0.484s] Invoking command in '/home/yuritvr/PFC/wenis_ws/build/moveit_config': CMAKE_PREFIX_PATH=/home/yuritvr/PFC/wenis_ws/install/arm_pkg:/home/yuritvr/PFC/wenis_ws/install/xarm_description:/home/yuritvr/PFC/wenis_ws/install/simple_grasping:/home/yuritvr/PFC/wenis_ws/install/moveit_config:/home/yuritvr/PFC/wenis_ws/install/moveit2_scripts:/home/yuritvr/PFC/wenis_ws/install/moveit2_kinematics:/home/yuritvr/PFC/wenis_ws/install/moveit2_cartesian:/home/yuritvr/PFC/wenis_ws/install/get_pose_client:/home/yuritvr/PFC/pfc_ws/install/pfc_moveit:/home/yuritvr/PFC/pfc_ws/install/moveit_test:/home/yuritvr/PFC/pfc_ws/install/ur_robotiq_description:/home/yuritvr/PFC/pfc_ws/install/pfc_arm:/home/yuritvr/PFC/pfc_ws/install/gazebo_ros2_control:/opt/ros/humble /usr/bin/cmake --install /home/yuritvr/PFC/wenis_ws/build/moveit_config
[0.525s] -- Install configuration: ""
[0.525s] -- Up-to-date: /home/yuritvr/PFC/wenis_ws/install/moveit_config/share/ament_index/resource_index/package_run_dependencies/moveit_config
[0.526s] -- Up-to-date: /home/yuritvr/PFC/wenis_ws/install/moveit_config/share/ament_index/resource_index/parent_prefix_path/moveit_config
[0.526s] -- Up-to-date: /home/yuritvr/PFC/wenis_ws/install/moveit_config/share/moveit_config/environment/ament_prefix_path.sh
[0.526s] -- Up-to-date: /home/yuritvr/PFC/wenis_ws/install/moveit_config/share/moveit_config/environment/ament_prefix_path.dsv
[0.526s] -- Up-to-date: /home/yuritvr/PFC/wenis_ws/install/moveit_config/share/moveit_config/environment/path.sh
[0.534s] -- Up-to-date: /home/yuritvr/PFC/wenis_ws/install/moveit_config/share/moveit_config/environment/path.dsv
[0.543s] -- Up-to-date: /home/yuritvr/PFC/wenis_ws/install/moveit_config/share/moveit_config/local_setup.bash
[0.543s] -- Up-to-date: /home/yuritvr/PFC/wenis_ws/install/moveit_config/share/moveit_config/local_setup.sh
[0.544s] -- Up-to-date: /home/yuritvr/PFC/wenis_ws/install/moveit_config/share/moveit_config/local_setup.zsh
[0.544s] -- Up-to-date: /home/yuritvr/PFC/wenis_ws/install/moveit_config/share/moveit_config/local_setup.dsv
[0.544s] -- Up-to-date: /home/yuritvr/PFC/wenis_ws/install/moveit_config/share/moveit_config/package.dsv
[0.544s] -- Up-to-date: /home/yuritvr/PFC/wenis_ws/install/moveit_config/share/ament_index/resource_index/packages/moveit_config
[0.544s] -- Up-to-date: /home/yuritvr/PFC/wenis_ws/install/moveit_config/share/moveit_config/cmake/moveit_configConfig.cmake
[0.544s] -- Up-to-date: /home/yuritvr/PFC/wenis_ws/install/moveit_config/share/moveit_config/cmake/moveit_configConfig-version.cmake
[0.544s] -- Up-to-date: /home/yuritvr/PFC/wenis_ws/install/moveit_config/share/moveit_config/package.xml
[0.545s] -- Up-to-date: /home/yuritvr/PFC/wenis_ws/install/moveit_config/share/moveit_config/launch
[0.545s] -- Up-to-date: /home/yuritvr/PFC/wenis_ws/install/moveit_config/share/moveit_config/launch/static_virtual_joint_tfs.launch.py
[0.545s] -- Up-to-date: /home/yuritvr/PFC/wenis_ws/install/moveit_config/share/moveit_config/launch/moveit_rviz.launch.py
[0.545s] -- Up-to-date: /home/yuritvr/PFC/wenis_ws/install/moveit_config/share/moveit_config/launch/spawn_controllers.launch.py
[0.545s] -- Up-to-date: /home/yuritvr/PFC/wenis_ws/install/moveit_config/share/moveit_config/launch/rsp.launch.py
[0.545s] -- Up-to-date: /home/yuritvr/PFC/wenis_ws/install/moveit_config/share/moveit_config/launch/move_group.launch.py
[0.545s] -- Up-to-date: /home/yuritvr/PFC/wenis_ws/install/moveit_config/share/moveit_config/launch/warehouse_db.launch.py
[0.546s] -- Up-to-date: /home/yuritvr/PFC/wenis_ws/install/moveit_config/share/moveit_config/launch/demo.launch.py
[0.546s] -- Up-to-date: /home/yuritvr/PFC/wenis_ws/install/moveit_config/share/moveit_config/launch/setup_assistant.launch.py
[0.546s] -- Up-to-date: /home/yuritvr/PFC/wenis_ws/install/moveit_config/share/moveit_config/config
[0.555s] -- Up-to-date: /home/yuritvr/PFC/wenis_ws/install/moveit_config/share/moveit_config/config/joint_limits.yaml
[0.555s] -- Up-to-date: /home/yuritvr/PFC/wenis_ws/install/moveit_config/share/moveit_config/config/moveit.rviz
[0.555s] -- Up-to-date: /home/yuritvr/PFC/wenis_ws/install/moveit_config/share/moveit_config/config/robot_description.urdf.xacro
[0.555s] -- Up-to-date: /home/yuritvr/PFC/wenis_ws/install/moveit_config/share/moveit_config/config/robot_description.srdf
[0.555s] -- Up-to-date: /home/yuritvr/PFC/wenis_ws/install/moveit_config/share/moveit_config/config/robot_description.ros2_control.xacro
[0.556s] -- Up-to-date: /home/yuritvr/PFC/wenis_ws/install/moveit_config/share/moveit_config/config/sensors_3d.yaml
[0.556s] -- Up-to-date: /home/yuritvr/PFC/wenis_ws/install/moveit_config/share/moveit_config/config/kinematics.yaml
[0.556s] -- Up-to-date: /home/yuritvr/PFC/wenis_ws/install/moveit_config/share/moveit_config/config/moveit_controllers.yaml
[0.556s] -- Up-to-date: /home/yuritvr/PFC/wenis_ws/install/moveit_config/share/moveit_config/config/pilz_cartesian_limits.yaml
[0.557s] -- Up-to-date: /home/yuritvr/PFC/wenis_ws/install/moveit_config/share/moveit_config/config/initial_positions.yaml
[0.557s] -- Up-to-date: /home/yuritvr/PFC/wenis_ws/install/moveit_config/share/moveit_config/.setup_assistant
[0.592s] Invoked command in '/home/yuritvr/PFC/wenis_ws/build/moveit_config' returned '0': CMAKE_PREFIX_PATH=/home/yuritvr/PFC/wenis_ws/install/arm_pkg:/home/yuritvr/PFC/wenis_ws/install/xarm_description:/home/yuritvr/PFC/wenis_ws/install/simple_grasping:/home/yuritvr/PFC/wenis_ws/install/moveit_config:/home/yuritvr/PFC/wenis_ws/install/moveit2_scripts:/home/yuritvr/PFC/wenis_ws/install/moveit2_kinematics:/home/yuritvr/PFC/wenis_ws/install/moveit2_cartesian:/home/yuritvr/PFC/wenis_ws/install/get_pose_client:/home/yuritvr/PFC/pfc_ws/install/pfc_moveit:/home/yuritvr/PFC/pfc_ws/install/moveit_test:/home/yuritvr/PFC/pfc_ws/install/ur_robotiq_description:/home/yuritvr/PFC/pfc_ws/install/pfc_arm:/home/yuritvr/PFC/pfc_ws/install/gazebo_ros2_control:/opt/ros/humble /usr/bin/cmake --install /home/yuritvr/PFC/wenis_ws/build/moveit_config
