[0.018s] Invoking command in '/home/yuritvr/PFC/wenis_ws/build/get_pose_client': CMAKE_PREFIX_PATH=${CMAKE_PREFIX_PATH}:/opt/ros/humble /usr/bin/cmake --build /home/yuritvr/PFC/wenis_ws/build/get_pose_client -- -j24 -l24
[0.033s] -- Found ament_cmake: 1.3.9 (/opt/ros/humble/share/ament_cmake/cmake)
[0.105s] -- Found grasping_msgs: 0.4.0 (/opt/ros/humble/share/grasping_msgs/cmake)
[0.120s] -- Found rosidl_generator_c: 3.1.5 (/opt/ros/humble/share/rosidl_generator_c/cmake)
[0.121s] -- Found rosidl_adapter: 3.1.5 (/opt/ros/humble/share/rosidl_adapter/cmake)
[0.124s] -- Found rosidl_generator_cpp: 3.1.5 (/opt/ros/humble/share/rosidl_generator_cpp/cmake)
[0.131s] -- Using all available rosidl_typesupport_c: rosidl_typesupport_fastrtps_c;rosidl_typesupport_introspection_c
[0.139s] -- Using all available rosidl_typesupport_cpp: rosidl_typesupport_fastrtps_cpp;rosidl_typesupport_introspection_cpp
[0.854s] -- Found rclcpp: 16.0.9 (/opt/ros/humble/share/rclcpp/cmake)
[0.879s] -- Found rmw_implementation_cmake: 6.1.2 (/opt/ros/humble/share/rmw_implementation_cmake/cmake)
[0.880s] -- Found rmw_fastrtps_cpp: 6.2.6 (/opt/ros/humble/share/rmw_fastrtps_cpp/cmake)
[0.943s] -- Using RMW implementation 'rmw_fastrtps_cpp' as default
[1.012s] -- Found rclcpp_action: 16.0.9 (/opt/ros/humble/share/rclcpp_action/cmake)
[1.027s] -- Found ament_lint_auto: 0.12.11 (/opt/ros/humble/share/ament_lint_auto/cmake)
[1.065s] -- Added test 'cppcheck' to perform static code analysis on C / C++ code
[1.065s] -- Configured cppcheck include dirs: 
[1.065s] -- Configured cppcheck exclude dirs and/or files: 
[1.065s] -- Added test 'lint_cmake' to check CMake code style
[1.065s] -- Added test 'uncrustify' to check C / C++ code style
[1.065s] -- Configured uncrustify additional arguments: 
[1.065s] -- Added test 'xmllint' to check XML markup files
[1.066s] -- Configuring done
[1.072s] -- Generating done
[1.073s] -- Build files have been written to: /home/yuritvr/PFC/wenis_ws/build/get_pose_client
[1.087s] [35m[1mConsolidate compiler generated dependencies of target get_pose_client[0m
[1.096s] [ 50%] [32mBuilding CXX object CMakeFiles/get_pose_client.dir/src/get_pose_client.cpp.o[0m
[2.422s] [01m[K/home/yuritvr/PFC/wenis_ws/src/ros2_manipulator/get_pose_client/src/get_pose_client.cpp:[m[K In member function ‘[01m[Kvoid GetPoseClient::feedback_callback(rclcpp_action::ClientGoalHandle<grasping_msgs::action::FindGraspableObjects>::SharedPtr, std::shared_ptr<const grasping_msgs::action::FindGraspableObjects_Feedback_<std::allocator<void> > >)[m[K’:
[2.422s] [01m[K/home/yuritvr/PFC/wenis_ws/src/ros2_manipulator/get_pose_client/src/get_pose_client.cpp:78:70:[m[K [01;35m[Kwarning: [m[Kunused parameter ‘[01m[Kfeedback[m[K’ [[01;35m[K]8;;https://gcc.gnu.org/onlinedocs/gcc/Warning-Options.html#index-Wunused-parameter-Wunused-parameter]8;;[m[K]
[2.422s]    78 |                 [01;35m[Kconst std::shared_ptr<const Find::Feedback> feedback[m[K) {
[2.422s]       |                 [01;35m[K~~~~~~~~~~~~~~~~~~~~~~~~~~~~~~~~~~~~~~~~~~~~^~~~~~~~[m[K
[2.422s] 
[3.803s] [100%] [32m[1mLinking CXX executable get_pose_client[0m
[3.948s] [100%] Built target get_pose_client
[3.955s] Invoked command in '/home/yuritvr/PFC/wenis_ws/build/get_pose_client' returned '0': CMAKE_PREFIX_PATH=${CMAKE_PREFIX_PATH}:/opt/ros/humble /usr/bin/cmake --build /home/yuritvr/PFC/wenis_ws/build/get_pose_client -- -j24 -l24
[3.975s] Invoking command in '/home/yuritvr/PFC/wenis_ws/build/get_pose_client': CMAKE_PREFIX_PATH=${CMAKE_PREFIX_PATH}:/opt/ros/humble /usr/bin/cmake --install /home/yuritvr/PFC/wenis_ws/build/get_pose_client
[3.982s] -- Install configuration: ""
[3.982s] -- Installing: /home/yuritvr/PFC/wenis_ws/install/get_pose_client/lib/get_pose_client/get_pose_client
[3.983s] -- Set runtime path of "/home/yuritvr/PFC/wenis_ws/install/get_pose_client/lib/get_pose_client/get_pose_client" to ""
[3.983s] -- Up-to-date: /home/yuritvr/PFC/wenis_ws/install/get_pose_client/share/ament_index/resource_index/package_run_dependencies/get_pose_client
[3.983s] -- Up-to-date: /home/yuritvr/PFC/wenis_ws/install/get_pose_client/share/ament_index/resource_index/parent_prefix_path/get_pose_client
[3.984s] -- Up-to-date: /home/yuritvr/PFC/wenis_ws/install/get_pose_client/share/get_pose_client/environment/ament_prefix_path.sh
[3.984s] -- Installing: /home/yuritvr/PFC/wenis_ws/install/get_pose_client/share/get_pose_client/environment/ament_prefix_path.dsv
[3.984s] -- Up-to-date: /home/yuritvr/PFC/wenis_ws/install/get_pose_client/share/get_pose_client/environment/path.sh
[3.984s] -- Installing: /home/yuritvr/PFC/wenis_ws/install/get_pose_client/share/get_pose_client/environment/path.dsv
[3.984s] -- Up-to-date: /home/yuritvr/PFC/wenis_ws/install/get_pose_client/share/get_pose_client/local_setup.bash
[3.984s] -- Up-to-date: /home/yuritvr/PFC/wenis_ws/install/get_pose_client/share/get_pose_client/local_setup.sh
[3.984s] -- Up-to-date: /home/yuritvr/PFC/wenis_ws/install/get_pose_client/share/get_pose_client/local_setup.zsh
[3.984s] -- Installing: /home/yuritvr/PFC/wenis_ws/install/get_pose_client/share/get_pose_client/local_setup.dsv
[3.984s] -- Installing: /home/yuritvr/PFC/wenis_ws/install/get_pose_client/share/get_pose_client/package.dsv
[3.984s] -- Up-to-date: /home/yuritvr/PFC/wenis_ws/install/get_pose_client/share/ament_index/resource_index/packages/get_pose_client
[3.984s] -- Up-to-date: /home/yuritvr/PFC/wenis_ws/install/get_pose_client/share/get_pose_client/cmake/get_pose_clientConfig.cmake
[3.984s] -- Up-to-date: /home/yuritvr/PFC/wenis_ws/install/get_pose_client/share/get_pose_client/cmake/get_pose_clientConfig-version.cmake
[3.984s] -- Installing: /home/yuritvr/PFC/wenis_ws/install/get_pose_client/share/get_pose_client/package.xml
[3.986s] Invoked command in '/home/yuritvr/PFC/wenis_ws/build/get_pose_client' returned '0': CMAKE_PREFIX_PATH=${CMAKE_PREFIX_PATH}:/opt/ros/humble /usr/bin/cmake --install /home/yuritvr/PFC/wenis_ws/build/get_pose_client
