[0.055s] Invoking command in '/home/yuritvr/PFC/wenis_ws/build/irb1200_ros2_gazebo': CMAKE_PREFIX_PATH=/opt/ros/humble /usr/bin/cmake /home/yuritvr/PFC/wenis_ws/ros2_RobotSimulation/ABBRobots/IRB1200/irb1200_ros2_gazebo -DCMAKE_INSTALL_PREFIX=/home/yuritvr/PFC/wenis_ws/install/irb1200_ros2_gazebo
[0.214s] -- The C compiler identification is GNU 11.4.0
[0.363s] -- The CXX compiler identification is GNU 11.4.0
[0.399s] -- Detecting C compiler ABI info
[0.580s] -- Detecting C compiler ABI info - done
[0.600s] -- Check for working C compiler: /usr/bin/cc - skipped
[0.602s] -- Detecting C compile features
[0.602s] -- Detecting C compile features - done
[0.618s] -- Detecting CXX compiler ABI info
[0.879s] -- Detecting CXX compiler ABI info - done
[0.902s] -- Check for working CXX compiler: /usr/bin/c++ - skipped
[0.904s] -- Detecting CXX compile features
[0.905s] -- Detecting CXX compile features - done
[0.911s] -- Found ament_cmake: 1.3.9 (/opt/ros/humble/share/ament_cmake/cmake)
[1.314s] -- Found Python3: /usr/bin/python3 (found version "3.10.12") found components: Interpreter 
[1.514s] -- Found ament_lint_auto: 0.12.11 (/opt/ros/humble/share/ament_lint_auto/cmake)
[1.753s] -- Added test 'copyright' to check source files copyright and LICENSE
[1.753s] -- Added test 'flake8' to check Python code syntax and style conventions
[1.753s] -- Added test 'lint_cmake' to check CMake code style
[1.753s] -- Added test 'pep257' to check Python code against some of the docstring style conventions in PEP 257
[1.754s] -- Added test 'xmllint' to check XML markup files
[1.754s] -- Configuring done
[1.754s] -- Generating done
[1.754s] -- Build files have been written to: /home/yuritvr/PFC/wenis_ws/build/irb1200_ros2_gazebo
[1.764s] Invoked command in '/home/yuritvr/PFC/wenis_ws/build/irb1200_ros2_gazebo' returned '0': CMAKE_PREFIX_PATH=/opt/ros/humble /usr/bin/cmake /home/yuritvr/PFC/wenis_ws/ros2_RobotSimulation/ABBRobots/IRB1200/irb1200_ros2_gazebo -DCMAKE_INSTALL_PREFIX=/home/yuritvr/PFC/wenis_ws/install/irb1200_ros2_gazebo
[1.771s] Invoking command in '/home/yuritvr/PFC/wenis_ws/build/irb1200_ros2_gazebo': CMAKE_PREFIX_PATH=/opt/ros/humble /usr/bin/cmake --build /home/yuritvr/PFC/wenis_ws/build/irb1200_ros2_gazebo -- -j8 -l8
[1.867s] Invoked command in '/home/yuritvr/PFC/wenis_ws/build/irb1200_ros2_gazebo' returned '0': CMAKE_PREFIX_PATH=/opt/ros/humble /usr/bin/cmake --build /home/yuritvr/PFC/wenis_ws/build/irb1200_ros2_gazebo -- -j8 -l8
[1.957s] Invoking command in '/home/yuritvr/PFC/wenis_ws/build/irb1200_ros2_gazebo': CMAKE_PREFIX_PATH=/opt/ros/humble /usr/bin/cmake --install /home/yuritvr/PFC/wenis_ws/build/irb1200_ros2_gazebo
[1.970s] -- Install configuration: ""
[1.970s] -- Installing: /home/yuritvr/PFC/wenis_ws/install/irb1200_ros2_gazebo/share/irb1200_ros2_gazebo/config
[1.971s] -- Installing: /home/yuritvr/PFC/wenis_ws/install/irb1200_ros2_gazebo/share/irb1200_ros2_gazebo/config/irb1200_controller.yaml
[1.971s] -- Installing: /home/yuritvr/PFC/wenis_ws/install/irb1200_ros2_gazebo/share/irb1200_ros2_gazebo/launch
[1.971s] -- Installing: /home/yuritvr/PFC/wenis_ws/install/irb1200_ros2_gazebo/share/irb1200_ros2_gazebo/launch/irb1200_simulation.launch.py
[1.972s] -- Installing: /home/yuritvr/PFC/wenis_ws/install/irb1200_ros2_gazebo/share/irb1200_ros2_gazebo/urdf
[1.972s] -- Installing: /home/yuritvr/PFC/wenis_ws/install/irb1200_ros2_gazebo/share/irb1200_ros2_gazebo/urdf/irb1200.urdf.xacro
[1.972s] -- Installing: /home/yuritvr/PFC/wenis_ws/install/irb1200_ros2_gazebo/share/irb1200_ros2_gazebo/urdf/irb1200_macro.urdf.xacro
[1.972s] -- Installing: /home/yuritvr/PFC/wenis_ws/install/irb1200_ros2_gazebo/share/irb1200_ros2_gazebo/urdf/irb1200_transmission.xacro
[1.972s] -- Installing: /home/yuritvr/PFC/wenis_ws/install/irb1200_ros2_gazebo/share/irb1200_ros2_gazebo/urdf/abb_resources
[1.973s] -- Installing: /home/yuritvr/PFC/wenis_ws/install/irb1200_ros2_gazebo/share/irb1200_ros2_gazebo/urdf/abb_resources/common_materials.xacro
[1.973s] -- Installing: /home/yuritvr/PFC/wenis_ws/install/irb1200_ros2_gazebo/share/irb1200_ros2_gazebo/urdf/abb_resources/common_colours.xacro
[1.973s] -- Installing: /home/yuritvr/PFC/wenis_ws/install/irb1200_ros2_gazebo/share/irb1200_ros2_gazebo/urdf/irb1200_ros2control.xacro
[1.973s] -- Installing: /home/yuritvr/PFC/wenis_ws/install/irb1200_ros2_gazebo/share/irb1200_ros2_gazebo/worlds
[1.973s] -- Installing: /home/yuritvr/PFC/wenis_ws/install/irb1200_ros2_gazebo/share/irb1200_ros2_gazebo/worlds/irb1200.world
[1.978s] -- Installing: /home/yuritvr/PFC/wenis_ws/install/irb1200_ros2_gazebo/share/irb1200_ros2_gazebo/meshes
[1.979s] -- Installing: /home/yuritvr/PFC/wenis_ws/install/irb1200_ros2_gazebo/share/irb1200_ros2_gazebo/meshes/visual
[1.979s] -- Installing: /home/yuritvr/PFC/wenis_ws/install/irb1200_ros2_gazebo/share/irb1200_ros2_gazebo/meshes/visual/link_3.dae
[1.980s] -- Installing: /home/yuritvr/PFC/wenis_ws/install/irb1200_ros2_gazebo/share/irb1200_ros2_gazebo/meshes/visual/link_2.dae
[1.993s] -- Installing: /home/yuritvr/PFC/wenis_ws/install/irb1200_ros2_gazebo/share/irb1200_ros2_gazebo/meshes/visual/link_4.dae
[1.993s] -- Installing: /home/yuritvr/PFC/wenis_ws/install/irb1200_ros2_gazebo/share/irb1200_ros2_gazebo/meshes/visual/link_1.dae
[1.995s] -- Installing: /home/yuritvr/PFC/wenis_ws/install/irb1200_ros2_gazebo/share/irb1200_ros2_gazebo/meshes/visual/base_link.dae
[1.996s] -- Installing: /home/yuritvr/PFC/wenis_ws/install/irb1200_ros2_gazebo/share/irb1200_ros2_gazebo/meshes/visual/link_6.dae
[2.002s] -- Installing: /home/yuritvr/PFC/wenis_ws/install/irb1200_ros2_gazebo/share/irb1200_ros2_gazebo/meshes/visual/link_5.dae
[2.006s] -- Installing: /home/yuritvr/PFC/wenis_ws/install/irb1200_ros2_gazebo/share/irb1200_ros2_gazebo/meshes/collision
[2.006s] -- Installing: /home/yuritvr/PFC/wenis_ws/install/irb1200_ros2_gazebo/share/irb1200_ros2_gazebo/meshes/collision/link_4.stl
[2.007s] -- Installing: /home/yuritvr/PFC/wenis_ws/install/irb1200_ros2_gazebo/share/irb1200_ros2_gazebo/meshes/collision/base_link.stl
[2.007s] -- Installing: /home/yuritvr/PFC/wenis_ws/install/irb1200_ros2_gazebo/share/irb1200_ros2_gazebo/meshes/collision/link_2.stl
[2.007s] -- Installing: /home/yuritvr/PFC/wenis_ws/install/irb1200_ros2_gazebo/share/irb1200_ros2_gazebo/meshes/collision/link_6.stl
[2.007s] -- Installing: /home/yuritvr/PFC/wenis_ws/install/irb1200_ros2_gazebo/share/irb1200_ros2_gazebo/meshes/collision/link_1.stl
[2.007s] -- Installing: /home/yuritvr/PFC/wenis_ws/install/irb1200_ros2_gazebo/share/irb1200_ros2_gazebo/meshes/collision/link_5.stl
[2.007s] -- Installing: /home/yuritvr/PFC/wenis_ws/install/irb1200_ros2_gazebo/share/irb1200_ros2_gazebo/meshes/collision/link_3.stl
[2.008s] -- Installing: /home/yuritvr/PFC/wenis_ws/install/irb1200_ros2_gazebo/share/ament_index/resource_index/package_run_dependencies/irb1200_ros2_gazebo
[2.008s] -- Installing: /home/yuritvr/PFC/wenis_ws/install/irb1200_ros2_gazebo/share/ament_index/resource_index/parent_prefix_path/irb1200_ros2_gazebo
[2.008s] -- Installing: /home/yuritvr/PFC/wenis_ws/install/irb1200_ros2_gazebo/share/irb1200_ros2_gazebo/environment/ament_prefix_path.sh
[2.008s] -- Installing: /home/yuritvr/PFC/wenis_ws/install/irb1200_ros2_gazebo/share/irb1200_ros2_gazebo/environment/ament_prefix_path.dsv
[2.008s] -- Installing: /home/yuritvr/PFC/wenis_ws/install/irb1200_ros2_gazebo/share/irb1200_ros2_gazebo/environment/path.sh
[2.008s] -- Installing: /home/yuritvr/PFC/wenis_ws/install/irb1200_ros2_gazebo/share/irb1200_ros2_gazebo/environment/path.dsv
[2.008s] -- Installing: /home/yuritvr/PFC/wenis_ws/install/irb1200_ros2_gazebo/share/irb1200_ros2_gazebo/local_setup.bash
[2.008s] -- Installing: /home/yuritvr/PFC/wenis_ws/install/irb1200_ros2_gazebo/share/irb1200_ros2_gazebo/local_setup.sh
[2.008s] -- Installing: /home/yuritvr/PFC/wenis_ws/install/irb1200_ros2_gazebo/share/irb1200_ros2_gazebo/local_setup.zsh
[2.009s] -- Installing: /home/yuritvr/PFC/wenis_ws/install/irb1200_ros2_gazebo/share/irb1200_ros2_gazebo/local_setup.dsv
[2.009s] -- Installing: /home/yuritvr/PFC/wenis_ws/install/irb1200_ros2_gazebo/share/irb1200_ros2_gazebo/package.dsv
[2.010s] -- Installing: /home/yuritvr/PFC/wenis_ws/install/irb1200_ros2_gazebo/share/ament_index/resource_index/packages/irb1200_ros2_gazebo
[2.014s] -- Installing: /home/yuritvr/PFC/wenis_ws/install/irb1200_ros2_gazebo/share/irb1200_ros2_gazebo/cmake/irb1200_ros2_gazeboConfig.cmake
[2.014s] -- Installing: /home/yuritvr/PFC/wenis_ws/install/irb1200_ros2_gazebo/share/irb1200_ros2_gazebo/cmake/irb1200_ros2_gazeboConfig-version.cmake
[2.014s] -- Installing: /home/yuritvr/PFC/wenis_ws/install/irb1200_ros2_gazebo/share/irb1200_ros2_gazebo/package.xml
[2.037s] Invoked command in '/home/yuritvr/PFC/wenis_ws/build/irb1200_ros2_gazebo' returned '0': CMAKE_PREFIX_PATH=/opt/ros/humble /usr/bin/cmake --install /home/yuritvr/PFC/wenis_ws/build/irb1200_ros2_gazebo
