[0.057s] Invoking command in '/home/yuritvr/PFC/wenis_ws/build/platform': CMAKE_PREFIX_PATH=${CMAKE_PREFIX_PATH}:/opt/ros/humble /usr/bin/cmake --build /home/yuritvr/PFC/wenis_ws/build/platform -- -j8 -l8
[0.122s] -- Found ament_cmake: 1.3.8 (/opt/ros/humble/share/ament_cmake/cmake)
[0.549s] -- Found ament_lint_auto: 0.12.10 (/opt/ros/humble/share/ament_lint_auto/cmake)
[0.655s] -- Added test 'flake8' to check Python code syntax and style conventions
[0.656s] -- Added test 'lint_cmake' to check CMake code style
[0.657s] -- Added test 'pep257' to check Python code against some of the docstring style conventions in PEP 257
[0.661s] -- Added test 'xmllint' to check XML markup files
[0.662s] -- Configuring done
[0.667s] -- Generating done
[0.668s] -- Build files have been written to: /home/yuritvr/PFC/wenis_ws/build/platform
[0.704s] Invoked command in '/home/yuritvr/PFC/wenis_ws/build/platform' returned '0': CMAKE_PREFIX_PATH=${CMAKE_PREFIX_PATH}:/opt/ros/humble /usr/bin/cmake --build /home/yuritvr/PFC/wenis_ws/build/platform -- -j8 -l8
[0.762s] Invoking command in '/home/yuritvr/PFC/wenis_ws/build/platform': CMAKE_PREFIX_PATH=${CMAKE_PREFIX_PATH}:/opt/ros/humble /usr/bin/cmake --install /home/yuritvr/PFC/wenis_ws/build/platform
[0.774s] -- Install configuration: ""
[0.775s] -- Installing: /home/yuritvr/PFC/wenis_ws/install/platform/share/ament_index/resource_index/package_run_dependencies/platform
[0.775s] -- Up-to-date: /home/yuritvr/PFC/wenis_ws/install/platform/share/ament_index/resource_index/parent_prefix_path/platform
[0.776s] -- Up-to-date: /home/yuritvr/PFC/wenis_ws/install/platform/share/platform/environment/ament_prefix_path.sh
[0.776s] -- Installing: /home/yuritvr/PFC/wenis_ws/install/platform/share/platform/environment/ament_prefix_path.dsv
[0.776s] -- Up-to-date: /home/yuritvr/PFC/wenis_ws/install/platform/share/platform/environment/path.sh
[0.776s] -- Installing: /home/yuritvr/PFC/wenis_ws/install/platform/share/platform/environment/path.dsv
[0.777s] -- Up-to-date: /home/yuritvr/PFC/wenis_ws/install/platform/share/platform/local_setup.bash
[0.777s] -- Up-to-date: /home/yuritvr/PFC/wenis_ws/install/platform/share/platform/local_setup.sh
[0.777s] -- Up-to-date: /home/yuritvr/PFC/wenis_ws/install/platform/share/platform/local_setup.zsh
[0.778s] -- Installing: /home/yuritvr/PFC/wenis_ws/install/platform/share/platform/local_setup.dsv
[0.778s] -- Installing: /home/yuritvr/PFC/wenis_ws/install/platform/share/platform/package.dsv
[0.779s] -- Up-to-date: /home/yuritvr/PFC/wenis_ws/install/platform/share/ament_index/resource_index/packages/platform
[0.779s] -- Up-to-date: /home/yuritvr/PFC/wenis_ws/install/platform/share/platform/cmake/platformConfig.cmake
[0.779s] -- Up-to-date: /home/yuritvr/PFC/wenis_ws/install/platform/share/platform/cmake/platformConfig-version.cmake
[0.779s] -- Installing: /home/yuritvr/PFC/wenis_ws/install/platform/share/platform/package.xml
[0.783s] Invoked command in '/home/yuritvr/PFC/wenis_ws/build/platform' returned '0': CMAKE_PREFIX_PATH=${CMAKE_PREFIX_PATH}:/opt/ros/humble /usr/bin/cmake --install /home/yuritvr/PFC/wenis_ws/build/platform
