[0.169s] Invoking command in '/home/yuritvr/PFC/wenis_ws/build/arm_pkg': CMAKE_PREFIX_PATH=${CMAKE_PREFIX_PATH}:/home/yuritvr/PFC/wenis_ws/install/robotiq_85_driver:/opt/ros/humble /usr/bin/cmake --build /home/yuritvr/PFC/wenis_ws/build/arm_pkg -- -j8 -l8
[0.535s] Invoked command in '/home/yuritvr/PFC/wenis_ws/build/arm_pkg' returned '0': CMAKE_PREFIX_PATH=${CMAKE_PREFIX_PATH}:/home/yuritvr/PFC/wenis_ws/install/robotiq_85_driver:/opt/ros/humble /usr/bin/cmake --build /home/yuritvr/PFC/wenis_ws/build/arm_pkg -- -j8 -l8
[0.973s] Invoking command in '/home/yuritvr/PFC/wenis_ws/build/arm_pkg': CMAKE_PREFIX_PATH=${CMAKE_PREFIX_PATH}:/home/yuritvr/PFC/wenis_ws/install/robotiq_85_driver:/opt/ros/humble /usr/bin/cmake --install /home/yuritvr/PFC/wenis_ws/build/arm_pkg
[1.045s] -- Install configuration: ""
[1.045s] -- Up-to-date: /home/yuritvr/PFC/wenis_ws/install/arm_pkg/share/arm_pkg//urdf
[1.045s] -- Up-to-date: /home/yuritvr/PFC/wenis_ws/install/arm_pkg/share/arm_pkg//urdf/manipulator.xacro
[1.046s] -- Up-to-date: /home/yuritvr/PFC/wenis_ws/install/arm_pkg/share/arm_pkg//urdf/a0912.urdf.xacro
[1.046s] -- Up-to-date: /home/yuritvr/PFC/wenis_ws/install/arm_pkg/share/arm_pkg//urdf/m1013.urdf.xacro
[1.046s] -- Up-to-date: /home/yuritvr/PFC/wenis_ws/install/arm_pkg/share/arm_pkg//urdf/macro.transmission.xacro
[1.046s] -- Up-to-date: /home/yuritvr/PFC/wenis_ws/install/arm_pkg/share/arm_pkg//urdf/a0912.blue.urdf
[1.046s] -- Up-to-date: /home/yuritvr/PFC/wenis_ws/install/arm_pkg/share/arm_pkg//urdf/macro.a0912.blue.xacro
[1.046s] -- Up-to-date: /home/yuritvr/PFC/wenis_ws/install/arm_pkg/share/arm_pkg//urdf/macro.internal_config.xacro
[1.047s] -- Up-to-date: /home/yuritvr/PFC/wenis_ws/install/arm_pkg/share/arm_pkg//urdf/m1013.white.urdf
[1.047s] -- Up-to-date: /home/yuritvr/PFC/wenis_ws/install/arm_pkg/share/arm_pkg//urdf/macro.m1013.white.xacro
[1.047s] -- Up-to-date: /home/yuritvr/PFC/wenis_ws/install/arm_pkg/share/arm_pkg//urdf/depth_camera.xacro
[1.047s] -- Up-to-date: /home/yuritvr/PFC/wenis_ws/install/arm_pkg/share/arm_pkg//urdf/macro.gazebo_config_control.xacro
[1.047s] -- Up-to-date: /home/yuritvr/PFC/wenis_ws/install/arm_pkg/share/arm_pkg//urdf/macro.bumper_config.xacro
[1.048s] -- Up-to-date: /home/yuritvr/PFC/wenis_ws/install/arm_pkg/share/arm_pkg//launch
[1.048s] -- Up-to-date: /home/yuritvr/PFC/wenis_ws/install/arm_pkg/share/arm_pkg//launch/start_controller.launch.py
[1.050s] -- Up-to-date: /home/yuritvr/PFC/wenis_ws/install/arm_pkg/share/arm_pkg//launch/spawn_gazebo.launch.py
[1.056s] -- Up-to-date: /home/yuritvr/PFC/wenis_ws/install/arm_pkg/share/arm_pkg//launch/start_moveit.launch.py
[1.057s] -- Up-to-date: /home/yuritvr/PFC/wenis_ws/install/arm_pkg/share/arm_pkg//launch/start_world.launch.py
[1.057s] -- Up-to-date: /home/yuritvr/PFC/wenis_ws/install/arm_pkg/share/arm_pkg//launch/main_arm.launch.py
[1.057s] -- Up-to-date: /home/yuritvr/PFC/wenis_ws/install/arm_pkg/share/arm_pkg//meshes
[1.058s] -- Up-to-date: /home/yuritvr/PFC/wenis_ws/install/arm_pkg/share/arm_pkg//meshes/a0912_blue
[1.058s] -- Up-to-date: /home/yuritvr/PFC/wenis_ws/install/arm_pkg/share/arm_pkg//meshes/a0912_blue/A0912_2_1.dae
[1.058s] -- Up-to-date: /home/yuritvr/PFC/wenis_ws/install/arm_pkg/share/arm_pkg//meshes/a0912_blue/A0912_3_1.dae
[1.058s] -- Up-to-date: /home/yuritvr/PFC/wenis_ws/install/arm_pkg/share/arm_pkg//meshes/a0912_blue/A0912_2_0.dae
[1.059s] -- Up-to-date: /home/yuritvr/PFC/wenis_ws/install/arm_pkg/share/arm_pkg//meshes/a0912_blue/A0912_4_0.dae
[1.059s] -- Up-to-date: /home/yuritvr/PFC/wenis_ws/install/arm_pkg/share/arm_pkg//meshes/a0912_blue/A0912_0_0.dae
[1.059s] -- Up-to-date: /home/yuritvr/PFC/wenis_ws/install/arm_pkg/share/arm_pkg//meshes/a0912_blue/A0912_1_0.dae
[1.060s] -- Up-to-date: /home/yuritvr/PFC/wenis_ws/install/arm_pkg/share/arm_pkg//meshes/a0912_blue/A0912_5_1.dae
[1.060s] -- Up-to-date: /home/yuritvr/PFC/wenis_ws/install/arm_pkg/share/arm_pkg//meshes/a0912_blue/A0912_6_0.dae
[1.061s] -- Up-to-date: /home/yuritvr/PFC/wenis_ws/install/arm_pkg/share/arm_pkg//meshes/a0912_blue/A0912_1_1.dae
[1.061s] -- Up-to-date: /home/yuritvr/PFC/wenis_ws/install/arm_pkg/share/arm_pkg//meshes/a0912_blue/A0912_1_2.dae
[1.062s] -- Up-to-date: /home/yuritvr/PFC/wenis_ws/install/arm_pkg/share/arm_pkg//meshes/a0912_blue/A0912_3_0.dae
[1.065s] -- Up-to-date: /home/yuritvr/PFC/wenis_ws/install/arm_pkg/share/arm_pkg//meshes/a0912_blue/A0912_2_2.dae
[1.075s] -- Up-to-date: /home/yuritvr/PFC/wenis_ws/install/arm_pkg/share/arm_pkg//meshes/a0912_blue/A0912_5_0.dae
[1.076s] -- Up-to-date: /home/yuritvr/PFC/wenis_ws/install/arm_pkg/share/arm_pkg//meshes/a0912_blue/A0912_4_1.dae
[1.077s] -- Up-to-date: /home/yuritvr/PFC/wenis_ws/install/arm_pkg/share/arm_pkg//meshes/m1013_white
[1.077s] -- Up-to-date: /home/yuritvr/PFC/wenis_ws/install/arm_pkg/share/arm_pkg//meshes/m1013_white/MF1013_3_0.dae
[1.077s] -- Up-to-date: /home/yuritvr/PFC/wenis_ws/install/arm_pkg/share/arm_pkg//meshes/m1013_white/MF1013_2_2.dae
[1.078s] -- Up-to-date: /home/yuritvr/PFC/wenis_ws/install/arm_pkg/share/arm_pkg//meshes/m1013_white/MF1013_5_0.dae
[1.078s] -- Up-to-date: /home/yuritvr/PFC/wenis_ws/install/arm_pkg/share/arm_pkg//meshes/m1013_white/MF1013_4_0.dae
[1.078s] -- Up-to-date: /home/yuritvr/PFC/wenis_ws/install/arm_pkg/share/arm_pkg//meshes/m1013_white/MF1013_1_0.dae
[1.078s] -- Up-to-date: /home/yuritvr/PFC/wenis_ws/install/arm_pkg/share/arm_pkg//meshes/m1013_white/MF1013_2_1.dae
[1.079s] -- Up-to-date: /home/yuritvr/PFC/wenis_ws/install/arm_pkg/share/arm_pkg//meshes/m1013_white/MF1013_4_1.dae
[1.079s] -- Up-to-date: /home/yuritvr/PFC/wenis_ws/install/arm_pkg/share/arm_pkg//meshes/m1013_white/MF1013_6_0.dae
[1.079s] -- Up-to-date: /home/yuritvr/PFC/wenis_ws/install/arm_pkg/share/arm_pkg//meshes/m1013_white/MF1013_0_0.dae
[1.094s] -- Up-to-date: /home/yuritvr/PFC/wenis_ws/install/arm_pkg/share/arm_pkg//meshes/m1013_white/MF1013_2_0.dae
[1.095s] -- Up-to-date: /home/yuritvr/PFC/wenis_ws/install/arm_pkg/share/arm_pkg//config
[1.097s] -- Up-to-date: /home/yuritvr/PFC/wenis_ws/install/arm_pkg/share/arm_pkg//config/simple_controller.yaml
[1.098s] -- Up-to-date: /home/yuritvr/PFC/wenis_ws/install/arm_pkg/share/ament_index/resource_index/package_run_dependencies/arm_pkg
[1.100s] -- Up-to-date: /home/yuritvr/PFC/wenis_ws/install/arm_pkg/share/ament_index/resource_index/parent_prefix_path/arm_pkg
[1.110s] -- Up-to-date: /home/yuritvr/PFC/wenis_ws/install/arm_pkg/share/arm_pkg/environment/ament_prefix_path.sh
[1.114s] -- Up-to-date: /home/yuritvr/PFC/wenis_ws/install/arm_pkg/share/arm_pkg/environment/ament_prefix_path.dsv
[1.120s] -- Up-to-date: /home/yuritvr/PFC/wenis_ws/install/arm_pkg/share/arm_pkg/environment/path.sh
[1.122s] -- Up-to-date: /home/yuritvr/PFC/wenis_ws/install/arm_pkg/share/arm_pkg/environment/path.dsv
[1.123s] -- Up-to-date: /home/yuritvr/PFC/wenis_ws/install/arm_pkg/share/arm_pkg/local_setup.bash
[1.123s] -- Up-to-date: /home/yuritvr/PFC/wenis_ws/install/arm_pkg/share/arm_pkg/local_setup.sh
[1.123s] -- Up-to-date: /home/yuritvr/PFC/wenis_ws/install/arm_pkg/share/arm_pkg/local_setup.zsh
[1.124s] -- Up-to-date: /home/yuritvr/PFC/wenis_ws/install/arm_pkg/share/arm_pkg/local_setup.dsv
[1.124s] -- Installing: /home/yuritvr/PFC/wenis_ws/install/arm_pkg/share/arm_pkg/package.dsv
[1.124s] -- Up-to-date: /home/yuritvr/PFC/wenis_ws/install/arm_pkg/share/ament_index/resource_index/packages/arm_pkg
[1.124s] -- Up-to-date: /home/yuritvr/PFC/wenis_ws/install/arm_pkg/share/arm_pkg/cmake/arm_pkgConfig.cmake
[1.125s] -- Up-to-date: /home/yuritvr/PFC/wenis_ws/install/arm_pkg/share/arm_pkg/cmake/arm_pkgConfig-version.cmake
[1.125s] -- Up-to-date: /home/yuritvr/PFC/wenis_ws/install/arm_pkg/share/arm_pkg/package.xml
[1.264s] Invoked command in '/home/yuritvr/PFC/wenis_ws/build/arm_pkg' returned '0': CMAKE_PREFIX_PATH=${CMAKE_PREFIX_PATH}:/home/yuritvr/PFC/wenis_ws/install/robotiq_85_driver:/opt/ros/humble /usr/bin/cmake --install /home/yuritvr/PFC/wenis_ws/build/arm_pkg
