[0.027s] Invoking command in '/home/yuritvr/PFC/wenis_ws/build/robotiq_85_msgs': /usr/bin/cmake --build /home/yuritvr/PFC/wenis_ws/build/robotiq_85_msgs -- -j8 -l8
[0.125s] [ 10%] Built target robotiq_85_msgs__rosidl_generator_c
[0.133s] [ 12%] Built target robotiq_85_msgs__cpp
[0.179s] [ 12%] Built target ament_cmake_python_copy_robotiq_85_msgs
[0.203s] [ 23%] Built target robotiq_85_msgs__rosidl_typesupport_fastrtps_c
[0.219s] [ 33%] Built target robotiq_85_msgs__rosidl_typesupport_introspection_cpp
[0.221s] [ 43%] Built target robotiq_85_msgs__rosidl_typesupport_introspection_c
[0.239s] [ 53%] Built target robotiq_85_msgs__rosidl_typesupport_c
[0.291s] [ 64%] Built target robotiq_85_msgs__rosidl_typesupport_cpp
[0.292s] [ 74%] Built target robotiq_85_msgs__rosidl_typesupport_fastrtps_cpp
[0.308s] [ 74%] Built target robotiq_85_msgs
[0.338s] [ 76%] Built target robotiq_85_msgs__py
[0.385s] [ 84%] Built target robotiq_85_msgs__rosidl_generator_py
[0.431s] [ 89%] Built target robotiq_85_msgs__rosidl_typesupport_introspection_c__pyext
[0.432s] [ 94%] Built target robotiq_85_msgs__rosidl_typesupport_fastrtps_c__pyext
[0.433s] [100%] Built target robotiq_85_msgs__rosidl_typesupport_c__pyext
[0.765s] running egg_info
[0.767s] writing robotiq_85_msgs.egg-info/PKG-INFO
[0.768s] writing dependency_links to robotiq_85_msgs.egg-info/dependency_links.txt
[0.768s] writing top-level names to robotiq_85_msgs.egg-info/top_level.txt
[0.770s] reading manifest file 'robotiq_85_msgs.egg-info/SOURCES.txt'
[0.770s] writing manifest file 'robotiq_85_msgs.egg-info/SOURCES.txt'
[0.795s] [100%] Built target ament_cmake_python_build_robotiq_85_msgs_egg
