-- Install configuration: ""
-- Up-to-date: /home/yuritvr/PFC/pfc_ws/install/pfc_moveit/share/ament_index/resource_index/package_run_dependencies/pfc_moveit
-- Up-to-date: /home/yuritvr/PFC/pfc_ws/install/pfc_moveit/share/ament_index/resource_index/parent_prefix_path/pfc_moveit
-- Up-to-date: /home/yuritvr/PFC/pfc_ws/install/pfc_moveit/share/pfc_moveit/environment/ament_prefix_path.sh
-- Up-to-date: /home/yuritvr/PFC/pfc_ws/install/pfc_moveit/share/pfc_moveit/environment/ament_prefix_path.dsv
-- Up-to-date: /home/yuritvr/PFC/pfc_ws/install/pfc_moveit/share/pfc_moveit/environment/path.sh
-- Up-to-date: /home/yuritvr/PFC/pfc_ws/install/pfc_moveit/share/pfc_moveit/environment/path.dsv
-- Up-to-date: /home/yuritvr/PFC/pfc_ws/install/pfc_moveit/share/pfc_moveit/local_setup.bash
-- Up-to-date: /home/yuritvr/PFC/pfc_ws/install/pfc_moveit/share/pfc_moveit/local_setup.sh
-- Up-to-date: /home/yuritvr/PFC/pfc_ws/install/pfc_moveit/share/pfc_moveit/local_setup.zsh
-- Up-to-date: /home/yuritvr/PFC/pfc_ws/install/pfc_moveit/share/pfc_moveit/local_setup.dsv
-- Installing: /home/yuritvr/PFC/pfc_ws/install/pfc_moveit/share/pfc_moveit/package.dsv
-- Up-to-date: /home/yuritvr/PFC/pfc_ws/install/pfc_moveit/share/ament_index/resource_index/packages/pfc_moveit
-- Up-to-date: /home/yuritvr/PFC/pfc_ws/install/pfc_moveit/share/pfc_moveit/cmake/pfc_moveitConfig.cmake
-- Up-to-date: /home/yuritvr/PFC/pfc_ws/install/pfc_moveit/share/pfc_moveit/cmake/pfc_moveitConfig-version.cmake
-- Up-to-date: /home/yuritvr/PFC/pfc_ws/install/pfc_moveit/share/pfc_moveit/package.xml
-- Up-to-date: /home/yuritvr/PFC/pfc_ws/install/pfc_moveit/share/pfc_moveit/launch
-- Up-to-date: /home/yuritvr/PFC/pfc_ws/install/pfc_moveit/share/pfc_moveit/launch/static_virtual_joint_tfs.launch.py
-- Up-to-date: /home/yuritvr/PFC/pfc_ws/install/pfc_moveit/share/pfc_moveit/launch/moveit_rviz.launch.py
-- Up-to-date: /home/yuritvr/PFC/pfc_ws/install/pfc_moveit/share/pfc_moveit/launch/spawn_controllers.launch.py
-- Up-to-date: /home/yuritvr/PFC/pfc_ws/install/pfc_moveit/share/pfc_moveit/launch/rsp.launch.py
-- Up-to-date: /home/yuritvr/PFC/pfc_ws/install/pfc_moveit/share/pfc_moveit/launch/move_group.launch.py
-- Up-to-date: /home/yuritvr/PFC/pfc_ws/install/pfc_moveit/share/pfc_moveit/launch/warehouse_db.launch.py
-- Up-to-date: /home/yuritvr/PFC/pfc_ws/install/pfc_moveit/share/pfc_moveit/launch/demo.launch.py
-- Up-to-date: /home/yuritvr/PFC/pfc_ws/install/pfc_moveit/share/pfc_moveit/launch/setup_assistant.launch.py
-- Up-to-date: /home/yuritvr/PFC/pfc_ws/install/pfc_moveit/share/pfc_moveit/launch/__pycache__
-- Up-to-date: /home/yuritvr/PFC/pfc_ws/install/pfc_moveit/share/pfc_moveit/launch/__pycache__/demo.launch.cpython-310.pyc
-- Up-to-date: /home/yuritvr/PFC/pfc_ws/install/pfc_moveit/share/pfc_moveit/config
-- Up-to-date: /home/yuritvr/PFC/pfc_ws/install/pfc_moveit/share/pfc_moveit/config/joint_limits.yaml
-- Up-to-date: /home/yuritvr/PFC/pfc_ws/install/pfc_moveit/share/pfc_moveit/config/ur3e_robotiq.srdf
-- Up-to-date: /home/yuritvr/PFC/pfc_ws/install/pfc_moveit/share/pfc_moveit/config/moveit.rviz
-- Up-to-date: /home/yuritvr/PFC/pfc_ws/install/pfc_moveit/share/pfc_moveit/config/kinematics.yaml
-- Up-to-date: /home/yuritvr/PFC/pfc_ws/install/pfc_moveit/share/pfc_moveit/config/moveit_controllers.yaml
-- Up-to-date: /home/yuritvr/PFC/pfc_ws/install/pfc_moveit/share/pfc_moveit/config/ur3e_robotiq.urdf.xacro
-- Up-to-date: /home/yuritvr/PFC/pfc_ws/install/pfc_moveit/share/pfc_moveit/config/ros2_controllers.yaml
-- Up-to-date: /home/yuritvr/PFC/pfc_ws/install/pfc_moveit/share/pfc_moveit/config/ur3e_robotiq.ros2_control.xacro
-- Up-to-date: /home/yuritvr/PFC/pfc_ws/install/pfc_moveit/share/pfc_moveit/config/pilz_cartesian_limits.yaml
-- Up-to-date: /home/yuritvr/PFC/pfc_ws/install/pfc_moveit/share/pfc_moveit/config/initial_positions.yaml
-- Up-to-date: /home/yuritvr/PFC/pfc_ws/install/pfc_moveit/share/pfc_moveit/.setup_assistant
