[0.023s] Invoking command in '/home/yuritvr/PFC/pfc_ws/build/pfcbot': CMAKE_PREFIX_PATH=/opt/ros/humble /usr/bin/cmake --build /home/yuritvr/PFC/pfc_ws/build/pfcbot -- -j8 -l8
[0.113s] Invoked command in '/home/yuritvr/PFC/pfc_ws/build/pfcbot' returned '0': CMAKE_PREFIX_PATH=/opt/ros/humble /usr/bin/cmake --build /home/yuritvr/PFC/pfc_ws/build/pfcbot -- -j8 -l8
[0.204s] Invoking command in '/home/yuritvr/PFC/pfc_ws/build/pfcbot': CMAKE_PREFIX_PATH=/opt/ros/humble /usr/bin/cmake --install /home/yuritvr/PFC/pfc_ws/build/pfcbot
[0.231s] -- Install configuration: ""
[0.232s] -- Up-to-date: /home/yuritvr/PFC/pfc_ws/install/pfcbot/share/ament_index/resource_index/package_run_dependencies/pfcbot
[0.233s] -- Up-to-date: /home/yuritvr/PFC/pfc_ws/install/pfcbot/share/ament_index/resource_index/parent_prefix_path/pfcbot
[0.233s] -- Up-to-date: /home/yuritvr/PFC/pfc_ws/install/pfcbot/share/pfcbot/environment/ament_prefix_path.sh
[0.234s] -- Up-to-date: /home/yuritvr/PFC/pfc_ws/install/pfcbot/share/pfcbot/environment/ament_prefix_path.dsv
[0.235s] -- Up-to-date: /home/yuritvr/PFC/pfc_ws/install/pfcbot/share/pfcbot/environment/path.sh
[0.235s] -- Up-to-date: /home/yuritvr/PFC/pfc_ws/install/pfcbot/share/pfcbot/environment/path.dsv
[0.235s] -- Up-to-date: /home/yuritvr/PFC/pfc_ws/install/pfcbot/share/pfcbot/local_setup.bash
[0.235s] -- Up-to-date: /home/yuritvr/PFC/pfc_ws/install/pfcbot/share/pfcbot/local_setup.sh
[0.236s] -- Up-to-date: /home/yuritvr/PFC/pfc_ws/install/pfcbot/share/pfcbot/local_setup.zsh
[0.236s] -- Up-to-date: /home/yuritvr/PFC/pfc_ws/install/pfcbot/share/pfcbot/local_setup.dsv
[0.236s] -- Installing: /home/yuritvr/PFC/pfc_ws/install/pfcbot/share/pfcbot/package.dsv
[0.236s] -- Up-to-date: /home/yuritvr/PFC/pfc_ws/install/pfcbot/share/ament_index/resource_index/packages/pfcbot
[0.237s] -- Up-to-date: /home/yuritvr/PFC/pfc_ws/install/pfcbot/share/pfcbot/cmake/pfcbotConfig.cmake
[0.237s] -- Up-to-date: /home/yuritvr/PFC/pfc_ws/install/pfcbot/share/pfcbot/cmake/pfcbotConfig-version.cmake
[0.237s] -- Up-to-date: /home/yuritvr/PFC/pfc_ws/install/pfcbot/share/pfcbot/package.xml
[0.241s] Invoked command in '/home/yuritvr/PFC/pfc_ws/build/pfcbot' returned '0': CMAKE_PREFIX_PATH=/opt/ros/humble /usr/bin/cmake --install /home/yuritvr/PFC/pfc_ws/build/pfcbot
