[0.132s] Invoking command in '/home/yuritvr/PFC/wenis_ws/build/platform': CMAKE_PREFIX_PATH=${CMAKE_PREFIX_PATH}:/opt/ros/humble /usr/bin/cmake --build /home/yuritvr/PFC/wenis_ws/build/platform -- -j8 -l8
[0.394s] Invoked command in '/home/yuritvr/PFC/wenis_ws/build/platform' returned '0': CMAKE_PREFIX_PATH=${CMAKE_PREFIX_PATH}:/opt/ros/humble /usr/bin/cmake --build /home/yuritvr/PFC/wenis_ws/build/platform -- -j8 -l8
[0.892s] Invoking command in '/home/yuritvr/PFC/wenis_ws/build/platform': CMAKE_PREFIX_PATH=${CMAKE_PREFIX_PATH}:/opt/ros/humble /usr/bin/cmake --install /home/yuritvr/PFC/wenis_ws/build/platform
[1.091s] -- Install configuration: ""
[1.092s] -- Up-to-date: /home/yuritvr/PFC/wenis_ws/install/platform/share/ament_index/resource_index/package_run_dependencies/platform
[1.101s] -- Up-to-date: /home/yuritvr/PFC/wenis_ws/install/platform/share/ament_index/resource_index/parent_prefix_path/platform
[1.101s] -- Up-to-date: /home/yuritvr/PFC/wenis_ws/install/platform/share/platform/environment/ament_prefix_path.sh
[1.103s] -- Up-to-date: /home/yuritvr/PFC/wenis_ws/install/platform/share/platform/environment/ament_prefix_path.dsv
[1.104s] -- Up-to-date: /home/yuritvr/PFC/wenis_ws/install/platform/share/platform/environment/path.sh
[1.105s] -- Up-to-date: /home/yuritvr/PFC/wenis_ws/install/platform/share/platform/environment/path.dsv
[1.105s] -- Up-to-date: /home/yuritvr/PFC/wenis_ws/install/platform/share/platform/local_setup.bash
[1.105s] -- Up-to-date: /home/yuritvr/PFC/wenis_ws/install/platform/share/platform/local_setup.sh
[1.105s] -- Up-to-date: /home/yuritvr/PFC/wenis_ws/install/platform/share/platform/local_setup.zsh
[1.106s] -- Up-to-date: /home/yuritvr/PFC/wenis_ws/install/platform/share/platform/local_setup.dsv
[1.106s] -- Installing: /home/yuritvr/PFC/wenis_ws/install/platform/share/platform/package.dsv
[1.107s] -- Up-to-date: /home/yuritvr/PFC/wenis_ws/install/platform/share/ament_index/resource_index/packages/platform
[1.124s] -- Up-to-date: /home/yuritvr/PFC/wenis_ws/install/platform/share/platform/cmake/platformConfig.cmake
[1.125s] -- Up-to-date: /home/yuritvr/PFC/wenis_ws/install/platform/share/platform/cmake/platformConfig-version.cmake
[1.127s] -- Up-to-date: /home/yuritvr/PFC/wenis_ws/install/platform/share/platform/package.xml
[1.320s] Invoked command in '/home/yuritvr/PFC/wenis_ws/build/platform' returned '0': CMAKE_PREFIX_PATH=${CMAKE_PREFIX_PATH}:/opt/ros/humble /usr/bin/cmake --install /home/yuritvr/PFC/wenis_ws/build/platform
