[0.011s] Invoking command in '/home/yuritvr/PFC/pfc_ws/build/ur_robotiq_description': CMAKE_PREFIX_PATH=${CMAKE_PREFIX_PATH}:/opt/ros/humble /usr/bin/cmake --build /home/yuritvr/PFC/pfc_ws/build/ur_robotiq_description -- -j8 -l8
[0.050s] Invoked command in '/home/yuritvr/PFC/pfc_ws/build/ur_robotiq_description' returned '0': CMAKE_PREFIX_PATH=${CMAKE_PREFIX_PATH}:/opt/ros/humble /usr/bin/cmake --build /home/yuritvr/PFC/pfc_ws/build/ur_robotiq_description -- -j8 -l8
[0.080s] Invoking command in '/home/yuritvr/PFC/pfc_ws/build/ur_robotiq_description': CMAKE_PREFIX_PATH=${CMAKE_PREFIX_PATH}:/opt/ros/humble /usr/bin/cmake --install /home/yuritvr/PFC/pfc_ws/build/ur_robotiq_description
[0.087s] -- Install configuration: ""
[0.087s] -- Up-to-date: /home/yuritvr/PFC/pfc_ws/install/ur_robotiq_description/share/ur_robotiq_description/launch
[0.087s] -- Up-to-date: /home/yuritvr/PFC/pfc_ws/install/ur_robotiq_description/share/ur_robotiq_description/launch/gazebo_model.launch.py
[0.087s] -- Up-to-date: /home/yuritvr/PFC/pfc_ws/install/ur_robotiq_description/share/ur_robotiq_description/urdf
[0.087s] -- Up-to-date: /home/yuritvr/PFC/pfc_ws/install/ur_robotiq_description/share/ur_robotiq_description/urdf/robot.gazebo
[0.087s] -- Up-to-date: /home/yuritvr/PFC/pfc_ws/install/ur_robotiq_description/share/ur_robotiq_description/urdf/empty_world.world
[0.087s] -- Up-to-date: /home/yuritvr/PFC/pfc_ws/install/ur_robotiq_description/share/ur_robotiq_description/urdf/ur3e_robotiq_2f_85_urdf.xacro
[0.087s] -- Up-to-date: /home/yuritvr/PFC/pfc_ws/install/ur_robotiq_description/share/ur_robotiq_description/urdf/robotiq_2f_85_urdf.xacro
[0.087s] -- Up-to-date: /home/yuritvr/PFC/pfc_ws/install/ur_robotiq_description/share/ur_robotiq_description/urdf/ur3e_urdf.xacro
[0.087s] -- Up-to-date: /home/yuritvr/PFC/pfc_ws/install/ur_robotiq_description/share/ament_index/resource_index/package_run_dependencies/ur_robotiq_description
[0.087s] -- Up-to-date: /home/yuritvr/PFC/pfc_ws/install/ur_robotiq_description/share/ament_index/resource_index/parent_prefix_path/ur_robotiq_description
[0.087s] -- Up-to-date: /home/yuritvr/PFC/pfc_ws/install/ur_robotiq_description/share/ur_robotiq_description/environment/ament_prefix_path.sh
[0.087s] -- Up-to-date: /home/yuritvr/PFC/pfc_ws/install/ur_robotiq_description/share/ur_robotiq_description/environment/ament_prefix_path.dsv
[0.088s] -- Up-to-date: /home/yuritvr/PFC/pfc_ws/install/ur_robotiq_description/share/ur_robotiq_description/environment/path.sh
[0.088s] -- Up-to-date: /home/yuritvr/PFC/pfc_ws/install/ur_robotiq_description/share/ur_robotiq_description/environment/path.dsv
[0.088s] -- Up-to-date: /home/yuritvr/PFC/pfc_ws/install/ur_robotiq_description/share/ur_robotiq_description/local_setup.bash
[0.088s] -- Up-to-date: /home/yuritvr/PFC/pfc_ws/install/ur_robotiq_description/share/ur_robotiq_description/local_setup.sh
[0.088s] -- Up-to-date: /home/yuritvr/PFC/pfc_ws/install/ur_robotiq_description/share/ur_robotiq_description/local_setup.zsh
[0.088s] -- Up-to-date: /home/yuritvr/PFC/pfc_ws/install/ur_robotiq_description/share/ur_robotiq_description/local_setup.dsv
[0.088s] -- Installing: /home/yuritvr/PFC/pfc_ws/install/ur_robotiq_description/share/ur_robotiq_description/package.dsv
[0.088s] -- Up-to-date: /home/yuritvr/PFC/pfc_ws/install/ur_robotiq_description/share/ament_index/resource_index/packages/ur_robotiq_description
[0.088s] -- Up-to-date: /home/yuritvr/PFC/pfc_ws/install/ur_robotiq_description/share/ur_robotiq_description/cmake/ur_robotiq_descriptionConfig.cmake
[0.088s] -- Up-to-date: /home/yuritvr/PFC/pfc_ws/install/ur_robotiq_description/share/ur_robotiq_description/cmake/ur_robotiq_descriptionConfig-version.cmake
[0.088s] -- Up-to-date: /home/yuritvr/PFC/pfc_ws/install/ur_robotiq_description/share/ur_robotiq_description/package.xml
[0.090s] Invoked command in '/home/yuritvr/PFC/pfc_ws/build/ur_robotiq_description' returned '0': CMAKE_PREFIX_PATH=${CMAKE_PREFIX_PATH}:/opt/ros/humble /usr/bin/cmake --install /home/yuritvr/PFC/pfc_ws/build/ur_robotiq_description
