[0.025s] Invoking command in '/home/yuritvr/PFC/pfc_ws/build/moveit_config': AMENT_PREFIX_PATH=/home/yuritvr/PFC/pfc_ws/install/arm_pkg:${AMENT_PREFIX_PATH} CMAKE_PREFIX_PATH=/home/yuritvr/PFC/pfc_ws/install/arm_pkg:/opt/ros/humble /usr/bin/cmake /home/yuritvr/PFC/pfc_ws/src/arm_pkg_moveit_config -DCMAKE_INSTALL_PREFIX=/home/yuritvr/PFC/pfc_ws/install/moveit_config
[0.071s] -- Found ament_cmake: 1.3.9 (/opt/ros/humble/share/ament_cmake/cmake)
[0.678s] -- Configuring done
[0.687s] -- Generating done
[0.689s] -- Build files have been written to: /home/yuritvr/PFC/pfc_ws/build/moveit_config
[0.697s] Invoked command in '/home/yuritvr/PFC/pfc_ws/build/moveit_config' returned '0': AMENT_PREFIX_PATH=/home/yuritvr/PFC/pfc_ws/install/arm_pkg:${AMENT_PREFIX_PATH} CMAKE_PREFIX_PATH=/home/yuritvr/PFC/pfc_ws/install/arm_pkg:/opt/ros/humble /usr/bin/cmake /home/yuritvr/PFC/pfc_ws/src/arm_pkg_moveit_config -DCMAKE_INSTALL_PREFIX=/home/yuritvr/PFC/pfc_ws/install/moveit_config
[0.702s] Invoking command in '/home/yuritvr/PFC/pfc_ws/build/moveit_config': AMENT_PREFIX_PATH=/home/yuritvr/PFC/pfc_ws/install/arm_pkg:${AMENT_PREFIX_PATH} CMAKE_PREFIX_PATH=/home/yuritvr/PFC/pfc_ws/install/arm_pkg:/opt/ros/humble /usr/bin/cmake --build /home/yuritvr/PFC/pfc_ws/build/moveit_config -- -j8 -l8
[0.846s] Invoked command in '/home/yuritvr/PFC/pfc_ws/build/moveit_config' returned '0': AMENT_PREFIX_PATH=/home/yuritvr/PFC/pfc_ws/install/arm_pkg:${AMENT_PREFIX_PATH} CMAKE_PREFIX_PATH=/home/yuritvr/PFC/pfc_ws/install/arm_pkg:/opt/ros/humble /usr/bin/cmake --build /home/yuritvr/PFC/pfc_ws/build/moveit_config -- -j8 -l8
[0.932s] Invoking command in '/home/yuritvr/PFC/pfc_ws/build/moveit_config': AMENT_PREFIX_PATH=/home/yuritvr/PFC/pfc_ws/install/arm_pkg:${AMENT_PREFIX_PATH} CMAKE_PREFIX_PATH=/home/yuritvr/PFC/pfc_ws/install/arm_pkg:/opt/ros/humble /usr/bin/cmake --install /home/yuritvr/PFC/pfc_ws/build/moveit_config
[0.961s] -- Install configuration: ""
[0.962s] -- Installing: /home/yuritvr/PFC/pfc_ws/install/moveit_config/share/ament_index/resource_index/package_run_dependencies/moveit_config
[0.962s] -- Installing: /home/yuritvr/PFC/pfc_ws/install/moveit_config/share/ament_index/resource_index/parent_prefix_path/moveit_config
[0.963s] -- Installing: /home/yuritvr/PFC/pfc_ws/install/moveit_config/share/moveit_config/environment/ament_prefix_path.sh
[0.964s] -- Installing: /home/yuritvr/PFC/pfc_ws/install/moveit_config/share/moveit_config/environment/ament_prefix_path.dsv
[0.964s] -- Installing: /home/yuritvr/PFC/pfc_ws/install/moveit_config/share/moveit_config/environment/path.sh
[0.965s] -- Installing: /home/yuritvr/PFC/pfc_ws/install/moveit_config/share/moveit_config/environment/path.dsv
[0.966s] -- Installing: /home/yuritvr/PFC/pfc_ws/install/moveit_config/share/moveit_config/local_setup.bash
[0.966s] -- Installing: /home/yuritvr/PFC/pfc_ws/install/moveit_config/share/moveit_config/local_setup.sh
[0.967s] -- Installing: /home/yuritvr/PFC/pfc_ws/install/moveit_config/share/moveit_config/local_setup.zsh
[0.967s] -- Installing: /home/yuritvr/PFC/pfc_ws/install/moveit_config/share/moveit_config/local_setup.dsv
[0.968s] -- Installing: /home/yuritvr/PFC/pfc_ws/install/moveit_config/share/moveit_config/package.dsv
[0.969s] -- Installing: /home/yuritvr/PFC/pfc_ws/install/moveit_config/share/ament_index/resource_index/packages/moveit_config
[0.970s] -- Installing: /home/yuritvr/PFC/pfc_ws/install/moveit_config/share/moveit_config/cmake/moveit_configConfig.cmake
[0.970s] -- Installing: /home/yuritvr/PFC/pfc_ws/install/moveit_config/share/moveit_config/cmake/moveit_configConfig-version.cmake
[0.971s] -- Installing: /home/yuritvr/PFC/pfc_ws/install/moveit_config/share/moveit_config/package.xml
[0.971s] -- Installing: /home/yuritvr/PFC/pfc_ws/install/moveit_config/share/moveit_config/launch
[0.972s] -- Installing: /home/yuritvr/PFC/pfc_ws/install/moveit_config/share/moveit_config/launch/static_virtual_joint_tfs.launch.py
[0.973s] -- Installing: /home/yuritvr/PFC/pfc_ws/install/moveit_config/share/moveit_config/launch/moveit_rviz.launch.py
[0.973s] -- Installing: /home/yuritvr/PFC/pfc_ws/install/moveit_config/share/moveit_config/launch/spawn_controllers.launch.py
[0.974s] -- Installing: /home/yuritvr/PFC/pfc_ws/install/moveit_config/share/moveit_config/launch/rsp.launch.py
[0.974s] -- Installing: /home/yuritvr/PFC/pfc_ws/install/moveit_config/share/moveit_config/launch/move_group.launch.py
[0.974s] -- Installing: /home/yuritvr/PFC/pfc_ws/install/moveit_config/share/moveit_config/launch/warehouse_db.launch.py
[0.975s] -- Installing: /home/yuritvr/PFC/pfc_ws/install/moveit_config/share/moveit_config/launch/demo.launch.py
[0.975s] -- Installing: /home/yuritvr/PFC/pfc_ws/install/moveit_config/share/moveit_config/launch/setup_assistant.launch.py
[0.976s] -- Installing: /home/yuritvr/PFC/pfc_ws/install/moveit_config/share/moveit_config/config
[0.976s] -- Installing: /home/yuritvr/PFC/pfc_ws/install/moveit_config/share/moveit_config/config/joint_limits.yaml
[0.976s] -- Installing: /home/yuritvr/PFC/pfc_ws/install/moveit_config/share/moveit_config/config/moveit.rviz
[0.977s] -- Installing: /home/yuritvr/PFC/pfc_ws/install/moveit_config/share/moveit_config/config/robot_description.urdf.xacro
[0.977s] -- Installing: /home/yuritvr/PFC/pfc_ws/install/moveit_config/share/moveit_config/config/robot_description.srdf
[0.978s] -- Installing: /home/yuritvr/PFC/pfc_ws/install/moveit_config/share/moveit_config/config/robot_description.ros2_control.xacro
[0.978s] -- Installing: /home/yuritvr/PFC/pfc_ws/install/moveit_config/share/moveit_config/config/sensors_3d.yaml
[0.979s] -- Installing: /home/yuritvr/PFC/pfc_ws/install/moveit_config/share/moveit_config/config/kinematics.yaml
[0.979s] -- Installing: /home/yuritvr/PFC/pfc_ws/install/moveit_config/share/moveit_config/config/moveit_controllers.yaml
[0.980s] -- Installing: /home/yuritvr/PFC/pfc_ws/install/moveit_config/share/moveit_config/config/pilz_cartesian_limits.yaml
[0.980s] -- Installing: /home/yuritvr/PFC/pfc_ws/install/moveit_config/share/moveit_config/config/initial_positions.yaml
[0.980s] -- Installing: /home/yuritvr/PFC/pfc_ws/install/moveit_config/share/moveit_config/.setup_assistant
[0.988s] Invoked command in '/home/yuritvr/PFC/pfc_ws/build/moveit_config' returned '0': AMENT_PREFIX_PATH=/home/yuritvr/PFC/pfc_ws/install/arm_pkg:${AMENT_PREFIX_PATH} CMAKE_PREFIX_PATH=/home/yuritvr/PFC/pfc_ws/install/arm_pkg:/opt/ros/humble /usr/bin/cmake --install /home/yuritvr/PFC/pfc_ws/build/moveit_config
