[0.196s] Invoking command in '/home/yuritvr/PFC/wenis_ws/build/moveit2_scripts': CMAKE_PREFIX_PATH=${CMAKE_PREFIX_PATH}:/opt/ros/humble /usr/bin/cmake --build /home/yuritvr/PFC/wenis_ws/build/moveit2_scripts -- -j8 -l8
[0.439s] [ 25%] Built target test_end_effector_trajectory
[0.457s] [ 50%] Built target two_postions
[0.458s] [ 75%] Built target test_trajectory
[0.490s] [100%] Built target test_gripper
[0.552s] Invoked command in '/home/yuritvr/PFC/wenis_ws/build/moveit2_scripts' returned '0': CMAKE_PREFIX_PATH=${CMAKE_PREFIX_PATH}:/opt/ros/humble /usr/bin/cmake --build /home/yuritvr/PFC/wenis_ws/build/moveit2_scripts -- -j8 -l8
[0.826s] Invoking command in '/home/yuritvr/PFC/wenis_ws/build/moveit2_scripts': CMAKE_PREFIX_PATH=${CMAKE_PREFIX_PATH}:/opt/ros/humble /usr/bin/cmake --install /home/yuritvr/PFC/wenis_ws/build/moveit2_scripts
[0.876s] -- Install configuration: ""
[0.877s] -- Up-to-date: /home/yuritvr/PFC/wenis_ws/install/moveit2_scripts/lib/moveit2_scripts/test_trajectory
[0.882s] -- Up-to-date: /home/yuritvr/PFC/wenis_ws/install/moveit2_scripts/lib/moveit2_scripts/test_end_effector_trajectory
[0.883s] -- Up-to-date: /home/yuritvr/PFC/wenis_ws/install/moveit2_scripts/lib/moveit2_scripts/two_postions
[0.884s] -- Up-to-date: /home/yuritvr/PFC/wenis_ws/install/moveit2_scripts/lib/moveit2_scripts/test_gripper
[0.885s] -- Up-to-date: /home/yuritvr/PFC/wenis_ws/install/moveit2_scripts/share/moveit2_scripts/launch
[0.885s] -- Up-to-date: /home/yuritvr/PFC/wenis_ws/install/moveit2_scripts/share/moveit2_scripts/launch/test_trajectory.launch.py
[0.886s] -- Up-to-date: /home/yuritvr/PFC/wenis_ws/install/moveit2_scripts/share/moveit2_scripts/launch/test_trajectory2.launch.py
[0.886s] -- Up-to-date: /home/yuritvr/PFC/wenis_ws/install/moveit2_scripts/share/moveit2_scripts/launch/test_trajectory3.launch.py
[0.886s] -- Up-to-date: /home/yuritvr/PFC/wenis_ws/install/moveit2_scripts/share/moveit2_scripts/launch/test_gripper.launch.py
[0.886s] -- Up-to-date: /home/yuritvr/PFC/wenis_ws/install/moveit2_scripts/share/ament_index/resource_index/package_run_dependencies/moveit2_scripts
[0.887s] -- Up-to-date: /home/yuritvr/PFC/wenis_ws/install/moveit2_scripts/share/ament_index/resource_index/parent_prefix_path/moveit2_scripts
[0.887s] -- Up-to-date: /home/yuritvr/PFC/wenis_ws/install/moveit2_scripts/share/moveit2_scripts/environment/ament_prefix_path.sh
[0.888s] -- Up-to-date: /home/yuritvr/PFC/wenis_ws/install/moveit2_scripts/share/moveit2_scripts/environment/ament_prefix_path.dsv
[0.889s] -- Up-to-date: /home/yuritvr/PFC/wenis_ws/install/moveit2_scripts/share/moveit2_scripts/environment/path.sh
[0.889s] -- Up-to-date: /home/yuritvr/PFC/wenis_ws/install/moveit2_scripts/share/moveit2_scripts/environment/path.dsv
[0.890s] -- Up-to-date: /home/yuritvr/PFC/wenis_ws/install/moveit2_scripts/share/moveit2_scripts/local_setup.bash
[0.891s] -- Up-to-date: /home/yuritvr/PFC/wenis_ws/install/moveit2_scripts/share/moveit2_scripts/local_setup.sh
[0.891s] -- Up-to-date: /home/yuritvr/PFC/wenis_ws/install/moveit2_scripts/share/moveit2_scripts/local_setup.zsh
[0.892s] -- Up-to-date: /home/yuritvr/PFC/wenis_ws/install/moveit2_scripts/share/moveit2_scripts/local_setup.dsv
[0.893s] -- Installing: /home/yuritvr/PFC/wenis_ws/install/moveit2_scripts/share/moveit2_scripts/package.dsv
[0.894s] -- Up-to-date: /home/yuritvr/PFC/wenis_ws/install/moveit2_scripts/share/ament_index/resource_index/packages/moveit2_scripts
[0.896s] -- Up-to-date: /home/yuritvr/PFC/wenis_ws/install/moveit2_scripts/share/moveit2_scripts/cmake/moveit2_scriptsConfig.cmake
[0.912s] -- Up-to-date: /home/yuritvr/PFC/wenis_ws/install/moveit2_scripts/share/moveit2_scripts/cmake/moveit2_scriptsConfig-version.cmake
[0.913s] -- Up-to-date: /home/yuritvr/PFC/wenis_ws/install/moveit2_scripts/share/moveit2_scripts/package.xml
[0.921s] Invoked command in '/home/yuritvr/PFC/wenis_ws/build/moveit2_scripts' returned '0': CMAKE_PREFIX_PATH=${CMAKE_PREFIX_PATH}:/opt/ros/humble /usr/bin/cmake --install /home/yuritvr/PFC/wenis_ws/build/moveit2_scripts
