[0.088s] Invoking command in '/home/yuritvr/PFC/wenis_ws/build/get_pose_client': /usr/bin/cmake --build /home/yuritvr/PFC/wenis_ws/build/get_pose_client -- -j8 -l8
[0.326s] [100%] Built target get_pose_client
[0.364s] Invoked command in '/home/yuritvr/PFC/wenis_ws/build/get_pose_client' returned '0': /usr/bin/cmake --build /home/yuritvr/PFC/wenis_ws/build/get_pose_client -- -j8 -l8
[0.548s] Invoking command in '/home/yuritvr/PFC/wenis_ws/build/get_pose_client': /usr/bin/cmake --install /home/yuritvr/PFC/wenis_ws/build/get_pose_client
[0.556s] -- Install configuration: ""
[0.557s] -- Up-to-date: /home/yuritvr/PFC/wenis_ws/install/get_pose_client/lib/get_pose_client/get_pose_client
[0.557s] -- Up-to-date: /home/yuritvr/PFC/wenis_ws/install/get_pose_client/share/ament_index/resource_index/package_run_dependencies/get_pose_client
[0.558s] -- Up-to-date: /home/yuritvr/PFC/wenis_ws/install/get_pose_client/share/ament_index/resource_index/parent_prefix_path/get_pose_client
[0.559s] -- Up-to-date: /home/yuritvr/PFC/wenis_ws/install/get_pose_client/share/get_pose_client/environment/ament_prefix_path.sh
[0.560s] -- Up-to-date: /home/yuritvr/PFC/wenis_ws/install/get_pose_client/share/get_pose_client/environment/ament_prefix_path.dsv
[0.560s] -- Up-to-date: /home/yuritvr/PFC/wenis_ws/install/get_pose_client/share/get_pose_client/environment/path.sh
[0.560s] -- Up-to-date: /home/yuritvr/PFC/wenis_ws/install/get_pose_client/share/get_pose_client/environment/path.dsv
[0.560s] -- Up-to-date: /home/yuritvr/PFC/wenis_ws/install/get_pose_client/share/get_pose_client/local_setup.bash
[0.561s] -- Up-to-date: /home/yuritvr/PFC/wenis_ws/install/get_pose_client/share/get_pose_client/local_setup.sh
[0.561s] -- Up-to-date: /home/yuritvr/PFC/wenis_ws/install/get_pose_client/share/get_pose_client/local_setup.zsh
[0.561s] -- Up-to-date: /home/yuritvr/PFC/wenis_ws/install/get_pose_client/share/get_pose_client/local_setup.dsv
[0.561s] -- Installing: /home/yuritvr/PFC/wenis_ws/install/get_pose_client/share/get_pose_client/package.dsv
[0.562s] -- Up-to-date: /home/yuritvr/PFC/wenis_ws/install/get_pose_client/share/ament_index/resource_index/packages/get_pose_client
[0.562s] -- Up-to-date: /home/yuritvr/PFC/wenis_ws/install/get_pose_client/share/get_pose_client/cmake/get_pose_clientConfig.cmake
[0.562s] -- Up-to-date: /home/yuritvr/PFC/wenis_ws/install/get_pose_client/share/get_pose_client/cmake/get_pose_clientConfig-version.cmake
[0.562s] -- Up-to-date: /home/yuritvr/PFC/wenis_ws/install/get_pose_client/share/get_pose_client/package.xml
[0.628s] Invoked command in '/home/yuritvr/PFC/wenis_ws/build/get_pose_client' returned '0': /usr/bin/cmake --install /home/yuritvr/PFC/wenis_ws/build/get_pose_client
