[0.077s] Invoking command in '/home/yuritvr/PFC/wenis_ws/build/get_pose_client': CMAKE_PREFIX_PATH=${CMAKE_PREFIX_PATH}:/opt/ros/humble /usr/bin/cmake --build /home/yuritvr/PFC/wenis_ws/build/get_pose_client -- -j8 -l8
[0.391s] [100%] Built target get_pose_client
[0.434s] Invoked command in '/home/yuritvr/PFC/wenis_ws/build/get_pose_client' returned '0': CMAKE_PREFIX_PATH=${CMAKE_PREFIX_PATH}:/opt/ros/humble /usr/bin/cmake --build /home/yuritvr/PFC/wenis_ws/build/get_pose_client -- -j8 -l8
[0.550s] Invoking command in '/home/yuritvr/PFC/wenis_ws/build/get_pose_client': CMAKE_PREFIX_PATH=${CMAKE_PREFIX_PATH}:/opt/ros/humble /usr/bin/cmake --install /home/yuritvr/PFC/wenis_ws/build/get_pose_client
[0.626s] -- Install configuration: ""
[0.627s] -- Up-to-date: /home/yuritvr/PFC/wenis_ws/install/get_pose_client/lib/get_pose_client/get_pose_client
[0.627s] -- Up-to-date: /home/yuritvr/PFC/wenis_ws/install/get_pose_client/share/ament_index/resource_index/package_run_dependencies/get_pose_client
[0.627s] -- Up-to-date: /home/yuritvr/PFC/wenis_ws/install/get_pose_client/share/ament_index/resource_index/parent_prefix_path/get_pose_client
[0.627s] -- Up-to-date: /home/yuritvr/PFC/wenis_ws/install/get_pose_client/share/get_pose_client/environment/ament_prefix_path.sh
[0.627s] -- Up-to-date: /home/yuritvr/PFC/wenis_ws/install/get_pose_client/share/get_pose_client/environment/ament_prefix_path.dsv
[0.628s] -- Up-to-date: /home/yuritvr/PFC/wenis_ws/install/get_pose_client/share/get_pose_client/environment/path.sh
[0.628s] -- Up-to-date: /home/yuritvr/PFC/wenis_ws/install/get_pose_client/share/get_pose_client/environment/path.dsv
[0.628s] -- Up-to-date: /home/yuritvr/PFC/wenis_ws/install/get_pose_client/share/get_pose_client/local_setup.bash
[0.628s] -- Up-to-date: /home/yuritvr/PFC/wenis_ws/install/get_pose_client/share/get_pose_client/local_setup.sh
[0.628s] -- Up-to-date: /home/yuritvr/PFC/wenis_ws/install/get_pose_client/share/get_pose_client/local_setup.zsh
[0.629s] -- Up-to-date: /home/yuritvr/PFC/wenis_ws/install/get_pose_client/share/get_pose_client/local_setup.dsv
[0.629s] -- Installing: /home/yuritvr/PFC/wenis_ws/install/get_pose_client/share/get_pose_client/package.dsv
[0.629s] -- Up-to-date: /home/yuritvr/PFC/wenis_ws/install/get_pose_client/share/ament_index/resource_index/packages/get_pose_client
[0.630s] -- Up-to-date: /home/yuritvr/PFC/wenis_ws/install/get_pose_client/share/get_pose_client/cmake/get_pose_clientConfig.cmake
[0.630s] -- Up-to-date: /home/yuritvr/PFC/wenis_ws/install/get_pose_client/share/get_pose_client/cmake/get_pose_clientConfig-version.cmake
[0.630s] -- Up-to-date: /home/yuritvr/PFC/wenis_ws/install/get_pose_client/share/get_pose_client/package.xml
[0.668s] Invoked command in '/home/yuritvr/PFC/wenis_ws/build/get_pose_client' returned '0': CMAKE_PREFIX_PATH=${CMAKE_PREFIX_PATH}:/opt/ros/humble /usr/bin/cmake --install /home/yuritvr/PFC/wenis_ws/build/get_pose_client
