[0.031s] Invoking command in '/home/yuritvr/PFC/pfc_ws/build/xarm_description': CMAKE_PREFIX_PATH=${CMAKE_PREFIX_PATH}:/opt/ros/humble /usr/bin/cmake --build /home/yuritvr/PFC/pfc_ws/build/xarm_description -- -j8 -l8
[0.092s] Invoked command in '/home/yuritvr/PFC/pfc_ws/build/xarm_description' returned '0': CMAKE_PREFIX_PATH=${CMAKE_PREFIX_PATH}:/opt/ros/humble /usr/bin/cmake --build /home/yuritvr/PFC/pfc_ws/build/xarm_description -- -j8 -l8
[0.141s] Invoking command in '/home/yuritvr/PFC/pfc_ws/build/xarm_description': CMAKE_PREFIX_PATH=${CMAKE_PREFIX_PATH}:/opt/ros/humble /usr/bin/cmake --install /home/yuritvr/PFC/pfc_ws/build/xarm_description
[0.202s] -- Install configuration: ""
[0.202s] -- Up-to-date: /home/yuritvr/PFC/pfc_ws/install/xarm_description/share/xarm_description//rviz
[0.202s] -- Up-to-date: /home/yuritvr/PFC/pfc_ws/install/xarm_description/share/xarm_description//rviz/display.rviz
[0.203s] -- Up-to-date: /home/yuritvr/PFC/pfc_ws/install/xarm_description/share/xarm_description//urdf
[0.203s] -- Up-to-date: /home/yuritvr/PFC/pfc_ws/install/xarm_description/share/xarm_description//urdf/gripper
[0.203s] -- Up-to-date: /home/yuritvr/PFC/pfc_ws/install/xarm_description/share/xarm_description//urdf/gripper/xarm_gripper.ros2_control.xacro
[0.203s] -- Up-to-date: /home/yuritvr/PFC/pfc_ws/install/xarm_description/share/xarm_description//urdf/gripper/xarm_gripper.urdf.xacro
[0.203s] -- Up-to-date: /home/yuritvr/PFC/pfc_ws/install/xarm_description/share/xarm_description//urdf/gripper/gripper.urdf.xacro
[0.203s] -- Up-to-date: /home/yuritvr/PFC/pfc_ws/install/xarm_description/share/xarm_description//urdf/gripper/lite_gripper.urdf.xacro
[0.203s] -- Up-to-date: /home/yuritvr/PFC/pfc_ws/install/xarm_description/share/xarm_description//urdf/gripper/xarm_gripper.transmission.xacro
[0.203s] -- Up-to-date: /home/yuritvr/PFC/pfc_ws/install/xarm_description/share/xarm_description//urdf/gripper/gripper_macro.xacro
[0.203s] -- Up-to-date: /home/yuritvr/PFC/pfc_ws/install/xarm_description/share/xarm_description//urdf/gripper/xarm_gripper.gazebo.xacro
[0.204s] -- Up-to-date: /home/yuritvr/PFC/pfc_ws/install/xarm_description/share/xarm_description//urdf/gripper/xarm_gripper_macro.xacro
[0.204s] -- Up-to-date: /home/yuritvr/PFC/pfc_ws/install/xarm_description/share/xarm_description//urdf/common
[0.204s] -- Up-to-date: /home/yuritvr/PFC/pfc_ws/install/xarm_description/share/xarm_description//urdf/common/common.material.xacro
[0.204s] -- Up-to-date: /home/yuritvr/PFC/pfc_ws/install/xarm_description/share/xarm_description//urdf/common/common.gazebo.xacro
[0.204s] -- Up-to-date: /home/yuritvr/PFC/pfc_ws/install/xarm_description/share/xarm_description//urdf/common/common.link.xacro
[0.204s] -- Up-to-date: /home/yuritvr/PFC/pfc_ws/install/xarm_description/share/xarm_description//urdf/camera
[0.204s] -- Up-to-date: /home/yuritvr/PFC/pfc_ws/install/xarm_description/share/xarm_description//urdf/camera/camera.gazebo.xacro
[0.205s] -- Up-to-date: /home/yuritvr/PFC/pfc_ws/install/xarm_description/share/xarm_description//urdf/camera/realsense.gazebo.xacro
[0.205s] -- Up-to-date: /home/yuritvr/PFC/pfc_ws/install/xarm_description/share/xarm_description//urdf/camera/realsense_d435i.urdf.xacro
[0.205s] -- Up-to-date: /home/yuritvr/PFC/pfc_ws/install/xarm_description/share/xarm_description//urdf/vacuum_gripper
[0.206s] -- Up-to-date: /home/yuritvr/PFC/pfc_ws/install/xarm_description/share/xarm_description//urdf/vacuum_gripper/vacuum_gripper_macro.xacro
[0.206s] -- Up-to-date: /home/yuritvr/PFC/pfc_ws/install/xarm_description/share/xarm_description//urdf/vacuum_gripper/lite_vacuum_gripper.urdf.xacro
[0.207s] -- Up-to-date: /home/yuritvr/PFC/pfc_ws/install/xarm_description/share/xarm_description//urdf/vacuum_gripper/vacuum_gripper.urdf.xacro
[0.207s] -- Up-to-date: /home/yuritvr/PFC/pfc_ws/install/xarm_description/share/xarm_description//urdf/vacuum_gripper/xarm_vacuum_gripper.urdf.xacro
[0.207s] -- Up-to-date: /home/yuritvr/PFC/pfc_ws/install/xarm_description/share/xarm_description//config
[0.208s] -- Up-to-date: /home/yuritvr/PFC/pfc_ws/install/xarm_description/share/xarm_description//config/kinematics
[0.208s] -- Up-to-date: /home/yuritvr/PFC/pfc_ws/install/xarm_description/share/xarm_description//config/kinematics/default
[0.208s] -- Up-to-date: /home/yuritvr/PFC/pfc_ws/install/xarm_description/share/xarm_description//config/kinematics/default/xarm6_default_kinematics.yaml
[0.209s] -- Up-to-date: /home/yuritvr/PFC/pfc_ws/install/xarm_description/share/xarm_description//config/kinematics/gen_kinematics_params.py
[0.209s] -- Up-to-date: /home/yuritvr/PFC/pfc_ws/install/xarm_description/share/xarm_description//config/link_inertial
[0.209s] -- Up-to-date: /home/yuritvr/PFC/pfc_ws/install/xarm_description/share/xarm_description//config/link_inertial/gen_link_inertial_params.py
[0.210s] -- Up-to-date: /home/yuritvr/PFC/pfc_ws/install/xarm_description/share/xarm_description//config/link_inertial/xarm6_type8_HT2_BR2.yaml
[0.211s] -- Up-to-date: /home/yuritvr/PFC/pfc_ws/install/xarm_description/share/xarm_description//config/link_inertial/xarm6_type6_HT2_LD.yaml
[0.212s] -- Up-to-date: /home/yuritvr/PFC/pfc_ws/install/xarm_description/share/xarm_description//config/link_inertial/xarm6_type6_HT_BR2.yaml
[0.212s] -- Up-to-date: /home/yuritvr/PFC/pfc_ws/install/xarm_description/share/xarm_description//config/link_inertial/xarm6_type6_HT_BR.yaml
[0.212s] -- Up-to-date: /home/yuritvr/PFC/pfc_ws/install/xarm_description/share/xarm_description//config/link_inertial/xarm6_type11_HT_LD.yaml
[0.213s] -- Up-to-date: /home/yuritvr/PFC/pfc_ws/install/xarm_description/share/xarm_description//config/link_inertial/xarm6_type12_HT_LDBR2.yaml
[0.213s] -- Up-to-date: /home/yuritvr/PFC/pfc_ws/install/xarm_description/share/xarm_description//config/link_inertial/xarm6_type6_HT_LD.yaml
[0.213s] -- Up-to-date: /home/yuritvr/PFC/pfc_ws/install/xarm_description/share/xarm_description//config/link_inertial/xarm6_type9_HT_BR2.yaml
[0.214s] -- Up-to-date: /home/yuritvr/PFC/pfc_ws/install/xarm_description/share/xarm_description//meshes
[0.214s] -- Up-to-date: /home/yuritvr/PFC/pfc_ws/install/xarm_description/share/xarm_description//meshes/gripper
[0.214s] -- Up-to-date: /home/yuritvr/PFC/pfc_ws/install/xarm_description/share/xarm_description//meshes/gripper/xarm
[0.215s] -- Up-to-date: /home/yuritvr/PFC/pfc_ws/install/xarm_description/share/xarm_description//meshes/gripper/xarm/right_outer_knuckle.stl
[0.215s] -- Up-to-date: /home/yuritvr/PFC/pfc_ws/install/xarm_description/share/xarm_description//meshes/gripper/xarm/left_inner_knuckle.stl
[0.215s] -- Up-to-date: /home/yuritvr/PFC/pfc_ws/install/xarm_description/share/xarm_description//meshes/gripper/xarm/left_outer_knuckle.stl
[0.215s] -- Up-to-date: /home/yuritvr/PFC/pfc_ws/install/xarm_description/share/xarm_description//meshes/gripper/xarm/base_link.stl
[0.215s] -- Up-to-date: /home/yuritvr/PFC/pfc_ws/install/xarm_description/share/xarm_description//meshes/gripper/xarm/right_inner_knuckle.stl
[0.216s] -- Up-to-date: /home/yuritvr/PFC/pfc_ws/install/xarm_description/share/xarm_description//meshes/gripper/xarm/left_finger.stl
[0.216s] -- Up-to-date: /home/yuritvr/PFC/pfc_ws/install/xarm_description/share/xarm_description//meshes/gripper/xarm/right_finger.stl
[0.216s] -- Up-to-date: /home/yuritvr/PFC/pfc_ws/install/xarm_description/share/xarm_description//meshes/gripper/lite
[0.217s] -- Up-to-date: /home/yuritvr/PFC/pfc_ws/install/xarm_description/share/xarm_description//meshes/gripper/lite/visual
[0.217s] -- Up-to-date: /home/yuritvr/PFC/pfc_ws/install/xarm_description/share/xarm_description//meshes/gripper/lite/visual/gripper_lite.stl
[0.218s] -- Up-to-date: /home/yuritvr/PFC/pfc_ws/install/xarm_description/share/xarm_description//meshes/gripper/lite/collision
[0.219s] -- Up-to-date: /home/yuritvr/PFC/pfc_ws/install/xarm_description/share/xarm_description//meshes/gripper/lite/collision/gripper_lite.stl
[0.219s] -- Up-to-date: /home/yuritvr/PFC/pfc_ws/install/xarm_description/share/xarm_description//meshes/end_tool
[0.219s] -- Up-to-date: /home/yuritvr/PFC/pfc_ws/install/xarm_description/share/xarm_description//meshes/end_tool/visual
[0.219s] -- Up-to-date: /home/yuritvr/PFC/pfc_ws/install/xarm_description/share/xarm_description//meshes/end_tool/visual/end_tool_1300.stl
[0.220s] -- Up-to-date: /home/yuritvr/PFC/pfc_ws/install/xarm_description/share/xarm_description//meshes/end_tool/collision
[0.220s] -- Up-to-date: /home/yuritvr/PFC/pfc_ws/install/xarm_description/share/xarm_description//meshes/end_tool/collision/end_tool.stl
[0.220s] -- Up-to-date: /home/yuritvr/PFC/pfc_ws/install/xarm_description/share/xarm_description//meshes/end_tool/collision/end_tool_1300.stl
[0.220s] -- Up-to-date: /home/yuritvr/PFC/pfc_ws/install/xarm_description/share/xarm_description//meshes/xarm6
[0.221s] -- Up-to-date: /home/yuritvr/PFC/pfc_ws/install/xarm_description/share/xarm_description//meshes/xarm6/visual
[0.221s] -- Up-to-date: /home/yuritvr/PFC/pfc_ws/install/xarm_description/share/xarm_description//meshes/xarm6/visual/link3.stl
[0.221s] -- Up-to-date: /home/yuritvr/PFC/pfc_ws/install/xarm_description/share/xarm_description//meshes/xarm6/visual/link6.stl
[0.221s] -- Up-to-date: /home/yuritvr/PFC/pfc_ws/install/xarm_description/share/xarm_description//meshes/xarm6/visual/link5.stl
[0.223s] -- Up-to-date: /home/yuritvr/PFC/pfc_ws/install/xarm_description/share/xarm_description//meshes/xarm6/visual/link2.stl
[0.224s] -- Up-to-date: /home/yuritvr/PFC/pfc_ws/install/xarm_description/share/xarm_description//meshes/xarm6/visual/link4.stl
[0.224s] -- Up-to-date: /home/yuritvr/PFC/pfc_ws/install/xarm_description/share/xarm_description//meshes/xarm6/visual/link_base.stl
[0.224s] -- Up-to-date: /home/yuritvr/PFC/pfc_ws/install/xarm_description/share/xarm_description//meshes/xarm6/visual/link1.stl
[0.224s] -- Up-to-date: /home/yuritvr/PFC/pfc_ws/install/xarm_description/share/xarm_description//meshes/camera
[0.224s] -- Up-to-date: /home/yuritvr/PFC/pfc_ws/install/xarm_description/share/xarm_description//meshes/camera/realsense
[0.224s] -- Up-to-date: /home/yuritvr/PFC/pfc_ws/install/xarm_description/share/xarm_description//meshes/camera/realsense/visual
[0.225s] -- Up-to-date: /home/yuritvr/PFC/pfc_ws/install/xarm_description/share/xarm_description//meshes/camera/realsense/visual/d435_with_cam_stand.stl
[0.225s] -- Up-to-date: /home/yuritvr/PFC/pfc_ws/install/xarm_description/share/xarm_description//meshes/camera/realsense/collision
[0.225s] -- Up-to-date: /home/yuritvr/PFC/pfc_ws/install/xarm_description/share/xarm_description//meshes/camera/realsense/collision/d435_with_cam_stand.stl
[0.225s] -- Up-to-date: /home/yuritvr/PFC/pfc_ws/install/xarm_description/share/xarm_description//meshes/vacuum_gripper
[0.226s] -- Up-to-date: /home/yuritvr/PFC/pfc_ws/install/xarm_description/share/xarm_description//meshes/vacuum_gripper/xarm
[0.226s] -- Up-to-date: /home/yuritvr/PFC/pfc_ws/install/xarm_description/share/xarm_description//meshes/vacuum_gripper/xarm/visual
[0.228s] -- Up-to-date: /home/yuritvr/PFC/pfc_ws/install/xarm_description/share/xarm_description//meshes/vacuum_gripper/xarm/visual/vacuum_gripper.stl
[0.228s] -- Up-to-date: /home/yuritvr/PFC/pfc_ws/install/xarm_description/share/xarm_description//meshes/vacuum_gripper/xarm/collision
[0.228s] -- Up-to-date: /home/yuritvr/PFC/pfc_ws/install/xarm_description/share/xarm_description//meshes/vacuum_gripper/xarm/collision/vacuum_gripper.stl
[0.229s] -- Up-to-date: /home/yuritvr/PFC/pfc_ws/install/xarm_description/share/xarm_description//meshes/vacuum_gripper/lite
[0.229s] -- Up-to-date: /home/yuritvr/PFC/pfc_ws/install/xarm_description/share/xarm_description//meshes/vacuum_gripper/lite/visual
[0.230s] -- Up-to-date: /home/yuritvr/PFC/pfc_ws/install/xarm_description/share/xarm_description//meshes/vacuum_gripper/lite/visual/vacuum_gripper_lite.stl
[0.230s] -- Up-to-date: /home/yuritvr/PFC/pfc_ws/install/xarm_description/share/xarm_description//meshes/vacuum_gripper/lite/collision
[0.230s] -- Up-to-date: /home/yuritvr/PFC/pfc_ws/install/xarm_description/share/xarm_description//meshes/vacuum_gripper/lite/collision/vacuum_gripper_lite.stl
[0.230s] -- Up-to-date: /home/yuritvr/PFC/pfc_ws/install/xarm_description/share/xarm_description//launch
[0.231s] -- Up-to-date: /home/yuritvr/PFC/pfc_ws/install/xarm_description/share/xarm_description//launch/_robot_rviz_display.launch.py
[0.231s] -- Up-to-date: /home/yuritvr/PFC/pfc_ws/install/xarm_description/share/xarm_description//launch/_robot_description.launch.py
[0.231s] -- Up-to-date: /home/yuritvr/PFC/pfc_ws/install/xarm_description/share/xarm_description//launch/_robot_joint_state.launch.py
[0.231s] -- Up-to-date: /home/yuritvr/PFC/pfc_ws/install/xarm_description/share/xarm_description//launch/lib
[0.231s] -- Up-to-date: /home/yuritvr/PFC/pfc_ws/install/xarm_description/share/xarm_description//launch/lib/robot_description_lib.py
[0.232s] -- Up-to-date: /home/yuritvr/PFC/pfc_ws/install/xarm_description/share/xarm_description//launch/lite6_rviz_display.launch.py
[0.233s] -- Up-to-date: /home/yuritvr/PFC/pfc_ws/install/xarm_description/share/xarm_description//launch/xarm6_rviz_display.launch.py
[0.234s] -- Up-to-date: /home/yuritvr/PFC/pfc_ws/install/xarm_description/share/xarm_description//launch/_rviz_display.launch.py
[0.235s] -- Up-to-date: /home/yuritvr/PFC/pfc_ws/install/xarm_description/share/ament_index/resource_index/package_run_dependencies/xarm_description
[0.236s] -- Up-to-date: /home/yuritvr/PFC/pfc_ws/install/xarm_description/share/ament_index/resource_index/parent_prefix_path/xarm_description
[0.237s] -- Up-to-date: /home/yuritvr/PFC/pfc_ws/install/xarm_description/share/xarm_description/environment/ament_prefix_path.sh
[0.237s] -- Up-to-date: /home/yuritvr/PFC/pfc_ws/install/xarm_description/share/xarm_description/environment/ament_prefix_path.dsv
[0.238s] -- Up-to-date: /home/yuritvr/PFC/pfc_ws/install/xarm_description/share/xarm_description/environment/path.sh
[0.238s] -- Up-to-date: /home/yuritvr/PFC/pfc_ws/install/xarm_description/share/xarm_description/environment/path.dsv
[0.239s] -- Up-to-date: /home/yuritvr/PFC/pfc_ws/install/xarm_description/share/xarm_description/local_setup.bash
[0.239s] -- Up-to-date: /home/yuritvr/PFC/pfc_ws/install/xarm_description/share/xarm_description/local_setup.sh
[0.239s] -- Up-to-date: /home/yuritvr/PFC/pfc_ws/install/xarm_description/share/xarm_description/local_setup.zsh
[0.240s] -- Up-to-date: /home/yuritvr/PFC/pfc_ws/install/xarm_description/share/xarm_description/local_setup.dsv
[0.240s] -- Installing: /home/yuritvr/PFC/pfc_ws/install/xarm_description/share/xarm_description/package.dsv
[0.240s] -- Up-to-date: /home/yuritvr/PFC/pfc_ws/install/xarm_description/share/ament_index/resource_index/packages/xarm_description
[0.241s] -- Up-to-date: /home/yuritvr/PFC/pfc_ws/install/xarm_description/share/xarm_description/cmake/xarm_descriptionConfig.cmake
[0.243s] -- Up-to-date: /home/yuritvr/PFC/pfc_ws/install/xarm_description/share/xarm_description/cmake/xarm_descriptionConfig-version.cmake
[0.244s] -- Up-to-date: /home/yuritvr/PFC/pfc_ws/install/xarm_description/share/xarm_description/package.xml
[0.246s] Invoked command in '/home/yuritvr/PFC/pfc_ws/build/xarm_description' returned '0': CMAKE_PREFIX_PATH=${CMAKE_PREFIX_PATH}:/opt/ros/humble /usr/bin/cmake --install /home/yuritvr/PFC/pfc_ws/build/xarm_description
