[0.160s] DEBUG:colcon:Command line arguments: ['/usr/bin/colcon', 'build', '--allow-overriding', 'arm_pkg']
[0.160s] DEBUG:colcon:Parsed command line arguments: Namespace(log_base=None, log_level=None, verb_name='build', build_base='build', install_base='install', merge_install=False, symlink_install=False, test_result_base=None, continue_on_error=False, executor='parallel', parallel_workers=8, event_handlers=None, ignore_user_meta=False, metas=['./colcon.meta'], base_paths=['.'], packages_ignore=None, packages_ignore_regex=None, paths=None, packages_up_to=None, packages_up_to_regex=None, packages_above=None, packages_above_and_dependencies=None, packages_above_depth=None, packages_select_by_dep=None, packages_skip_by_dep=None, packages_skip_up_to=None, packages_select_build_failed=False, packages_skip_build_finished=False, packages_select_test_failures=False, packages_skip_test_passed=False, packages_select=None, packages_skip=None, packages_select_regex=None, packages_skip_regex=None, packages_start=None, packages_end=None, allow_overriding=['arm_pkg'], cmake_args=None, cmake_target=None, cmake_target_skip_unavailable=False, cmake_clean_cache=False, cmake_clean_first=False, cmake_force_configure=False, ament_cmake_args=None, catkin_cmake_args=None, catkin_skip_building_tests=False, mixin_files=None, mixin=None, verb_parser=<colcon_mixin.mixin.mixin_argument.MixinArgumentDecorator object at 0x7417f414a0e0>, verb_extension=<colcon_core.verb.build.BuildVerb object at 0x7417f42be350>, main=<bound method BuildVerb.main of <colcon_core.verb.build.BuildVerb object at 0x7417f42be350>>, mixin_verb=('build',))
[0.415s] Level 1:colcon.colcon_core.package_discovery:discover_packages(colcon_meta) check parameters
[0.415s] Level 1:colcon.colcon_core.package_discovery:discover_packages(recursive) check parameters
[0.415s] Level 1:colcon.colcon_core.package_discovery:discover_packages(ignore) check parameters
[0.415s] Level 1:colcon.colcon_core.package_discovery:discover_packages(path) check parameters
[0.415s] Level 1:colcon.colcon_core.package_discovery:discover_packages(colcon_meta) discover
[0.415s] Level 1:colcon.colcon_core.package_discovery:discover_packages(recursive) discover
[0.415s] INFO:colcon.colcon_core.package_discovery:Crawling recursively for packages in '/home/yuritvr/PFC/wenis_ws'
[0.415s] Level 1:colcon.colcon_core.package_identification:_identify(.) by extensions ['ignore', 'ignore_ament_install']
[0.416s] Level 1:colcon.colcon_core.package_identification:_identify(.) by extension 'ignore'
[0.416s] Level 1:colcon.colcon_core.package_identification:_identify(.) by extension 'ignore_ament_install'
[0.416s] Level 1:colcon.colcon_core.package_identification:_identify(.) by extensions ['colcon_pkg']
[0.416s] Level 1:colcon.colcon_core.package_identification:_identify(.) by extension 'colcon_pkg'
[0.416s] Level 1:colcon.colcon_core.package_identification:_identify(.) by extensions ['colcon_meta']
[0.416s] Level 1:colcon.colcon_core.package_identification:_identify(.) by extension 'colcon_meta'
[0.416s] Level 1:colcon.colcon_core.package_identification:_identify(.) by extensions ['ros']
[0.416s] Level 1:colcon.colcon_core.package_identification:_identify(.) by extension 'ros'
[0.431s] Level 1:colcon.colcon_core.package_identification:_identify(.) by extensions ['cmake', 'python']
[0.431s] Level 1:colcon.colcon_core.package_identification:_identify(.) by extension 'cmake'
[0.431s] Level 1:colcon.colcon_core.package_identification:_identify(.) by extension 'python'
[0.432s] Level 1:colcon.colcon_core.package_identification:_identify(.) by extensions ['python_setup_py']
[0.432s] Level 1:colcon.colcon_core.package_identification:_identify(.) by extension 'python_setup_py'
[0.432s] Level 1:colcon.colcon_core.package_identification:_identify(build) by extensions ['ignore', 'ignore_ament_install']
[0.432s] Level 1:colcon.colcon_core.package_identification:_identify(build) by extension 'ignore'
[0.432s] Level 1:colcon.colcon_core.package_identification:_identify(build) ignored
[0.432s] Level 1:colcon.colcon_core.package_identification:_identify(install) by extensions ['ignore', 'ignore_ament_install']
[0.432s] Level 1:colcon.colcon_core.package_identification:_identify(install) by extension 'ignore'
[0.432s] Level 1:colcon.colcon_core.package_identification:_identify(install) ignored
[0.433s] Level 1:colcon.colcon_core.package_identification:_identify(log) by extensions ['ignore', 'ignore_ament_install']
[0.433s] Level 1:colcon.colcon_core.package_identification:_identify(log) by extension 'ignore'
[0.433s] Level 1:colcon.colcon_core.package_identification:_identify(log) ignored
[0.433s] Level 1:colcon.colcon_core.package_identification:_identify(src) by extensions ['ignore', 'ignore_ament_install']
[0.433s] Level 1:colcon.colcon_core.package_identification:_identify(src) by extension 'ignore'
[0.433s] Level 1:colcon.colcon_core.package_identification:_identify(src) by extension 'ignore_ament_install'
[0.433s] Level 1:colcon.colcon_core.package_identification:_identify(src) by extensions ['colcon_pkg']
[0.433s] Level 1:colcon.colcon_core.package_identification:_identify(src) by extension 'colcon_pkg'
[0.433s] Level 1:colcon.colcon_core.package_identification:_identify(src) by extensions ['colcon_meta']
[0.433s] Level 1:colcon.colcon_core.package_identification:_identify(src) by extension 'colcon_meta'
[0.433s] Level 1:colcon.colcon_core.package_identification:_identify(src) by extensions ['ros']
[0.433s] Level 1:colcon.colcon_core.package_identification:_identify(src) by extension 'ros'
[0.434s] Level 1:colcon.colcon_core.package_identification:_identify(src) by extensions ['cmake', 'python']
[0.434s] Level 1:colcon.colcon_core.package_identification:_identify(src) by extension 'cmake'
[0.434s] Level 1:colcon.colcon_core.package_identification:_identify(src) by extension 'python'
[0.434s] Level 1:colcon.colcon_core.package_identification:_identify(src) by extensions ['python_setup_py']
[0.434s] Level 1:colcon.colcon_core.package_identification:_identify(src) by extension 'python_setup_py'
[0.434s] Level 1:colcon.colcon_core.package_identification:_identify(src/ros2_manipulator) by extensions ['ignore', 'ignore_ament_install']
[0.434s] Level 1:colcon.colcon_core.package_identification:_identify(src/ros2_manipulator) by extension 'ignore'
[0.434s] Level 1:colcon.colcon_core.package_identification:_identify(src/ros2_manipulator) by extension 'ignore_ament_install'
[0.434s] Level 1:colcon.colcon_core.package_identification:_identify(src/ros2_manipulator) by extensions ['colcon_pkg']
[0.434s] Level 1:colcon.colcon_core.package_identification:_identify(src/ros2_manipulator) by extension 'colcon_pkg'
[0.434s] Level 1:colcon.colcon_core.package_identification:_identify(src/ros2_manipulator) by extensions ['colcon_meta']
[0.434s] Level 1:colcon.colcon_core.package_identification:_identify(src/ros2_manipulator) by extension 'colcon_meta'
[0.434s] Level 1:colcon.colcon_core.package_identification:_identify(src/ros2_manipulator) by extensions ['ros']
[0.434s] Level 1:colcon.colcon_core.package_identification:_identify(src/ros2_manipulator) by extension 'ros'
[0.435s] Level 1:colcon.colcon_core.package_identification:_identify(src/ros2_manipulator) by extensions ['cmake', 'python']
[0.435s] Level 1:colcon.colcon_core.package_identification:_identify(src/ros2_manipulator) by extension 'cmake'
[0.435s] Level 1:colcon.colcon_core.package_identification:_identify(src/ros2_manipulator) by extension 'python'
[0.435s] Level 1:colcon.colcon_core.package_identification:_identify(src/ros2_manipulator) by extensions ['python_setup_py']
[0.435s] Level 1:colcon.colcon_core.package_identification:_identify(src/ros2_manipulator) by extension 'python_setup_py'
[0.435s] Level 1:colcon.colcon_core.package_identification:_identify(src/ros2_manipulator/get_pose_client) by extensions ['ignore', 'ignore_ament_install']
[0.435s] Level 1:colcon.colcon_core.package_identification:_identify(src/ros2_manipulator/get_pose_client) by extension 'ignore'
[0.435s] Level 1:colcon.colcon_core.package_identification:_identify(src/ros2_manipulator/get_pose_client) by extension 'ignore_ament_install'
[0.435s] Level 1:colcon.colcon_core.package_identification:_identify(src/ros2_manipulator/get_pose_client) by extensions ['colcon_pkg']
[0.435s] Level 1:colcon.colcon_core.package_identification:_identify(src/ros2_manipulator/get_pose_client) by extension 'colcon_pkg'
[0.435s] Level 1:colcon.colcon_core.package_identification:_identify(src/ros2_manipulator/get_pose_client) by extensions ['colcon_meta']
[0.435s] Level 1:colcon.colcon_core.package_identification:_identify(src/ros2_manipulator/get_pose_client) by extension 'colcon_meta'
[0.435s] Level 1:colcon.colcon_core.package_identification:_identify(src/ros2_manipulator/get_pose_client) by extensions ['ros']
[0.436s] Level 1:colcon.colcon_core.package_identification:_identify(src/ros2_manipulator/get_pose_client) by extension 'ros'
[0.439s] DEBUG:colcon.colcon_core.package_identification:Package 'src/ros2_manipulator/get_pose_client' with type 'ros.ament_cmake' and name 'get_pose_client'
[0.439s] Level 1:colcon.colcon_core.package_identification:_identify(src/ros2_manipulator/moveit2_cartesian) by extensions ['ignore', 'ignore_ament_install']
[0.439s] Level 1:colcon.colcon_core.package_identification:_identify(src/ros2_manipulator/moveit2_cartesian) by extension 'ignore'
[0.439s] Level 1:colcon.colcon_core.package_identification:_identify(src/ros2_manipulator/moveit2_cartesian) by extension 'ignore_ament_install'
[0.439s] Level 1:colcon.colcon_core.package_identification:_identify(src/ros2_manipulator/moveit2_cartesian) by extensions ['colcon_pkg']
[0.439s] Level 1:colcon.colcon_core.package_identification:_identify(src/ros2_manipulator/moveit2_cartesian) by extension 'colcon_pkg'
[0.439s] Level 1:colcon.colcon_core.package_identification:_identify(src/ros2_manipulator/moveit2_cartesian) by extensions ['colcon_meta']
[0.439s] Level 1:colcon.colcon_core.package_identification:_identify(src/ros2_manipulator/moveit2_cartesian) by extension 'colcon_meta'
[0.440s] Level 1:colcon.colcon_core.package_identification:_identify(src/ros2_manipulator/moveit2_cartesian) by extensions ['ros']
[0.440s] Level 1:colcon.colcon_core.package_identification:_identify(src/ros2_manipulator/moveit2_cartesian) by extension 'ros'
[0.441s] DEBUG:colcon.colcon_core.package_identification:Package 'src/ros2_manipulator/moveit2_cartesian' with type 'ros.ament_cmake' and name 'moveit2_cartesian'
[0.441s] Level 1:colcon.colcon_core.package_identification:_identify(src/ros2_manipulator/moveit2_kinematics) by extensions ['ignore', 'ignore_ament_install']
[0.442s] Level 1:colcon.colcon_core.package_identification:_identify(src/ros2_manipulator/moveit2_kinematics) by extension 'ignore'
[0.442s] Level 1:colcon.colcon_core.package_identification:_identify(src/ros2_manipulator/moveit2_kinematics) by extension 'ignore_ament_install'
[0.442s] Level 1:colcon.colcon_core.package_identification:_identify(src/ros2_manipulator/moveit2_kinematics) by extensions ['colcon_pkg']
[0.442s] Level 1:colcon.colcon_core.package_identification:_identify(src/ros2_manipulator/moveit2_kinematics) by extension 'colcon_pkg'
[0.442s] Level 1:colcon.colcon_core.package_identification:_identify(src/ros2_manipulator/moveit2_kinematics) by extensions ['colcon_meta']
[0.442s] Level 1:colcon.colcon_core.package_identification:_identify(src/ros2_manipulator/moveit2_kinematics) by extension 'colcon_meta'
[0.442s] Level 1:colcon.colcon_core.package_identification:_identify(src/ros2_manipulator/moveit2_kinematics) by extensions ['ros']
[0.442s] Level 1:colcon.colcon_core.package_identification:_identify(src/ros2_manipulator/moveit2_kinematics) by extension 'ros'
[0.443s] DEBUG:colcon.colcon_core.package_identification:Package 'src/ros2_manipulator/moveit2_kinematics' with type 'ros.ament_cmake' and name 'moveit2_kinematics'
[0.444s] Level 1:colcon.colcon_core.package_identification:_identify(src/ros2_manipulator/moveit2_scripts) by extensions ['ignore', 'ignore_ament_install']
[0.444s] Level 1:colcon.colcon_core.package_identification:_identify(src/ros2_manipulator/moveit2_scripts) by extension 'ignore'
[0.444s] Level 1:colcon.colcon_core.package_identification:_identify(src/ros2_manipulator/moveit2_scripts) by extension 'ignore_ament_install'
[0.444s] Level 1:colcon.colcon_core.package_identification:_identify(src/ros2_manipulator/moveit2_scripts) by extensions ['colcon_pkg']
[0.444s] Level 1:colcon.colcon_core.package_identification:_identify(src/ros2_manipulator/moveit2_scripts) by extension 'colcon_pkg'
[0.444s] Level 1:colcon.colcon_core.package_identification:_identify(src/ros2_manipulator/moveit2_scripts) by extensions ['colcon_meta']
[0.444s] Level 1:colcon.colcon_core.package_identification:_identify(src/ros2_manipulator/moveit2_scripts) by extension 'colcon_meta'
[0.444s] Level 1:colcon.colcon_core.package_identification:_identify(src/ros2_manipulator/moveit2_scripts) by extensions ['ros']
[0.444s] Level 1:colcon.colcon_core.package_identification:_identify(src/ros2_manipulator/moveit2_scripts) by extension 'ros'
[0.446s] DEBUG:colcon.colcon_core.package_identification:Package 'src/ros2_manipulator/moveit2_scripts' with type 'ros.ament_cmake' and name 'moveit2_scripts'
[0.446s] Level 1:colcon.colcon_core.package_identification:_identify(src/ros2_manipulator/moveit_config) by extensions ['ignore', 'ignore_ament_install']
[0.446s] Level 1:colcon.colcon_core.package_identification:_identify(src/ros2_manipulator/moveit_config) by extension 'ignore'
[0.446s] Level 1:colcon.colcon_core.package_identification:_identify(src/ros2_manipulator/moveit_config) by extension 'ignore_ament_install'
[0.446s] Level 1:colcon.colcon_core.package_identification:_identify(src/ros2_manipulator/moveit_config) by extensions ['colcon_pkg']
[0.446s] Level 1:colcon.colcon_core.package_identification:_identify(src/ros2_manipulator/moveit_config) by extension 'colcon_pkg'
[0.446s] Level 1:colcon.colcon_core.package_identification:_identify(src/ros2_manipulator/moveit_config) by extensions ['colcon_meta']
[0.446s] Level 1:colcon.colcon_core.package_identification:_identify(src/ros2_manipulator/moveit_config) by extension 'colcon_meta'
[0.446s] Level 1:colcon.colcon_core.package_identification:_identify(src/ros2_manipulator/moveit_config) by extensions ['ros']
[0.446s] Level 1:colcon.colcon_core.package_identification:_identify(src/ros2_manipulator/moveit_config) by extension 'ros'
[0.447s] DEBUG:colcon.colcon_core.package_identification:Package 'src/ros2_manipulator/moveit_config' with type 'ros.ament_cmake' and name 'moveit_config'
[0.448s] Level 1:colcon.colcon_core.package_identification:_identify(src/ros2_manipulator/robotic_arm_environment) by extensions ['ignore', 'ignore_ament_install']
[0.448s] Level 1:colcon.colcon_core.package_identification:_identify(src/ros2_manipulator/robotic_arm_environment) by extension 'ignore'
[0.448s] Level 1:colcon.colcon_core.package_identification:_identify(src/ros2_manipulator/robotic_arm_environment) by extension 'ignore_ament_install'
[0.448s] Level 1:colcon.colcon_core.package_identification:_identify(src/ros2_manipulator/robotic_arm_environment) by extensions ['colcon_pkg']
[0.448s] Level 1:colcon.colcon_core.package_identification:_identify(src/ros2_manipulator/robotic_arm_environment) by extension 'colcon_pkg'
[0.448s] Level 1:colcon.colcon_core.package_identification:_identify(src/ros2_manipulator/robotic_arm_environment) by extensions ['colcon_meta']
[0.448s] Level 1:colcon.colcon_core.package_identification:_identify(src/ros2_manipulator/robotic_arm_environment) by extension 'colcon_meta'
[0.448s] Level 1:colcon.colcon_core.package_identification:_identify(src/ros2_manipulator/robotic_arm_environment) by extensions ['ros']
[0.448s] Level 1:colcon.colcon_core.package_identification:_identify(src/ros2_manipulator/robotic_arm_environment) by extension 'ros'
[0.448s] Level 1:colcon.colcon_core.package_identification:_identify(src/ros2_manipulator/robotic_arm_environment) by extensions ['cmake', 'python']
[0.448s] Level 1:colcon.colcon_core.package_identification:_identify(src/ros2_manipulator/robotic_arm_environment) by extension 'cmake'
[0.448s] Level 1:colcon.colcon_core.package_identification:_identify(src/ros2_manipulator/robotic_arm_environment) by extension 'python'
[0.449s] Level 1:colcon.colcon_core.package_identification:_identify(src/ros2_manipulator/robotic_arm_environment) by extensions ['python_setup_py']
[0.449s] Level 1:colcon.colcon_core.package_identification:_identify(src/ros2_manipulator/robotic_arm_environment) by extension 'python_setup_py'
[0.449s] Level 1:colcon.colcon_core.package_identification:_identify(src/ros2_manipulator/robotic_arm_environment/arm_pkg) by extensions ['ignore', 'ignore_ament_install']
[0.449s] Level 1:colcon.colcon_core.package_identification:_identify(src/ros2_manipulator/robotic_arm_environment/arm_pkg) by extension 'ignore'
[0.449s] Level 1:colcon.colcon_core.package_identification:_identify(src/ros2_manipulator/robotic_arm_environment/arm_pkg) by extension 'ignore_ament_install'
[0.449s] Level 1:colcon.colcon_core.package_identification:_identify(src/ros2_manipulator/robotic_arm_environment/arm_pkg) by extensions ['colcon_pkg']
[0.449s] Level 1:colcon.colcon_core.package_identification:_identify(src/ros2_manipulator/robotic_arm_environment/arm_pkg) by extension 'colcon_pkg'
[0.449s] Level 1:colcon.colcon_core.package_identification:_identify(src/ros2_manipulator/robotic_arm_environment/arm_pkg) by extensions ['colcon_meta']
[0.449s] Level 1:colcon.colcon_core.package_identification:_identify(src/ros2_manipulator/robotic_arm_environment/arm_pkg) by extension 'colcon_meta'
[0.449s] Level 1:colcon.colcon_core.package_identification:_identify(src/ros2_manipulator/robotic_arm_environment/arm_pkg) by extensions ['ros']
[0.449s] Level 1:colcon.colcon_core.package_identification:_identify(src/ros2_manipulator/robotic_arm_environment/arm_pkg) by extension 'ros'
[0.451s] DEBUG:colcon.colcon_core.package_identification:Package 'src/ros2_manipulator/robotic_arm_environment/arm_pkg' with type 'ros.ament_cmake' and name 'arm_pkg'
[0.451s] Level 1:colcon.colcon_core.package_identification:_identify(src/ros2_manipulator/simple_grasping_ros2) by extensions ['ignore', 'ignore_ament_install']
[0.451s] Level 1:colcon.colcon_core.package_identification:_identify(src/ros2_manipulator/simple_grasping_ros2) by extension 'ignore'
[0.451s] Level 1:colcon.colcon_core.package_identification:_identify(src/ros2_manipulator/simple_grasping_ros2) by extension 'ignore_ament_install'
[0.451s] Level 1:colcon.colcon_core.package_identification:_identify(src/ros2_manipulator/simple_grasping_ros2) by extensions ['colcon_pkg']
[0.451s] Level 1:colcon.colcon_core.package_identification:_identify(src/ros2_manipulator/simple_grasping_ros2) by extension 'colcon_pkg'
[0.451s] Level 1:colcon.colcon_core.package_identification:_identify(src/ros2_manipulator/simple_grasping_ros2) by extensions ['colcon_meta']
[0.452s] Level 1:colcon.colcon_core.package_identification:_identify(src/ros2_manipulator/simple_grasping_ros2) by extension 'colcon_meta'
[0.452s] Level 1:colcon.colcon_core.package_identification:_identify(src/ros2_manipulator/simple_grasping_ros2) by extensions ['ros']
[0.452s] Level 1:colcon.colcon_core.package_identification:_identify(src/ros2_manipulator/simple_grasping_ros2) by extension 'ros'
[0.452s] Level 1:colcon.colcon_core.package_identification:_identify(src/ros2_manipulator/simple_grasping_ros2) by extensions ['cmake', 'python']
[0.452s] Level 1:colcon.colcon_core.package_identification:_identify(src/ros2_manipulator/simple_grasping_ros2) by extension 'cmake'
[0.452s] Level 1:colcon.colcon_core.package_identification:_identify(src/ros2_manipulator/simple_grasping_ros2) by extension 'python'
[0.452s] Level 1:colcon.colcon_core.package_identification:_identify(src/ros2_manipulator/simple_grasping_ros2) by extensions ['python_setup_py']
[0.452s] Level 1:colcon.colcon_core.package_identification:_identify(src/ros2_manipulator/simple_grasping_ros2) by extension 'python_setup_py'
[0.452s] Level 1:colcon.colcon_core.package_identification:_identify(src/ros2_manipulator/simple_grasping_ros2/simple_grasping) by extensions ['ignore', 'ignore_ament_install']
[0.452s] Level 1:colcon.colcon_core.package_identification:_identify(src/ros2_manipulator/simple_grasping_ros2/simple_grasping) by extension 'ignore'
[0.452s] Level 1:colcon.colcon_core.package_identification:_identify(src/ros2_manipulator/simple_grasping_ros2/simple_grasping) by extension 'ignore_ament_install'
[0.452s] Level 1:colcon.colcon_core.package_identification:_identify(src/ros2_manipulator/simple_grasping_ros2/simple_grasping) by extensions ['colcon_pkg']
[0.452s] Level 1:colcon.colcon_core.package_identification:_identify(src/ros2_manipulator/simple_grasping_ros2/simple_grasping) by extension 'colcon_pkg'
[0.453s] Level 1:colcon.colcon_core.package_identification:_identify(src/ros2_manipulator/simple_grasping_ros2/simple_grasping) by extensions ['colcon_meta']
[0.453s] Level 1:colcon.colcon_core.package_identification:_identify(src/ros2_manipulator/simple_grasping_ros2/simple_grasping) by extension 'colcon_meta'
[0.453s] Level 1:colcon.colcon_core.package_identification:_identify(src/ros2_manipulator/simple_grasping_ros2/simple_grasping) by extensions ['ros']
[0.453s] Level 1:colcon.colcon_core.package_identification:_identify(src/ros2_manipulator/simple_grasping_ros2/simple_grasping) by extension 'ros'
[0.454s] DEBUG:colcon.colcon_core.package_identification:Package 'src/ros2_manipulator/simple_grasping_ros2/simple_grasping' with type 'ros.ament_cmake' and name 'simple_grasping'
[0.455s] Level 1:colcon.colcon_core.package_identification:_identify(src/ros2_manipulator/xarm_description) by extensions ['ignore', 'ignore_ament_install']
[0.455s] Level 1:colcon.colcon_core.package_identification:_identify(src/ros2_manipulator/xarm_description) by extension 'ignore'
[0.455s] Level 1:colcon.colcon_core.package_identification:_identify(src/ros2_manipulator/xarm_description) by extension 'ignore_ament_install'
[0.455s] Level 1:colcon.colcon_core.package_identification:_identify(src/ros2_manipulator/xarm_description) by extensions ['colcon_pkg']
[0.455s] Level 1:colcon.colcon_core.package_identification:_identify(src/ros2_manipulator/xarm_description) by extension 'colcon_pkg'
[0.455s] Level 1:colcon.colcon_core.package_identification:_identify(src/ros2_manipulator/xarm_description) by extensions ['colcon_meta']
[0.455s] Level 1:colcon.colcon_core.package_identification:_identify(src/ros2_manipulator/xarm_description) by extension 'colcon_meta'
[0.455s] Level 1:colcon.colcon_core.package_identification:_identify(src/ros2_manipulator/xarm_description) by extensions ['ros']
[0.455s] Level 1:colcon.colcon_core.package_identification:_identify(src/ros2_manipulator/xarm_description) by extension 'ros'
[0.456s] DEBUG:colcon.colcon_core.package_identification:Package 'src/ros2_manipulator/xarm_description' with type 'ros.ament_cmake' and name 'xarm_description'
[0.456s] Level 1:colcon.colcon_core.package_discovery:discover_packages(recursive) using defaults
[0.456s] Level 1:colcon.colcon_core.package_discovery:discover_packages(ignore) discover
[0.456s] Level 1:colcon.colcon_core.package_discovery:discover_packages(ignore) using defaults
[0.456s] Level 1:colcon.colcon_core.package_discovery:discover_packages(path) discover
[0.456s] Level 1:colcon.colcon_core.package_discovery:discover_packages(path) using defaults
[0.496s] Level 1:colcon.colcon_core.package_discovery:discover_packages(prefix_path) check parameters
[0.497s] Level 1:colcon.colcon_core.package_discovery:discover_packages(prefix_path) discover
[0.500s] DEBUG:colcon.colcon_installed_package_information.package_discovery:Found 9 installed packages in /home/yuritvr/PFC/wenis_ws/install
[0.501s] DEBUG:colcon.colcon_installed_package_information.package_discovery:Found 5 installed packages in /home/yuritvr/PFC/pfc_ws/install
[0.503s] DEBUG:colcon.colcon_installed_package_information.package_discovery:Found 355 installed packages in /opt/ros/humble
[0.506s] Level 1:colcon.colcon_core.package_discovery:discover_packages(prefix_path) using defaults
[0.575s] Level 5:colcon.colcon_core.verb:set package 'arm_pkg' build argument 'cmake_args' from command line to 'None'
[0.575s] Level 5:colcon.colcon_core.verb:set package 'arm_pkg' build argument 'cmake_target' from command line to 'None'
[0.575s] Level 5:colcon.colcon_core.verb:set package 'arm_pkg' build argument 'cmake_target_skip_unavailable' from command line to 'False'
[0.575s] Level 5:colcon.colcon_core.verb:set package 'arm_pkg' build argument 'cmake_clean_cache' from command line to 'False'
[0.575s] Level 5:colcon.colcon_core.verb:set package 'arm_pkg' build argument 'cmake_clean_first' from command line to 'False'
[0.575s] Level 5:colcon.colcon_core.verb:set package 'arm_pkg' build argument 'cmake_force_configure' from command line to 'False'
[0.575s] Level 5:colcon.colcon_core.verb:set package 'arm_pkg' build argument 'ament_cmake_args' from command line to 'None'
[0.575s] Level 5:colcon.colcon_core.verb:set package 'arm_pkg' build argument 'catkin_cmake_args' from command line to 'None'
[0.575s] Level 5:colcon.colcon_core.verb:set package 'arm_pkg' build argument 'catkin_skip_building_tests' from command line to 'False'
[0.575s] DEBUG:colcon.colcon_core.verb:Building package 'arm_pkg' with the following arguments: {'ament_cmake_args': None, 'build_base': '/home/yuritvr/PFC/wenis_ws/build/arm_pkg', 'catkin_cmake_args': None, 'catkin_skip_building_tests': False, 'cmake_args': None, 'cmake_clean_cache': False, 'cmake_clean_first': False, 'cmake_force_configure': False, 'cmake_target': None, 'cmake_target_skip_unavailable': False, 'install_base': '/home/yuritvr/PFC/wenis_ws/install/arm_pkg', 'merge_install': False, 'path': '/home/yuritvr/PFC/wenis_ws/src/ros2_manipulator/robotic_arm_environment/arm_pkg', 'symlink_install': False, 'test_result_base': None}
[0.576s] Level 5:colcon.colcon_core.verb:set package 'get_pose_client' build argument 'cmake_args' from command line to 'None'
[0.576s] Level 5:colcon.colcon_core.verb:set package 'get_pose_client' build argument 'cmake_target' from command line to 'None'
[0.576s] Level 5:colcon.colcon_core.verb:set package 'get_pose_client' build argument 'cmake_target_skip_unavailable' from command line to 'False'
[0.576s] Level 5:colcon.colcon_core.verb:set package 'get_pose_client' build argument 'cmake_clean_cache' from command line to 'False'
[0.576s] Level 5:colcon.colcon_core.verb:set package 'get_pose_client' build argument 'cmake_clean_first' from command line to 'False'
[0.576s] Level 5:colcon.colcon_core.verb:set package 'get_pose_client' build argument 'cmake_force_configure' from command line to 'False'
[0.576s] Level 5:colcon.colcon_core.verb:set package 'get_pose_client' build argument 'ament_cmake_args' from command line to 'None'
[0.576s] Level 5:colcon.colcon_core.verb:set package 'get_pose_client' build argument 'catkin_cmake_args' from command line to 'None'
[0.576s] Level 5:colcon.colcon_core.verb:set package 'get_pose_client' build argument 'catkin_skip_building_tests' from command line to 'False'
[0.576s] DEBUG:colcon.colcon_core.verb:Building package 'get_pose_client' with the following arguments: {'ament_cmake_args': None, 'build_base': '/home/yuritvr/PFC/wenis_ws/build/get_pose_client', 'catkin_cmake_args': None, 'catkin_skip_building_tests': False, 'cmake_args': None, 'cmake_clean_cache': False, 'cmake_clean_first': False, 'cmake_force_configure': False, 'cmake_target': None, 'cmake_target_skip_unavailable': False, 'install_base': '/home/yuritvr/PFC/wenis_ws/install/get_pose_client', 'merge_install': False, 'path': '/home/yuritvr/PFC/wenis_ws/src/ros2_manipulator/get_pose_client', 'symlink_install': False, 'test_result_base': None}
[0.577s] Level 5:colcon.colcon_core.verb:set package 'moveit2_cartesian' build argument 'cmake_args' from command line to 'None'
[0.577s] Level 5:colcon.colcon_core.verb:set package 'moveit2_cartesian' build argument 'cmake_target' from command line to 'None'
[0.577s] Level 5:colcon.colcon_core.verb:set package 'moveit2_cartesian' build argument 'cmake_target_skip_unavailable' from command line to 'False'
[0.577s] Level 5:colcon.colcon_core.verb:set package 'moveit2_cartesian' build argument 'cmake_clean_cache' from command line to 'False'
[0.577s] Level 5:colcon.colcon_core.verb:set package 'moveit2_cartesian' build argument 'cmake_clean_first' from command line to 'False'
[0.577s] Level 5:colcon.colcon_core.verb:set package 'moveit2_cartesian' build argument 'cmake_force_configure' from command line to 'False'
[0.577s] Level 5:colcon.colcon_core.verb:set package 'moveit2_cartesian' build argument 'ament_cmake_args' from command line to 'None'
[0.577s] Level 5:colcon.colcon_core.verb:set package 'moveit2_cartesian' build argument 'catkin_cmake_args' from command line to 'None'
[0.577s] Level 5:colcon.colcon_core.verb:set package 'moveit2_cartesian' build argument 'catkin_skip_building_tests' from command line to 'False'
[0.577s] DEBUG:colcon.colcon_core.verb:Building package 'moveit2_cartesian' with the following arguments: {'ament_cmake_args': None, 'build_base': '/home/yuritvr/PFC/wenis_ws/build/moveit2_cartesian', 'catkin_cmake_args': None, 'catkin_skip_building_tests': False, 'cmake_args': None, 'cmake_clean_cache': False, 'cmake_clean_first': False, 'cmake_force_configure': False, 'cmake_target': None, 'cmake_target_skip_unavailable': False, 'install_base': '/home/yuritvr/PFC/wenis_ws/install/moveit2_cartesian', 'merge_install': False, 'path': '/home/yuritvr/PFC/wenis_ws/src/ros2_manipulator/moveit2_cartesian', 'symlink_install': False, 'test_result_base': None}
[0.578s] Level 5:colcon.colcon_core.verb:set package 'moveit2_kinematics' build argument 'cmake_args' from command line to 'None'
[0.578s] Level 5:colcon.colcon_core.verb:set package 'moveit2_kinematics' build argument 'cmake_target' from command line to 'None'
[0.578s] Level 5:colcon.colcon_core.verb:set package 'moveit2_kinematics' build argument 'cmake_target_skip_unavailable' from command line to 'False'
[0.578s] Level 5:colcon.colcon_core.verb:set package 'moveit2_kinematics' build argument 'cmake_clean_cache' from command line to 'False'
[0.578s] Level 5:colcon.colcon_core.verb:set package 'moveit2_kinematics' build argument 'cmake_clean_first' from command line to 'False'
[0.578s] Level 5:colcon.colcon_core.verb:set package 'moveit2_kinematics' build argument 'cmake_force_configure' from command line to 'False'
[0.578s] Level 5:colcon.colcon_core.verb:set package 'moveit2_kinematics' build argument 'ament_cmake_args' from command line to 'None'
[0.578s] Level 5:colcon.colcon_core.verb:set package 'moveit2_kinematics' build argument 'catkin_cmake_args' from command line to 'None'
[0.578s] Level 5:colcon.colcon_core.verb:set package 'moveit2_kinematics' build argument 'catkin_skip_building_tests' from command line to 'False'
[0.578s] DEBUG:colcon.colcon_core.verb:Building package 'moveit2_kinematics' with the following arguments: {'ament_cmake_args': None, 'build_base': '/home/yuritvr/PFC/wenis_ws/build/moveit2_kinematics', 'catkin_cmake_args': None, 'catkin_skip_building_tests': False, 'cmake_args': None, 'cmake_clean_cache': False, 'cmake_clean_first': False, 'cmake_force_configure': False, 'cmake_target': None, 'cmake_target_skip_unavailable': False, 'install_base': '/home/yuritvr/PFC/wenis_ws/install/moveit2_kinematics', 'merge_install': False, 'path': '/home/yuritvr/PFC/wenis_ws/src/ros2_manipulator/moveit2_kinematics', 'symlink_install': False, 'test_result_base': None}
[0.578s] Level 5:colcon.colcon_core.verb:set package 'moveit2_scripts' build argument 'cmake_args' from command line to 'None'
[0.579s] Level 5:colcon.colcon_core.verb:set package 'moveit2_scripts' build argument 'cmake_target' from command line to 'None'
[0.579s] Level 5:colcon.colcon_core.verb:set package 'moveit2_scripts' build argument 'cmake_target_skip_unavailable' from command line to 'False'
[0.579s] Level 5:colcon.colcon_core.verb:set package 'moveit2_scripts' build argument 'cmake_clean_cache' from command line to 'False'
[0.579s] Level 5:colcon.colcon_core.verb:set package 'moveit2_scripts' build argument 'cmake_clean_first' from command line to 'False'
[0.579s] Level 5:colcon.colcon_core.verb:set package 'moveit2_scripts' build argument 'cmake_force_configure' from command line to 'False'
[0.579s] Level 5:colcon.colcon_core.verb:set package 'moveit2_scripts' build argument 'ament_cmake_args' from command line to 'None'
[0.579s] Level 5:colcon.colcon_core.verb:set package 'moveit2_scripts' build argument 'catkin_cmake_args' from command line to 'None'
[0.579s] Level 5:colcon.colcon_core.verb:set package 'moveit2_scripts' build argument 'catkin_skip_building_tests' from command line to 'False'
[0.579s] DEBUG:colcon.colcon_core.verb:Building package 'moveit2_scripts' with the following arguments: {'ament_cmake_args': None, 'build_base': '/home/yuritvr/PFC/wenis_ws/build/moveit2_scripts', 'catkin_cmake_args': None, 'catkin_skip_building_tests': False, 'cmake_args': None, 'cmake_clean_cache': False, 'cmake_clean_first': False, 'cmake_force_configure': False, 'cmake_target': None, 'cmake_target_skip_unavailable': False, 'install_base': '/home/yuritvr/PFC/wenis_ws/install/moveit2_scripts', 'merge_install': False, 'path': '/home/yuritvr/PFC/wenis_ws/src/ros2_manipulator/moveit2_scripts', 'symlink_install': False, 'test_result_base': None}
[0.579s] Level 5:colcon.colcon_core.verb:set package 'simple_grasping' build argument 'cmake_args' from command line to 'None'
[0.579s] Level 5:colcon.colcon_core.verb:set package 'simple_grasping' build argument 'cmake_target' from command line to 'None'
[0.579s] Level 5:colcon.colcon_core.verb:set package 'simple_grasping' build argument 'cmake_target_skip_unavailable' from command line to 'False'
[0.579s] Level 5:colcon.colcon_core.verb:set package 'simple_grasping' build argument 'cmake_clean_cache' from command line to 'False'
[0.580s] Level 5:colcon.colcon_core.verb:set package 'simple_grasping' build argument 'cmake_clean_first' from command line to 'False'
[0.580s] Level 5:colcon.colcon_core.verb:set package 'simple_grasping' build argument 'cmake_force_configure' from command line to 'False'
[0.580s] Level 5:colcon.colcon_core.verb:set package 'simple_grasping' build argument 'ament_cmake_args' from command line to 'None'
[0.580s] Level 5:colcon.colcon_core.verb:set package 'simple_grasping' build argument 'catkin_cmake_args' from command line to 'None'
[0.580s] Level 5:colcon.colcon_core.verb:set package 'simple_grasping' build argument 'catkin_skip_building_tests' from command line to 'False'
[0.580s] DEBUG:colcon.colcon_core.verb:Building package 'simple_grasping' with the following arguments: {'ament_cmake_args': None, 'build_base': '/home/yuritvr/PFC/wenis_ws/build/simple_grasping', 'catkin_cmake_args': None, 'catkin_skip_building_tests': False, 'cmake_args': None, 'cmake_clean_cache': False, 'cmake_clean_first': False, 'cmake_force_configure': False, 'cmake_target': None, 'cmake_target_skip_unavailable': False, 'install_base': '/home/yuritvr/PFC/wenis_ws/install/simple_grasping', 'merge_install': False, 'path': '/home/yuritvr/PFC/wenis_ws/src/ros2_manipulator/simple_grasping_ros2/simple_grasping', 'symlink_install': False, 'test_result_base': None}
[0.580s] Level 5:colcon.colcon_core.verb:set package 'xarm_description' build argument 'cmake_args' from command line to 'None'
[0.580s] Level 5:colcon.colcon_core.verb:set package 'xarm_description' build argument 'cmake_target' from command line to 'None'
[0.580s] Level 5:colcon.colcon_core.verb:set package 'xarm_description' build argument 'cmake_target_skip_unavailable' from command line to 'False'
[0.580s] Level 5:colcon.colcon_core.verb:set package 'xarm_description' build argument 'cmake_clean_cache' from command line to 'False'
[0.580s] Level 5:colcon.colcon_core.verb:set package 'xarm_description' build argument 'cmake_clean_first' from command line to 'False'
[0.580s] Level 5:colcon.colcon_core.verb:set package 'xarm_description' build argument 'cmake_force_configure' from command line to 'False'
[0.580s] Level 5:colcon.colcon_core.verb:set package 'xarm_description' build argument 'ament_cmake_args' from command line to 'None'
[0.580s] Level 5:colcon.colcon_core.verb:set package 'xarm_description' build argument 'catkin_cmake_args' from command line to 'None'
[0.581s] Level 5:colcon.colcon_core.verb:set package 'xarm_description' build argument 'catkin_skip_building_tests' from command line to 'False'
[0.581s] DEBUG:colcon.colcon_core.verb:Building package 'xarm_description' with the following arguments: {'ament_cmake_args': None, 'build_base': '/home/yuritvr/PFC/wenis_ws/build/xarm_description', 'catkin_cmake_args': None, 'catkin_skip_building_tests': False, 'cmake_args': None, 'cmake_clean_cache': False, 'cmake_clean_first': False, 'cmake_force_configure': False, 'cmake_target': None, 'cmake_target_skip_unavailable': False, 'install_base': '/home/yuritvr/PFC/wenis_ws/install/xarm_description', 'merge_install': False, 'path': '/home/yuritvr/PFC/wenis_ws/src/ros2_manipulator/xarm_description', 'symlink_install': False, 'test_result_base': None}
[0.581s] Level 5:colcon.colcon_core.verb:set package 'moveit_config' build argument 'cmake_args' from command line to 'None'
[0.581s] Level 5:colcon.colcon_core.verb:set package 'moveit_config' build argument 'cmake_target' from command line to 'None'
[0.581s] Level 5:colcon.colcon_core.verb:set package 'moveit_config' build argument 'cmake_target_skip_unavailable' from command line to 'False'
[0.581s] Level 5:colcon.colcon_core.verb:set package 'moveit_config' build argument 'cmake_clean_cache' from command line to 'False'
[0.581s] Level 5:colcon.colcon_core.verb:set package 'moveit_config' build argument 'cmake_clean_first' from command line to 'False'
[0.581s] Level 5:colcon.colcon_core.verb:set package 'moveit_config' build argument 'cmake_force_configure' from command line to 'False'
[0.581s] Level 5:colcon.colcon_core.verb:set package 'moveit_config' build argument 'ament_cmake_args' from command line to 'None'
[0.581s] Level 5:colcon.colcon_core.verb:set package 'moveit_config' build argument 'catkin_cmake_args' from command line to 'None'
[0.581s] Level 5:colcon.colcon_core.verb:set package 'moveit_config' build argument 'catkin_skip_building_tests' from command line to 'False'
[0.581s] DEBUG:colcon.colcon_core.verb:Building package 'moveit_config' with the following arguments: {'ament_cmake_args': None, 'build_base': '/home/yuritvr/PFC/wenis_ws/build/moveit_config', 'catkin_cmake_args': None, 'catkin_skip_building_tests': False, 'cmake_args': None, 'cmake_clean_cache': False, 'cmake_clean_first': False, 'cmake_force_configure': False, 'cmake_target': None, 'cmake_target_skip_unavailable': False, 'install_base': '/home/yuritvr/PFC/wenis_ws/install/moveit_config', 'merge_install': False, 'path': '/home/yuritvr/PFC/wenis_ws/src/ros2_manipulator/moveit_config', 'symlink_install': False, 'test_result_base': None}
[0.582s] INFO:colcon.colcon_core.executor:Executing jobs using 'parallel' executor
[0.583s] DEBUG:colcon.colcon_parallel_executor.executor.parallel:run_until_complete
[0.583s] INFO:colcon.colcon_ros.task.ament_cmake.build:Building ROS package in '/home/yuritvr/PFC/wenis_ws/src/ros2_manipulator/robotic_arm_environment/arm_pkg' with build type 'ament_cmake'
[0.583s] INFO:colcon.colcon_cmake.task.cmake.build:Building CMake package in '/home/yuritvr/PFC/wenis_ws/src/ros2_manipulator/robotic_arm_environment/arm_pkg'
[0.587s] INFO:colcon.colcon_core.plugin_system:Skipping extension 'colcon_core.shell.bat': Not used on non-Windows systems
[0.587s] INFO:colcon.colcon_core.shell:Skip shell extension 'powershell' for command environment: Not usable outside of PowerShell
[0.587s] DEBUG:colcon.colcon_core.shell:Skip shell extension 'dsv' for command environment
[0.594s] INFO:colcon.colcon_ros.task.ament_cmake.build:Building ROS package in '/home/yuritvr/PFC/wenis_ws/src/ros2_manipulator/get_pose_client' with build type 'ament_cmake'
[0.594s] INFO:colcon.colcon_cmake.task.cmake.build:Building CMake package in '/home/yuritvr/PFC/wenis_ws/src/ros2_manipulator/get_pose_client'
[0.594s] INFO:colcon.colcon_core.shell:Skip shell extension 'powershell' for command environment: Not usable outside of PowerShell
[0.594s] DEBUG:colcon.colcon_core.shell:Skip shell extension 'dsv' for command environment
[0.601s] INFO:colcon.colcon_ros.task.ament_cmake.build:Building ROS package in '/home/yuritvr/PFC/wenis_ws/src/ros2_manipulator/moveit2_cartesian' with build type 'ament_cmake'
[0.601s] INFO:colcon.colcon_cmake.task.cmake.build:Building CMake package in '/home/yuritvr/PFC/wenis_ws/src/ros2_manipulator/moveit2_cartesian'
[0.601s] INFO:colcon.colcon_core.shell:Skip shell extension 'powershell' for command environment: Not usable outside of PowerShell
[0.601s] DEBUG:colcon.colcon_core.shell:Skip shell extension 'dsv' for command environment
[0.608s] INFO:colcon.colcon_ros.task.ament_cmake.build:Building ROS package in '/home/yuritvr/PFC/wenis_ws/src/ros2_manipulator/moveit2_kinematics' with build type 'ament_cmake'
[0.608s] INFO:colcon.colcon_cmake.task.cmake.build:Building CMake package in '/home/yuritvr/PFC/wenis_ws/src/ros2_manipulator/moveit2_kinematics'
[0.609s] INFO:colcon.colcon_core.shell:Skip shell extension 'powershell' for command environment: Not usable outside of PowerShell
[0.609s] DEBUG:colcon.colcon_core.shell:Skip shell extension 'dsv' for command environment
[0.615s] INFO:colcon.colcon_ros.task.ament_cmake.build:Building ROS package in '/home/yuritvr/PFC/wenis_ws/src/ros2_manipulator/moveit2_scripts' with build type 'ament_cmake'
[0.615s] INFO:colcon.colcon_cmake.task.cmake.build:Building CMake package in '/home/yuritvr/PFC/wenis_ws/src/ros2_manipulator/moveit2_scripts'
[0.616s] INFO:colcon.colcon_core.shell:Skip shell extension 'powershell' for command environment: Not usable outside of PowerShell
[0.616s] DEBUG:colcon.colcon_core.shell:Skip shell extension 'dsv' for command environment
[0.623s] INFO:colcon.colcon_ros.task.ament_cmake.build:Building ROS package in '/home/yuritvr/PFC/wenis_ws/src/ros2_manipulator/simple_grasping_ros2/simple_grasping' with build type 'ament_cmake'
[0.623s] INFO:colcon.colcon_cmake.task.cmake.build:Building CMake package in '/home/yuritvr/PFC/wenis_ws/src/ros2_manipulator/simple_grasping_ros2/simple_grasping'
[0.623s] INFO:colcon.colcon_core.shell:Skip shell extension 'powershell' for command environment: Not usable outside of PowerShell
[0.623s] DEBUG:colcon.colcon_core.shell:Skip shell extension 'dsv' for command environment
[0.630s] INFO:colcon.colcon_ros.task.ament_cmake.build:Building ROS package in '/home/yuritvr/PFC/wenis_ws/src/ros2_manipulator/xarm_description' with build type 'ament_cmake'
[0.630s] INFO:colcon.colcon_cmake.task.cmake.build:Building CMake package in '/home/yuritvr/PFC/wenis_ws/src/ros2_manipulator/xarm_description'
[0.630s] INFO:colcon.colcon_core.shell:Skip shell extension 'powershell' for command environment: Not usable outside of PowerShell
[0.630s] DEBUG:colcon.colcon_core.shell:Skip shell extension 'dsv' for command environment
[0.645s] DEBUG:colcon.colcon_core.event_handler.log_command:Invoking command in '/home/yuritvr/PFC/wenis_ws/build/arm_pkg': CMAKE_PREFIX_PATH=${CMAKE_PREFIX_PATH}:/opt/ros/humble /usr/bin/cmake --build /home/yuritvr/PFC/wenis_ws/build/arm_pkg -- -j8 -l8
[0.650s] DEBUG:colcon.colcon_core.event_handler.log_command:Invoking command in '/home/yuritvr/PFC/wenis_ws/build/get_pose_client': CMAKE_PREFIX_PATH=${CMAKE_PREFIX_PATH}:/opt/ros/humble /usr/bin/cmake --build /home/yuritvr/PFC/wenis_ws/build/get_pose_client -- -j8 -l8
[0.654s] DEBUG:colcon.colcon_core.event_handler.log_command:Invoking command in '/home/yuritvr/PFC/wenis_ws/build/moveit2_cartesian': CMAKE_PREFIX_PATH=${CMAKE_PREFIX_PATH}:/opt/ros/humble /usr/bin/cmake --build /home/yuritvr/PFC/wenis_ws/build/moveit2_cartesian -- -j8 -l8
[0.660s] DEBUG:colcon.colcon_core.event_handler.log_command:Invoking command in '/home/yuritvr/PFC/wenis_ws/build/moveit2_kinematics': CMAKE_PREFIX_PATH=${CMAKE_PREFIX_PATH}:/opt/ros/humble /usr/bin/cmake --build /home/yuritvr/PFC/wenis_ws/build/moveit2_kinematics -- -j8 -l8
[0.666s] DEBUG:colcon.colcon_core.event_handler.log_command:Invoking command in '/home/yuritvr/PFC/wenis_ws/build/moveit2_scripts': CMAKE_PREFIX_PATH=${CMAKE_PREFIX_PATH}:/opt/ros/humble /usr/bin/cmake --build /home/yuritvr/PFC/wenis_ws/build/moveit2_scripts -- -j8 -l8
[0.674s] DEBUG:colcon.colcon_core.event_handler.log_command:Invoking command in '/home/yuritvr/PFC/wenis_ws/build/simple_grasping': CMAKE_PREFIX_PATH=${CMAKE_PREFIX_PATH}:/opt/ros/humble /usr/bin/cmake --build /home/yuritvr/PFC/wenis_ws/build/simple_grasping -- -j8 -l8
[0.683s] DEBUG:colcon.colcon_core.event_handler.log_command:Invoking command in '/home/yuritvr/PFC/wenis_ws/build/xarm_description': CMAKE_PREFIX_PATH=${CMAKE_PREFIX_PATH}:/opt/ros/humble /usr/bin/cmake --build /home/yuritvr/PFC/wenis_ws/build/xarm_description -- -j8 -l8
[0.725s] DEBUG:colcon.colcon_core.event_handler.log_command:Invoked command in '/home/yuritvr/PFC/wenis_ws/build/arm_pkg' returned '0': CMAKE_PREFIX_PATH=${CMAKE_PREFIX_PATH}:/opt/ros/humble /usr/bin/cmake --build /home/yuritvr/PFC/wenis_ws/build/arm_pkg -- -j8 -l8
[0.765s] DEBUG:colcon.colcon_core.event_handler.log_command:Invoked command in '/home/yuritvr/PFC/wenis_ws/build/xarm_description' returned '0': CMAKE_PREFIX_PATH=${CMAKE_PREFIX_PATH}:/opt/ros/humble /usr/bin/cmake --build /home/yuritvr/PFC/wenis_ws/build/xarm_description -- -j8 -l8
[0.834s] DEBUG:colcon.colcon_core.event_handler.log_command:Invoked command in '/home/yuritvr/PFC/wenis_ws/build/get_pose_client' returned '0': CMAKE_PREFIX_PATH=${CMAKE_PREFIX_PATH}:/opt/ros/humble /usr/bin/cmake --build /home/yuritvr/PFC/wenis_ws/build/get_pose_client -- -j8 -l8
[0.843s] DEBUG:colcon.colcon_core.event_handler.log_command:Invoked command in '/home/yuritvr/PFC/wenis_ws/build/moveit2_cartesian' returned '0': CMAKE_PREFIX_PATH=${CMAKE_PREFIX_PATH}:/opt/ros/humble /usr/bin/cmake --build /home/yuritvr/PFC/wenis_ws/build/moveit2_cartesian -- -j8 -l8
[0.880s] DEBUG:colcon.colcon_core.event_handler.log_command:Invoking command in '/home/yuritvr/PFC/wenis_ws/build/arm_pkg': CMAKE_PREFIX_PATH=${CMAKE_PREFIX_PATH}:/opt/ros/humble /usr/bin/cmake --install /home/yuritvr/PFC/wenis_ws/build/arm_pkg
[0.886s] DEBUG:colcon.colcon_core.event_handler.log_command:Invoking command in '/home/yuritvr/PFC/wenis_ws/build/xarm_description': CMAKE_PREFIX_PATH=${CMAKE_PREFIX_PATH}:/opt/ros/humble /usr/bin/cmake --install /home/yuritvr/PFC/wenis_ws/build/xarm_description
[0.888s] DEBUG:colcon.colcon_core.event_handler.log_command:Invoked command in '/home/yuritvr/PFC/wenis_ws/build/moveit2_kinematics' returned '0': CMAKE_PREFIX_PATH=${CMAKE_PREFIX_PATH}:/opt/ros/humble /usr/bin/cmake --build /home/yuritvr/PFC/wenis_ws/build/moveit2_kinematics -- -j8 -l8
[0.893s] DEBUG:colcon.colcon_core.event_handler.log_command:Invoking command in '/home/yuritvr/PFC/wenis_ws/build/get_pose_client': CMAKE_PREFIX_PATH=${CMAKE_PREFIX_PATH}:/opt/ros/humble /usr/bin/cmake --install /home/yuritvr/PFC/wenis_ws/build/get_pose_client
[0.901s] DEBUG:colcon.colcon_core.event_handler.log_command:Invoked command in '/home/yuritvr/PFC/wenis_ws/build/moveit2_scripts' returned '0': CMAKE_PREFIX_PATH=${CMAKE_PREFIX_PATH}:/opt/ros/humble /usr/bin/cmake --build /home/yuritvr/PFC/wenis_ws/build/moveit2_scripts -- -j8 -l8
[0.915s] Level 1:colcon.colcon_core.environment:create_environment_scripts_only(arm_pkg)
[0.931s] Level 1:colcon.colcon_core.environment:checking '/home/yuritvr/PFC/wenis_ws/install/arm_pkg' for CMake module files
[0.934s] Level 1:colcon.colcon_core.environment:checking '/home/yuritvr/PFC/wenis_ws/install/arm_pkg' for CMake config files
[0.945s] Level 1:colcon.colcon_core.shell:create_environment_hook('arm_pkg', 'cmake_prefix_path')
[0.946s] INFO:colcon.colcon_core.shell:Creating environment hook '/home/yuritvr/PFC/wenis_ws/install/arm_pkg/share/arm_pkg/hook/cmake_prefix_path.ps1'
[0.949s] INFO:colcon.colcon_core.shell:Creating environment descriptor '/home/yuritvr/PFC/wenis_ws/install/arm_pkg/share/arm_pkg/hook/cmake_prefix_path.dsv'
[0.950s] DEBUG:colcon.colcon_core.event_handler.log_command:Invoking command in '/home/yuritvr/PFC/wenis_ws/build/moveit2_cartesian': CMAKE_PREFIX_PATH=${CMAKE_PREFIX_PATH}:/opt/ros/humble /usr/bin/cmake --install /home/yuritvr/PFC/wenis_ws/build/moveit2_cartesian
[0.951s] INFO:colcon.colcon_core.shell:Creating environment hook '/home/yuritvr/PFC/wenis_ws/install/arm_pkg/share/arm_pkg/hook/cmake_prefix_path.sh'
[0.954s] Level 1:colcon.colcon_core.environment:checking '/home/yuritvr/PFC/wenis_ws/install/arm_pkg/bin'
[0.954s] Level 1:colcon.colcon_core.environment:checking '/home/yuritvr/PFC/wenis_ws/install/arm_pkg/lib/pkgconfig/arm_pkg.pc'
[0.954s] Level 1:colcon.colcon_core.environment:checking '/home/yuritvr/PFC/wenis_ws/install/arm_pkg/lib/python3.10/site-packages'
[0.955s] Level 1:colcon.colcon_core.environment:checking '/home/yuritvr/PFC/wenis_ws/install/arm_pkg/bin'
[0.956s] INFO:colcon.colcon_core.shell:Creating package script '/home/yuritvr/PFC/wenis_ws/install/arm_pkg/share/arm_pkg/package.ps1'
[0.958s] INFO:colcon.colcon_core.shell:Creating package descriptor '/home/yuritvr/PFC/wenis_ws/install/arm_pkg/share/arm_pkg/package.dsv'
[0.960s] INFO:colcon.colcon_core.shell:Creating package script '/home/yuritvr/PFC/wenis_ws/install/arm_pkg/share/arm_pkg/package.sh'
[0.962s] INFO:colcon.colcon_core.shell:Creating package script '/home/yuritvr/PFC/wenis_ws/install/arm_pkg/share/arm_pkg/package.bash'
[0.965s] INFO:colcon.colcon_core.shell:Creating package script '/home/yuritvr/PFC/wenis_ws/install/arm_pkg/share/arm_pkg/package.zsh'
[0.967s] Level 1:colcon.colcon_core.environment:create_file_with_runtime_dependencies(/home/yuritvr/PFC/wenis_ws/install/arm_pkg/share/colcon-core/packages/arm_pkg)
[0.971s] Level 1:colcon.colcon_core.environment:create_environment_scripts_only(xarm_description)
[0.972s] Level 1:colcon.colcon_core.environment:checking '/home/yuritvr/PFC/wenis_ws/install/xarm_description' for CMake module files
[0.974s] Level 1:colcon.colcon_core.environment:checking '/home/yuritvr/PFC/wenis_ws/install/xarm_description' for CMake config files
[0.976s] DEBUG:colcon.colcon_core.event_handler.log_command:Invoked command in '/home/yuritvr/PFC/wenis_ws/build/arm_pkg' returned '0': CMAKE_PREFIX_PATH=${CMAKE_PREFIX_PATH}:/opt/ros/humble /usr/bin/cmake --install /home/yuritvr/PFC/wenis_ws/build/arm_pkg
[0.982s] DEBUG:colcon.colcon_core.event_handler.log_command:Invoked command in '/home/yuritvr/PFC/wenis_ws/build/xarm_description' returned '0': CMAKE_PREFIX_PATH=${CMAKE_PREFIX_PATH}:/opt/ros/humble /usr/bin/cmake --install /home/yuritvr/PFC/wenis_ws/build/xarm_description
[0.982s] Level 1:colcon.colcon_core.shell:create_environment_hook('xarm_description', 'cmake_prefix_path')
[0.982s] INFO:colcon.colcon_core.shell:Creating environment hook '/home/yuritvr/PFC/wenis_ws/install/xarm_description/share/xarm_description/hook/cmake_prefix_path.ps1'
[0.983s] INFO:colcon.colcon_core.shell:Creating environment descriptor '/home/yuritvr/PFC/wenis_ws/install/xarm_description/share/xarm_description/hook/cmake_prefix_path.dsv'
[0.983s] INFO:colcon.colcon_core.shell:Creating environment hook '/home/yuritvr/PFC/wenis_ws/install/xarm_description/share/xarm_description/hook/cmake_prefix_path.sh'
[0.984s] Level 1:colcon.colcon_core.environment:checking '/home/yuritvr/PFC/wenis_ws/install/xarm_description/bin'
[0.984s] Level 1:colcon.colcon_core.environment:checking '/home/yuritvr/PFC/wenis_ws/install/xarm_description/lib/pkgconfig/xarm_description.pc'
[0.984s] Level 1:colcon.colcon_core.environment:checking '/home/yuritvr/PFC/wenis_ws/install/xarm_description/lib/python3.10/site-packages'
[0.985s] Level 1:colcon.colcon_core.environment:checking '/home/yuritvr/PFC/wenis_ws/install/xarm_description/bin'
[0.985s] INFO:colcon.colcon_core.shell:Creating package script '/home/yuritvr/PFC/wenis_ws/install/xarm_description/share/xarm_description/package.ps1'
[0.986s] INFO:colcon.colcon_core.shell:Creating package descriptor '/home/yuritvr/PFC/wenis_ws/install/xarm_description/share/xarm_description/package.dsv'
[0.986s] INFO:colcon.colcon_core.shell:Creating package script '/home/yuritvr/PFC/wenis_ws/install/xarm_description/share/xarm_description/package.sh'
[0.987s] INFO:colcon.colcon_core.shell:Creating package script '/home/yuritvr/PFC/wenis_ws/install/xarm_description/share/xarm_description/package.bash'
[0.987s] INFO:colcon.colcon_core.shell:Creating package script '/home/yuritvr/PFC/wenis_ws/install/xarm_description/share/xarm_description/package.zsh'
[0.988s] Level 1:colcon.colcon_core.environment:create_file_with_runtime_dependencies(/home/yuritvr/PFC/wenis_ws/install/xarm_description/share/colcon-core/packages/xarm_description)
[0.992s] DEBUG:colcon.colcon_core.event_handler.log_command:Invoking command in '/home/yuritvr/PFC/wenis_ws/build/moveit2_kinematics': CMAKE_PREFIX_PATH=${CMAKE_PREFIX_PATH}:/opt/ros/humble /usr/bin/cmake --install /home/yuritvr/PFC/wenis_ws/build/moveit2_kinematics
[0.994s] DEBUG:colcon.colcon_core.event_handler.log_command:Invoking command in '/home/yuritvr/PFC/wenis_ws/build/moveit2_scripts': CMAKE_PREFIX_PATH=${CMAKE_PREFIX_PATH}:/opt/ros/humble /usr/bin/cmake --install /home/yuritvr/PFC/wenis_ws/build/moveit2_scripts
[0.995s] Level 1:colcon.colcon_core.environment:create_environment_scripts_only(moveit2_cartesian)
[0.995s] Level 1:colcon.colcon_core.environment:checking '/home/yuritvr/PFC/wenis_ws/install/moveit2_cartesian' for CMake module files
[0.997s] DEBUG:colcon.colcon_core.event_handler.log_command:Invoked command in '/home/yuritvr/PFC/wenis_ws/build/moveit2_cartesian' returned '0': CMAKE_PREFIX_PATH=${CMAKE_PREFIX_PATH}:/opt/ros/humble /usr/bin/cmake --install /home/yuritvr/PFC/wenis_ws/build/moveit2_cartesian
[0.998s] Level 1:colcon.colcon_core.environment:checking '/home/yuritvr/PFC/wenis_ws/install/moveit2_cartesian' for CMake config files
[0.999s] Level 1:colcon.colcon_core.shell:create_environment_hook('moveit2_cartesian', 'cmake_prefix_path')
[1.000s] INFO:colcon.colcon_core.shell:Creating environment hook '/home/yuritvr/PFC/wenis_ws/install/moveit2_cartesian/share/moveit2_cartesian/hook/cmake_prefix_path.ps1'
[1.000s] INFO:colcon.colcon_core.shell:Creating environment descriptor '/home/yuritvr/PFC/wenis_ws/install/moveit2_cartesian/share/moveit2_cartesian/hook/cmake_prefix_path.dsv'
[1.001s] INFO:colcon.colcon_core.shell:Creating environment hook '/home/yuritvr/PFC/wenis_ws/install/moveit2_cartesian/share/moveit2_cartesian/hook/cmake_prefix_path.sh'
[1.002s] Level 1:colcon.colcon_core.environment:checking '/home/yuritvr/PFC/wenis_ws/install/moveit2_cartesian/lib'
[1.002s] Level 1:colcon.colcon_core.environment:checking '/home/yuritvr/PFC/wenis_ws/install/moveit2_cartesian/bin'
[1.003s] Level 1:colcon.colcon_core.environment:checking '/home/yuritvr/PFC/wenis_ws/install/moveit2_cartesian/lib/pkgconfig/moveit2_cartesian.pc'
[1.003s] Level 1:colcon.colcon_core.environment:checking '/home/yuritvr/PFC/wenis_ws/install/moveit2_cartesian/lib/python3.10/site-packages'
[1.004s] Level 1:colcon.colcon_core.environment:checking '/home/yuritvr/PFC/wenis_ws/install/moveit2_cartesian/bin'
[1.004s] INFO:colcon.colcon_core.shell:Creating package script '/home/yuritvr/PFC/wenis_ws/install/moveit2_cartesian/share/moveit2_cartesian/package.ps1'
[1.005s] INFO:colcon.colcon_core.shell:Creating package descriptor '/home/yuritvr/PFC/wenis_ws/install/moveit2_cartesian/share/moveit2_cartesian/package.dsv'
[1.006s] INFO:colcon.colcon_core.shell:Creating package script '/home/yuritvr/PFC/wenis_ws/install/moveit2_cartesian/share/moveit2_cartesian/package.sh'
[1.007s] INFO:colcon.colcon_core.shell:Creating package script '/home/yuritvr/PFC/wenis_ws/install/moveit2_cartesian/share/moveit2_cartesian/package.bash'
[1.008s] INFO:colcon.colcon_core.shell:Creating package script '/home/yuritvr/PFC/wenis_ws/install/moveit2_cartesian/share/moveit2_cartesian/package.zsh'
[1.008s] Level 1:colcon.colcon_core.environment:create_file_with_runtime_dependencies(/home/yuritvr/PFC/wenis_ws/install/moveit2_cartesian/share/colcon-core/packages/moveit2_cartesian)
[1.010s] Level 1:colcon.colcon_core.environment:create_environment_scripts_only(get_pose_client)
[1.011s] Level 1:colcon.colcon_core.environment:checking '/home/yuritvr/PFC/wenis_ws/install/get_pose_client' for CMake module files
[1.013s] DEBUG:colcon.colcon_core.event_handler.log_command:Invoked command in '/home/yuritvr/PFC/wenis_ws/build/get_pose_client' returned '0': CMAKE_PREFIX_PATH=${CMAKE_PREFIX_PATH}:/opt/ros/humble /usr/bin/cmake --install /home/yuritvr/PFC/wenis_ws/build/get_pose_client
[1.013s] Level 1:colcon.colcon_core.environment:checking '/home/yuritvr/PFC/wenis_ws/install/get_pose_client' for CMake config files
[1.014s] Level 1:colcon.colcon_core.shell:create_environment_hook('get_pose_client', 'cmake_prefix_path')
[1.014s] INFO:colcon.colcon_core.shell:Creating environment hook '/home/yuritvr/PFC/wenis_ws/install/get_pose_client/share/get_pose_client/hook/cmake_prefix_path.ps1'
[1.015s] INFO:colcon.colcon_core.shell:Creating environment descriptor '/home/yuritvr/PFC/wenis_ws/install/get_pose_client/share/get_pose_client/hook/cmake_prefix_path.dsv'
[1.015s] INFO:colcon.colcon_core.shell:Creating environment hook '/home/yuritvr/PFC/wenis_ws/install/get_pose_client/share/get_pose_client/hook/cmake_prefix_path.sh'
[1.016s] Level 1:colcon.colcon_core.environment:checking '/home/yuritvr/PFC/wenis_ws/install/get_pose_client/lib'
[1.017s] Level 1:colcon.colcon_core.environment:checking '/home/yuritvr/PFC/wenis_ws/install/get_pose_client/bin'
[1.017s] Level 1:colcon.colcon_core.environment:checking '/home/yuritvr/PFC/wenis_ws/install/get_pose_client/lib/pkgconfig/get_pose_client.pc'
[1.017s] Level 1:colcon.colcon_core.environment:checking '/home/yuritvr/PFC/wenis_ws/install/get_pose_client/lib/python3.10/site-packages'
[1.018s] Level 1:colcon.colcon_core.environment:checking '/home/yuritvr/PFC/wenis_ws/install/get_pose_client/bin'
[1.019s] INFO:colcon.colcon_core.shell:Creating package script '/home/yuritvr/PFC/wenis_ws/install/get_pose_client/share/get_pose_client/package.ps1'
[1.020s] INFO:colcon.colcon_core.shell:Creating package descriptor '/home/yuritvr/PFC/wenis_ws/install/get_pose_client/share/get_pose_client/package.dsv'
[1.021s] INFO:colcon.colcon_core.shell:Creating package script '/home/yuritvr/PFC/wenis_ws/install/get_pose_client/share/get_pose_client/package.sh'
[1.021s] INFO:colcon.colcon_core.shell:Creating package script '/home/yuritvr/PFC/wenis_ws/install/get_pose_client/share/get_pose_client/package.bash'
[1.022s] INFO:colcon.colcon_core.shell:Creating package script '/home/yuritvr/PFC/wenis_ws/install/get_pose_client/share/get_pose_client/package.zsh'
[1.022s] Level 1:colcon.colcon_core.environment:create_file_with_runtime_dependencies(/home/yuritvr/PFC/wenis_ws/install/get_pose_client/share/colcon-core/packages/get_pose_client)
[1.030s] Level 1:colcon.colcon_core.environment:create_environment_scripts_only(moveit2_kinematics)
[1.031s] Level 1:colcon.colcon_core.environment:checking '/home/yuritvr/PFC/wenis_ws/install/moveit2_kinematics' for CMake module files
[1.034s] Level 1:colcon.colcon_core.environment:checking '/home/yuritvr/PFC/wenis_ws/install/moveit2_kinematics' for CMake config files
[1.038s] Level 1:colcon.colcon_core.shell:create_environment_hook('moveit2_kinematics', 'cmake_prefix_path')
[1.039s] INFO:colcon.colcon_core.shell:Creating environment hook '/home/yuritvr/PFC/wenis_ws/install/moveit2_kinematics/share/moveit2_kinematics/hook/cmake_prefix_path.ps1'
[1.041s] INFO:colcon.colcon_core.shell:Creating environment descriptor '/home/yuritvr/PFC/wenis_ws/install/moveit2_kinematics/share/moveit2_kinematics/hook/cmake_prefix_path.dsv'
[1.043s] INFO:colcon.colcon_core.shell:Creating environment hook '/home/yuritvr/PFC/wenis_ws/install/moveit2_kinematics/share/moveit2_kinematics/hook/cmake_prefix_path.sh'
[1.044s] Level 1:colcon.colcon_core.environment:checking '/home/yuritvr/PFC/wenis_ws/install/moveit2_kinematics/lib'
[1.045s] DEBUG:colcon.colcon_core.event_handler.log_command:Invoked command in '/home/yuritvr/PFC/wenis_ws/build/simple_grasping' returned '0': CMAKE_PREFIX_PATH=${CMAKE_PREFIX_PATH}:/opt/ros/humble /usr/bin/cmake --build /home/yuritvr/PFC/wenis_ws/build/simple_grasping -- -j8 -l8
[1.045s] Level 1:colcon.colcon_core.environment:checking '/home/yuritvr/PFC/wenis_ws/install/moveit2_kinematics/bin'
[1.046s] Level 1:colcon.colcon_core.environment:checking '/home/yuritvr/PFC/wenis_ws/install/moveit2_kinematics/lib/pkgconfig/moveit2_kinematics.pc'
[1.046s] Level 1:colcon.colcon_core.environment:checking '/home/yuritvr/PFC/wenis_ws/install/moveit2_kinematics/lib/python3.10/site-packages'
[1.047s] DEBUG:colcon.colcon_core.event_handler.log_command:Invoked command in '/home/yuritvr/PFC/wenis_ws/build/moveit2_kinematics' returned '0': CMAKE_PREFIX_PATH=${CMAKE_PREFIX_PATH}:/opt/ros/humble /usr/bin/cmake --install /home/yuritvr/PFC/wenis_ws/build/moveit2_kinematics
[1.047s] Level 1:colcon.colcon_core.environment:checking '/home/yuritvr/PFC/wenis_ws/install/moveit2_kinematics/bin'
[1.048s] INFO:colcon.colcon_core.shell:Creating package script '/home/yuritvr/PFC/wenis_ws/install/moveit2_kinematics/share/moveit2_kinematics/package.ps1'
[1.048s] INFO:colcon.colcon_core.shell:Creating package descriptor '/home/yuritvr/PFC/wenis_ws/install/moveit2_kinematics/share/moveit2_kinematics/package.dsv'
[1.049s] INFO:colcon.colcon_core.shell:Creating package script '/home/yuritvr/PFC/wenis_ws/install/moveit2_kinematics/share/moveit2_kinematics/package.sh'
[1.049s] INFO:colcon.colcon_core.shell:Creating package script '/home/yuritvr/PFC/wenis_ws/install/moveit2_kinematics/share/moveit2_kinematics/package.bash'
[1.050s] INFO:colcon.colcon_core.shell:Creating package script '/home/yuritvr/PFC/wenis_ws/install/moveit2_kinematics/share/moveit2_kinematics/package.zsh'
[1.050s] Level 1:colcon.colcon_core.environment:create_file_with_runtime_dependencies(/home/yuritvr/PFC/wenis_ws/install/moveit2_kinematics/share/colcon-core/packages/moveit2_kinematics)
[1.052s] Level 1:colcon.colcon_core.environment:create_environment_scripts_only(arm_pkg)
[1.052s] Level 1:colcon.colcon_core.environment:checking '/home/yuritvr/PFC/wenis_ws/install/arm_pkg' for CMake module files
[1.053s] Level 1:colcon.colcon_core.environment:checking '/home/yuritvr/PFC/wenis_ws/install/arm_pkg' for CMake config files
[1.053s] Level 1:colcon.colcon_core.shell:create_environment_hook('arm_pkg', 'cmake_prefix_path')
[1.054s] INFO:colcon.colcon_core.shell:Creating environment hook '/home/yuritvr/PFC/wenis_ws/install/arm_pkg/share/arm_pkg/hook/cmake_prefix_path.ps1'
[1.054s] INFO:colcon.colcon_core.shell:Creating environment descriptor '/home/yuritvr/PFC/wenis_ws/install/arm_pkg/share/arm_pkg/hook/cmake_prefix_path.dsv'
[1.055s] INFO:colcon.colcon_core.shell:Creating environment hook '/home/yuritvr/PFC/wenis_ws/install/arm_pkg/share/arm_pkg/hook/cmake_prefix_path.sh'
[1.056s] Level 1:colcon.colcon_core.environment:checking '/home/yuritvr/PFC/wenis_ws/install/arm_pkg/bin'
[1.056s] Level 1:colcon.colcon_core.environment:checking '/home/yuritvr/PFC/wenis_ws/install/arm_pkg/lib/pkgconfig/arm_pkg.pc'
[1.056s] Level 1:colcon.colcon_core.environment:checking '/home/yuritvr/PFC/wenis_ws/install/arm_pkg/lib/python3.10/site-packages'
[1.056s] Level 1:colcon.colcon_core.environment:checking '/home/yuritvr/PFC/wenis_ws/install/arm_pkg/bin'
[1.057s] INFO:colcon.colcon_core.shell:Creating package script '/home/yuritvr/PFC/wenis_ws/install/arm_pkg/share/arm_pkg/package.ps1'
[1.057s] INFO:colcon.colcon_core.shell:Creating package descriptor '/home/yuritvr/PFC/wenis_ws/install/arm_pkg/share/arm_pkg/package.dsv'
[1.058s] INFO:colcon.colcon_core.shell:Creating package script '/home/yuritvr/PFC/wenis_ws/install/arm_pkg/share/arm_pkg/package.sh'
[1.059s] INFO:colcon.colcon_core.shell:Creating package script '/home/yuritvr/PFC/wenis_ws/install/arm_pkg/share/arm_pkg/package.bash'
[1.059s] INFO:colcon.colcon_core.shell:Creating package script '/home/yuritvr/PFC/wenis_ws/install/arm_pkg/share/arm_pkg/package.zsh'
[1.060s] Level 1:colcon.colcon_core.environment:create_file_with_runtime_dependencies(/home/yuritvr/PFC/wenis_ws/install/arm_pkg/share/colcon-core/packages/arm_pkg)
[1.060s] Level 1:colcon.colcon_core.environment:create_environment_scripts_only(xarm_description)
[1.061s] Level 1:colcon.colcon_core.environment:checking '/home/yuritvr/PFC/wenis_ws/install/xarm_description' for CMake module files
[1.062s] Level 1:colcon.colcon_core.environment:checking '/home/yuritvr/PFC/wenis_ws/install/xarm_description' for CMake config files
[1.063s] Level 1:colcon.colcon_core.shell:create_environment_hook('xarm_description', 'cmake_prefix_path')
[1.063s] INFO:colcon.colcon_core.shell:Creating environment hook '/home/yuritvr/PFC/wenis_ws/install/xarm_description/share/xarm_description/hook/cmake_prefix_path.ps1'
[1.064s] INFO:colcon.colcon_core.shell:Creating environment descriptor '/home/yuritvr/PFC/wenis_ws/install/xarm_description/share/xarm_description/hook/cmake_prefix_path.dsv'
[1.064s] INFO:colcon.colcon_core.shell:Creating environment hook '/home/yuritvr/PFC/wenis_ws/install/xarm_description/share/xarm_description/hook/cmake_prefix_path.sh'
[1.065s] Level 1:colcon.colcon_core.environment:checking '/home/yuritvr/PFC/wenis_ws/install/xarm_description/bin'
[1.065s] Level 1:colcon.colcon_core.environment:checking '/home/yuritvr/PFC/wenis_ws/install/xarm_description/lib/pkgconfig/xarm_description.pc'
[1.065s] Level 1:colcon.colcon_core.environment:checking '/home/yuritvr/PFC/wenis_ws/install/xarm_description/lib/python3.10/site-packages'
[1.066s] Level 1:colcon.colcon_core.environment:checking '/home/yuritvr/PFC/wenis_ws/install/xarm_description/bin'
[1.066s] INFO:colcon.colcon_core.shell:Creating package script '/home/yuritvr/PFC/wenis_ws/install/xarm_description/share/xarm_description/package.ps1'
[1.067s] INFO:colcon.colcon_core.shell:Creating package descriptor '/home/yuritvr/PFC/wenis_ws/install/xarm_description/share/xarm_description/package.dsv'
[1.067s] INFO:colcon.colcon_core.shell:Creating package script '/home/yuritvr/PFC/wenis_ws/install/xarm_description/share/xarm_description/package.sh'
[1.068s] INFO:colcon.colcon_core.shell:Creating package script '/home/yuritvr/PFC/wenis_ws/install/xarm_description/share/xarm_description/package.bash'
[1.069s] INFO:colcon.colcon_core.shell:Creating package script '/home/yuritvr/PFC/wenis_ws/install/xarm_description/share/xarm_description/package.zsh'
[1.069s] Level 1:colcon.colcon_core.environment:create_file_with_runtime_dependencies(/home/yuritvr/PFC/wenis_ws/install/xarm_description/share/colcon-core/packages/xarm_description)
[1.070s] Level 1:colcon.colcon_core.environment:create_environment_scripts_only(moveit2_scripts)
[1.070s] Level 1:colcon.colcon_core.environment:checking '/home/yuritvr/PFC/wenis_ws/install/moveit2_scripts' for CMake module files
[1.072s] DEBUG:colcon.colcon_core.event_handler.log_command:Invoked command in '/home/yuritvr/PFC/wenis_ws/build/moveit2_scripts' returned '0': CMAKE_PREFIX_PATH=${CMAKE_PREFIX_PATH}:/opt/ros/humble /usr/bin/cmake --install /home/yuritvr/PFC/wenis_ws/build/moveit2_scripts
[1.072s] Level 1:colcon.colcon_core.environment:checking '/home/yuritvr/PFC/wenis_ws/install/moveit2_scripts' for CMake config files
[1.073s] Level 1:colcon.colcon_core.shell:create_environment_hook('moveit2_scripts', 'cmake_prefix_path')
[1.073s] INFO:colcon.colcon_core.shell:Creating environment hook '/home/yuritvr/PFC/wenis_ws/install/moveit2_scripts/share/moveit2_scripts/hook/cmake_prefix_path.ps1'
[1.074s] INFO:colcon.colcon_core.shell:Creating environment descriptor '/home/yuritvr/PFC/wenis_ws/install/moveit2_scripts/share/moveit2_scripts/hook/cmake_prefix_path.dsv'
[1.074s] INFO:colcon.colcon_core.shell:Creating environment hook '/home/yuritvr/PFC/wenis_ws/install/moveit2_scripts/share/moveit2_scripts/hook/cmake_prefix_path.sh'
[1.075s] Level 1:colcon.colcon_core.environment:checking '/home/yuritvr/PFC/wenis_ws/install/moveit2_scripts/lib'
[1.075s] Level 1:colcon.colcon_core.environment:checking '/home/yuritvr/PFC/wenis_ws/install/moveit2_scripts/bin'
[1.075s] Level 1:colcon.colcon_core.environment:checking '/home/yuritvr/PFC/wenis_ws/install/moveit2_scripts/lib/pkgconfig/moveit2_scripts.pc'
[1.076s] Level 1:colcon.colcon_core.environment:checking '/home/yuritvr/PFC/wenis_ws/install/moveit2_scripts/lib/python3.10/site-packages'
[1.076s] Level 1:colcon.colcon_core.environment:checking '/home/yuritvr/PFC/wenis_ws/install/moveit2_scripts/bin'
[1.076s] INFO:colcon.colcon_core.shell:Creating package script '/home/yuritvr/PFC/wenis_ws/install/moveit2_scripts/share/moveit2_scripts/package.ps1'
[1.077s] INFO:colcon.colcon_core.shell:Creating package descriptor '/home/yuritvr/PFC/wenis_ws/install/moveit2_scripts/share/moveit2_scripts/package.dsv'
[1.077s] INFO:colcon.colcon_core.shell:Creating package script '/home/yuritvr/PFC/wenis_ws/install/moveit2_scripts/share/moveit2_scripts/package.sh'
[1.078s] INFO:colcon.colcon_core.shell:Creating package script '/home/yuritvr/PFC/wenis_ws/install/moveit2_scripts/share/moveit2_scripts/package.bash'
[1.078s] INFO:colcon.colcon_core.shell:Creating package script '/home/yuritvr/PFC/wenis_ws/install/moveit2_scripts/share/moveit2_scripts/package.zsh'
[1.079s] Level 1:colcon.colcon_core.environment:create_file_with_runtime_dependencies(/home/yuritvr/PFC/wenis_ws/install/moveit2_scripts/share/colcon-core/packages/moveit2_scripts)
[1.081s] INFO:colcon.colcon_ros.task.ament_cmake.build:Building ROS package in '/home/yuritvr/PFC/wenis_ws/src/ros2_manipulator/moveit_config' with build type 'ament_cmake'
[1.081s] INFO:colcon.colcon_cmake.task.cmake.build:Building CMake package in '/home/yuritvr/PFC/wenis_ws/src/ros2_manipulator/moveit_config'
[1.082s] INFO:colcon.colcon_core.shell:Skip shell extension 'powershell' for command environment: Not usable outside of PowerShell
[1.082s] DEBUG:colcon.colcon_core.shell:Skip shell extension 'dsv' for command environment
[1.095s] Level 1:colcon.colcon_core.environment:create_environment_scripts_only(moveit2_cartesian)
[1.095s] Level 1:colcon.colcon_core.environment:checking '/home/yuritvr/PFC/wenis_ws/install/moveit2_cartesian' for CMake module files
[1.096s] Level 1:colcon.colcon_core.environment:checking '/home/yuritvr/PFC/wenis_ws/install/moveit2_cartesian' for CMake config files
[1.097s] Level 1:colcon.colcon_core.shell:create_environment_hook('moveit2_cartesian', 'cmake_prefix_path')
[1.097s] INFO:colcon.colcon_core.shell:Creating environment hook '/home/yuritvr/PFC/wenis_ws/install/moveit2_cartesian/share/moveit2_cartesian/hook/cmake_prefix_path.ps1'
[1.097s] INFO:colcon.colcon_core.shell:Creating environment descriptor '/home/yuritvr/PFC/wenis_ws/install/moveit2_cartesian/share/moveit2_cartesian/hook/cmake_prefix_path.dsv'
[1.098s] INFO:colcon.colcon_core.shell:Creating environment hook '/home/yuritvr/PFC/wenis_ws/install/moveit2_cartesian/share/moveit2_cartesian/hook/cmake_prefix_path.sh'
[1.099s] Level 1:colcon.colcon_core.environment:checking '/home/yuritvr/PFC/wenis_ws/install/moveit2_cartesian/lib'
[1.099s] Level 1:colcon.colcon_core.environment:checking '/home/yuritvr/PFC/wenis_ws/install/moveit2_cartesian/bin'
[1.099s] Level 1:colcon.colcon_core.environment:checking '/home/yuritvr/PFC/wenis_ws/install/moveit2_cartesian/lib/pkgconfig/moveit2_cartesian.pc'
[1.099s] Level 1:colcon.colcon_core.environment:checking '/home/yuritvr/PFC/wenis_ws/install/moveit2_cartesian/lib/python3.10/site-packages'
[1.099s] Level 1:colcon.colcon_core.environment:checking '/home/yuritvr/PFC/wenis_ws/install/moveit2_cartesian/bin'
[1.100s] INFO:colcon.colcon_core.shell:Creating package script '/home/yuritvr/PFC/wenis_ws/install/moveit2_cartesian/share/moveit2_cartesian/package.ps1'
[1.100s] INFO:colcon.colcon_core.shell:Creating package descriptor '/home/yuritvr/PFC/wenis_ws/install/moveit2_cartesian/share/moveit2_cartesian/package.dsv'
[1.101s] INFO:colcon.colcon_core.shell:Creating package script '/home/yuritvr/PFC/wenis_ws/install/moveit2_cartesian/share/moveit2_cartesian/package.sh'
[1.102s] INFO:colcon.colcon_core.shell:Creating package script '/home/yuritvr/PFC/wenis_ws/install/moveit2_cartesian/share/moveit2_cartesian/package.bash'
[1.102s] INFO:colcon.colcon_core.shell:Creating package script '/home/yuritvr/PFC/wenis_ws/install/moveit2_cartesian/share/moveit2_cartesian/package.zsh'
[1.103s] Level 1:colcon.colcon_core.environment:create_file_with_runtime_dependencies(/home/yuritvr/PFC/wenis_ws/install/moveit2_cartesian/share/colcon-core/packages/moveit2_cartesian)
[1.103s] Level 1:colcon.colcon_core.environment:create_environment_scripts_only(get_pose_client)
[1.104s] Level 1:colcon.colcon_core.environment:checking '/home/yuritvr/PFC/wenis_ws/install/get_pose_client' for CMake module files
[1.105s] Level 1:colcon.colcon_core.environment:checking '/home/yuritvr/PFC/wenis_ws/install/get_pose_client' for CMake config files
[1.106s] Level 1:colcon.colcon_core.shell:create_environment_hook('get_pose_client', 'cmake_prefix_path')
[1.106s] INFO:colcon.colcon_core.shell:Creating environment hook '/home/yuritvr/PFC/wenis_ws/install/get_pose_client/share/get_pose_client/hook/cmake_prefix_path.ps1'
[1.107s] INFO:colcon.colcon_core.shell:Creating environment descriptor '/home/yuritvr/PFC/wenis_ws/install/get_pose_client/share/get_pose_client/hook/cmake_prefix_path.dsv'
[1.107s] INFO:colcon.colcon_core.shell:Creating environment hook '/home/yuritvr/PFC/wenis_ws/install/get_pose_client/share/get_pose_client/hook/cmake_prefix_path.sh'
[1.108s] Level 1:colcon.colcon_core.environment:checking '/home/yuritvr/PFC/wenis_ws/install/get_pose_client/lib'
[1.108s] Level 1:colcon.colcon_core.environment:checking '/home/yuritvr/PFC/wenis_ws/install/get_pose_client/bin'
[1.108s] Level 1:colcon.colcon_core.environment:checking '/home/yuritvr/PFC/wenis_ws/install/get_pose_client/lib/pkgconfig/get_pose_client.pc'
[1.108s] Level 1:colcon.colcon_core.environment:checking '/home/yuritvr/PFC/wenis_ws/install/get_pose_client/lib/python3.10/site-packages'
[1.109s] Level 1:colcon.colcon_core.environment:checking '/home/yuritvr/PFC/wenis_ws/install/get_pose_client/bin'
[1.109s] INFO:colcon.colcon_core.shell:Creating package script '/home/yuritvr/PFC/wenis_ws/install/get_pose_client/share/get_pose_client/package.ps1'
[1.110s] INFO:colcon.colcon_core.shell:Creating package descriptor '/home/yuritvr/PFC/wenis_ws/install/get_pose_client/share/get_pose_client/package.dsv'
[1.110s] INFO:colcon.colcon_core.shell:Creating package script '/home/yuritvr/PFC/wenis_ws/install/get_pose_client/share/get_pose_client/package.sh'
[1.111s] INFO:colcon.colcon_core.shell:Creating package script '/home/yuritvr/PFC/wenis_ws/install/get_pose_client/share/get_pose_client/package.bash'
[1.111s] INFO:colcon.colcon_core.shell:Creating package script '/home/yuritvr/PFC/wenis_ws/install/get_pose_client/share/get_pose_client/package.zsh'
[1.112s] Level 1:colcon.colcon_core.environment:create_file_with_runtime_dependencies(/home/yuritvr/PFC/wenis_ws/install/get_pose_client/share/colcon-core/packages/get_pose_client)
[1.113s] Level 1:colcon.colcon_core.environment:create_environment_scripts_only(moveit2_kinematics)
[1.114s] Level 1:colcon.colcon_core.environment:checking '/home/yuritvr/PFC/wenis_ws/install/moveit2_kinematics' for CMake module files
[1.115s] Level 1:colcon.colcon_core.environment:checking '/home/yuritvr/PFC/wenis_ws/install/moveit2_kinematics' for CMake config files
[1.115s] Level 1:colcon.colcon_core.shell:create_environment_hook('moveit2_kinematics', 'cmake_prefix_path')
[1.115s] INFO:colcon.colcon_core.shell:Creating environment hook '/home/yuritvr/PFC/wenis_ws/install/moveit2_kinematics/share/moveit2_kinematics/hook/cmake_prefix_path.ps1'
[1.116s] INFO:colcon.colcon_core.shell:Creating environment descriptor '/home/yuritvr/PFC/wenis_ws/install/moveit2_kinematics/share/moveit2_kinematics/hook/cmake_prefix_path.dsv'
[1.116s] INFO:colcon.colcon_core.shell:Creating environment hook '/home/yuritvr/PFC/wenis_ws/install/moveit2_kinematics/share/moveit2_kinematics/hook/cmake_prefix_path.sh'
[1.117s] Level 1:colcon.colcon_core.environment:checking '/home/yuritvr/PFC/wenis_ws/install/moveit2_kinematics/lib'
[1.117s] Level 1:colcon.colcon_core.environment:checking '/home/yuritvr/PFC/wenis_ws/install/moveit2_kinematics/bin'
[1.117s] Level 1:colcon.colcon_core.environment:checking '/home/yuritvr/PFC/wenis_ws/install/moveit2_kinematics/lib/pkgconfig/moveit2_kinematics.pc'
[1.118s] Level 1:colcon.colcon_core.environment:checking '/home/yuritvr/PFC/wenis_ws/install/moveit2_kinematics/lib/python3.10/site-packages'
[1.118s] Level 1:colcon.colcon_core.environment:checking '/home/yuritvr/PFC/wenis_ws/install/moveit2_kinematics/bin'
[1.118s] INFO:colcon.colcon_core.shell:Creating package script '/home/yuritvr/PFC/wenis_ws/install/moveit2_kinematics/share/moveit2_kinematics/package.ps1'
[1.119s] INFO:colcon.colcon_core.shell:Creating package descriptor '/home/yuritvr/PFC/wenis_ws/install/moveit2_kinematics/share/moveit2_kinematics/package.dsv'
[1.120s] INFO:colcon.colcon_core.shell:Creating package script '/home/yuritvr/PFC/wenis_ws/install/moveit2_kinematics/share/moveit2_kinematics/package.sh'
[1.120s] INFO:colcon.colcon_core.shell:Creating package script '/home/yuritvr/PFC/wenis_ws/install/moveit2_kinematics/share/moveit2_kinematics/package.bash'
[1.121s] INFO:colcon.colcon_core.shell:Creating package script '/home/yuritvr/PFC/wenis_ws/install/moveit2_kinematics/share/moveit2_kinematics/package.zsh'
[1.121s] Level 1:colcon.colcon_core.environment:create_file_with_runtime_dependencies(/home/yuritvr/PFC/wenis_ws/install/moveit2_kinematics/share/colcon-core/packages/moveit2_kinematics)
[1.126s] DEBUG:colcon.colcon_core.event_handler.log_command:Invoking command in '/home/yuritvr/PFC/wenis_ws/build/simple_grasping': CMAKE_PREFIX_PATH=${CMAKE_PREFIX_PATH}:/opt/ros/humble /usr/bin/cmake --install /home/yuritvr/PFC/wenis_ws/build/simple_grasping
[1.130s] DEBUG:colcon.colcon_core.event_handler.log_command:Invoking command in '/home/yuritvr/PFC/wenis_ws/build/moveit_config': CMAKE_PREFIX_PATH=/home/yuritvr/PFC/wenis_ws/install/arm_pkg:/home/yuritvr/PFC/wenis_ws/install/xarm_description:/home/yuritvr/PFC/wenis_ws/install/wenis_moveit:/home/yuritvr/PFC/wenis_ws/install/simple_grasping:/home/yuritvr/PFC/wenis_ws/install/moveit_config:/home/yuritvr/PFC/wenis_ws/install/moveit2_scripts:/home/yuritvr/PFC/wenis_ws/install/moveit2_kinematics:/home/yuritvr/PFC/wenis_ws/install/moveit2_cartesian:/home/yuritvr/PFC/wenis_ws/install/get_pose_client:/home/yuritvr/PFC/pfc_ws/install/pfc_moveit:/home/yuritvr/PFC/pfc_ws/install/moveit_test:/home/yuritvr/PFC/pfc_ws/install/ur_robotiq_description:/home/yuritvr/PFC/pfc_ws/install/pfc_arm:/home/yuritvr/PFC/pfc_ws/install/gazebo_ros2_control:/opt/ros/humble /usr/bin/cmake --build /home/yuritvr/PFC/wenis_ws/build/moveit_config -- -j8 -l8
[1.135s] Level 1:colcon.colcon_core.environment:create_environment_scripts_only(moveit2_scripts)
[1.135s] Level 1:colcon.colcon_core.environment:checking '/home/yuritvr/PFC/wenis_ws/install/moveit2_scripts' for CMake module files
[1.136s] Level 1:colcon.colcon_core.environment:checking '/home/yuritvr/PFC/wenis_ws/install/moveit2_scripts' for CMake config files
[1.136s] Level 1:colcon.colcon_core.shell:create_environment_hook('moveit2_scripts', 'cmake_prefix_path')
[1.137s] INFO:colcon.colcon_core.shell:Creating environment hook '/home/yuritvr/PFC/wenis_ws/install/moveit2_scripts/share/moveit2_scripts/hook/cmake_prefix_path.ps1'
[1.138s] INFO:colcon.colcon_core.shell:Creating environment descriptor '/home/yuritvr/PFC/wenis_ws/install/moveit2_scripts/share/moveit2_scripts/hook/cmake_prefix_path.dsv'
[1.139s] INFO:colcon.colcon_core.shell:Creating environment hook '/home/yuritvr/PFC/wenis_ws/install/moveit2_scripts/share/moveit2_scripts/hook/cmake_prefix_path.sh'
[1.140s] Level 1:colcon.colcon_core.environment:checking '/home/yuritvr/PFC/wenis_ws/install/moveit2_scripts/lib'
[1.141s] Level 1:colcon.colcon_core.environment:checking '/home/yuritvr/PFC/wenis_ws/install/moveit2_scripts/bin'
[1.141s] Level 1:colcon.colcon_core.environment:checking '/home/yuritvr/PFC/wenis_ws/install/moveit2_scripts/lib/pkgconfig/moveit2_scripts.pc'
[1.142s] Level 1:colcon.colcon_core.environment:checking '/home/yuritvr/PFC/wenis_ws/install/moveit2_scripts/lib/python3.10/site-packages'
[1.142s] Level 1:colcon.colcon_core.environment:checking '/home/yuritvr/PFC/wenis_ws/install/moveit2_scripts/bin'
[1.143s] INFO:colcon.colcon_core.shell:Creating package script '/home/yuritvr/PFC/wenis_ws/install/moveit2_scripts/share/moveit2_scripts/package.ps1'
[1.144s] INFO:colcon.colcon_core.shell:Creating package descriptor '/home/yuritvr/PFC/wenis_ws/install/moveit2_scripts/share/moveit2_scripts/package.dsv'
[1.146s] INFO:colcon.colcon_core.shell:Creating package script '/home/yuritvr/PFC/wenis_ws/install/moveit2_scripts/share/moveit2_scripts/package.sh'
[1.147s] INFO:colcon.colcon_core.shell:Creating package script '/home/yuritvr/PFC/wenis_ws/install/moveit2_scripts/share/moveit2_scripts/package.bash'
[1.148s] INFO:colcon.colcon_core.shell:Creating package script '/home/yuritvr/PFC/wenis_ws/install/moveit2_scripts/share/moveit2_scripts/package.zsh'
[1.149s] Level 1:colcon.colcon_core.environment:create_file_with_runtime_dependencies(/home/yuritvr/PFC/wenis_ws/install/moveit2_scripts/share/colcon-core/packages/moveit2_scripts)
[1.150s] Level 1:colcon.colcon_core.environment:create_environment_scripts_only(simple_grasping)
[1.151s] Level 1:colcon.colcon_core.environment:checking '/home/yuritvr/PFC/wenis_ws/install/simple_grasping' for CMake module files
[1.153s] DEBUG:colcon.colcon_core.event_handler.log_command:Invoked command in '/home/yuritvr/PFC/wenis_ws/build/simple_grasping' returned '0': CMAKE_PREFIX_PATH=${CMAKE_PREFIX_PATH}:/opt/ros/humble /usr/bin/cmake --install /home/yuritvr/PFC/wenis_ws/build/simple_grasping
[1.153s] Level 1:colcon.colcon_core.environment:checking '/home/yuritvr/PFC/wenis_ws/install/simple_grasping' for CMake config files
[1.154s] Level 1:colcon.colcon_core.shell:create_environment_hook('simple_grasping', 'cmake_prefix_path')
[1.155s] INFO:colcon.colcon_core.shell:Creating environment hook '/home/yuritvr/PFC/wenis_ws/install/simple_grasping/share/simple_grasping/hook/cmake_prefix_path.ps1'
[1.156s] INFO:colcon.colcon_core.shell:Creating environment descriptor '/home/yuritvr/PFC/wenis_ws/install/simple_grasping/share/simple_grasping/hook/cmake_prefix_path.dsv'
[1.156s] INFO:colcon.colcon_core.shell:Creating environment hook '/home/yuritvr/PFC/wenis_ws/install/simple_grasping/share/simple_grasping/hook/cmake_prefix_path.sh'
[1.157s] Level 1:colcon.colcon_core.environment:checking '/home/yuritvr/PFC/wenis_ws/install/simple_grasping/lib'
[1.157s] Level 1:colcon.colcon_core.shell:create_environment_hook('simple_grasping', 'ld_library_path_lib')
[1.158s] INFO:colcon.colcon_core.shell:Creating environment hook '/home/yuritvr/PFC/wenis_ws/install/simple_grasping/share/simple_grasping/hook/ld_library_path_lib.ps1'
[1.158s] INFO:colcon.colcon_core.shell:Creating environment descriptor '/home/yuritvr/PFC/wenis_ws/install/simple_grasping/share/simple_grasping/hook/ld_library_path_lib.dsv'
[1.159s] INFO:colcon.colcon_core.shell:Creating environment hook '/home/yuritvr/PFC/wenis_ws/install/simple_grasping/share/simple_grasping/hook/ld_library_path_lib.sh'
[1.159s] Level 1:colcon.colcon_core.environment:checking '/home/yuritvr/PFC/wenis_ws/install/simple_grasping/bin'
[1.160s] Level 1:colcon.colcon_core.environment:checking '/home/yuritvr/PFC/wenis_ws/install/simple_grasping/lib/pkgconfig/simple_grasping.pc'
[1.160s] Level 1:colcon.colcon_core.environment:checking '/home/yuritvr/PFC/wenis_ws/install/simple_grasping/lib/python3.10/site-packages'
[1.161s] Level 1:colcon.colcon_core.environment:checking '/home/yuritvr/PFC/wenis_ws/install/simple_grasping/bin'
[1.161s] INFO:colcon.colcon_core.shell:Creating package script '/home/yuritvr/PFC/wenis_ws/install/simple_grasping/share/simple_grasping/package.ps1'
[1.162s] INFO:colcon.colcon_core.shell:Creating package descriptor '/home/yuritvr/PFC/wenis_ws/install/simple_grasping/share/simple_grasping/package.dsv'
[1.163s] INFO:colcon.colcon_core.shell:Creating package script '/home/yuritvr/PFC/wenis_ws/install/simple_grasping/share/simple_grasping/package.sh'
[1.164s] INFO:colcon.colcon_core.shell:Creating package script '/home/yuritvr/PFC/wenis_ws/install/simple_grasping/share/simple_grasping/package.bash'
[1.164s] INFO:colcon.colcon_core.shell:Creating package script '/home/yuritvr/PFC/wenis_ws/install/simple_grasping/share/simple_grasping/package.zsh'
[1.164s] Level 1:colcon.colcon_core.environment:create_file_with_runtime_dependencies(/home/yuritvr/PFC/wenis_ws/install/simple_grasping/share/colcon-core/packages/simple_grasping)
[1.184s] DEBUG:colcon.colcon_core.event_handler.log_command:Invoked command in '/home/yuritvr/PFC/wenis_ws/build/moveit_config' returned '0': CMAKE_PREFIX_PATH=/home/yuritvr/PFC/wenis_ws/install/arm_pkg:/home/yuritvr/PFC/wenis_ws/install/xarm_description:/home/yuritvr/PFC/wenis_ws/install/wenis_moveit:/home/yuritvr/PFC/wenis_ws/install/simple_grasping:/home/yuritvr/PFC/wenis_ws/install/moveit_config:/home/yuritvr/PFC/wenis_ws/install/moveit2_scripts:/home/yuritvr/PFC/wenis_ws/install/moveit2_kinematics:/home/yuritvr/PFC/wenis_ws/install/moveit2_cartesian:/home/yuritvr/PFC/wenis_ws/install/get_pose_client:/home/yuritvr/PFC/pfc_ws/install/pfc_moveit:/home/yuritvr/PFC/pfc_ws/install/moveit_test:/home/yuritvr/PFC/pfc_ws/install/ur_robotiq_description:/home/yuritvr/PFC/pfc_ws/install/pfc_arm:/home/yuritvr/PFC/pfc_ws/install/gazebo_ros2_control:/opt/ros/humble /usr/bin/cmake --build /home/yuritvr/PFC/wenis_ws/build/moveit_config -- -j8 -l8
[1.219s] DEBUG:colcon.colcon_core.event_handler.log_command:Invoking command in '/home/yuritvr/PFC/wenis_ws/build/moveit_config': CMAKE_PREFIX_PATH=/home/yuritvr/PFC/wenis_ws/install/arm_pkg:/home/yuritvr/PFC/wenis_ws/install/xarm_description:/home/yuritvr/PFC/wenis_ws/install/wenis_moveit:/home/yuritvr/PFC/wenis_ws/install/simple_grasping:/home/yuritvr/PFC/wenis_ws/install/moveit_config:/home/yuritvr/PFC/wenis_ws/install/moveit2_scripts:/home/yuritvr/PFC/wenis_ws/install/moveit2_kinematics:/home/yuritvr/PFC/wenis_ws/install/moveit2_cartesian:/home/yuritvr/PFC/wenis_ws/install/get_pose_client:/home/yuritvr/PFC/pfc_ws/install/pfc_moveit:/home/yuritvr/PFC/pfc_ws/install/moveit_test:/home/yuritvr/PFC/pfc_ws/install/ur_robotiq_description:/home/yuritvr/PFC/pfc_ws/install/pfc_arm:/home/yuritvr/PFC/pfc_ws/install/gazebo_ros2_control:/opt/ros/humble /usr/bin/cmake --install /home/yuritvr/PFC/wenis_ws/build/moveit_config
[1.236s] Level 1:colcon.colcon_core.environment:create_environment_scripts_only(moveit_config)
[1.236s] Level 1:colcon.colcon_core.environment:checking '/home/yuritvr/PFC/wenis_ws/install/moveit_config' for CMake module files
[1.238s] Level 1:colcon.colcon_core.environment:checking '/home/yuritvr/PFC/wenis_ws/install/moveit_config' for CMake config files
[1.240s] DEBUG:colcon.colcon_core.event_handler.log_command:Invoked command in '/home/yuritvr/PFC/wenis_ws/build/moveit_config' returned '0': CMAKE_PREFIX_PATH=/home/yuritvr/PFC/wenis_ws/install/arm_pkg:/home/yuritvr/PFC/wenis_ws/install/xarm_description:/home/yuritvr/PFC/wenis_ws/install/wenis_moveit:/home/yuritvr/PFC/wenis_ws/install/simple_grasping:/home/yuritvr/PFC/wenis_ws/install/moveit_config:/home/yuritvr/PFC/wenis_ws/install/moveit2_scripts:/home/yuritvr/PFC/wenis_ws/install/moveit2_kinematics:/home/yuritvr/PFC/wenis_ws/install/moveit2_cartesian:/home/yuritvr/PFC/wenis_ws/install/get_pose_client:/home/yuritvr/PFC/pfc_ws/install/pfc_moveit:/home/yuritvr/PFC/pfc_ws/install/moveit_test:/home/yuritvr/PFC/pfc_ws/install/ur_robotiq_description:/home/yuritvr/PFC/pfc_ws/install/pfc_arm:/home/yuritvr/PFC/pfc_ws/install/gazebo_ros2_control:/opt/ros/humble /usr/bin/cmake --install /home/yuritvr/PFC/wenis_ws/build/moveit_config
[1.241s] Level 1:colcon.colcon_core.shell:create_environment_hook('moveit_config', 'cmake_prefix_path')
[1.241s] INFO:colcon.colcon_core.shell:Creating environment hook '/home/yuritvr/PFC/wenis_ws/install/moveit_config/share/moveit_config/hook/cmake_prefix_path.ps1'
[1.242s] INFO:colcon.colcon_core.shell:Creating environment descriptor '/home/yuritvr/PFC/wenis_ws/install/moveit_config/share/moveit_config/hook/cmake_prefix_path.dsv'
[1.243s] INFO:colcon.colcon_core.shell:Creating environment hook '/home/yuritvr/PFC/wenis_ws/install/moveit_config/share/moveit_config/hook/cmake_prefix_path.sh'
[1.243s] Level 1:colcon.colcon_core.environment:checking '/home/yuritvr/PFC/wenis_ws/install/moveit_config/bin'
[1.243s] Level 1:colcon.colcon_core.environment:checking '/home/yuritvr/PFC/wenis_ws/install/moveit_config/lib/pkgconfig/moveit_config.pc'
[1.244s] Level 1:colcon.colcon_core.environment:checking '/home/yuritvr/PFC/wenis_ws/install/moveit_config/lib/python3.10/site-packages'
[1.244s] Level 1:colcon.colcon_core.environment:checking '/home/yuritvr/PFC/wenis_ws/install/moveit_config/bin'
[1.244s] INFO:colcon.colcon_core.shell:Creating package script '/home/yuritvr/PFC/wenis_ws/install/moveit_config/share/moveit_config/package.ps1'
[1.245s] INFO:colcon.colcon_core.shell:Creating package descriptor '/home/yuritvr/PFC/wenis_ws/install/moveit_config/share/moveit_config/package.dsv'
[1.245s] INFO:colcon.colcon_core.shell:Creating package script '/home/yuritvr/PFC/wenis_ws/install/moveit_config/share/moveit_config/package.sh'
[1.246s] INFO:colcon.colcon_core.shell:Creating package script '/home/yuritvr/PFC/wenis_ws/install/moveit_config/share/moveit_config/package.bash'
[1.246s] INFO:colcon.colcon_core.shell:Creating package script '/home/yuritvr/PFC/wenis_ws/install/moveit_config/share/moveit_config/package.zsh'
[1.247s] Level 1:colcon.colcon_core.environment:create_file_with_runtime_dependencies(/home/yuritvr/PFC/wenis_ws/install/moveit_config/share/colcon-core/packages/moveit_config)
[1.248s] Level 1:colcon.colcon_core.environment:create_environment_scripts_only(simple_grasping)
[1.249s] Level 1:colcon.colcon_core.environment:checking '/home/yuritvr/PFC/wenis_ws/install/simple_grasping' for CMake module files
[1.249s] Level 1:colcon.colcon_core.environment:checking '/home/yuritvr/PFC/wenis_ws/install/simple_grasping' for CMake config files
[1.250s] Level 1:colcon.colcon_core.shell:create_environment_hook('simple_grasping', 'cmake_prefix_path')
[1.250s] INFO:colcon.colcon_core.shell:Creating environment hook '/home/yuritvr/PFC/wenis_ws/install/simple_grasping/share/simple_grasping/hook/cmake_prefix_path.ps1'
[1.251s] INFO:colcon.colcon_core.shell:Creating environment descriptor '/home/yuritvr/PFC/wenis_ws/install/simple_grasping/share/simple_grasping/hook/cmake_prefix_path.dsv'
[1.251s] INFO:colcon.colcon_core.shell:Creating environment hook '/home/yuritvr/PFC/wenis_ws/install/simple_grasping/share/simple_grasping/hook/cmake_prefix_path.sh'
[1.252s] Level 1:colcon.colcon_core.environment:checking '/home/yuritvr/PFC/wenis_ws/install/simple_grasping/lib'
[1.252s] Level 1:colcon.colcon_core.shell:create_environment_hook('simple_grasping', 'ld_library_path_lib')
[1.252s] INFO:colcon.colcon_core.shell:Creating environment hook '/home/yuritvr/PFC/wenis_ws/install/simple_grasping/share/simple_grasping/hook/ld_library_path_lib.ps1'
[1.253s] INFO:colcon.colcon_core.shell:Creating environment descriptor '/home/yuritvr/PFC/wenis_ws/install/simple_grasping/share/simple_grasping/hook/ld_library_path_lib.dsv'
[1.253s] INFO:colcon.colcon_core.shell:Creating environment hook '/home/yuritvr/PFC/wenis_ws/install/simple_grasping/share/simple_grasping/hook/ld_library_path_lib.sh'
[1.253s] Level 1:colcon.colcon_core.environment:checking '/home/yuritvr/PFC/wenis_ws/install/simple_grasping/bin'
[1.254s] Level 1:colcon.colcon_core.environment:checking '/home/yuritvr/PFC/wenis_ws/install/simple_grasping/lib/pkgconfig/simple_grasping.pc'
[1.254s] Level 1:colcon.colcon_core.environment:checking '/home/yuritvr/PFC/wenis_ws/install/simple_grasping/lib/python3.10/site-packages'
[1.254s] Level 1:colcon.colcon_core.environment:checking '/home/yuritvr/PFC/wenis_ws/install/simple_grasping/bin'
[1.255s] INFO:colcon.colcon_core.shell:Creating package script '/home/yuritvr/PFC/wenis_ws/install/simple_grasping/share/simple_grasping/package.ps1'
[1.255s] INFO:colcon.colcon_core.shell:Creating package descriptor '/home/yuritvr/PFC/wenis_ws/install/simple_grasping/share/simple_grasping/package.dsv'
[1.256s] INFO:colcon.colcon_core.shell:Creating package script '/home/yuritvr/PFC/wenis_ws/install/simple_grasping/share/simple_grasping/package.sh'
[1.257s] INFO:colcon.colcon_core.shell:Creating package script '/home/yuritvr/PFC/wenis_ws/install/simple_grasping/share/simple_grasping/package.bash'
[1.257s] INFO:colcon.colcon_core.shell:Creating package script '/home/yuritvr/PFC/wenis_ws/install/simple_grasping/share/simple_grasping/package.zsh'
[1.258s] Level 1:colcon.colcon_core.environment:create_file_with_runtime_dependencies(/home/yuritvr/PFC/wenis_ws/install/simple_grasping/share/colcon-core/packages/simple_grasping)
[1.278s] Level 1:colcon.colcon_core.environment:create_environment_scripts_only(moveit_config)
[1.279s] Level 1:colcon.colcon_core.environment:checking '/home/yuritvr/PFC/wenis_ws/install/moveit_config' for CMake module files
[1.279s] Level 1:colcon.colcon_core.environment:checking '/home/yuritvr/PFC/wenis_ws/install/moveit_config' for CMake config files
[1.280s] Level 1:colcon.colcon_core.shell:create_environment_hook('moveit_config', 'cmake_prefix_path')
[1.280s] INFO:colcon.colcon_core.shell:Creating environment hook '/home/yuritvr/PFC/wenis_ws/install/moveit_config/share/moveit_config/hook/cmake_prefix_path.ps1'
[1.281s] INFO:colcon.colcon_core.shell:Creating environment descriptor '/home/yuritvr/PFC/wenis_ws/install/moveit_config/share/moveit_config/hook/cmake_prefix_path.dsv'
[1.281s] INFO:colcon.colcon_core.shell:Creating environment hook '/home/yuritvr/PFC/wenis_ws/install/moveit_config/share/moveit_config/hook/cmake_prefix_path.sh'
[1.282s] Level 1:colcon.colcon_core.environment:checking '/home/yuritvr/PFC/wenis_ws/install/moveit_config/bin'
[1.282s] Level 1:colcon.colcon_core.environment:checking '/home/yuritvr/PFC/wenis_ws/install/moveit_config/lib/pkgconfig/moveit_config.pc'
[1.282s] Level 1:colcon.colcon_core.environment:checking '/home/yuritvr/PFC/wenis_ws/install/moveit_config/lib/python3.10/site-packages'
[1.282s] Level 1:colcon.colcon_core.environment:checking '/home/yuritvr/PFC/wenis_ws/install/moveit_config/bin'
[1.283s] INFO:colcon.colcon_core.shell:Creating package script '/home/yuritvr/PFC/wenis_ws/install/moveit_config/share/moveit_config/package.ps1'
[1.283s] INFO:colcon.colcon_core.shell:Creating package descriptor '/home/yuritvr/PFC/wenis_ws/install/moveit_config/share/moveit_config/package.dsv'
[1.284s] INFO:colcon.colcon_core.shell:Creating package script '/home/yuritvr/PFC/wenis_ws/install/moveit_config/share/moveit_config/package.sh'
[1.284s] INFO:colcon.colcon_core.shell:Creating package script '/home/yuritvr/PFC/wenis_ws/install/moveit_config/share/moveit_config/package.bash'
[1.285s] INFO:colcon.colcon_core.shell:Creating package script '/home/yuritvr/PFC/wenis_ws/install/moveit_config/share/moveit_config/package.zsh'
[1.285s] Level 1:colcon.colcon_core.environment:create_file_with_runtime_dependencies(/home/yuritvr/PFC/wenis_ws/install/moveit_config/share/colcon-core/packages/moveit_config)
[1.286s] DEBUG:colcon.colcon_parallel_executor.executor.parallel:closing loop
[1.286s] DEBUG:colcon.colcon_parallel_executor.executor.parallel:loop closed
[1.286s] DEBUG:colcon.colcon_parallel_executor.executor.parallel:run_until_complete finished with '0'
[1.287s] DEBUG:colcon.colcon_core.event_reactor:joining thread
[1.294s] INFO:colcon.colcon_core.plugin_system:Skipping extension 'colcon_notification.desktop_notification.terminal_notifier': Not used on non-Darwin systems
[1.294s] INFO:colcon.colcon_core.plugin_system:Skipping extension 'colcon_notification.desktop_notification.win32': Not used on non-Windows systems
[1.294s] INFO:colcon.colcon_notification.desktop_notification:Sending desktop notification using 'notify2'
[1.309s] DEBUG:colcon.colcon_core.event_reactor:joined thread
[1.310s] INFO:colcon.colcon_core.shell:Creating prefix script '/home/yuritvr/PFC/wenis_ws/install/local_setup.ps1'
[1.312s] INFO:colcon.colcon_core.shell:Creating prefix util module '/home/yuritvr/PFC/wenis_ws/install/_local_setup_util_ps1.py'
[1.316s] INFO:colcon.colcon_core.shell:Creating prefix chain script '/home/yuritvr/PFC/wenis_ws/install/setup.ps1'
[1.319s] INFO:colcon.colcon_core.shell:Creating prefix script '/home/yuritvr/PFC/wenis_ws/install/local_setup.sh'
[1.320s] INFO:colcon.colcon_core.shell:Creating prefix util module '/home/yuritvr/PFC/wenis_ws/install/_local_setup_util_sh.py'
[1.320s] INFO:colcon.colcon_core.shell:Creating prefix chain script '/home/yuritvr/PFC/wenis_ws/install/setup.sh'
[1.323s] INFO:colcon.colcon_core.shell:Creating prefix script '/home/yuritvr/PFC/wenis_ws/install/local_setup.bash'
[1.324s] INFO:colcon.colcon_core.shell:Creating prefix chain script '/home/yuritvr/PFC/wenis_ws/install/setup.bash'
[1.326s] INFO:colcon.colcon_core.shell:Creating prefix script '/home/yuritvr/PFC/wenis_ws/install/local_setup.zsh'
[1.327s] INFO:colcon.colcon_core.shell:Creating prefix chain script '/home/yuritvr/PFC/wenis_ws/install/setup.zsh'
