[0.060s] Invoking command in '/home/yuritvr/PFC/wenis_ws/build/get_pose_client': CMAKE_PREFIX_PATH=${CMAKE_PREFIX_PATH}:/opt/ros/humble /usr/bin/cmake --build /home/yuritvr/PFC/wenis_ws/build/get_pose_client -- -j8 -l8
[0.193s] [100%] Built target get_pose_client
[0.227s] Invoked command in '/home/yuritvr/PFC/wenis_ws/build/get_pose_client' returned '0': CMAKE_PREFIX_PATH=${CMAKE_PREFIX_PATH}:/opt/ros/humble /usr/bin/cmake --build /home/yuritvr/PFC/wenis_ws/build/get_pose_client -- -j8 -l8
[0.326s] Invoking command in '/home/yuritvr/PFC/wenis_ws/build/get_pose_client': CMAKE_PREFIX_PATH=${CMAKE_PREFIX_PATH}:/opt/ros/humble /usr/bin/cmake --install /home/yuritvr/PFC/wenis_ws/build/get_pose_client
[0.409s] -- Install configuration: ""
[0.418s] -- Up-to-date: /home/yuritvr/PFC/wenis_ws/install/get_pose_client/lib/get_pose_client/get_pose_client
[0.419s] -- Up-to-date: /home/yuritvr/PFC/wenis_ws/install/get_pose_client/share/ament_index/resource_index/package_run_dependencies/get_pose_client
[0.420s] -- Up-to-date: /home/yuritvr/PFC/wenis_ws/install/get_pose_client/share/ament_index/resource_index/parent_prefix_path/get_pose_client
[0.421s] -- Up-to-date: /home/yuritvr/PFC/wenis_ws/install/get_pose_client/share/get_pose_client/environment/ament_prefix_path.sh
[0.421s] -- Up-to-date: /home/yuritvr/PFC/wenis_ws/install/get_pose_client/share/get_pose_client/environment/ament_prefix_path.dsv
[0.422s] -- Up-to-date: /home/yuritvr/PFC/wenis_ws/install/get_pose_client/share/get_pose_client/environment/path.sh
[0.422s] -- Up-to-date: /home/yuritvr/PFC/wenis_ws/install/get_pose_client/share/get_pose_client/environment/path.dsv
[0.423s] -- Up-to-date: /home/yuritvr/PFC/wenis_ws/install/get_pose_client/share/get_pose_client/local_setup.bash
[0.423s] -- Up-to-date: /home/yuritvr/PFC/wenis_ws/install/get_pose_client/share/get_pose_client/local_setup.sh
[0.423s] -- Up-to-date: /home/yuritvr/PFC/wenis_ws/install/get_pose_client/share/get_pose_client/local_setup.zsh
[0.423s] -- Up-to-date: /home/yuritvr/PFC/wenis_ws/install/get_pose_client/share/get_pose_client/local_setup.dsv
[0.424s] -- Installing: /home/yuritvr/PFC/wenis_ws/install/get_pose_client/share/get_pose_client/package.dsv
[0.424s] -- Up-to-date: /home/yuritvr/PFC/wenis_ws/install/get_pose_client/share/ament_index/resource_index/packages/get_pose_client
[0.424s] -- Up-to-date: /home/yuritvr/PFC/wenis_ws/install/get_pose_client/share/get_pose_client/cmake/get_pose_clientConfig.cmake
[0.425s] -- Up-to-date: /home/yuritvr/PFC/wenis_ws/install/get_pose_client/share/get_pose_client/cmake/get_pose_clientConfig-version.cmake
[0.425s] -- Up-to-date: /home/yuritvr/PFC/wenis_ws/install/get_pose_client/share/get_pose_client/package.xml
[0.446s] Invoked command in '/home/yuritvr/PFC/wenis_ws/build/get_pose_client' returned '0': CMAKE_PREFIX_PATH=${CMAKE_PREFIX_PATH}:/opt/ros/humble /usr/bin/cmake --install /home/yuritvr/PFC/wenis_ws/build/get_pose_client
