[0.023s] Invoking command in '/home/yuritvr/PFC/pfc_ws/build/arm_pkg': CMAKE_PREFIX_PATH=/opt/ros/humble /usr/bin/cmake --build /home/yuritvr/PFC/pfc_ws/build/arm_pkg -- -j8 -l8
[0.063s] -- Found ament_cmake: 1.3.9 (/opt/ros/humble/share/ament_cmake/cmake)
[0.260s] -- Found urdf: 2.6.0 (/opt/ros/humble/share/urdf/cmake)
[0.321s] -- Found xacro: 2.0.8 (/opt/ros/humble/share/xacro/cmake)
[0.322s] -- Found ros2_control: 2.41.0 (/opt/ros/humble/share/ros2_control/cmake)
[0.322s] -- Found gazebo_ros2_control: 0.4.9 (/opt/ros/humble/share/gazebo_ros2_control/cmake)
[0.363s] -- Found rosidl_generator_c: 3.1.5 (/opt/ros/humble/share/rosidl_generator_c/cmake)
[0.368s] -- Found rosidl_adapter: 3.1.5 (/opt/ros/humble/share/rosidl_adapter/cmake)
[0.378s] -- Found rosidl_generator_cpp: 3.1.5 (/opt/ros/humble/share/rosidl_generator_cpp/cmake)
[0.399s] -- Using all available rosidl_typesupport_c: rosidl_typesupport_fastrtps_c;rosidl_typesupport_introspection_c
[0.424s] -- Using all available rosidl_typesupport_cpp: rosidl_typesupport_fastrtps_cpp;rosidl_typesupport_introspection_cpp
[1.144s] -- Found rmw_implementation_cmake: 6.1.2 (/opt/ros/humble/share/rmw_implementation_cmake/cmake)
[1.145s] -- Found rmw_fastrtps_cpp: 6.2.6 (/opt/ros/humble/share/rmw_fastrtps_cpp/cmake)
[1.178s] -- Found TinyXML2 via Config file: TinyXML2_DIR-NOTFOUND
[1.187s] -- Found TinyXML2 via Config file: TinyXML2_DIR-NOTFOUND
[1.209s] -- Found TinyXML2 via Config file: TinyXML2_DIR-NOTFOUND
[1.218s] -- Found TinyXML2 via Config file: TinyXML2_DIR-NOTFOUND
[1.228s] -- Using RMW implementation 'rmw_fastrtps_cpp' as default
[2.193s] -- Found DART: /usr/include (Required is at least version "6.6") found components: dart 
[2.235s] -- Found Protobuf: /usr/lib/x86_64-linux-gnu/libprotobuf.so (found version "3.12.4") 
[2.236s] -- Looking for ignition-math6 -- found version 6.15.1
[2.243s] -- Searching for dependencies of ignition-math6
[2.246s] -- Looking for OGRE...
[2.252s] -- Found Ogre Ghadamon (1.9.0)
[2.253s] -- Found OGRE: optimized;/usr/lib/x86_64-linux-gnu/libOgreMain.so;debug;/usr/lib/x86_64-linux-gnu/libOgreMain.so
[2.265s] -- Looking for OGRE_Paging...
[2.265s] -- Found OGRE_Paging: optimized;/usr/lib/x86_64-linux-gnu/libOgrePaging.so;debug;/usr/lib/x86_64-linux-gnu/libOgrePaging.so
[2.265s] -- Looking for OGRE_Terrain...
[2.266s] -- Found OGRE_Terrain: optimized;/usr/lib/x86_64-linux-gnu/libOgreTerrain.so;debug;/usr/lib/x86_64-linux-gnu/libOgreTerrain.so
[2.266s] -- Looking for OGRE_Property...
[2.266s] -- Found OGRE_Property: optimized;/usr/lib/x86_64-linux-gnu/libOgreProperty.so;debug;/usr/lib/x86_64-linux-gnu/libOgreProperty.so
[2.266s] -- Looking for OGRE_RTShaderSystem...
[2.266s] -- Found OGRE_RTShaderSystem: optimized;/usr/lib/x86_64-linux-gnu/libOgreRTShaderSystem.so;debug;/usr/lib/x86_64-linux-gnu/libOgreRTShaderSystem.so
[2.266s] -- Looking for OGRE_Volume...
[2.266s] -- Found OGRE_Volume: optimized;/usr/lib/x86_64-linux-gnu/libOgreVolume.so;debug;/usr/lib/x86_64-linux-gnu/libOgreVolume.so
[2.266s] -- Looking for OGRE_Overlay...
[2.266s] -- Found OGRE_Overlay: optimized;/usr/lib/x86_64-linux-gnu/libOgreOverlay.so;debug;/usr/lib/x86_64-linux-gnu/libOgreOverlay.so
[2.368s] -- Looking for ignition-math6 -- found version 6.15.1
[2.369s] -- Looking for ignition-transport8 -- found version 8.2.1
[2.369s] -- Searching for dependencies of ignition-transport8
[2.388s] -- Found Protobuf: /usr/lib/x86_64-linux-gnu/libprotobuf.so (found suitable version "3.12.4", minimum required is "3") 
[2.400s] -- Config-file not installed for ZeroMQ -- checking for pkg-config
[2.405s] -- Checking for module 'libzmq >= 4'
[2.421s] --   Found libzmq , version 4.3.4
[2.464s] -- Checking for module 'uuid'
[2.476s] --   Found uuid, version 2.37.2
[2.510s] -- Looking for ignition-msgs5 -- found version 5.8.1
[2.510s] -- Searching for dependencies of ignition-msgs5
[2.529s] -- Looking for ignition-math6 -- found version 6.15.1
[2.537s] -- Looking for ignition-msgs5 -- found version 5.8.1
[2.537s] -- Looking for ignition-common3 -- found version 3.14.0
[2.538s] -- Searching for dependencies of ignition-common3
[2.538s] -- Looking for dlfcn.h - found
[2.538s] -- Looking for libdl - found
[2.554s] -- Searching for <ignition-common3> component [graphics]
[2.554s] -- Looking for ignition-common3-graphics -- found version 3.14.0
[2.555s] -- Searching for dependencies of ignition-common3-graphics
[2.556s] -- Looking for ignition-math6 -- found version 6.15.1
[2.557s] -- Looking for ignition-fuel_tools4 -- found version 4.4.0
[2.558s] -- Searching for dependencies of ignition-fuel_tools4
[2.608s] -- Checking for module 'jsoncpp'
[2.622s] --   Found jsoncpp, version 1.9.5
[2.663s] -- Checking for module 'libzip'
[2.676s] --   Found libzip, version 1.7.3
[2.709s] -- Looking for ignition-common3 -- found version 3.14.0
[2.710s] -- Looking for ignition-math6 -- found version 6.15.1
[2.710s] -- Looking for ignition-msgs5 -- found version 5.8.1
[2.712s] -- Gazebo version: 11.10
[2.943s] -- Found joint_state_broadcaster: 2.35.0 (/opt/ros/humble/share/joint_state_broadcaster/cmake)
[3.068s] -- Found parameter_traits: 0.3.8 (/opt/ros/humble/share/parameter_traits/cmake)
[3.105s] -- Found joint_trajectory_controller: 2.35.0 (/opt/ros/humble/share/joint_trajectory_controller/cmake)
[3.657s] -- Found velocity_controllers: 2.35.0 (/opt/ros/humble/share/velocity_controllers/cmake)
[4.084s] -- Found ament_lint_auto: 0.12.11 (/opt/ros/humble/share/ament_lint_auto/cmake)
[4.157s] -- Added test 'copyright' to check source files copyright and LICENSE
[4.164s] -- Added test 'flake8' to check Python code syntax and style conventions
[4.165s] -- Added test 'lint_cmake' to check CMake code style
[4.166s] -- Added test 'pep257' to check Python code against some of the docstring style conventions in PEP 257
[4.170s] -- Added test 'xmllint' to check XML markup files
[4.171s] -- Configuring done
[4.181s] -- Generating done
[4.183s] -- Build files have been written to: /home/yuritvr/PFC/pfc_ws/build/arm_pkg
[4.217s] Invoked command in '/home/yuritvr/PFC/pfc_ws/build/arm_pkg' returned '0': CMAKE_PREFIX_PATH=/opt/ros/humble /usr/bin/cmake --build /home/yuritvr/PFC/pfc_ws/build/arm_pkg -- -j8 -l8
[4.241s] Invoking command in '/home/yuritvr/PFC/pfc_ws/build/arm_pkg': CMAKE_PREFIX_PATH=/opt/ros/humble /usr/bin/cmake --install /home/yuritvr/PFC/pfc_ws/build/arm_pkg
[4.255s] -- Install configuration: ""
[4.255s] -- Up-to-date: /home/yuritvr/PFC/pfc_ws/install/arm_pkg/share/arm_pkg//urdf
[4.255s] -- Up-to-date: /home/yuritvr/PFC/pfc_ws/install/arm_pkg/share/arm_pkg//urdf/manipulator.xacro
[4.255s] -- Up-to-date: /home/yuritvr/PFC/pfc_ws/install/arm_pkg/share/arm_pkg//urdf/a0912.urdf.xacro
[4.256s] -- Up-to-date: /home/yuritvr/PFC/pfc_ws/install/arm_pkg/share/arm_pkg//urdf/m1013.urdf.xacro
[4.256s] -- Up-to-date: /home/yuritvr/PFC/pfc_ws/install/arm_pkg/share/arm_pkg//urdf/macro.transmission.xacro
[4.256s] -- Up-to-date: /home/yuritvr/PFC/pfc_ws/install/arm_pkg/share/arm_pkg//urdf/a0912.blue.urdf
[4.256s] -- Up-to-date: /home/yuritvr/PFC/pfc_ws/install/arm_pkg/share/arm_pkg//urdf/macro.a0912.blue.xacro
[4.256s] -- Up-to-date: /home/yuritvr/PFC/pfc_ws/install/arm_pkg/share/arm_pkg//urdf/macro.internal_config.xacro
[4.256s] -- Up-to-date: /home/yuritvr/PFC/pfc_ws/install/arm_pkg/share/arm_pkg//urdf/m1013.white.urdf
[4.256s] -- Up-to-date: /home/yuritvr/PFC/pfc_ws/install/arm_pkg/share/arm_pkg//urdf/macro.m1013.white.xacro
[4.256s] -- Up-to-date: /home/yuritvr/PFC/pfc_ws/install/arm_pkg/share/arm_pkg//urdf/depth_camera.xacro
[4.256s] -- Up-to-date: /home/yuritvr/PFC/pfc_ws/install/arm_pkg/share/arm_pkg//urdf/macro.gazebo_config_control.xacro
[4.256s] -- Up-to-date: /home/yuritvr/PFC/pfc_ws/install/arm_pkg/share/arm_pkg//urdf/macro.bumper_config.xacro
[4.256s] -- Up-to-date: /home/yuritvr/PFC/pfc_ws/install/arm_pkg/share/arm_pkg//launch
[4.257s] -- Up-to-date: /home/yuritvr/PFC/pfc_ws/install/arm_pkg/share/arm_pkg//launch/start_controller.launch.py
[4.257s] -- Up-to-date: /home/yuritvr/PFC/pfc_ws/install/arm_pkg/share/arm_pkg//launch/spawn_gazebo.launch.py
[4.257s] -- Up-to-date: /home/yuritvr/PFC/pfc_ws/install/arm_pkg/share/arm_pkg//launch/start_moveit.launch.py
[4.257s] -- Up-to-date: /home/yuritvr/PFC/pfc_ws/install/arm_pkg/share/arm_pkg//launch/start_world.launch.py
[4.257s] -- Up-to-date: /home/yuritvr/PFC/pfc_ws/install/arm_pkg/share/arm_pkg//launch/joint_trajectory_publisher.py
[4.257s] -- Up-to-date: /home/yuritvr/PFC/pfc_ws/install/arm_pkg/share/arm_pkg//launch/.vscode
[4.257s] -- Up-to-date: /home/yuritvr/PFC/pfc_ws/install/arm_pkg/share/arm_pkg//launch/.vscode/settings.json
[4.257s] -- Up-to-date: /home/yuritvr/PFC/pfc_ws/install/arm_pkg/share/arm_pkg//launch/.vscode/c_cpp_properties.json
[4.257s] -- Up-to-date: /home/yuritvr/PFC/pfc_ws/install/arm_pkg/share/arm_pkg//launch/main_arm.launch.py
[4.257s] -- Up-to-date: /home/yuritvr/PFC/pfc_ws/install/arm_pkg/share/arm_pkg//meshes
[4.257s] -- Up-to-date: /home/yuritvr/PFC/pfc_ws/install/arm_pkg/share/arm_pkg//meshes/a0912_blue
[4.257s] -- Up-to-date: /home/yuritvr/PFC/pfc_ws/install/arm_pkg/share/arm_pkg//meshes/a0912_blue/A0912_2_1.dae
[4.258s] -- Up-to-date: /home/yuritvr/PFC/pfc_ws/install/arm_pkg/share/arm_pkg//meshes/a0912_blue/A0912_3_1.dae
[4.258s] -- Up-to-date: /home/yuritvr/PFC/pfc_ws/install/arm_pkg/share/arm_pkg//meshes/a0912_blue/A0912_2_0.dae
[4.258s] -- Up-to-date: /home/yuritvr/PFC/pfc_ws/install/arm_pkg/share/arm_pkg//meshes/a0912_blue/A0912_4_0.dae
[4.258s] -- Up-to-date: /home/yuritvr/PFC/pfc_ws/install/arm_pkg/share/arm_pkg//meshes/a0912_blue/A0912_0_0.dae
[4.259s] -- Up-to-date: /home/yuritvr/PFC/pfc_ws/install/arm_pkg/share/arm_pkg//meshes/a0912_blue/A0912_1_0.dae
[4.259s] -- Up-to-date: /home/yuritvr/PFC/pfc_ws/install/arm_pkg/share/arm_pkg//meshes/a0912_blue/A0912_5_1.dae
[4.259s] -- Up-to-date: /home/yuritvr/PFC/pfc_ws/install/arm_pkg/share/arm_pkg//meshes/a0912_blue/A0912_6_0.dae
[4.259s] -- Up-to-date: /home/yuritvr/PFC/pfc_ws/install/arm_pkg/share/arm_pkg//meshes/a0912_blue/A0912_1_1.dae
[4.259s] -- Up-to-date: /home/yuritvr/PFC/pfc_ws/install/arm_pkg/share/arm_pkg//meshes/a0912_blue/A0912_1_2.dae
[4.259s] -- Up-to-date: /home/yuritvr/PFC/pfc_ws/install/arm_pkg/share/arm_pkg//meshes/a0912_blue/A0912_3_0.dae
[4.260s] -- Up-to-date: /home/yuritvr/PFC/pfc_ws/install/arm_pkg/share/arm_pkg//meshes/a0912_blue/A0912_2_2.dae
[4.260s] -- Up-to-date: /home/yuritvr/PFC/pfc_ws/install/arm_pkg/share/arm_pkg//meshes/a0912_blue/A0912_5_0.dae
[4.261s] -- Up-to-date: /home/yuritvr/PFC/pfc_ws/install/arm_pkg/share/arm_pkg//meshes/a0912_blue/A0912_4_1.dae
[4.261s] -- Up-to-date: /home/yuritvr/PFC/pfc_ws/install/arm_pkg/share/arm_pkg//meshes/m1013_white
[4.261s] -- Up-to-date: /home/yuritvr/PFC/pfc_ws/install/arm_pkg/share/arm_pkg//meshes/m1013_white/MF1013_3_0.dae
[4.261s] -- Up-to-date: /home/yuritvr/PFC/pfc_ws/install/arm_pkg/share/arm_pkg//meshes/m1013_white/MF1013_2_2.dae
[4.261s] -- Up-to-date: /home/yuritvr/PFC/pfc_ws/install/arm_pkg/share/arm_pkg//meshes/m1013_white/MF1013_5_0.dae
[4.261s] -- Up-to-date: /home/yuritvr/PFC/pfc_ws/install/arm_pkg/share/arm_pkg//meshes/m1013_white/MF1013_4_0.dae
[4.262s] -- Up-to-date: /home/yuritvr/PFC/pfc_ws/install/arm_pkg/share/arm_pkg//meshes/m1013_white/MF1013_1_0.dae
[4.262s] -- Up-to-date: /home/yuritvr/PFC/pfc_ws/install/arm_pkg/share/arm_pkg//meshes/m1013_white/MF1013_2_1.dae
[4.262s] -- Up-to-date: /home/yuritvr/PFC/pfc_ws/install/arm_pkg/share/arm_pkg//meshes/m1013_white/MF1013_4_1.dae
[4.262s] -- Up-to-date: /home/yuritvr/PFC/pfc_ws/install/arm_pkg/share/arm_pkg//meshes/m1013_white/MF1013_6_0.dae
[4.263s] -- Up-to-date: /home/yuritvr/PFC/pfc_ws/install/arm_pkg/share/arm_pkg//meshes/m1013_white/MF1013_0_0.dae
[4.263s] -- Up-to-date: /home/yuritvr/PFC/pfc_ws/install/arm_pkg/share/arm_pkg//meshes/m1013_white/MF1013_2_0.dae
[4.263s] -- Up-to-date: /home/yuritvr/PFC/pfc_ws/install/arm_pkg/share/arm_pkg//config
[4.263s] -- Up-to-date: /home/yuritvr/PFC/pfc_ws/install/arm_pkg/share/arm_pkg//config/simple_controller.yaml
[4.263s] -- Up-to-date: /home/yuritvr/PFC/pfc_ws/install/arm_pkg/share/ament_index/resource_index/package_run_dependencies/arm_pkg
[4.264s] -- Up-to-date: /home/yuritvr/PFC/pfc_ws/install/arm_pkg/share/ament_index/resource_index/parent_prefix_path/arm_pkg
[4.264s] -- Up-to-date: /home/yuritvr/PFC/pfc_ws/install/arm_pkg/share/arm_pkg/environment/ament_prefix_path.sh
[4.264s] -- Installing: /home/yuritvr/PFC/pfc_ws/install/arm_pkg/share/arm_pkg/environment/ament_prefix_path.dsv
[4.264s] -- Up-to-date: /home/yuritvr/PFC/pfc_ws/install/arm_pkg/share/arm_pkg/environment/path.sh
[4.264s] -- Installing: /home/yuritvr/PFC/pfc_ws/install/arm_pkg/share/arm_pkg/environment/path.dsv
[4.264s] -- Up-to-date: /home/yuritvr/PFC/pfc_ws/install/arm_pkg/share/arm_pkg/local_setup.bash
[4.264s] -- Up-to-date: /home/yuritvr/PFC/pfc_ws/install/arm_pkg/share/arm_pkg/local_setup.sh
[4.264s] -- Up-to-date: /home/yuritvr/PFC/pfc_ws/install/arm_pkg/share/arm_pkg/local_setup.zsh
[4.264s] -- Installing: /home/yuritvr/PFC/pfc_ws/install/arm_pkg/share/arm_pkg/local_setup.dsv
[4.264s] -- Installing: /home/yuritvr/PFC/pfc_ws/install/arm_pkg/share/arm_pkg/package.dsv
[4.264s] -- Up-to-date: /home/yuritvr/PFC/pfc_ws/install/arm_pkg/share/ament_index/resource_index/packages/arm_pkg
[4.264s] -- Up-to-date: /home/yuritvr/PFC/pfc_ws/install/arm_pkg/share/arm_pkg/cmake/arm_pkgConfig.cmake
[4.265s] -- Up-to-date: /home/yuritvr/PFC/pfc_ws/install/arm_pkg/share/arm_pkg/cmake/arm_pkgConfig-version.cmake
[4.265s] -- Up-to-date: /home/yuritvr/PFC/pfc_ws/install/arm_pkg/share/arm_pkg/package.xml
[4.269s] Invoked command in '/home/yuritvr/PFC/pfc_ws/build/arm_pkg' returned '0': CMAKE_PREFIX_PATH=/opt/ros/humble /usr/bin/cmake --install /home/yuritvr/PFC/pfc_ws/build/arm_pkg
