[0.015s] Invoking command in '/home/yuritvr/PFC/wenis_ws/build/platform': /usr/bin/cmake --build /home/yuritvr/PFC/wenis_ws/build/platform -- -j24 -l24
[0.041s] Invoked command in '/home/yuritvr/PFC/wenis_ws/build/platform' returned '0': /usr/bin/cmake --build /home/yuritvr/PFC/wenis_ws/build/platform -- -j24 -l24
[0.071s] Invoking command in '/home/yuritvr/PFC/wenis_ws/build/platform': /usr/bin/cmake --install /home/yuritvr/PFC/wenis_ws/build/platform
[0.080s] -- Install configuration: ""
[0.081s] -- Up-to-date: /home/yuritvr/PFC/wenis_ws/install/platform/share/ament_index/resource_index/package_run_dependencies/platform
[0.081s] -- Up-to-date: /home/yuritvr/PFC/wenis_ws/install/platform/share/ament_index/resource_index/parent_prefix_path/platform
[0.081s] -- Up-to-date: /home/yuritvr/PFC/wenis_ws/install/platform/share/platform/environment/ament_prefix_path.sh
[0.081s] -- Up-to-date: /home/yuritvr/PFC/wenis_ws/install/platform/share/platform/environment/ament_prefix_path.dsv
[0.081s] -- Up-to-date: /home/yuritvr/PFC/wenis_ws/install/platform/share/platform/environment/path.sh
[0.081s] -- Up-to-date: /home/yuritvr/PFC/wenis_ws/install/platform/share/platform/environment/path.dsv
[0.081s] -- Up-to-date: /home/yuritvr/PFC/wenis_ws/install/platform/share/platform/local_setup.bash
[0.081s] -- Up-to-date: /home/yuritvr/PFC/wenis_ws/install/platform/share/platform/local_setup.sh
[0.081s] -- Up-to-date: /home/yuritvr/PFC/wenis_ws/install/platform/share/platform/local_setup.zsh
[0.081s] -- Up-to-date: /home/yuritvr/PFC/wenis_ws/install/platform/share/platform/local_setup.dsv
[0.081s] -- Installing: /home/yuritvr/PFC/wenis_ws/install/platform/share/platform/package.dsv
[0.081s] -- Up-to-date: /home/yuritvr/PFC/wenis_ws/install/platform/share/ament_index/resource_index/packages/platform
[0.081s] -- Up-to-date: /home/yuritvr/PFC/wenis_ws/install/platform/share/platform/cmake/platformConfig.cmake
[0.081s] -- Up-to-date: /home/yuritvr/PFC/wenis_ws/install/platform/share/platform/cmake/platformConfig-version.cmake
[0.081s] -- Up-to-date: /home/yuritvr/PFC/wenis_ws/install/platform/share/platform/package.xml
[0.110s] Invoked command in '/home/yuritvr/PFC/wenis_ws/build/platform' returned '0': /usr/bin/cmake --install /home/yuritvr/PFC/wenis_ws/build/platform
