[0.022s] Invoking command in '/home/yuritvr/PFC/pfc_ws/build/xarm_description': CMAKE_PREFIX_PATH=/opt/ros/humble /usr/bin/cmake --build /home/yuritvr/PFC/pfc_ws/build/xarm_description -- -j8 -l8
[0.089s] Invoked command in '/home/yuritvr/PFC/pfc_ws/build/xarm_description' returned '0': CMAKE_PREFIX_PATH=/opt/ros/humble /usr/bin/cmake --build /home/yuritvr/PFC/pfc_ws/build/xarm_description -- -j8 -l8
[0.176s] Invoking command in '/home/yuritvr/PFC/pfc_ws/build/xarm_description': CMAKE_PREFIX_PATH=/opt/ros/humble /usr/bin/cmake --install /home/yuritvr/PFC/pfc_ws/build/xarm_description
[0.201s] -- Install configuration: ""
[0.205s] -- Up-to-date: /home/yuritvr/PFC/pfc_ws/install/xarm_description/share/ament_index/resource_index/package_run_dependencies/xarm_description
[0.206s] -- Up-to-date: /home/yuritvr/PFC/pfc_ws/install/xarm_description/share/ament_index/resource_index/parent_prefix_path/xarm_description
[0.206s] -- Up-to-date: /home/yuritvr/PFC/pfc_ws/install/xarm_description/share/xarm_description/environment/ament_prefix_path.sh
[0.215s] -- Up-to-date: /home/yuritvr/PFC/pfc_ws/install/xarm_description/share/xarm_description/environment/ament_prefix_path.dsv
[0.216s] -- Up-to-date: /home/yuritvr/PFC/pfc_ws/install/xarm_description/share/xarm_description/environment/path.sh
[0.217s] -- Up-to-date: /home/yuritvr/PFC/pfc_ws/install/xarm_description/share/xarm_description/environment/path.dsv
[0.217s] -- Up-to-date: /home/yuritvr/PFC/pfc_ws/install/xarm_description/share/xarm_description/local_setup.bash
[0.219s] -- Up-to-date: /home/yuritvr/PFC/pfc_ws/install/xarm_description/share/xarm_description/local_setup.sh
[0.224s] -- Up-to-date: /home/yuritvr/PFC/pfc_ws/install/xarm_description/share/xarm_description/local_setup.zsh
[0.225s] -- Up-to-date: /home/yuritvr/PFC/pfc_ws/install/xarm_description/share/xarm_description/local_setup.dsv
[0.234s] -- Installing: /home/yuritvr/PFC/pfc_ws/install/xarm_description/share/xarm_description/package.dsv
[0.234s] -- Up-to-date: /home/yuritvr/PFC/pfc_ws/install/xarm_description/share/ament_index/resource_index/packages/xarm_description
[0.234s] -- Up-to-date: /home/yuritvr/PFC/pfc_ws/install/xarm_description/share/xarm_description/cmake/xarm_descriptionConfig.cmake
[0.235s] -- Up-to-date: /home/yuritvr/PFC/pfc_ws/install/xarm_description/share/xarm_description/cmake/xarm_descriptionConfig-version.cmake
[0.236s] -- Up-to-date: /home/yuritvr/PFC/pfc_ws/install/xarm_description/share/xarm_description/package.xml
[0.288s] Invoked command in '/home/yuritvr/PFC/pfc_ws/build/xarm_description' returned '0': CMAKE_PREFIX_PATH=/opt/ros/humble /usr/bin/cmake --install /home/yuritvr/PFC/pfc_ws/build/xarm_description
