[0.054s] Invoking command in '/home/yuritvr/PFC/wenis_ws/build/simple_grasping': CMAKE_PREFIX_PATH=${CMAKE_PREFIX_PATH}:/opt/ros/humble /usr/bin/cmake --build /home/yuritvr/PFC/wenis_ws/build/simple_grasping -- -j8 -l8
[0.142s] -- Eigen found (include: /usr/include/eigen3, version: 3.4.0)
[0.249s] -- FLANN found (include: /usr/include, lib: /usr/lib/x86_64-linux-gnu/libflann_cpp.so)
[0.663s] -- Found Eigen3: /usr/include/eigen3 (found version "3.4.0") 
[0.980s] -- OpenNI found (version: 1.5.4.0, include: /usr/include/ni, lib: /usr/lib/libOpenNI.so;libusb::libusb)
[0.994s] -- OpenNI2 found (version: 2.2.0.33, include: /usr/include/openni2, lib: /usr/lib/x86_64-linux-gnu/libOpenNI2.so;libusb::libusb)
[0.995s] [0m** WARNING ** io features related to pcap will be disabled[0m
[1.329s] -- Eigen found (include: /usr/include/eigen3, version: 3.4.0)
[1.342s] -- OpenNI found (version: 1.5.4.0, include: /usr/include/ni, lib: /usr/lib/libOpenNI.so;libusb::libusb)
[1.355s] -- OpenNI2 found (version: 2.2.0.33, include: /usr/include/openni2, lib: /usr/lib/x86_64-linux-gnu/libOpenNI2.so;libusb::libusb)
[1.717s] -- Found Qhull version 8.0.2
[2.091s] -- OpenNI found (version: 1.5.4.0, include: /usr/include/ni, lib: /usr/lib/libOpenNI.so;libusb::libusb)
[2.457s] -- looking for PCL_COMMON
[2.458s] -- looking for PCL_KDTREE
[2.459s] -- looking for PCL_OCTREE
[2.459s] -- looking for PCL_SEARCH
[2.460s] -- looking for PCL_SAMPLE_CONSENSUS
[2.462s] -- looking for PCL_FILTERS
[2.462s] -- looking for PCL_2D
[2.463s] -- looking for PCL_GEOMETRY
[2.464s] -- looking for PCL_IO
[2.465s] -- looking for PCL_FEATURES
[2.466s] -- looking for PCL_ML
[2.467s] -- looking for PCL_SEGMENTATION
[2.468s] -- looking for PCL_VISUALIZATION
[2.469s] -- looking for PCL_SURFACE
[2.470s] -- looking for PCL_REGISTRATION
[2.471s] -- looking for PCL_KEYPOINTS
[2.472s] -- looking for PCL_TRACKING
[2.473s] -- looking for PCL_RECOGNITION
[2.474s] -- looking for PCL_STEREO
[2.475s] -- looking for PCL_APPS
[2.477s] -- looking for PCL_IN_HAND_SCANNER
[2.478s] -- looking for PCL_MODELER
[2.479s] -- looking for PCL_POINT_CLOUD_EDITOR
[2.479s] -- looking for PCL_OUTOFCORE
[2.481s] -- looking for PCL_PEOPLE
[2.486s] -- Found ament_cmake: 1.3.8 (/opt/ros/humble/share/ament_cmake/cmake)
[2.765s] -- Found geometry_msgs: 4.2.3 (/opt/ros/humble/share/geometry_msgs/cmake)
[2.812s] -- Found rosidl_generator_c: 3.1.5 (/opt/ros/humble/share/rosidl_generator_c/cmake)
[2.818s] -- Found rosidl_adapter: 3.1.5 (/opt/ros/humble/share/rosidl_adapter/cmake)
[2.833s] -- Found rosidl_generator_cpp: 3.1.5 (/opt/ros/humble/share/rosidl_generator_cpp/cmake)
[2.863s] -- Using all available rosidl_typesupport_c: rosidl_typesupport_fastrtps_c;rosidl_typesupport_introspection_c
[2.908s] -- Using all available rosidl_typesupport_cpp: rosidl_typesupport_fastrtps_cpp;rosidl_typesupport_introspection_cpp
[3.241s] -- Found grasping_msgs: 0.4.0 (/opt/ros/humble/share/grasping_msgs/cmake)
[6.278s] -- Found pcl_conversions: 2.4.0 (/opt/ros/humble/share/pcl_conversions/cmake)
[6.418s] -- Found rmw_implementation_cmake: 6.1.1 (/opt/ros/humble/share/rmw_implementation_cmake/cmake)
[6.422s] -- Found rmw_fastrtps_cpp: 6.2.6 (/opt/ros/humble/share/rmw_fastrtps_cpp/cmake)
[6.726s] -- Using RMW implementation 'rmw_fastrtps_cpp' as default
[7.481s] -- Found pcl_ros: 2.4.0 (/opt/ros/humble/share/pcl_ros/cmake)
[7.859s] -- Found eigen3_cmake_module: 0.1.1 (/opt/ros/humble/share/eigen3_cmake_module/cmake)
[7.862s] -- Found Eigen3: TRUE (found version "3.4.0") 
[7.863s] -- Ensuring Eigen3 include directory is part of orocos-kdl CMake target
[9.519s] -- Found ament_cmake_gtest: 1.3.8 (/opt/ros/humble/share/ament_cmake_gtest/cmake)
[9.521s] -- Found gtest sources under '/opt/ros/humble/src/gtest_vendor': C++ tests using 'Google Test' will be built
[9.866s] -- Found ament_cmake_cpplint: 0.12.10 (/opt/ros/humble/share/ament_cmake_cpplint/cmake)
[10.076s] -- Configuring done
[10.625s] -- Generating done
[10.643s] -- Build files have been written to: /home/yuritvr/PFC/wenis_ws/build/simple_grasping
[10.813s] [35m[1mConsolidate compiler generated dependencies of target basic_grasping_perception_node[0m
[10.822s] [35m[1mConsolidate compiler generated dependencies of target gtest_main[0m
[10.833s] [35m[1mConsolidate compiler generated dependencies of target simple_grasping[0m
[10.849s] [35m[1mConsolidate compiler generated dependencies of target grasp_planner_node[0m
[10.859s] [35m[1mConsolidate compiler generated dependencies of target gtest[0m
[10.913s] [  5%] [32mBuilding CXX object CMakeFiles/grasp_planner_node.dir/rclcpp_components/node_main_grasp_planner_node.cpp.o[0m
[10.940s] [ 10%] [32mBuilding CXX object CMakeFiles/basic_grasping_perception_node.dir/rclcpp_components/node_main_basic_grasping_perception_node.cpp.o[0m
[10.952s] [ 21%] Built target gtest_main
[10.965s] [ 31%] Built target gtest
[11.080s] [ 36%] [32mBuilding CXX object CMakeFiles/simple_grasping.dir/src/cloud_tools.cpp.o[0m
[11.091s] [ 42%] [32mBuilding CXX object CMakeFiles/simple_grasping.dir/src/object_support_segmentation.cpp.o[0m
[11.094s] [ 47%] [32mBuilding CXX object CMakeFiles/simple_grasping.dir/src/shape_extraction.cpp.o[0m
[11.130s] [ 52%] [32mBuilding CXX object CMakeFiles/simple_grasping.dir/src/shape_grasp_planner.cpp.o[0m
[21.235s] [ 57%] [32m[1mLinking CXX executable basic_grasping_perception_node[0m
[21.631s] [ 57%] Built target basic_grasping_perception_node
[25.733s] [ 63%] [32m[1mLinking CXX executable grasp_planner_node[0m
[26.507s] [ 63%] Built target grasp_planner_node
[44.503s] [ 68%] [32m[1mLinking CXX shared library libsimple_grasping.so[0m
[47.573s] [ 68%] Built target simple_grasping
[47.591s] [35m[1mConsolidate compiler generated dependencies of target simple_grasping_test_shape_extraction[0m
[47.592s] [35m[1mConsolidate compiler generated dependencies of target grasp_planner[0m
[47.593s] [35m[1mConsolidate compiler generated dependencies of target basic_grasping_perception[0m
[47.625s] [ 78%] [32mBuilding CXX object CMakeFiles/grasp_planner.dir/src/grasp_planner_node.cpp.o[0m
[47.626s] [ 78%] [32mBuilding CXX object CMakeFiles/simple_grasping_test_shape_extraction.dir/test/test_shape_extraction.cpp.o[0m
[47.679s] [ 84%] [32mBuilding CXX object CMakeFiles/basic_grasping_perception.dir/src/basic_grasping_perception.cpp.o[0m
[53.965s] [ 89%] [32m[1mLinking CXX executable simple_grasping_test_shape_extraction[0m
[54.735s] [ 94%] [32m[1mLinking CXX shared library libgrasp_planner.so[0m
[56.223s] [ 94%] Built target simple_grasping_test_shape_extraction
[56.421s] [ 94%] Built target grasp_planner
[71.598s] [100%] [32m[1mLinking CXX shared library libbasic_grasping_perception.so[0m
[74.892s] [100%] Built target basic_grasping_perception
[74.911s] Invoked command in '/home/yuritvr/PFC/wenis_ws/build/simple_grasping' returned '0': CMAKE_PREFIX_PATH=${CMAKE_PREFIX_PATH}:/opt/ros/humble /usr/bin/cmake --build /home/yuritvr/PFC/wenis_ws/build/simple_grasping -- -j8 -l8
[75.091s] Invoking command in '/home/yuritvr/PFC/wenis_ws/build/simple_grasping': CMAKE_PREFIX_PATH=${CMAKE_PREFIX_PATH}:/opt/ros/humble /usr/bin/cmake --install /home/yuritvr/PFC/wenis_ws/build/simple_grasping
[75.118s] -- Install configuration: ""
[75.119s] -- Installing: /home/yuritvr/PFC/wenis_ws/install/simple_grasping/lib/simple_grasping/basic_grasping_perception_node
[75.123s] -- Set runtime path of "/home/yuritvr/PFC/wenis_ws/install/simple_grasping/lib/simple_grasping/basic_grasping_perception_node" to ""
[75.124s] -- Installing: /home/yuritvr/PFC/wenis_ws/install/simple_grasping/lib/simple_grasping/grasp_planner_node
[75.127s] -- Set runtime path of "/home/yuritvr/PFC/wenis_ws/install/simple_grasping/lib/simple_grasping/grasp_planner_node" to ""
[75.127s] -- Up-to-date: /home/yuritvr/PFC/wenis_ws/install/simple_grasping/include
[75.128s] -- Up-to-date: /home/yuritvr/PFC/wenis_ws/install/simple_grasping/include/simple_grasping
[75.128s] -- Installing: /home/yuritvr/PFC/wenis_ws/install/simple_grasping/include/simple_grasping/shape_grasp_planner.h
[75.129s] -- Installing: /home/yuritvr/PFC/wenis_ws/install/simple_grasping/include/simple_grasping/cloud_tools.h
[75.129s] -- Installing: /home/yuritvr/PFC/wenis_ws/install/simple_grasping/include/simple_grasping/object_support_segmentation.h
[75.129s] -- Installing: /home/yuritvr/PFC/wenis_ws/install/simple_grasping/include/simple_grasping/shape_extraction.h
[75.129s] -- Installing: /home/yuritvr/PFC/wenis_ws/install/simple_grasping/lib/simple_grasping/do_perception.py
[75.131s] -- Installing: /home/yuritvr/PFC/wenis_ws/install/simple_grasping/lib/libsimple_grasping.so
[75.157s] -- Set runtime path of "/home/yuritvr/PFC/wenis_ws/install/simple_grasping/lib/libsimple_grasping.so" to ""
[75.158s] -- Installing: /home/yuritvr/PFC/wenis_ws/install/simple_grasping/lib/libbasic_grasping_perception.so
[75.189s] -- Set runtime path of "/home/yuritvr/PFC/wenis_ws/install/simple_grasping/lib/libbasic_grasping_perception.so" to ""
[75.191s] -- Installing: /home/yuritvr/PFC/wenis_ws/install/simple_grasping/lib/libgrasp_planner.so
[75.197s] -- Set runtime path of "/home/yuritvr/PFC/wenis_ws/install/simple_grasping/lib/libgrasp_planner.so" to ""
[75.197s] -- Installing: /home/yuritvr/PFC/wenis_ws/install/simple_grasping/share/simple_grasping/environment/library_path.sh
[75.198s] -- Installing: /home/yuritvr/PFC/wenis_ws/install/simple_grasping/share/simple_grasping/environment/library_path.dsv
[75.199s] -- Up-to-date: /home/yuritvr/PFC/wenis_ws/install/simple_grasping/share/ament_index/resource_index/package_run_dependencies/simple_grasping
[75.199s] -- Installing: /home/yuritvr/PFC/wenis_ws/install/simple_grasping/share/ament_index/resource_index/parent_prefix_path/simple_grasping
[75.200s] -- Installing: /home/yuritvr/PFC/wenis_ws/install/simple_grasping/share/simple_grasping/environment/ament_prefix_path.sh
[75.200s] -- Installing: /home/yuritvr/PFC/wenis_ws/install/simple_grasping/share/simple_grasping/environment/ament_prefix_path.dsv
[75.201s] -- Installing: /home/yuritvr/PFC/wenis_ws/install/simple_grasping/share/simple_grasping/environment/path.sh
[75.201s] -- Installing: /home/yuritvr/PFC/wenis_ws/install/simple_grasping/share/simple_grasping/environment/path.dsv
[75.202s] -- Up-to-date: /home/yuritvr/PFC/wenis_ws/install/simple_grasping/share/simple_grasping/local_setup.bash
[75.203s] -- Up-to-date: /home/yuritvr/PFC/wenis_ws/install/simple_grasping/share/simple_grasping/local_setup.sh
[75.203s] -- Up-to-date: /home/yuritvr/PFC/wenis_ws/install/simple_grasping/share/simple_grasping/local_setup.zsh
[75.203s] -- Installing: /home/yuritvr/PFC/wenis_ws/install/simple_grasping/share/simple_grasping/local_setup.dsv
[75.204s] -- Installing: /home/yuritvr/PFC/wenis_ws/install/simple_grasping/share/simple_grasping/package.dsv
[75.204s] -- Up-to-date: /home/yuritvr/PFC/wenis_ws/install/simple_grasping/share/ament_index/resource_index/packages/simple_grasping
[75.204s] -- Up-to-date: /home/yuritvr/PFC/wenis_ws/install/simple_grasping/share/ament_index/resource_index/rclcpp_components/simple_grasping
[75.205s] -- Up-to-date: /home/yuritvr/PFC/wenis_ws/install/simple_grasping/share/simple_grasping/cmake/ament_cmake_export_include_directories-extras.cmake
[75.205s] -- Up-to-date: /home/yuritvr/PFC/wenis_ws/install/simple_grasping/share/simple_grasping/cmake/ament_cmake_export_libraries-extras.cmake
[75.205s] -- Up-to-date: /home/yuritvr/PFC/wenis_ws/install/simple_grasping/share/simple_grasping/cmake/ament_cmake_export_dependencies-extras.cmake
[75.206s] -- Up-to-date: /home/yuritvr/PFC/wenis_ws/install/simple_grasping/share/simple_grasping/cmake/simple_graspingConfig.cmake
[75.206s] -- Up-to-date: /home/yuritvr/PFC/wenis_ws/install/simple_grasping/share/simple_grasping/cmake/simple_graspingConfig-version.cmake
[75.206s] -- Installing: /home/yuritvr/PFC/wenis_ws/install/simple_grasping/share/simple_grasping/package.xml
[75.213s] Invoked command in '/home/yuritvr/PFC/wenis_ws/build/simple_grasping' returned '0': CMAKE_PREFIX_PATH=${CMAKE_PREFIX_PATH}:/opt/ros/humble /usr/bin/cmake --install /home/yuritvr/PFC/wenis_ws/build/simple_grasping
