[0.031s] Invoking command in '/home/yuritvr/PFC/pfc_ws/build/pfcbot': CMAKE_PREFIX_PATH=${CMAKE_PREFIX_PATH}:/opt/ros/humble /usr/bin/cmake --build /home/yuritvr/PFC/pfc_ws/build/pfcbot -- -j8 -l8
[0.105s] Invoked command in '/home/yuritvr/PFC/pfc_ws/build/pfcbot' returned '0': CMAKE_PREFIX_PATH=${CMAKE_PREFIX_PATH}:/opt/ros/humble /usr/bin/cmake --build /home/yuritvr/PFC/pfc_ws/build/pfcbot -- -j8 -l8
[0.162s] Invoking command in '/home/yuritvr/PFC/pfc_ws/build/pfcbot': CMAKE_PREFIX_PATH=${CMAKE_PREFIX_PATH}:/opt/ros/humble /usr/bin/cmake --install /home/yuritvr/PFC/pfc_ws/build/pfcbot
[0.220s] -- Install configuration: ""
[0.222s] -- Up-to-date: /home/yuritvr/PFC/pfc_ws/install/pfcbot/share/pfcbot//urdf
[0.222s] -- Up-to-date: /home/yuritvr/PFC/pfc_ws/install/pfcbot/share/pfcbot//urdf/pfcbot.xacro
[0.222s] -- Up-to-date: /home/yuritvr/PFC/pfc_ws/install/pfcbot/share/pfcbot//urdf/materials.xacro
[0.223s] -- Up-to-date: /home/yuritvr/PFC/pfc_ws/install/pfcbot/share/pfcbot//urdf/pfcbot.gazebo
[0.228s] -- Up-to-date: /home/yuritvr/PFC/pfc_ws/install/pfcbot/share/pfcbot//launch
[0.229s] -- Up-to-date: /home/yuritvr/PFC/pfc_ws/install/pfcbot/share/pfcbot//launch/start_controller.launch.py
[0.229s] -- Up-to-date: /home/yuritvr/PFC/pfc_ws/install/pfcbot/share/pfcbot//launch/robot_gazebo_view.launch
[0.229s] -- Up-to-date: /home/yuritvr/PFC/pfc_ws/install/pfcbot/share/pfcbot//launch/start_moveit.launch.py
[0.230s] -- Up-to-date: /home/yuritvr/PFC/pfc_ws/install/pfcbot/share/pfcbot//launch/pfcbot.launch.py
[0.230s] -- Up-to-date: /home/yuritvr/PFC/pfc_ws/install/pfcbot/share/pfcbot//launch/start_world.launch.py
[0.230s] -- Up-to-date: /home/yuritvr/PFC/pfc_ws/install/pfcbot/share/pfcbot//launch/spawn_pfcbot.launch.py
[0.231s] -- Up-to-date: /home/yuritvr/PFC/pfc_ws/install/pfcbot/share/pfcbot//launch/__pycache__
[0.232s] -- Up-to-date: /home/yuritvr/PFC/pfc_ws/install/pfcbot/share/pfcbot//launch/__pycache__/pfcbot.launch.cpython-310.pyc
[0.232s] -- Up-to-date: /home/yuritvr/PFC/pfc_ws/install/pfcbot/share/pfcbot//config
[0.233s] -- Up-to-date: /home/yuritvr/PFC/pfc_ws/install/pfcbot/share/pfcbot//config/simple_controller.yaml
[0.234s] -- Up-to-date: /home/yuritvr/PFC/pfc_ws/install/pfcbot/share/ament_index/resource_index/package_run_dependencies/pfcbot
[0.234s] -- Up-to-date: /home/yuritvr/PFC/pfc_ws/install/pfcbot/share/ament_index/resource_index/parent_prefix_path/pfcbot
[0.235s] -- Up-to-date: /home/yuritvr/PFC/pfc_ws/install/pfcbot/share/pfcbot/environment/ament_prefix_path.sh
[0.239s] -- Up-to-date: /home/yuritvr/PFC/pfc_ws/install/pfcbot/share/pfcbot/environment/ament_prefix_path.dsv
[0.239s] -- Up-to-date: /home/yuritvr/PFC/pfc_ws/install/pfcbot/share/pfcbot/environment/path.sh
[0.240s] -- Up-to-date: /home/yuritvr/PFC/pfc_ws/install/pfcbot/share/pfcbot/environment/path.dsv
[0.240s] -- Up-to-date: /home/yuritvr/PFC/pfc_ws/install/pfcbot/share/pfcbot/local_setup.bash
[0.241s] -- Up-to-date: /home/yuritvr/PFC/pfc_ws/install/pfcbot/share/pfcbot/local_setup.sh
[0.241s] -- Up-to-date: /home/yuritvr/PFC/pfc_ws/install/pfcbot/share/pfcbot/local_setup.zsh
[0.261s] -- Up-to-date: /home/yuritvr/PFC/pfc_ws/install/pfcbot/share/pfcbot/local_setup.dsv
[0.262s] -- Installing: /home/yuritvr/PFC/pfc_ws/install/pfcbot/share/pfcbot/package.dsv
[0.262s] -- Up-to-date: /home/yuritvr/PFC/pfc_ws/install/pfcbot/share/ament_index/resource_index/packages/pfcbot
[0.263s] -- Up-to-date: /home/yuritvr/PFC/pfc_ws/install/pfcbot/share/pfcbot/cmake/pfcbotConfig.cmake
[0.264s] -- Up-to-date: /home/yuritvr/PFC/pfc_ws/install/pfcbot/share/pfcbot/cmake/pfcbotConfig-version.cmake
[0.265s] -- Up-to-date: /home/yuritvr/PFC/pfc_ws/install/pfcbot/share/pfcbot/package.xml
[0.270s] Invoked command in '/home/yuritvr/PFC/pfc_ws/build/pfcbot' returned '0': CMAKE_PREFIX_PATH=${CMAKE_PREFIX_PATH}:/opt/ros/humble /usr/bin/cmake --install /home/yuritvr/PFC/pfc_ws/build/pfcbot
