[0.011s] Invoking command in '/home/yuritvr/PFC/wenis_ws/build/robotiq_85_gripper': AMENT_PREFIX_PATH=/home/yuritvr/PFC/wenis_ws/install/robotiq_85_driver:/home/yuritvr/PFC/wenis_ws/install/robotiq_85_msgs:/home/yuritvr/PFC/wenis_ws/install/robotiq_85_description CMAKE_PREFIX_PATH=/home/yuritvr/PFC/wenis_ws/install/robotiq_85_msgs:/home/yuritvr/PFC/wenis_ws/install/robotiq_85_description LD_LIBRARY_PATH=/home/yuritvr/PFC/wenis_ws/install/robotiq_85_msgs/lib PYTHONPATH=/home/yuritvr/PFC/wenis_ws/install/robotiq_85_driver/lib/python3.10/site-packages:/home/yuritvr/PFC/wenis_ws/install/robotiq_85_msgs/local/lib/python3.10/dist-packages /usr/bin/cmake --build /home/yuritvr/PFC/wenis_ws/build/robotiq_85_gripper -- -j8 -l8
[0.098s] Invoked command in '/home/yuritvr/PFC/wenis_ws/build/robotiq_85_gripper' returned '0': AMENT_PREFIX_PATH=/home/yuritvr/PFC/wenis_ws/install/robotiq_85_driver:/home/yuritvr/PFC/wenis_ws/install/robotiq_85_msgs:/home/yuritvr/PFC/wenis_ws/install/robotiq_85_description CMAKE_PREFIX_PATH=/home/yuritvr/PFC/wenis_ws/install/robotiq_85_msgs:/home/yuritvr/PFC/wenis_ws/install/robotiq_85_description LD_LIBRARY_PATH=/home/yuritvr/PFC/wenis_ws/install/robotiq_85_msgs/lib PYTHONPATH=/home/yuritvr/PFC/wenis_ws/install/robotiq_85_driver/lib/python3.10/site-packages:/home/yuritvr/PFC/wenis_ws/install/robotiq_85_msgs/local/lib/python3.10/dist-packages /usr/bin/cmake --build /home/yuritvr/PFC/wenis_ws/build/robotiq_85_gripper -- -j8 -l8
[0.166s] Invoking command in '/home/yuritvr/PFC/wenis_ws/build/robotiq_85_gripper': AMENT_PREFIX_PATH=/home/yuritvr/PFC/wenis_ws/install/robotiq_85_driver:/home/yuritvr/PFC/wenis_ws/install/robotiq_85_msgs:/home/yuritvr/PFC/wenis_ws/install/robotiq_85_description CMAKE_PREFIX_PATH=/home/yuritvr/PFC/wenis_ws/install/robotiq_85_msgs:/home/yuritvr/PFC/wenis_ws/install/robotiq_85_description LD_LIBRARY_PATH=/home/yuritvr/PFC/wenis_ws/install/robotiq_85_msgs/lib PYTHONPATH=/home/yuritvr/PFC/wenis_ws/install/robotiq_85_driver/lib/python3.10/site-packages:/home/yuritvr/PFC/wenis_ws/install/robotiq_85_msgs/local/lib/python3.10/dist-packages /usr/bin/cmake --install /home/yuritvr/PFC/wenis_ws/build/robotiq_85_gripper
[0.189s] -- Install configuration: ""
[0.190s] -- Up-to-date: /home/yuritvr/PFC/wenis_ws/install/robotiq_85_gripper/share/ament_index/resource_index/package_run_dependencies/robotiq_85_gripper
[0.190s] -- Up-to-date: /home/yuritvr/PFC/wenis_ws/install/robotiq_85_gripper/share/ament_index/resource_index/parent_prefix_path/robotiq_85_gripper
[0.190s] -- Up-to-date: /home/yuritvr/PFC/wenis_ws/install/robotiq_85_gripper/share/robotiq_85_gripper/environment/ament_prefix_path.sh
[0.191s] -- Up-to-date: /home/yuritvr/PFC/wenis_ws/install/robotiq_85_gripper/share/robotiq_85_gripper/environment/ament_prefix_path.dsv
[0.191s] -- Up-to-date: /home/yuritvr/PFC/wenis_ws/install/robotiq_85_gripper/share/robotiq_85_gripper/environment/path.sh
[0.192s] -- Up-to-date: /home/yuritvr/PFC/wenis_ws/install/robotiq_85_gripper/share/robotiq_85_gripper/environment/path.dsv
[0.192s] -- Up-to-date: /home/yuritvr/PFC/wenis_ws/install/robotiq_85_gripper/share/robotiq_85_gripper/local_setup.bash
[0.192s] -- Up-to-date: /home/yuritvr/PFC/wenis_ws/install/robotiq_85_gripper/share/robotiq_85_gripper/local_setup.sh
[0.192s] -- Up-to-date: /home/yuritvr/PFC/wenis_ws/install/robotiq_85_gripper/share/robotiq_85_gripper/local_setup.zsh
[0.192s] -- Up-to-date: /home/yuritvr/PFC/wenis_ws/install/robotiq_85_gripper/share/robotiq_85_gripper/local_setup.dsv
[0.193s] -- Installing: /home/yuritvr/PFC/wenis_ws/install/robotiq_85_gripper/share/robotiq_85_gripper/package.dsv
[0.193s] -- Up-to-date: /home/yuritvr/PFC/wenis_ws/install/robotiq_85_gripper/share/ament_index/resource_index/packages/robotiq_85_gripper
[0.193s] -- Up-to-date: /home/yuritvr/PFC/wenis_ws/install/robotiq_85_gripper/share/robotiq_85_gripper/cmake/robotiq_85_gripperConfig.cmake
[0.193s] -- Up-to-date: /home/yuritvr/PFC/wenis_ws/install/robotiq_85_gripper/share/robotiq_85_gripper/cmake/robotiq_85_gripperConfig-version.cmake
[0.193s] -- Up-to-date: /home/yuritvr/PFC/wenis_ws/install/robotiq_85_gripper/share/robotiq_85_gripper/package.xml
[0.198s] Invoked command in '/home/yuritvr/PFC/wenis_ws/build/robotiq_85_gripper' returned '0': AMENT_PREFIX_PATH=/home/yuritvr/PFC/wenis_ws/install/robotiq_85_driver:/home/yuritvr/PFC/wenis_ws/install/robotiq_85_msgs:/home/yuritvr/PFC/wenis_ws/install/robotiq_85_description CMAKE_PREFIX_PATH=/home/yuritvr/PFC/wenis_ws/install/robotiq_85_msgs:/home/yuritvr/PFC/wenis_ws/install/robotiq_85_description LD_LIBRARY_PATH=/home/yuritvr/PFC/wenis_ws/install/robotiq_85_msgs/lib PYTHONPATH=/home/yuritvr/PFC/wenis_ws/install/robotiq_85_driver/lib/python3.10/site-packages:/home/yuritvr/PFC/wenis_ws/install/robotiq_85_msgs/local/lib/python3.10/dist-packages /usr/bin/cmake --install /home/yuritvr/PFC/wenis_ws/build/robotiq_85_gripper
