[0.012s] Invoking command in '/home/yuritvr/PFC/pfc_ws/build/arm_pkg': CMAKE_PREFIX_PATH=/opt/ros/humble /usr/bin/cmake --build /home/yuritvr/PFC/pfc_ws/build/arm_pkg -- -j24 -l24
[0.064s] -- Found ament_cmake: 1.3.9 (/opt/ros/humble/share/ament_cmake/cmake)
[0.144s] -- Found urdf: 2.6.0 (/opt/ros/humble/share/urdf/cmake)
[0.167s] -- Found xacro: 2.0.8 (/opt/ros/humble/share/xacro/cmake)
[0.167s] -- Found ros2_control: 2.41.0 (/opt/ros/humble/share/ros2_control/cmake)
[0.167s] -- Found gazebo_ros2_control: 0.4.9 (/opt/ros/humble/share/gazebo_ros2_control/cmake)
[0.189s] -- Found rosidl_generator_c: 3.1.5 (/opt/ros/humble/share/rosidl_generator_c/cmake)
[0.190s] -- Found rosidl_adapter: 3.1.5 (/opt/ros/humble/share/rosidl_adapter/cmake)
[0.196s] -- Found rosidl_generator_cpp: 3.1.5 (/opt/ros/humble/share/rosidl_generator_cpp/cmake)
[0.205s] -- Using all available rosidl_typesupport_c: rosidl_typesupport_fastrtps_c;rosidl_typesupport_introspection_c
[0.214s] -- Using all available rosidl_typesupport_cpp: rosidl_typesupport_fastrtps_cpp;rosidl_typesupport_introspection_cpp
[0.568s] -- Found rmw_implementation_cmake: 6.1.2 (/opt/ros/humble/share/rmw_implementation_cmake/cmake)
[0.568s] -- Found rmw_fastrtps_cpp: 6.2.6 (/opt/ros/humble/share/rmw_fastrtps_cpp/cmake)
[0.585s] -- Found TinyXML2 via Config file: TinyXML2_DIR-NOTFOUND
[0.589s] -- Found TinyXML2 via Config file: TinyXML2_DIR-NOTFOUND
[0.601s] -- Found TinyXML2 via Config file: TinyXML2_DIR-NOTFOUND
[0.606s] -- Found TinyXML2 via Config file: TinyXML2_DIR-NOTFOUND
[0.611s] -- Using RMW implementation 'rmw_fastrtps_cpp' as default
[1.099s] -- Found DART: /usr/include (Required is at least version "6.6") found components: dart 
[1.119s] -- Found Protobuf: /usr/lib/x86_64-linux-gnu/libprotobuf.so (found version "3.12.4") 
[1.120s] -- Looking for ignition-math6 -- found version 6.15.1
[1.124s] -- Searching for dependencies of ignition-math6
[1.126s] -- Looking for OGRE...
[1.130s] -- Found Ogre Ghadamon (1.9.0)
[1.130s] -- Found OGRE: optimized;/usr/lib/x86_64-linux-gnu/libOgreMain.so;debug;/usr/lib/x86_64-linux-gnu/libOgreMain.so
[1.136s] -- Looking for OGRE_Paging...
[1.136s] -- Found OGRE_Paging: optimized;/usr/lib/x86_64-linux-gnu/libOgrePaging.so;debug;/usr/lib/x86_64-linux-gnu/libOgrePaging.so
[1.137s] -- Looking for OGRE_Terrain...
[1.137s] -- Found OGRE_Terrain: optimized;/usr/lib/x86_64-linux-gnu/libOgreTerrain.so;debug;/usr/lib/x86_64-linux-gnu/libOgreTerrain.so
[1.137s] -- Looking for OGRE_Property...
[1.137s] -- Found OGRE_Property: optimized;/usr/lib/x86_64-linux-gnu/libOgreProperty.so;debug;/usr/lib/x86_64-linux-gnu/libOgreProperty.so
[1.137s] -- Looking for OGRE_RTShaderSystem...
[1.137s] -- Found OGRE_RTShaderSystem: optimized;/usr/lib/x86_64-linux-gnu/libOgreRTShaderSystem.so;debug;/usr/lib/x86_64-linux-gnu/libOgreRTShaderSystem.so
[1.137s] -- Looking for OGRE_Volume...
[1.137s] -- Found OGRE_Volume: optimized;/usr/lib/x86_64-linux-gnu/libOgreVolume.so;debug;/usr/lib/x86_64-linux-gnu/libOgreVolume.so
[1.137s] -- Looking for OGRE_Overlay...
[1.137s] -- Found OGRE_Overlay: optimized;/usr/lib/x86_64-linux-gnu/libOgreOverlay.so;debug;/usr/lib/x86_64-linux-gnu/libOgreOverlay.so
[1.183s] -- Looking for ignition-math6 -- found version 6.15.1
[1.183s] -- Looking for ignition-transport8 -- found version 8.2.1
[1.183s] -- Searching for dependencies of ignition-transport8
[1.192s] -- Found Protobuf: /usr/lib/x86_64-linux-gnu/libprotobuf.so (found suitable version "3.12.4", minimum required is "3") 
[1.197s] -- Config-file not installed for ZeroMQ -- checking for pkg-config
[1.199s] -- Checking for module 'libzmq >= 4'
[1.207s] --   Found libzmq , version 4.3.4
[1.228s] -- Checking for module 'uuid'
[1.234s] --   Found uuid, version 2.37.2
[1.251s] -- Looking for ignition-msgs5 -- found version 5.8.1
[1.251s] -- Searching for dependencies of ignition-msgs5
[1.260s] -- Looking for ignition-math6 -- found version 6.15.1
[1.265s] -- Looking for ignition-msgs5 -- found version 5.8.1
[1.265s] -- Looking for ignition-common3 -- found version 3.14.0
[1.265s] -- Searching for dependencies of ignition-common3
[1.265s] -- Looking for dlfcn.h - found
[1.265s] -- Looking for libdl - found
[1.272s] -- Searching for <ignition-common3> component [graphics]
[1.273s] -- Looking for ignition-common3-graphics -- found version 3.14.0
[1.273s] -- Searching for dependencies of ignition-common3-graphics
[1.273s] -- Looking for ignition-math6 -- found version 6.15.1
[1.274s] -- Looking for ignition-fuel_tools4 -- found version 4.4.0
[1.274s] -- Searching for dependencies of ignition-fuel_tools4
[1.293s] -- Checking for module 'jsoncpp'
[1.300s] --   Found jsoncpp, version 1.9.5
[1.319s] -- Checking for module 'libzip'
[1.325s] --   Found libzip, version 1.7.3
[1.342s] -- Looking for ignition-common3 -- found version 3.14.0
[1.342s] -- Looking for ignition-math6 -- found version 6.15.1
[1.342s] -- Looking for ignition-msgs5 -- found version 5.8.1
[1.344s] -- Gazebo version: 11.10
[1.458s] -- Found joint_state_broadcaster: 2.35.0 (/opt/ros/humble/share/joint_state_broadcaster/cmake)
[1.526s] -- Found parameter_traits: 0.3.8 (/opt/ros/humble/share/parameter_traits/cmake)
[1.544s] -- Found joint_trajectory_controller: 2.35.0 (/opt/ros/humble/share/joint_trajectory_controller/cmake)
[1.814s] -- Found velocity_controllers: 2.35.0 (/opt/ros/humble/share/velocity_controllers/cmake)
[2.024s] -- Found ament_lint_auto: 0.12.11 (/opt/ros/humble/share/ament_lint_auto/cmake)
[2.060s] -- Added test 'copyright' to check source files copyright and LICENSE
[2.062s] -- Added test 'flake8' to check Python code syntax and style conventions
[2.062s] -- Added test 'lint_cmake' to check CMake code style
[2.062s] -- Added test 'pep257' to check Python code against some of the docstring style conventions in PEP 257
[2.063s] -- Added test 'xmllint' to check XML markup files
[2.064s] -- Configuring done
[2.068s] -- Generating done
[2.069s] -- Build files have been written to: /home/yuritvr/PFC/pfc_ws/build/arm_pkg
[2.086s] Invoked command in '/home/yuritvr/PFC/pfc_ws/build/arm_pkg' returned '0': CMAKE_PREFIX_PATH=/opt/ros/humble /usr/bin/cmake --build /home/yuritvr/PFC/pfc_ws/build/arm_pkg -- -j24 -l24
[2.100s] Invoking command in '/home/yuritvr/PFC/pfc_ws/build/arm_pkg': CMAKE_PREFIX_PATH=/opt/ros/humble /usr/bin/cmake --install /home/yuritvr/PFC/pfc_ws/build/arm_pkg
[2.104s] -- Install configuration: ""
[2.104s] -- Up-to-date: /home/yuritvr/PFC/pfc_ws/install/arm_pkg/share/arm_pkg//urdf
[2.104s] -- Up-to-date: /home/yuritvr/PFC/pfc_ws/install/arm_pkg/share/arm_pkg//urdf/a0912.urdf.xacro
[2.104s] -- Up-to-date: /home/yuritvr/PFC/pfc_ws/install/arm_pkg/share/arm_pkg//urdf/macro.transmission.xacro
[2.104s] -- Up-to-date: /home/yuritvr/PFC/pfc_ws/install/arm_pkg/share/arm_pkg//urdf/macro.internal_config.xacro
[2.104s] -- Up-to-date: /home/yuritvr/PFC/pfc_ws/install/arm_pkg/share/arm_pkg//urdf/macro.m1013.white.xacro
[2.104s] -- Up-to-date: /home/yuritvr/PFC/pfc_ws/install/arm_pkg/share/arm_pkg//urdf/m1013.white.urdf
[2.104s] -- Up-to-date: /home/yuritvr/PFC/pfc_ws/install/arm_pkg/share/arm_pkg//urdf/manipulator.xacro
[2.104s] -- Up-to-date: /home/yuritvr/PFC/pfc_ws/install/arm_pkg/share/arm_pkg//urdf/macro.bumper_config.xacro
[2.104s] -- Up-to-date: /home/yuritvr/PFC/pfc_ws/install/arm_pkg/share/arm_pkg//urdf/a0912.blue.urdf
[2.104s] -- Up-to-date: /home/yuritvr/PFC/pfc_ws/install/arm_pkg/share/arm_pkg//urdf/m1013.urdf.xacro
[2.104s] -- Up-to-date: /home/yuritvr/PFC/pfc_ws/install/arm_pkg/share/arm_pkg//urdf/macro.gazebo_config_control.xacro
[2.104s] -- Up-to-date: /home/yuritvr/PFC/pfc_ws/install/arm_pkg/share/arm_pkg//urdf/macro.a0912.blue.xacro
[2.104s] -- Up-to-date: /home/yuritvr/PFC/pfc_ws/install/arm_pkg/share/arm_pkg//urdf/depth_camera.xacro
[2.104s] -- Up-to-date: /home/yuritvr/PFC/pfc_ws/install/arm_pkg/share/arm_pkg//launch
[2.104s] -- Up-to-date: /home/yuritvr/PFC/pfc_ws/install/arm_pkg/share/arm_pkg//launch/joint_trajectory_publisher.py
[2.104s] -- Up-to-date: /home/yuritvr/PFC/pfc_ws/install/arm_pkg/share/arm_pkg//launch/start_world.launch.py
[2.104s] -- Up-to-date: /home/yuritvr/PFC/pfc_ws/install/arm_pkg/share/arm_pkg//launch/spawn_gazebo.launch.py
[2.104s] -- Up-to-date: /home/yuritvr/PFC/pfc_ws/install/arm_pkg/share/arm_pkg//launch/main_arm.launch.py
[2.104s] -- Up-to-date: /home/yuritvr/PFC/pfc_ws/install/arm_pkg/share/arm_pkg//launch/.vscode
[2.104s] -- Up-to-date: /home/yuritvr/PFC/pfc_ws/install/arm_pkg/share/arm_pkg//launch/.vscode/c_cpp_properties.json
[2.104s] -- Up-to-date: /home/yuritvr/PFC/pfc_ws/install/arm_pkg/share/arm_pkg//launch/.vscode/settings.json
[2.104s] -- Up-to-date: /home/yuritvr/PFC/pfc_ws/install/arm_pkg/share/arm_pkg//launch/start_moveit.launch.py
[2.104s] -- Up-to-date: /home/yuritvr/PFC/pfc_ws/install/arm_pkg/share/arm_pkg//launch/start_controller.launch.py
[2.104s] -- Up-to-date: /home/yuritvr/PFC/pfc_ws/install/arm_pkg/share/arm_pkg//meshes
[2.104s] -- Up-to-date: /home/yuritvr/PFC/pfc_ws/install/arm_pkg/share/arm_pkg//meshes/a0912_blue
[2.105s] -- Up-to-date: /home/yuritvr/PFC/pfc_ws/install/arm_pkg/share/arm_pkg//meshes/a0912_blue/A0912_4_0.dae
[2.105s] -- Up-to-date: /home/yuritvr/PFC/pfc_ws/install/arm_pkg/share/arm_pkg//meshes/a0912_blue/A0912_5_1.dae
[2.105s] -- Up-to-date: /home/yuritvr/PFC/pfc_ws/install/arm_pkg/share/arm_pkg//meshes/a0912_blue/A0912_0_0.dae
[2.105s] -- Up-to-date: /home/yuritvr/PFC/pfc_ws/install/arm_pkg/share/arm_pkg//meshes/a0912_blue/A0912_4_1.dae
[2.105s] -- Up-to-date: /home/yuritvr/PFC/pfc_ws/install/arm_pkg/share/arm_pkg//meshes/a0912_blue/A0912_1_1.dae
[2.105s] -- Up-to-date: /home/yuritvr/PFC/pfc_ws/install/arm_pkg/share/arm_pkg//meshes/a0912_blue/A0912_6_0.dae
[2.105s] -- Up-to-date: /home/yuritvr/PFC/pfc_ws/install/arm_pkg/share/arm_pkg//meshes/a0912_blue/A0912_5_0.dae
[2.105s] -- Up-to-date: /home/yuritvr/PFC/pfc_ws/install/arm_pkg/share/arm_pkg//meshes/a0912_blue/A0912_2_1.dae
[2.105s] -- Up-to-date: /home/yuritvr/PFC/pfc_ws/install/arm_pkg/share/arm_pkg//meshes/a0912_blue/A0912_1_0.dae
[2.105s] -- Up-to-date: /home/yuritvr/PFC/pfc_ws/install/arm_pkg/share/arm_pkg//meshes/a0912_blue/A0912_1_2.dae
[2.105s] -- Up-to-date: /home/yuritvr/PFC/pfc_ws/install/arm_pkg/share/arm_pkg//meshes/a0912_blue/A0912_2_0.dae
[2.105s] -- Up-to-date: /home/yuritvr/PFC/pfc_ws/install/arm_pkg/share/arm_pkg//meshes/a0912_blue/A0912_2_2.dae
[2.105s] -- Up-to-date: /home/yuritvr/PFC/pfc_ws/install/arm_pkg/share/arm_pkg//meshes/a0912_blue/A0912_3_1.dae
[2.105s] -- Up-to-date: /home/yuritvr/PFC/pfc_ws/install/arm_pkg/share/arm_pkg//meshes/a0912_blue/A0912_3_0.dae
[2.105s] -- Up-to-date: /home/yuritvr/PFC/pfc_ws/install/arm_pkg/share/arm_pkg//meshes/m1013_white
[2.105s] -- Up-to-date: /home/yuritvr/PFC/pfc_ws/install/arm_pkg/share/arm_pkg//meshes/m1013_white/MF1013_2_1.dae
[2.105s] -- Up-to-date: /home/yuritvr/PFC/pfc_ws/install/arm_pkg/share/arm_pkg//meshes/m1013_white/MF1013_2_2.dae
[2.105s] -- Up-to-date: /home/yuritvr/PFC/pfc_ws/install/arm_pkg/share/arm_pkg//meshes/m1013_white/MF1013_3_0.dae
[2.105s] -- Up-to-date: /home/yuritvr/PFC/pfc_ws/install/arm_pkg/share/arm_pkg//meshes/m1013_white/MF1013_2_0.dae
[2.105s] -- Up-to-date: /home/yuritvr/PFC/pfc_ws/install/arm_pkg/share/arm_pkg//meshes/m1013_white/MF1013_5_0.dae
[2.105s] -- Up-to-date: /home/yuritvr/PFC/pfc_ws/install/arm_pkg/share/arm_pkg//meshes/m1013_white/MF1013_4_1.dae
[2.105s] -- Up-to-date: /home/yuritvr/PFC/pfc_ws/install/arm_pkg/share/arm_pkg//meshes/m1013_white/MF1013_4_0.dae
[2.105s] -- Up-to-date: /home/yuritvr/PFC/pfc_ws/install/arm_pkg/share/arm_pkg//meshes/m1013_white/MF1013_1_0.dae
[2.105s] -- Up-to-date: /home/yuritvr/PFC/pfc_ws/install/arm_pkg/share/arm_pkg//meshes/m1013_white/MF1013_0_0.dae
[2.105s] -- Up-to-date: /home/yuritvr/PFC/pfc_ws/install/arm_pkg/share/arm_pkg//meshes/m1013_white/MF1013_6_0.dae
[2.105s] -- Up-to-date: /home/yuritvr/PFC/pfc_ws/install/arm_pkg/share/arm_pkg//config
[2.105s] -- Up-to-date: /home/yuritvr/PFC/pfc_ws/install/arm_pkg/share/arm_pkg//config/simple_controller.yaml
[2.105s] -- Up-to-date: /home/yuritvr/PFC/pfc_ws/install/arm_pkg/share/ament_index/resource_index/package_run_dependencies/arm_pkg
[2.106s] -- Up-to-date: /home/yuritvr/PFC/pfc_ws/install/arm_pkg/share/ament_index/resource_index/parent_prefix_path/arm_pkg
[2.106s] -- Up-to-date: /home/yuritvr/PFC/pfc_ws/install/arm_pkg/share/arm_pkg/environment/ament_prefix_path.sh
[2.106s] -- Installing: /home/yuritvr/PFC/pfc_ws/install/arm_pkg/share/arm_pkg/environment/ament_prefix_path.dsv
[2.106s] -- Up-to-date: /home/yuritvr/PFC/pfc_ws/install/arm_pkg/share/arm_pkg/environment/path.sh
[2.106s] -- Installing: /home/yuritvr/PFC/pfc_ws/install/arm_pkg/share/arm_pkg/environment/path.dsv
[2.106s] -- Up-to-date: /home/yuritvr/PFC/pfc_ws/install/arm_pkg/share/arm_pkg/local_setup.bash
[2.106s] -- Up-to-date: /home/yuritvr/PFC/pfc_ws/install/arm_pkg/share/arm_pkg/local_setup.sh
[2.106s] -- Up-to-date: /home/yuritvr/PFC/pfc_ws/install/arm_pkg/share/arm_pkg/local_setup.zsh
[2.106s] -- Installing: /home/yuritvr/PFC/pfc_ws/install/arm_pkg/share/arm_pkg/local_setup.dsv
[2.106s] -- Installing: /home/yuritvr/PFC/pfc_ws/install/arm_pkg/share/arm_pkg/package.dsv
[2.106s] -- Up-to-date: /home/yuritvr/PFC/pfc_ws/install/arm_pkg/share/ament_index/resource_index/packages/arm_pkg
[2.106s] -- Up-to-date: /home/yuritvr/PFC/pfc_ws/install/arm_pkg/share/arm_pkg/cmake/arm_pkgConfig.cmake
[2.106s] -- Up-to-date: /home/yuritvr/PFC/pfc_ws/install/arm_pkg/share/arm_pkg/cmake/arm_pkgConfig-version.cmake
[2.106s] -- Up-to-date: /home/yuritvr/PFC/pfc_ws/install/arm_pkg/share/arm_pkg/package.xml
[2.110s] Invoked command in '/home/yuritvr/PFC/pfc_ws/build/arm_pkg' returned '0': CMAKE_PREFIX_PATH=/opt/ros/humble /usr/bin/cmake --install /home/yuritvr/PFC/pfc_ws/build/arm_pkg
