[0.053s] Invoking command in '/home/yuritvr/PFC/wenis_ws/build/simple_grasping': CMAKE_PREFIX_PATH=${CMAKE_PREFIX_PATH}:/opt/ros/humble /usr/bin/cmake --build /home/yuritvr/PFC/wenis_ws/build/simple_grasping -- -j8 -l8
[0.188s] [35m[1mConsolidate compiler generated dependencies of target basic_grasping_perception_node[0m
[0.227s] [35m[1mConsolidate compiler generated dependencies of target simple_grasping[0m
[0.231s] [35m[1mConsolidate compiler generated dependencies of target grasp_planner_node[0m
[0.253s] [ 10%] Built target basic_grasping_perception_node
[0.276s] [ 21%] Built target gtest
[0.283s] [ 31%] Built target gtest_main
[0.285s] [ 42%] Built target grasp_planner_node
[0.396s] [ 68%] Built target simple_grasping
[0.397s] [35m[1mConsolidate compiler generated dependencies of target grasp_planner[0m
[0.397s] [35m[1mConsolidate compiler generated dependencies of target simple_grasping_test_shape_extraction[0m
[0.398s] [35m[1mConsolidate compiler generated dependencies of target basic_grasping_perception[0m
[0.413s] [ 78%] Built target grasp_planner
[0.413s] [ 89%] Built target simple_grasping_test_shape_extraction
[0.449s] [100%] Built target basic_grasping_perception
[0.520s] Invoked command in '/home/yuritvr/PFC/wenis_ws/build/simple_grasping' returned '0': CMAKE_PREFIX_PATH=${CMAKE_PREFIX_PATH}:/opt/ros/humble /usr/bin/cmake --build /home/yuritvr/PFC/wenis_ws/build/simple_grasping -- -j8 -l8
[0.608s] Invoking command in '/home/yuritvr/PFC/wenis_ws/build/simple_grasping': CMAKE_PREFIX_PATH=${CMAKE_PREFIX_PATH}:/opt/ros/humble /usr/bin/cmake --install /home/yuritvr/PFC/wenis_ws/build/simple_grasping
[0.620s] -- Install configuration: ""
[0.620s] -- Up-to-date: /home/yuritvr/PFC/wenis_ws/install/simple_grasping/lib/simple_grasping/basic_grasping_perception_node
[0.621s] -- Up-to-date: /home/yuritvr/PFC/wenis_ws/install/simple_grasping/lib/simple_grasping/grasp_planner_node
[0.621s] -- Up-to-date: /home/yuritvr/PFC/wenis_ws/install/simple_grasping/include
[0.621s] -- Up-to-date: /home/yuritvr/PFC/wenis_ws/install/simple_grasping/include/simple_grasping
[0.621s] -- Up-to-date: /home/yuritvr/PFC/wenis_ws/install/simple_grasping/include/simple_grasping/shape_grasp_planner.h
[0.622s] -- Up-to-date: /home/yuritvr/PFC/wenis_ws/install/simple_grasping/include/simple_grasping/cloud_tools.h
[0.622s] -- Up-to-date: /home/yuritvr/PFC/wenis_ws/install/simple_grasping/include/simple_grasping/object_support_segmentation.h
[0.622s] -- Up-to-date: /home/yuritvr/PFC/wenis_ws/install/simple_grasping/include/simple_grasping/shape_extraction.h
[0.622s] -- Up-to-date: /home/yuritvr/PFC/wenis_ws/install/simple_grasping/lib/simple_grasping/do_perception.py
[0.622s] -- Up-to-date: /home/yuritvr/PFC/wenis_ws/install/simple_grasping/lib/libsimple_grasping.so
[0.622s] -- Up-to-date: /home/yuritvr/PFC/wenis_ws/install/simple_grasping/lib/libbasic_grasping_perception.so
[0.623s] -- Up-to-date: /home/yuritvr/PFC/wenis_ws/install/simple_grasping/lib/libgrasp_planner.so
[0.623s] -- Up-to-date: /home/yuritvr/PFC/wenis_ws/install/simple_grasping/share/simple_grasping/environment/library_path.sh
[0.624s] -- Up-to-date: /home/yuritvr/PFC/wenis_ws/install/simple_grasping/share/simple_grasping/environment/library_path.dsv
[0.624s] -- Up-to-date: /home/yuritvr/PFC/wenis_ws/install/simple_grasping/share/ament_index/resource_index/package_run_dependencies/simple_grasping
[0.624s] -- Up-to-date: /home/yuritvr/PFC/wenis_ws/install/simple_grasping/share/ament_index/resource_index/parent_prefix_path/simple_grasping
[0.624s] -- Up-to-date: /home/yuritvr/PFC/wenis_ws/install/simple_grasping/share/simple_grasping/environment/ament_prefix_path.sh
[0.625s] -- Up-to-date: /home/yuritvr/PFC/wenis_ws/install/simple_grasping/share/simple_grasping/environment/ament_prefix_path.dsv
[0.625s] -- Up-to-date: /home/yuritvr/PFC/wenis_ws/install/simple_grasping/share/simple_grasping/environment/path.sh
[0.625s] -- Up-to-date: /home/yuritvr/PFC/wenis_ws/install/simple_grasping/share/simple_grasping/environment/path.dsv
[0.625s] -- Up-to-date: /home/yuritvr/PFC/wenis_ws/install/simple_grasping/share/simple_grasping/local_setup.bash
[0.625s] -- Up-to-date: /home/yuritvr/PFC/wenis_ws/install/simple_grasping/share/simple_grasping/local_setup.sh
[0.625s] -- Up-to-date: /home/yuritvr/PFC/wenis_ws/install/simple_grasping/share/simple_grasping/local_setup.zsh
[0.626s] -- Up-to-date: /home/yuritvr/PFC/wenis_ws/install/simple_grasping/share/simple_grasping/local_setup.dsv
[0.626s] -- Installing: /home/yuritvr/PFC/wenis_ws/install/simple_grasping/share/simple_grasping/package.dsv
[0.626s] -- Up-to-date: /home/yuritvr/PFC/wenis_ws/install/simple_grasping/share/ament_index/resource_index/packages/simple_grasping
[0.626s] -- Up-to-date: /home/yuritvr/PFC/wenis_ws/install/simple_grasping/share/ament_index/resource_index/rclcpp_components/simple_grasping
[0.626s] -- Up-to-date: /home/yuritvr/PFC/wenis_ws/install/simple_grasping/share/simple_grasping/cmake/ament_cmake_export_include_directories-extras.cmake
[0.626s] -- Up-to-date: /home/yuritvr/PFC/wenis_ws/install/simple_grasping/share/simple_grasping/cmake/ament_cmake_export_libraries-extras.cmake
[0.626s] -- Up-to-date: /home/yuritvr/PFC/wenis_ws/install/simple_grasping/share/simple_grasping/cmake/ament_cmake_export_dependencies-extras.cmake
[0.627s] -- Up-to-date: /home/yuritvr/PFC/wenis_ws/install/simple_grasping/share/simple_grasping/cmake/simple_graspingConfig.cmake
[0.627s] -- Up-to-date: /home/yuritvr/PFC/wenis_ws/install/simple_grasping/share/simple_grasping/cmake/simple_graspingConfig-version.cmake
[0.627s] -- Up-to-date: /home/yuritvr/PFC/wenis_ws/install/simple_grasping/share/simple_grasping/package.xml
[0.629s] Invoked command in '/home/yuritvr/PFC/wenis_ws/build/simple_grasping' returned '0': CMAKE_PREFIX_PATH=${CMAKE_PREFIX_PATH}:/opt/ros/humble /usr/bin/cmake --install /home/yuritvr/PFC/wenis_ws/build/simple_grasping
