[1.365s] Invoking command in '/home/yuritvr/PFC/wenis_ws/src/ros2_manipulator/robotic_arm_environment/moving_platform': PYTHONPATH=/home/yuritvr/PFC/wenis_ws/build/moving_platform/prefix_override:/home/yuritvr/PFC/wenis_ws/install/moving_platform/lib/python3.10/site-packages:${PYTHONPATH} /usr/bin/python3 -W ignore:setup.py install is deprecated setup.py egg_info --egg-base ../../../../build/moving_platform build --build-base /home/yuritvr/PFC/wenis_ws/build/moving_platform/build install --record /home/yuritvr/PFC/wenis_ws/build/moving_platform/install.log --single-version-externally-managed install_data
[1.741s] running egg_info
[1.742s] writing ../../../../build/moving_platform/moving_platform.egg-info/PKG-INFO
[1.743s] writing dependency_links to ../../../../build/moving_platform/moving_platform.egg-info/dependency_links.txt
[1.743s] writing entry points to ../../../../build/moving_platform/moving_platform.egg-info/entry_points.txt
[1.744s] writing requirements to ../../../../build/moving_platform/moving_platform.egg-info/requires.txt
[1.744s] writing top-level names to ../../../../build/moving_platform/moving_platform.egg-info/top_level.txt
[1.746s] reading manifest file '../../../../build/moving_platform/moving_platform.egg-info/SOURCES.txt'
[1.748s] writing manifest file '../../../../build/moving_platform/moving_platform.egg-info/SOURCES.txt'
[1.748s] running build
[1.748s] running build_py
[1.749s] running install
[1.749s] running install_lib
[1.751s] running install_data
[1.751s] running install_egg_info
[1.754s] removing '/home/yuritvr/PFC/wenis_ws/install/moving_platform/lib/python3.10/site-packages/moving_platform-0.0.0-py3.10.egg-info' (and everything under it)
[1.755s] Copying ../../../../build/moving_platform/moving_platform.egg-info to /home/yuritvr/PFC/wenis_ws/install/moving_platform/lib/python3.10/site-packages/moving_platform-0.0.0-py3.10.egg-info
[1.756s] running install_scripts
[1.786s] writing list of installed files to '/home/yuritvr/PFC/wenis_ws/build/moving_platform/install.log'
[1.824s] Invoked command in '/home/yuritvr/PFC/wenis_ws/src/ros2_manipulator/robotic_arm_environment/moving_platform' returned '0': PYTHONPATH=/home/yuritvr/PFC/wenis_ws/build/moving_platform/prefix_override:/home/yuritvr/PFC/wenis_ws/install/moving_platform/lib/python3.10/site-packages:${PYTHONPATH} /usr/bin/python3 -W ignore:setup.py install is deprecated setup.py egg_info --egg-base ../../../../build/moving_platform build --build-base /home/yuritvr/PFC/wenis_ws/build/moving_platform/build install --record /home/yuritvr/PFC/wenis_ws/build/moving_platform/install.log --single-version-externally-managed install_data
