[0.025s] Invoking command in '/home/yuritvr/PFC/wenis_ws/build/ros2_execution': CMAKE_PREFIX_PATH=/opt/ros/humble /usr/bin/cmake /home/yuritvr/PFC/wenis_ws/src/ros2_execution -DCMAKE_INSTALL_PREFIX=/home/yuritvr/PFC/wenis_ws/install/ros2_execution
[0.181s] -- The C compiler identification is GNU 11.4.0
[0.332s] -- The CXX compiler identification is GNU 11.4.0
[0.352s] -- Detecting C compiler ABI info
[0.502s] -- Detecting C compiler ABI info - done
[0.517s] -- Check for working C compiler: /usr/bin/cc - skipped
[0.519s] -- Detecting C compile features
[0.520s] -- Detecting C compile features - done
[0.537s] -- Detecting CXX compiler ABI info
[0.833s] -- Detecting CXX compiler ABI info - done
[0.873s] -- Check for working CXX compiler: /usr/bin/c++ - skipped
[0.876s] -- Detecting CXX compile features
[0.880s] -- Detecting CXX compile features - done
[0.892s] -- Found ament_cmake: 1.3.9 (/opt/ros/humble/share/ament_cmake/cmake)
[1.281s] -- Found Python3: /usr/bin/python3 (found version "3.10.12") found components: Interpreter 
[1.467s] -- Found ament_lint_auto: 0.12.11 (/opt/ros/humble/share/ament_lint_auto/cmake)
[1.667s] -- Added test 'copyright' to check source files copyright and LICENSE
[1.672s] -- Added test 'flake8' to check Python code syntax and style conventions
[1.672s] -- Added test 'lint_cmake' to check CMake code style
[1.674s] -- Added test 'pep257' to check Python code against some of the docstring style conventions in PEP 257
[1.675s] -- Added test 'xmllint' to check XML markup files
[1.677s] -- Configuring done
[1.682s] -- Generating done
[1.686s] -- Build files have been written to: /home/yuritvr/PFC/wenis_ws/build/ros2_execution
[1.702s] Invoked command in '/home/yuritvr/PFC/wenis_ws/build/ros2_execution' returned '0': CMAKE_PREFIX_PATH=/opt/ros/humble /usr/bin/cmake /home/yuritvr/PFC/wenis_ws/src/ros2_execution -DCMAKE_INSTALL_PREFIX=/home/yuritvr/PFC/wenis_ws/install/ros2_execution
[1.703s] Invoking command in '/home/yuritvr/PFC/wenis_ws/build/ros2_execution': CMAKE_PREFIX_PATH=/opt/ros/humble /usr/bin/cmake --build /home/yuritvr/PFC/wenis_ws/build/ros2_execution -- -j8 -l8
[1.820s] Invoked command in '/home/yuritvr/PFC/wenis_ws/build/ros2_execution' returned '0': CMAKE_PREFIX_PATH=/opt/ros/humble /usr/bin/cmake --build /home/yuritvr/PFC/wenis_ws/build/ros2_execution -- -j8 -l8
[1.921s] Invoking command in '/home/yuritvr/PFC/wenis_ws/build/ros2_execution': CMAKE_PREFIX_PATH=/opt/ros/humble /usr/bin/cmake --install /home/yuritvr/PFC/wenis_ws/build/ros2_execution
[1.935s] -- Install configuration: ""
[1.936s] -- Installing: /home/yuritvr/PFC/wenis_ws/install/ros2_execution/share/ros2_execution/scripts
[1.936s] -- Installing: /home/yuritvr/PFC/wenis_ws/install/ros2_execution/share/ros2_execution/scripts/ros2_execution.py
[1.936s] -- Installing: /home/yuritvr/PFC/wenis_ws/install/ros2_execution/lib/ros2_execution/ros2_execution.py
[1.937s] -- Installing: /home/yuritvr/PFC/wenis_ws/install/ros2_execution/share/ament_index/resource_index/package_run_dependencies/ros2_execution
[1.937s] -- Installing: /home/yuritvr/PFC/wenis_ws/install/ros2_execution/share/ament_index/resource_index/parent_prefix_path/ros2_execution
[1.937s] -- Installing: /home/yuritvr/PFC/wenis_ws/install/ros2_execution/share/ros2_execution/environment/ament_prefix_path.sh
[1.937s] -- Installing: /home/yuritvr/PFC/wenis_ws/install/ros2_execution/share/ros2_execution/environment/ament_prefix_path.dsv
[1.937s] -- Installing: /home/yuritvr/PFC/wenis_ws/install/ros2_execution/share/ros2_execution/environment/path.sh
[1.938s] -- Installing: /home/yuritvr/PFC/wenis_ws/install/ros2_execution/share/ros2_execution/environment/path.dsv
[1.938s] -- Installing: /home/yuritvr/PFC/wenis_ws/install/ros2_execution/share/ros2_execution/local_setup.bash
[1.938s] -- Installing: /home/yuritvr/PFC/wenis_ws/install/ros2_execution/share/ros2_execution/local_setup.sh
[1.940s] -- Installing: /home/yuritvr/PFC/wenis_ws/install/ros2_execution/share/ros2_execution/local_setup.zsh
[1.941s] -- Installing: /home/yuritvr/PFC/wenis_ws/install/ros2_execution/share/ros2_execution/local_setup.dsv
[1.941s] -- Installing: /home/yuritvr/PFC/wenis_ws/install/ros2_execution/share/ros2_execution/package.dsv
[1.941s] -- Installing: /home/yuritvr/PFC/wenis_ws/install/ros2_execution/share/ament_index/resource_index/packages/ros2_execution
[1.941s] -- Installing: /home/yuritvr/PFC/wenis_ws/install/ros2_execution/share/ros2_execution/cmake/ros2_executionConfig.cmake
[1.942s] -- Installing: /home/yuritvr/PFC/wenis_ws/install/ros2_execution/share/ros2_execution/cmake/ros2_executionConfig-version.cmake
[1.942s] -- Installing: /home/yuritvr/PFC/wenis_ws/install/ros2_execution/share/ros2_execution/package.xml
[1.947s] Invoked command in '/home/yuritvr/PFC/wenis_ws/build/ros2_execution' returned '0': CMAKE_PREFIX_PATH=/opt/ros/humble /usr/bin/cmake --install /home/yuritvr/PFC/wenis_ws/build/ros2_execution
