[0.028s] Invoking command in '/home/yuritvr/PFC/pfc_ws/build/pfcbot_moveit_config': CMAKE_PREFIX_PATH=/home/yuritvr/PFC/pfc_ws/install/pfcbot:/home/yuritvr/PFC/pfc_ws/install/xarm_description:/home/yuritvr/PFC/pfc_ws/install/pfcbot_moveit_config:/home/yuritvr/PFC/pfc_ws/install/moveit_config:/home/yuritvr/PFC/pfc_ws/install/manipulator_ros1_to_ros2:/home/yuritvr/PFC/pfc_ws/install/arm_pkg_moveit_config:/home/yuritvr/PFC/pfc_ws/install/arm_pkg:/opt/ros/humble /usr/bin/cmake --build /home/yuritvr/PFC/pfc_ws/build/pfcbot_moveit_config -- -j8 -l8
[0.162s] Invoked command in '/home/yuritvr/PFC/pfc_ws/build/pfcbot_moveit_config' returned '0': CMAKE_PREFIX_PATH=/home/yuritvr/PFC/pfc_ws/install/pfcbot:/home/yuritvr/PFC/pfc_ws/install/xarm_description:/home/yuritvr/PFC/pfc_ws/install/pfcbot_moveit_config:/home/yuritvr/PFC/pfc_ws/install/moveit_config:/home/yuritvr/PFC/pfc_ws/install/manipulator_ros1_to_ros2:/home/yuritvr/PFC/pfc_ws/install/arm_pkg_moveit_config:/home/yuritvr/PFC/pfc_ws/install/arm_pkg:/opt/ros/humble /usr/bin/cmake --build /home/yuritvr/PFC/pfc_ws/build/pfcbot_moveit_config -- -j8 -l8
[0.251s] Invoking command in '/home/yuritvr/PFC/pfc_ws/build/pfcbot_moveit_config': CMAKE_PREFIX_PATH=/home/yuritvr/PFC/pfc_ws/install/pfcbot:/home/yuritvr/PFC/pfc_ws/install/xarm_description:/home/yuritvr/PFC/pfc_ws/install/pfcbot_moveit_config:/home/yuritvr/PFC/pfc_ws/install/moveit_config:/home/yuritvr/PFC/pfc_ws/install/manipulator_ros1_to_ros2:/home/yuritvr/PFC/pfc_ws/install/arm_pkg_moveit_config:/home/yuritvr/PFC/pfc_ws/install/arm_pkg:/opt/ros/humble /usr/bin/cmake --install /home/yuritvr/PFC/pfc_ws/build/pfcbot_moveit_config
[0.284s] -- Install configuration: ""
[0.284s] -- Up-to-date: /home/yuritvr/PFC/pfc_ws/install/pfcbot_moveit_config/share/ament_index/resource_index/package_run_dependencies/pfcbot_moveit_config
[0.285s] -- Up-to-date: /home/yuritvr/PFC/pfc_ws/install/pfcbot_moveit_config/share/ament_index/resource_index/parent_prefix_path/pfcbot_moveit_config
[0.286s] -- Up-to-date: /home/yuritvr/PFC/pfc_ws/install/pfcbot_moveit_config/share/pfcbot_moveit_config/environment/ament_prefix_path.sh
[0.287s] -- Up-to-date: /home/yuritvr/PFC/pfc_ws/install/pfcbot_moveit_config/share/pfcbot_moveit_config/environment/ament_prefix_path.dsv
[0.287s] -- Up-to-date: /home/yuritvr/PFC/pfc_ws/install/pfcbot_moveit_config/share/pfcbot_moveit_config/environment/path.sh
[0.287s] -- Up-to-date: /home/yuritvr/PFC/pfc_ws/install/pfcbot_moveit_config/share/pfcbot_moveit_config/environment/path.dsv
[0.288s] -- Up-to-date: /home/yuritvr/PFC/pfc_ws/install/pfcbot_moveit_config/share/pfcbot_moveit_config/local_setup.bash
[0.288s] -- Up-to-date: /home/yuritvr/PFC/pfc_ws/install/pfcbot_moveit_config/share/pfcbot_moveit_config/local_setup.sh
[0.289s] -- Up-to-date: /home/yuritvr/PFC/pfc_ws/install/pfcbot_moveit_config/share/pfcbot_moveit_config/local_setup.zsh
[0.289s] -- Up-to-date: /home/yuritvr/PFC/pfc_ws/install/pfcbot_moveit_config/share/pfcbot_moveit_config/local_setup.dsv
[0.290s] -- Installing: /home/yuritvr/PFC/pfc_ws/install/pfcbot_moveit_config/share/pfcbot_moveit_config/package.dsv
[0.291s] -- Up-to-date: /home/yuritvr/PFC/pfc_ws/install/pfcbot_moveit_config/share/ament_index/resource_index/packages/pfcbot_moveit_config
[0.292s] -- Up-to-date: /home/yuritvr/PFC/pfc_ws/install/pfcbot_moveit_config/share/pfcbot_moveit_config/cmake/pfcbot_moveit_configConfig.cmake
[0.292s] -- Up-to-date: /home/yuritvr/PFC/pfc_ws/install/pfcbot_moveit_config/share/pfcbot_moveit_config/cmake/pfcbot_moveit_configConfig-version.cmake
[0.292s] -- Up-to-date: /home/yuritvr/PFC/pfc_ws/install/pfcbot_moveit_config/share/pfcbot_moveit_config/package.xml
[0.293s] -- Up-to-date: /home/yuritvr/PFC/pfc_ws/install/pfcbot_moveit_config/share/pfcbot_moveit_config//launch
[0.293s] -- Up-to-date: /home/yuritvr/PFC/pfc_ws/install/pfcbot_moveit_config/share/pfcbot_moveit_config//launch/static_virtual_joint_tfs.launch.py
[0.294s] -- Up-to-date: /home/yuritvr/PFC/pfc_ws/install/pfcbot_moveit_config/share/pfcbot_moveit_config//launch/moveit_rviz.launch.py
[0.294s] -- Up-to-date: /home/yuritvr/PFC/pfc_ws/install/pfcbot_moveit_config/share/pfcbot_moveit_config//launch/spawn_controllers.launch.py
[0.295s] -- Up-to-date: /home/yuritvr/PFC/pfc_ws/install/pfcbot_moveit_config/share/pfcbot_moveit_config//launch/rsp.launch.py
[0.295s] -- Up-to-date: /home/yuritvr/PFC/pfc_ws/install/pfcbot_moveit_config/share/pfcbot_moveit_config//launch/move_group.launch.py
[0.295s] -- Up-to-date: /home/yuritvr/PFC/pfc_ws/install/pfcbot_moveit_config/share/pfcbot_moveit_config//launch/warehouse_db.launch.py
[0.296s] -- Up-to-date: /home/yuritvr/PFC/pfc_ws/install/pfcbot_moveit_config/share/pfcbot_moveit_config//launch/demo.launch.py
[0.296s] -- Up-to-date: /home/yuritvr/PFC/pfc_ws/install/pfcbot_moveit_config/share/pfcbot_moveit_config//launch/setup_assistant.launch.py
[0.297s] -- Up-to-date: /home/yuritvr/PFC/pfc_ws/install/pfcbot_moveit_config/share/pfcbot_moveit_config//config
[0.298s] -- Up-to-date: /home/yuritvr/PFC/pfc_ws/install/pfcbot_moveit_config/share/pfcbot_moveit_config//config/joint_limits.yaml
[0.298s] -- Up-to-date: /home/yuritvr/PFC/pfc_ws/install/pfcbot_moveit_config/share/pfcbot_moveit_config//config/moveit.rviz
[0.299s] -- Up-to-date: /home/yuritvr/PFC/pfc_ws/install/pfcbot_moveit_config/share/pfcbot_moveit_config//config/robot_description.urdf.xacro
[0.299s] -- Up-to-date: /home/yuritvr/PFC/pfc_ws/install/pfcbot_moveit_config/share/pfcbot_moveit_config//config/robot_description.srdf
[0.302s] -- Up-to-date: /home/yuritvr/PFC/pfc_ws/install/pfcbot_moveit_config/share/pfcbot_moveit_config//config/robot_description.ros2_control.xacro
[0.303s] -- Up-to-date: /home/yuritvr/PFC/pfc_ws/install/pfcbot_moveit_config/share/pfcbot_moveit_config//config/sensors_3d.yaml
[0.303s] -- Up-to-date: /home/yuritvr/PFC/pfc_ws/install/pfcbot_moveit_config/share/pfcbot_moveit_config//config/kinematics.yaml
[0.304s] -- Up-to-date: /home/yuritvr/PFC/pfc_ws/install/pfcbot_moveit_config/share/pfcbot_moveit_config//config/moveit_controllers.yaml
[0.304s] -- Up-to-date: /home/yuritvr/PFC/pfc_ws/install/pfcbot_moveit_config/share/pfcbot_moveit_config//config/ros2_controllers.yaml
[0.304s] -- Up-to-date: /home/yuritvr/PFC/pfc_ws/install/pfcbot_moveit_config/share/pfcbot_moveit_config//config/pilz_cartesian_limits.yaml
[0.305s] -- Up-to-date: /home/yuritvr/PFC/pfc_ws/install/pfcbot_moveit_config/share/pfcbot_moveit_config//config/initial_positions.yaml
[0.306s] -- Up-to-date: /home/yuritvr/PFC/pfc_ws/install/pfcbot_moveit_config/share/pfcbot_moveit_config/launch
[0.307s] -- Up-to-date: /home/yuritvr/PFC/pfc_ws/install/pfcbot_moveit_config/share/pfcbot_moveit_config/launch/static_virtual_joint_tfs.launch.py
[0.307s] -- Up-to-date: /home/yuritvr/PFC/pfc_ws/install/pfcbot_moveit_config/share/pfcbot_moveit_config/launch/moveit_rviz.launch.py
[0.308s] -- Up-to-date: /home/yuritvr/PFC/pfc_ws/install/pfcbot_moveit_config/share/pfcbot_moveit_config/launch/spawn_controllers.launch.py
[0.309s] -- Up-to-date: /home/yuritvr/PFC/pfc_ws/install/pfcbot_moveit_config/share/pfcbot_moveit_config/launch/rsp.launch.py
[0.310s] -- Up-to-date: /home/yuritvr/PFC/pfc_ws/install/pfcbot_moveit_config/share/pfcbot_moveit_config/launch/move_group.launch.py
[0.310s] -- Up-to-date: /home/yuritvr/PFC/pfc_ws/install/pfcbot_moveit_config/share/pfcbot_moveit_config/launch/warehouse_db.launch.py
[0.311s] -- Up-to-date: /home/yuritvr/PFC/pfc_ws/install/pfcbot_moveit_config/share/pfcbot_moveit_config/launch/demo.launch.py
[0.312s] -- Up-to-date: /home/yuritvr/PFC/pfc_ws/install/pfcbot_moveit_config/share/pfcbot_moveit_config/launch/setup_assistant.launch.py
[0.312s] -- Up-to-date: /home/yuritvr/PFC/pfc_ws/install/pfcbot_moveit_config/share/pfcbot_moveit_config/config
[0.313s] -- Up-to-date: /home/yuritvr/PFC/pfc_ws/install/pfcbot_moveit_config/share/pfcbot_moveit_config/config/joint_limits.yaml
[0.313s] -- Up-to-date: /home/yuritvr/PFC/pfc_ws/install/pfcbot_moveit_config/share/pfcbot_moveit_config/config/moveit.rviz
[0.314s] -- Up-to-date: /home/yuritvr/PFC/pfc_ws/install/pfcbot_moveit_config/share/pfcbot_moveit_config/config/robot_description.urdf.xacro
[0.315s] -- Up-to-date: /home/yuritvr/PFC/pfc_ws/install/pfcbot_moveit_config/share/pfcbot_moveit_config/config/robot_description.srdf
[0.316s] -- Up-to-date: /home/yuritvr/PFC/pfc_ws/install/pfcbot_moveit_config/share/pfcbot_moveit_config/config/robot_description.ros2_control.xacro
[0.316s] -- Up-to-date: /home/yuritvr/PFC/pfc_ws/install/pfcbot_moveit_config/share/pfcbot_moveit_config/config/sensors_3d.yaml
[0.316s] -- Up-to-date: /home/yuritvr/PFC/pfc_ws/install/pfcbot_moveit_config/share/pfcbot_moveit_config/config/kinematics.yaml
[0.317s] -- Up-to-date: /home/yuritvr/PFC/pfc_ws/install/pfcbot_moveit_config/share/pfcbot_moveit_config/config/moveit_controllers.yaml
[0.317s] -- Up-to-date: /home/yuritvr/PFC/pfc_ws/install/pfcbot_moveit_config/share/pfcbot_moveit_config/config/ros2_controllers.yaml
[0.318s] -- Up-to-date: /home/yuritvr/PFC/pfc_ws/install/pfcbot_moveit_config/share/pfcbot_moveit_config/config/pilz_cartesian_limits.yaml
[0.318s] -- Up-to-date: /home/yuritvr/PFC/pfc_ws/install/pfcbot_moveit_config/share/pfcbot_moveit_config/config/initial_positions.yaml
[0.319s] -- Up-to-date: /home/yuritvr/PFC/pfc_ws/install/pfcbot_moveit_config/share/pfcbot_moveit_config/.setup_assistant
[0.320s] Invoked command in '/home/yuritvr/PFC/pfc_ws/build/pfcbot_moveit_config' returned '0': CMAKE_PREFIX_PATH=/home/yuritvr/PFC/pfc_ws/install/pfcbot:/home/yuritvr/PFC/pfc_ws/install/xarm_description:/home/yuritvr/PFC/pfc_ws/install/pfcbot_moveit_config:/home/yuritvr/PFC/pfc_ws/install/moveit_config:/home/yuritvr/PFC/pfc_ws/install/manipulator_ros1_to_ros2:/home/yuritvr/PFC/pfc_ws/install/arm_pkg_moveit_config:/home/yuritvr/PFC/pfc_ws/install/arm_pkg:/opt/ros/humble /usr/bin/cmake --install /home/yuritvr/PFC/pfc_ws/build/pfcbot_moveit_config
