[0.045s] Invoking command in '/home/yuritvr/PFC/new_arm_ws/build/irb120_ros2_moveit2': CMAKE_PREFIX_PATH=/home/yuritvr/PFC/new_arm_ws/install/ros2_data:/home/yuritvr/PFC/new_arm_ws/install/ur5_ros2_moveit2:/home/yuritvr/PFC/new_arm_ws/install/ur5_ros2_gazebo:/home/yuritvr/PFC/new_arm_ws/install/ur3_ros2_moveit2:/home/yuritvr/PFC/new_arm_ws/install/ur3_ros2_gazebo:/home/yuritvr/PFC/new_arm_ws/install/ur10_ros2_moveit2:/home/yuritvr/PFC/new_arm_ws/install/ur10_ros2_gazebo:/home/yuritvr/PFC/new_arm_ws/install/ros2_grasping:/home/yuritvr/PFC/new_arm_ws/install/ros2_execution:/home/yuritvr/PFC/new_arm_ws/install/panda_ros2_moveit2:/home/yuritvr/PFC/new_arm_ws/install/irb6640_ros2_moveit2:/home/yuritvr/PFC/new_arm_ws/install/irb120_ros2_moveit2:/home/yuritvr/PFC/new_arm_ws/install/irb1200_ros2_moveit2:/home/yuritvr/PFC/new_arm_ws/install/iiwa_ros2_moveit2:/home/yuritvr/PFC/new_arm_ws/install/cr35ia_ros2_moveit2:/home/yuritvr/PFC/new_arm_ws/install/panda_ros2_gazebo:/home/yuritvr/PFC/new_arm_ws/install/irb6640_ros2_gazebo:/home/yuritvr/PFC/new_arm_ws/install/irb120_ros2_gazebo:/home/yuritvr/PFC/new_arm_ws/install/irb1200_ros2_gazebo:/home/yuritvr/PFC/new_arm_ws/install/iiwa_ros2_gazebo:/home/yuritvr/PFC/new_arm_ws/install/cr35ia_ros2_gazebo:/opt/ros/humble LD_LIBRARY_PATH=/home/yuritvr/PFC/new_arm_ws/install/ros2_data/lib:/home/yuritvr/PFC/new_arm_ws/install/ros2_grasping/lib:/usr/lib/x86_64-linux-gnu/gazebo-11/plugins:/opt/ros/humble/opt/rviz_ogre_vendor/lib:/opt/ros/humble/lib/x86_64-linux-gnu:/opt/ros/humble/lib:/usr/lib/x86_64-linux-gnu/gazebo-11/plugins /usr/bin/cmake /home/yuritvr/PFC/new_arm_ws/src/ros2_RobotSimulation/ABBRobots/IRB120/irb120_ros2_moveit2 -DCMAKE_INSTALL_PREFIX=/home/yuritvr/PFC/new_arm_ws/install/irb120_ros2_moveit2
[0.189s] -- The C compiler identification is GNU 11.4.0
[0.318s] -- The CXX compiler identification is GNU 11.4.0
[0.338s] -- Detecting C compiler ABI info
[0.494s] -- Detecting C compiler ABI info - done
[0.512s] -- Check for working C compiler: /usr/bin/cc - skipped
[0.512s] -- Detecting C compile features
[0.513s] -- Detecting C compile features - done
[0.521s] -- Detecting CXX compiler ABI info
[0.724s] -- Detecting CXX compiler ABI info - done
[0.749s] -- Check for working CXX compiler: /usr/bin/c++ - skipped
[0.749s] -- Detecting CXX compile features
[0.750s] -- Detecting CXX compile features - done
[0.758s] -- Found ament_cmake: 1.3.9 (/opt/ros/humble/share/ament_cmake/cmake)
[1.075s] -- Found Python3: /usr/bin/python3 (found version "3.10.12") found components: Interpreter 
[1.328s] -- Found ament_lint_auto: 0.12.11 (/opt/ros/humble/share/ament_lint_auto/cmake)
[1.564s] -- Added test 'copyright' to check source files copyright and LICENSE
[1.571s] -- Added test 'flake8' to check Python code syntax and style conventions
[1.573s] -- Added test 'lint_cmake' to check CMake code style
[1.573s] -- Added test 'pep257' to check Python code against some of the docstring style conventions in PEP 257
[1.576s] -- Added test 'xmllint' to check XML markup files
[1.578s] -- Configuring done
[1.588s] -- Generating done
[1.589s] -- Build files have been written to: /home/yuritvr/PFC/new_arm_ws/build/irb120_ros2_moveit2
[1.635s] Invoked command in '/home/yuritvr/PFC/new_arm_ws/build/irb120_ros2_moveit2' returned '0': CMAKE_PREFIX_PATH=/home/yuritvr/PFC/new_arm_ws/install/ros2_data:/home/yuritvr/PFC/new_arm_ws/install/ur5_ros2_moveit2:/home/yuritvr/PFC/new_arm_ws/install/ur5_ros2_gazebo:/home/yuritvr/PFC/new_arm_ws/install/ur3_ros2_moveit2:/home/yuritvr/PFC/new_arm_ws/install/ur3_ros2_gazebo:/home/yuritvr/PFC/new_arm_ws/install/ur10_ros2_moveit2:/home/yuritvr/PFC/new_arm_ws/install/ur10_ros2_gazebo:/home/yuritvr/PFC/new_arm_ws/install/ros2_grasping:/home/yuritvr/PFC/new_arm_ws/install/ros2_execution:/home/yuritvr/PFC/new_arm_ws/install/panda_ros2_moveit2:/home/yuritvr/PFC/new_arm_ws/install/irb6640_ros2_moveit2:/home/yuritvr/PFC/new_arm_ws/install/irb120_ros2_moveit2:/home/yuritvr/PFC/new_arm_ws/install/irb1200_ros2_moveit2:/home/yuritvr/PFC/new_arm_ws/install/iiwa_ros2_moveit2:/home/yuritvr/PFC/new_arm_ws/install/cr35ia_ros2_moveit2:/home/yuritvr/PFC/new_arm_ws/install/panda_ros2_gazebo:/home/yuritvr/PFC/new_arm_ws/install/irb6640_ros2_gazebo:/home/yuritvr/PFC/new_arm_ws/install/irb120_ros2_gazebo:/home/yuritvr/PFC/new_arm_ws/install/irb1200_ros2_gazebo:/home/yuritvr/PFC/new_arm_ws/install/iiwa_ros2_gazebo:/home/yuritvr/PFC/new_arm_ws/install/cr35ia_ros2_gazebo:/opt/ros/humble LD_LIBRARY_PATH=/home/yuritvr/PFC/new_arm_ws/install/ros2_data/lib:/home/yuritvr/PFC/new_arm_ws/install/ros2_grasping/lib:/usr/lib/x86_64-linux-gnu/gazebo-11/plugins:/opt/ros/humble/opt/rviz_ogre_vendor/lib:/opt/ros/humble/lib/x86_64-linux-gnu:/opt/ros/humble/lib:/usr/lib/x86_64-linux-gnu/gazebo-11/plugins /usr/bin/cmake /home/yuritvr/PFC/new_arm_ws/src/ros2_RobotSimulation/ABBRobots/IRB120/irb120_ros2_moveit2 -DCMAKE_INSTALL_PREFIX=/home/yuritvr/PFC/new_arm_ws/install/irb120_ros2_moveit2
[1.638s] Invoking command in '/home/yuritvr/PFC/new_arm_ws/build/irb120_ros2_moveit2': CMAKE_PREFIX_PATH=/home/yuritvr/PFC/new_arm_ws/install/ros2_data:/home/yuritvr/PFC/new_arm_ws/install/ur5_ros2_moveit2:/home/yuritvr/PFC/new_arm_ws/install/ur5_ros2_gazebo:/home/yuritvr/PFC/new_arm_ws/install/ur3_ros2_moveit2:/home/yuritvr/PFC/new_arm_ws/install/ur3_ros2_gazebo:/home/yuritvr/PFC/new_arm_ws/install/ur10_ros2_moveit2:/home/yuritvr/PFC/new_arm_ws/install/ur10_ros2_gazebo:/home/yuritvr/PFC/new_arm_ws/install/ros2_grasping:/home/yuritvr/PFC/new_arm_ws/install/ros2_execution:/home/yuritvr/PFC/new_arm_ws/install/panda_ros2_moveit2:/home/yuritvr/PFC/new_arm_ws/install/irb6640_ros2_moveit2:/home/yuritvr/PFC/new_arm_ws/install/irb120_ros2_moveit2:/home/yuritvr/PFC/new_arm_ws/install/irb1200_ros2_moveit2:/home/yuritvr/PFC/new_arm_ws/install/iiwa_ros2_moveit2:/home/yuritvr/PFC/new_arm_ws/install/cr35ia_ros2_moveit2:/home/yuritvr/PFC/new_arm_ws/install/panda_ros2_gazebo:/home/yuritvr/PFC/new_arm_ws/install/irb6640_ros2_gazebo:/home/yuritvr/PFC/new_arm_ws/install/irb120_ros2_gazebo:/home/yuritvr/PFC/new_arm_ws/install/irb1200_ros2_gazebo:/home/yuritvr/PFC/new_arm_ws/install/iiwa_ros2_gazebo:/home/yuritvr/PFC/new_arm_ws/install/cr35ia_ros2_gazebo:/opt/ros/humble LD_LIBRARY_PATH=/home/yuritvr/PFC/new_arm_ws/install/ros2_data/lib:/home/yuritvr/PFC/new_arm_ws/install/ros2_grasping/lib:/usr/lib/x86_64-linux-gnu/gazebo-11/plugins:/opt/ros/humble/opt/rviz_ogre_vendor/lib:/opt/ros/humble/lib/x86_64-linux-gnu:/opt/ros/humble/lib:/usr/lib/x86_64-linux-gnu/gazebo-11/plugins /usr/bin/cmake --build /home/yuritvr/PFC/new_arm_ws/build/irb120_ros2_moveit2 -- -j8 -l8
[1.718s] Invoked command in '/home/yuritvr/PFC/new_arm_ws/build/irb120_ros2_moveit2' returned '0': CMAKE_PREFIX_PATH=/home/yuritvr/PFC/new_arm_ws/install/ros2_data:/home/yuritvr/PFC/new_arm_ws/install/ur5_ros2_moveit2:/home/yuritvr/PFC/new_arm_ws/install/ur5_ros2_gazebo:/home/yuritvr/PFC/new_arm_ws/install/ur3_ros2_moveit2:/home/yuritvr/PFC/new_arm_ws/install/ur3_ros2_gazebo:/home/yuritvr/PFC/new_arm_ws/install/ur10_ros2_moveit2:/home/yuritvr/PFC/new_arm_ws/install/ur10_ros2_gazebo:/home/yuritvr/PFC/new_arm_ws/install/ros2_grasping:/home/yuritvr/PFC/new_arm_ws/install/ros2_execution:/home/yuritvr/PFC/new_arm_ws/install/panda_ros2_moveit2:/home/yuritvr/PFC/new_arm_ws/install/irb6640_ros2_moveit2:/home/yuritvr/PFC/new_arm_ws/install/irb120_ros2_moveit2:/home/yuritvr/PFC/new_arm_ws/install/irb1200_ros2_moveit2:/home/yuritvr/PFC/new_arm_ws/install/iiwa_ros2_moveit2:/home/yuritvr/PFC/new_arm_ws/install/cr35ia_ros2_moveit2:/home/yuritvr/PFC/new_arm_ws/install/panda_ros2_gazebo:/home/yuritvr/PFC/new_arm_ws/install/irb6640_ros2_gazebo:/home/yuritvr/PFC/new_arm_ws/install/irb120_ros2_gazebo:/home/yuritvr/PFC/new_arm_ws/install/irb1200_ros2_gazebo:/home/yuritvr/PFC/new_arm_ws/install/iiwa_ros2_gazebo:/home/yuritvr/PFC/new_arm_ws/install/cr35ia_ros2_gazebo:/opt/ros/humble LD_LIBRARY_PATH=/home/yuritvr/PFC/new_arm_ws/install/ros2_data/lib:/home/yuritvr/PFC/new_arm_ws/install/ros2_grasping/lib:/usr/lib/x86_64-linux-gnu/gazebo-11/plugins:/opt/ros/humble/opt/rviz_ogre_vendor/lib:/opt/ros/humble/lib/x86_64-linux-gnu:/opt/ros/humble/lib:/usr/lib/x86_64-linux-gnu/gazebo-11/plugins /usr/bin/cmake --build /home/yuritvr/PFC/new_arm_ws/build/irb120_ros2_moveit2 -- -j8 -l8
[1.765s] Invoking command in '/home/yuritvr/PFC/new_arm_ws/build/irb120_ros2_moveit2': CMAKE_PREFIX_PATH=/home/yuritvr/PFC/new_arm_ws/install/ros2_data:/home/yuritvr/PFC/new_arm_ws/install/ur5_ros2_moveit2:/home/yuritvr/PFC/new_arm_ws/install/ur5_ros2_gazebo:/home/yuritvr/PFC/new_arm_ws/install/ur3_ros2_moveit2:/home/yuritvr/PFC/new_arm_ws/install/ur3_ros2_gazebo:/home/yuritvr/PFC/new_arm_ws/install/ur10_ros2_moveit2:/home/yuritvr/PFC/new_arm_ws/install/ur10_ros2_gazebo:/home/yuritvr/PFC/new_arm_ws/install/ros2_grasping:/home/yuritvr/PFC/new_arm_ws/install/ros2_execution:/home/yuritvr/PFC/new_arm_ws/install/panda_ros2_moveit2:/home/yuritvr/PFC/new_arm_ws/install/irb6640_ros2_moveit2:/home/yuritvr/PFC/new_arm_ws/install/irb120_ros2_moveit2:/home/yuritvr/PFC/new_arm_ws/install/irb1200_ros2_moveit2:/home/yuritvr/PFC/new_arm_ws/install/iiwa_ros2_moveit2:/home/yuritvr/PFC/new_arm_ws/install/cr35ia_ros2_moveit2:/home/yuritvr/PFC/new_arm_ws/install/panda_ros2_gazebo:/home/yuritvr/PFC/new_arm_ws/install/irb6640_ros2_gazebo:/home/yuritvr/PFC/new_arm_ws/install/irb120_ros2_gazebo:/home/yuritvr/PFC/new_arm_ws/install/irb1200_ros2_gazebo:/home/yuritvr/PFC/new_arm_ws/install/iiwa_ros2_gazebo:/home/yuritvr/PFC/new_arm_ws/install/cr35ia_ros2_gazebo:/opt/ros/humble LD_LIBRARY_PATH=/home/yuritvr/PFC/new_arm_ws/install/ros2_data/lib:/home/yuritvr/PFC/new_arm_ws/install/ros2_grasping/lib:/usr/lib/x86_64-linux-gnu/gazebo-11/plugins:/opt/ros/humble/opt/rviz_ogre_vendor/lib:/opt/ros/humble/lib/x86_64-linux-gnu:/opt/ros/humble/lib:/usr/lib/x86_64-linux-gnu/gazebo-11/plugins /usr/bin/cmake --install /home/yuritvr/PFC/new_arm_ws/build/irb120_ros2_moveit2
[1.778s] -- Install configuration: ""
[1.778s] -- Installing: /home/yuritvr/PFC/new_arm_ws/install/irb120_ros2_moveit2/share/irb120_ros2_moveit2/config
[1.779s] -- Installing: /home/yuritvr/PFC/new_arm_ws/install/irb120_ros2_moveit2/share/irb120_ros2_moveit2/config/kinematics.yaml
[1.779s] -- Installing: /home/yuritvr/PFC/new_arm_ws/install/irb120_ros2_moveit2/share/irb120_ros2_moveit2/config/irb120.srdf
[1.779s] -- Installing: /home/yuritvr/PFC/new_arm_ws/install/irb120_ros2_moveit2/share/irb120_ros2_moveit2/config/irb120egp64.srdf
[1.779s] -- Installing: /home/yuritvr/PFC/new_arm_ws/install/irb120_ros2_moveit2/share/irb120_ros2_moveit2/config/irb120egp64_moveit2.rviz
[1.779s] -- Installing: /home/yuritvr/PFC/new_arm_ws/install/irb120_ros2_moveit2/share/irb120_ros2_moveit2/config/ompl_planning_egp64.yaml
[1.779s] -- Installing: /home/yuritvr/PFC/new_arm_ws/install/irb120_ros2_moveit2/share/irb120_ros2_moveit2/config/irb120egp64_controllers.yaml
[1.779s] -- Installing: /home/yuritvr/PFC/new_arm_ws/install/irb120_ros2_moveit2/share/irb120_ros2_moveit2/config/irb120_controllers.yaml
[1.780s] -- Installing: /home/yuritvr/PFC/new_arm_ws/install/irb120_ros2_moveit2/share/irb120_ros2_moveit2/config/ompl_planning.yaml
[1.780s] -- Installing: /home/yuritvr/PFC/new_arm_ws/install/irb120_ros2_moveit2/share/irb120_ros2_moveit2/config/irb120_moveit2.rviz
[1.780s] -- Installing: /home/yuritvr/PFC/new_arm_ws/install/irb120_ros2_moveit2/share/irb120_ros2_moveit2/launch
[1.780s] -- Installing: /home/yuritvr/PFC/new_arm_ws/install/irb120_ros2_moveit2/share/irb120_ros2_moveit2/launch/irb120.launch.py
[1.780s] -- Installing: /home/yuritvr/PFC/new_arm_ws/install/irb120_ros2_moveit2/share/irb120_ros2_moveit2/launch/irb120_interface.launch.py
[1.780s] -- Installing: /home/yuritvr/PFC/new_arm_ws/install/irb120_ros2_moveit2/share/ament_index/resource_index/package_run_dependencies/irb120_ros2_moveit2
[1.781s] -- Installing: /home/yuritvr/PFC/new_arm_ws/install/irb120_ros2_moveit2/share/ament_index/resource_index/parent_prefix_path/irb120_ros2_moveit2
[1.781s] -- Installing: /home/yuritvr/PFC/new_arm_ws/install/irb120_ros2_moveit2/share/irb120_ros2_moveit2/environment/ament_prefix_path.sh
[1.781s] -- Installing: /home/yuritvr/PFC/new_arm_ws/install/irb120_ros2_moveit2/share/irb120_ros2_moveit2/environment/ament_prefix_path.dsv
[1.781s] -- Installing: /home/yuritvr/PFC/new_arm_ws/install/irb120_ros2_moveit2/share/irb120_ros2_moveit2/environment/path.sh
[1.781s] -- Installing: /home/yuritvr/PFC/new_arm_ws/install/irb120_ros2_moveit2/share/irb120_ros2_moveit2/environment/path.dsv
[1.782s] -- Installing: /home/yuritvr/PFC/new_arm_ws/install/irb120_ros2_moveit2/share/irb120_ros2_moveit2/local_setup.bash
[1.783s] -- Installing: /home/yuritvr/PFC/new_arm_ws/install/irb120_ros2_moveit2/share/irb120_ros2_moveit2/local_setup.sh
[1.783s] -- Installing: /home/yuritvr/PFC/new_arm_ws/install/irb120_ros2_moveit2/share/irb120_ros2_moveit2/local_setup.zsh
[1.783s] -- Installing: /home/yuritvr/PFC/new_arm_ws/install/irb120_ros2_moveit2/share/irb120_ros2_moveit2/local_setup.dsv
[1.784s] -- Installing: /home/yuritvr/PFC/new_arm_ws/install/irb120_ros2_moveit2/share/irb120_ros2_moveit2/package.dsv
[1.784s] -- Installing: /home/yuritvr/PFC/new_arm_ws/install/irb120_ros2_moveit2/share/ament_index/resource_index/packages/irb120_ros2_moveit2
[1.784s] -- Installing: /home/yuritvr/PFC/new_arm_ws/install/irb120_ros2_moveit2/share/irb120_ros2_moveit2/cmake/irb120_ros2_moveit2Config.cmake
[1.784s] -- Installing: /home/yuritvr/PFC/new_arm_ws/install/irb120_ros2_moveit2/share/irb120_ros2_moveit2/cmake/irb120_ros2_moveit2Config-version.cmake
[1.785s] -- Installing: /home/yuritvr/PFC/new_arm_ws/install/irb120_ros2_moveit2/share/irb120_ros2_moveit2/package.xml
[1.789s] Invoked command in '/home/yuritvr/PFC/new_arm_ws/build/irb120_ros2_moveit2' returned '0': CMAKE_PREFIX_PATH=/home/yuritvr/PFC/new_arm_ws/install/ros2_data:/home/yuritvr/PFC/new_arm_ws/install/ur5_ros2_moveit2:/home/yuritvr/PFC/new_arm_ws/install/ur5_ros2_gazebo:/home/yuritvr/PFC/new_arm_ws/install/ur3_ros2_moveit2:/home/yuritvr/PFC/new_arm_ws/install/ur3_ros2_gazebo:/home/yuritvr/PFC/new_arm_ws/install/ur10_ros2_moveit2:/home/yuritvr/PFC/new_arm_ws/install/ur10_ros2_gazebo:/home/yuritvr/PFC/new_arm_ws/install/ros2_grasping:/home/yuritvr/PFC/new_arm_ws/install/ros2_execution:/home/yuritvr/PFC/new_arm_ws/install/panda_ros2_moveit2:/home/yuritvr/PFC/new_arm_ws/install/irb6640_ros2_moveit2:/home/yuritvr/PFC/new_arm_ws/install/irb120_ros2_moveit2:/home/yuritvr/PFC/new_arm_ws/install/irb1200_ros2_moveit2:/home/yuritvr/PFC/new_arm_ws/install/iiwa_ros2_moveit2:/home/yuritvr/PFC/new_arm_ws/install/cr35ia_ros2_moveit2:/home/yuritvr/PFC/new_arm_ws/install/panda_ros2_gazebo:/home/yuritvr/PFC/new_arm_ws/install/irb6640_ros2_gazebo:/home/yuritvr/PFC/new_arm_ws/install/irb120_ros2_gazebo:/home/yuritvr/PFC/new_arm_ws/install/irb1200_ros2_gazebo:/home/yuritvr/PFC/new_arm_ws/install/iiwa_ros2_gazebo:/home/yuritvr/PFC/new_arm_ws/install/cr35ia_ros2_gazebo:/opt/ros/humble LD_LIBRARY_PATH=/home/yuritvr/PFC/new_arm_ws/install/ros2_data/lib:/home/yuritvr/PFC/new_arm_ws/install/ros2_grasping/lib:/usr/lib/x86_64-linux-gnu/gazebo-11/plugins:/opt/ros/humble/opt/rviz_ogre_vendor/lib:/opt/ros/humble/lib/x86_64-linux-gnu:/opt/ros/humble/lib:/usr/lib/x86_64-linux-gnu/gazebo-11/plugins /usr/bin/cmake --install /home/yuritvr/PFC/new_arm_ws/build/irb120_ros2_moveit2
