[0.026s] Invoking command in '/home/yuritvr/PFC/wenis_ws/build/robotiq_85_msgs': /usr/bin/cmake --build /home/yuritvr/PFC/wenis_ws/build/robotiq_85_msgs -- -j8 -l8
[0.161s] [ 10%] Built target robotiq_85_msgs__rosidl_generator_c
[0.161s] [ 12%] Built target robotiq_85_msgs__cpp
[0.232s] [ 12%] Built target ament_cmake_python_copy_robotiq_85_msgs
[0.267s] [ 23%] Built target robotiq_85_msgs__rosidl_typesupport_introspection_c
[0.280s] [ 33%] Built target robotiq_85_msgs__rosidl_typesupport_fastrtps_c
[0.287s] [ 43%] Built target robotiq_85_msgs__rosidl_typesupport_c
[0.307s] [ 53%] Built target robotiq_85_msgs__rosidl_typesupport_introspection_cpp
[0.330s] [ 64%] Built target robotiq_85_msgs__rosidl_typesupport_cpp
[0.337s] [ 74%] Built target robotiq_85_msgs__rosidl_typesupport_fastrtps_cpp
[0.363s] [ 74%] Built target robotiq_85_msgs
[0.391s] [ 76%] Built target robotiq_85_msgs__py
[0.420s] [ 84%] Built target robotiq_85_msgs__rosidl_generator_py
[0.450s] [ 94%] Built target robotiq_85_msgs__rosidl_typesupport_fastrtps_c__pyext
[0.450s] [ 94%] Built target robotiq_85_msgs__rosidl_typesupport_introspection_c__pyext
[0.450s] [100%] Built target robotiq_85_msgs__rosidl_typesupport_c__pyext
[0.580s] running egg_info
[0.581s] writing robotiq_85_msgs.egg-info/PKG-INFO
[0.581s] writing dependency_links to robotiq_85_msgs.egg-info/dependency_links.txt
[0.581s] writing top-level names to robotiq_85_msgs.egg-info/top_level.txt
[0.585s] reading manifest file 'robotiq_85_msgs.egg-info/SOURCES.txt'
[0.585s] writing manifest file 'robotiq_85_msgs.egg-info/SOURCES.txt'
[0.616s] [100%] Built target ament_cmake_python_build_robotiq_85_msgs_egg
