[0.059s] Invoking command in '/home/yuritvr/PFC/pfc_ws/build/robotiq_85_description': CMAKE_PREFIX_PATH=${CMAKE_PREFIX_PATH}:/opt/ros/humble /usr/bin/cmake --build /home/yuritvr/PFC/pfc_ws/build/robotiq_85_description -- -j8 -l8
[0.164s] Invoked command in '/home/yuritvr/PFC/pfc_ws/build/robotiq_85_description' returned '0': CMAKE_PREFIX_PATH=${CMAKE_PREFIX_PATH}:/opt/ros/humble /usr/bin/cmake --build /home/yuritvr/PFC/pfc_ws/build/robotiq_85_description -- -j8 -l8
[0.344s] Invoking command in '/home/yuritvr/PFC/pfc_ws/build/robotiq_85_description': CMAKE_PREFIX_PATH=${CMAKE_PREFIX_PATH}:/opt/ros/humble /usr/bin/cmake --install /home/yuritvr/PFC/pfc_ws/build/robotiq_85_description
[0.437s] -- Install configuration: ""
[0.437s] -- Up-to-date: /home/yuritvr/PFC/pfc_ws/install/robotiq_85_description/share/robotiq_85_description/config
[0.437s] -- Up-to-date: /home/yuritvr/PFC/pfc_ws/install/robotiq_85_description/share/robotiq_85_description/config/gripper_controller2.yaml
[0.438s] -- Up-to-date: /home/yuritvr/PFC/pfc_ws/install/robotiq_85_description/share/robotiq_85_description/config/gripper_controller.yaml
[0.438s] -- Up-to-date: /home/yuritvr/PFC/pfc_ws/install/robotiq_85_description/share/robotiq_85_description/config/view_gripper.rviz
[0.438s] -- Up-to-date: /home/yuritvr/PFC/pfc_ws/install/robotiq_85_description/share/robotiq_85_description/launch
[0.438s] -- Up-to-date: /home/yuritvr/PFC/pfc_ws/install/robotiq_85_description/share/robotiq_85_description/launch/view_gripper.launch.py
[0.438s] -- Up-to-date: /home/yuritvr/PFC/pfc_ws/install/robotiq_85_description/share/robotiq_85_description/launch/spawn_robot.launch.py
[0.438s] -- Up-to-date: /home/yuritvr/PFC/pfc_ws/install/robotiq_85_description/share/robotiq_85_description/launch/gazebo.launch.py
[0.439s] -- Up-to-date: /home/yuritvr/PFC/pfc_ws/install/robotiq_85_description/share/robotiq_85_description/launch/gripper_sim.launch.py
[0.439s] -- Up-to-date: /home/yuritvr/PFC/pfc_ws/install/robotiq_85_description/share/robotiq_85_description/meshes
[0.439s] -- Up-to-date: /home/yuritvr/PFC/pfc_ws/install/robotiq_85_description/share/robotiq_85_description/meshes/visual
[0.440s] -- Up-to-date: /home/yuritvr/PFC/pfc_ws/install/robotiq_85_description/share/robotiq_85_description/meshes/visual/robotiq_85_finger_tip_link.dae
[0.440s] -- Up-to-date: /home/yuritvr/PFC/pfc_ws/install/robotiq_85_description/share/robotiq_85_description/meshes/visual/robotiq_85_base_link.dae
[0.440s] -- Up-to-date: /home/yuritvr/PFC/pfc_ws/install/robotiq_85_description/share/robotiq_85_description/meshes/visual/robotiq_85_finger_link.dae
[0.441s] -- Up-to-date: /home/yuritvr/PFC/pfc_ws/install/robotiq_85_description/share/robotiq_85_description/meshes/visual/robotiq_85_inner_knuckle_link.dae
[0.441s] -- Up-to-date: /home/yuritvr/PFC/pfc_ws/install/robotiq_85_description/share/robotiq_85_description/meshes/visual/ur_to_robotiq_adapter.dae
[0.441s] -- Up-to-date: /home/yuritvr/PFC/pfc_ws/install/robotiq_85_description/share/robotiq_85_description/meshes/visual/robotiq_85_knuckle_link.dae
[0.441s] -- Up-to-date: /home/yuritvr/PFC/pfc_ws/install/robotiq_85_description/share/robotiq_85_description/meshes/collision
[0.441s] -- Up-to-date: /home/yuritvr/PFC/pfc_ws/install/robotiq_85_description/share/robotiq_85_description/meshes/collision/robotiq_85_finger_tip_link.stl
[0.441s] -- Up-to-date: /home/yuritvr/PFC/pfc_ws/install/robotiq_85_description/share/robotiq_85_description/meshes/collision/robotiq_85_finger_link.stl
[0.441s] -- Up-to-date: /home/yuritvr/PFC/pfc_ws/install/robotiq_85_description/share/robotiq_85_description/meshes/collision/robotiq_85_base_link.stl
[0.441s] -- Up-to-date: /home/yuritvr/PFC/pfc_ws/install/robotiq_85_description/share/robotiq_85_description/meshes/collision/ur_to_robotiq_adapter.stl
[0.442s] -- Up-to-date: /home/yuritvr/PFC/pfc_ws/install/robotiq_85_description/share/robotiq_85_description/meshes/collision/robotiq_85_knuckle_link.stl
[0.442s] -- Up-to-date: /home/yuritvr/PFC/pfc_ws/install/robotiq_85_description/share/robotiq_85_description/meshes/collision/robotiq_85_inner_knuckle_link.stl
[0.442s] -- Up-to-date: /home/yuritvr/PFC/pfc_ws/install/robotiq_85_description/share/robotiq_85_description/urdf
[0.442s] -- Up-to-date: /home/yuritvr/PFC/pfc_ws/install/robotiq_85_description/share/robotiq_85_description/urdf/right_robotiq_85_gripper.urdf.xacro
[0.442s] -- Up-to-date: /home/yuritvr/PFC/pfc_ws/install/robotiq_85_description/share/robotiq_85_description/urdf/robotiq_arg85_description.urdf.xacro
[0.442s] -- Up-to-date: /home/yuritvr/PFC/pfc_ws/install/robotiq_85_description/share/robotiq_85_description/urdf/robotiq_85_gripper.ros2_control.xacro
[0.442s] -- Up-to-date: /home/yuritvr/PFC/pfc_ws/install/robotiq_85_description/share/robotiq_85_description/urdf/robotiq_85_gripper.transmission.xacro
[0.443s] -- Up-to-date: /home/yuritvr/PFC/pfc_ws/install/robotiq_85_description/share/robotiq_85_description/urdf/robotiq_85_gripper_sim_base.urdf.xacro
[0.443s] -- Up-to-date: /home/yuritvr/PFC/pfc_ws/install/robotiq_85_description/share/robotiq_85_description/urdf/robotiq_85_gripper_macro_gz.urdf.xacro
[0.443s] -- Up-to-date: /home/yuritvr/PFC/pfc_ws/install/robotiq_85_description/share/robotiq_85_description/urdf/robotiq_85_gripper.urdf.xacro
[0.443s] -- Up-to-date: /home/yuritvr/PFC/pfc_ws/install/robotiq_85_description/share/robotiq_85_description/urdf/robotiq_85_gripper_macro.urdf.xacro
[0.443s] -- Up-to-date: /home/yuritvr/PFC/pfc_ws/install/robotiq_85_description/share/robotiq_85_description/urdf/ur_to_robotiq_adapter.urdf.xacro
[0.443s] -- Up-to-date: /home/yuritvr/PFC/pfc_ws/install/robotiq_85_description/share/robotiq_85_description/urdf/robotiq_85_gripper_gz.ros2_control.xacro
[0.443s] -- Up-to-date: /home/yuritvr/PFC/pfc_ws/install/robotiq_85_description/share/robotiq_85_description/urdf/left_robotiq_85_gripper.urdf.xacro
[0.444s] -- Up-to-date: /home/yuritvr/PFC/pfc_ws/install/robotiq_85_description/share/ament_index/resource_index/package_run_dependencies/robotiq_85_description
[0.444s] -- Up-to-date: /home/yuritvr/PFC/pfc_ws/install/robotiq_85_description/share/ament_index/resource_index/parent_prefix_path/robotiq_85_description
[0.444s] -- Up-to-date: /home/yuritvr/PFC/pfc_ws/install/robotiq_85_description/share/robotiq_85_description/environment/ament_prefix_path.sh
[0.445s] -- Up-to-date: /home/yuritvr/PFC/pfc_ws/install/robotiq_85_description/share/robotiq_85_description/environment/ament_prefix_path.dsv
[0.445s] -- Up-to-date: /home/yuritvr/PFC/pfc_ws/install/robotiq_85_description/share/robotiq_85_description/environment/path.sh
[0.445s] -- Up-to-date: /home/yuritvr/PFC/pfc_ws/install/robotiq_85_description/share/robotiq_85_description/environment/path.dsv
[0.446s] -- Up-to-date: /home/yuritvr/PFC/pfc_ws/install/robotiq_85_description/share/robotiq_85_description/local_setup.bash
[0.446s] -- Up-to-date: /home/yuritvr/PFC/pfc_ws/install/robotiq_85_description/share/robotiq_85_description/local_setup.sh
[0.447s] -- Up-to-date: /home/yuritvr/PFC/pfc_ws/install/robotiq_85_description/share/robotiq_85_description/local_setup.zsh
[0.447s] -- Up-to-date: /home/yuritvr/PFC/pfc_ws/install/robotiq_85_description/share/robotiq_85_description/local_setup.dsv
[0.447s] -- Up-to-date: /home/yuritvr/PFC/pfc_ws/install/robotiq_85_description/share/robotiq_85_description/package.dsv
[0.447s] -- Up-to-date: /home/yuritvr/PFC/pfc_ws/install/robotiq_85_description/share/ament_index/resource_index/packages/robotiq_85_description
[0.447s] -- Up-to-date: /home/yuritvr/PFC/pfc_ws/install/robotiq_85_description/share/robotiq_85_description/cmake/robotiq_85_descriptionConfig.cmake
[0.447s] -- Up-to-date: /home/yuritvr/PFC/pfc_ws/install/robotiq_85_description/share/robotiq_85_description/cmake/robotiq_85_descriptionConfig-version.cmake
[0.447s] -- Up-to-date: /home/yuritvr/PFC/pfc_ws/install/robotiq_85_description/share/robotiq_85_description/package.xml
[0.463s] Invoked command in '/home/yuritvr/PFC/pfc_ws/build/robotiq_85_description' returned '0': CMAKE_PREFIX_PATH=${CMAKE_PREFIX_PATH}:/opt/ros/humble /usr/bin/cmake --install /home/yuritvr/PFC/pfc_ws/build/robotiq_85_description
