[0.054s] Invoking command in '/home/yuritvr/PFC/new_arm_ws/build/ros2_grasping': CMAKE_PREFIX_PATH=${CMAKE_PREFIX_PATH}:/opt/ros/humble /usr/bin/cmake /home/yuritvr/PFC/new_arm_ws/src/ros2_RobotSimulation/ros2_grasping -DCMAKE_INSTALL_PREFIX=/home/yuritvr/PFC/new_arm_ws/install/ros2_grasping
[0.121s] -- The C compiler identification is GNU 11.4.0
[0.193s] -- The CXX compiler identification is GNU 11.4.0
[0.205s] -- Detecting C compiler ABI info
[0.291s] -- Detecting C compiler ABI info - done
[0.307s] -- Check for working C compiler: /usr/bin/cc - skipped
[0.307s] -- Detecting C compile features
[0.308s] -- Detecting C compile features - done
[0.312s] -- Detecting CXX compiler ABI info
[0.404s] -- Detecting CXX compiler ABI info - done
[0.417s] -- Check for working CXX compiler: /usr/bin/c++ - skipped
[0.418s] -- Detecting CXX compile features
[0.418s] -- Detecting CXX compile features - done
[0.422s] -- Found ament_cmake: 1.3.9 (/opt/ros/humble/share/ament_cmake/cmake)
[0.614s] -- Found Python3: /usr/bin/python3 (found version "3.10.12") found components: Interpreter 
[0.768s] -- Found ament_lint_auto: 0.12.11 (/opt/ros/humble/share/ament_lint_auto/cmake)
[0.880s] -- Found rosidl_default_generators: 1.2.0 (/opt/ros/humble/share/rosidl_default_generators/cmake)
[0.889s] -- Using all available rosidl_typesupport_c: rosidl_typesupport_fastrtps_c;rosidl_typesupport_introspection_c
[0.907s] -- Found rosidl_adapter: 3.1.5 (/opt/ros/humble/share/rosidl_adapter/cmake)
[0.978s] -- Using all available rosidl_typesupport_cpp: rosidl_typesupport_fastrtps_cpp;rosidl_typesupport_introspection_cpp
[1.315s] -- Found ament_cmake_ros: 0.10.0 (/opt/ros/humble/share/ament_cmake_ros/cmake)
[1.517s] -- Using all available rosidl_typesupport_c: rosidl_typesupport_fastrtps_c;rosidl_typesupport_introspection_c
[1.749s] -- Using all available rosidl_typesupport_cpp: rosidl_typesupport_fastrtps_cpp;rosidl_typesupport_introspection_cpp
[1.770s] -- Found PythonInterp: /usr/bin/python3 (found suitable version "3.10.12", minimum required is "3.6") 
[1.772s] -- Found python_cmake_module: 0.10.0 (/opt/ros/humble/share/python_cmake_module/cmake)
[1.797s] -- Found PythonLibs: /usr/lib/x86_64-linux-gnu/libpython3.10.so (found suitable version "3.10.12", minimum required is "3.5") 
[1.797s] -- Using PYTHON_EXECUTABLE: /usr/bin/python3
[1.798s] -- Using PYTHON_INCLUDE_DIRS: /usr/include/python3.10
[1.798s] -- Using PYTHON_LIBRARIES: /usr/lib/x86_64-linux-gnu/libpython3.10.so
[1.817s] -- Found PythonExtra: .so  
[1.865s] -- Added test 'copyright' to check source files copyright and LICENSE
[1.868s] -- Added test 'flake8' to check Python code syntax and style conventions
[1.868s] -- Added test 'lint_cmake' to check CMake code style
[1.869s] -- Added test 'pep257' to check Python code against some of the docstring style conventions in PEP 257
[1.870s] -- Added test 'xmllint' to check XML markup files
[1.875s] -- Configuring done
[1.906s] -- Generating done
[1.909s] -- Build files have been written to: /home/yuritvr/PFC/new_arm_ws/build/ros2_grasping
[1.917s] Invoked command in '/home/yuritvr/PFC/new_arm_ws/build/ros2_grasping' returned '0': CMAKE_PREFIX_PATH=${CMAKE_PREFIX_PATH}:/opt/ros/humble /usr/bin/cmake /home/yuritvr/PFC/new_arm_ws/src/ros2_RobotSimulation/ros2_grasping -DCMAKE_INSTALL_PREFIX=/home/yuritvr/PFC/new_arm_ws/install/ros2_grasping
[1.919s] Invoking command in '/home/yuritvr/PFC/new_arm_ws/build/ros2_grasping': CMAKE_PREFIX_PATH=${CMAKE_PREFIX_PATH}:/opt/ros/humble /usr/bin/cmake --build /home/yuritvr/PFC/new_arm_ws/build/ros2_grasping -- -j8 -l8
[1.959s] [  3%] [34m[1mGenerating C code for ROS interfaces[0m
[1.978s] [  6%] [34m[1mGenerating C++ code for ROS interfaces[0m
[1.980s] [  6%] Built target ament_cmake_python_copy_ros2_grasping
[2.400s] running egg_info
[2.401s] creating ros2_grasping.egg-info
[2.402s] writing ros2_grasping.egg-info/PKG-INFO
[2.402s] writing dependency_links to ros2_grasping.egg-info/dependency_links.txt
[2.402s] writing top-level names to ros2_grasping.egg-info/top_level.txt
[2.403s] writing manifest file 'ros2_grasping.egg-info/SOURCES.txt'
[2.408s] reading manifest file 'ros2_grasping.egg-info/SOURCES.txt'
[2.408s] writing manifest file 'ros2_grasping.egg-info/SOURCES.txt'
[2.436s] [  9%] [32mBuilding C object CMakeFiles/ros2_grasping__rosidl_generator_c.dir/rosidl_generator_c/ros2_grasping/action/detail/attacher__functions.c.o[0m
[2.455s] [  9%] Built target ros2_grasping__cpp
[2.457s] [  9%] Built target ament_cmake_python_build_ros2_grasping_egg
[2.470s] [ 12%] [34m[1mGenerating C++ type support dispatch for ROS interfaces[0m
[2.470s] [ 16%] [34m[1mGenerating C++ type support for eProsima Fast-RTPS[0m
[2.471s] [ 19%] [34m[1mGenerating C++ introspection for ROS interfaces[0m
[2.640s] [ 22%] [32m[1mLinking C shared library libros2_grasping__rosidl_generator_c.so[0m
[2.699s] [ 22%] Built target ros2_grasping__rosidl_generator_c
[2.715s] [ 29%] [34m[1mGenerating C type support dispatch for ROS interfaces[0m
[2.716s] [ 32%] [34m[1mGenerating C type support for eProsima Fast-RTPS[0m
[2.716s] [ 32%] [34m[1mGenerating C introspection for ROS interfaces[0m
[2.993s] [ 35%] [32mBuilding CXX object CMakeFiles/ros2_grasping__rosidl_typesupport_cpp.dir/rosidl_typesupport_cpp/ros2_grasping/action/attacher__type_support.cpp.o[0m
[3.096s] [ 38%] [32mBuilding CXX object CMakeFiles/ros2_grasping__rosidl_typesupport_introspection_cpp.dir/rosidl_typesupport_introspection_cpp/ros2_grasping/action/detail/attacher__type_support.cpp.o[0m
[3.250s] [ 41%] [32mBuilding CXX object CMakeFiles/ros2_grasping__rosidl_typesupport_fastrtps_cpp.dir/rosidl_typesupport_fastrtps_cpp/ros2_grasping/action/detail/dds_fastrtps/attacher__type_support.cpp.o[0m
[3.303s] [ 45%] [32mBuilding CXX object CMakeFiles/ros2_grasping__rosidl_typesupport_c.dir/rosidl_typesupport_c/ros2_grasping/action/attacher__type_support.cpp.o[0m
[3.391s] [ 48%] [32m[1mLinking CXX shared library libros2_grasping__rosidl_typesupport_c.so[0m
[3.467s] [ 48%] Built target ros2_grasping__rosidl_typesupport_c
[3.481s] [ 51%] [32mBuilding CXX object CMakeFiles/ros2_grasping__rosidl_typesupport_fastrtps_c.dir/rosidl_typesupport_fastrtps_c/ros2_grasping/action/detail/attacher__type_support_c.cpp.o[0m
[3.512s] [ 54%] [32mBuilding C object CMakeFiles/ros2_grasping__rosidl_typesupport_introspection_c.dir/rosidl_typesupport_introspection_c/ros2_grasping/action/detail/attacher__type_support.c.o[0m
[3.597s] [ 58%] [32m[1mLinking C shared library libros2_grasping__rosidl_typesupport_introspection_c.so[0m
[3.650s] [ 58%] Built target ros2_grasping__rosidl_typesupport_introspection_c
[3.738s] [ 61%] [32m[1mLinking CXX shared library libros2_grasping__rosidl_typesupport_cpp.so[0m
[3.787s] [ 61%] Built target ros2_grasping__rosidl_typesupport_cpp
[3.877s] [ 64%] [32m[1mLinking CXX shared library libros2_grasping__rosidl_typesupport_introspection_cpp.so[0m
[3.975s] [ 64%] Built target ros2_grasping__rosidl_typesupport_introspection_cpp
[4.016s] [ 67%] [32m[1mLinking CXX shared library libros2_grasping__rosidl_typesupport_fastrtps_c.so[0m
[4.101s] [ 67%] Built target ros2_grasping__rosidl_typesupport_fastrtps_c
[4.119s] [ 70%] [32m[1mLinking CXX shared library libros2_grasping__rosidl_typesupport_fastrtps_cpp.so[0m
[4.192s] [ 70%] Built target ros2_grasping__rosidl_typesupport_fastrtps_cpp
[4.212s] [ 70%] Built target ros2_grasping
[4.233s] [ 74%] [34m[1mGenerating Python code for ROS interfaces[0m
[5.494s] [ 74%] Built target ros2_grasping__py
[5.529s] [ 77%] [32mBuilding C object CMakeFiles/ros2_grasping__rosidl_generator_py.dir/rosidl_generator_py/ros2_grasping/action/_attacher_s.c.o[0m
[5.786s] [ 80%] [32m[1mLinking C shared library rosidl_generator_py/ros2_grasping/libros2_grasping__rosidl_generator_py.so[0m
[5.854s] [ 80%] Built target ros2_grasping__rosidl_generator_py
[5.899s] [ 83%] [32mBuilding C object CMakeFiles/ros2_grasping__rosidl_typesupport_fastrtps_c__pyext.dir/rosidl_generator_py/ros2_grasping/_ros2_grasping_s.ep.rosidl_typesupport_fastrtps_c.c.o[0m
[5.902s] [ 87%] [32mBuilding C object CMakeFiles/ros2_grasping__rosidl_typesupport_c__pyext.dir/rosidl_generator_py/ros2_grasping/_ros2_grasping_s.ep.rosidl_typesupport_c.c.o[0m
[5.916s] [ 90%] [32mBuilding C object CMakeFiles/ros2_grasping__rosidl_typesupport_introspection_c__pyext.dir/rosidl_generator_py/ros2_grasping/_ros2_grasping_s.ep.rosidl_typesupport_introspection_c.c.o[0m
[6.174s] [ 93%] [32m[1mLinking C shared library rosidl_generator_py/ros2_grasping/ros2_grasping_s__rosidl_typesupport_introspection_c.cpython-310-x86_64-linux-gnu.so[0m
[6.213s] [ 96%] [32m[1mLinking C shared library rosidl_generator_py/ros2_grasping/ros2_grasping_s__rosidl_typesupport_c.cpython-310-x86_64-linux-gnu.so[0m
[6.233s] [100%] [32m[1mLinking C shared library rosidl_generator_py/ros2_grasping/ros2_grasping_s__rosidl_typesupport_fastrtps_c.cpython-310-x86_64-linux-gnu.so[0m
[6.296s] [100%] Built target ros2_grasping__rosidl_typesupport_introspection_c__pyext
[6.310s] [100%] Built target ros2_grasping__rosidl_typesupport_c__pyext
[6.323s] [100%] Built target ros2_grasping__rosidl_typesupport_fastrtps_c__pyext
[6.338s] Invoked command in '/home/yuritvr/PFC/new_arm_ws/build/ros2_grasping' returned '0': CMAKE_PREFIX_PATH=${CMAKE_PREFIX_PATH}:/opt/ros/humble /usr/bin/cmake --build /home/yuritvr/PFC/new_arm_ws/build/ros2_grasping -- -j8 -l8
[6.412s] Invoking command in '/home/yuritvr/PFC/new_arm_ws/build/ros2_grasping': CMAKE_PREFIX_PATH=${CMAKE_PREFIX_PATH}:/opt/ros/humble /usr/bin/cmake --install /home/yuritvr/PFC/new_arm_ws/build/ros2_grasping
[6.425s] -- Install configuration: ""
[6.425s] -- Installing: /home/yuritvr/PFC/new_arm_ws/install/ros2_grasping/share/ros2_grasping/urdf
[6.426s] -- Installing: /home/yuritvr/PFC/new_arm_ws/install/ros2_grasping/share/ros2_grasping/urdf/box.urdf
[6.426s] -- Installing: /home/yuritvr/PFC/new_arm_ws/install/ros2_grasping/share/ament_index/resource_index/rosidl_interfaces/ros2_grasping
[6.426s] -- Installing: /home/yuritvr/PFC/new_arm_ws/install/ros2_grasping/include/ros2_grasping/ros2_grasping
[6.427s] -- Installing: /home/yuritvr/PFC/new_arm_ws/install/ros2_grasping/include/ros2_grasping/ros2_grasping/msg
[6.427s] -- Installing: /home/yuritvr/PFC/new_arm_ws/install/ros2_grasping/include/ros2_grasping/ros2_grasping/msg/rosidl_generator_c__visibility_control.h
[6.427s] -- Installing: /home/yuritvr/PFC/new_arm_ws/install/ros2_grasping/include/ros2_grasping/ros2_grasping/action
[6.428s] -- Installing: /home/yuritvr/PFC/new_arm_ws/install/ros2_grasping/include/ros2_grasping/ros2_grasping/action/attacher.h
[6.428s] -- Installing: /home/yuritvr/PFC/new_arm_ws/install/ros2_grasping/include/ros2_grasping/ros2_grasping/action/detail
[6.428s] -- Installing: /home/yuritvr/PFC/new_arm_ws/install/ros2_grasping/include/ros2_grasping/ros2_grasping/action/detail/attacher__type_support.h
[6.428s] -- Installing: /home/yuritvr/PFC/new_arm_ws/install/ros2_grasping/include/ros2_grasping/ros2_grasping/action/detail/attacher__functions.c
[6.428s] -- Installing: /home/yuritvr/PFC/new_arm_ws/install/ros2_grasping/include/ros2_grasping/ros2_grasping/action/detail/attacher__struct.h
[6.428s] -- Installing: /home/yuritvr/PFC/new_arm_ws/install/ros2_grasping/include/ros2_grasping/ros2_grasping/action/detail/attacher__functions.h
[6.429s] -- Installing: /home/yuritvr/PFC/new_arm_ws/install/ros2_grasping/share/ros2_grasping/environment/library_path.sh
[6.429s] -- Installing: /home/yuritvr/PFC/new_arm_ws/install/ros2_grasping/share/ros2_grasping/environment/library_path.dsv
[6.430s] -- Installing: /home/yuritvr/PFC/new_arm_ws/install/ros2_grasping/lib/libros2_grasping__rosidl_generator_c.so
[6.431s] -- Set runtime path of "/home/yuritvr/PFC/new_arm_ws/install/ros2_grasping/lib/libros2_grasping__rosidl_generator_c.so" to ""
[6.431s] -- Up-to-date: /home/yuritvr/PFC/new_arm_ws/install/ros2_grasping/include/ros2_grasping/ros2_grasping
[6.431s] -- Up-to-date: /home/yuritvr/PFC/new_arm_ws/install/ros2_grasping/include/ros2_grasping/ros2_grasping/msg
[6.431s] -- Installing: /home/yuritvr/PFC/new_arm_ws/install/ros2_grasping/include/ros2_grasping/ros2_grasping/msg/rosidl_typesupport_fastrtps_c__visibility_control.h
[6.431s] -- Up-to-date: /home/yuritvr/PFC/new_arm_ws/install/ros2_grasping/include/ros2_grasping/ros2_grasping/action
[6.431s] -- Up-to-date: /home/yuritvr/PFC/new_arm_ws/install/ros2_grasping/include/ros2_grasping/ros2_grasping/action/detail
[6.432s] -- Installing: /home/yuritvr/PFC/new_arm_ws/install/ros2_grasping/include/ros2_grasping/ros2_grasping/action/detail/attacher__rosidl_typesupport_fastrtps_c.h
[6.432s] -- Installing: /home/yuritvr/PFC/new_arm_ws/install/ros2_grasping/lib/libros2_grasping__rosidl_typesupport_fastrtps_c.so
[6.432s] -- Set runtime path of "/home/yuritvr/PFC/new_arm_ws/install/ros2_grasping/lib/libros2_grasping__rosidl_typesupport_fastrtps_c.so" to ""
[6.432s] -- Up-to-date: /home/yuritvr/PFC/new_arm_ws/install/ros2_grasping/include/ros2_grasping/ros2_grasping
[6.433s] -- Up-to-date: /home/yuritvr/PFC/new_arm_ws/install/ros2_grasping/include/ros2_grasping/ros2_grasping/msg
[6.433s] -- Installing: /home/yuritvr/PFC/new_arm_ws/install/ros2_grasping/include/ros2_grasping/ros2_grasping/msg/rosidl_typesupport_introspection_c__visibility_control.h
[6.433s] -- Up-to-date: /home/yuritvr/PFC/new_arm_ws/install/ros2_grasping/include/ros2_grasping/ros2_grasping/action
[6.433s] -- Up-to-date: /home/yuritvr/PFC/new_arm_ws/install/ros2_grasping/include/ros2_grasping/ros2_grasping/action/detail
[6.433s] -- Installing: /home/yuritvr/PFC/new_arm_ws/install/ros2_grasping/include/ros2_grasping/ros2_grasping/action/detail/attacher__rosidl_typesupport_introspection_c.h
[6.433s] -- Installing: /home/yuritvr/PFC/new_arm_ws/install/ros2_grasping/include/ros2_grasping/ros2_grasping/action/detail/attacher__type_support.c
[6.434s] -- Installing: /home/yuritvr/PFC/new_arm_ws/install/ros2_grasping/lib/libros2_grasping__rosidl_typesupport_introspection_c.so
[6.434s] -- Set runtime path of "/home/yuritvr/PFC/new_arm_ws/install/ros2_grasping/lib/libros2_grasping__rosidl_typesupport_introspection_c.so" to ""
[6.435s] -- Installing: /home/yuritvr/PFC/new_arm_ws/install/ros2_grasping/lib/libros2_grasping__rosidl_typesupport_c.so
[6.435s] -- Set runtime path of "/home/yuritvr/PFC/new_arm_ws/install/ros2_grasping/lib/libros2_grasping__rosidl_typesupport_c.so" to ""
[6.435s] -- Up-to-date: /home/yuritvr/PFC/new_arm_ws/install/ros2_grasping/include/ros2_grasping/ros2_grasping
[6.436s] -- Up-to-date: /home/yuritvr/PFC/new_arm_ws/install/ros2_grasping/include/ros2_grasping/ros2_grasping/action
[6.436s] -- Installing: /home/yuritvr/PFC/new_arm_ws/install/ros2_grasping/include/ros2_grasping/ros2_grasping/action/attacher.hpp
[6.436s] -- Up-to-date: /home/yuritvr/PFC/new_arm_ws/install/ros2_grasping/include/ros2_grasping/ros2_grasping/action/detail
[6.436s] -- Installing: /home/yuritvr/PFC/new_arm_ws/install/ros2_grasping/include/ros2_grasping/ros2_grasping/action/detail/attacher__builder.hpp
[6.436s] -- Installing: /home/yuritvr/PFC/new_arm_ws/install/ros2_grasping/include/ros2_grasping/ros2_grasping/action/detail/attacher__traits.hpp
[6.436s] -- Installing: /home/yuritvr/PFC/new_arm_ws/install/ros2_grasping/include/ros2_grasping/ros2_grasping/action/detail/attacher__struct.hpp
[6.437s] -- Up-to-date: /home/yuritvr/PFC/new_arm_ws/install/ros2_grasping/include/ros2_grasping/ros2_grasping
[6.437s] -- Up-to-date: /home/yuritvr/PFC/new_arm_ws/install/ros2_grasping/include/ros2_grasping/ros2_grasping/msg
[6.437s] -- Installing: /home/yuritvr/PFC/new_arm_ws/install/ros2_grasping/include/ros2_grasping/ros2_grasping/msg/rosidl_typesupport_fastrtps_cpp__visibility_control.h
[6.437s] -- Up-to-date: /home/yuritvr/PFC/new_arm_ws/install/ros2_grasping/include/ros2_grasping/ros2_grasping/action
[6.437s] -- Up-to-date: /home/yuritvr/PFC/new_arm_ws/install/ros2_grasping/include/ros2_grasping/ros2_grasping/action/detail
[6.438s] -- Installing: /home/yuritvr/PFC/new_arm_ws/install/ros2_grasping/include/ros2_grasping/ros2_grasping/action/detail/dds_fastrtps
[6.438s] -- Installing: /home/yuritvr/PFC/new_arm_ws/install/ros2_grasping/include/ros2_grasping/ros2_grasping/action/detail/attacher__rosidl_typesupport_fastrtps_cpp.hpp
[6.438s] -- Installing: /home/yuritvr/PFC/new_arm_ws/install/ros2_grasping/lib/libros2_grasping__rosidl_typesupport_fastrtps_cpp.so
[6.439s] -- Set runtime path of "/home/yuritvr/PFC/new_arm_ws/install/ros2_grasping/lib/libros2_grasping__rosidl_typesupport_fastrtps_cpp.so" to ""
[6.439s] -- Up-to-date: /home/yuritvr/PFC/new_arm_ws/install/ros2_grasping/include/ros2_grasping/ros2_grasping
[6.439s] -- Up-to-date: /home/yuritvr/PFC/new_arm_ws/install/ros2_grasping/include/ros2_grasping/ros2_grasping/action
[6.439s] -- Up-to-date: /home/yuritvr/PFC/new_arm_ws/install/ros2_grasping/include/ros2_grasping/ros2_grasping/action/detail
[6.439s] -- Installing: /home/yuritvr/PFC/new_arm_ws/install/ros2_grasping/include/ros2_grasping/ros2_grasping/action/detail/attacher__type_support.cpp
[6.439s] -- Installing: /home/yuritvr/PFC/new_arm_ws/install/ros2_grasping/include/ros2_grasping/ros2_grasping/action/detail/attacher__rosidl_typesupport_introspection_cpp.hpp
[6.439s] -- Installing: /home/yuritvr/PFC/new_arm_ws/install/ros2_grasping/lib/libros2_grasping__rosidl_typesupport_introspection_cpp.so
[6.440s] -- Set runtime path of "/home/yuritvr/PFC/new_arm_ws/install/ros2_grasping/lib/libros2_grasping__rosidl_typesupport_introspection_cpp.so" to ""
[6.440s] -- Installing: /home/yuritvr/PFC/new_arm_ws/install/ros2_grasping/lib/libros2_grasping__rosidl_typesupport_cpp.so
[6.441s] -- Set runtime path of "/home/yuritvr/PFC/new_arm_ws/install/ros2_grasping/lib/libros2_grasping__rosidl_typesupport_cpp.so" to ""
[6.441s] -- Installing: /home/yuritvr/PFC/new_arm_ws/install/ros2_grasping/share/ros2_grasping/environment/pythonpath.sh
[6.441s] -- Installing: /home/yuritvr/PFC/new_arm_ws/install/ros2_grasping/share/ros2_grasping/environment/pythonpath.dsv
[6.441s] -- Installing: /home/yuritvr/PFC/new_arm_ws/install/ros2_grasping/local/lib/python3.10/dist-packages/ros2_grasping-0.0.0-py3.10.egg-info
[6.442s] -- Installing: /home/yuritvr/PFC/new_arm_ws/install/ros2_grasping/local/lib/python3.10/dist-packages/ros2_grasping-0.0.0-py3.10.egg-info/SOURCES.txt
[6.442s] -- Installing: /home/yuritvr/PFC/new_arm_ws/install/ros2_grasping/local/lib/python3.10/dist-packages/ros2_grasping-0.0.0-py3.10.egg-info/top_level.txt
[6.442s] -- Installing: /home/yuritvr/PFC/new_arm_ws/install/ros2_grasping/local/lib/python3.10/dist-packages/ros2_grasping-0.0.0-py3.10.egg-info/dependency_links.txt
[6.442s] -- Installing: /home/yuritvr/PFC/new_arm_ws/install/ros2_grasping/local/lib/python3.10/dist-packages/ros2_grasping-0.0.0-py3.10.egg-info/PKG-INFO
[6.442s] -- Installing: /home/yuritvr/PFC/new_arm_ws/install/ros2_grasping/local/lib/python3.10/dist-packages/ros2_grasping
[6.443s] -- Installing: /home/yuritvr/PFC/new_arm_ws/install/ros2_grasping/local/lib/python3.10/dist-packages/ros2_grasping/ros2_grasping_s__rosidl_typesupport_introspection_c.cpython-310-x86_64-linux-gnu.so
[6.443s] -- Installing: /home/yuritvr/PFC/new_arm_ws/install/ros2_grasping/local/lib/python3.10/dist-packages/ros2_grasping/ros2_grasping_s__rosidl_typesupport_fastrtps_c.cpython-310-x86_64-linux-gnu.so
[6.443s] -- Installing: /home/yuritvr/PFC/new_arm_ws/install/ros2_grasping/local/lib/python3.10/dist-packages/ros2_grasping/_ros2_grasping_s.ep.rosidl_typesupport_introspection_c.c
[6.444s] -- Installing: /home/yuritvr/PFC/new_arm_ws/install/ros2_grasping/local/lib/python3.10/dist-packages/ros2_grasping/_ros2_grasping_s.ep.rosidl_typesupport_c.c
[6.444s] -- Installing: /home/yuritvr/PFC/new_arm_ws/install/ros2_grasping/local/lib/python3.10/dist-packages/ros2_grasping/libros2_grasping__rosidl_generator_py.so
[6.444s] -- Installing: /home/yuritvr/PFC/new_arm_ws/install/ros2_grasping/local/lib/python3.10/dist-packages/ros2_grasping/__init__.py
[6.444s] -- Installing: /home/yuritvr/PFC/new_arm_ws/install/ros2_grasping/local/lib/python3.10/dist-packages/ros2_grasping/_ros2_grasping_s.ep.rosidl_typesupport_fastrtps_c.c
[6.445s] -- Installing: /home/yuritvr/PFC/new_arm_ws/install/ros2_grasping/local/lib/python3.10/dist-packages/ros2_grasping/action
[6.445s] -- Installing: /home/yuritvr/PFC/new_arm_ws/install/ros2_grasping/local/lib/python3.10/dist-packages/ros2_grasping/action/_attacher.py
[6.445s] -- Installing: /home/yuritvr/PFC/new_arm_ws/install/ros2_grasping/local/lib/python3.10/dist-packages/ros2_grasping/action/__init__.py
[6.445s] -- Installing: /home/yuritvr/PFC/new_arm_ws/install/ros2_grasping/local/lib/python3.10/dist-packages/ros2_grasping/action/_attacher_s.c
[6.445s] -- Installing: /home/yuritvr/PFC/new_arm_ws/install/ros2_grasping/local/lib/python3.10/dist-packages/ros2_grasping/ros2_grasping_s__rosidl_typesupport_c.cpython-310-x86_64-linux-gnu.so
[6.507s] Listing '/home/yuritvr/PFC/new_arm_ws/install/ros2_grasping/local/lib/python3.10/dist-packages/ros2_grasping'...
[6.508s] Compiling '/home/yuritvr/PFC/new_arm_ws/install/ros2_grasping/local/lib/python3.10/dist-packages/ros2_grasping/__init__.py'...
[6.508s] Listing '/home/yuritvr/PFC/new_arm_ws/install/ros2_grasping/local/lib/python3.10/dist-packages/ros2_grasping/action'...
[6.508s] Compiling '/home/yuritvr/PFC/new_arm_ws/install/ros2_grasping/local/lib/python3.10/dist-packages/ros2_grasping/action/__init__.py'...
[6.508s] Compiling '/home/yuritvr/PFC/new_arm_ws/install/ros2_grasping/local/lib/python3.10/dist-packages/ros2_grasping/action/_attacher.py'...
[6.515s] -- Installing: /home/yuritvr/PFC/new_arm_ws/install/ros2_grasping/local/lib/python3.10/dist-packages/ros2_grasping/ros2_grasping_s__rosidl_typesupport_fastrtps_c.cpython-310-x86_64-linux-gnu.so
[6.516s] -- Set runtime path of "/home/yuritvr/PFC/new_arm_ws/install/ros2_grasping/local/lib/python3.10/dist-packages/ros2_grasping/ros2_grasping_s__rosidl_typesupport_fastrtps_c.cpython-310-x86_64-linux-gnu.so" to ""
[6.517s] -- Installing: /home/yuritvr/PFC/new_arm_ws/install/ros2_grasping/local/lib/python3.10/dist-packages/ros2_grasping/ros2_grasping_s__rosidl_typesupport_introspection_c.cpython-310-x86_64-linux-gnu.so
[6.518s] -- Set runtime path of "/home/yuritvr/PFC/new_arm_ws/install/ros2_grasping/local/lib/python3.10/dist-packages/ros2_grasping/ros2_grasping_s__rosidl_typesupport_introspection_c.cpython-310-x86_64-linux-gnu.so" to ""
[6.518s] -- Installing: /home/yuritvr/PFC/new_arm_ws/install/ros2_grasping/local/lib/python3.10/dist-packages/ros2_grasping/ros2_grasping_s__rosidl_typesupport_c.cpython-310-x86_64-linux-gnu.so
[6.519s] -- Set runtime path of "/home/yuritvr/PFC/new_arm_ws/install/ros2_grasping/local/lib/python3.10/dist-packages/ros2_grasping/ros2_grasping_s__rosidl_typesupport_c.cpython-310-x86_64-linux-gnu.so" to ""
[6.519s] -- Installing: /home/yuritvr/PFC/new_arm_ws/install/ros2_grasping/lib/libros2_grasping__rosidl_generator_py.so
[6.520s] -- Set runtime path of "/home/yuritvr/PFC/new_arm_ws/install/ros2_grasping/lib/libros2_grasping__rosidl_generator_py.so" to ""
[6.521s] -- Installing: /home/yuritvr/PFC/new_arm_ws/install/ros2_grasping/share/ros2_grasping/action/Attacher.idl
[6.521s] -- Installing: /home/yuritvr/PFC/new_arm_ws/install/ros2_grasping/share/ros2_grasping/action/Attacher.action
[6.522s] -- Installing: /home/yuritvr/PFC/new_arm_ws/install/ros2_grasping/lib/ros2_grasping/attacher_action.py
[6.522s] -- Installing: /home/yuritvr/PFC/new_arm_ws/install/ros2_grasping/lib/ros2_grasping/spawn_object.py
[6.523s] -- Installing: /home/yuritvr/PFC/new_arm_ws/install/ros2_grasping/share/ament_index/resource_index/package_run_dependencies/ros2_grasping
[6.523s] -- Installing: /home/yuritvr/PFC/new_arm_ws/install/ros2_grasping/share/ament_index/resource_index/parent_prefix_path/ros2_grasping
[6.524s] -- Installing: /home/yuritvr/PFC/new_arm_ws/install/ros2_grasping/share/ros2_grasping/environment/ament_prefix_path.sh
[6.524s] -- Installing: /home/yuritvr/PFC/new_arm_ws/install/ros2_grasping/share/ros2_grasping/environment/ament_prefix_path.dsv
[6.525s] -- Installing: /home/yuritvr/PFC/new_arm_ws/install/ros2_grasping/share/ros2_grasping/environment/path.sh
[6.525s] -- Installing: /home/yuritvr/PFC/new_arm_ws/install/ros2_grasping/share/ros2_grasping/environment/path.dsv
[6.526s] -- Installing: /home/yuritvr/PFC/new_arm_ws/install/ros2_grasping/share/ros2_grasping/local_setup.bash
[6.526s] -- Installing: /home/yuritvr/PFC/new_arm_ws/install/ros2_grasping/share/ros2_grasping/local_setup.sh
[6.527s] -- Installing: /home/yuritvr/PFC/new_arm_ws/install/ros2_grasping/share/ros2_grasping/local_setup.zsh
[6.527s] -- Installing: /home/yuritvr/PFC/new_arm_ws/install/ros2_grasping/share/ros2_grasping/local_setup.dsv
[6.527s] -- Installing: /home/yuritvr/PFC/new_arm_ws/install/ros2_grasping/share/ros2_grasping/package.dsv
[6.528s] -- Installing: /home/yuritvr/PFC/new_arm_ws/install/ros2_grasping/share/ament_index/resource_index/packages/ros2_grasping
[6.528s] -- Installing: /home/yuritvr/PFC/new_arm_ws/install/ros2_grasping/share/ros2_grasping/cmake/export_ros2_grasping__rosidl_generator_cExport.cmake
[6.529s] -- Installing: /home/yuritvr/PFC/new_arm_ws/install/ros2_grasping/share/ros2_grasping/cmake/export_ros2_grasping__rosidl_generator_cExport-noconfig.cmake
[6.529s] -- Installing: /home/yuritvr/PFC/new_arm_ws/install/ros2_grasping/share/ros2_grasping/cmake/export_ros2_grasping__rosidl_typesupport_fastrtps_cExport.cmake
[6.530s] -- Installing: /home/yuritvr/PFC/new_arm_ws/install/ros2_grasping/share/ros2_grasping/cmake/export_ros2_grasping__rosidl_typesupport_fastrtps_cExport-noconfig.cmake
[6.530s] -- Installing: /home/yuritvr/PFC/new_arm_ws/install/ros2_grasping/share/ros2_grasping/cmake/ros2_grasping__rosidl_typesupport_introspection_cExport.cmake
[6.531s] -- Installing: /home/yuritvr/PFC/new_arm_ws/install/ros2_grasping/share/ros2_grasping/cmake/ros2_grasping__rosidl_typesupport_introspection_cExport-noconfig.cmake
[6.531s] -- Installing: /home/yuritvr/PFC/new_arm_ws/install/ros2_grasping/share/ros2_grasping/cmake/ros2_grasping__rosidl_typesupport_cExport.cmake
[6.531s] -- Installing: /home/yuritvr/PFC/new_arm_ws/install/ros2_grasping/share/ros2_grasping/cmake/ros2_grasping__rosidl_typesupport_cExport-noconfig.cmake
[6.532s] -- Installing: /home/yuritvr/PFC/new_arm_ws/install/ros2_grasping/share/ros2_grasping/cmake/export_ros2_grasping__rosidl_generator_cppExport.cmake
[6.532s] -- Installing: /home/yuritvr/PFC/new_arm_ws/install/ros2_grasping/share/ros2_grasping/cmake/export_ros2_grasping__rosidl_typesupport_fastrtps_cppExport.cmake
[6.533s] -- Installing: /home/yuritvr/PFC/new_arm_ws/install/ros2_grasping/share/ros2_grasping/cmake/export_ros2_grasping__rosidl_typesupport_fastrtps_cppExport-noconfig.cmake
[6.533s] -- Installing: /home/yuritvr/PFC/new_arm_ws/install/ros2_grasping/share/ros2_grasping/cmake/ros2_grasping__rosidl_typesupport_introspection_cppExport.cmake
[6.534s] -- Installing: /home/yuritvr/PFC/new_arm_ws/install/ros2_grasping/share/ros2_grasping/cmake/ros2_grasping__rosidl_typesupport_introspection_cppExport-noconfig.cmake
[6.534s] -- Installing: /home/yuritvr/PFC/new_arm_ws/install/ros2_grasping/share/ros2_grasping/cmake/ros2_grasping__rosidl_typesupport_cppExport.cmake
[6.535s] -- Installing: /home/yuritvr/PFC/new_arm_ws/install/ros2_grasping/share/ros2_grasping/cmake/ros2_grasping__rosidl_typesupport_cppExport-noconfig.cmake
[6.535s] -- Installing: /home/yuritvr/PFC/new_arm_ws/install/ros2_grasping/share/ros2_grasping/cmake/export_ros2_grasping__rosidl_generator_pyExport.cmake
[6.535s] -- Installing: /home/yuritvr/PFC/new_arm_ws/install/ros2_grasping/share/ros2_grasping/cmake/export_ros2_grasping__rosidl_generator_pyExport-noconfig.cmake
[6.536s] -- Installing: /home/yuritvr/PFC/new_arm_ws/install/ros2_grasping/share/ros2_grasping/cmake/rosidl_cmake-extras.cmake
[6.536s] -- Installing: /home/yuritvr/PFC/new_arm_ws/install/ros2_grasping/share/ros2_grasping/cmake/ament_cmake_export_dependencies-extras.cmake
[6.537s] -- Installing: /home/yuritvr/PFC/new_arm_ws/install/ros2_grasping/share/ros2_grasping/cmake/ament_cmake_export_include_directories-extras.cmake
[6.537s] -- Installing: /home/yuritvr/PFC/new_arm_ws/install/ros2_grasping/share/ros2_grasping/cmake/ament_cmake_export_libraries-extras.cmake
[6.538s] -- Installing: /home/yuritvr/PFC/new_arm_ws/install/ros2_grasping/share/ros2_grasping/cmake/ament_cmake_export_targets-extras.cmake
[6.538s] -- Installing: /home/yuritvr/PFC/new_arm_ws/install/ros2_grasping/share/ros2_grasping/cmake/rosidl_cmake_export_typesupport_targets-extras.cmake
[6.538s] -- Installing: /home/yuritvr/PFC/new_arm_ws/install/ros2_grasping/share/ros2_grasping/cmake/rosidl_cmake_export_typesupport_libraries-extras.cmake
[6.539s] -- Installing: /home/yuritvr/PFC/new_arm_ws/install/ros2_grasping/share/ros2_grasping/cmake/ros2_graspingConfig.cmake
[6.539s] -- Installing: /home/yuritvr/PFC/new_arm_ws/install/ros2_grasping/share/ros2_grasping/cmake/ros2_graspingConfig-version.cmake
[6.540s] -- Installing: /home/yuritvr/PFC/new_arm_ws/install/ros2_grasping/share/ros2_grasping/package.xml
[6.544s] Invoked command in '/home/yuritvr/PFC/new_arm_ws/build/ros2_grasping' returned '0': CMAKE_PREFIX_PATH=${CMAKE_PREFIX_PATH}:/opt/ros/humble /usr/bin/cmake --install /home/yuritvr/PFC/new_arm_ws/build/ros2_grasping
