[0.030s] Invoking command in '/home/yuritvr/PFC/wenis_ws/build/irb120_ros2_gazebo': CMAKE_PREFIX_PATH=/opt/ros/humble /usr/bin/cmake /home/yuritvr/PFC/wenis_ws/ros2_RobotSimulation/ABBRobots/IRB120/irb120_ros2_gazebo -DCMAKE_INSTALL_PREFIX=/home/yuritvr/PFC/wenis_ws/install/irb120_ros2_gazebo
[0.191s] -- The C compiler identification is GNU 11.4.0
[0.358s] -- The CXX compiler identification is GNU 11.4.0
[0.370s] -- Detecting C compiler ABI info
[0.557s] -- Detecting C compiler ABI info - done
[0.572s] -- Check for working C compiler: /usr/bin/cc - skipped
[0.573s] -- Detecting C compile features
[0.573s] -- Detecting C compile features - done
[0.587s] -- Detecting CXX compiler ABI info
[0.812s] -- Detecting CXX compiler ABI info - done
[0.833s] -- Check for working CXX compiler: /usr/bin/c++ - skipped
[0.833s] -- Detecting CXX compile features
[0.836s] -- Detecting CXX compile features - done
[0.842s] -- Found ament_cmake: 1.3.9 (/opt/ros/humble/share/ament_cmake/cmake)
[1.214s] -- Found Python3: /usr/bin/python3 (found version "3.10.12") found components: Interpreter 
[1.364s] -- Found ament_lint_auto: 0.12.11 (/opt/ros/humble/share/ament_lint_auto/cmake)
[1.554s] -- Added test 'copyright' to check source files copyright and LICENSE
[1.563s] -- Added test 'flake8' to check Python code syntax and style conventions
[1.568s] -- Added test 'lint_cmake' to check CMake code style
[1.570s] -- Added test 'pep257' to check Python code against some of the docstring style conventions in PEP 257
[1.583s] -- Added test 'xmllint' to check XML markup files
[1.597s] -- Configuring done
[1.597s] -- Generating done
[1.597s] -- Build files have been written to: /home/yuritvr/PFC/wenis_ws/build/irb120_ros2_gazebo
[1.943s] Invoked command in '/home/yuritvr/PFC/wenis_ws/build/irb120_ros2_gazebo' returned '0': CMAKE_PREFIX_PATH=/opt/ros/humble /usr/bin/cmake /home/yuritvr/PFC/wenis_ws/ros2_RobotSimulation/ABBRobots/IRB120/irb120_ros2_gazebo -DCMAKE_INSTALL_PREFIX=/home/yuritvr/PFC/wenis_ws/install/irb120_ros2_gazebo
[1.946s] Invoking command in '/home/yuritvr/PFC/wenis_ws/build/irb120_ros2_gazebo': CMAKE_PREFIX_PATH=/opt/ros/humble /usr/bin/cmake --build /home/yuritvr/PFC/wenis_ws/build/irb120_ros2_gazebo -- -j8 -l8
[2.120s] Invoked command in '/home/yuritvr/PFC/wenis_ws/build/irb120_ros2_gazebo' returned '0': CMAKE_PREFIX_PATH=/opt/ros/humble /usr/bin/cmake --build /home/yuritvr/PFC/wenis_ws/build/irb120_ros2_gazebo -- -j8 -l8
[2.198s] Invoking command in '/home/yuritvr/PFC/wenis_ws/build/irb120_ros2_gazebo': CMAKE_PREFIX_PATH=/opt/ros/humble /usr/bin/cmake --install /home/yuritvr/PFC/wenis_ws/build/irb120_ros2_gazebo
[2.227s] -- Install configuration: ""
[2.227s] -- Installing: /home/yuritvr/PFC/wenis_ws/install/irb120_ros2_gazebo/share/irb120_ros2_gazebo/config
[2.227s] -- Installing: /home/yuritvr/PFC/wenis_ws/install/irb120_ros2_gazebo/share/irb120_ros2_gazebo/config/irb120egp64_controller.yaml
[2.227s] -- Installing: /home/yuritvr/PFC/wenis_ws/install/irb120_ros2_gazebo/share/irb120_ros2_gazebo/config/irb120_controller.yaml
[2.227s] -- Installing: /home/yuritvr/PFC/wenis_ws/install/irb120_ros2_gazebo/share/irb120_ros2_gazebo/launch
[2.227s] -- Installing: /home/yuritvr/PFC/wenis_ws/install/irb120_ros2_gazebo/share/irb120_ros2_gazebo/launch/irb120_simulation.launch.py
[2.228s] -- Installing: /home/yuritvr/PFC/wenis_ws/install/irb120_ros2_gazebo/share/irb120_ros2_gazebo/urdf
[2.228s] -- Installing: /home/yuritvr/PFC/wenis_ws/install/irb120_ros2_gazebo/share/irb120_ros2_gazebo/urdf/irb120_transmission.xacro
[2.228s] -- Installing: /home/yuritvr/PFC/wenis_ws/install/irb120_ros2_gazebo/share/irb120_ros2_gazebo/urdf/irb120.urdf.xacro
[2.228s] -- Installing: /home/yuritvr/PFC/wenis_ws/install/irb120_ros2_gazebo/share/irb120_ros2_gazebo/urdf/abb_resources
[2.228s] -- Installing: /home/yuritvr/PFC/wenis_ws/install/irb120_ros2_gazebo/share/irb120_ros2_gazebo/urdf/abb_resources/common_materials.xacro
[2.228s] -- Installing: /home/yuritvr/PFC/wenis_ws/install/irb120_ros2_gazebo/share/irb120_ros2_gazebo/urdf/abb_resources/common_colours.xacro
[2.229s] -- Installing: /home/yuritvr/PFC/wenis_ws/install/irb120_ros2_gazebo/share/irb120_ros2_gazebo/urdf/irb120_ros2control.xacro
[2.229s] -- Installing: /home/yuritvr/PFC/wenis_ws/install/irb120_ros2_gazebo/share/irb120_ros2_gazebo/urdf/irb120_macro.urdf.xacro
[2.229s] -- Installing: /home/yuritvr/PFC/wenis_ws/install/irb120_ros2_gazebo/share/irb120_ros2_gazebo/worlds
[2.229s] -- Installing: /home/yuritvr/PFC/wenis_ws/install/irb120_ros2_gazebo/share/irb120_ros2_gazebo/worlds/irb120.world
[2.229s] -- Installing: /home/yuritvr/PFC/wenis_ws/install/irb120_ros2_gazebo/share/irb120_ros2_gazebo/meshes
[2.229s] -- Installing: /home/yuritvr/PFC/wenis_ws/install/irb120_ros2_gazebo/share/irb120_ros2_gazebo/meshes/visual
[2.229s] -- Installing: /home/yuritvr/PFC/wenis_ws/install/irb120_ros2_gazebo/share/irb120_ros2_gazebo/meshes/visual/link_4.stl
[2.230s] -- Installing: /home/yuritvr/PFC/wenis_ws/install/irb120_ros2_gazebo/share/irb120_ros2_gazebo/meshes/visual/base_link.stl
[2.231s] -- Installing: /home/yuritvr/PFC/wenis_ws/install/irb120_ros2_gazebo/share/irb120_ros2_gazebo/meshes/visual/link_2.stl
[2.232s] -- Installing: /home/yuritvr/PFC/wenis_ws/install/irb120_ros2_gazebo/share/irb120_ros2_gazebo/meshes/visual/link_6.stl
[2.232s] -- Installing: /home/yuritvr/PFC/wenis_ws/install/irb120_ros2_gazebo/share/irb120_ros2_gazebo/meshes/visual/link_1.stl
[2.232s] -- Installing: /home/yuritvr/PFC/wenis_ws/install/irb120_ros2_gazebo/share/irb120_ros2_gazebo/meshes/visual/link_5.stl
[2.233s] -- Installing: /home/yuritvr/PFC/wenis_ws/install/irb120_ros2_gazebo/share/irb120_ros2_gazebo/meshes/visual/link_3.stl
[2.234s] -- Installing: /home/yuritvr/PFC/wenis_ws/install/irb120_ros2_gazebo/share/irb120_ros2_gazebo/meshes/egp64
[2.234s] -- Installing: /home/yuritvr/PFC/wenis_ws/install/irb120_ros2_gazebo/share/irb120_ros2_gazebo/meshes/egp64/Schunk Gripper - LEFT FINGER.dae
[2.234s] -- Installing: /home/yuritvr/PFC/wenis_ws/install/irb120_ros2_gazebo/share/irb120_ros2_gazebo/meshes/egp64/00. Schunk Gripper - Component POSES
[2.234s] -- Installing: /home/yuritvr/PFC/wenis_ws/install/irb120_ros2_gazebo/share/irb120_ros2_gazebo/meshes/egp64/Schunk Gripper - RIGHT FINGER.dae
[2.235s] -- Installing: /home/yuritvr/PFC/wenis_ws/install/irb120_ros2_gazebo/share/irb120_ros2_gazebo/meshes/egp64/Schunk Gripper - BASE.dae
[2.237s] -- Installing: /home/yuritvr/PFC/wenis_ws/install/irb120_ros2_gazebo/share/irb120_ros2_gazebo/meshes/egp64/Schunk Gripper - BASE noAdapter.dae
[2.244s] -- Installing: /home/yuritvr/PFC/wenis_ws/install/irb120_ros2_gazebo/share/irb120_ros2_gazebo/meshes/egp64/Schunk Gripper - Cranfield Robotics.STL
[2.248s] -- Installing: /home/yuritvr/PFC/wenis_ws/install/irb120_ros2_gazebo/share/irb120_ros2_gazebo/meshes/egp64/Schunk Gripper - BASE.STL
[2.250s] -- Installing: /home/yuritvr/PFC/wenis_ws/install/irb120_ros2_gazebo/share/irb120_ros2_gazebo/meshes/egp64/Schunk Gripper - LEFT FINGER BASE.STL
[2.251s] -- Installing: /home/yuritvr/PFC/wenis_ws/install/irb120_ros2_gazebo/share/irb120_ros2_gazebo/meshes/egp64/Schunk Gripper - LEFT FINGER BASE.dae
[2.253s] -- Installing: /home/yuritvr/PFC/wenis_ws/install/irb120_ros2_gazebo/share/irb120_ros2_gazebo/meshes/egp64/Schunk Gripper - RIGHT FINGER BASE.STL
[2.254s] -- Installing: /home/yuritvr/PFC/wenis_ws/install/irb120_ros2_gazebo/share/irb120_ros2_gazebo/meshes/egp64/Schunk Gripper - RIGHT FINGER BASE.dae
[2.254s] -- Installing: /home/yuritvr/PFC/wenis_ws/install/irb120_ros2_gazebo/share/irb120_ros2_gazebo/meshes/egp64/Schunk Gripper - BASE noAdapter.STL
[2.257s] -- Installing: /home/yuritvr/PFC/wenis_ws/install/irb120_ros2_gazebo/share/irb120_ros2_gazebo/meshes/egp64/Schunk Gripper - ADAPTER.dae
[2.263s] -- Installing: /home/yuritvr/PFC/wenis_ws/install/irb120_ros2_gazebo/share/irb120_ros2_gazebo/meshes/egp64/Schunk Gripper - LEFT FINGER.STL
[2.263s] -- Installing: /home/yuritvr/PFC/wenis_ws/install/irb120_ros2_gazebo/share/irb120_ros2_gazebo/meshes/egp64/Schunk Gripper - ADAPTER.STL
[2.263s] -- Installing: /home/yuritvr/PFC/wenis_ws/install/irb120_ros2_gazebo/share/irb120_ros2_gazebo/meshes/egp64/Schunk Gripper - Cranfield Robotics.dae
[2.264s] -- Installing: /home/yuritvr/PFC/wenis_ws/install/irb120_ros2_gazebo/share/irb120_ros2_gazebo/meshes/egp64/Schunk Gripper - RIGHT FINGER.STL
[2.265s] -- Installing: /home/yuritvr/PFC/wenis_ws/install/irb120_ros2_gazebo/share/irb120_ros2_gazebo/meshes/irb120_cell.dae
[2.265s] -- Installing: /home/yuritvr/PFC/wenis_ws/install/irb120_ros2_gazebo/share/irb120_ros2_gazebo/meshes/collision
[2.265s] -- Installing: /home/yuritvr/PFC/wenis_ws/install/irb120_ros2_gazebo/share/irb120_ros2_gazebo/meshes/collision/link_4.stl
[2.265s] -- Installing: /home/yuritvr/PFC/wenis_ws/install/irb120_ros2_gazebo/share/irb120_ros2_gazebo/meshes/collision/base_link.stl
[2.265s] -- Installing: /home/yuritvr/PFC/wenis_ws/install/irb120_ros2_gazebo/share/irb120_ros2_gazebo/meshes/collision/link_2.stl
[2.265s] -- Installing: /home/yuritvr/PFC/wenis_ws/install/irb120_ros2_gazebo/share/irb120_ros2_gazebo/meshes/collision/link_6.stl
[2.266s] -- Installing: /home/yuritvr/PFC/wenis_ws/install/irb120_ros2_gazebo/share/irb120_ros2_gazebo/meshes/collision/link_1.stl
[2.266s] -- Installing: /home/yuritvr/PFC/wenis_ws/install/irb120_ros2_gazebo/share/irb120_ros2_gazebo/meshes/collision/link_5.stl
[2.266s] -- Installing: /home/yuritvr/PFC/wenis_ws/install/irb120_ros2_gazebo/share/irb120_ros2_gazebo/meshes/collision/link_3.stl
[2.266s] -- Installing: /home/yuritvr/PFC/wenis_ws/install/irb120_ros2_gazebo/share/ament_index/resource_index/package_run_dependencies/irb120_ros2_gazebo
[2.266s] -- Installing: /home/yuritvr/PFC/wenis_ws/install/irb120_ros2_gazebo/share/ament_index/resource_index/parent_prefix_path/irb120_ros2_gazebo
[2.267s] -- Installing: /home/yuritvr/PFC/wenis_ws/install/irb120_ros2_gazebo/share/irb120_ros2_gazebo/environment/ament_prefix_path.sh
[2.267s] -- Installing: /home/yuritvr/PFC/wenis_ws/install/irb120_ros2_gazebo/share/irb120_ros2_gazebo/environment/ament_prefix_path.dsv
[2.271s] -- Installing: /home/yuritvr/PFC/wenis_ws/install/irb120_ros2_gazebo/share/irb120_ros2_gazebo/environment/path.sh
[2.274s] -- Installing: /home/yuritvr/PFC/wenis_ws/install/irb120_ros2_gazebo/share/irb120_ros2_gazebo/environment/path.dsv
[2.275s] -- Installing: /home/yuritvr/PFC/wenis_ws/install/irb120_ros2_gazebo/share/irb120_ros2_gazebo/local_setup.bash
[2.275s] -- Installing: /home/yuritvr/PFC/wenis_ws/install/irb120_ros2_gazebo/share/irb120_ros2_gazebo/local_setup.sh
[2.275s] -- Installing: /home/yuritvr/PFC/wenis_ws/install/irb120_ros2_gazebo/share/irb120_ros2_gazebo/local_setup.zsh
[2.276s] -- Installing: /home/yuritvr/PFC/wenis_ws/install/irb120_ros2_gazebo/share/irb120_ros2_gazebo/local_setup.dsv
[2.276s] -- Installing: /home/yuritvr/PFC/wenis_ws/install/irb120_ros2_gazebo/share/irb120_ros2_gazebo/package.dsv
[2.276s] -- Installing: /home/yuritvr/PFC/wenis_ws/install/irb120_ros2_gazebo/share/ament_index/resource_index/packages/irb120_ros2_gazebo
[2.276s] -- Installing: /home/yuritvr/PFC/wenis_ws/install/irb120_ros2_gazebo/share/irb120_ros2_gazebo/cmake/irb120_ros2_gazeboConfig.cmake
[2.276s] -- Installing: /home/yuritvr/PFC/wenis_ws/install/irb120_ros2_gazebo/share/irb120_ros2_gazebo/cmake/irb120_ros2_gazeboConfig-version.cmake
[2.276s] -- Installing: /home/yuritvr/PFC/wenis_ws/install/irb120_ros2_gazebo/share/irb120_ros2_gazebo/package.xml
[2.283s] Invoked command in '/home/yuritvr/PFC/wenis_ws/build/irb120_ros2_gazebo' returned '0': CMAKE_PREFIX_PATH=/opt/ros/humble /usr/bin/cmake --install /home/yuritvr/PFC/wenis_ws/build/irb120_ros2_gazebo
