[0.936s] Invoking command in '/home/yuritvr/PFC/wenis_ws/src/ros2_manipulator/robotiq_85_gripper/robotiq_85_driver': AMENT_PREFIX_PATH=/home/yuritvr/PFC/wenis_ws/install/robotiq_85_msgs CMAKE_PREFIX_PATH=/home/yuritvr/PFC/wenis_ws/install/robotiq_85_msgs LD_LIBRARY_PATH=/home/yuritvr/PFC/wenis_ws/install/robotiq_85_msgs/lib PYTHONPATH=/home/yuritvr/PFC/wenis_ws/build/robotiq_85_driver/prefix_override:/usr/lib/python3/dist-packages/colcon_core/task/python/colcon_distutils_commands:/home/yuritvr/PFC/wenis_ws/install/robotiq_85_driver/lib/python3.10/site-packages:/home/yuritvr/PFC/wenis_ws/install/robotiq_85_msgs/local/lib/python3.10/dist-packages /usr/bin/python3 -W ignore:setup.py install is deprecated setup.py egg_info --egg-base ../../../../build/robotiq_85_driver build --build-base /home/yuritvr/PFC/wenis_ws/build/robotiq_85_driver/build install --record /home/yuritvr/PFC/wenis_ws/build/robotiq_85_driver/install.log --install-scripts $base/lib/robotiq_85_driver --single-version-externally-managed install_data
[1.327s] /usr/lib/python3/dist-packages/setuptools/dist.py:723: UserWarning: Usage of dash-separated 'script-dir' will not be supported in future versions. Please use the underscore name 'script_dir' instead
[1.328s]   warnings.warn(
[1.339s] running egg_info
[1.340s] writing ../../../../build/robotiq_85_driver/robotiq_85_driver.egg-info/PKG-INFO
[1.341s] writing dependency_links to ../../../../build/robotiq_85_driver/robotiq_85_driver.egg-info/dependency_links.txt
[1.341s] writing entry points to ../../../../build/robotiq_85_driver/robotiq_85_driver.egg-info/entry_points.txt
[1.341s] writing requirements to ../../../../build/robotiq_85_driver/robotiq_85_driver.egg-info/requires.txt
[1.341s] writing top-level names to ../../../../build/robotiq_85_driver/robotiq_85_driver.egg-info/top_level.txt
[1.344s] reading manifest file '../../../../build/robotiq_85_driver/robotiq_85_driver.egg-info/SOURCES.txt'
[1.345s] writing manifest file '../../../../build/robotiq_85_driver/robotiq_85_driver.egg-info/SOURCES.txt'
[1.346s] running build
[1.346s] running build_py
[1.347s] running install
[1.348s] running install_lib
[1.350s] running install_data
[1.350s] running install_egg_info
[1.353s] removing '/home/yuritvr/PFC/wenis_ws/install/robotiq_85_driver/lib/python3.10/site-packages/robotiq_85_driver-1.0.0-py3.10.egg-info' (and everything under it)
[1.353s] Copying ../../../../build/robotiq_85_driver/robotiq_85_driver.egg-info to /home/yuritvr/PFC/wenis_ws/install/robotiq_85_driver/lib/python3.10/site-packages/robotiq_85_driver-1.0.0-py3.10.egg-info
[1.354s] running install_scripts
[1.383s] Installing robotiq_85_driver script to /home/yuritvr/PFC/wenis_ws/install/robotiq_85_driver/lib/robotiq_85_driver
[1.383s] Installing robotiq_85_test script to /home/yuritvr/PFC/wenis_ws/install/robotiq_85_driver/lib/robotiq_85_driver
[1.384s] Installing robotiq_85_test_close script to /home/yuritvr/PFC/wenis_ws/install/robotiq_85_driver/lib/robotiq_85_driver
[1.384s] Installing single_robotiq_85_action_server script to /home/yuritvr/PFC/wenis_ws/install/robotiq_85_driver/lib/robotiq_85_driver
[1.385s] writing list of installed files to '/home/yuritvr/PFC/wenis_ws/build/robotiq_85_driver/install.log'
[1.412s] Invoked command in '/home/yuritvr/PFC/wenis_ws/src/ros2_manipulator/robotiq_85_gripper/robotiq_85_driver' returned '0': AMENT_PREFIX_PATH=/home/yuritvr/PFC/wenis_ws/install/robotiq_85_msgs CMAKE_PREFIX_PATH=/home/yuritvr/PFC/wenis_ws/install/robotiq_85_msgs LD_LIBRARY_PATH=/home/yuritvr/PFC/wenis_ws/install/robotiq_85_msgs/lib PYTHONPATH=/home/yuritvr/PFC/wenis_ws/build/robotiq_85_driver/prefix_override:/usr/lib/python3/dist-packages/colcon_core/task/python/colcon_distutils_commands:/home/yuritvr/PFC/wenis_ws/install/robotiq_85_driver/lib/python3.10/site-packages:/home/yuritvr/PFC/wenis_ws/install/robotiq_85_msgs/local/lib/python3.10/dist-packages /usr/bin/python3 -W ignore:setup.py install is deprecated setup.py egg_info --egg-base ../../../../build/robotiq_85_driver build --build-base /home/yuritvr/PFC/wenis_ws/build/robotiq_85_driver/build install --record /home/yuritvr/PFC/wenis_ws/build/robotiq_85_driver/install.log --install-scripts $base/lib/robotiq_85_driver --single-version-externally-managed install_data
