[0.204s] DEBUG:colcon:Command line arguments: ['/usr/bin/colcon', 'build']
[0.205s] DEBUG:colcon:Parsed command line arguments: Namespace(log_base=None, log_level=None, verb_name='build', build_base='build', install_base='install', merge_install=False, symlink_install=False, test_result_base=None, continue_on_error=False, executor='parallel', parallel_workers=8, event_handlers=None, ignore_user_meta=False, metas=['./colcon.meta'], base_paths=['.'], packages_ignore=None, packages_ignore_regex=None, paths=None, packages_up_to=None, packages_up_to_regex=None, packages_above=None, packages_above_and_dependencies=None, packages_above_depth=None, packages_select_by_dep=None, packages_skip_by_dep=None, packages_skip_up_to=None, packages_select_build_failed=False, packages_skip_build_finished=False, packages_select_test_failures=False, packages_skip_test_passed=False, packages_select=None, packages_skip=None, packages_select_regex=None, packages_skip_regex=None, packages_start=None, packages_end=None, allow_overriding=[], cmake_args=None, cmake_target=None, cmake_target_skip_unavailable=False, cmake_clean_cache=False, cmake_clean_first=False, cmake_force_configure=False, ament_cmake_args=None, catkin_cmake_args=None, catkin_skip_building_tests=False, mixin_files=None, mixin=None, verb_parser=<colcon_mixin.mixin.mixin_argument.MixinArgumentDecorator object at 0x7e55008de260>, verb_extension=<colcon_core.verb.build.BuildVerb object at 0x7e5500aae650>, main=<bound method BuildVerb.main of <colcon_core.verb.build.BuildVerb object at 0x7e5500aae650>>, mixin_verb=('build',))
[0.462s] Level 1:colcon.colcon_core.package_discovery:discover_packages(colcon_meta) check parameters
[0.462s] Level 1:colcon.colcon_core.package_discovery:discover_packages(recursive) check parameters
[0.463s] Level 1:colcon.colcon_core.package_discovery:discover_packages(ignore) check parameters
[0.463s] Level 1:colcon.colcon_core.package_discovery:discover_packages(path) check parameters
[0.463s] Level 1:colcon.colcon_core.package_discovery:discover_packages(colcon_meta) discover
[0.463s] Level 1:colcon.colcon_core.package_discovery:discover_packages(recursive) discover
[0.463s] INFO:colcon.colcon_core.package_discovery:Crawling recursively for packages in '/home/yuritvr/PFC/pfc_ws'
[0.463s] Level 1:colcon.colcon_core.package_identification:_identify(.) by extensions ['ignore', 'ignore_ament_install']
[0.463s] Level 1:colcon.colcon_core.package_identification:_identify(.) by extension 'ignore'
[0.463s] Level 1:colcon.colcon_core.package_identification:_identify(.) by extension 'ignore_ament_install'
[0.463s] Level 1:colcon.colcon_core.package_identification:_identify(.) by extensions ['colcon_pkg']
[0.463s] Level 1:colcon.colcon_core.package_identification:_identify(.) by extension 'colcon_pkg'
[0.463s] Level 1:colcon.colcon_core.package_identification:_identify(.) by extensions ['colcon_meta']
[0.464s] Level 1:colcon.colcon_core.package_identification:_identify(.) by extension 'colcon_meta'
[0.464s] Level 1:colcon.colcon_core.package_identification:_identify(.) by extensions ['ros']
[0.464s] Level 1:colcon.colcon_core.package_identification:_identify(.) by extension 'ros'
[0.479s] Level 1:colcon.colcon_core.package_identification:_identify(.) by extensions ['cmake', 'python']
[0.480s] Level 1:colcon.colcon_core.package_identification:_identify(.) by extension 'cmake'
[0.480s] Level 1:colcon.colcon_core.package_identification:_identify(.) by extension 'python'
[0.480s] Level 1:colcon.colcon_core.package_identification:_identify(.) by extensions ['python_setup_py']
[0.480s] Level 1:colcon.colcon_core.package_identification:_identify(.) by extension 'python_setup_py'
[0.480s] Level 1:colcon.colcon_core.package_identification:_identify(build) by extensions ['ignore', 'ignore_ament_install']
[0.480s] Level 1:colcon.colcon_core.package_identification:_identify(build) by extension 'ignore'
[0.480s] Level 1:colcon.colcon_core.package_identification:_identify(build) ignored
[0.480s] Level 1:colcon.colcon_core.package_identification:_identify(install) by extensions ['ignore', 'ignore_ament_install']
[0.480s] Level 1:colcon.colcon_core.package_identification:_identify(install) by extension 'ignore'
[0.480s] Level 1:colcon.colcon_core.package_identification:_identify(install) ignored
[0.481s] Level 1:colcon.colcon_core.package_identification:_identify(log) by extensions ['ignore', 'ignore_ament_install']
[0.481s] Level 1:colcon.colcon_core.package_identification:_identify(log) by extension 'ignore'
[0.481s] Level 1:colcon.colcon_core.package_identification:_identify(log) ignored
[0.481s] Level 1:colcon.colcon_core.package_identification:_identify(src) by extensions ['ignore', 'ignore_ament_install']
[0.481s] Level 1:colcon.colcon_core.package_identification:_identify(src) by extension 'ignore'
[0.481s] Level 1:colcon.colcon_core.package_identification:_identify(src) by extension 'ignore_ament_install'
[0.481s] Level 1:colcon.colcon_core.package_identification:_identify(src) by extensions ['colcon_pkg']
[0.481s] Level 1:colcon.colcon_core.package_identification:_identify(src) by extension 'colcon_pkg'
[0.481s] Level 1:colcon.colcon_core.package_identification:_identify(src) by extensions ['colcon_meta']
[0.481s] Level 1:colcon.colcon_core.package_identification:_identify(src) by extension 'colcon_meta'
[0.481s] Level 1:colcon.colcon_core.package_identification:_identify(src) by extensions ['ros']
[0.481s] Level 1:colcon.colcon_core.package_identification:_identify(src) by extension 'ros'
[0.482s] Level 1:colcon.colcon_core.package_identification:_identify(src) by extensions ['cmake', 'python']
[0.482s] Level 1:colcon.colcon_core.package_identification:_identify(src) by extension 'cmake'
[0.482s] Level 1:colcon.colcon_core.package_identification:_identify(src) by extension 'python'
[0.482s] Level 1:colcon.colcon_core.package_identification:_identify(src) by extensions ['python_setup_py']
[0.482s] Level 1:colcon.colcon_core.package_identification:_identify(src) by extension 'python_setup_py'
[0.482s] Level 1:colcon.colcon_core.package_identification:_identify(src/arm_pkg) by extensions ['ignore', 'ignore_ament_install']
[0.482s] Level 1:colcon.colcon_core.package_identification:_identify(src/arm_pkg) by extension 'ignore'
[0.482s] Level 1:colcon.colcon_core.package_identification:_identify(src/arm_pkg) by extension 'ignore_ament_install'
[0.482s] Level 1:colcon.colcon_core.package_identification:_identify(src/arm_pkg) by extensions ['colcon_pkg']
[0.482s] Level 1:colcon.colcon_core.package_identification:_identify(src/arm_pkg) by extension 'colcon_pkg'
[0.482s] Level 1:colcon.colcon_core.package_identification:_identify(src/arm_pkg) by extensions ['colcon_meta']
[0.482s] Level 1:colcon.colcon_core.package_identification:_identify(src/arm_pkg) by extension 'colcon_meta'
[0.482s] Level 1:colcon.colcon_core.package_identification:_identify(src/arm_pkg) by extensions ['ros']
[0.483s] Level 1:colcon.colcon_core.package_identification:_identify(src/arm_pkg) by extension 'ros'
[0.486s] DEBUG:colcon.colcon_core.package_identification:Package 'src/arm_pkg' with type 'ros.ament_cmake' and name 'arm_pkg'
[0.486s] Level 1:colcon.colcon_core.package_identification:_identify(src/arm_pkg_moveit_config) by extensions ['ignore', 'ignore_ament_install']
[0.487s] Level 1:colcon.colcon_core.package_identification:_identify(src/arm_pkg_moveit_config) by extension 'ignore'
[0.487s] Level 1:colcon.colcon_core.package_identification:_identify(src/arm_pkg_moveit_config) by extension 'ignore_ament_install'
[0.487s] Level 1:colcon.colcon_core.package_identification:_identify(src/arm_pkg_moveit_config) by extensions ['colcon_pkg']
[0.487s] Level 1:colcon.colcon_core.package_identification:_identify(src/arm_pkg_moveit_config) by extension 'colcon_pkg'
[0.487s] Level 1:colcon.colcon_core.package_identification:_identify(src/arm_pkg_moveit_config) by extensions ['colcon_meta']
[0.487s] Level 1:colcon.colcon_core.package_identification:_identify(src/arm_pkg_moveit_config) by extension 'colcon_meta'
[0.487s] Level 1:colcon.colcon_core.package_identification:_identify(src/arm_pkg_moveit_config) by extensions ['ros']
[0.487s] Level 1:colcon.colcon_core.package_identification:_identify(src/arm_pkg_moveit_config) by extension 'ros'
[0.488s] DEBUG:colcon.colcon_core.package_identification:Package 'src/arm_pkg_moveit_config' with type 'ros.ament_cmake' and name 'moveit_config'
[0.489s] Level 1:colcon.colcon_core.package_identification:_identify(src/pfcbot) by extensions ['ignore', 'ignore_ament_install']
[0.489s] Level 1:colcon.colcon_core.package_identification:_identify(src/pfcbot) by extension 'ignore'
[0.489s] Level 1:colcon.colcon_core.package_identification:_identify(src/pfcbot) by extension 'ignore_ament_install'
[0.489s] Level 1:colcon.colcon_core.package_identification:_identify(src/pfcbot) by extensions ['colcon_pkg']
[0.489s] Level 1:colcon.colcon_core.package_identification:_identify(src/pfcbot) by extension 'colcon_pkg'
[0.489s] Level 1:colcon.colcon_core.package_identification:_identify(src/pfcbot) by extensions ['colcon_meta']
[0.489s] Level 1:colcon.colcon_core.package_identification:_identify(src/pfcbot) by extension 'colcon_meta'
[0.489s] Level 1:colcon.colcon_core.package_identification:_identify(src/pfcbot) by extensions ['ros']
[0.489s] Level 1:colcon.colcon_core.package_identification:_identify(src/pfcbot) by extension 'ros'
[0.491s] DEBUG:colcon.colcon_core.package_identification:Package 'src/pfcbot' with type 'ros.ament_cmake' and name 'pfcbot'
[0.491s] Level 1:colcon.colcon_core.package_identification:_identify(src/pfcbot_moveit_config) by extensions ['ignore', 'ignore_ament_install']
[0.491s] Level 1:colcon.colcon_core.package_identification:_identify(src/pfcbot_moveit_config) by extension 'ignore'
[0.491s] Level 1:colcon.colcon_core.package_identification:_identify(src/pfcbot_moveit_config) by extension 'ignore_ament_install'
[0.491s] Level 1:colcon.colcon_core.package_identification:_identify(src/pfcbot_moveit_config) by extensions ['colcon_pkg']
[0.491s] Level 1:colcon.colcon_core.package_identification:_identify(src/pfcbot_moveit_config) by extension 'colcon_pkg'
[0.491s] Level 1:colcon.colcon_core.package_identification:_identify(src/pfcbot_moveit_config) by extensions ['colcon_meta']
[0.491s] Level 1:colcon.colcon_core.package_identification:_identify(src/pfcbot_moveit_config) by extension 'colcon_meta'
[0.491s] Level 1:colcon.colcon_core.package_identification:_identify(src/pfcbot_moveit_config) by extensions ['ros']
[0.492s] Level 1:colcon.colcon_core.package_identification:_identify(src/pfcbot_moveit_config) by extension 'ros'
[0.492s] Level 1:colcon.colcon_core.package_identification:_identify(src/pfcbot_moveit_config) by extensions ['cmake', 'python']
[0.492s] Level 1:colcon.colcon_core.package_identification:_identify(src/pfcbot_moveit_config) by extension 'cmake'
[0.492s] Level 1:colcon.colcon_core.package_identification:_identify(src/pfcbot_moveit_config) by extension 'python'
[0.492s] Level 1:colcon.colcon_core.package_identification:_identify(src/pfcbot_moveit_config) by extensions ['python_setup_py']
[0.492s] Level 1:colcon.colcon_core.package_identification:_identify(src/pfcbot_moveit_config) by extension 'python_setup_py'
[0.492s] Level 1:colcon.colcon_core.package_identification:_identify(src/xarm_description) by extensions ['ignore', 'ignore_ament_install']
[0.492s] Level 1:colcon.colcon_core.package_identification:_identify(src/xarm_description) by extension 'ignore'
[0.492s] Level 1:colcon.colcon_core.package_identification:_identify(src/xarm_description) by extension 'ignore_ament_install'
[0.492s] Level 1:colcon.colcon_core.package_identification:_identify(src/xarm_description) by extensions ['colcon_pkg']
[0.492s] Level 1:colcon.colcon_core.package_identification:_identify(src/xarm_description) by extension 'colcon_pkg'
[0.492s] Level 1:colcon.colcon_core.package_identification:_identify(src/xarm_description) by extensions ['colcon_meta']
[0.492s] Level 1:colcon.colcon_core.package_identification:_identify(src/xarm_description) by extension 'colcon_meta'
[0.493s] Level 1:colcon.colcon_core.package_identification:_identify(src/xarm_description) by extensions ['ros']
[0.493s] Level 1:colcon.colcon_core.package_identification:_identify(src/xarm_description) by extension 'ros'
[0.493s] DEBUG:colcon.colcon_core.package_identification:Package 'src/xarm_description' with type 'ros.ament_cmake' and name 'xarm_description'
[0.493s] Level 1:colcon.colcon_core.package_discovery:discover_packages(recursive) using defaults
[0.494s] Level 1:colcon.colcon_core.package_discovery:discover_packages(ignore) discover
[0.494s] Level 1:colcon.colcon_core.package_discovery:discover_packages(ignore) using defaults
[0.494s] Level 1:colcon.colcon_core.package_discovery:discover_packages(path) discover
[0.494s] Level 1:colcon.colcon_core.package_discovery:discover_packages(path) using defaults
[0.533s] Level 1:colcon.colcon_core.package_discovery:discover_packages(prefix_path) check parameters
[0.533s] Level 1:colcon.colcon_core.package_discovery:discover_packages(prefix_path) discover
[0.537s] DEBUG:colcon.colcon_installed_package_information.package_discovery:Found 355 installed packages in /opt/ros/humble
[0.540s] Level 1:colcon.colcon_core.package_discovery:discover_packages(prefix_path) using defaults
[0.607s] Level 5:colcon.colcon_core.verb:set package 'arm_pkg' build argument 'cmake_args' from command line to 'None'
[0.607s] Level 5:colcon.colcon_core.verb:set package 'arm_pkg' build argument 'cmake_target' from command line to 'None'
[0.607s] Level 5:colcon.colcon_core.verb:set package 'arm_pkg' build argument 'cmake_target_skip_unavailable' from command line to 'False'
[0.607s] Level 5:colcon.colcon_core.verb:set package 'arm_pkg' build argument 'cmake_clean_cache' from command line to 'False'
[0.607s] Level 5:colcon.colcon_core.verb:set package 'arm_pkg' build argument 'cmake_clean_first' from command line to 'False'
[0.607s] Level 5:colcon.colcon_core.verb:set package 'arm_pkg' build argument 'cmake_force_configure' from command line to 'False'
[0.607s] Level 5:colcon.colcon_core.verb:set package 'arm_pkg' build argument 'ament_cmake_args' from command line to 'None'
[0.607s] Level 5:colcon.colcon_core.verb:set package 'arm_pkg' build argument 'catkin_cmake_args' from command line to 'None'
[0.607s] Level 5:colcon.colcon_core.verb:set package 'arm_pkg' build argument 'catkin_skip_building_tests' from command line to 'False'
[0.607s] DEBUG:colcon.colcon_core.verb:Building package 'arm_pkg' with the following arguments: {'ament_cmake_args': None, 'build_base': '/home/yuritvr/PFC/pfc_ws/build/arm_pkg', 'catkin_cmake_args': None, 'catkin_skip_building_tests': False, 'cmake_args': None, 'cmake_clean_cache': False, 'cmake_clean_first': False, 'cmake_force_configure': False, 'cmake_target': None, 'cmake_target_skip_unavailable': False, 'install_base': '/home/yuritvr/PFC/pfc_ws/install/arm_pkg', 'merge_install': False, 'path': '/home/yuritvr/PFC/pfc_ws/src/arm_pkg', 'symlink_install': False, 'test_result_base': None}
[0.608s] Level 5:colcon.colcon_core.verb:set package 'pfcbot' build argument 'cmake_args' from command line to 'None'
[0.608s] Level 5:colcon.colcon_core.verb:set package 'pfcbot' build argument 'cmake_target' from command line to 'None'
[0.608s] Level 5:colcon.colcon_core.verb:set package 'pfcbot' build argument 'cmake_target_skip_unavailable' from command line to 'False'
[0.608s] Level 5:colcon.colcon_core.verb:set package 'pfcbot' build argument 'cmake_clean_cache' from command line to 'False'
[0.608s] Level 5:colcon.colcon_core.verb:set package 'pfcbot' build argument 'cmake_clean_first' from command line to 'False'
[0.608s] Level 5:colcon.colcon_core.verb:set package 'pfcbot' build argument 'cmake_force_configure' from command line to 'False'
[0.608s] Level 5:colcon.colcon_core.verb:set package 'pfcbot' build argument 'ament_cmake_args' from command line to 'None'
[0.608s] Level 5:colcon.colcon_core.verb:set package 'pfcbot' build argument 'catkin_cmake_args' from command line to 'None'
[0.608s] Level 5:colcon.colcon_core.verb:set package 'pfcbot' build argument 'catkin_skip_building_tests' from command line to 'False'
[0.608s] DEBUG:colcon.colcon_core.verb:Building package 'pfcbot' with the following arguments: {'ament_cmake_args': None, 'build_base': '/home/yuritvr/PFC/pfc_ws/build/pfcbot', 'catkin_cmake_args': None, 'catkin_skip_building_tests': False, 'cmake_args': None, 'cmake_clean_cache': False, 'cmake_clean_first': False, 'cmake_force_configure': False, 'cmake_target': None, 'cmake_target_skip_unavailable': False, 'install_base': '/home/yuritvr/PFC/pfc_ws/install/pfcbot', 'merge_install': False, 'path': '/home/yuritvr/PFC/pfc_ws/src/pfcbot', 'symlink_install': False, 'test_result_base': None}
[0.609s] Level 5:colcon.colcon_core.verb:set package 'xarm_description' build argument 'cmake_args' from command line to 'None'
[0.609s] Level 5:colcon.colcon_core.verb:set package 'xarm_description' build argument 'cmake_target' from command line to 'None'
[0.609s] Level 5:colcon.colcon_core.verb:set package 'xarm_description' build argument 'cmake_target_skip_unavailable' from command line to 'False'
[0.609s] Level 5:colcon.colcon_core.verb:set package 'xarm_description' build argument 'cmake_clean_cache' from command line to 'False'
[0.609s] Level 5:colcon.colcon_core.verb:set package 'xarm_description' build argument 'cmake_clean_first' from command line to 'False'
[0.609s] Level 5:colcon.colcon_core.verb:set package 'xarm_description' build argument 'cmake_force_configure' from command line to 'False'
[0.609s] Level 5:colcon.colcon_core.verb:set package 'xarm_description' build argument 'ament_cmake_args' from command line to 'None'
[0.609s] Level 5:colcon.colcon_core.verb:set package 'xarm_description' build argument 'catkin_cmake_args' from command line to 'None'
[0.609s] Level 5:colcon.colcon_core.verb:set package 'xarm_description' build argument 'catkin_skip_building_tests' from command line to 'False'
[0.609s] DEBUG:colcon.colcon_core.verb:Building package 'xarm_description' with the following arguments: {'ament_cmake_args': None, 'build_base': '/home/yuritvr/PFC/pfc_ws/build/xarm_description', 'catkin_cmake_args': None, 'catkin_skip_building_tests': False, 'cmake_args': None, 'cmake_clean_cache': False, 'cmake_clean_first': False, 'cmake_force_configure': False, 'cmake_target': None, 'cmake_target_skip_unavailable': False, 'install_base': '/home/yuritvr/PFC/pfc_ws/install/xarm_description', 'merge_install': False, 'path': '/home/yuritvr/PFC/pfc_ws/src/xarm_description', 'symlink_install': False, 'test_result_base': None}
[0.610s] Level 5:colcon.colcon_core.verb:set package 'moveit_config' build argument 'cmake_args' from command line to 'None'
[0.610s] Level 5:colcon.colcon_core.verb:set package 'moveit_config' build argument 'cmake_target' from command line to 'None'
[0.610s] Level 5:colcon.colcon_core.verb:set package 'moveit_config' build argument 'cmake_target_skip_unavailable' from command line to 'False'
[0.610s] Level 5:colcon.colcon_core.verb:set package 'moveit_config' build argument 'cmake_clean_cache' from command line to 'False'
[0.610s] Level 5:colcon.colcon_core.verb:set package 'moveit_config' build argument 'cmake_clean_first' from command line to 'False'
[0.610s] Level 5:colcon.colcon_core.verb:set package 'moveit_config' build argument 'cmake_force_configure' from command line to 'False'
[0.610s] Level 5:colcon.colcon_core.verb:set package 'moveit_config' build argument 'ament_cmake_args' from command line to 'None'
[0.610s] Level 5:colcon.colcon_core.verb:set package 'moveit_config' build argument 'catkin_cmake_args' from command line to 'None'
[0.610s] Level 5:colcon.colcon_core.verb:set package 'moveit_config' build argument 'catkin_skip_building_tests' from command line to 'False'
[0.610s] DEBUG:colcon.colcon_core.verb:Building package 'moveit_config' with the following arguments: {'ament_cmake_args': None, 'build_base': '/home/yuritvr/PFC/pfc_ws/build/moveit_config', 'catkin_cmake_args': None, 'catkin_skip_building_tests': False, 'cmake_args': None, 'cmake_clean_cache': False, 'cmake_clean_first': False, 'cmake_force_configure': False, 'cmake_target': None, 'cmake_target_skip_unavailable': False, 'install_base': '/home/yuritvr/PFC/pfc_ws/install/moveit_config', 'merge_install': False, 'path': '/home/yuritvr/PFC/pfc_ws/src/arm_pkg_moveit_config', 'symlink_install': False, 'test_result_base': None}
[0.610s] INFO:colcon.colcon_core.executor:Executing jobs using 'parallel' executor
[0.611s] DEBUG:colcon.colcon_parallel_executor.executor.parallel:run_until_complete
[0.612s] INFO:colcon.colcon_ros.task.ament_cmake.build:Building ROS package in '/home/yuritvr/PFC/pfc_ws/src/arm_pkg' with build type 'ament_cmake'
[0.612s] INFO:colcon.colcon_cmake.task.cmake.build:Building CMake package in '/home/yuritvr/PFC/pfc_ws/src/arm_pkg'
[0.615s] INFO:colcon.colcon_core.plugin_system:Skipping extension 'colcon_core.shell.bat': Not used on non-Windows systems
[0.615s] INFO:colcon.colcon_core.shell:Skip shell extension 'powershell' for command environment: Not usable outside of PowerShell
[0.615s] DEBUG:colcon.colcon_core.shell:Skip shell extension 'dsv' for command environment
[0.619s] INFO:colcon.colcon_ros.task.ament_cmake.build:Building ROS package in '/home/yuritvr/PFC/pfc_ws/src/pfcbot' with build type 'ament_cmake'
[0.620s] INFO:colcon.colcon_cmake.task.cmake.build:Building CMake package in '/home/yuritvr/PFC/pfc_ws/src/pfcbot'
[0.620s] INFO:colcon.colcon_core.shell:Skip shell extension 'powershell' for command environment: Not usable outside of PowerShell
[0.620s] DEBUG:colcon.colcon_core.shell:Skip shell extension 'dsv' for command environment
[0.624s] INFO:colcon.colcon_ros.task.ament_cmake.build:Building ROS package in '/home/yuritvr/PFC/pfc_ws/src/xarm_description' with build type 'ament_cmake'
[0.624s] INFO:colcon.colcon_cmake.task.cmake.build:Building CMake package in '/home/yuritvr/PFC/pfc_ws/src/xarm_description'
[0.624s] INFO:colcon.colcon_core.shell:Skip shell extension 'powershell' for command environment: Not usable outside of PowerShell
[0.624s] DEBUG:colcon.colcon_core.shell:Skip shell extension 'dsv' for command environment
[0.636s] DEBUG:colcon.colcon_core.event_handler.log_command:Invoking command in '/home/yuritvr/PFC/pfc_ws/build/arm_pkg': CMAKE_PREFIX_PATH=/opt/ros/humble /usr/bin/cmake --build /home/yuritvr/PFC/pfc_ws/build/arm_pkg -- -j8 -l8
[0.641s] DEBUG:colcon.colcon_core.event_handler.log_command:Invoking command in '/home/yuritvr/PFC/pfc_ws/build/pfcbot': CMAKE_PREFIX_PATH=/opt/ros/humble /usr/bin/cmake --build /home/yuritvr/PFC/pfc_ws/build/pfcbot -- -j8 -l8
[0.647s] DEBUG:colcon.colcon_core.event_handler.log_command:Invoking command in '/home/yuritvr/PFC/pfc_ws/build/xarm_description': CMAKE_PREFIX_PATH=/opt/ros/humble /usr/bin/cmake --build /home/yuritvr/PFC/pfc_ws/build/xarm_description -- -j8 -l8
[0.697s] DEBUG:colcon.colcon_core.event_handler.log_command:Invoked command in '/home/yuritvr/PFC/pfc_ws/build/pfcbot' returned '0': CMAKE_PREFIX_PATH=/opt/ros/humble /usr/bin/cmake --build /home/yuritvr/PFC/pfc_ws/build/pfcbot -- -j8 -l8
[0.703s] DEBUG:colcon.colcon_core.event_handler.log_command:Invoked command in '/home/yuritvr/PFC/pfc_ws/build/xarm_description' returned '0': CMAKE_PREFIX_PATH=/opt/ros/humble /usr/bin/cmake --build /home/yuritvr/PFC/pfc_ws/build/xarm_description -- -j8 -l8
[0.706s] DEBUG:colcon.colcon_core.event_handler.log_command:Invoked command in '/home/yuritvr/PFC/pfc_ws/build/arm_pkg' returned '0': CMAKE_PREFIX_PATH=/opt/ros/humble /usr/bin/cmake --build /home/yuritvr/PFC/pfc_ws/build/arm_pkg -- -j8 -l8
[0.745s] DEBUG:colcon.colcon_core.event_handler.log_command:Invoking command in '/home/yuritvr/PFC/pfc_ws/build/pfcbot': CMAKE_PREFIX_PATH=/opt/ros/humble /usr/bin/cmake --install /home/yuritvr/PFC/pfc_ws/build/pfcbot
[0.748s] DEBUG:colcon.colcon_core.event_handler.log_command:Invoking command in '/home/yuritvr/PFC/pfc_ws/build/xarm_description': CMAKE_PREFIX_PATH=/opt/ros/humble /usr/bin/cmake --install /home/yuritvr/PFC/pfc_ws/build/xarm_description
[0.751s] DEBUG:colcon.colcon_core.event_handler.log_command:Invoking command in '/home/yuritvr/PFC/pfc_ws/build/arm_pkg': CMAKE_PREFIX_PATH=/opt/ros/humble /usr/bin/cmake --install /home/yuritvr/PFC/pfc_ws/build/arm_pkg
[0.766s] Level 1:colcon.colcon_core.environment:create_environment_scripts_only(pfcbot)
[0.767s] DEBUG:colcon.colcon_core.event_handler.log_command:Invoked command in '/home/yuritvr/PFC/pfc_ws/build/pfcbot' returned '0': CMAKE_PREFIX_PATH=/opt/ros/humble /usr/bin/cmake --install /home/yuritvr/PFC/pfc_ws/build/pfcbot
[0.787s] Level 1:colcon.colcon_core.environment:checking '/home/yuritvr/PFC/pfc_ws/install/pfcbot' for CMake module files
[0.790s] Level 1:colcon.colcon_core.environment:checking '/home/yuritvr/PFC/pfc_ws/install/pfcbot' for CMake config files
[0.795s] Level 1:colcon.colcon_core.shell:create_environment_hook('pfcbot', 'cmake_prefix_path')
[0.796s] INFO:colcon.colcon_core.shell:Creating environment hook '/home/yuritvr/PFC/pfc_ws/install/pfcbot/share/pfcbot/hook/cmake_prefix_path.ps1'
[0.799s] INFO:colcon.colcon_core.shell:Creating environment descriptor '/home/yuritvr/PFC/pfc_ws/install/pfcbot/share/pfcbot/hook/cmake_prefix_path.dsv'
[0.803s] INFO:colcon.colcon_core.shell:Creating environment hook '/home/yuritvr/PFC/pfc_ws/install/pfcbot/share/pfcbot/hook/cmake_prefix_path.sh'
[0.807s] Level 1:colcon.colcon_core.environment:checking '/home/yuritvr/PFC/pfc_ws/install/pfcbot/bin'
[0.808s] Level 1:colcon.colcon_core.environment:checking '/home/yuritvr/PFC/pfc_ws/install/pfcbot/lib/pkgconfig/pfcbot.pc'
[0.809s] Level 1:colcon.colcon_core.environment:checking '/home/yuritvr/PFC/pfc_ws/install/pfcbot/lib/python3.10/site-packages'
[0.810s] Level 1:colcon.colcon_core.environment:checking '/home/yuritvr/PFC/pfc_ws/install/pfcbot/bin'
[0.811s] INFO:colcon.colcon_core.shell:Creating package script '/home/yuritvr/PFC/pfc_ws/install/pfcbot/share/pfcbot/package.ps1'
[0.815s] INFO:colcon.colcon_core.shell:Creating package descriptor '/home/yuritvr/PFC/pfc_ws/install/pfcbot/share/pfcbot/package.dsv'
[0.819s] INFO:colcon.colcon_core.shell:Creating package script '/home/yuritvr/PFC/pfc_ws/install/pfcbot/share/pfcbot/package.sh'
[0.822s] INFO:colcon.colcon_core.shell:Creating package script '/home/yuritvr/PFC/pfc_ws/install/pfcbot/share/pfcbot/package.bash'
[0.826s] INFO:colcon.colcon_core.shell:Creating package script '/home/yuritvr/PFC/pfc_ws/install/pfcbot/share/pfcbot/package.zsh'
[0.829s] Level 1:colcon.colcon_core.environment:create_file_with_runtime_dependencies(/home/yuritvr/PFC/pfc_ws/install/pfcbot/share/colcon-core/packages/pfcbot)
[0.837s] Level 1:colcon.colcon_core.environment:create_environment_scripts_only(xarm_description)
[0.838s] Level 1:colcon.colcon_core.environment:checking '/home/yuritvr/PFC/pfc_ws/install/xarm_description' for CMake module files
[0.840s] DEBUG:colcon.colcon_core.event_handler.log_command:Invoked command in '/home/yuritvr/PFC/pfc_ws/build/xarm_description' returned '0': CMAKE_PREFIX_PATH=/opt/ros/humble /usr/bin/cmake --install /home/yuritvr/PFC/pfc_ws/build/xarm_description
[0.841s] Level 1:colcon.colcon_core.environment:checking '/home/yuritvr/PFC/pfc_ws/install/xarm_description' for CMake config files
[0.844s] Level 1:colcon.colcon_core.shell:create_environment_hook('xarm_description', 'cmake_prefix_path')
[0.845s] INFO:colcon.colcon_core.shell:Creating environment hook '/home/yuritvr/PFC/pfc_ws/install/xarm_description/share/xarm_description/hook/cmake_prefix_path.ps1'
[0.846s] INFO:colcon.colcon_core.shell:Creating environment descriptor '/home/yuritvr/PFC/pfc_ws/install/xarm_description/share/xarm_description/hook/cmake_prefix_path.dsv'
[0.847s] INFO:colcon.colcon_core.shell:Creating environment hook '/home/yuritvr/PFC/pfc_ws/install/xarm_description/share/xarm_description/hook/cmake_prefix_path.sh'
[0.849s] Level 1:colcon.colcon_core.environment:checking '/home/yuritvr/PFC/pfc_ws/install/xarm_description/bin'
[0.849s] Level 1:colcon.colcon_core.environment:checking '/home/yuritvr/PFC/pfc_ws/install/xarm_description/lib/pkgconfig/xarm_description.pc'
[0.850s] Level 1:colcon.colcon_core.environment:checking '/home/yuritvr/PFC/pfc_ws/install/xarm_description/lib/python3.10/site-packages'
[0.851s] Level 1:colcon.colcon_core.environment:checking '/home/yuritvr/PFC/pfc_ws/install/xarm_description/bin'
[0.852s] INFO:colcon.colcon_core.shell:Creating package script '/home/yuritvr/PFC/pfc_ws/install/xarm_description/share/xarm_description/package.ps1'
[0.854s] INFO:colcon.colcon_core.shell:Creating package descriptor '/home/yuritvr/PFC/pfc_ws/install/xarm_description/share/xarm_description/package.dsv'
[0.855s] INFO:colcon.colcon_core.shell:Creating package script '/home/yuritvr/PFC/pfc_ws/install/xarm_description/share/xarm_description/package.sh'
[0.857s] INFO:colcon.colcon_core.shell:Creating package script '/home/yuritvr/PFC/pfc_ws/install/xarm_description/share/xarm_description/package.bash'
[0.858s] INFO:colcon.colcon_core.shell:Creating package script '/home/yuritvr/PFC/pfc_ws/install/xarm_description/share/xarm_description/package.zsh'
[0.859s] Level 1:colcon.colcon_core.environment:create_file_with_runtime_dependencies(/home/yuritvr/PFC/pfc_ws/install/xarm_description/share/colcon-core/packages/xarm_description)
[0.863s] Level 1:colcon.colcon_core.environment:create_environment_scripts_only(arm_pkg)
[0.865s] DEBUG:colcon.colcon_core.event_handler.log_command:Invoked command in '/home/yuritvr/PFC/pfc_ws/build/arm_pkg' returned '0': CMAKE_PREFIX_PATH=/opt/ros/humble /usr/bin/cmake --install /home/yuritvr/PFC/pfc_ws/build/arm_pkg
[0.866s] Level 1:colcon.colcon_core.environment:checking '/home/yuritvr/PFC/pfc_ws/install/arm_pkg' for CMake module files
[0.868s] Level 1:colcon.colcon_core.environment:checking '/home/yuritvr/PFC/pfc_ws/install/arm_pkg' for CMake config files
[0.869s] Level 1:colcon.colcon_core.shell:create_environment_hook('arm_pkg', 'cmake_prefix_path')
[0.870s] INFO:colcon.colcon_core.shell:Creating environment hook '/home/yuritvr/PFC/pfc_ws/install/arm_pkg/share/arm_pkg/hook/cmake_prefix_path.ps1'
[0.871s] INFO:colcon.colcon_core.shell:Creating environment descriptor '/home/yuritvr/PFC/pfc_ws/install/arm_pkg/share/arm_pkg/hook/cmake_prefix_path.dsv'
[0.872s] INFO:colcon.colcon_core.shell:Creating environment hook '/home/yuritvr/PFC/pfc_ws/install/arm_pkg/share/arm_pkg/hook/cmake_prefix_path.sh'
[0.875s] Level 1:colcon.colcon_core.environment:checking '/home/yuritvr/PFC/pfc_ws/install/arm_pkg/bin'
[0.875s] Level 1:colcon.colcon_core.environment:checking '/home/yuritvr/PFC/pfc_ws/install/arm_pkg/lib/pkgconfig/arm_pkg.pc'
[0.876s] Level 1:colcon.colcon_core.environment:checking '/home/yuritvr/PFC/pfc_ws/install/arm_pkg/lib/python3.10/site-packages'
[0.877s] Level 1:colcon.colcon_core.environment:checking '/home/yuritvr/PFC/pfc_ws/install/arm_pkg/bin'
[0.878s] INFO:colcon.colcon_core.shell:Creating package script '/home/yuritvr/PFC/pfc_ws/install/arm_pkg/share/arm_pkg/package.ps1'
[0.879s] INFO:colcon.colcon_core.shell:Creating package descriptor '/home/yuritvr/PFC/pfc_ws/install/arm_pkg/share/arm_pkg/package.dsv'
[0.880s] INFO:colcon.colcon_core.shell:Creating package script '/home/yuritvr/PFC/pfc_ws/install/arm_pkg/share/arm_pkg/package.sh'
[0.882s] INFO:colcon.colcon_core.shell:Creating package script '/home/yuritvr/PFC/pfc_ws/install/arm_pkg/share/arm_pkg/package.bash'
[0.883s] INFO:colcon.colcon_core.shell:Creating package script '/home/yuritvr/PFC/pfc_ws/install/arm_pkg/share/arm_pkg/package.zsh'
[0.884s] Level 1:colcon.colcon_core.environment:create_file_with_runtime_dependencies(/home/yuritvr/PFC/pfc_ws/install/arm_pkg/share/colcon-core/packages/arm_pkg)
[0.915s] Level 1:colcon.colcon_core.environment:create_environment_scripts_only(pfcbot)
[0.916s] Level 1:colcon.colcon_core.environment:checking '/home/yuritvr/PFC/pfc_ws/install/pfcbot' for CMake module files
[0.918s] Level 1:colcon.colcon_core.environment:checking '/home/yuritvr/PFC/pfc_ws/install/pfcbot' for CMake config files
[0.919s] Level 1:colcon.colcon_core.shell:create_environment_hook('pfcbot', 'cmake_prefix_path')
[0.919s] INFO:colcon.colcon_core.shell:Creating environment hook '/home/yuritvr/PFC/pfc_ws/install/pfcbot/share/pfcbot/hook/cmake_prefix_path.ps1'
[0.921s] INFO:colcon.colcon_core.shell:Creating environment descriptor '/home/yuritvr/PFC/pfc_ws/install/pfcbot/share/pfcbot/hook/cmake_prefix_path.dsv'
[0.922s] INFO:colcon.colcon_core.shell:Creating environment hook '/home/yuritvr/PFC/pfc_ws/install/pfcbot/share/pfcbot/hook/cmake_prefix_path.sh'
[0.924s] Level 1:colcon.colcon_core.environment:checking '/home/yuritvr/PFC/pfc_ws/install/pfcbot/bin'
[0.924s] Level 1:colcon.colcon_core.environment:checking '/home/yuritvr/PFC/pfc_ws/install/pfcbot/lib/pkgconfig/pfcbot.pc'
[0.925s] Level 1:colcon.colcon_core.environment:checking '/home/yuritvr/PFC/pfc_ws/install/pfcbot/lib/python3.10/site-packages'
[0.926s] Level 1:colcon.colcon_core.environment:checking '/home/yuritvr/PFC/pfc_ws/install/pfcbot/bin'
[0.927s] INFO:colcon.colcon_core.shell:Creating package script '/home/yuritvr/PFC/pfc_ws/install/pfcbot/share/pfcbot/package.ps1'
[0.928s] INFO:colcon.colcon_core.shell:Creating package descriptor '/home/yuritvr/PFC/pfc_ws/install/pfcbot/share/pfcbot/package.dsv'
[0.930s] INFO:colcon.colcon_core.shell:Creating package script '/home/yuritvr/PFC/pfc_ws/install/pfcbot/share/pfcbot/package.sh'
[0.931s] INFO:colcon.colcon_core.shell:Creating package script '/home/yuritvr/PFC/pfc_ws/install/pfcbot/share/pfcbot/package.bash'
[0.933s] INFO:colcon.colcon_core.shell:Creating package script '/home/yuritvr/PFC/pfc_ws/install/pfcbot/share/pfcbot/package.zsh'
[0.934s] Level 1:colcon.colcon_core.environment:create_file_with_runtime_dependencies(/home/yuritvr/PFC/pfc_ws/install/pfcbot/share/colcon-core/packages/pfcbot)
[0.945s] Level 1:colcon.colcon_core.environment:create_environment_scripts_only(xarm_description)
[0.946s] Level 1:colcon.colcon_core.environment:checking '/home/yuritvr/PFC/pfc_ws/install/xarm_description' for CMake module files
[0.948s] Level 1:colcon.colcon_core.environment:checking '/home/yuritvr/PFC/pfc_ws/install/xarm_description' for CMake config files
[0.951s] Level 1:colcon.colcon_core.shell:create_environment_hook('xarm_description', 'cmake_prefix_path')
[0.952s] INFO:colcon.colcon_core.shell:Creating environment hook '/home/yuritvr/PFC/pfc_ws/install/xarm_description/share/xarm_description/hook/cmake_prefix_path.ps1'
[0.953s] INFO:colcon.colcon_core.shell:Creating environment descriptor '/home/yuritvr/PFC/pfc_ws/install/xarm_description/share/xarm_description/hook/cmake_prefix_path.dsv'
[0.954s] INFO:colcon.colcon_core.shell:Creating environment hook '/home/yuritvr/PFC/pfc_ws/install/xarm_description/share/xarm_description/hook/cmake_prefix_path.sh'
[0.956s] Level 1:colcon.colcon_core.environment:checking '/home/yuritvr/PFC/pfc_ws/install/xarm_description/bin'
[0.956s] Level 1:colcon.colcon_core.environment:checking '/home/yuritvr/PFC/pfc_ws/install/xarm_description/lib/pkgconfig/xarm_description.pc'
[0.957s] Level 1:colcon.colcon_core.environment:checking '/home/yuritvr/PFC/pfc_ws/install/xarm_description/lib/python3.10/site-packages'
[0.958s] Level 1:colcon.colcon_core.environment:checking '/home/yuritvr/PFC/pfc_ws/install/xarm_description/bin'
[0.959s] INFO:colcon.colcon_core.shell:Creating package script '/home/yuritvr/PFC/pfc_ws/install/xarm_description/share/xarm_description/package.ps1'
[0.961s] INFO:colcon.colcon_core.shell:Creating package descriptor '/home/yuritvr/PFC/pfc_ws/install/xarm_description/share/xarm_description/package.dsv'
[0.962s] INFO:colcon.colcon_core.shell:Creating package script '/home/yuritvr/PFC/pfc_ws/install/xarm_description/share/xarm_description/package.sh'
[0.964s] INFO:colcon.colcon_core.shell:Creating package script '/home/yuritvr/PFC/pfc_ws/install/xarm_description/share/xarm_description/package.bash'
[0.965s] INFO:colcon.colcon_core.shell:Creating package script '/home/yuritvr/PFC/pfc_ws/install/xarm_description/share/xarm_description/package.zsh'
[0.967s] Level 1:colcon.colcon_core.environment:create_file_with_runtime_dependencies(/home/yuritvr/PFC/pfc_ws/install/xarm_description/share/colcon-core/packages/xarm_description)
[0.975s] Level 1:colcon.colcon_core.environment:create_environment_scripts_only(arm_pkg)
[0.976s] Level 1:colcon.colcon_core.environment:checking '/home/yuritvr/PFC/pfc_ws/install/arm_pkg' for CMake module files
[0.978s] Level 1:colcon.colcon_core.environment:checking '/home/yuritvr/PFC/pfc_ws/install/arm_pkg' for CMake config files
[0.979s] Level 1:colcon.colcon_core.shell:create_environment_hook('arm_pkg', 'cmake_prefix_path')
[0.980s] INFO:colcon.colcon_core.shell:Creating environment hook '/home/yuritvr/PFC/pfc_ws/install/arm_pkg/share/arm_pkg/hook/cmake_prefix_path.ps1'
[0.981s] INFO:colcon.colcon_core.shell:Creating environment descriptor '/home/yuritvr/PFC/pfc_ws/install/arm_pkg/share/arm_pkg/hook/cmake_prefix_path.dsv'
[0.982s] INFO:colcon.colcon_core.shell:Creating environment hook '/home/yuritvr/PFC/pfc_ws/install/arm_pkg/share/arm_pkg/hook/cmake_prefix_path.sh'
[0.984s] Level 1:colcon.colcon_core.environment:checking '/home/yuritvr/PFC/pfc_ws/install/arm_pkg/bin'
[0.985s] Level 1:colcon.colcon_core.environment:checking '/home/yuritvr/PFC/pfc_ws/install/arm_pkg/lib/pkgconfig/arm_pkg.pc'
[0.985s] Level 1:colcon.colcon_core.environment:checking '/home/yuritvr/PFC/pfc_ws/install/arm_pkg/lib/python3.10/site-packages'
[0.986s] Level 1:colcon.colcon_core.environment:checking '/home/yuritvr/PFC/pfc_ws/install/arm_pkg/bin'
[0.987s] INFO:colcon.colcon_core.shell:Creating package script '/home/yuritvr/PFC/pfc_ws/install/arm_pkg/share/arm_pkg/package.ps1'
[0.989s] INFO:colcon.colcon_core.shell:Creating package descriptor '/home/yuritvr/PFC/pfc_ws/install/arm_pkg/share/arm_pkg/package.dsv'
[0.991s] INFO:colcon.colcon_core.shell:Creating package script '/home/yuritvr/PFC/pfc_ws/install/arm_pkg/share/arm_pkg/package.sh'
[0.992s] INFO:colcon.colcon_core.shell:Creating package script '/home/yuritvr/PFC/pfc_ws/install/arm_pkg/share/arm_pkg/package.bash'
[0.993s] INFO:colcon.colcon_core.shell:Creating package script '/home/yuritvr/PFC/pfc_ws/install/arm_pkg/share/arm_pkg/package.zsh'
[0.995s] Level 1:colcon.colcon_core.environment:create_file_with_runtime_dependencies(/home/yuritvr/PFC/pfc_ws/install/arm_pkg/share/colcon-core/packages/arm_pkg)
[0.996s] INFO:colcon.colcon_ros.task.ament_cmake.build:Building ROS package in '/home/yuritvr/PFC/pfc_ws/src/arm_pkg_moveit_config' with build type 'ament_cmake'
[0.996s] INFO:colcon.colcon_cmake.task.cmake.build:Building CMake package in '/home/yuritvr/PFC/pfc_ws/src/arm_pkg_moveit_config'
[0.997s] INFO:colcon.colcon_core.shell:Skip shell extension 'powershell' for command environment: Not usable outside of PowerShell
[0.998s] DEBUG:colcon.colcon_core.shell:Skip shell extension 'dsv' for command environment
[1.028s] DEBUG:colcon.colcon_core.event_handler.log_command:Invoking command in '/home/yuritvr/PFC/pfc_ws/build/moveit_config': AMENT_PREFIX_PATH=/home/yuritvr/PFC/pfc_ws/install/arm_pkg:${AMENT_PREFIX_PATH} CMAKE_PREFIX_PATH=/home/yuritvr/PFC/pfc_ws/install/arm_pkg:/opt/ros/humble /usr/bin/cmake --build /home/yuritvr/PFC/pfc_ws/build/moveit_config -- -j8 -l8
[1.169s] DEBUG:colcon.colcon_core.event_handler.log_command:Invoked command in '/home/yuritvr/PFC/pfc_ws/build/moveit_config' returned '0': AMENT_PREFIX_PATH=/home/yuritvr/PFC/pfc_ws/install/arm_pkg:${AMENT_PREFIX_PATH} CMAKE_PREFIX_PATH=/home/yuritvr/PFC/pfc_ws/install/arm_pkg:/opt/ros/humble /usr/bin/cmake --build /home/yuritvr/PFC/pfc_ws/build/moveit_config -- -j8 -l8
[1.254s] DEBUG:colcon.colcon_core.event_handler.log_command:Invoking command in '/home/yuritvr/PFC/pfc_ws/build/moveit_config': AMENT_PREFIX_PATH=/home/yuritvr/PFC/pfc_ws/install/arm_pkg:${AMENT_PREFIX_PATH} CMAKE_PREFIX_PATH=/home/yuritvr/PFC/pfc_ws/install/arm_pkg:/opt/ros/humble /usr/bin/cmake --install /home/yuritvr/PFC/pfc_ws/build/moveit_config
[1.295s] Level 1:colcon.colcon_core.environment:create_environment_scripts_only(moveit_config)
[1.296s] Level 1:colcon.colcon_core.environment:checking '/home/yuritvr/PFC/pfc_ws/install/moveit_config' for CMake module files
[1.300s] Level 1:colcon.colcon_core.environment:checking '/home/yuritvr/PFC/pfc_ws/install/moveit_config' for CMake config files
[1.303s] DEBUG:colcon.colcon_core.event_handler.log_command:Invoked command in '/home/yuritvr/PFC/pfc_ws/build/moveit_config' returned '0': AMENT_PREFIX_PATH=/home/yuritvr/PFC/pfc_ws/install/arm_pkg:${AMENT_PREFIX_PATH} CMAKE_PREFIX_PATH=/home/yuritvr/PFC/pfc_ws/install/arm_pkg:/opt/ros/humble /usr/bin/cmake --install /home/yuritvr/PFC/pfc_ws/build/moveit_config
[1.304s] Level 1:colcon.colcon_core.shell:create_environment_hook('moveit_config', 'cmake_prefix_path')
[1.305s] INFO:colcon.colcon_core.shell:Creating environment hook '/home/yuritvr/PFC/pfc_ws/install/moveit_config/share/moveit_config/hook/cmake_prefix_path.ps1'
[1.306s] INFO:colcon.colcon_core.shell:Creating environment descriptor '/home/yuritvr/PFC/pfc_ws/install/moveit_config/share/moveit_config/hook/cmake_prefix_path.dsv'
[1.308s] INFO:colcon.colcon_core.shell:Creating environment hook '/home/yuritvr/PFC/pfc_ws/install/moveit_config/share/moveit_config/hook/cmake_prefix_path.sh'
[1.309s] Level 1:colcon.colcon_core.environment:checking '/home/yuritvr/PFC/pfc_ws/install/moveit_config/bin'
[1.310s] Level 1:colcon.colcon_core.environment:checking '/home/yuritvr/PFC/pfc_ws/install/moveit_config/lib/pkgconfig/moveit_config.pc'
[1.311s] Level 1:colcon.colcon_core.environment:checking '/home/yuritvr/PFC/pfc_ws/install/moveit_config/lib/python3.10/site-packages'
[1.311s] Level 1:colcon.colcon_core.environment:checking '/home/yuritvr/PFC/pfc_ws/install/moveit_config/bin'
[1.312s] INFO:colcon.colcon_core.shell:Creating package script '/home/yuritvr/PFC/pfc_ws/install/moveit_config/share/moveit_config/package.ps1'
[1.314s] INFO:colcon.colcon_core.shell:Creating package descriptor '/home/yuritvr/PFC/pfc_ws/install/moveit_config/share/moveit_config/package.dsv'
[1.316s] INFO:colcon.colcon_core.shell:Creating package script '/home/yuritvr/PFC/pfc_ws/install/moveit_config/share/moveit_config/package.sh'
[1.317s] INFO:colcon.colcon_core.shell:Creating package script '/home/yuritvr/PFC/pfc_ws/install/moveit_config/share/moveit_config/package.bash'
[1.318s] INFO:colcon.colcon_core.shell:Creating package script '/home/yuritvr/PFC/pfc_ws/install/moveit_config/share/moveit_config/package.zsh'
[1.319s] Level 1:colcon.colcon_core.environment:create_file_with_runtime_dependencies(/home/yuritvr/PFC/pfc_ws/install/moveit_config/share/colcon-core/packages/moveit_config)
[1.403s] Level 1:colcon.colcon_core.environment:create_environment_scripts_only(moveit_config)
[1.405s] Level 1:colcon.colcon_core.environment:checking '/home/yuritvr/PFC/pfc_ws/install/moveit_config' for CMake module files
[1.408s] Level 1:colcon.colcon_core.environment:checking '/home/yuritvr/PFC/pfc_ws/install/moveit_config' for CMake config files
[1.409s] Level 1:colcon.colcon_core.shell:create_environment_hook('moveit_config', 'cmake_prefix_path')
[1.411s] INFO:colcon.colcon_core.shell:Creating environment hook '/home/yuritvr/PFC/pfc_ws/install/moveit_config/share/moveit_config/hook/cmake_prefix_path.ps1'
[1.412s] INFO:colcon.colcon_core.shell:Creating environment descriptor '/home/yuritvr/PFC/pfc_ws/install/moveit_config/share/moveit_config/hook/cmake_prefix_path.dsv'
[1.413s] INFO:colcon.colcon_core.shell:Creating environment hook '/home/yuritvr/PFC/pfc_ws/install/moveit_config/share/moveit_config/hook/cmake_prefix_path.sh'
[1.416s] Level 1:colcon.colcon_core.environment:checking '/home/yuritvr/PFC/pfc_ws/install/moveit_config/bin'
[1.416s] Level 1:colcon.colcon_core.environment:checking '/home/yuritvr/PFC/pfc_ws/install/moveit_config/lib/pkgconfig/moveit_config.pc'
[1.417s] Level 1:colcon.colcon_core.environment:checking '/home/yuritvr/PFC/pfc_ws/install/moveit_config/lib/python3.10/site-packages'
[1.417s] Level 1:colcon.colcon_core.environment:checking '/home/yuritvr/PFC/pfc_ws/install/moveit_config/bin'
[1.418s] INFO:colcon.colcon_core.shell:Creating package script '/home/yuritvr/PFC/pfc_ws/install/moveit_config/share/moveit_config/package.ps1'
[1.420s] INFO:colcon.colcon_core.shell:Creating package descriptor '/home/yuritvr/PFC/pfc_ws/install/moveit_config/share/moveit_config/package.dsv'
[1.422s] INFO:colcon.colcon_core.shell:Creating package script '/home/yuritvr/PFC/pfc_ws/install/moveit_config/share/moveit_config/package.sh'
[1.423s] INFO:colcon.colcon_core.shell:Creating package script '/home/yuritvr/PFC/pfc_ws/install/moveit_config/share/moveit_config/package.bash'
[1.424s] INFO:colcon.colcon_core.shell:Creating package script '/home/yuritvr/PFC/pfc_ws/install/moveit_config/share/moveit_config/package.zsh'
[1.426s] Level 1:colcon.colcon_core.environment:create_file_with_runtime_dependencies(/home/yuritvr/PFC/pfc_ws/install/moveit_config/share/colcon-core/packages/moveit_config)
[1.427s] DEBUG:colcon.colcon_parallel_executor.executor.parallel:closing loop
[1.428s] DEBUG:colcon.colcon_parallel_executor.executor.parallel:loop closed
[1.428s] DEBUG:colcon.colcon_parallel_executor.executor.parallel:run_until_complete finished with '0'
[1.428s] DEBUG:colcon.colcon_core.event_reactor:joining thread
[1.447s] INFO:colcon.colcon_core.plugin_system:Skipping extension 'colcon_notification.desktop_notification.terminal_notifier': Not used on non-Darwin systems
[1.447s] INFO:colcon.colcon_core.plugin_system:Skipping extension 'colcon_notification.desktop_notification.win32': Not used on non-Windows systems
[1.448s] INFO:colcon.colcon_notification.desktop_notification:Sending desktop notification using 'notify2'
[1.484s] DEBUG:colcon.colcon_core.event_reactor:joined thread
[1.485s] INFO:colcon.colcon_core.shell:Creating prefix script '/home/yuritvr/PFC/pfc_ws/install/local_setup.ps1'
[1.488s] INFO:colcon.colcon_core.shell:Creating prefix util module '/home/yuritvr/PFC/pfc_ws/install/_local_setup_util_ps1.py'
[1.493s] INFO:colcon.colcon_core.shell:Creating prefix chain script '/home/yuritvr/PFC/pfc_ws/install/setup.ps1'
[1.496s] INFO:colcon.colcon_core.shell:Creating prefix script '/home/yuritvr/PFC/pfc_ws/install/local_setup.sh'
[1.498s] INFO:colcon.colcon_core.shell:Creating prefix util module '/home/yuritvr/PFC/pfc_ws/install/_local_setup_util_sh.py'
[1.499s] INFO:colcon.colcon_core.shell:Creating prefix chain script '/home/yuritvr/PFC/pfc_ws/install/setup.sh'
[1.503s] INFO:colcon.colcon_core.shell:Creating prefix script '/home/yuritvr/PFC/pfc_ws/install/local_setup.bash'
[1.504s] INFO:colcon.colcon_core.shell:Creating prefix chain script '/home/yuritvr/PFC/pfc_ws/install/setup.bash'
[1.507s] INFO:colcon.colcon_core.shell:Creating prefix script '/home/yuritvr/PFC/pfc_ws/install/local_setup.zsh'
[1.509s] INFO:colcon.colcon_core.shell:Creating prefix chain script '/home/yuritvr/PFC/pfc_ws/install/setup.zsh'
