[0.027s] Invoking command in '/home/yuritvr/PFC/wenis_ws/build/robotiq_85_msgs': /usr/bin/cmake --build /home/yuritvr/PFC/wenis_ws/build/robotiq_85_msgs -- -j8 -l8
[0.128s] [  2%] Built target robotiq_85_msgs__cpp
[0.145s] [ 12%] Built target robotiq_85_msgs__rosidl_generator_c
[0.176s] [ 12%] Built target ament_cmake_python_copy_robotiq_85_msgs
[0.197s] [ 23%] Built target robotiq_85_msgs__rosidl_typesupport_cpp
[0.214s] [ 33%] Built target robotiq_85_msgs__rosidl_typesupport_fastrtps_cpp
[0.251s] [ 43%] Built target robotiq_85_msgs__rosidl_typesupport_introspection_cpp
[0.251s] [ 53%] Built target robotiq_85_msgs__rosidl_typesupport_fastrtps_c
[0.277s] [ 64%] Built target robotiq_85_msgs__rosidl_typesupport_introspection_c
[0.307s] [ 74%] Built target robotiq_85_msgs__rosidl_typesupport_c
[0.333s] [ 74%] Built target robotiq_85_msgs
[0.356s] [ 76%] Built target robotiq_85_msgs__py
[0.388s] [ 84%] Built target robotiq_85_msgs__rosidl_generator_py
[0.445s] [ 89%] Built target robotiq_85_msgs__rosidl_typesupport_c__pyext
[0.453s] [ 94%] Built target robotiq_85_msgs__rosidl_typesupport_fastrtps_c__pyext
[0.454s] [100%] Built target robotiq_85_msgs__rosidl_typesupport_introspection_c__pyext
[0.697s] running egg_info
[0.699s] writing robotiq_85_msgs.egg-info/PKG-INFO
[0.700s] writing dependency_links to robotiq_85_msgs.egg-info/dependency_links.txt
[0.700s] writing top-level names to robotiq_85_msgs.egg-info/top_level.txt
[0.709s] reading manifest file 'robotiq_85_msgs.egg-info/SOURCES.txt'
[0.709s] writing manifest file 'robotiq_85_msgs.egg-info/SOURCES.txt'
[0.772s] [100%] Built target ament_cmake_python_build_robotiq_85_msgs_egg
[0.816s] Invoked command in '/home/yuritvr/PFC/wenis_ws/build/robotiq_85_msgs' returned '0': /usr/bin/cmake --build /home/yuritvr/PFC/wenis_ws/build/robotiq_85_msgs -- -j8 -l8
[0.924s] Invoking command in '/home/yuritvr/PFC/wenis_ws/build/robotiq_85_msgs': /usr/bin/cmake --install /home/yuritvr/PFC/wenis_ws/build/robotiq_85_msgs
[0.935s] -- Install configuration: ""
[0.936s] -- Up-to-date: /home/yuritvr/PFC/wenis_ws/install/robotiq_85_msgs/share/ament_index/resource_index/rosidl_interfaces/robotiq_85_msgs
[0.936s] -- Up-to-date: /home/yuritvr/PFC/wenis_ws/install/robotiq_85_msgs/include/robotiq_85_msgs/robotiq_85_msgs
[0.937s] -- Up-to-date: /home/yuritvr/PFC/wenis_ws/install/robotiq_85_msgs/include/robotiq_85_msgs/robotiq_85_msgs/msg
[0.937s] -- Up-to-date: /home/yuritvr/PFC/wenis_ws/install/robotiq_85_msgs/include/robotiq_85_msgs/robotiq_85_msgs/msg/rosidl_generator_c__visibility_control.h
[0.937s] -- Up-to-date: /home/yuritvr/PFC/wenis_ws/install/robotiq_85_msgs/include/robotiq_85_msgs/robotiq_85_msgs/msg/gripper_stat.h
[0.938s] -- Up-to-date: /home/yuritvr/PFC/wenis_ws/install/robotiq_85_msgs/include/robotiq_85_msgs/robotiq_85_msgs/msg/detail
[0.940s] -- Up-to-date: /home/yuritvr/PFC/wenis_ws/install/robotiq_85_msgs/include/robotiq_85_msgs/robotiq_85_msgs/msg/detail/gripper_stat__functions.h
[0.940s] -- Up-to-date: /home/yuritvr/PFC/wenis_ws/install/robotiq_85_msgs/include/robotiq_85_msgs/robotiq_85_msgs/msg/detail/gripper_cmd__struct.h
[0.941s] -- Up-to-date: /home/yuritvr/PFC/wenis_ws/install/robotiq_85_msgs/include/robotiq_85_msgs/robotiq_85_msgs/msg/detail/gripper_stat__type_support.h
[0.941s] -- Up-to-date: /home/yuritvr/PFC/wenis_ws/install/robotiq_85_msgs/include/robotiq_85_msgs/robotiq_85_msgs/msg/detail/gripper_cmd__functions.h
[0.942s] -- Up-to-date: /home/yuritvr/PFC/wenis_ws/install/robotiq_85_msgs/include/robotiq_85_msgs/robotiq_85_msgs/msg/detail/gripper_stat__struct.h
[0.942s] -- Up-to-date: /home/yuritvr/PFC/wenis_ws/install/robotiq_85_msgs/include/robotiq_85_msgs/robotiq_85_msgs/msg/detail/gripper_cmd__type_support.h
[0.942s] -- Up-to-date: /home/yuritvr/PFC/wenis_ws/install/robotiq_85_msgs/include/robotiq_85_msgs/robotiq_85_msgs/msg/detail/gripper_stat__functions.c
[0.942s] -- Up-to-date: /home/yuritvr/PFC/wenis_ws/install/robotiq_85_msgs/include/robotiq_85_msgs/robotiq_85_msgs/msg/detail/gripper_cmd__functions.c
[0.943s] -- Up-to-date: /home/yuritvr/PFC/wenis_ws/install/robotiq_85_msgs/include/robotiq_85_msgs/robotiq_85_msgs/msg/gripper_cmd.h
[0.944s] -- Up-to-date: /home/yuritvr/PFC/wenis_ws/install/robotiq_85_msgs/share/robotiq_85_msgs/environment/library_path.sh
[0.944s] -- Up-to-date: /home/yuritvr/PFC/wenis_ws/install/robotiq_85_msgs/share/robotiq_85_msgs/environment/library_path.dsv
[0.944s] -- Up-to-date: /home/yuritvr/PFC/wenis_ws/install/robotiq_85_msgs/lib/librobotiq_85_msgs__rosidl_generator_c.so
[0.945s] -- Up-to-date: /home/yuritvr/PFC/wenis_ws/install/robotiq_85_msgs/include/robotiq_85_msgs/robotiq_85_msgs
[0.945s] -- Up-to-date: /home/yuritvr/PFC/wenis_ws/install/robotiq_85_msgs/include/robotiq_85_msgs/robotiq_85_msgs/msg
[0.945s] -- Up-to-date: /home/yuritvr/PFC/wenis_ws/install/robotiq_85_msgs/include/robotiq_85_msgs/robotiq_85_msgs/msg/detail
[0.946s] -- Up-to-date: /home/yuritvr/PFC/wenis_ws/install/robotiq_85_msgs/include/robotiq_85_msgs/robotiq_85_msgs/msg/detail/gripper_stat__rosidl_typesupport_fastrtps_c.h
[0.948s] -- Up-to-date: /home/yuritvr/PFC/wenis_ws/install/robotiq_85_msgs/include/robotiq_85_msgs/robotiq_85_msgs/msg/detail/gripper_cmd__rosidl_typesupport_fastrtps_c.h
[0.949s] -- Up-to-date: /home/yuritvr/PFC/wenis_ws/install/robotiq_85_msgs/include/robotiq_85_msgs/robotiq_85_msgs/msg/rosidl_typesupport_fastrtps_c__visibility_control.h
[0.950s] -- Up-to-date: /home/yuritvr/PFC/wenis_ws/install/robotiq_85_msgs/lib/librobotiq_85_msgs__rosidl_typesupport_fastrtps_c.so
[0.950s] -- Up-to-date: /home/yuritvr/PFC/wenis_ws/install/robotiq_85_msgs/include/robotiq_85_msgs/robotiq_85_msgs
[0.950s] -- Up-to-date: /home/yuritvr/PFC/wenis_ws/install/robotiq_85_msgs/include/robotiq_85_msgs/robotiq_85_msgs/msg
[0.951s] -- Up-to-date: /home/yuritvr/PFC/wenis_ws/install/robotiq_85_msgs/include/robotiq_85_msgs/robotiq_85_msgs/msg/gripper_stat.hpp
[0.951s] -- Up-to-date: /home/yuritvr/PFC/wenis_ws/install/robotiq_85_msgs/include/robotiq_85_msgs/robotiq_85_msgs/msg/detail
[0.951s] -- Up-to-date: /home/yuritvr/PFC/wenis_ws/install/robotiq_85_msgs/include/robotiq_85_msgs/robotiq_85_msgs/msg/detail/gripper_stat__struct.hpp
[0.951s] -- Up-to-date: /home/yuritvr/PFC/wenis_ws/install/robotiq_85_msgs/include/robotiq_85_msgs/robotiq_85_msgs/msg/detail/gripper_stat__traits.hpp
[0.951s] -- Up-to-date: /home/yuritvr/PFC/wenis_ws/install/robotiq_85_msgs/include/robotiq_85_msgs/robotiq_85_msgs/msg/detail/gripper_stat__builder.hpp
[0.951s] -- Up-to-date: /home/yuritvr/PFC/wenis_ws/install/robotiq_85_msgs/include/robotiq_85_msgs/robotiq_85_msgs/msg/detail/gripper_cmd__builder.hpp
[0.952s] -- Up-to-date: /home/yuritvr/PFC/wenis_ws/install/robotiq_85_msgs/include/robotiq_85_msgs/robotiq_85_msgs/msg/detail/gripper_cmd__struct.hpp
[0.952s] -- Up-to-date: /home/yuritvr/PFC/wenis_ws/install/robotiq_85_msgs/include/robotiq_85_msgs/robotiq_85_msgs/msg/detail/gripper_cmd__traits.hpp
[0.952s] -- Up-to-date: /home/yuritvr/PFC/wenis_ws/install/robotiq_85_msgs/include/robotiq_85_msgs/robotiq_85_msgs/msg/gripper_cmd.hpp
[0.952s] -- Up-to-date: /home/yuritvr/PFC/wenis_ws/install/robotiq_85_msgs/include/robotiq_85_msgs/robotiq_85_msgs
[0.953s] -- Up-to-date: /home/yuritvr/PFC/wenis_ws/install/robotiq_85_msgs/include/robotiq_85_msgs/robotiq_85_msgs/msg
[0.953s] -- Up-to-date: /home/yuritvr/PFC/wenis_ws/install/robotiq_85_msgs/include/robotiq_85_msgs/robotiq_85_msgs/msg/rosidl_typesupport_fastrtps_cpp__visibility_control.h
[0.953s] -- Up-to-date: /home/yuritvr/PFC/wenis_ws/install/robotiq_85_msgs/include/robotiq_85_msgs/robotiq_85_msgs/msg/detail
[0.953s] -- Up-to-date: /home/yuritvr/PFC/wenis_ws/install/robotiq_85_msgs/include/robotiq_85_msgs/robotiq_85_msgs/msg/detail/dds_fastrtps
[0.953s] -- Up-to-date: /home/yuritvr/PFC/wenis_ws/install/robotiq_85_msgs/include/robotiq_85_msgs/robotiq_85_msgs/msg/detail/gripper_cmd__rosidl_typesupport_fastrtps_cpp.hpp
[0.955s] -- Up-to-date: /home/yuritvr/PFC/wenis_ws/install/robotiq_85_msgs/include/robotiq_85_msgs/robotiq_85_msgs/msg/detail/gripper_stat__rosidl_typesupport_fastrtps_cpp.hpp
[0.955s] -- Up-to-date: /home/yuritvr/PFC/wenis_ws/install/robotiq_85_msgs/lib/librobotiq_85_msgs__rosidl_typesupport_fastrtps_cpp.so
[0.955s] -- Up-to-date: /home/yuritvr/PFC/wenis_ws/install/robotiq_85_msgs/include/robotiq_85_msgs/robotiq_85_msgs
[0.955s] -- Up-to-date: /home/yuritvr/PFC/wenis_ws/install/robotiq_85_msgs/include/robotiq_85_msgs/robotiq_85_msgs/msg
[0.955s] -- Up-to-date: /home/yuritvr/PFC/wenis_ws/install/robotiq_85_msgs/include/robotiq_85_msgs/robotiq_85_msgs/msg/rosidl_typesupport_introspection_c__visibility_control.h
[0.956s] -- Up-to-date: /home/yuritvr/PFC/wenis_ws/install/robotiq_85_msgs/include/robotiq_85_msgs/robotiq_85_msgs/msg/detail
[0.956s] -- Up-to-date: /home/yuritvr/PFC/wenis_ws/install/robotiq_85_msgs/include/robotiq_85_msgs/robotiq_85_msgs/msg/detail/gripper_cmd__rosidl_typesupport_introspection_c.h
[0.956s] -- Up-to-date: /home/yuritvr/PFC/wenis_ws/install/robotiq_85_msgs/include/robotiq_85_msgs/robotiq_85_msgs/msg/detail/gripper_stat__type_support.c
[0.956s] -- Up-to-date: /home/yuritvr/PFC/wenis_ws/install/robotiq_85_msgs/include/robotiq_85_msgs/robotiq_85_msgs/msg/detail/gripper_stat__rosidl_typesupport_introspection_c.h
[0.956s] -- Up-to-date: /home/yuritvr/PFC/wenis_ws/install/robotiq_85_msgs/include/robotiq_85_msgs/robotiq_85_msgs/msg/detail/gripper_cmd__type_support.c
[0.957s] -- Up-to-date: /home/yuritvr/PFC/wenis_ws/install/robotiq_85_msgs/lib/librobotiq_85_msgs__rosidl_typesupport_introspection_c.so
[0.957s] -- Up-to-date: /home/yuritvr/PFC/wenis_ws/install/robotiq_85_msgs/lib/librobotiq_85_msgs__rosidl_typesupport_c.so
[0.957s] -- Up-to-date: /home/yuritvr/PFC/wenis_ws/install/robotiq_85_msgs/include/robotiq_85_msgs/robotiq_85_msgs
[0.957s] -- Up-to-date: /home/yuritvr/PFC/wenis_ws/install/robotiq_85_msgs/include/robotiq_85_msgs/robotiq_85_msgs/msg
[0.957s] -- Up-to-date: /home/yuritvr/PFC/wenis_ws/install/robotiq_85_msgs/include/robotiq_85_msgs/robotiq_85_msgs/msg/detail
[0.958s] -- Up-to-date: /home/yuritvr/PFC/wenis_ws/install/robotiq_85_msgs/include/robotiq_85_msgs/robotiq_85_msgs/msg/detail/gripper_cmd__type_support.cpp
[0.958s] -- Up-to-date: /home/yuritvr/PFC/wenis_ws/install/robotiq_85_msgs/include/robotiq_85_msgs/robotiq_85_msgs/msg/detail/gripper_cmd__rosidl_typesupport_introspection_cpp.hpp
[0.958s] -- Up-to-date: /home/yuritvr/PFC/wenis_ws/install/robotiq_85_msgs/include/robotiq_85_msgs/robotiq_85_msgs/msg/detail/gripper_stat__type_support.cpp
[0.958s] -- Up-to-date: /home/yuritvr/PFC/wenis_ws/install/robotiq_85_msgs/include/robotiq_85_msgs/robotiq_85_msgs/msg/detail/gripper_stat__rosidl_typesupport_introspection_cpp.hpp
[0.958s] -- Up-to-date: /home/yuritvr/PFC/wenis_ws/install/robotiq_85_msgs/lib/librobotiq_85_msgs__rosidl_typesupport_introspection_cpp.so
[0.959s] -- Up-to-date: /home/yuritvr/PFC/wenis_ws/install/robotiq_85_msgs/lib/librobotiq_85_msgs__rosidl_typesupport_cpp.so
[0.959s] -- Up-to-date: /home/yuritvr/PFC/wenis_ws/install/robotiq_85_msgs/share/robotiq_85_msgs/environment/pythonpath.sh
[0.959s] -- Up-to-date: /home/yuritvr/PFC/wenis_ws/install/robotiq_85_msgs/share/robotiq_85_msgs/environment/pythonpath.dsv
[0.959s] -- Up-to-date: /home/yuritvr/PFC/wenis_ws/install/robotiq_85_msgs/local/lib/python3.10/dist-packages/robotiq_85_msgs-1.0.1-py3.10.egg-info
[0.959s] -- Installing: /home/yuritvr/PFC/wenis_ws/install/robotiq_85_msgs/local/lib/python3.10/dist-packages/robotiq_85_msgs-1.0.1-py3.10.egg-info/SOURCES.txt
[0.959s] -- Installing: /home/yuritvr/PFC/wenis_ws/install/robotiq_85_msgs/local/lib/python3.10/dist-packages/robotiq_85_msgs-1.0.1-py3.10.egg-info/top_level.txt
[0.960s] -- Installing: /home/yuritvr/PFC/wenis_ws/install/robotiq_85_msgs/local/lib/python3.10/dist-packages/robotiq_85_msgs-1.0.1-py3.10.egg-info/dependency_links.txt
[0.960s] -- Installing: /home/yuritvr/PFC/wenis_ws/install/robotiq_85_msgs/local/lib/python3.10/dist-packages/robotiq_85_msgs-1.0.1-py3.10.egg-info/PKG-INFO
[0.960s] -- Up-to-date: /home/yuritvr/PFC/wenis_ws/install/robotiq_85_msgs/local/lib/python3.10/dist-packages/robotiq_85_msgs
[0.960s] -- Up-to-date: /home/yuritvr/PFC/wenis_ws/install/robotiq_85_msgs/local/lib/python3.10/dist-packages/robotiq_85_msgs/robotiq_85_msgs_s__rosidl_typesupport_c.cpython-310-x86_64-linux-gnu.so
[0.960s] -- Up-to-date: /home/yuritvr/PFC/wenis_ws/install/robotiq_85_msgs/local/lib/python3.10/dist-packages/robotiq_85_msgs/msg
[0.961s] -- Up-to-date: /home/yuritvr/PFC/wenis_ws/install/robotiq_85_msgs/local/lib/python3.10/dist-packages/robotiq_85_msgs/msg/_gripper_cmd_s.c
[0.961s] -- Up-to-date: /home/yuritvr/PFC/wenis_ws/install/robotiq_85_msgs/local/lib/python3.10/dist-packages/robotiq_85_msgs/msg/_gripper_cmd.py
[0.961s] -- Up-to-date: /home/yuritvr/PFC/wenis_ws/install/robotiq_85_msgs/local/lib/python3.10/dist-packages/robotiq_85_msgs/msg/__init__.py
[0.962s] -- Up-to-date: /home/yuritvr/PFC/wenis_ws/install/robotiq_85_msgs/local/lib/python3.10/dist-packages/robotiq_85_msgs/msg/_gripper_stat_s.c
[0.962s] -- Up-to-date: /home/yuritvr/PFC/wenis_ws/install/robotiq_85_msgs/local/lib/python3.10/dist-packages/robotiq_85_msgs/msg/_gripper_stat.py
[0.962s] -- Up-to-date: /home/yuritvr/PFC/wenis_ws/install/robotiq_85_msgs/local/lib/python3.10/dist-packages/robotiq_85_msgs/_robotiq_85_msgs_s.ep.rosidl_typesupport_c.c
[0.962s] -- Up-to-date: /home/yuritvr/PFC/wenis_ws/install/robotiq_85_msgs/local/lib/python3.10/dist-packages/robotiq_85_msgs/robotiq_85_msgs_s__rosidl_typesupport_introspection_c.cpython-310-x86_64-linux-gnu.so
[0.963s] -- Up-to-date: /home/yuritvr/PFC/wenis_ws/install/robotiq_85_msgs/local/lib/python3.10/dist-packages/robotiq_85_msgs/librobotiq_85_msgs__rosidl_generator_py.so
[0.963s] -- Up-to-date: /home/yuritvr/PFC/wenis_ws/install/robotiq_85_msgs/local/lib/python3.10/dist-packages/robotiq_85_msgs/_robotiq_85_msgs_s.ep.rosidl_typesupport_introspection_c.c
[0.964s] -- Up-to-date: /home/yuritvr/PFC/wenis_ws/install/robotiq_85_msgs/local/lib/python3.10/dist-packages/robotiq_85_msgs/__init__.py
[0.964s] -- Up-to-date: /home/yuritvr/PFC/wenis_ws/install/robotiq_85_msgs/local/lib/python3.10/dist-packages/robotiq_85_msgs/robotiq_85_msgs_s__rosidl_typesupport_fastrtps_c.cpython-310-x86_64-linux-gnu.so
[0.964s] -- Up-to-date: /home/yuritvr/PFC/wenis_ws/install/robotiq_85_msgs/local/lib/python3.10/dist-packages/robotiq_85_msgs/_robotiq_85_msgs_s.ep.rosidl_typesupport_fastrtps_c.c
[1.058s] Listing '/home/yuritvr/PFC/wenis_ws/install/robotiq_85_msgs/local/lib/python3.10/dist-packages/robotiq_85_msgs'...
[1.058s] Listing '/home/yuritvr/PFC/wenis_ws/install/robotiq_85_msgs/local/lib/python3.10/dist-packages/robotiq_85_msgs/msg'...
[1.074s] -- Up-to-date: /home/yuritvr/PFC/wenis_ws/install/robotiq_85_msgs/local/lib/python3.10/dist-packages/robotiq_85_msgs/robotiq_85_msgs_s__rosidl_typesupport_fastrtps_c.cpython-310-x86_64-linux-gnu.so
[1.075s] -- Up-to-date: /home/yuritvr/PFC/wenis_ws/install/robotiq_85_msgs/local/lib/python3.10/dist-packages/robotiq_85_msgs/robotiq_85_msgs_s__rosidl_typesupport_introspection_c.cpython-310-x86_64-linux-gnu.so
[1.076s] -- Up-to-date: /home/yuritvr/PFC/wenis_ws/install/robotiq_85_msgs/local/lib/python3.10/dist-packages/robotiq_85_msgs/robotiq_85_msgs_s__rosidl_typesupport_c.cpython-310-x86_64-linux-gnu.so
[1.078s] -- Up-to-date: /home/yuritvr/PFC/wenis_ws/install/robotiq_85_msgs/lib/librobotiq_85_msgs__rosidl_generator_py.so
[1.079s] -- Up-to-date: /home/yuritvr/PFC/wenis_ws/install/robotiq_85_msgs/share/robotiq_85_msgs/msg/GripperCmd.idl
[1.080s] -- Up-to-date: /home/yuritvr/PFC/wenis_ws/install/robotiq_85_msgs/share/robotiq_85_msgs/msg/GripperStat.idl
[1.081s] -- Up-to-date: /home/yuritvr/PFC/wenis_ws/install/robotiq_85_msgs/share/robotiq_85_msgs/msg/GripperCmd.msg
[1.081s] -- Up-to-date: /home/yuritvr/PFC/wenis_ws/install/robotiq_85_msgs/share/robotiq_85_msgs/msg/GripperStat.msg
[1.082s] -- Up-to-date: /home/yuritvr/PFC/wenis_ws/install/robotiq_85_msgs/share/ament_index/resource_index/package_run_dependencies/robotiq_85_msgs
[1.083s] -- Up-to-date: /home/yuritvr/PFC/wenis_ws/install/robotiq_85_msgs/share/ament_index/resource_index/parent_prefix_path/robotiq_85_msgs
[1.084s] -- Up-to-date: /home/yuritvr/PFC/wenis_ws/install/robotiq_85_msgs/share/robotiq_85_msgs/environment/ament_prefix_path.sh
[1.085s] -- Up-to-date: /home/yuritvr/PFC/wenis_ws/install/robotiq_85_msgs/share/robotiq_85_msgs/environment/ament_prefix_path.dsv
[1.086s] -- Up-to-date: /home/yuritvr/PFC/wenis_ws/install/robotiq_85_msgs/share/robotiq_85_msgs/environment/path.sh
[1.086s] -- Up-to-date: /home/yuritvr/PFC/wenis_ws/install/robotiq_85_msgs/share/robotiq_85_msgs/environment/path.dsv
[1.087s] -- Up-to-date: /home/yuritvr/PFC/wenis_ws/install/robotiq_85_msgs/share/robotiq_85_msgs/local_setup.bash
[1.088s] -- Up-to-date: /home/yuritvr/PFC/wenis_ws/install/robotiq_85_msgs/share/robotiq_85_msgs/local_setup.sh
[1.089s] -- Up-to-date: /home/yuritvr/PFC/wenis_ws/install/robotiq_85_msgs/share/robotiq_85_msgs/local_setup.zsh
[1.089s] -- Up-to-date: /home/yuritvr/PFC/wenis_ws/install/robotiq_85_msgs/share/robotiq_85_msgs/local_setup.dsv
[1.090s] -- Installing: /home/yuritvr/PFC/wenis_ws/install/robotiq_85_msgs/share/robotiq_85_msgs/package.dsv
[1.091s] -- Up-to-date: /home/yuritvr/PFC/wenis_ws/install/robotiq_85_msgs/share/ament_index/resource_index/packages/robotiq_85_msgs
[1.091s] -- Up-to-date: /home/yuritvr/PFC/wenis_ws/install/robotiq_85_msgs/share/robotiq_85_msgs/cmake/export_robotiq_85_msgs__rosidl_generator_cExport.cmake
[1.093s] -- Up-to-date: /home/yuritvr/PFC/wenis_ws/install/robotiq_85_msgs/share/robotiq_85_msgs/cmake/export_robotiq_85_msgs__rosidl_generator_cExport-noconfig.cmake
[1.093s] -- Up-to-date: /home/yuritvr/PFC/wenis_ws/install/robotiq_85_msgs/share/robotiq_85_msgs/cmake/export_robotiq_85_msgs__rosidl_typesupport_fastrtps_cExport.cmake
[1.096s] -- Up-to-date: /home/yuritvr/PFC/wenis_ws/install/robotiq_85_msgs/share/robotiq_85_msgs/cmake/export_robotiq_85_msgs__rosidl_typesupport_fastrtps_cExport-noconfig.cmake
[1.097s] -- Up-to-date: /home/yuritvr/PFC/wenis_ws/install/robotiq_85_msgs/share/robotiq_85_msgs/cmake/export_robotiq_85_msgs__rosidl_generator_cppExport.cmake
[1.099s] -- Up-to-date: /home/yuritvr/PFC/wenis_ws/install/robotiq_85_msgs/share/robotiq_85_msgs/cmake/export_robotiq_85_msgs__rosidl_typesupport_fastrtps_cppExport.cmake
[1.099s] -- Up-to-date: /home/yuritvr/PFC/wenis_ws/install/robotiq_85_msgs/share/robotiq_85_msgs/cmake/export_robotiq_85_msgs__rosidl_typesupport_fastrtps_cppExport-noconfig.cmake
[1.100s] -- Up-to-date: /home/yuritvr/PFC/wenis_ws/install/robotiq_85_msgs/share/robotiq_85_msgs/cmake/robotiq_85_msgs__rosidl_typesupport_introspection_cExport.cmake
[1.100s] -- Up-to-date: /home/yuritvr/PFC/wenis_ws/install/robotiq_85_msgs/share/robotiq_85_msgs/cmake/robotiq_85_msgs__rosidl_typesupport_introspection_cExport-noconfig.cmake
[1.101s] -- Up-to-date: /home/yuritvr/PFC/wenis_ws/install/robotiq_85_msgs/share/robotiq_85_msgs/cmake/robotiq_85_msgs__rosidl_typesupport_cExport.cmake
[1.101s] -- Up-to-date: /home/yuritvr/PFC/wenis_ws/install/robotiq_85_msgs/share/robotiq_85_msgs/cmake/robotiq_85_msgs__rosidl_typesupport_cExport-noconfig.cmake
[1.101s] -- Up-to-date: /home/yuritvr/PFC/wenis_ws/install/robotiq_85_msgs/share/robotiq_85_msgs/cmake/robotiq_85_msgs__rosidl_typesupport_introspection_cppExport.cmake
[1.101s] -- Up-to-date: /home/yuritvr/PFC/wenis_ws/install/robotiq_85_msgs/share/robotiq_85_msgs/cmake/robotiq_85_msgs__rosidl_typesupport_introspection_cppExport-noconfig.cmake
[1.102s] -- Up-to-date: /home/yuritvr/PFC/wenis_ws/install/robotiq_85_msgs/share/robotiq_85_msgs/cmake/robotiq_85_msgs__rosidl_typesupport_cppExport.cmake
[1.104s] -- Up-to-date: /home/yuritvr/PFC/wenis_ws/install/robotiq_85_msgs/share/robotiq_85_msgs/cmake/robotiq_85_msgs__rosidl_typesupport_cppExport-noconfig.cmake
[1.104s] -- Up-to-date: /home/yuritvr/PFC/wenis_ws/install/robotiq_85_msgs/share/robotiq_85_msgs/cmake/export_robotiq_85_msgs__rosidl_generator_pyExport.cmake
[1.105s] -- Up-to-date: /home/yuritvr/PFC/wenis_ws/install/robotiq_85_msgs/share/robotiq_85_msgs/cmake/export_robotiq_85_msgs__rosidl_generator_pyExport-noconfig.cmake
[1.105s] -- Up-to-date: /home/yuritvr/PFC/wenis_ws/install/robotiq_85_msgs/share/robotiq_85_msgs/cmake/rosidl_cmake-extras.cmake
[1.105s] -- Up-to-date: /home/yuritvr/PFC/wenis_ws/install/robotiq_85_msgs/share/robotiq_85_msgs/cmake/ament_cmake_export_dependencies-extras.cmake
[1.106s] -- Up-to-date: /home/yuritvr/PFC/wenis_ws/install/robotiq_85_msgs/share/robotiq_85_msgs/cmake/ament_cmake_export_include_directories-extras.cmake
[1.107s] -- Up-to-date: /home/yuritvr/PFC/wenis_ws/install/robotiq_85_msgs/share/robotiq_85_msgs/cmake/ament_cmake_export_libraries-extras.cmake
[1.107s] -- Up-to-date: /home/yuritvr/PFC/wenis_ws/install/robotiq_85_msgs/share/robotiq_85_msgs/cmake/ament_cmake_export_targets-extras.cmake
[1.108s] -- Up-to-date: /home/yuritvr/PFC/wenis_ws/install/robotiq_85_msgs/share/robotiq_85_msgs/cmake/rosidl_cmake_export_typesupport_targets-extras.cmake
[1.108s] -- Up-to-date: /home/yuritvr/PFC/wenis_ws/install/robotiq_85_msgs/share/robotiq_85_msgs/cmake/rosidl_cmake_export_typesupport_libraries-extras.cmake
[1.109s] -- Up-to-date: /home/yuritvr/PFC/wenis_ws/install/robotiq_85_msgs/share/robotiq_85_msgs/cmake/robotiq_85_msgsConfig.cmake
[1.109s] -- Up-to-date: /home/yuritvr/PFC/wenis_ws/install/robotiq_85_msgs/share/robotiq_85_msgs/cmake/robotiq_85_msgsConfig-version.cmake
[1.109s] -- Up-to-date: /home/yuritvr/PFC/wenis_ws/install/robotiq_85_msgs/share/robotiq_85_msgs/package.xml
[1.142s] Invoked command in '/home/yuritvr/PFC/wenis_ws/build/robotiq_85_msgs' returned '0': /usr/bin/cmake --install /home/yuritvr/PFC/wenis_ws/build/robotiq_85_msgs
