[0.057s] Invoking command in '/home/yuritvr/PFC/pfc_ws/build/pfcbot_moveit_config': CMAKE_PREFIX_PATH=/home/yuritvr/PFC/pfc_ws/install/pfcbot:/home/yuritvr/PFC/pfc_ws/install/xarm_description:/home/yuritvr/PFC/pfc_ws/install/testing_config:/home/yuritvr/PFC/pfc_ws/install/testing:/home/yuritvr/PFC/pfc_ws/install/pfcbot_moveit_config:/home/yuritvr/PFC/pfc_ws/install/moveit_config:/home/yuritvr/PFC/pfc_ws/install/moveit2_scripts:/home/yuritvr/PFC/pfc_ws/install/manipulator_ros1_to_ros2:/home/yuritvr/PFC/pfc_ws/install/arm_pkg_moveit_config:/home/yuritvr/PFC/pfc_ws/install/arm_pkg:/opt/ros/humble /usr/bin/cmake --build /home/yuritvr/PFC/pfc_ws/build/pfcbot_moveit_config -- -j8 -l8
[0.128s] Invoked command in '/home/yuritvr/PFC/pfc_ws/build/pfcbot_moveit_config' returned '0': CMAKE_PREFIX_PATH=/home/yuritvr/PFC/pfc_ws/install/pfcbot:/home/yuritvr/PFC/pfc_ws/install/xarm_description:/home/yuritvr/PFC/pfc_ws/install/testing_config:/home/yuritvr/PFC/pfc_ws/install/testing:/home/yuritvr/PFC/pfc_ws/install/pfcbot_moveit_config:/home/yuritvr/PFC/pfc_ws/install/moveit_config:/home/yuritvr/PFC/pfc_ws/install/moveit2_scripts:/home/yuritvr/PFC/pfc_ws/install/manipulator_ros1_to_ros2:/home/yuritvr/PFC/pfc_ws/install/arm_pkg_moveit_config:/home/yuritvr/PFC/pfc_ws/install/arm_pkg:/opt/ros/humble /usr/bin/cmake --build /home/yuritvr/PFC/pfc_ws/build/pfcbot_moveit_config -- -j8 -l8
[0.178s] Invoking command in '/home/yuritvr/PFC/pfc_ws/build/pfcbot_moveit_config': CMAKE_PREFIX_PATH=/home/yuritvr/PFC/pfc_ws/install/pfcbot:/home/yuritvr/PFC/pfc_ws/install/xarm_description:/home/yuritvr/PFC/pfc_ws/install/testing_config:/home/yuritvr/PFC/pfc_ws/install/testing:/home/yuritvr/PFC/pfc_ws/install/pfcbot_moveit_config:/home/yuritvr/PFC/pfc_ws/install/moveit_config:/home/yuritvr/PFC/pfc_ws/install/moveit2_scripts:/home/yuritvr/PFC/pfc_ws/install/manipulator_ros1_to_ros2:/home/yuritvr/PFC/pfc_ws/install/arm_pkg_moveit_config:/home/yuritvr/PFC/pfc_ws/install/arm_pkg:/opt/ros/humble /usr/bin/cmake --install /home/yuritvr/PFC/pfc_ws/build/pfcbot_moveit_config
[0.197s] -- Install configuration: ""
[0.198s] -- Up-to-date: /home/yuritvr/PFC/pfc_ws/install/pfcbot_moveit_config/share/ament_index/resource_index/package_run_dependencies/pfcbot_moveit_config
[0.200s] -- Up-to-date: /home/yuritvr/PFC/pfc_ws/install/pfcbot_moveit_config/share/ament_index/resource_index/parent_prefix_path/pfcbot_moveit_config
[0.201s] -- Up-to-date: /home/yuritvr/PFC/pfc_ws/install/pfcbot_moveit_config/share/pfcbot_moveit_config/environment/ament_prefix_path.sh
[0.202s] -- Up-to-date: /home/yuritvr/PFC/pfc_ws/install/pfcbot_moveit_config/share/pfcbot_moveit_config/environment/ament_prefix_path.dsv
[0.202s] -- Up-to-date: /home/yuritvr/PFC/pfc_ws/install/pfcbot_moveit_config/share/pfcbot_moveit_config/environment/path.sh
[0.202s] -- Up-to-date: /home/yuritvr/PFC/pfc_ws/install/pfcbot_moveit_config/share/pfcbot_moveit_config/environment/path.dsv
[0.203s] -- Up-to-date: /home/yuritvr/PFC/pfc_ws/install/pfcbot_moveit_config/share/pfcbot_moveit_config/local_setup.bash
[0.203s] -- Up-to-date: /home/yuritvr/PFC/pfc_ws/install/pfcbot_moveit_config/share/pfcbot_moveit_config/local_setup.sh
[0.203s] -- Up-to-date: /home/yuritvr/PFC/pfc_ws/install/pfcbot_moveit_config/share/pfcbot_moveit_config/local_setup.zsh
[0.203s] -- Up-to-date: /home/yuritvr/PFC/pfc_ws/install/pfcbot_moveit_config/share/pfcbot_moveit_config/local_setup.dsv
[0.207s] -- Installing: /home/yuritvr/PFC/pfc_ws/install/pfcbot_moveit_config/share/pfcbot_moveit_config/package.dsv
[0.208s] -- Up-to-date: /home/yuritvr/PFC/pfc_ws/install/pfcbot_moveit_config/share/ament_index/resource_index/packages/pfcbot_moveit_config
[0.209s] -- Up-to-date: /home/yuritvr/PFC/pfc_ws/install/pfcbot_moveit_config/share/pfcbot_moveit_config/cmake/pfcbot_moveit_configConfig.cmake
[0.209s] -- Up-to-date: /home/yuritvr/PFC/pfc_ws/install/pfcbot_moveit_config/share/pfcbot_moveit_config/cmake/pfcbot_moveit_configConfig-version.cmake
[0.209s] -- Up-to-date: /home/yuritvr/PFC/pfc_ws/install/pfcbot_moveit_config/share/pfcbot_moveit_config/package.xml
[0.210s] -- Up-to-date: /home/yuritvr/PFC/pfc_ws/install/pfcbot_moveit_config/share/pfcbot_moveit_config//launch
[0.210s] -- Up-to-date: /home/yuritvr/PFC/pfc_ws/install/pfcbot_moveit_config/share/pfcbot_moveit_config//launch/static_virtual_joint_tfs.launch.py
[0.210s] -- Up-to-date: /home/yuritvr/PFC/pfc_ws/install/pfcbot_moveit_config/share/pfcbot_moveit_config//launch/moveit_rviz.launch.py
[0.210s] -- Up-to-date: /home/yuritvr/PFC/pfc_ws/install/pfcbot_moveit_config/share/pfcbot_moveit_config//launch/spawn_controllers.launch.py
[0.210s] -- Up-to-date: /home/yuritvr/PFC/pfc_ws/install/pfcbot_moveit_config/share/pfcbot_moveit_config//launch/rsp.launch.py
[0.210s] -- Up-to-date: /home/yuritvr/PFC/pfc_ws/install/pfcbot_moveit_config/share/pfcbot_moveit_config//launch/move_group.launch.py
[0.211s] -- Up-to-date: /home/yuritvr/PFC/pfc_ws/install/pfcbot_moveit_config/share/pfcbot_moveit_config//launch/warehouse_db.launch.py
[0.212s] -- Up-to-date: /home/yuritvr/PFC/pfc_ws/install/pfcbot_moveit_config/share/pfcbot_moveit_config//launch/demo.launch.py
[0.212s] -- Up-to-date: /home/yuritvr/PFC/pfc_ws/install/pfcbot_moveit_config/share/pfcbot_moveit_config//launch/setup_assistant.launch.py
[0.212s] -- Up-to-date: /home/yuritvr/PFC/pfc_ws/install/pfcbot_moveit_config/share/pfcbot_moveit_config//config
[0.213s] -- Up-to-date: /home/yuritvr/PFC/pfc_ws/install/pfcbot_moveit_config/share/pfcbot_moveit_config//config/joint_limits.yaml
[0.213s] -- Up-to-date: /home/yuritvr/PFC/pfc_ws/install/pfcbot_moveit_config/share/pfcbot_moveit_config//config/moveit.rviz
[0.213s] -- Up-to-date: /home/yuritvr/PFC/pfc_ws/install/pfcbot_moveit_config/share/pfcbot_moveit_config//config/robot_description.urdf.xacro
[0.213s] -- Up-to-date: /home/yuritvr/PFC/pfc_ws/install/pfcbot_moveit_config/share/pfcbot_moveit_config//config/robot_description.srdf
[0.215s] -- Up-to-date: /home/yuritvr/PFC/pfc_ws/install/pfcbot_moveit_config/share/pfcbot_moveit_config//config/robot_description.ros2_control.xacro
[0.216s] -- Up-to-date: /home/yuritvr/PFC/pfc_ws/install/pfcbot_moveit_config/share/pfcbot_moveit_config//config/sensors_3d.yaml
[0.216s] -- Up-to-date: /home/yuritvr/PFC/pfc_ws/install/pfcbot_moveit_config/share/pfcbot_moveit_config//config/kinematics.yaml
[0.216s] -- Up-to-date: /home/yuritvr/PFC/pfc_ws/install/pfcbot_moveit_config/share/pfcbot_moveit_config//config/moveit_controllers.yaml
[0.217s] -- Up-to-date: /home/yuritvr/PFC/pfc_ws/install/pfcbot_moveit_config/share/pfcbot_moveit_config//config/ros2_controllers.yaml
[0.218s] -- Up-to-date: /home/yuritvr/PFC/pfc_ws/install/pfcbot_moveit_config/share/pfcbot_moveit_config//config/pilz_cartesian_limits.yaml
[0.219s] -- Up-to-date: /home/yuritvr/PFC/pfc_ws/install/pfcbot_moveit_config/share/pfcbot_moveit_config//config/initial_positions.yaml
[0.219s] -- Up-to-date: /home/yuritvr/PFC/pfc_ws/install/pfcbot_moveit_config/share/pfcbot_moveit_config/launch
[0.219s] -- Up-to-date: /home/yuritvr/PFC/pfc_ws/install/pfcbot_moveit_config/share/pfcbot_moveit_config/launch/static_virtual_joint_tfs.launch.py
[0.220s] -- Up-to-date: /home/yuritvr/PFC/pfc_ws/install/pfcbot_moveit_config/share/pfcbot_moveit_config/launch/moveit_rviz.launch.py
[0.220s] -- Up-to-date: /home/yuritvr/PFC/pfc_ws/install/pfcbot_moveit_config/share/pfcbot_moveit_config/launch/spawn_controllers.launch.py
[0.221s] -- Up-to-date: /home/yuritvr/PFC/pfc_ws/install/pfcbot_moveit_config/share/pfcbot_moveit_config/launch/rsp.launch.py
[0.221s] -- Up-to-date: /home/yuritvr/PFC/pfc_ws/install/pfcbot_moveit_config/share/pfcbot_moveit_config/launch/move_group.launch.py
[0.221s] -- Up-to-date: /home/yuritvr/PFC/pfc_ws/install/pfcbot_moveit_config/share/pfcbot_moveit_config/launch/warehouse_db.launch.py
[0.221s] -- Up-to-date: /home/yuritvr/PFC/pfc_ws/install/pfcbot_moveit_config/share/pfcbot_moveit_config/launch/demo.launch.py
[0.221s] -- Up-to-date: /home/yuritvr/PFC/pfc_ws/install/pfcbot_moveit_config/share/pfcbot_moveit_config/launch/setup_assistant.launch.py
[0.221s] -- Up-to-date: /home/yuritvr/PFC/pfc_ws/install/pfcbot_moveit_config/share/pfcbot_moveit_config/config
[0.222s] -- Up-to-date: /home/yuritvr/PFC/pfc_ws/install/pfcbot_moveit_config/share/pfcbot_moveit_config/config/joint_limits.yaml
[0.222s] -- Up-to-date: /home/yuritvr/PFC/pfc_ws/install/pfcbot_moveit_config/share/pfcbot_moveit_config/config/moveit.rviz
[0.222s] -- Up-to-date: /home/yuritvr/PFC/pfc_ws/install/pfcbot_moveit_config/share/pfcbot_moveit_config/config/robot_description.urdf.xacro
[0.222s] -- Up-to-date: /home/yuritvr/PFC/pfc_ws/install/pfcbot_moveit_config/share/pfcbot_moveit_config/config/robot_description.srdf
[0.222s] -- Up-to-date: /home/yuritvr/PFC/pfc_ws/install/pfcbot_moveit_config/share/pfcbot_moveit_config/config/robot_description.ros2_control.xacro
[0.225s] -- Up-to-date: /home/yuritvr/PFC/pfc_ws/install/pfcbot_moveit_config/share/pfcbot_moveit_config/config/sensors_3d.yaml
[0.226s] -- Up-to-date: /home/yuritvr/PFC/pfc_ws/install/pfcbot_moveit_config/share/pfcbot_moveit_config/config/kinematics.yaml
[0.226s] -- Up-to-date: /home/yuritvr/PFC/pfc_ws/install/pfcbot_moveit_config/share/pfcbot_moveit_config/config/moveit_controllers.yaml
[0.226s] -- Up-to-date: /home/yuritvr/PFC/pfc_ws/install/pfcbot_moveit_config/share/pfcbot_moveit_config/config/ros2_controllers.yaml
[0.226s] -- Up-to-date: /home/yuritvr/PFC/pfc_ws/install/pfcbot_moveit_config/share/pfcbot_moveit_config/config/pilz_cartesian_limits.yaml
[0.226s] -- Up-to-date: /home/yuritvr/PFC/pfc_ws/install/pfcbot_moveit_config/share/pfcbot_moveit_config/config/initial_positions.yaml
[0.226s] -- Up-to-date: /home/yuritvr/PFC/pfc_ws/install/pfcbot_moveit_config/share/pfcbot_moveit_config/.setup_assistant
[0.231s] Invoked command in '/home/yuritvr/PFC/pfc_ws/build/pfcbot_moveit_config' returned '0': CMAKE_PREFIX_PATH=/home/yuritvr/PFC/pfc_ws/install/pfcbot:/home/yuritvr/PFC/pfc_ws/install/xarm_description:/home/yuritvr/PFC/pfc_ws/install/testing_config:/home/yuritvr/PFC/pfc_ws/install/testing:/home/yuritvr/PFC/pfc_ws/install/pfcbot_moveit_config:/home/yuritvr/PFC/pfc_ws/install/moveit_config:/home/yuritvr/PFC/pfc_ws/install/moveit2_scripts:/home/yuritvr/PFC/pfc_ws/install/manipulator_ros1_to_ros2:/home/yuritvr/PFC/pfc_ws/install/arm_pkg_moveit_config:/home/yuritvr/PFC/pfc_ws/install/arm_pkg:/opt/ros/humble /usr/bin/cmake --install /home/yuritvr/PFC/pfc_ws/build/pfcbot_moveit_config
