-- Install configuration: ""
-- Up-to-date: /home/yuritvr/PFC/pfc_ws/install/manipulator_ros1_to_ros2/share/manipulator_ros1_to_ros2//urdf
-- Up-to-date: /home/yuritvr/PFC/pfc_ws/install/manipulator_ros1_to_ros2/share/manipulator_ros1_to_ros2//urdf/pfcbot.xacro
-- Up-to-date: /home/yuritvr/PFC/pfc_ws/install/manipulator_ros1_to_ros2/share/manipulator_ros1_to_ros2//urdf/robot_base_test.urdf
-- Up-to-date: /home/yuritvr/PFC/pfc_ws/install/manipulator_ros1_to_ros2/share/manipulator_ros1_to_ros2//urdf/robot_arm_test.urdf
-- Up-to-date: /home/yuritvr/PFC/pfc_ws/install/manipulator_ros1_to_ros2/share/manipulator_ros1_to_ros2//urdf/mobile_manipulator_test.urdf
-- Up-to-date: /home/yuritvr/PFC/pfc_ws/install/manipulator_ros1_to_ros2/share/manipulator_ros1_to_ros2//launch
-- Up-to-date: /home/yuritvr/PFC/pfc_ws/install/manipulator_ros1_to_ros2/share/manipulator_ros1_to_ros2//launch/start_controller.launch.py
-- Installing: /home/yuritvr/PFC/pfc_ws/install/manipulator_ros1_to_ros2/share/manipulator_ros1_to_ros2//launch/mobile_manipulator_gazebo.launch.py
-- Installing: /home/yuritvr/PFC/pfc_ws/install/manipulator_ros1_to_ros2/share/manipulator_ros1_to_ros2//launch/mobile_manipulator.launch.py
-- Up-to-date: /home/yuritvr/PFC/pfc_ws/install/manipulator_ros1_to_ros2/share/manipulator_ros1_to_ros2//launch/start_moveit.launch.py
-- Installing: /home/yuritvr/PFC/pfc_ws/install/manipulator_ros1_to_ros2/share/manipulator_ros1_to_ros2//launch/mobile_manipulator_gazebo.launch
-- Up-to-date: /home/yuritvr/PFC/pfc_ws/install/manipulator_ros1_to_ros2/share/manipulator_ros1_to_ros2//launch/start_world.launch.py
-- Up-to-date: /home/yuritvr/PFC/pfc_ws/install/manipulator_ros1_to_ros2/share/manipulator_ros1_to_ros2//launch/outros
-- Up-to-date: /home/yuritvr/PFC/pfc_ws/install/manipulator_ros1_to_ros2/share/manipulator_ros1_to_ros2//launch/outros/arm_gazebo_control.launch
-- Up-to-date: /home/yuritvr/PFC/pfc_ws/install/manipulator_ros1_to_ros2/share/manipulator_ros1_to_ros2//launch/outros/robot_gazebo_view.launch
-- Up-to-date: /home/yuritvr/PFC/pfc_ws/install/manipulator_ros1_to_ros2/share/manipulator_ros1_to_ros2//launch/outros/base_gazebo_control.launch
-- Up-to-date: /home/yuritvr/PFC/pfc_ws/install/manipulator_ros1_to_ros2/share/manipulator_ros1_to_ros2//launch/mobile_manipulator_navigation.launch
-- Up-to-date: /home/yuritvr/PFC/pfc_ws/install/manipulator_ros1_to_ros2/share/manipulator_ros1_to_ros2//launch/spawn_manipulator.launch.py
-- Up-to-date: /home/yuritvr/PFC/pfc_ws/install/manipulator_ros1_to_ros2/share/manipulator_ros1_to_ros2//launch/__pycache__
-- Up-to-date: /home/yuritvr/PFC/pfc_ws/install/manipulator_ros1_to_ros2/share/manipulator_ros1_to_ros2//launch/__pycache__/pfcbot.launch.cpython-310.pyc
-- Up-to-date: /home/yuritvr/PFC/pfc_ws/install/manipulator_ros1_to_ros2/share/manipulator_ros1_to_ros2//meshes
-- Up-to-date: /home/yuritvr/PFC/pfc_ws/install/manipulator_ros1_to_ros2/share/manipulator_ros1_to_ros2//meshes/wrist.stl
-- Up-to-date: /home/yuritvr/PFC/pfc_ws/install/manipulator_ros1_to_ros2/share/manipulator_ros1_to_ros2//meshes/bicep.stl
-- Up-to-date: /home/yuritvr/PFC/pfc_ws/install/manipulator_ros1_to_ros2/share/manipulator_ros1_to_ros2//meshes/elbow.stl
-- Up-to-date: /home/yuritvr/PFC/pfc_ws/install/manipulator_ros1_to_ros2/share/manipulator_ros1_to_ros2//meshes/arm_base.stl
-- Up-to-date: /home/yuritvr/PFC/pfc_ws/install/manipulator_ros1_to_ros2/share/manipulator_ros1_to_ros2//meshes/wheel.stl
-- Up-to-date: /home/yuritvr/PFC/pfc_ws/install/manipulator_ros1_to_ros2/share/manipulator_ros1_to_ros2//meshes/robot_base.stl
-- Up-to-date: /home/yuritvr/PFC/pfc_ws/install/manipulator_ros1_to_ros2/share/ament_index/resource_index/package_run_dependencies/manipulator_ros1_to_ros2
-- Up-to-date: /home/yuritvr/PFC/pfc_ws/install/manipulator_ros1_to_ros2/share/ament_index/resource_index/parent_prefix_path/manipulator_ros1_to_ros2
-- Up-to-date: /home/yuritvr/PFC/pfc_ws/install/manipulator_ros1_to_ros2/share/manipulator_ros1_to_ros2/environment/ament_prefix_path.sh
-- Up-to-date: /home/yuritvr/PFC/pfc_ws/install/manipulator_ros1_to_ros2/share/manipulator_ros1_to_ros2/environment/ament_prefix_path.dsv
-- Up-to-date: /home/yuritvr/PFC/pfc_ws/install/manipulator_ros1_to_ros2/share/manipulator_ros1_to_ros2/environment/path.sh
-- Up-to-date: /home/yuritvr/PFC/pfc_ws/install/manipulator_ros1_to_ros2/share/manipulator_ros1_to_ros2/environment/path.dsv
-- Up-to-date: /home/yuritvr/PFC/pfc_ws/install/manipulator_ros1_to_ros2/share/manipulator_ros1_to_ros2/local_setup.bash
-- Up-to-date: /home/yuritvr/PFC/pfc_ws/install/manipulator_ros1_to_ros2/share/manipulator_ros1_to_ros2/local_setup.sh
-- Up-to-date: /home/yuritvr/PFC/pfc_ws/install/manipulator_ros1_to_ros2/share/manipulator_ros1_to_ros2/local_setup.zsh
-- Up-to-date: /home/yuritvr/PFC/pfc_ws/install/manipulator_ros1_to_ros2/share/manipulator_ros1_to_ros2/local_setup.dsv
-- Installing: /home/yuritvr/PFC/pfc_ws/install/manipulator_ros1_to_ros2/share/manipulator_ros1_to_ros2/package.dsv
-- Up-to-date: /home/yuritvr/PFC/pfc_ws/install/manipulator_ros1_to_ros2/share/ament_index/resource_index/packages/manipulator_ros1_to_ros2
-- Up-to-date: /home/yuritvr/PFC/pfc_ws/install/manipulator_ros1_to_ros2/share/manipulator_ros1_to_ros2/cmake/manipulator_ros1_to_ros2Config.cmake
-- Up-to-date: /home/yuritvr/PFC/pfc_ws/install/manipulator_ros1_to_ros2/share/manipulator_ros1_to_ros2/cmake/manipulator_ros1_to_ros2Config-version.cmake
-- Up-to-date: /home/yuritvr/PFC/pfc_ws/install/manipulator_ros1_to_ros2/share/manipulator_ros1_to_ros2/package.xml
