[0.059s] Invoking command in '/home/yuritvr/PFC/wenis_ws/build/moveit2_scripts': CMAKE_PREFIX_PATH=${CMAKE_PREFIX_PATH}:/opt/ros/humble /usr/bin/cmake --build /home/yuritvr/PFC/wenis_ws/build/moveit2_scripts -- -j8 -l8
[0.229s] [ 25%] Built target test_end_effector_trajectory
[0.232s] [ 50%] Built target test_gripper
[0.277s] [ 75%] Built target test_trajectory
[0.278s] [100%] Built target two_postions
[0.327s] Invoked command in '/home/yuritvr/PFC/wenis_ws/build/moveit2_scripts' returned '0': CMAKE_PREFIX_PATH=${CMAKE_PREFIX_PATH}:/opt/ros/humble /usr/bin/cmake --build /home/yuritvr/PFC/wenis_ws/build/moveit2_scripts -- -j8 -l8
[0.476s] Invoking command in '/home/yuritvr/PFC/wenis_ws/build/moveit2_scripts': CMAKE_PREFIX_PATH=${CMAKE_PREFIX_PATH}:/opt/ros/humble /usr/bin/cmake --install /home/yuritvr/PFC/wenis_ws/build/moveit2_scripts
[0.491s] -- Install configuration: ""
[0.491s] -- Up-to-date: /home/yuritvr/PFC/wenis_ws/install/moveit2_scripts/lib/moveit2_scripts/test_trajectory
[0.491s] -- Up-to-date: /home/yuritvr/PFC/wenis_ws/install/moveit2_scripts/lib/moveit2_scripts/test_end_effector_trajectory
[0.492s] -- Up-to-date: /home/yuritvr/PFC/wenis_ws/install/moveit2_scripts/lib/moveit2_scripts/two_postions
[0.492s] -- Up-to-date: /home/yuritvr/PFC/wenis_ws/install/moveit2_scripts/lib/moveit2_scripts/test_gripper
[0.494s] -- Up-to-date: /home/yuritvr/PFC/wenis_ws/install/moveit2_scripts/share/moveit2_scripts/launch
[0.494s] -- Up-to-date: /home/yuritvr/PFC/wenis_ws/install/moveit2_scripts/share/moveit2_scripts/launch/test_trajectory.launch.py
[0.494s] -- Up-to-date: /home/yuritvr/PFC/wenis_ws/install/moveit2_scripts/share/moveit2_scripts/launch/test_trajectory2.launch.py
[0.495s] -- Up-to-date: /home/yuritvr/PFC/wenis_ws/install/moveit2_scripts/share/moveit2_scripts/launch/test_trajectory3.launch.py
[0.495s] -- Up-to-date: /home/yuritvr/PFC/wenis_ws/install/moveit2_scripts/share/moveit2_scripts/launch/test_gripper.launch.py
[0.495s] -- Up-to-date: /home/yuritvr/PFC/wenis_ws/install/moveit2_scripts/share/ament_index/resource_index/package_run_dependencies/moveit2_scripts
[0.496s] -- Up-to-date: /home/yuritvr/PFC/wenis_ws/install/moveit2_scripts/share/ament_index/resource_index/parent_prefix_path/moveit2_scripts
[0.496s] -- Up-to-date: /home/yuritvr/PFC/wenis_ws/install/moveit2_scripts/share/moveit2_scripts/environment/ament_prefix_path.sh
[0.496s] -- Up-to-date: /home/yuritvr/PFC/wenis_ws/install/moveit2_scripts/share/moveit2_scripts/environment/ament_prefix_path.dsv
[0.497s] -- Up-to-date: /home/yuritvr/PFC/wenis_ws/install/moveit2_scripts/share/moveit2_scripts/environment/path.sh
[0.497s] -- Up-to-date: /home/yuritvr/PFC/wenis_ws/install/moveit2_scripts/share/moveit2_scripts/environment/path.dsv
[0.497s] -- Up-to-date: /home/yuritvr/PFC/wenis_ws/install/moveit2_scripts/share/moveit2_scripts/local_setup.bash
[0.498s] -- Up-to-date: /home/yuritvr/PFC/wenis_ws/install/moveit2_scripts/share/moveit2_scripts/local_setup.sh
[0.498s] -- Up-to-date: /home/yuritvr/PFC/wenis_ws/install/moveit2_scripts/share/moveit2_scripts/local_setup.zsh
[0.499s] -- Up-to-date: /home/yuritvr/PFC/wenis_ws/install/moveit2_scripts/share/moveit2_scripts/local_setup.dsv
[0.499s] -- Installing: /home/yuritvr/PFC/wenis_ws/install/moveit2_scripts/share/moveit2_scripts/package.dsv
[0.500s] -- Up-to-date: /home/yuritvr/PFC/wenis_ws/install/moveit2_scripts/share/ament_index/resource_index/packages/moveit2_scripts
[0.500s] -- Up-to-date: /home/yuritvr/PFC/wenis_ws/install/moveit2_scripts/share/moveit2_scripts/cmake/moveit2_scriptsConfig.cmake
[0.501s] -- Up-to-date: /home/yuritvr/PFC/wenis_ws/install/moveit2_scripts/share/moveit2_scripts/cmake/moveit2_scriptsConfig-version.cmake
[0.501s] -- Up-to-date: /home/yuritvr/PFC/wenis_ws/install/moveit2_scripts/share/moveit2_scripts/package.xml
[0.547s] Invoked command in '/home/yuritvr/PFC/wenis_ws/build/moveit2_scripts' returned '0': CMAKE_PREFIX_PATH=${CMAKE_PREFIX_PATH}:/opt/ros/humble /usr/bin/cmake --install /home/yuritvr/PFC/wenis_ws/build/moveit2_scripts
