[0.055s] Invoking command in '/home/yuritvr/PFC/wenis_ws/build/cr35ia_ros2_gazebo': CMAKE_PREFIX_PATH=/opt/ros/humble /usr/bin/cmake /home/yuritvr/PFC/wenis_ws/ros2_RobotSimulation/Fanuc/CR35iA/cr35ia_ros2_gazebo -DCMAKE_INSTALL_PREFIX=/home/yuritvr/PFC/wenis_ws/install/cr35ia_ros2_gazebo
[0.203s] -- The C compiler identification is GNU 11.4.0
[0.390s] -- The CXX compiler identification is GNU 11.4.0
[0.410s] -- Detecting C compiler ABI info
[0.593s] -- Detecting C compiler ABI info - done
[0.609s] -- Check for working C compiler: /usr/bin/cc - skipped
[0.609s] -- Detecting C compile features
[0.610s] -- Detecting C compile features - done
[0.617s] -- Detecting CXX compiler ABI info
[0.879s] -- Detecting CXX compiler ABI info - done
[0.901s] -- Check for working CXX compiler: /usr/bin/c++ - skipped
[0.901s] -- Detecting CXX compile features
[0.902s] -- Detecting CXX compile features - done
[0.908s] -- Found ament_cmake: 1.3.9 (/opt/ros/humble/share/ament_cmake/cmake)
[1.262s] -- Found Python3: /usr/bin/python3 (found version "3.10.12") found components: Interpreter 
[1.481s] -- Found ament_lint_auto: 0.12.11 (/opt/ros/humble/share/ament_lint_auto/cmake)
[1.650s] -- Added test 'copyright' to check source files copyright and LICENSE
[1.658s] -- Added test 'flake8' to check Python code syntax and style conventions
[1.660s] -- Added test 'lint_cmake' to check CMake code style
[1.661s] -- Added test 'pep257' to check Python code against some of the docstring style conventions in PEP 257
[1.664s] -- Added test 'xmllint' to check XML markup files
[1.666s] -- Configuring done
[1.682s] -- Generating done
[1.686s] -- Build files have been written to: /home/yuritvr/PFC/wenis_ws/build/cr35ia_ros2_gazebo
[1.761s] Invoked command in '/home/yuritvr/PFC/wenis_ws/build/cr35ia_ros2_gazebo' returned '0': CMAKE_PREFIX_PATH=/opt/ros/humble /usr/bin/cmake /home/yuritvr/PFC/wenis_ws/ros2_RobotSimulation/Fanuc/CR35iA/cr35ia_ros2_gazebo -DCMAKE_INSTALL_PREFIX=/home/yuritvr/PFC/wenis_ws/install/cr35ia_ros2_gazebo
[1.762s] Invoking command in '/home/yuritvr/PFC/wenis_ws/build/cr35ia_ros2_gazebo': CMAKE_PREFIX_PATH=/opt/ros/humble /usr/bin/cmake --build /home/yuritvr/PFC/wenis_ws/build/cr35ia_ros2_gazebo -- -j8 -l8
[1.802s] Invoked command in '/home/yuritvr/PFC/wenis_ws/build/cr35ia_ros2_gazebo' returned '0': CMAKE_PREFIX_PATH=/opt/ros/humble /usr/bin/cmake --build /home/yuritvr/PFC/wenis_ws/build/cr35ia_ros2_gazebo -- -j8 -l8
[1.875s] Invoking command in '/home/yuritvr/PFC/wenis_ws/build/cr35ia_ros2_gazebo': CMAKE_PREFIX_PATH=/opt/ros/humble /usr/bin/cmake --install /home/yuritvr/PFC/wenis_ws/build/cr35ia_ros2_gazebo
[1.908s] -- Install configuration: ""
[1.908s] -- Installing: /home/yuritvr/PFC/wenis_ws/install/cr35ia_ros2_gazebo/share/cr35ia_ros2_gazebo/config
[1.908s] -- Installing: /home/yuritvr/PFC/wenis_ws/install/cr35ia_ros2_gazebo/share/cr35ia_ros2_gazebo/config/cr35ia_controller.yaml
[1.908s] -- Installing: /home/yuritvr/PFC/wenis_ws/install/cr35ia_ros2_gazebo/share/cr35ia_ros2_gazebo/launch
[1.909s] -- Installing: /home/yuritvr/PFC/wenis_ws/install/cr35ia_ros2_gazebo/share/cr35ia_ros2_gazebo/launch/cr35ia_simulation.launch.py
[1.909s] -- Installing: /home/yuritvr/PFC/wenis_ws/install/cr35ia_ros2_gazebo/share/cr35ia_ros2_gazebo/urdf
[1.909s] -- Installing: /home/yuritvr/PFC/wenis_ws/install/cr35ia_ros2_gazebo/share/cr35ia_ros2_gazebo/urdf/cr35ia_transmission.xacro
[1.909s] -- Installing: /home/yuritvr/PFC/wenis_ws/install/cr35ia_ros2_gazebo/share/cr35ia_ros2_gazebo/urdf/cr35ia.urdf.xacro
[1.909s] -- Installing: /home/yuritvr/PFC/wenis_ws/install/cr35ia_ros2_gazebo/share/cr35ia_ros2_gazebo/urdf/cr35ia_ros2control.xacro
[1.909s] -- Installing: /home/yuritvr/PFC/wenis_ws/install/cr35ia_ros2_gazebo/share/cr35ia_ros2_gazebo/urdf/cr35ia_macro.urdf.xacro
[1.910s] -- Installing: /home/yuritvr/PFC/wenis_ws/install/cr35ia_ros2_gazebo/share/cr35ia_ros2_gazebo/urdf/fanuc_resources
[1.910s] -- Installing: /home/yuritvr/PFC/wenis_ws/install/cr35ia_ros2_gazebo/share/cr35ia_ros2_gazebo/urdf/fanuc_resources/common_materials.xacro
[1.910s] -- Installing: /home/yuritvr/PFC/wenis_ws/install/cr35ia_ros2_gazebo/share/cr35ia_ros2_gazebo/urdf/fanuc_resources/common_colours.xacro
[1.910s] -- Installing: /home/yuritvr/PFC/wenis_ws/install/cr35ia_ros2_gazebo/share/cr35ia_ros2_gazebo/worlds
[1.911s] -- Installing: /home/yuritvr/PFC/wenis_ws/install/cr35ia_ros2_gazebo/share/cr35ia_ros2_gazebo/worlds/cr35ia.world
[1.911s] -- Installing: /home/yuritvr/PFC/wenis_ws/install/cr35ia_ros2_gazebo/share/cr35ia_ros2_gazebo/meshes
[1.911s] -- Installing: /home/yuritvr/PFC/wenis_ws/install/cr35ia_ros2_gazebo/share/cr35ia_ros2_gazebo/meshes/visual
[1.911s] -- Installing: /home/yuritvr/PFC/wenis_ws/install/cr35ia_ros2_gazebo/share/cr35ia_ros2_gazebo/meshes/visual/link_4.stl
[1.913s] -- Installing: /home/yuritvr/PFC/wenis_ws/install/cr35ia_ros2_gazebo/share/cr35ia_ros2_gazebo/meshes/visual/base_link.stl
[1.914s] -- Installing: /home/yuritvr/PFC/wenis_ws/install/cr35ia_ros2_gazebo/share/cr35ia_ros2_gazebo/meshes/visual/link_2.stl
[1.914s] -- Installing: /home/yuritvr/PFC/wenis_ws/install/cr35ia_ros2_gazebo/share/cr35ia_ros2_gazebo/meshes/visual/link_6.stl
[1.915s] -- Installing: /home/yuritvr/PFC/wenis_ws/install/cr35ia_ros2_gazebo/share/cr35ia_ros2_gazebo/meshes/visual/link_1.stl
[1.916s] -- Installing: /home/yuritvr/PFC/wenis_ws/install/cr35ia_ros2_gazebo/share/cr35ia_ros2_gazebo/meshes/visual/link_5.stl
[1.917s] -- Installing: /home/yuritvr/PFC/wenis_ws/install/cr35ia_ros2_gazebo/share/cr35ia_ros2_gazebo/meshes/visual/link_3.stl
[1.918s] -- Installing: /home/yuritvr/PFC/wenis_ws/install/cr35ia_ros2_gazebo/share/cr35ia_ros2_gazebo/meshes/collision
[1.918s] -- Installing: /home/yuritvr/PFC/wenis_ws/install/cr35ia_ros2_gazebo/share/cr35ia_ros2_gazebo/meshes/collision/link_4.stl
[1.919s] -- Installing: /home/yuritvr/PFC/wenis_ws/install/cr35ia_ros2_gazebo/share/cr35ia_ros2_gazebo/meshes/collision/base_link.stl
[1.919s] -- Installing: /home/yuritvr/PFC/wenis_ws/install/cr35ia_ros2_gazebo/share/cr35ia_ros2_gazebo/meshes/collision/link_2.stl
[1.920s] -- Installing: /home/yuritvr/PFC/wenis_ws/install/cr35ia_ros2_gazebo/share/cr35ia_ros2_gazebo/meshes/collision/link_6.stl
[1.921s] -- Installing: /home/yuritvr/PFC/wenis_ws/install/cr35ia_ros2_gazebo/share/cr35ia_ros2_gazebo/meshes/collision/link_1.stl
[1.922s] -- Installing: /home/yuritvr/PFC/wenis_ws/install/cr35ia_ros2_gazebo/share/cr35ia_ros2_gazebo/meshes/collision/link_5.stl
[1.923s] -- Installing: /home/yuritvr/PFC/wenis_ws/install/cr35ia_ros2_gazebo/share/cr35ia_ros2_gazebo/meshes/collision/link_3.stl
[1.925s] -- Installing: /home/yuritvr/PFC/wenis_ws/install/cr35ia_ros2_gazebo/share/ament_index/resource_index/package_run_dependencies/cr35ia_ros2_gazebo
[1.925s] -- Installing: /home/yuritvr/PFC/wenis_ws/install/cr35ia_ros2_gazebo/share/ament_index/resource_index/parent_prefix_path/cr35ia_ros2_gazebo
[1.926s] -- Installing: /home/yuritvr/PFC/wenis_ws/install/cr35ia_ros2_gazebo/share/cr35ia_ros2_gazebo/environment/ament_prefix_path.sh
[1.926s] -- Installing: /home/yuritvr/PFC/wenis_ws/install/cr35ia_ros2_gazebo/share/cr35ia_ros2_gazebo/environment/ament_prefix_path.dsv
[1.927s] -- Installing: /home/yuritvr/PFC/wenis_ws/install/cr35ia_ros2_gazebo/share/cr35ia_ros2_gazebo/environment/path.sh
[1.929s] -- Installing: /home/yuritvr/PFC/wenis_ws/install/cr35ia_ros2_gazebo/share/cr35ia_ros2_gazebo/environment/path.dsv
[1.930s] -- Installing: /home/yuritvr/PFC/wenis_ws/install/cr35ia_ros2_gazebo/share/cr35ia_ros2_gazebo/local_setup.bash
[1.930s] -- Installing: /home/yuritvr/PFC/wenis_ws/install/cr35ia_ros2_gazebo/share/cr35ia_ros2_gazebo/local_setup.sh
[1.931s] -- Installing: /home/yuritvr/PFC/wenis_ws/install/cr35ia_ros2_gazebo/share/cr35ia_ros2_gazebo/local_setup.zsh
[1.931s] -- Installing: /home/yuritvr/PFC/wenis_ws/install/cr35ia_ros2_gazebo/share/cr35ia_ros2_gazebo/local_setup.dsv
[1.932s] -- Installing: /home/yuritvr/PFC/wenis_ws/install/cr35ia_ros2_gazebo/share/cr35ia_ros2_gazebo/package.dsv
[1.932s] -- Installing: /home/yuritvr/PFC/wenis_ws/install/cr35ia_ros2_gazebo/share/ament_index/resource_index/packages/cr35ia_ros2_gazebo
[1.933s] -- Installing: /home/yuritvr/PFC/wenis_ws/install/cr35ia_ros2_gazebo/share/cr35ia_ros2_gazebo/cmake/cr35ia_ros2_gazeboConfig.cmake
[1.933s] -- Installing: /home/yuritvr/PFC/wenis_ws/install/cr35ia_ros2_gazebo/share/cr35ia_ros2_gazebo/cmake/cr35ia_ros2_gazeboConfig-version.cmake
[1.934s] -- Installing: /home/yuritvr/PFC/wenis_ws/install/cr35ia_ros2_gazebo/share/cr35ia_ros2_gazebo/package.xml
[1.940s] Invoked command in '/home/yuritvr/PFC/wenis_ws/build/cr35ia_ros2_gazebo' returned '0': CMAKE_PREFIX_PATH=/opt/ros/humble /usr/bin/cmake --install /home/yuritvr/PFC/wenis_ws/build/cr35ia_ros2_gazebo
