[0.060s] Invoking command in '/home/yuritvr/PFC/pfc_ws/build/pfcbot': CMAKE_PREFIX_PATH=${CMAKE_PREFIX_PATH}:/opt/ros/humble /usr/bin/cmake --build /home/yuritvr/PFC/pfc_ws/build/pfcbot -- -j8 -l8
[0.176s] Invoked command in '/home/yuritvr/PFC/pfc_ws/build/pfcbot' returned '0': CMAKE_PREFIX_PATH=${CMAKE_PREFIX_PATH}:/opt/ros/humble /usr/bin/cmake --build /home/yuritvr/PFC/pfc_ws/build/pfcbot -- -j8 -l8
[0.297s] Invoking command in '/home/yuritvr/PFC/pfc_ws/build/pfcbot': CMAKE_PREFIX_PATH=${CMAKE_PREFIX_PATH}:/opt/ros/humble /usr/bin/cmake --install /home/yuritvr/PFC/pfc_ws/build/pfcbot
[0.424s] -- Install configuration: ""
[0.424s] -- Up-to-date: /home/yuritvr/PFC/pfc_ws/install/pfcbot/share/pfcbot//urdf
[0.424s] -- Up-to-date: /home/yuritvr/PFC/pfc_ws/install/pfcbot/share/pfcbot//urdf/pfcbot.xacro
[0.425s] -- Up-to-date: /home/yuritvr/PFC/pfc_ws/install/pfcbot/share/pfcbot//urdf/materials.xacro
[0.425s] -- Up-to-date: /home/yuritvr/PFC/pfc_ws/install/pfcbot/share/pfcbot//urdf/pfcbot.gazebo
[0.426s] -- Up-to-date: /home/yuritvr/PFC/pfc_ws/install/pfcbot/share/pfcbot//urdf/platform.xacro
[0.426s] -- Up-to-date: /home/yuritvr/PFC/pfc_ws/install/pfcbot/share/pfcbot//launch
[0.426s] -- Up-to-date: /home/yuritvr/PFC/pfc_ws/install/pfcbot/share/pfcbot//launch/start_controller.launch.py
[0.427s] -- Up-to-date: /home/yuritvr/PFC/pfc_ws/install/pfcbot/share/pfcbot//launch/platform.launch.py
[0.427s] -- Up-to-date: /home/yuritvr/PFC/pfc_ws/install/pfcbot/share/pfcbot//launch/robot_gazebo_view.launch
[0.427s] -- Up-to-date: /home/yuritvr/PFC/pfc_ws/install/pfcbot/share/pfcbot//launch/start_moveit.launch.py
[0.428s] -- Up-to-date: /home/yuritvr/PFC/pfc_ws/install/pfcbot/share/pfcbot//launch/spawn_platform.launch.py
[0.428s] -- Up-to-date: /home/yuritvr/PFC/pfc_ws/install/pfcbot/share/pfcbot//launch/pfcbot.launch.py
[0.428s] -- Up-to-date: /home/yuritvr/PFC/pfc_ws/install/pfcbot/share/pfcbot//launch/start_world.launch.py
[0.429s] -- Up-to-date: /home/yuritvr/PFC/pfc_ws/install/pfcbot/share/pfcbot//launch/spawn_pfcbot.launch.py
[0.430s] -- Up-to-date: /home/yuritvr/PFC/pfc_ws/install/pfcbot/share/pfcbot//launch/__pycache__
[0.431s] -- Up-to-date: /home/yuritvr/PFC/pfc_ws/install/pfcbot/share/pfcbot//launch/__pycache__/pfcbot.launch.cpython-310.pyc
[0.431s] -- Up-to-date: /home/yuritvr/PFC/pfc_ws/install/pfcbot/share/pfcbot//config
[0.432s] -- Up-to-date: /home/yuritvr/PFC/pfc_ws/install/pfcbot/share/pfcbot//config/simple_controller.yaml
[0.432s] -- Up-to-date: /home/yuritvr/PFC/pfc_ws/install/pfcbot/share/ament_index/resource_index/package_run_dependencies/pfcbot
[0.433s] -- Up-to-date: /home/yuritvr/PFC/pfc_ws/install/pfcbot/share/ament_index/resource_index/parent_prefix_path/pfcbot
[0.434s] -- Up-to-date: /home/yuritvr/PFC/pfc_ws/install/pfcbot/share/pfcbot/environment/ament_prefix_path.sh
[0.435s] -- Up-to-date: /home/yuritvr/PFC/pfc_ws/install/pfcbot/share/pfcbot/environment/ament_prefix_path.dsv
[0.437s] -- Up-to-date: /home/yuritvr/PFC/pfc_ws/install/pfcbot/share/pfcbot/environment/path.sh
[0.438s] -- Up-to-date: /home/yuritvr/PFC/pfc_ws/install/pfcbot/share/pfcbot/environment/path.dsv
[0.439s] -- Up-to-date: /home/yuritvr/PFC/pfc_ws/install/pfcbot/share/pfcbot/local_setup.bash
[0.439s] -- Up-to-date: /home/yuritvr/PFC/pfc_ws/install/pfcbot/share/pfcbot/local_setup.sh
[0.440s] -- Up-to-date: /home/yuritvr/PFC/pfc_ws/install/pfcbot/share/pfcbot/local_setup.zsh
[0.440s] -- Up-to-date: /home/yuritvr/PFC/pfc_ws/install/pfcbot/share/pfcbot/local_setup.dsv
[0.441s] -- Installing: /home/yuritvr/PFC/pfc_ws/install/pfcbot/share/pfcbot/package.dsv
[0.442s] -- Up-to-date: /home/yuritvr/PFC/pfc_ws/install/pfcbot/share/ament_index/resource_index/packages/pfcbot
[0.444s] -- Up-to-date: /home/yuritvr/PFC/pfc_ws/install/pfcbot/share/pfcbot/cmake/pfcbotConfig.cmake
[0.446s] -- Up-to-date: /home/yuritvr/PFC/pfc_ws/install/pfcbot/share/pfcbot/cmake/pfcbotConfig-version.cmake
[0.448s] -- Up-to-date: /home/yuritvr/PFC/pfc_ws/install/pfcbot/share/pfcbot/package.xml
[0.456s] Invoked command in '/home/yuritvr/PFC/pfc_ws/build/pfcbot' returned '0': CMAKE_PREFIX_PATH=${CMAKE_PREFIX_PATH}:/opt/ros/humble /usr/bin/cmake --install /home/yuritvr/PFC/pfc_ws/build/pfcbot
