[0.051s] Invoking command in '/home/yuritvr/PFC/wenis_ws/build/pfcbot': /usr/bin/cmake --build /home/yuritvr/PFC/wenis_ws/build/pfcbot -- -j8 -l8
[0.201s] Invoked command in '/home/yuritvr/PFC/wenis_ws/build/pfcbot' returned '0': /usr/bin/cmake --build /home/yuritvr/PFC/wenis_ws/build/pfcbot -- -j8 -l8
[0.372s] Invoking command in '/home/yuritvr/PFC/wenis_ws/build/pfcbot': /usr/bin/cmake --install /home/yuritvr/PFC/wenis_ws/build/pfcbot
[0.377s] -- Install configuration: ""
[0.378s] -- Up-to-date: /home/yuritvr/PFC/wenis_ws/install/pfcbot/share/pfcbot//urdf
[0.380s] -- Up-to-date: /home/yuritvr/PFC/wenis_ws/install/pfcbot/share/pfcbot//urdf/pfcbot.xacro
[0.381s] -- Up-to-date: /home/yuritvr/PFC/wenis_ws/install/pfcbot/share/pfcbot//launch
[0.382s] -- Up-to-date: /home/yuritvr/PFC/wenis_ws/install/pfcbot/share/pfcbot//launch/pfcbot.launch.py
[0.382s] -- Up-to-date: /home/yuritvr/PFC/wenis_ws/install/pfcbot/share/pfcbot//launch/start_world.launch.py
[0.383s] -- Up-to-date: /home/yuritvr/PFC/wenis_ws/install/pfcbot/share/pfcbot//launch/spawn_pfcbot.launch.py
[0.383s] -- Up-to-date: /home/yuritvr/PFC/wenis_ws/install/pfcbot/share/pfcbot//config
[0.384s] -- Up-to-date: /home/yuritvr/PFC/wenis_ws/install/pfcbot/share/pfcbot//config/simple_controller.yaml
[0.384s] -- Up-to-date: /home/yuritvr/PFC/wenis_ws/install/pfcbot/share/ament_index/resource_index/package_run_dependencies/pfcbot
[0.385s] -- Up-to-date: /home/yuritvr/PFC/wenis_ws/install/pfcbot/share/ament_index/resource_index/parent_prefix_path/pfcbot
[0.385s] -- Up-to-date: /home/yuritvr/PFC/wenis_ws/install/pfcbot/share/pfcbot/environment/ament_prefix_path.sh
[0.385s] -- Up-to-date: /home/yuritvr/PFC/wenis_ws/install/pfcbot/share/pfcbot/environment/ament_prefix_path.dsv
[0.386s] -- Up-to-date: /home/yuritvr/PFC/wenis_ws/install/pfcbot/share/pfcbot/environment/path.sh
[0.386s] -- Up-to-date: /home/yuritvr/PFC/wenis_ws/install/pfcbot/share/pfcbot/environment/path.dsv
[0.388s] -- Up-to-date: /home/yuritvr/PFC/wenis_ws/install/pfcbot/share/pfcbot/local_setup.bash
[0.388s] -- Up-to-date: /home/yuritvr/PFC/wenis_ws/install/pfcbot/share/pfcbot/local_setup.sh
[0.389s] -- Up-to-date: /home/yuritvr/PFC/wenis_ws/install/pfcbot/share/pfcbot/local_setup.zsh
[0.389s] -- Up-to-date: /home/yuritvr/PFC/wenis_ws/install/pfcbot/share/pfcbot/local_setup.dsv
[0.389s] -- Installing: /home/yuritvr/PFC/wenis_ws/install/pfcbot/share/pfcbot/package.dsv
[0.390s] -- Up-to-date: /home/yuritvr/PFC/wenis_ws/install/pfcbot/share/ament_index/resource_index/packages/pfcbot
[0.390s] -- Up-to-date: /home/yuritvr/PFC/wenis_ws/install/pfcbot/share/pfcbot/cmake/pfcbotConfig.cmake
[0.392s] -- Up-to-date: /home/yuritvr/PFC/wenis_ws/install/pfcbot/share/pfcbot/cmake/pfcbotConfig-version.cmake
[0.393s] -- Up-to-date: /home/yuritvr/PFC/wenis_ws/install/pfcbot/share/pfcbot/package.xml
[0.438s] Invoked command in '/home/yuritvr/PFC/wenis_ws/build/pfcbot' returned '0': /usr/bin/cmake --install /home/yuritvr/PFC/wenis_ws/build/pfcbot
