-- Install configuration: ""
-- Up-to-date: /home/yuritvr/PFC/pfc_ws/install/ur_robotiq_description/share/ur_robotiq_description/launch
-- Up-to-date: /home/yuritvr/PFC/pfc_ws/install/ur_robotiq_description/share/ur_robotiq_description/launch/gazebo_model.launch.py
-- Up-to-date: /home/yuritvr/PFC/pfc_ws/install/ur_robotiq_description/share/ur_robotiq_description/urdf
-- Up-to-date: /home/yuritvr/PFC/pfc_ws/install/ur_robotiq_description/share/ur_robotiq_description/urdf/robot.gazebo
-- Up-to-date: /home/yuritvr/PFC/pfc_ws/install/ur_robotiq_description/share/ur_robotiq_description/urdf/empty_world.world
-- Up-to-date: /home/yuritvr/PFC/pfc_ws/install/ur_robotiq_description/share/ur_robotiq_description/urdf/ur3e_robotiq_2f_85_urdf.xacro
-- Up-to-date: /home/yuritvr/PFC/pfc_ws/install/ur_robotiq_description/share/ur_robotiq_description/urdf/robotiq_2f_85_urdf.xacro
-- Up-to-date: /home/yuritvr/PFC/pfc_ws/install/ur_robotiq_description/share/ur_robotiq_description/urdf/ur3e_urdf.xacro
-- Up-to-date: /home/yuritvr/PFC/pfc_ws/install/ur_robotiq_description/share/ament_index/resource_index/package_run_dependencies/ur_robotiq_description
-- Up-to-date: /home/yuritvr/PFC/pfc_ws/install/ur_robotiq_description/share/ament_index/resource_index/parent_prefix_path/ur_robotiq_description
-- Up-to-date: /home/yuritvr/PFC/pfc_ws/install/ur_robotiq_description/share/ur_robotiq_description/environment/ament_prefix_path.sh
-- Up-to-date: /home/yuritvr/PFC/pfc_ws/install/ur_robotiq_description/share/ur_robotiq_description/environment/ament_prefix_path.dsv
-- Up-to-date: /home/yuritvr/PFC/pfc_ws/install/ur_robotiq_description/share/ur_robotiq_description/environment/path.sh
-- Up-to-date: /home/yuritvr/PFC/pfc_ws/install/ur_robotiq_description/share/ur_robotiq_description/environment/path.dsv
-- Up-to-date: /home/yuritvr/PFC/pfc_ws/install/ur_robotiq_description/share/ur_robotiq_description/local_setup.bash
-- Up-to-date: /home/yuritvr/PFC/pfc_ws/install/ur_robotiq_description/share/ur_robotiq_description/local_setup.sh
-- Up-to-date: /home/yuritvr/PFC/pfc_ws/install/ur_robotiq_description/share/ur_robotiq_description/local_setup.zsh
-- Up-to-date: /home/yuritvr/PFC/pfc_ws/install/ur_robotiq_description/share/ur_robotiq_description/local_setup.dsv
-- Installing: /home/yuritvr/PFC/pfc_ws/install/ur_robotiq_description/share/ur_robotiq_description/package.dsv
-- Up-to-date: /home/yuritvr/PFC/pfc_ws/install/ur_robotiq_description/share/ament_index/resource_index/packages/ur_robotiq_description
-- Up-to-date: /home/yuritvr/PFC/pfc_ws/install/ur_robotiq_description/share/ur_robotiq_description/cmake/ur_robotiq_descriptionConfig.cmake
-- Up-to-date: /home/yuritvr/PFC/pfc_ws/install/ur_robotiq_description/share/ur_robotiq_description/cmake/ur_robotiq_descriptionConfig-version.cmake
-- Up-to-date: /home/yuritvr/PFC/pfc_ws/install/ur_robotiq_description/share/ur_robotiq_description/package.xml
