[0.026s] Invoking command in '/home/yuritvr/PFC/wenis_ws/build/robotiq_85_msgs': /usr/bin/cmake --build /home/yuritvr/PFC/wenis_ws/build/robotiq_85_msgs -- -j8 -l8
[0.126s] [  2%] Built target robotiq_85_msgs__cpp
[0.146s] [ 12%] Built target robotiq_85_msgs__rosidl_generator_c
[0.171s] [ 12%] Built target ament_cmake_python_copy_robotiq_85_msgs
[0.196s] [ 23%] Built target robotiq_85_msgs__rosidl_typesupport_fastrtps_cpp
[0.199s] [ 33%] Built target robotiq_85_msgs__rosidl_typesupport_cpp
[0.212s] [ 43%] Built target robotiq_85_msgs__rosidl_typesupport_introspection_cpp
[0.235s] [ 53%] Built target robotiq_85_msgs__rosidl_typesupport_fastrtps_c
[0.240s] [ 64%] Built target robotiq_85_msgs__rosidl_typesupport_introspection_c
[0.247s] [ 74%] Built target robotiq_85_msgs__rosidl_typesupport_c
[0.280s] [ 74%] Built target robotiq_85_msgs
[0.308s] [ 76%] Built target robotiq_85_msgs__py
[0.338s] [ 84%] Built target robotiq_85_msgs__rosidl_generator_py
[0.368s] [100%] Built target robotiq_85_msgs__rosidl_typesupport_fastrtps_c__pyext
[0.368s] [100%] Built target robotiq_85_msgs__rosidl_typesupport_c__pyext
[0.368s] [100%] Built target robotiq_85_msgs__rosidl_typesupport_introspection_c__pyext
[0.525s] running egg_info
[0.526s] writing robotiq_85_msgs.egg-info/PKG-INFO
[0.526s] writing dependency_links to robotiq_85_msgs.egg-info/dependency_links.txt
[0.526s] writing top-level names to robotiq_85_msgs.egg-info/top_level.txt
[0.530s] reading manifest file 'robotiq_85_msgs.egg-info/SOURCES.txt'
[0.531s] writing manifest file 'robotiq_85_msgs.egg-info/SOURCES.txt'
[0.563s] [100%] Built target ament_cmake_python_build_robotiq_85_msgs_egg
