[0.024s] Invoking command in '/home/yuritvr/PFC/pfc_ws/build/xarm_description': CMAKE_PREFIX_PATH=/opt/ros/humble /usr/bin/cmake --build /home/yuritvr/PFC/pfc_ws/build/xarm_description -- -j8 -l8
[0.088s] Invoked command in '/home/yuritvr/PFC/pfc_ws/build/xarm_description' returned '0': CMAKE_PREFIX_PATH=/opt/ros/humble /usr/bin/cmake --build /home/yuritvr/PFC/pfc_ws/build/xarm_description -- -j8 -l8
[0.199s] Invoking command in '/home/yuritvr/PFC/pfc_ws/build/xarm_description': CMAKE_PREFIX_PATH=/opt/ros/humble /usr/bin/cmake --install /home/yuritvr/PFC/pfc_ws/build/xarm_description
[0.228s] -- Install configuration: ""
[0.229s] -- Up-to-date: /home/yuritvr/PFC/pfc_ws/install/xarm_description/share/ament_index/resource_index/package_run_dependencies/xarm_description
[0.229s] -- Up-to-date: /home/yuritvr/PFC/pfc_ws/install/xarm_description/share/ament_index/resource_index/parent_prefix_path/xarm_description
[0.230s] -- Up-to-date: /home/yuritvr/PFC/pfc_ws/install/xarm_description/share/xarm_description/environment/ament_prefix_path.sh
[0.233s] -- Up-to-date: /home/yuritvr/PFC/pfc_ws/install/xarm_description/share/xarm_description/environment/ament_prefix_path.dsv
[0.236s] -- Up-to-date: /home/yuritvr/PFC/pfc_ws/install/xarm_description/share/xarm_description/environment/path.sh
[0.237s] -- Up-to-date: /home/yuritvr/PFC/pfc_ws/install/xarm_description/share/xarm_description/environment/path.dsv
[0.237s] -- Up-to-date: /home/yuritvr/PFC/pfc_ws/install/xarm_description/share/xarm_description/local_setup.bash
[0.238s] -- Up-to-date: /home/yuritvr/PFC/pfc_ws/install/xarm_description/share/xarm_description/local_setup.sh
[0.239s] -- Up-to-date: /home/yuritvr/PFC/pfc_ws/install/xarm_description/share/xarm_description/local_setup.zsh
[0.241s] -- Up-to-date: /home/yuritvr/PFC/pfc_ws/install/xarm_description/share/xarm_description/local_setup.dsv
[0.241s] -- Installing: /home/yuritvr/PFC/pfc_ws/install/xarm_description/share/xarm_description/package.dsv
[0.242s] -- Up-to-date: /home/yuritvr/PFC/pfc_ws/install/xarm_description/share/ament_index/resource_index/packages/xarm_description
[0.243s] -- Up-to-date: /home/yuritvr/PFC/pfc_ws/install/xarm_description/share/xarm_description/cmake/xarm_descriptionConfig.cmake
[0.243s] -- Up-to-date: /home/yuritvr/PFC/pfc_ws/install/xarm_description/share/xarm_description/cmake/xarm_descriptionConfig-version.cmake
[0.244s] -- Up-to-date: /home/yuritvr/PFC/pfc_ws/install/xarm_description/share/xarm_description/package.xml
[0.299s] Invoked command in '/home/yuritvr/PFC/pfc_ws/build/xarm_description' returned '0': CMAKE_PREFIX_PATH=/opt/ros/humble /usr/bin/cmake --install /home/yuritvr/PFC/pfc_ws/build/xarm_description
