[0.216s] DEBUG:colcon:Command line arguments: ['/usr/bin/colcon', 'build']
[0.216s] DEBUG:colcon:Parsed command line arguments: Namespace(log_base=None, log_level=None, verb_name='build', build_base='build', install_base='install', merge_install=False, symlink_install=False, test_result_base=None, continue_on_error=False, executor='parallel', parallel_workers=8, event_handlers=None, ignore_user_meta=False, metas=['./colcon.meta'], base_paths=['.'], packages_ignore=None, packages_ignore_regex=None, paths=None, packages_up_to=None, packages_up_to_regex=None, packages_above=None, packages_above_and_dependencies=None, packages_above_depth=None, packages_select_by_dep=None, packages_skip_by_dep=None, packages_skip_up_to=None, packages_select_build_failed=False, packages_skip_build_finished=False, packages_select_test_failures=False, packages_skip_test_passed=False, packages_select=None, packages_skip=None, packages_select_regex=None, packages_skip_regex=None, packages_start=None, packages_end=None, allow_overriding=[], cmake_args=None, cmake_target=None, cmake_target_skip_unavailable=False, cmake_clean_cache=False, cmake_clean_first=False, cmake_force_configure=False, ament_cmake_args=None, catkin_cmake_args=None, catkin_skip_building_tests=False, mixin_files=None, mixin=None, verb_parser=<colcon_mixin.mixin.mixin_argument.MixinArgumentDecorator object at 0x71f17f036260>, verb_extension=<colcon_core.verb.build.BuildVerb object at 0x71f17f1aa650>, main=<bound method BuildVerb.main of <colcon_core.verb.build.BuildVerb object at 0x71f17f1aa650>>, mixin_verb=('build',))
[0.467s] Level 1:colcon.colcon_core.package_discovery:discover_packages(colcon_meta) check parameters
[0.467s] Level 1:colcon.colcon_core.package_discovery:discover_packages(recursive) check parameters
[0.468s] Level 1:colcon.colcon_core.package_discovery:discover_packages(ignore) check parameters
[0.468s] Level 1:colcon.colcon_core.package_discovery:discover_packages(path) check parameters
[0.468s] Level 1:colcon.colcon_core.package_discovery:discover_packages(colcon_meta) discover
[0.468s] Level 1:colcon.colcon_core.package_discovery:discover_packages(recursive) discover
[0.468s] INFO:colcon.colcon_core.package_discovery:Crawling recursively for packages in '/home/yuritvr/PFC/pfc_ws'
[0.468s] Level 1:colcon.colcon_core.package_identification:_identify(.) by extensions ['ignore', 'ignore_ament_install']
[0.468s] Level 1:colcon.colcon_core.package_identification:_identify(.) by extension 'ignore'
[0.468s] Level 1:colcon.colcon_core.package_identification:_identify(.) by extension 'ignore_ament_install'
[0.468s] Level 1:colcon.colcon_core.package_identification:_identify(.) by extensions ['colcon_pkg']
[0.468s] Level 1:colcon.colcon_core.package_identification:_identify(.) by extension 'colcon_pkg'
[0.468s] Level 1:colcon.colcon_core.package_identification:_identify(.) by extensions ['colcon_meta']
[0.468s] Level 1:colcon.colcon_core.package_identification:_identify(.) by extension 'colcon_meta'
[0.469s] Level 1:colcon.colcon_core.package_identification:_identify(.) by extensions ['ros']
[0.469s] Level 1:colcon.colcon_core.package_identification:_identify(.) by extension 'ros'
[0.484s] Level 1:colcon.colcon_core.package_identification:_identify(.) by extensions ['cmake', 'python']
[0.485s] Level 1:colcon.colcon_core.package_identification:_identify(.) by extension 'cmake'
[0.485s] Level 1:colcon.colcon_core.package_identification:_identify(.) by extension 'python'
[0.485s] Level 1:colcon.colcon_core.package_identification:_identify(.) by extensions ['python_setup_py']
[0.485s] Level 1:colcon.colcon_core.package_identification:_identify(.) by extension 'python_setup_py'
[0.485s] Level 1:colcon.colcon_core.package_identification:_identify(build) by extensions ['ignore', 'ignore_ament_install']
[0.485s] Level 1:colcon.colcon_core.package_identification:_identify(build) by extension 'ignore'
[0.485s] Level 1:colcon.colcon_core.package_identification:_identify(build) ignored
[0.485s] Level 1:colcon.colcon_core.package_identification:_identify(install) by extensions ['ignore', 'ignore_ament_install']
[0.485s] Level 1:colcon.colcon_core.package_identification:_identify(install) by extension 'ignore'
[0.485s] Level 1:colcon.colcon_core.package_identification:_identify(install) ignored
[0.486s] Level 1:colcon.colcon_core.package_identification:_identify(log) by extensions ['ignore', 'ignore_ament_install']
[0.486s] Level 1:colcon.colcon_core.package_identification:_identify(log) by extension 'ignore'
[0.486s] Level 1:colcon.colcon_core.package_identification:_identify(log) ignored
[0.486s] Level 1:colcon.colcon_core.package_identification:_identify(src) by extensions ['ignore', 'ignore_ament_install']
[0.486s] Level 1:colcon.colcon_core.package_identification:_identify(src) by extension 'ignore'
[0.486s] Level 1:colcon.colcon_core.package_identification:_identify(src) by extension 'ignore_ament_install'
[0.486s] Level 1:colcon.colcon_core.package_identification:_identify(src) by extensions ['colcon_pkg']
[0.486s] Level 1:colcon.colcon_core.package_identification:_identify(src) by extension 'colcon_pkg'
[0.486s] Level 1:colcon.colcon_core.package_identification:_identify(src) by extensions ['colcon_meta']
[0.486s] Level 1:colcon.colcon_core.package_identification:_identify(src) by extension 'colcon_meta'
[0.486s] Level 1:colcon.colcon_core.package_identification:_identify(src) by extensions ['ros']
[0.486s] Level 1:colcon.colcon_core.package_identification:_identify(src) by extension 'ros'
[0.487s] Level 1:colcon.colcon_core.package_identification:_identify(src) by extensions ['cmake', 'python']
[0.487s] Level 1:colcon.colcon_core.package_identification:_identify(src) by extension 'cmake'
[0.487s] Level 1:colcon.colcon_core.package_identification:_identify(src) by extension 'python'
[0.487s] Level 1:colcon.colcon_core.package_identification:_identify(src) by extensions ['python_setup_py']
[0.487s] Level 1:colcon.colcon_core.package_identification:_identify(src) by extension 'python_setup_py'
[0.487s] Level 1:colcon.colcon_core.package_identification:_identify(src/arm_pkg) by extensions ['ignore', 'ignore_ament_install']
[0.487s] Level 1:colcon.colcon_core.package_identification:_identify(src/arm_pkg) by extension 'ignore'
[0.487s] Level 1:colcon.colcon_core.package_identification:_identify(src/arm_pkg) by extension 'ignore_ament_install'
[0.487s] Level 1:colcon.colcon_core.package_identification:_identify(src/arm_pkg) by extensions ['colcon_pkg']
[0.487s] Level 1:colcon.colcon_core.package_identification:_identify(src/arm_pkg) by extension 'colcon_pkg'
[0.487s] Level 1:colcon.colcon_core.package_identification:_identify(src/arm_pkg) by extensions ['colcon_meta']
[0.487s] Level 1:colcon.colcon_core.package_identification:_identify(src/arm_pkg) by extension 'colcon_meta'
[0.488s] Level 1:colcon.colcon_core.package_identification:_identify(src/arm_pkg) by extensions ['ros']
[0.488s] Level 1:colcon.colcon_core.package_identification:_identify(src/arm_pkg) by extension 'ros'
[0.491s] DEBUG:colcon.colcon_core.package_identification:Package 'src/arm_pkg' with type 'ros.ament_cmake' and name 'arm_pkg'
[0.491s] Level 1:colcon.colcon_core.package_identification:_identify(src/pfcbot) by extensions ['ignore', 'ignore_ament_install']
[0.492s] Level 1:colcon.colcon_core.package_identification:_identify(src/pfcbot) by extension 'ignore'
[0.492s] Level 1:colcon.colcon_core.package_identification:_identify(src/pfcbot) by extension 'ignore_ament_install'
[0.492s] Level 1:colcon.colcon_core.package_identification:_identify(src/pfcbot) by extensions ['colcon_pkg']
[0.492s] Level 1:colcon.colcon_core.package_identification:_identify(src/pfcbot) by extension 'colcon_pkg'
[0.492s] Level 1:colcon.colcon_core.package_identification:_identify(src/pfcbot) by extensions ['colcon_meta']
[0.492s] Level 1:colcon.colcon_core.package_identification:_identify(src/pfcbot) by extension 'colcon_meta'
[0.492s] Level 1:colcon.colcon_core.package_identification:_identify(src/pfcbot) by extensions ['ros']
[0.492s] Level 1:colcon.colcon_core.package_identification:_identify(src/pfcbot) by extension 'ros'
[0.494s] DEBUG:colcon.colcon_core.package_identification:Package 'src/pfcbot' with type 'ros.ament_cmake' and name 'pfcbot'
[0.494s] Level 1:colcon.colcon_core.package_identification:_identify(src/xarm_description) by extensions ['ignore', 'ignore_ament_install']
[0.494s] Level 1:colcon.colcon_core.package_identification:_identify(src/xarm_description) by extension 'ignore'
[0.494s] Level 1:colcon.colcon_core.package_identification:_identify(src/xarm_description) by extension 'ignore_ament_install'
[0.494s] Level 1:colcon.colcon_core.package_identification:_identify(src/xarm_description) by extensions ['colcon_pkg']
[0.494s] Level 1:colcon.colcon_core.package_identification:_identify(src/xarm_description) by extension 'colcon_pkg'
[0.494s] Level 1:colcon.colcon_core.package_identification:_identify(src/xarm_description) by extensions ['colcon_meta']
[0.495s] Level 1:colcon.colcon_core.package_identification:_identify(src/xarm_description) by extension 'colcon_meta'
[0.495s] Level 1:colcon.colcon_core.package_identification:_identify(src/xarm_description) by extensions ['ros']
[0.495s] Level 1:colcon.colcon_core.package_identification:_identify(src/xarm_description) by extension 'ros'
[0.495s] DEBUG:colcon.colcon_core.package_identification:Package 'src/xarm_description' with type 'ros.ament_cmake' and name 'xarm_description'
[0.496s] Level 1:colcon.colcon_core.package_discovery:discover_packages(recursive) using defaults
[0.496s] Level 1:colcon.colcon_core.package_discovery:discover_packages(ignore) discover
[0.496s] Level 1:colcon.colcon_core.package_discovery:discover_packages(ignore) using defaults
[0.496s] Level 1:colcon.colcon_core.package_discovery:discover_packages(path) discover
[0.496s] Level 1:colcon.colcon_core.package_discovery:discover_packages(path) using defaults
[0.524s] Level 1:colcon.colcon_core.package_discovery:discover_packages(prefix_path) check parameters
[0.524s] Level 1:colcon.colcon_core.package_discovery:discover_packages(prefix_path) discover
[0.528s] DEBUG:colcon.colcon_installed_package_information.package_discovery:Found 355 installed packages in /opt/ros/humble
[0.541s] Level 1:colcon.colcon_core.package_discovery:discover_packages(prefix_path) using defaults
[0.609s] Level 5:colcon.colcon_core.verb:set package 'arm_pkg' build argument 'cmake_args' from command line to 'None'
[0.609s] Level 5:colcon.colcon_core.verb:set package 'arm_pkg' build argument 'cmake_target' from command line to 'None'
[0.609s] Level 5:colcon.colcon_core.verb:set package 'arm_pkg' build argument 'cmake_target_skip_unavailable' from command line to 'False'
[0.609s] Level 5:colcon.colcon_core.verb:set package 'arm_pkg' build argument 'cmake_clean_cache' from command line to 'False'
[0.609s] Level 5:colcon.colcon_core.verb:set package 'arm_pkg' build argument 'cmake_clean_first' from command line to 'False'
[0.609s] Level 5:colcon.colcon_core.verb:set package 'arm_pkg' build argument 'cmake_force_configure' from command line to 'False'
[0.609s] Level 5:colcon.colcon_core.verb:set package 'arm_pkg' build argument 'ament_cmake_args' from command line to 'None'
[0.609s] Level 5:colcon.colcon_core.verb:set package 'arm_pkg' build argument 'catkin_cmake_args' from command line to 'None'
[0.609s] Level 5:colcon.colcon_core.verb:set package 'arm_pkg' build argument 'catkin_skip_building_tests' from command line to 'False'
[0.609s] DEBUG:colcon.colcon_core.verb:Building package 'arm_pkg' with the following arguments: {'ament_cmake_args': None, 'build_base': '/home/yuritvr/PFC/pfc_ws/build/arm_pkg', 'catkin_cmake_args': None, 'catkin_skip_building_tests': False, 'cmake_args': None, 'cmake_clean_cache': False, 'cmake_clean_first': False, 'cmake_force_configure': False, 'cmake_target': None, 'cmake_target_skip_unavailable': False, 'install_base': '/home/yuritvr/PFC/pfc_ws/install/arm_pkg', 'merge_install': False, 'path': '/home/yuritvr/PFC/pfc_ws/src/arm_pkg', 'symlink_install': False, 'test_result_base': None}
[0.610s] Level 5:colcon.colcon_core.verb:set package 'pfcbot' build argument 'cmake_args' from command line to 'None'
[0.610s] Level 5:colcon.colcon_core.verb:set package 'pfcbot' build argument 'cmake_target' from command line to 'None'
[0.610s] Level 5:colcon.colcon_core.verb:set package 'pfcbot' build argument 'cmake_target_skip_unavailable' from command line to 'False'
[0.610s] Level 5:colcon.colcon_core.verb:set package 'pfcbot' build argument 'cmake_clean_cache' from command line to 'False'
[0.610s] Level 5:colcon.colcon_core.verb:set package 'pfcbot' build argument 'cmake_clean_first' from command line to 'False'
[0.610s] Level 5:colcon.colcon_core.verb:set package 'pfcbot' build argument 'cmake_force_configure' from command line to 'False'
[0.610s] Level 5:colcon.colcon_core.verb:set package 'pfcbot' build argument 'ament_cmake_args' from command line to 'None'
[0.610s] Level 5:colcon.colcon_core.verb:set package 'pfcbot' build argument 'catkin_cmake_args' from command line to 'None'
[0.610s] Level 5:colcon.colcon_core.verb:set package 'pfcbot' build argument 'catkin_skip_building_tests' from command line to 'False'
[0.610s] DEBUG:colcon.colcon_core.verb:Building package 'pfcbot' with the following arguments: {'ament_cmake_args': None, 'build_base': '/home/yuritvr/PFC/pfc_ws/build/pfcbot', 'catkin_cmake_args': None, 'catkin_skip_building_tests': False, 'cmake_args': None, 'cmake_clean_cache': False, 'cmake_clean_first': False, 'cmake_force_configure': False, 'cmake_target': None, 'cmake_target_skip_unavailable': False, 'install_base': '/home/yuritvr/PFC/pfc_ws/install/pfcbot', 'merge_install': False, 'path': '/home/yuritvr/PFC/pfc_ws/src/pfcbot', 'symlink_install': False, 'test_result_base': None}
[0.611s] Level 5:colcon.colcon_core.verb:set package 'xarm_description' build argument 'cmake_args' from command line to 'None'
[0.611s] Level 5:colcon.colcon_core.verb:set package 'xarm_description' build argument 'cmake_target' from command line to 'None'
[0.611s] Level 5:colcon.colcon_core.verb:set package 'xarm_description' build argument 'cmake_target_skip_unavailable' from command line to 'False'
[0.611s] Level 5:colcon.colcon_core.verb:set package 'xarm_description' build argument 'cmake_clean_cache' from command line to 'False'
[0.611s] Level 5:colcon.colcon_core.verb:set package 'xarm_description' build argument 'cmake_clean_first' from command line to 'False'
[0.611s] Level 5:colcon.colcon_core.verb:set package 'xarm_description' build argument 'cmake_force_configure' from command line to 'False'
[0.611s] Level 5:colcon.colcon_core.verb:set package 'xarm_description' build argument 'ament_cmake_args' from command line to 'None'
[0.611s] Level 5:colcon.colcon_core.verb:set package 'xarm_description' build argument 'catkin_cmake_args' from command line to 'None'
[0.611s] Level 5:colcon.colcon_core.verb:set package 'xarm_description' build argument 'catkin_skip_building_tests' from command line to 'False'
[0.611s] DEBUG:colcon.colcon_core.verb:Building package 'xarm_description' with the following arguments: {'ament_cmake_args': None, 'build_base': '/home/yuritvr/PFC/pfc_ws/build/xarm_description', 'catkin_cmake_args': None, 'catkin_skip_building_tests': False, 'cmake_args': None, 'cmake_clean_cache': False, 'cmake_clean_first': False, 'cmake_force_configure': False, 'cmake_target': None, 'cmake_target_skip_unavailable': False, 'install_base': '/home/yuritvr/PFC/pfc_ws/install/xarm_description', 'merge_install': False, 'path': '/home/yuritvr/PFC/pfc_ws/src/xarm_description', 'symlink_install': False, 'test_result_base': None}
[0.611s] INFO:colcon.colcon_core.executor:Executing jobs using 'parallel' executor
[0.612s] DEBUG:colcon.colcon_parallel_executor.executor.parallel:run_until_complete
[0.613s] INFO:colcon.colcon_ros.task.ament_cmake.build:Building ROS package in '/home/yuritvr/PFC/pfc_ws/src/arm_pkg' with build type 'ament_cmake'
[0.613s] INFO:colcon.colcon_cmake.task.cmake.build:Building CMake package in '/home/yuritvr/PFC/pfc_ws/src/arm_pkg'
[0.616s] INFO:colcon.colcon_core.plugin_system:Skipping extension 'colcon_core.shell.bat': Not used on non-Windows systems
[0.616s] INFO:colcon.colcon_core.shell:Skip shell extension 'powershell' for command environment: Not usable outside of PowerShell
[0.616s] DEBUG:colcon.colcon_core.shell:Skip shell extension 'dsv' for command environment
[0.620s] INFO:colcon.colcon_ros.task.ament_cmake.build:Building ROS package in '/home/yuritvr/PFC/pfc_ws/src/pfcbot' with build type 'ament_cmake'
[0.620s] INFO:colcon.colcon_cmake.task.cmake.build:Building CMake package in '/home/yuritvr/PFC/pfc_ws/src/pfcbot'
[0.621s] INFO:colcon.colcon_core.shell:Skip shell extension 'powershell' for command environment: Not usable outside of PowerShell
[0.621s] DEBUG:colcon.colcon_core.shell:Skip shell extension 'dsv' for command environment
[0.625s] INFO:colcon.colcon_ros.task.ament_cmake.build:Building ROS package in '/home/yuritvr/PFC/pfc_ws/src/xarm_description' with build type 'ament_cmake'
[0.625s] INFO:colcon.colcon_cmake.task.cmake.build:Building CMake package in '/home/yuritvr/PFC/pfc_ws/src/xarm_description'
[0.625s] INFO:colcon.colcon_core.shell:Skip shell extension 'powershell' for command environment: Not usable outside of PowerShell
[0.626s] DEBUG:colcon.colcon_core.shell:Skip shell extension 'dsv' for command environment
[0.638s] DEBUG:colcon.colcon_core.event_handler.log_command:Invoking command in '/home/yuritvr/PFC/pfc_ws/build/arm_pkg': CMAKE_PREFIX_PATH=/opt/ros/humble /usr/bin/cmake --build /home/yuritvr/PFC/pfc_ws/build/arm_pkg -- -j8 -l8
[0.644s] DEBUG:colcon.colcon_core.event_handler.log_command:Invoking command in '/home/yuritvr/PFC/pfc_ws/build/pfcbot': CMAKE_PREFIX_PATH=/opt/ros/humble /usr/bin/cmake --build /home/yuritvr/PFC/pfc_ws/build/pfcbot -- -j8 -l8
[0.651s] DEBUG:colcon.colcon_core.event_handler.log_command:Invoking command in '/home/yuritvr/PFC/pfc_ws/build/xarm_description': CMAKE_PREFIX_PATH=/opt/ros/humble /usr/bin/cmake --build /home/yuritvr/PFC/pfc_ws/build/xarm_description -- -j8 -l8
[0.697s] DEBUG:colcon.colcon_core.event_handler.log_command:Invoked command in '/home/yuritvr/PFC/pfc_ws/build/pfcbot' returned '0': CMAKE_PREFIX_PATH=/opt/ros/humble /usr/bin/cmake --build /home/yuritvr/PFC/pfc_ws/build/pfcbot -- -j8 -l8
[0.702s] DEBUG:colcon.colcon_core.event_handler.log_command:Invoked command in '/home/yuritvr/PFC/pfc_ws/build/arm_pkg' returned '0': CMAKE_PREFIX_PATH=/opt/ros/humble /usr/bin/cmake --build /home/yuritvr/PFC/pfc_ws/build/arm_pkg -- -j8 -l8
[0.705s] DEBUG:colcon.colcon_core.event_handler.log_command:Invoked command in '/home/yuritvr/PFC/pfc_ws/build/xarm_description' returned '0': CMAKE_PREFIX_PATH=/opt/ros/humble /usr/bin/cmake --build /home/yuritvr/PFC/pfc_ws/build/xarm_description -- -j8 -l8
[0.744s] DEBUG:colcon.colcon_core.event_handler.log_command:Invoking command in '/home/yuritvr/PFC/pfc_ws/build/pfcbot': CMAKE_PREFIX_PATH=/opt/ros/humble /usr/bin/cmake --install /home/yuritvr/PFC/pfc_ws/build/pfcbot
[0.747s] DEBUG:colcon.colcon_core.event_handler.log_command:Invoking command in '/home/yuritvr/PFC/pfc_ws/build/arm_pkg': CMAKE_PREFIX_PATH=/opt/ros/humble /usr/bin/cmake --install /home/yuritvr/PFC/pfc_ws/build/arm_pkg
[0.750s] DEBUG:colcon.colcon_core.event_handler.log_command:Invoking command in '/home/yuritvr/PFC/pfc_ws/build/xarm_description': CMAKE_PREFIX_PATH=/opt/ros/humble /usr/bin/cmake --install /home/yuritvr/PFC/pfc_ws/build/xarm_description
[0.760s] Level 1:colcon.colcon_core.environment:create_environment_scripts_only(pfcbot)
[0.769s] Level 1:colcon.colcon_core.environment:checking '/home/yuritvr/PFC/pfc_ws/install/pfcbot' for CMake module files
[0.770s] DEBUG:colcon.colcon_core.event_handler.log_command:Invoked command in '/home/yuritvr/PFC/pfc_ws/build/pfcbot' returned '0': CMAKE_PREFIX_PATH=/opt/ros/humble /usr/bin/cmake --install /home/yuritvr/PFC/pfc_ws/build/pfcbot
[0.770s] Level 1:colcon.colcon_core.environment:checking '/home/yuritvr/PFC/pfc_ws/install/pfcbot' for CMake config files
[0.771s] Level 1:colcon.colcon_core.shell:create_environment_hook('pfcbot', 'cmake_prefix_path')
[0.772s] INFO:colcon.colcon_core.shell:Creating environment hook '/home/yuritvr/PFC/pfc_ws/install/pfcbot/share/pfcbot/hook/cmake_prefix_path.ps1'
[0.773s] INFO:colcon.colcon_core.shell:Creating environment descriptor '/home/yuritvr/PFC/pfc_ws/install/pfcbot/share/pfcbot/hook/cmake_prefix_path.dsv'
[0.774s] INFO:colcon.colcon_core.shell:Creating environment hook '/home/yuritvr/PFC/pfc_ws/install/pfcbot/share/pfcbot/hook/cmake_prefix_path.sh'
[0.776s] Level 1:colcon.colcon_core.environment:checking '/home/yuritvr/PFC/pfc_ws/install/pfcbot/bin'
[0.776s] Level 1:colcon.colcon_core.environment:checking '/home/yuritvr/PFC/pfc_ws/install/pfcbot/lib/pkgconfig/pfcbot.pc'
[0.776s] Level 1:colcon.colcon_core.environment:checking '/home/yuritvr/PFC/pfc_ws/install/pfcbot/lib/python3.10/site-packages'
[0.776s] Level 1:colcon.colcon_core.environment:checking '/home/yuritvr/PFC/pfc_ws/install/pfcbot/bin'
[0.777s] INFO:colcon.colcon_core.shell:Creating package script '/home/yuritvr/PFC/pfc_ws/install/pfcbot/share/pfcbot/package.ps1'
[0.778s] INFO:colcon.colcon_core.shell:Creating package descriptor '/home/yuritvr/PFC/pfc_ws/install/pfcbot/share/pfcbot/package.dsv'
[0.779s] INFO:colcon.colcon_core.shell:Creating package script '/home/yuritvr/PFC/pfc_ws/install/pfcbot/share/pfcbot/package.sh'
[0.781s] INFO:colcon.colcon_core.shell:Creating package script '/home/yuritvr/PFC/pfc_ws/install/pfcbot/share/pfcbot/package.bash'
[0.782s] INFO:colcon.colcon_core.shell:Creating package script '/home/yuritvr/PFC/pfc_ws/install/pfcbot/share/pfcbot/package.zsh'
[0.783s] Level 1:colcon.colcon_core.environment:create_file_with_runtime_dependencies(/home/yuritvr/PFC/pfc_ws/install/pfcbot/share/colcon-core/packages/pfcbot)
[0.787s] Level 1:colcon.colcon_core.environment:create_environment_scripts_only(xarm_description)
[0.787s] Level 1:colcon.colcon_core.environment:checking '/home/yuritvr/PFC/pfc_ws/install/xarm_description' for CMake module files
[0.788s] DEBUG:colcon.colcon_core.event_handler.log_command:Invoked command in '/home/yuritvr/PFC/pfc_ws/build/xarm_description' returned '0': CMAKE_PREFIX_PATH=/opt/ros/humble /usr/bin/cmake --install /home/yuritvr/PFC/pfc_ws/build/xarm_description
[0.788s] Level 1:colcon.colcon_core.environment:checking '/home/yuritvr/PFC/pfc_ws/install/xarm_description' for CMake config files
[0.789s] Level 1:colcon.colcon_core.shell:create_environment_hook('xarm_description', 'cmake_prefix_path')
[0.789s] INFO:colcon.colcon_core.shell:Creating environment hook '/home/yuritvr/PFC/pfc_ws/install/xarm_description/share/xarm_description/hook/cmake_prefix_path.ps1'
[0.790s] INFO:colcon.colcon_core.shell:Creating environment descriptor '/home/yuritvr/PFC/pfc_ws/install/xarm_description/share/xarm_description/hook/cmake_prefix_path.dsv'
[0.790s] INFO:colcon.colcon_core.shell:Creating environment hook '/home/yuritvr/PFC/pfc_ws/install/xarm_description/share/xarm_description/hook/cmake_prefix_path.sh'
[0.791s] Level 1:colcon.colcon_core.environment:checking '/home/yuritvr/PFC/pfc_ws/install/xarm_description/bin'
[0.791s] Level 1:colcon.colcon_core.environment:checking '/home/yuritvr/PFC/pfc_ws/install/xarm_description/lib/pkgconfig/xarm_description.pc'
[0.791s] Level 1:colcon.colcon_core.environment:checking '/home/yuritvr/PFC/pfc_ws/install/xarm_description/lib/python3.10/site-packages'
[0.792s] Level 1:colcon.colcon_core.environment:checking '/home/yuritvr/PFC/pfc_ws/install/xarm_description/bin'
[0.792s] INFO:colcon.colcon_core.shell:Creating package script '/home/yuritvr/PFC/pfc_ws/install/xarm_description/share/xarm_description/package.ps1'
[0.793s] INFO:colcon.colcon_core.shell:Creating package descriptor '/home/yuritvr/PFC/pfc_ws/install/xarm_description/share/xarm_description/package.dsv'
[0.793s] INFO:colcon.colcon_core.shell:Creating package script '/home/yuritvr/PFC/pfc_ws/install/xarm_description/share/xarm_description/package.sh'
[0.794s] INFO:colcon.colcon_core.shell:Creating package script '/home/yuritvr/PFC/pfc_ws/install/xarm_description/share/xarm_description/package.bash'
[0.794s] INFO:colcon.colcon_core.shell:Creating package script '/home/yuritvr/PFC/pfc_ws/install/xarm_description/share/xarm_description/package.zsh'
[0.795s] Level 1:colcon.colcon_core.environment:create_file_with_runtime_dependencies(/home/yuritvr/PFC/pfc_ws/install/xarm_description/share/colcon-core/packages/xarm_description)
[0.797s] Level 1:colcon.colcon_core.environment:create_environment_scripts_only(arm_pkg)
[0.797s] Level 1:colcon.colcon_core.environment:checking '/home/yuritvr/PFC/pfc_ws/install/arm_pkg' for CMake module files
[0.798s] DEBUG:colcon.colcon_core.event_handler.log_command:Invoked command in '/home/yuritvr/PFC/pfc_ws/build/arm_pkg' returned '0': CMAKE_PREFIX_PATH=/opt/ros/humble /usr/bin/cmake --install /home/yuritvr/PFC/pfc_ws/build/arm_pkg
[0.798s] Level 1:colcon.colcon_core.environment:checking '/home/yuritvr/PFC/pfc_ws/install/arm_pkg' for CMake config files
[0.799s] Level 1:colcon.colcon_core.shell:create_environment_hook('arm_pkg', 'cmake_prefix_path')
[0.799s] INFO:colcon.colcon_core.shell:Creating environment hook '/home/yuritvr/PFC/pfc_ws/install/arm_pkg/share/arm_pkg/hook/cmake_prefix_path.ps1'
[0.800s] INFO:colcon.colcon_core.shell:Creating environment descriptor '/home/yuritvr/PFC/pfc_ws/install/arm_pkg/share/arm_pkg/hook/cmake_prefix_path.dsv'
[0.800s] INFO:colcon.colcon_core.shell:Creating environment hook '/home/yuritvr/PFC/pfc_ws/install/arm_pkg/share/arm_pkg/hook/cmake_prefix_path.sh'
[0.801s] Level 1:colcon.colcon_core.environment:checking '/home/yuritvr/PFC/pfc_ws/install/arm_pkg/bin'
[0.801s] Level 1:colcon.colcon_core.environment:checking '/home/yuritvr/PFC/pfc_ws/install/arm_pkg/lib/pkgconfig/arm_pkg.pc'
[0.802s] Level 1:colcon.colcon_core.environment:checking '/home/yuritvr/PFC/pfc_ws/install/arm_pkg/lib/python3.10/site-packages'
[0.802s] Level 1:colcon.colcon_core.environment:checking '/home/yuritvr/PFC/pfc_ws/install/arm_pkg/bin'
[0.803s] INFO:colcon.colcon_core.shell:Creating package script '/home/yuritvr/PFC/pfc_ws/install/arm_pkg/share/arm_pkg/package.ps1'
[0.803s] INFO:colcon.colcon_core.shell:Creating package descriptor '/home/yuritvr/PFC/pfc_ws/install/arm_pkg/share/arm_pkg/package.dsv'
[0.804s] INFO:colcon.colcon_core.shell:Creating package script '/home/yuritvr/PFC/pfc_ws/install/arm_pkg/share/arm_pkg/package.sh'
[0.805s] INFO:colcon.colcon_core.shell:Creating package script '/home/yuritvr/PFC/pfc_ws/install/arm_pkg/share/arm_pkg/package.bash'
[0.805s] INFO:colcon.colcon_core.shell:Creating package script '/home/yuritvr/PFC/pfc_ws/install/arm_pkg/share/arm_pkg/package.zsh'
[0.806s] Level 1:colcon.colcon_core.environment:create_file_with_runtime_dependencies(/home/yuritvr/PFC/pfc_ws/install/arm_pkg/share/colcon-core/packages/arm_pkg)
[0.825s] Level 1:colcon.colcon_core.environment:create_environment_scripts_only(pfcbot)
[0.826s] Level 1:colcon.colcon_core.environment:checking '/home/yuritvr/PFC/pfc_ws/install/pfcbot' for CMake module files
[0.828s] Level 1:colcon.colcon_core.environment:checking '/home/yuritvr/PFC/pfc_ws/install/pfcbot' for CMake config files
[0.829s] Level 1:colcon.colcon_core.shell:create_environment_hook('pfcbot', 'cmake_prefix_path')
[0.829s] INFO:colcon.colcon_core.shell:Creating environment hook '/home/yuritvr/PFC/pfc_ws/install/pfcbot/share/pfcbot/hook/cmake_prefix_path.ps1'
[0.831s] INFO:colcon.colcon_core.shell:Creating environment descriptor '/home/yuritvr/PFC/pfc_ws/install/pfcbot/share/pfcbot/hook/cmake_prefix_path.dsv'
[0.832s] INFO:colcon.colcon_core.shell:Creating environment hook '/home/yuritvr/PFC/pfc_ws/install/pfcbot/share/pfcbot/hook/cmake_prefix_path.sh'
[0.834s] Level 1:colcon.colcon_core.environment:checking '/home/yuritvr/PFC/pfc_ws/install/pfcbot/bin'
[0.834s] Level 1:colcon.colcon_core.environment:checking '/home/yuritvr/PFC/pfc_ws/install/pfcbot/lib/pkgconfig/pfcbot.pc'
[0.835s] Level 1:colcon.colcon_core.environment:checking '/home/yuritvr/PFC/pfc_ws/install/pfcbot/lib/python3.10/site-packages'
[0.835s] Level 1:colcon.colcon_core.environment:checking '/home/yuritvr/PFC/pfc_ws/install/pfcbot/bin'
[0.836s] INFO:colcon.colcon_core.shell:Creating package script '/home/yuritvr/PFC/pfc_ws/install/pfcbot/share/pfcbot/package.ps1'
[0.838s] INFO:colcon.colcon_core.shell:Creating package descriptor '/home/yuritvr/PFC/pfc_ws/install/pfcbot/share/pfcbot/package.dsv'
[0.840s] INFO:colcon.colcon_core.shell:Creating package script '/home/yuritvr/PFC/pfc_ws/install/pfcbot/share/pfcbot/package.sh'
[0.841s] INFO:colcon.colcon_core.shell:Creating package script '/home/yuritvr/PFC/pfc_ws/install/pfcbot/share/pfcbot/package.bash'
[0.843s] INFO:colcon.colcon_core.shell:Creating package script '/home/yuritvr/PFC/pfc_ws/install/pfcbot/share/pfcbot/package.zsh'
[0.844s] Level 1:colcon.colcon_core.environment:create_file_with_runtime_dependencies(/home/yuritvr/PFC/pfc_ws/install/pfcbot/share/colcon-core/packages/pfcbot)
[0.848s] Level 1:colcon.colcon_core.environment:create_environment_scripts_only(xarm_description)
[0.850s] Level 1:colcon.colcon_core.environment:checking '/home/yuritvr/PFC/pfc_ws/install/xarm_description' for CMake module files
[0.851s] Level 1:colcon.colcon_core.environment:checking '/home/yuritvr/PFC/pfc_ws/install/xarm_description' for CMake config files
[0.852s] Level 1:colcon.colcon_core.shell:create_environment_hook('xarm_description', 'cmake_prefix_path')
[0.853s] INFO:colcon.colcon_core.shell:Creating environment hook '/home/yuritvr/PFC/pfc_ws/install/xarm_description/share/xarm_description/hook/cmake_prefix_path.ps1'
[0.854s] INFO:colcon.colcon_core.shell:Creating environment descriptor '/home/yuritvr/PFC/pfc_ws/install/xarm_description/share/xarm_description/hook/cmake_prefix_path.dsv'
[0.855s] INFO:colcon.colcon_core.shell:Creating environment hook '/home/yuritvr/PFC/pfc_ws/install/xarm_description/share/xarm_description/hook/cmake_prefix_path.sh'
[0.856s] Level 1:colcon.colcon_core.environment:checking '/home/yuritvr/PFC/pfc_ws/install/xarm_description/bin'
[0.857s] Level 1:colcon.colcon_core.environment:checking '/home/yuritvr/PFC/pfc_ws/install/xarm_description/lib/pkgconfig/xarm_description.pc'
[0.858s] Level 1:colcon.colcon_core.environment:checking '/home/yuritvr/PFC/pfc_ws/install/xarm_description/lib/python3.10/site-packages'
[0.858s] Level 1:colcon.colcon_core.environment:checking '/home/yuritvr/PFC/pfc_ws/install/xarm_description/bin'
[0.859s] INFO:colcon.colcon_core.shell:Creating package script '/home/yuritvr/PFC/pfc_ws/install/xarm_description/share/xarm_description/package.ps1'
[0.861s] INFO:colcon.colcon_core.shell:Creating package descriptor '/home/yuritvr/PFC/pfc_ws/install/xarm_description/share/xarm_description/package.dsv'
[0.862s] INFO:colcon.colcon_core.shell:Creating package script '/home/yuritvr/PFC/pfc_ws/install/xarm_description/share/xarm_description/package.sh'
[0.863s] INFO:colcon.colcon_core.shell:Creating package script '/home/yuritvr/PFC/pfc_ws/install/xarm_description/share/xarm_description/package.bash'
[0.865s] INFO:colcon.colcon_core.shell:Creating package script '/home/yuritvr/PFC/pfc_ws/install/xarm_description/share/xarm_description/package.zsh'
[0.866s] Level 1:colcon.colcon_core.environment:create_file_with_runtime_dependencies(/home/yuritvr/PFC/pfc_ws/install/xarm_description/share/colcon-core/packages/xarm_description)
[0.878s] Level 1:colcon.colcon_core.environment:create_environment_scripts_only(arm_pkg)
[0.878s] Level 1:colcon.colcon_core.environment:checking '/home/yuritvr/PFC/pfc_ws/install/arm_pkg' for CMake module files
[0.880s] Level 1:colcon.colcon_core.environment:checking '/home/yuritvr/PFC/pfc_ws/install/arm_pkg' for CMake config files
[0.881s] Level 1:colcon.colcon_core.shell:create_environment_hook('arm_pkg', 'cmake_prefix_path')
[0.882s] INFO:colcon.colcon_core.shell:Creating environment hook '/home/yuritvr/PFC/pfc_ws/install/arm_pkg/share/arm_pkg/hook/cmake_prefix_path.ps1'
[0.883s] INFO:colcon.colcon_core.shell:Creating environment descriptor '/home/yuritvr/PFC/pfc_ws/install/arm_pkg/share/arm_pkg/hook/cmake_prefix_path.dsv'
[0.884s] INFO:colcon.colcon_core.shell:Creating environment hook '/home/yuritvr/PFC/pfc_ws/install/arm_pkg/share/arm_pkg/hook/cmake_prefix_path.sh'
[0.886s] Level 1:colcon.colcon_core.environment:checking '/home/yuritvr/PFC/pfc_ws/install/arm_pkg/bin'
[0.886s] Level 1:colcon.colcon_core.environment:checking '/home/yuritvr/PFC/pfc_ws/install/arm_pkg/lib/pkgconfig/arm_pkg.pc'
[0.887s] Level 1:colcon.colcon_core.environment:checking '/home/yuritvr/PFC/pfc_ws/install/arm_pkg/lib/python3.10/site-packages'
[0.887s] Level 1:colcon.colcon_core.environment:checking '/home/yuritvr/PFC/pfc_ws/install/arm_pkg/bin'
[0.889s] INFO:colcon.colcon_core.shell:Creating package script '/home/yuritvr/PFC/pfc_ws/install/arm_pkg/share/arm_pkg/package.ps1'
[0.890s] INFO:colcon.colcon_core.shell:Creating package descriptor '/home/yuritvr/PFC/pfc_ws/install/arm_pkg/share/arm_pkg/package.dsv'
[0.891s] INFO:colcon.colcon_core.shell:Creating package script '/home/yuritvr/PFC/pfc_ws/install/arm_pkg/share/arm_pkg/package.sh'
[0.893s] INFO:colcon.colcon_core.shell:Creating package script '/home/yuritvr/PFC/pfc_ws/install/arm_pkg/share/arm_pkg/package.bash'
[0.894s] INFO:colcon.colcon_core.shell:Creating package script '/home/yuritvr/PFC/pfc_ws/install/arm_pkg/share/arm_pkg/package.zsh'
[0.895s] Level 1:colcon.colcon_core.environment:create_file_with_runtime_dependencies(/home/yuritvr/PFC/pfc_ws/install/arm_pkg/share/colcon-core/packages/arm_pkg)
[0.897s] DEBUG:colcon.colcon_parallel_executor.executor.parallel:closing loop
[0.897s] DEBUG:colcon.colcon_parallel_executor.executor.parallel:loop closed
[0.898s] DEBUG:colcon.colcon_parallel_executor.executor.parallel:run_until_complete finished with '0'
[0.898s] DEBUG:colcon.colcon_core.event_reactor:joining thread
[0.914s] INFO:colcon.colcon_core.plugin_system:Skipping extension 'colcon_notification.desktop_notification.terminal_notifier': Not used on non-Darwin systems
[0.915s] INFO:colcon.colcon_core.plugin_system:Skipping extension 'colcon_notification.desktop_notification.win32': Not used on non-Windows systems
[0.915s] INFO:colcon.colcon_notification.desktop_notification:Sending desktop notification using 'notify2'
[0.947s] DEBUG:colcon.colcon_core.event_reactor:joined thread
[0.948s] INFO:colcon.colcon_core.shell:Creating prefix script '/home/yuritvr/PFC/pfc_ws/install/local_setup.ps1'
[0.950s] INFO:colcon.colcon_core.shell:Creating prefix util module '/home/yuritvr/PFC/pfc_ws/install/_local_setup_util_ps1.py'
[0.955s] INFO:colcon.colcon_core.shell:Creating prefix chain script '/home/yuritvr/PFC/pfc_ws/install/setup.ps1'
[0.958s] INFO:colcon.colcon_core.shell:Creating prefix script '/home/yuritvr/PFC/pfc_ws/install/local_setup.sh'
[0.960s] INFO:colcon.colcon_core.shell:Creating prefix util module '/home/yuritvr/PFC/pfc_ws/install/_local_setup_util_sh.py'
[0.961s] INFO:colcon.colcon_core.shell:Creating prefix chain script '/home/yuritvr/PFC/pfc_ws/install/setup.sh'
[0.964s] INFO:colcon.colcon_core.shell:Creating prefix script '/home/yuritvr/PFC/pfc_ws/install/local_setup.bash'
[0.965s] INFO:colcon.colcon_core.shell:Creating prefix chain script '/home/yuritvr/PFC/pfc_ws/install/setup.bash'
[0.969s] INFO:colcon.colcon_core.shell:Creating prefix script '/home/yuritvr/PFC/pfc_ws/install/local_setup.zsh'
[0.971s] INFO:colcon.colcon_core.shell:Creating prefix chain script '/home/yuritvr/PFC/pfc_ws/install/setup.zsh'
