[0.198s] DEBUG:colcon:Command line arguments: ['/usr/bin/colcon', 'build']
[0.198s] DEBUG:colcon:Parsed command line arguments: Namespace(log_base=None, log_level=None, verb_name='build', build_base='build', install_base='install', merge_install=False, symlink_install=False, test_result_base=None, continue_on_error=False, executor='parallel', parallel_workers=8, event_handlers=None, ignore_user_meta=False, metas=['./colcon.meta'], base_paths=['.'], packages_ignore=None, packages_ignore_regex=None, paths=None, packages_up_to=None, packages_up_to_regex=None, packages_above=None, packages_above_and_dependencies=None, packages_above_depth=None, packages_select_by_dep=None, packages_skip_by_dep=None, packages_skip_up_to=None, packages_select_build_failed=False, packages_skip_build_finished=False, packages_select_test_failures=False, packages_skip_test_passed=False, packages_select=None, packages_skip=None, packages_select_regex=None, packages_skip_regex=None, packages_start=None, packages_end=None, allow_overriding=[], cmake_args=None, cmake_target=None, cmake_target_skip_unavailable=False, cmake_clean_cache=False, cmake_clean_first=False, cmake_force_configure=False, ament_cmake_args=None, catkin_cmake_args=None, catkin_skip_building_tests=False, mixin_files=None, mixin=None, verb_parser=<colcon_mixin.mixin.mixin_argument.MixinArgumentDecorator object at 0x7c879023a0e0>, verb_extension=<colcon_core.verb.build.BuildVerb object at 0x7c87903ae350>, main=<bound method BuildVerb.main of <colcon_core.verb.build.BuildVerb object at 0x7c87903ae350>>, mixin_verb=('build',))
[0.467s] Level 1:colcon.colcon_core.package_discovery:discover_packages(colcon_meta) check parameters
[0.467s] Level 1:colcon.colcon_core.package_discovery:discover_packages(recursive) check parameters
[0.467s] Level 1:colcon.colcon_core.package_discovery:discover_packages(ignore) check parameters
[0.467s] Level 1:colcon.colcon_core.package_discovery:discover_packages(path) check parameters
[0.467s] Level 1:colcon.colcon_core.package_discovery:discover_packages(colcon_meta) discover
[0.467s] Level 1:colcon.colcon_core.package_discovery:discover_packages(recursive) discover
[0.467s] INFO:colcon.colcon_core.package_discovery:Crawling recursively for packages in '/home/yuritvr/PFC/wenis_ws'
[0.468s] Level 1:colcon.colcon_core.package_identification:_identify(.) by extensions ['ignore', 'ignore_ament_install']
[0.468s] Level 1:colcon.colcon_core.package_identification:_identify(.) by extension 'ignore'
[0.468s] Level 1:colcon.colcon_core.package_identification:_identify(.) by extension 'ignore_ament_install'
[0.468s] Level 1:colcon.colcon_core.package_identification:_identify(.) by extensions ['colcon_pkg']
[0.468s] Level 1:colcon.colcon_core.package_identification:_identify(.) by extension 'colcon_pkg'
[0.468s] Level 1:colcon.colcon_core.package_identification:_identify(.) by extensions ['colcon_meta']
[0.468s] Level 1:colcon.colcon_core.package_identification:_identify(.) by extension 'colcon_meta'
[0.468s] Level 1:colcon.colcon_core.package_identification:_identify(.) by extensions ['ros']
[0.468s] Level 1:colcon.colcon_core.package_identification:_identify(.) by extension 'ros'
[0.484s] Level 1:colcon.colcon_core.package_identification:_identify(.) by extensions ['cmake', 'python']
[0.484s] Level 1:colcon.colcon_core.package_identification:_identify(.) by extension 'cmake'
[0.484s] Level 1:colcon.colcon_core.package_identification:_identify(.) by extension 'python'
[0.485s] Level 1:colcon.colcon_core.package_identification:_identify(.) by extensions ['python_setup_py']
[0.485s] Level 1:colcon.colcon_core.package_identification:_identify(.) by extension 'python_setup_py'
[0.485s] Level 1:colcon.colcon_core.package_identification:_identify(build) by extensions ['ignore', 'ignore_ament_install']
[0.485s] Level 1:colcon.colcon_core.package_identification:_identify(build) by extension 'ignore'
[0.485s] Level 1:colcon.colcon_core.package_identification:_identify(build) ignored
[0.485s] Level 1:colcon.colcon_core.package_identification:_identify(install) by extensions ['ignore', 'ignore_ament_install']
[0.485s] Level 1:colcon.colcon_core.package_identification:_identify(install) by extension 'ignore'
[0.485s] Level 1:colcon.colcon_core.package_identification:_identify(install) ignored
[0.486s] Level 1:colcon.colcon_core.package_identification:_identify(log) by extensions ['ignore', 'ignore_ament_install']
[0.486s] Level 1:colcon.colcon_core.package_identification:_identify(log) by extension 'ignore'
[0.486s] Level 1:colcon.colcon_core.package_identification:_identify(log) ignored
[0.486s] Level 1:colcon.colcon_core.package_identification:_identify(src) by extensions ['ignore', 'ignore_ament_install']
[0.486s] Level 1:colcon.colcon_core.package_identification:_identify(src) by extension 'ignore'
[0.486s] Level 1:colcon.colcon_core.package_identification:_identify(src) by extension 'ignore_ament_install'
[0.486s] Level 1:colcon.colcon_core.package_identification:_identify(src) by extensions ['colcon_pkg']
[0.486s] Level 1:colcon.colcon_core.package_identification:_identify(src) by extension 'colcon_pkg'
[0.486s] Level 1:colcon.colcon_core.package_identification:_identify(src) by extensions ['colcon_meta']
[0.486s] Level 1:colcon.colcon_core.package_identification:_identify(src) by extension 'colcon_meta'
[0.486s] Level 1:colcon.colcon_core.package_identification:_identify(src) by extensions ['ros']
[0.486s] Level 1:colcon.colcon_core.package_identification:_identify(src) by extension 'ros'
[0.487s] Level 1:colcon.colcon_core.package_identification:_identify(src) by extensions ['cmake', 'python']
[0.487s] Level 1:colcon.colcon_core.package_identification:_identify(src) by extension 'cmake'
[0.487s] Level 1:colcon.colcon_core.package_identification:_identify(src) by extension 'python'
[0.487s] Level 1:colcon.colcon_core.package_identification:_identify(src) by extensions ['python_setup_py']
[0.487s] Level 1:colcon.colcon_core.package_identification:_identify(src) by extension 'python_setup_py'
[0.487s] Level 1:colcon.colcon_core.package_identification:_identify(src/ros2_manipulator) by extensions ['ignore', 'ignore_ament_install']
[0.487s] Level 1:colcon.colcon_core.package_identification:_identify(src/ros2_manipulator) by extension 'ignore'
[0.487s] Level 1:colcon.colcon_core.package_identification:_identify(src/ros2_manipulator) by extension 'ignore_ament_install'
[0.487s] Level 1:colcon.colcon_core.package_identification:_identify(src/ros2_manipulator) by extensions ['colcon_pkg']
[0.487s] Level 1:colcon.colcon_core.package_identification:_identify(src/ros2_manipulator) by extension 'colcon_pkg'
[0.487s] Level 1:colcon.colcon_core.package_identification:_identify(src/ros2_manipulator) by extensions ['colcon_meta']
[0.487s] Level 1:colcon.colcon_core.package_identification:_identify(src/ros2_manipulator) by extension 'colcon_meta'
[0.488s] Level 1:colcon.colcon_core.package_identification:_identify(src/ros2_manipulator) by extensions ['ros']
[0.488s] Level 1:colcon.colcon_core.package_identification:_identify(src/ros2_manipulator) by extension 'ros'
[0.488s] Level 1:colcon.colcon_core.package_identification:_identify(src/ros2_manipulator) by extensions ['cmake', 'python']
[0.488s] Level 1:colcon.colcon_core.package_identification:_identify(src/ros2_manipulator) by extension 'cmake'
[0.488s] Level 1:colcon.colcon_core.package_identification:_identify(src/ros2_manipulator) by extension 'python'
[0.488s] Level 1:colcon.colcon_core.package_identification:_identify(src/ros2_manipulator) by extensions ['python_setup_py']
[0.488s] Level 1:colcon.colcon_core.package_identification:_identify(src/ros2_manipulator) by extension 'python_setup_py'
[0.488s] Level 1:colcon.colcon_core.package_identification:_identify(src/ros2_manipulator/get_pose_client) by extensions ['ignore', 'ignore_ament_install']
[0.488s] Level 1:colcon.colcon_core.package_identification:_identify(src/ros2_manipulator/get_pose_client) by extension 'ignore'
[0.488s] Level 1:colcon.colcon_core.package_identification:_identify(src/ros2_manipulator/get_pose_client) by extension 'ignore_ament_install'
[0.488s] Level 1:colcon.colcon_core.package_identification:_identify(src/ros2_manipulator/get_pose_client) by extensions ['colcon_pkg']
[0.488s] Level 1:colcon.colcon_core.package_identification:_identify(src/ros2_manipulator/get_pose_client) by extension 'colcon_pkg'
[0.488s] Level 1:colcon.colcon_core.package_identification:_identify(src/ros2_manipulator/get_pose_client) by extensions ['colcon_meta']
[0.489s] Level 1:colcon.colcon_core.package_identification:_identify(src/ros2_manipulator/get_pose_client) by extension 'colcon_meta'
[0.489s] Level 1:colcon.colcon_core.package_identification:_identify(src/ros2_manipulator/get_pose_client) by extensions ['ros']
[0.489s] Level 1:colcon.colcon_core.package_identification:_identify(src/ros2_manipulator/get_pose_client) by extension 'ros'
[0.492s] DEBUG:colcon.colcon_core.package_identification:Package 'src/ros2_manipulator/get_pose_client' with type 'ros.ament_cmake' and name 'get_pose_client'
[0.492s] Level 1:colcon.colcon_core.package_identification:_identify(src/ros2_manipulator/moveit2_cartesian) by extensions ['ignore', 'ignore_ament_install']
[0.493s] Level 1:colcon.colcon_core.package_identification:_identify(src/ros2_manipulator/moveit2_cartesian) by extension 'ignore'
[0.493s] Level 1:colcon.colcon_core.package_identification:_identify(src/ros2_manipulator/moveit2_cartesian) by extension 'ignore_ament_install'
[0.493s] Level 1:colcon.colcon_core.package_identification:_identify(src/ros2_manipulator/moveit2_cartesian) by extensions ['colcon_pkg']
[0.493s] Level 1:colcon.colcon_core.package_identification:_identify(src/ros2_manipulator/moveit2_cartesian) by extension 'colcon_pkg'
[0.493s] Level 1:colcon.colcon_core.package_identification:_identify(src/ros2_manipulator/moveit2_cartesian) by extensions ['colcon_meta']
[0.493s] Level 1:colcon.colcon_core.package_identification:_identify(src/ros2_manipulator/moveit2_cartesian) by extension 'colcon_meta'
[0.493s] Level 1:colcon.colcon_core.package_identification:_identify(src/ros2_manipulator/moveit2_cartesian) by extensions ['ros']
[0.493s] Level 1:colcon.colcon_core.package_identification:_identify(src/ros2_manipulator/moveit2_cartesian) by extension 'ros'
[0.495s] DEBUG:colcon.colcon_core.package_identification:Package 'src/ros2_manipulator/moveit2_cartesian' with type 'ros.ament_cmake' and name 'moveit2_cartesian'
[0.495s] Level 1:colcon.colcon_core.package_identification:_identify(src/ros2_manipulator/moveit2_kinematics) by extensions ['ignore', 'ignore_ament_install']
[0.495s] Level 1:colcon.colcon_core.package_identification:_identify(src/ros2_manipulator/moveit2_kinematics) by extension 'ignore'
[0.495s] Level 1:colcon.colcon_core.package_identification:_identify(src/ros2_manipulator/moveit2_kinematics) by extension 'ignore_ament_install'
[0.495s] Level 1:colcon.colcon_core.package_identification:_identify(src/ros2_manipulator/moveit2_kinematics) by extensions ['colcon_pkg']
[0.495s] Level 1:colcon.colcon_core.package_identification:_identify(src/ros2_manipulator/moveit2_kinematics) by extension 'colcon_pkg'
[0.495s] Level 1:colcon.colcon_core.package_identification:_identify(src/ros2_manipulator/moveit2_kinematics) by extensions ['colcon_meta']
[0.495s] Level 1:colcon.colcon_core.package_identification:_identify(src/ros2_manipulator/moveit2_kinematics) by extension 'colcon_meta'
[0.495s] Level 1:colcon.colcon_core.package_identification:_identify(src/ros2_manipulator/moveit2_kinematics) by extensions ['ros']
[0.495s] Level 1:colcon.colcon_core.package_identification:_identify(src/ros2_manipulator/moveit2_kinematics) by extension 'ros'
[0.497s] DEBUG:colcon.colcon_core.package_identification:Package 'src/ros2_manipulator/moveit2_kinematics' with type 'ros.ament_cmake' and name 'moveit2_kinematics'
[0.497s] Level 1:colcon.colcon_core.package_identification:_identify(src/ros2_manipulator/moveit2_scripts) by extensions ['ignore', 'ignore_ament_install']
[0.497s] Level 1:colcon.colcon_core.package_identification:_identify(src/ros2_manipulator/moveit2_scripts) by extension 'ignore'
[0.497s] Level 1:colcon.colcon_core.package_identification:_identify(src/ros2_manipulator/moveit2_scripts) by extension 'ignore_ament_install'
[0.497s] Level 1:colcon.colcon_core.package_identification:_identify(src/ros2_manipulator/moveit2_scripts) by extensions ['colcon_pkg']
[0.497s] Level 1:colcon.colcon_core.package_identification:_identify(src/ros2_manipulator/moveit2_scripts) by extension 'colcon_pkg'
[0.497s] Level 1:colcon.colcon_core.package_identification:_identify(src/ros2_manipulator/moveit2_scripts) by extensions ['colcon_meta']
[0.497s] Level 1:colcon.colcon_core.package_identification:_identify(src/ros2_manipulator/moveit2_scripts) by extension 'colcon_meta'
[0.498s] Level 1:colcon.colcon_core.package_identification:_identify(src/ros2_manipulator/moveit2_scripts) by extensions ['ros']
[0.498s] Level 1:colcon.colcon_core.package_identification:_identify(src/ros2_manipulator/moveit2_scripts) by extension 'ros'
[0.499s] DEBUG:colcon.colcon_core.package_identification:Package 'src/ros2_manipulator/moveit2_scripts' with type 'ros.ament_cmake' and name 'moveit2_scripts'
[0.499s] Level 1:colcon.colcon_core.package_identification:_identify(src/ros2_manipulator/moveit_config) by extensions ['ignore', 'ignore_ament_install']
[0.499s] Level 1:colcon.colcon_core.package_identification:_identify(src/ros2_manipulator/moveit_config) by extension 'ignore'
[0.500s] Level 1:colcon.colcon_core.package_identification:_identify(src/ros2_manipulator/moveit_config) by extension 'ignore_ament_install'
[0.500s] Level 1:colcon.colcon_core.package_identification:_identify(src/ros2_manipulator/moveit_config) by extensions ['colcon_pkg']
[0.500s] Level 1:colcon.colcon_core.package_identification:_identify(src/ros2_manipulator/moveit_config) by extension 'colcon_pkg'
[0.500s] Level 1:colcon.colcon_core.package_identification:_identify(src/ros2_manipulator/moveit_config) by extensions ['colcon_meta']
[0.500s] Level 1:colcon.colcon_core.package_identification:_identify(src/ros2_manipulator/moveit_config) by extension 'colcon_meta'
[0.500s] Level 1:colcon.colcon_core.package_identification:_identify(src/ros2_manipulator/moveit_config) by extensions ['ros']
[0.500s] Level 1:colcon.colcon_core.package_identification:_identify(src/ros2_manipulator/moveit_config) by extension 'ros'
[0.501s] DEBUG:colcon.colcon_core.package_identification:Package 'src/ros2_manipulator/moveit_config' with type 'ros.ament_cmake' and name 'moveit_config'
[0.501s] Level 1:colcon.colcon_core.package_identification:_identify(src/ros2_manipulator/robotic_arm_environment) by extensions ['ignore', 'ignore_ament_install']
[0.501s] Level 1:colcon.colcon_core.package_identification:_identify(src/ros2_manipulator/robotic_arm_environment) by extension 'ignore'
[0.501s] Level 1:colcon.colcon_core.package_identification:_identify(src/ros2_manipulator/robotic_arm_environment) by extension 'ignore_ament_install'
[0.501s] Level 1:colcon.colcon_core.package_identification:_identify(src/ros2_manipulator/robotic_arm_environment) by extensions ['colcon_pkg']
[0.502s] Level 1:colcon.colcon_core.package_identification:_identify(src/ros2_manipulator/robotic_arm_environment) by extension 'colcon_pkg'
[0.502s] Level 1:colcon.colcon_core.package_identification:_identify(src/ros2_manipulator/robotic_arm_environment) by extensions ['colcon_meta']
[0.502s] Level 1:colcon.colcon_core.package_identification:_identify(src/ros2_manipulator/robotic_arm_environment) by extension 'colcon_meta'
[0.502s] Level 1:colcon.colcon_core.package_identification:_identify(src/ros2_manipulator/robotic_arm_environment) by extensions ['ros']
[0.502s] Level 1:colcon.colcon_core.package_identification:_identify(src/ros2_manipulator/robotic_arm_environment) by extension 'ros'
[0.502s] Level 1:colcon.colcon_core.package_identification:_identify(src/ros2_manipulator/robotic_arm_environment) by extensions ['cmake', 'python']
[0.502s] Level 1:colcon.colcon_core.package_identification:_identify(src/ros2_manipulator/robotic_arm_environment) by extension 'cmake'
[0.502s] Level 1:colcon.colcon_core.package_identification:_identify(src/ros2_manipulator/robotic_arm_environment) by extension 'python'
[0.502s] Level 1:colcon.colcon_core.package_identification:_identify(src/ros2_manipulator/robotic_arm_environment) by extensions ['python_setup_py']
[0.502s] Level 1:colcon.colcon_core.package_identification:_identify(src/ros2_manipulator/robotic_arm_environment) by extension 'python_setup_py'
[0.502s] Level 1:colcon.colcon_core.package_identification:_identify(src/ros2_manipulator/robotic_arm_environment/arm_pkg) by extensions ['ignore', 'ignore_ament_install']
[0.502s] Level 1:colcon.colcon_core.package_identification:_identify(src/ros2_manipulator/robotic_arm_environment/arm_pkg) by extension 'ignore'
[0.502s] Level 1:colcon.colcon_core.package_identification:_identify(src/ros2_manipulator/robotic_arm_environment/arm_pkg) by extension 'ignore_ament_install'
[0.503s] Level 1:colcon.colcon_core.package_identification:_identify(src/ros2_manipulator/robotic_arm_environment/arm_pkg) by extensions ['colcon_pkg']
[0.503s] Level 1:colcon.colcon_core.package_identification:_identify(src/ros2_manipulator/robotic_arm_environment/arm_pkg) by extension 'colcon_pkg'
[0.503s] Level 1:colcon.colcon_core.package_identification:_identify(src/ros2_manipulator/robotic_arm_environment/arm_pkg) by extensions ['colcon_meta']
[0.503s] Level 1:colcon.colcon_core.package_identification:_identify(src/ros2_manipulator/robotic_arm_environment/arm_pkg) by extension 'colcon_meta'
[0.503s] Level 1:colcon.colcon_core.package_identification:_identify(src/ros2_manipulator/robotic_arm_environment/arm_pkg) by extensions ['ros']
[0.503s] Level 1:colcon.colcon_core.package_identification:_identify(src/ros2_manipulator/robotic_arm_environment/arm_pkg) by extension 'ros'
[0.504s] DEBUG:colcon.colcon_core.package_identification:Package 'src/ros2_manipulator/robotic_arm_environment/arm_pkg' with type 'ros.ament_cmake' and name 'arm_pkg'
[0.504s] Level 1:colcon.colcon_core.package_identification:_identify(src/ros2_manipulator/simple_grasping_ros2) by extensions ['ignore', 'ignore_ament_install']
[0.504s] Level 1:colcon.colcon_core.package_identification:_identify(src/ros2_manipulator/simple_grasping_ros2) by extension 'ignore'
[0.505s] Level 1:colcon.colcon_core.package_identification:_identify(src/ros2_manipulator/simple_grasping_ros2) by extension 'ignore_ament_install'
[0.505s] Level 1:colcon.colcon_core.package_identification:_identify(src/ros2_manipulator/simple_grasping_ros2) by extensions ['colcon_pkg']
[0.505s] Level 1:colcon.colcon_core.package_identification:_identify(src/ros2_manipulator/simple_grasping_ros2) by extension 'colcon_pkg'
[0.505s] Level 1:colcon.colcon_core.package_identification:_identify(src/ros2_manipulator/simple_grasping_ros2) by extensions ['colcon_meta']
[0.505s] Level 1:colcon.colcon_core.package_identification:_identify(src/ros2_manipulator/simple_grasping_ros2) by extension 'colcon_meta'
[0.505s] Level 1:colcon.colcon_core.package_identification:_identify(src/ros2_manipulator/simple_grasping_ros2) by extensions ['ros']
[0.505s] Level 1:colcon.colcon_core.package_identification:_identify(src/ros2_manipulator/simple_grasping_ros2) by extension 'ros'
[0.505s] Level 1:colcon.colcon_core.package_identification:_identify(src/ros2_manipulator/simple_grasping_ros2) by extensions ['cmake', 'python']
[0.505s] Level 1:colcon.colcon_core.package_identification:_identify(src/ros2_manipulator/simple_grasping_ros2) by extension 'cmake'
[0.505s] Level 1:colcon.colcon_core.package_identification:_identify(src/ros2_manipulator/simple_grasping_ros2) by extension 'python'
[0.505s] Level 1:colcon.colcon_core.package_identification:_identify(src/ros2_manipulator/simple_grasping_ros2) by extensions ['python_setup_py']
[0.505s] Level 1:colcon.colcon_core.package_identification:_identify(src/ros2_manipulator/simple_grasping_ros2) by extension 'python_setup_py'
[0.505s] Level 1:colcon.colcon_core.package_identification:_identify(src/ros2_manipulator/simple_grasping_ros2/simple_grasping) by extensions ['ignore', 'ignore_ament_install']
[0.506s] Level 1:colcon.colcon_core.package_identification:_identify(src/ros2_manipulator/simple_grasping_ros2/simple_grasping) by extension 'ignore'
[0.506s] Level 1:colcon.colcon_core.package_identification:_identify(src/ros2_manipulator/simple_grasping_ros2/simple_grasping) by extension 'ignore_ament_install'
[0.506s] Level 1:colcon.colcon_core.package_identification:_identify(src/ros2_manipulator/simple_grasping_ros2/simple_grasping) by extensions ['colcon_pkg']
[0.506s] Level 1:colcon.colcon_core.package_identification:_identify(src/ros2_manipulator/simple_grasping_ros2/simple_grasping) by extension 'colcon_pkg'
[0.506s] Level 1:colcon.colcon_core.package_identification:_identify(src/ros2_manipulator/simple_grasping_ros2/simple_grasping) by extensions ['colcon_meta']
[0.506s] Level 1:colcon.colcon_core.package_identification:_identify(src/ros2_manipulator/simple_grasping_ros2/simple_grasping) by extension 'colcon_meta'
[0.506s] Level 1:colcon.colcon_core.package_identification:_identify(src/ros2_manipulator/simple_grasping_ros2/simple_grasping) by extensions ['ros']
[0.506s] Level 1:colcon.colcon_core.package_identification:_identify(src/ros2_manipulator/simple_grasping_ros2/simple_grasping) by extension 'ros'
[0.508s] DEBUG:colcon.colcon_core.package_identification:Package 'src/ros2_manipulator/simple_grasping_ros2/simple_grasping' with type 'ros.ament_cmake' and name 'simple_grasping'
[0.508s] Level 1:colcon.colcon_core.package_identification:_identify(src/ros2_manipulator/xarm_description) by extensions ['ignore', 'ignore_ament_install']
[0.508s] Level 1:colcon.colcon_core.package_identification:_identify(src/ros2_manipulator/xarm_description) by extension 'ignore'
[0.508s] Level 1:colcon.colcon_core.package_identification:_identify(src/ros2_manipulator/xarm_description) by extension 'ignore_ament_install'
[0.508s] Level 1:colcon.colcon_core.package_identification:_identify(src/ros2_manipulator/xarm_description) by extensions ['colcon_pkg']
[0.508s] Level 1:colcon.colcon_core.package_identification:_identify(src/ros2_manipulator/xarm_description) by extension 'colcon_pkg'
[0.508s] Level 1:colcon.colcon_core.package_identification:_identify(src/ros2_manipulator/xarm_description) by extensions ['colcon_meta']
[0.508s] Level 1:colcon.colcon_core.package_identification:_identify(src/ros2_manipulator/xarm_description) by extension 'colcon_meta'
[0.508s] Level 1:colcon.colcon_core.package_identification:_identify(src/ros2_manipulator/xarm_description) by extensions ['ros']
[0.509s] Level 1:colcon.colcon_core.package_identification:_identify(src/ros2_manipulator/xarm_description) by extension 'ros'
[0.509s] DEBUG:colcon.colcon_core.package_identification:Package 'src/ros2_manipulator/xarm_description' with type 'ros.ament_cmake' and name 'xarm_description'
[0.509s] Level 1:colcon.colcon_core.package_discovery:discover_packages(recursive) using defaults
[0.510s] Level 1:colcon.colcon_core.package_discovery:discover_packages(ignore) discover
[0.510s] Level 1:colcon.colcon_core.package_discovery:discover_packages(ignore) using defaults
[0.510s] Level 1:colcon.colcon_core.package_discovery:discover_packages(path) discover
[0.510s] Level 1:colcon.colcon_core.package_discovery:discover_packages(path) using defaults
[0.551s] Level 1:colcon.colcon_core.package_discovery:discover_packages(prefix_path) check parameters
[0.551s] Level 1:colcon.colcon_core.package_discovery:discover_packages(prefix_path) discover
[0.554s] DEBUG:colcon.colcon_installed_package_information.package_discovery:Found 10 installed packages in /home/yuritvr/PFC/wenis_ws/install
[0.557s] DEBUG:colcon.colcon_installed_package_information.package_discovery:Found 355 installed packages in /opt/ros/humble
[0.559s] Level 1:colcon.colcon_core.package_discovery:discover_packages(prefix_path) using defaults
[0.628s] Level 5:colcon.colcon_core.verb:set package 'arm_pkg' build argument 'cmake_args' from command line to 'None'
[0.628s] Level 5:colcon.colcon_core.verb:set package 'arm_pkg' build argument 'cmake_target' from command line to 'None'
[0.628s] Level 5:colcon.colcon_core.verb:set package 'arm_pkg' build argument 'cmake_target_skip_unavailable' from command line to 'False'
[0.628s] Level 5:colcon.colcon_core.verb:set package 'arm_pkg' build argument 'cmake_clean_cache' from command line to 'False'
[0.628s] Level 5:colcon.colcon_core.verb:set package 'arm_pkg' build argument 'cmake_clean_first' from command line to 'False'
[0.629s] Level 5:colcon.colcon_core.verb:set package 'arm_pkg' build argument 'cmake_force_configure' from command line to 'False'
[0.629s] Level 5:colcon.colcon_core.verb:set package 'arm_pkg' build argument 'ament_cmake_args' from command line to 'None'
[0.629s] Level 5:colcon.colcon_core.verb:set package 'arm_pkg' build argument 'catkin_cmake_args' from command line to 'None'
[0.629s] Level 5:colcon.colcon_core.verb:set package 'arm_pkg' build argument 'catkin_skip_building_tests' from command line to 'False'
[0.629s] DEBUG:colcon.colcon_core.verb:Building package 'arm_pkg' with the following arguments: {'ament_cmake_args': None, 'build_base': '/home/yuritvr/PFC/wenis_ws/build/arm_pkg', 'catkin_cmake_args': None, 'catkin_skip_building_tests': False, 'cmake_args': None, 'cmake_clean_cache': False, 'cmake_clean_first': False, 'cmake_force_configure': False, 'cmake_target': None, 'cmake_target_skip_unavailable': False, 'install_base': '/home/yuritvr/PFC/wenis_ws/install/arm_pkg', 'merge_install': False, 'path': '/home/yuritvr/PFC/wenis_ws/src/ros2_manipulator/robotic_arm_environment/arm_pkg', 'symlink_install': False, 'test_result_base': None}
[0.629s] Level 5:colcon.colcon_core.verb:set package 'get_pose_client' build argument 'cmake_args' from command line to 'None'
[0.629s] Level 5:colcon.colcon_core.verb:set package 'get_pose_client' build argument 'cmake_target' from command line to 'None'
[0.629s] Level 5:colcon.colcon_core.verb:set package 'get_pose_client' build argument 'cmake_target_skip_unavailable' from command line to 'False'
[0.629s] Level 5:colcon.colcon_core.verb:set package 'get_pose_client' build argument 'cmake_clean_cache' from command line to 'False'
[0.629s] Level 5:colcon.colcon_core.verb:set package 'get_pose_client' build argument 'cmake_clean_first' from command line to 'False'
[0.629s] Level 5:colcon.colcon_core.verb:set package 'get_pose_client' build argument 'cmake_force_configure' from command line to 'False'
[0.629s] Level 5:colcon.colcon_core.verb:set package 'get_pose_client' build argument 'ament_cmake_args' from command line to 'None'
[0.629s] Level 5:colcon.colcon_core.verb:set package 'get_pose_client' build argument 'catkin_cmake_args' from command line to 'None'
[0.630s] Level 5:colcon.colcon_core.verb:set package 'get_pose_client' build argument 'catkin_skip_building_tests' from command line to 'False'
[0.630s] DEBUG:colcon.colcon_core.verb:Building package 'get_pose_client' with the following arguments: {'ament_cmake_args': None, 'build_base': '/home/yuritvr/PFC/wenis_ws/build/get_pose_client', 'catkin_cmake_args': None, 'catkin_skip_building_tests': False, 'cmake_args': None, 'cmake_clean_cache': False, 'cmake_clean_first': False, 'cmake_force_configure': False, 'cmake_target': None, 'cmake_target_skip_unavailable': False, 'install_base': '/home/yuritvr/PFC/wenis_ws/install/get_pose_client', 'merge_install': False, 'path': '/home/yuritvr/PFC/wenis_ws/src/ros2_manipulator/get_pose_client', 'symlink_install': False, 'test_result_base': None}
[0.630s] Level 5:colcon.colcon_core.verb:set package 'moveit2_cartesian' build argument 'cmake_args' from command line to 'None'
[0.630s] Level 5:colcon.colcon_core.verb:set package 'moveit2_cartesian' build argument 'cmake_target' from command line to 'None'
[0.630s] Level 5:colcon.colcon_core.verb:set package 'moveit2_cartesian' build argument 'cmake_target_skip_unavailable' from command line to 'False'
[0.630s] Level 5:colcon.colcon_core.verb:set package 'moveit2_cartesian' build argument 'cmake_clean_cache' from command line to 'False'
[0.630s] Level 5:colcon.colcon_core.verb:set package 'moveit2_cartesian' build argument 'cmake_clean_first' from command line to 'False'
[0.630s] Level 5:colcon.colcon_core.verb:set package 'moveit2_cartesian' build argument 'cmake_force_configure' from command line to 'False'
[0.630s] Level 5:colcon.colcon_core.verb:set package 'moveit2_cartesian' build argument 'ament_cmake_args' from command line to 'None'
[0.630s] Level 5:colcon.colcon_core.verb:set package 'moveit2_cartesian' build argument 'catkin_cmake_args' from command line to 'None'
[0.630s] Level 5:colcon.colcon_core.verb:set package 'moveit2_cartesian' build argument 'catkin_skip_building_tests' from command line to 'False'
[0.630s] DEBUG:colcon.colcon_core.verb:Building package 'moveit2_cartesian' with the following arguments: {'ament_cmake_args': None, 'build_base': '/home/yuritvr/PFC/wenis_ws/build/moveit2_cartesian', 'catkin_cmake_args': None, 'catkin_skip_building_tests': False, 'cmake_args': None, 'cmake_clean_cache': False, 'cmake_clean_first': False, 'cmake_force_configure': False, 'cmake_target': None, 'cmake_target_skip_unavailable': False, 'install_base': '/home/yuritvr/PFC/wenis_ws/install/moveit2_cartesian', 'merge_install': False, 'path': '/home/yuritvr/PFC/wenis_ws/src/ros2_manipulator/moveit2_cartesian', 'symlink_install': False, 'test_result_base': None}
[0.631s] Level 5:colcon.colcon_core.verb:set package 'moveit2_kinematics' build argument 'cmake_args' from command line to 'None'
[0.631s] Level 5:colcon.colcon_core.verb:set package 'moveit2_kinematics' build argument 'cmake_target' from command line to 'None'
[0.631s] Level 5:colcon.colcon_core.verb:set package 'moveit2_kinematics' build argument 'cmake_target_skip_unavailable' from command line to 'False'
[0.631s] Level 5:colcon.colcon_core.verb:set package 'moveit2_kinematics' build argument 'cmake_clean_cache' from command line to 'False'
[0.631s] Level 5:colcon.colcon_core.verb:set package 'moveit2_kinematics' build argument 'cmake_clean_first' from command line to 'False'
[0.631s] Level 5:colcon.colcon_core.verb:set package 'moveit2_kinematics' build argument 'cmake_force_configure' from command line to 'False'
[0.631s] Level 5:colcon.colcon_core.verb:set package 'moveit2_kinematics' build argument 'ament_cmake_args' from command line to 'None'
[0.631s] Level 5:colcon.colcon_core.verb:set package 'moveit2_kinematics' build argument 'catkin_cmake_args' from command line to 'None'
[0.631s] Level 5:colcon.colcon_core.verb:set package 'moveit2_kinematics' build argument 'catkin_skip_building_tests' from command line to 'False'
[0.631s] DEBUG:colcon.colcon_core.verb:Building package 'moveit2_kinematics' with the following arguments: {'ament_cmake_args': None, 'build_base': '/home/yuritvr/PFC/wenis_ws/build/moveit2_kinematics', 'catkin_cmake_args': None, 'catkin_skip_building_tests': False, 'cmake_args': None, 'cmake_clean_cache': False, 'cmake_clean_first': False, 'cmake_force_configure': False, 'cmake_target': None, 'cmake_target_skip_unavailable': False, 'install_base': '/home/yuritvr/PFC/wenis_ws/install/moveit2_kinematics', 'merge_install': False, 'path': '/home/yuritvr/PFC/wenis_ws/src/ros2_manipulator/moveit2_kinematics', 'symlink_install': False, 'test_result_base': None}
[0.632s] Level 5:colcon.colcon_core.verb:set package 'moveit2_scripts' build argument 'cmake_args' from command line to 'None'
[0.632s] Level 5:colcon.colcon_core.verb:set package 'moveit2_scripts' build argument 'cmake_target' from command line to 'None'
[0.632s] Level 5:colcon.colcon_core.verb:set package 'moveit2_scripts' build argument 'cmake_target_skip_unavailable' from command line to 'False'
[0.632s] Level 5:colcon.colcon_core.verb:set package 'moveit2_scripts' build argument 'cmake_clean_cache' from command line to 'False'
[0.632s] Level 5:colcon.colcon_core.verb:set package 'moveit2_scripts' build argument 'cmake_clean_first' from command line to 'False'
[0.632s] Level 5:colcon.colcon_core.verb:set package 'moveit2_scripts' build argument 'cmake_force_configure' from command line to 'False'
[0.632s] Level 5:colcon.colcon_core.verb:set package 'moveit2_scripts' build argument 'ament_cmake_args' from command line to 'None'
[0.632s] Level 5:colcon.colcon_core.verb:set package 'moveit2_scripts' build argument 'catkin_cmake_args' from command line to 'None'
[0.632s] Level 5:colcon.colcon_core.verb:set package 'moveit2_scripts' build argument 'catkin_skip_building_tests' from command line to 'False'
[0.632s] DEBUG:colcon.colcon_core.verb:Building package 'moveit2_scripts' with the following arguments: {'ament_cmake_args': None, 'build_base': '/home/yuritvr/PFC/wenis_ws/build/moveit2_scripts', 'catkin_cmake_args': None, 'catkin_skip_building_tests': False, 'cmake_args': None, 'cmake_clean_cache': False, 'cmake_clean_first': False, 'cmake_force_configure': False, 'cmake_target': None, 'cmake_target_skip_unavailable': False, 'install_base': '/home/yuritvr/PFC/wenis_ws/install/moveit2_scripts', 'merge_install': False, 'path': '/home/yuritvr/PFC/wenis_ws/src/ros2_manipulator/moveit2_scripts', 'symlink_install': False, 'test_result_base': None}
[0.633s] Level 5:colcon.colcon_core.verb:set package 'simple_grasping' build argument 'cmake_args' from command line to 'None'
[0.633s] Level 5:colcon.colcon_core.verb:set package 'simple_grasping' build argument 'cmake_target' from command line to 'None'
[0.633s] Level 5:colcon.colcon_core.verb:set package 'simple_grasping' build argument 'cmake_target_skip_unavailable' from command line to 'False'
[0.633s] Level 5:colcon.colcon_core.verb:set package 'simple_grasping' build argument 'cmake_clean_cache' from command line to 'False'
[0.633s] Level 5:colcon.colcon_core.verb:set package 'simple_grasping' build argument 'cmake_clean_first' from command line to 'False'
[0.633s] Level 5:colcon.colcon_core.verb:set package 'simple_grasping' build argument 'cmake_force_configure' from command line to 'False'
[0.633s] Level 5:colcon.colcon_core.verb:set package 'simple_grasping' build argument 'ament_cmake_args' from command line to 'None'
[0.633s] Level 5:colcon.colcon_core.verb:set package 'simple_grasping' build argument 'catkin_cmake_args' from command line to 'None'
[0.633s] Level 5:colcon.colcon_core.verb:set package 'simple_grasping' build argument 'catkin_skip_building_tests' from command line to 'False'
[0.633s] DEBUG:colcon.colcon_core.verb:Building package 'simple_grasping' with the following arguments: {'ament_cmake_args': None, 'build_base': '/home/yuritvr/PFC/wenis_ws/build/simple_grasping', 'catkin_cmake_args': None, 'catkin_skip_building_tests': False, 'cmake_args': None, 'cmake_clean_cache': False, 'cmake_clean_first': False, 'cmake_force_configure': False, 'cmake_target': None, 'cmake_target_skip_unavailable': False, 'install_base': '/home/yuritvr/PFC/wenis_ws/install/simple_grasping', 'merge_install': False, 'path': '/home/yuritvr/PFC/wenis_ws/src/ros2_manipulator/simple_grasping_ros2/simple_grasping', 'symlink_install': False, 'test_result_base': None}
[0.634s] Level 5:colcon.colcon_core.verb:set package 'xarm_description' build argument 'cmake_args' from command line to 'None'
[0.634s] Level 5:colcon.colcon_core.verb:set package 'xarm_description' build argument 'cmake_target' from command line to 'None'
[0.634s] Level 5:colcon.colcon_core.verb:set package 'xarm_description' build argument 'cmake_target_skip_unavailable' from command line to 'False'
[0.634s] Level 5:colcon.colcon_core.verb:set package 'xarm_description' build argument 'cmake_clean_cache' from command line to 'False'
[0.634s] Level 5:colcon.colcon_core.verb:set package 'xarm_description' build argument 'cmake_clean_first' from command line to 'False'
[0.634s] Level 5:colcon.colcon_core.verb:set package 'xarm_description' build argument 'cmake_force_configure' from command line to 'False'
[0.634s] Level 5:colcon.colcon_core.verb:set package 'xarm_description' build argument 'ament_cmake_args' from command line to 'None'
[0.634s] Level 5:colcon.colcon_core.verb:set package 'xarm_description' build argument 'catkin_cmake_args' from command line to 'None'
[0.634s] Level 5:colcon.colcon_core.verb:set package 'xarm_description' build argument 'catkin_skip_building_tests' from command line to 'False'
[0.634s] DEBUG:colcon.colcon_core.verb:Building package 'xarm_description' with the following arguments: {'ament_cmake_args': None, 'build_base': '/home/yuritvr/PFC/wenis_ws/build/xarm_description', 'catkin_cmake_args': None, 'catkin_skip_building_tests': False, 'cmake_args': None, 'cmake_clean_cache': False, 'cmake_clean_first': False, 'cmake_force_configure': False, 'cmake_target': None, 'cmake_target_skip_unavailable': False, 'install_base': '/home/yuritvr/PFC/wenis_ws/install/xarm_description', 'merge_install': False, 'path': '/home/yuritvr/PFC/wenis_ws/src/ros2_manipulator/xarm_description', 'symlink_install': False, 'test_result_base': None}
[0.634s] Level 5:colcon.colcon_core.verb:set package 'moveit_config' build argument 'cmake_args' from command line to 'None'
[0.634s] Level 5:colcon.colcon_core.verb:set package 'moveit_config' build argument 'cmake_target' from command line to 'None'
[0.635s] Level 5:colcon.colcon_core.verb:set package 'moveit_config' build argument 'cmake_target_skip_unavailable' from command line to 'False'
[0.635s] Level 5:colcon.colcon_core.verb:set package 'moveit_config' build argument 'cmake_clean_cache' from command line to 'False'
[0.635s] Level 5:colcon.colcon_core.verb:set package 'moveit_config' build argument 'cmake_clean_first' from command line to 'False'
[0.635s] Level 5:colcon.colcon_core.verb:set package 'moveit_config' build argument 'cmake_force_configure' from command line to 'False'
[0.635s] Level 5:colcon.colcon_core.verb:set package 'moveit_config' build argument 'ament_cmake_args' from command line to 'None'
[0.635s] Level 5:colcon.colcon_core.verb:set package 'moveit_config' build argument 'catkin_cmake_args' from command line to 'None'
[0.635s] Level 5:colcon.colcon_core.verb:set package 'moveit_config' build argument 'catkin_skip_building_tests' from command line to 'False'
[0.635s] DEBUG:colcon.colcon_core.verb:Building package 'moveit_config' with the following arguments: {'ament_cmake_args': None, 'build_base': '/home/yuritvr/PFC/wenis_ws/build/moveit_config', 'catkin_cmake_args': None, 'catkin_skip_building_tests': False, 'cmake_args': None, 'cmake_clean_cache': False, 'cmake_clean_first': False, 'cmake_force_configure': False, 'cmake_target': None, 'cmake_target_skip_unavailable': False, 'install_base': '/home/yuritvr/PFC/wenis_ws/install/moveit_config', 'merge_install': False, 'path': '/home/yuritvr/PFC/wenis_ws/src/ros2_manipulator/moveit_config', 'symlink_install': False, 'test_result_base': None}
[0.635s] INFO:colcon.colcon_core.executor:Executing jobs using 'parallel' executor
[0.636s] DEBUG:colcon.colcon_parallel_executor.executor.parallel:run_until_complete
[0.637s] INFO:colcon.colcon_ros.task.ament_cmake.build:Building ROS package in '/home/yuritvr/PFC/wenis_ws/src/ros2_manipulator/robotic_arm_environment/arm_pkg' with build type 'ament_cmake'
[0.637s] INFO:colcon.colcon_cmake.task.cmake.build:Building CMake package in '/home/yuritvr/PFC/wenis_ws/src/ros2_manipulator/robotic_arm_environment/arm_pkg'
[0.640s] INFO:colcon.colcon_core.plugin_system:Skipping extension 'colcon_core.shell.bat': Not used on non-Windows systems
[0.640s] INFO:colcon.colcon_core.shell:Skip shell extension 'powershell' for command environment: Not usable outside of PowerShell
[0.640s] DEBUG:colcon.colcon_core.shell:Skip shell extension 'dsv' for command environment
[0.646s] INFO:colcon.colcon_ros.task.ament_cmake.build:Building ROS package in '/home/yuritvr/PFC/wenis_ws/src/ros2_manipulator/get_pose_client' with build type 'ament_cmake'
[0.646s] INFO:colcon.colcon_cmake.task.cmake.build:Building CMake package in '/home/yuritvr/PFC/wenis_ws/src/ros2_manipulator/get_pose_client'
[0.646s] INFO:colcon.colcon_core.shell:Skip shell extension 'powershell' for command environment: Not usable outside of PowerShell
[0.646s] DEBUG:colcon.colcon_core.shell:Skip shell extension 'dsv' for command environment
[0.653s] INFO:colcon.colcon_ros.task.ament_cmake.build:Building ROS package in '/home/yuritvr/PFC/wenis_ws/src/ros2_manipulator/moveit2_cartesian' with build type 'ament_cmake'
[0.653s] INFO:colcon.colcon_cmake.task.cmake.build:Building CMake package in '/home/yuritvr/PFC/wenis_ws/src/ros2_manipulator/moveit2_cartesian'
[0.654s] INFO:colcon.colcon_core.shell:Skip shell extension 'powershell' for command environment: Not usable outside of PowerShell
[0.654s] DEBUG:colcon.colcon_core.shell:Skip shell extension 'dsv' for command environment
[0.659s] INFO:colcon.colcon_ros.task.ament_cmake.build:Building ROS package in '/home/yuritvr/PFC/wenis_ws/src/ros2_manipulator/moveit2_kinematics' with build type 'ament_cmake'
[0.660s] INFO:colcon.colcon_cmake.task.cmake.build:Building CMake package in '/home/yuritvr/PFC/wenis_ws/src/ros2_manipulator/moveit2_kinematics'
[0.660s] INFO:colcon.colcon_core.shell:Skip shell extension 'powershell' for command environment: Not usable outside of PowerShell
[0.660s] DEBUG:colcon.colcon_core.shell:Skip shell extension 'dsv' for command environment
[0.666s] INFO:colcon.colcon_ros.task.ament_cmake.build:Building ROS package in '/home/yuritvr/PFC/wenis_ws/src/ros2_manipulator/moveit2_scripts' with build type 'ament_cmake'
[0.667s] INFO:colcon.colcon_cmake.task.cmake.build:Building CMake package in '/home/yuritvr/PFC/wenis_ws/src/ros2_manipulator/moveit2_scripts'
[0.667s] INFO:colcon.colcon_core.shell:Skip shell extension 'powershell' for command environment: Not usable outside of PowerShell
[0.667s] DEBUG:colcon.colcon_core.shell:Skip shell extension 'dsv' for command environment
[0.674s] INFO:colcon.colcon_ros.task.ament_cmake.build:Building ROS package in '/home/yuritvr/PFC/wenis_ws/src/ros2_manipulator/simple_grasping_ros2/simple_grasping' with build type 'ament_cmake'
[0.674s] INFO:colcon.colcon_cmake.task.cmake.build:Building CMake package in '/home/yuritvr/PFC/wenis_ws/src/ros2_manipulator/simple_grasping_ros2/simple_grasping'
[0.674s] INFO:colcon.colcon_core.shell:Skip shell extension 'powershell' for command environment: Not usable outside of PowerShell
[0.674s] DEBUG:colcon.colcon_core.shell:Skip shell extension 'dsv' for command environment
[0.682s] INFO:colcon.colcon_ros.task.ament_cmake.build:Building ROS package in '/home/yuritvr/PFC/wenis_ws/src/ros2_manipulator/xarm_description' with build type 'ament_cmake'
[0.682s] INFO:colcon.colcon_cmake.task.cmake.build:Building CMake package in '/home/yuritvr/PFC/wenis_ws/src/ros2_manipulator/xarm_description'
[0.682s] INFO:colcon.colcon_core.shell:Skip shell extension 'powershell' for command environment: Not usable outside of PowerShell
[0.682s] DEBUG:colcon.colcon_core.shell:Skip shell extension 'dsv' for command environment
[0.698s] DEBUG:colcon.colcon_core.event_handler.log_command:Invoking command in '/home/yuritvr/PFC/wenis_ws/build/arm_pkg': CMAKE_PREFIX_PATH=${CMAKE_PREFIX_PATH}:/opt/ros/humble /usr/bin/cmake --build /home/yuritvr/PFC/wenis_ws/build/arm_pkg -- -j8 -l8
[0.703s] DEBUG:colcon.colcon_core.event_handler.log_command:Invoking command in '/home/yuritvr/PFC/wenis_ws/build/get_pose_client': CMAKE_PREFIX_PATH=${CMAKE_PREFIX_PATH}:/opt/ros/humble /usr/bin/cmake --build /home/yuritvr/PFC/wenis_ws/build/get_pose_client -- -j8 -l8
[0.707s] DEBUG:colcon.colcon_core.event_handler.log_command:Invoking command in '/home/yuritvr/PFC/wenis_ws/build/moveit2_cartesian': CMAKE_PREFIX_PATH=${CMAKE_PREFIX_PATH}:/opt/ros/humble /usr/bin/cmake --build /home/yuritvr/PFC/wenis_ws/build/moveit2_cartesian -- -j8 -l8
[0.713s] DEBUG:colcon.colcon_core.event_handler.log_command:Invoking command in '/home/yuritvr/PFC/wenis_ws/build/moveit2_kinematics': CMAKE_PREFIX_PATH=${CMAKE_PREFIX_PATH}:/opt/ros/humble /usr/bin/cmake --build /home/yuritvr/PFC/wenis_ws/build/moveit2_kinematics -- -j8 -l8
[0.721s] DEBUG:colcon.colcon_core.event_handler.log_command:Invoking command in '/home/yuritvr/PFC/wenis_ws/build/moveit2_scripts': CMAKE_PREFIX_PATH=${CMAKE_PREFIX_PATH}:/opt/ros/humble /usr/bin/cmake --build /home/yuritvr/PFC/wenis_ws/build/moveit2_scripts -- -j8 -l8
[0.729s] DEBUG:colcon.colcon_core.event_handler.log_command:Invoking command in '/home/yuritvr/PFC/wenis_ws/build/simple_grasping': CMAKE_PREFIX_PATH=${CMAKE_PREFIX_PATH}:/opt/ros/humble /usr/bin/cmake --build /home/yuritvr/PFC/wenis_ws/build/simple_grasping -- -j8 -l8
[0.738s] DEBUG:colcon.colcon_core.event_handler.log_command:Invoking command in '/home/yuritvr/PFC/wenis_ws/build/xarm_description': CMAKE_PREFIX_PATH=${CMAKE_PREFIX_PATH}:/opt/ros/humble /usr/bin/cmake --build /home/yuritvr/PFC/wenis_ws/build/xarm_description -- -j8 -l8
[10.992s] DEBUG:colcon.colcon_core.event_handler.log_command:Invoked command in '/home/yuritvr/PFC/wenis_ws/build/arm_pkg' returned '0': CMAKE_PREFIX_PATH=${CMAKE_PREFIX_PATH}:/opt/ros/humble /usr/bin/cmake --build /home/yuritvr/PFC/wenis_ws/build/arm_pkg -- -j8 -l8
[11.033s] DEBUG:colcon.colcon_core.event_handler.log_command:Invoked command in '/home/yuritvr/PFC/wenis_ws/build/xarm_description' returned '0': CMAKE_PREFIX_PATH=${CMAKE_PREFIX_PATH}:/opt/ros/humble /usr/bin/cmake --build /home/yuritvr/PFC/wenis_ws/build/xarm_description -- -j8 -l8
[11.369s] DEBUG:colcon.colcon_core.event_handler.log_command:Invoking command in '/home/yuritvr/PFC/wenis_ws/build/arm_pkg': CMAKE_PREFIX_PATH=${CMAKE_PREFIX_PATH}:/opt/ros/humble /usr/bin/cmake --install /home/yuritvr/PFC/wenis_ws/build/arm_pkg
[11.398s] DEBUG:colcon.colcon_core.event_handler.log_command:Invoking command in '/home/yuritvr/PFC/wenis_ws/build/xarm_description': CMAKE_PREFIX_PATH=${CMAKE_PREFIX_PATH}:/opt/ros/humble /usr/bin/cmake --install /home/yuritvr/PFC/wenis_ws/build/xarm_description
[11.549s] Level 1:colcon.colcon_core.environment:create_environment_scripts_only(arm_pkg)
[11.555s] Level 1:colcon.colcon_core.environment:checking '/home/yuritvr/PFC/wenis_ws/install/arm_pkg' for CMake module files
[11.557s] Level 1:colcon.colcon_core.environment:checking '/home/yuritvr/PFC/wenis_ws/install/arm_pkg' for CMake config files
[11.558s] Level 1:colcon.colcon_core.shell:create_environment_hook('arm_pkg', 'cmake_prefix_path')
[11.558s] INFO:colcon.colcon_core.shell:Creating environment hook '/home/yuritvr/PFC/wenis_ws/install/arm_pkg/share/arm_pkg/hook/cmake_prefix_path.ps1'
[11.560s] INFO:colcon.colcon_core.shell:Creating environment descriptor '/home/yuritvr/PFC/wenis_ws/install/arm_pkg/share/arm_pkg/hook/cmake_prefix_path.dsv'
[11.561s] DEBUG:colcon.colcon_core.event_handler.log_command:Invoked command in '/home/yuritvr/PFC/wenis_ws/build/arm_pkg' returned '0': CMAKE_PREFIX_PATH=${CMAKE_PREFIX_PATH}:/opt/ros/humble /usr/bin/cmake --install /home/yuritvr/PFC/wenis_ws/build/arm_pkg
[11.574s] INFO:colcon.colcon_core.shell:Creating environment hook '/home/yuritvr/PFC/wenis_ws/install/arm_pkg/share/arm_pkg/hook/cmake_prefix_path.sh'
[11.576s] Level 1:colcon.colcon_core.environment:checking '/home/yuritvr/PFC/wenis_ws/install/arm_pkg/bin'
[11.576s] Level 1:colcon.colcon_core.environment:checking '/home/yuritvr/PFC/wenis_ws/install/arm_pkg/lib/pkgconfig/arm_pkg.pc'
[11.576s] Level 1:colcon.colcon_core.environment:checking '/home/yuritvr/PFC/wenis_ws/install/arm_pkg/lib/python3.10/site-packages'
[11.577s] Level 1:colcon.colcon_core.environment:checking '/home/yuritvr/PFC/wenis_ws/install/arm_pkg/bin'
[11.578s] INFO:colcon.colcon_core.shell:Creating package script '/home/yuritvr/PFC/wenis_ws/install/arm_pkg/share/arm_pkg/package.ps1'
[11.590s] INFO:colcon.colcon_core.shell:Creating package descriptor '/home/yuritvr/PFC/wenis_ws/install/arm_pkg/share/arm_pkg/package.dsv'
[11.601s] INFO:colcon.colcon_core.shell:Creating package script '/home/yuritvr/PFC/wenis_ws/install/arm_pkg/share/arm_pkg/package.sh'
[11.603s] INFO:colcon.colcon_core.shell:Creating package script '/home/yuritvr/PFC/wenis_ws/install/arm_pkg/share/arm_pkg/package.bash'
[11.605s] INFO:colcon.colcon_core.shell:Creating package script '/home/yuritvr/PFC/wenis_ws/install/arm_pkg/share/arm_pkg/package.zsh'
[11.609s] Level 1:colcon.colcon_core.environment:create_file_with_runtime_dependencies(/home/yuritvr/PFC/wenis_ws/install/arm_pkg/share/colcon-core/packages/arm_pkg)
[11.636s] Level 1:colcon.colcon_core.environment:create_environment_scripts_only(xarm_description)
[11.637s] Level 1:colcon.colcon_core.environment:checking '/home/yuritvr/PFC/wenis_ws/install/xarm_description' for CMake module files
[11.638s] DEBUG:colcon.colcon_core.event_handler.log_command:Invoked command in '/home/yuritvr/PFC/wenis_ws/build/xarm_description' returned '0': CMAKE_PREFIX_PATH=${CMAKE_PREFIX_PATH}:/opt/ros/humble /usr/bin/cmake --install /home/yuritvr/PFC/wenis_ws/build/xarm_description
[11.640s] Level 1:colcon.colcon_core.environment:checking '/home/yuritvr/PFC/wenis_ws/install/xarm_description' for CMake config files
[11.642s] Level 1:colcon.colcon_core.shell:create_environment_hook('xarm_description', 'cmake_prefix_path')
[11.643s] INFO:colcon.colcon_core.shell:Creating environment hook '/home/yuritvr/PFC/wenis_ws/install/xarm_description/share/xarm_description/hook/cmake_prefix_path.ps1'
[11.644s] INFO:colcon.colcon_core.shell:Creating environment descriptor '/home/yuritvr/PFC/wenis_ws/install/xarm_description/share/xarm_description/hook/cmake_prefix_path.dsv'
[11.644s] INFO:colcon.colcon_core.shell:Creating environment hook '/home/yuritvr/PFC/wenis_ws/install/xarm_description/share/xarm_description/hook/cmake_prefix_path.sh'
[11.646s] Level 1:colcon.colcon_core.environment:checking '/home/yuritvr/PFC/wenis_ws/install/xarm_description/bin'
[11.646s] Level 1:colcon.colcon_core.environment:checking '/home/yuritvr/PFC/wenis_ws/install/xarm_description/lib/pkgconfig/xarm_description.pc'
[11.646s] Level 1:colcon.colcon_core.environment:checking '/home/yuritvr/PFC/wenis_ws/install/xarm_description/lib/python3.10/site-packages'
[11.647s] Level 1:colcon.colcon_core.environment:checking '/home/yuritvr/PFC/wenis_ws/install/xarm_description/bin'
[11.648s] INFO:colcon.colcon_core.shell:Creating package script '/home/yuritvr/PFC/wenis_ws/install/xarm_description/share/xarm_description/package.ps1'
[11.649s] INFO:colcon.colcon_core.shell:Creating package descriptor '/home/yuritvr/PFC/wenis_ws/install/xarm_description/share/xarm_description/package.dsv'
[11.650s] INFO:colcon.colcon_core.shell:Creating package script '/home/yuritvr/PFC/wenis_ws/install/xarm_description/share/xarm_description/package.sh'
[11.664s] INFO:colcon.colcon_core.shell:Creating package script '/home/yuritvr/PFC/wenis_ws/install/xarm_description/share/xarm_description/package.bash'
[11.665s] INFO:colcon.colcon_core.shell:Creating package script '/home/yuritvr/PFC/wenis_ws/install/xarm_description/share/xarm_description/package.zsh'
[11.666s] Level 1:colcon.colcon_core.environment:create_file_with_runtime_dependencies(/home/yuritvr/PFC/wenis_ws/install/xarm_description/share/colcon-core/packages/xarm_description)
[11.928s] Level 1:colcon.colcon_core.environment:create_environment_scripts_only(arm_pkg)
[11.929s] Level 1:colcon.colcon_core.environment:checking '/home/yuritvr/PFC/wenis_ws/install/arm_pkg' for CMake module files
[11.930s] Level 1:colcon.colcon_core.environment:checking '/home/yuritvr/PFC/wenis_ws/install/arm_pkg' for CMake config files
[11.931s] Level 1:colcon.colcon_core.shell:create_environment_hook('arm_pkg', 'cmake_prefix_path')
[11.931s] INFO:colcon.colcon_core.shell:Creating environment hook '/home/yuritvr/PFC/wenis_ws/install/arm_pkg/share/arm_pkg/hook/cmake_prefix_path.ps1'
[11.932s] INFO:colcon.colcon_core.shell:Creating environment descriptor '/home/yuritvr/PFC/wenis_ws/install/arm_pkg/share/arm_pkg/hook/cmake_prefix_path.dsv'
[11.933s] INFO:colcon.colcon_core.shell:Creating environment hook '/home/yuritvr/PFC/wenis_ws/install/arm_pkg/share/arm_pkg/hook/cmake_prefix_path.sh'
[11.934s] Level 1:colcon.colcon_core.environment:checking '/home/yuritvr/PFC/wenis_ws/install/arm_pkg/bin'
[11.934s] Level 1:colcon.colcon_core.environment:checking '/home/yuritvr/PFC/wenis_ws/install/arm_pkg/lib/pkgconfig/arm_pkg.pc'
[11.935s] Level 1:colcon.colcon_core.environment:checking '/home/yuritvr/PFC/wenis_ws/install/arm_pkg/lib/python3.10/site-packages'
[11.935s] Level 1:colcon.colcon_core.environment:checking '/home/yuritvr/PFC/wenis_ws/install/arm_pkg/bin'
[11.936s] INFO:colcon.colcon_core.shell:Creating package script '/home/yuritvr/PFC/wenis_ws/install/arm_pkg/share/arm_pkg/package.ps1'
[11.937s] INFO:colcon.colcon_core.shell:Creating package descriptor '/home/yuritvr/PFC/wenis_ws/install/arm_pkg/share/arm_pkg/package.dsv'
[11.938s] INFO:colcon.colcon_core.shell:Creating package script '/home/yuritvr/PFC/wenis_ws/install/arm_pkg/share/arm_pkg/package.sh'
[11.939s] INFO:colcon.colcon_core.shell:Creating package script '/home/yuritvr/PFC/wenis_ws/install/arm_pkg/share/arm_pkg/package.bash'
[11.950s] INFO:colcon.colcon_core.shell:Creating package script '/home/yuritvr/PFC/wenis_ws/install/arm_pkg/share/arm_pkg/package.zsh'
[11.951s] Level 1:colcon.colcon_core.environment:create_file_with_runtime_dependencies(/home/yuritvr/PFC/wenis_ws/install/arm_pkg/share/colcon-core/packages/arm_pkg)
[11.952s] INFO:colcon.colcon_ros.task.ament_cmake.build:Building ROS package in '/home/yuritvr/PFC/wenis_ws/src/ros2_manipulator/moveit_config' with build type 'ament_cmake'
[11.952s] INFO:colcon.colcon_cmake.task.cmake.build:Building CMake package in '/home/yuritvr/PFC/wenis_ws/src/ros2_manipulator/moveit_config'
[11.953s] INFO:colcon.colcon_core.shell:Skip shell extension 'powershell' for command environment: Not usable outside of PowerShell
[11.953s] DEBUG:colcon.colcon_core.shell:Skip shell extension 'dsv' for command environment
[11.985s] Level 1:colcon.colcon_core.environment:create_environment_scripts_only(xarm_description)
[11.985s] Level 1:colcon.colcon_core.environment:checking '/home/yuritvr/PFC/wenis_ws/install/xarm_description' for CMake module files
[11.987s] Level 1:colcon.colcon_core.environment:checking '/home/yuritvr/PFC/wenis_ws/install/xarm_description' for CMake config files
[11.990s] Level 1:colcon.colcon_core.shell:create_environment_hook('xarm_description', 'cmake_prefix_path')
[11.991s] INFO:colcon.colcon_core.shell:Creating environment hook '/home/yuritvr/PFC/wenis_ws/install/xarm_description/share/xarm_description/hook/cmake_prefix_path.ps1'
[11.992s] INFO:colcon.colcon_core.shell:Creating environment descriptor '/home/yuritvr/PFC/wenis_ws/install/xarm_description/share/xarm_description/hook/cmake_prefix_path.dsv'
[11.993s] INFO:colcon.colcon_core.shell:Creating environment hook '/home/yuritvr/PFC/wenis_ws/install/xarm_description/share/xarm_description/hook/cmake_prefix_path.sh'
[11.994s] Level 1:colcon.colcon_core.environment:checking '/home/yuritvr/PFC/wenis_ws/install/xarm_description/bin'
[11.994s] Level 1:colcon.colcon_core.environment:checking '/home/yuritvr/PFC/wenis_ws/install/xarm_description/lib/pkgconfig/xarm_description.pc'
[11.994s] Level 1:colcon.colcon_core.environment:checking '/home/yuritvr/PFC/wenis_ws/install/xarm_description/lib/python3.10/site-packages'
[11.995s] Level 1:colcon.colcon_core.environment:checking '/home/yuritvr/PFC/wenis_ws/install/xarm_description/bin'
[11.996s] INFO:colcon.colcon_core.shell:Creating package script '/home/yuritvr/PFC/wenis_ws/install/xarm_description/share/xarm_description/package.ps1'
[11.997s] INFO:colcon.colcon_core.shell:Creating package descriptor '/home/yuritvr/PFC/wenis_ws/install/xarm_description/share/xarm_description/package.dsv'
[11.998s] INFO:colcon.colcon_core.shell:Creating package script '/home/yuritvr/PFC/wenis_ws/install/xarm_description/share/xarm_description/package.sh'
[11.999s] INFO:colcon.colcon_core.shell:Creating package script '/home/yuritvr/PFC/wenis_ws/install/xarm_description/share/xarm_description/package.bash'
[11.999s] INFO:colcon.colcon_core.shell:Creating package script '/home/yuritvr/PFC/wenis_ws/install/xarm_description/share/xarm_description/package.zsh'
[12.000s] Level 1:colcon.colcon_core.environment:create_file_with_runtime_dependencies(/home/yuritvr/PFC/wenis_ws/install/xarm_description/share/colcon-core/packages/xarm_description)
[12.043s] DEBUG:colcon.colcon_core.event_handler.log_command:Invoking command in '/home/yuritvr/PFC/wenis_ws/build/moveit_config': CMAKE_PREFIX_PATH=/home/yuritvr/PFC/wenis_ws/install/arm_pkg:/home/yuritvr/PFC/wenis_ws/install/xarm_description:/home/yuritvr/PFC/wenis_ws/install/simple_grasping:/home/yuritvr/PFC/wenis_ws/install/platform_moveit:/home/yuritvr/PFC/wenis_ws/install/platform:/home/yuritvr/PFC/wenis_ws/install/moveit_config:/home/yuritvr/PFC/wenis_ws/install/moveit2_scripts:/home/yuritvr/PFC/wenis_ws/install/moveit2_kinematics:/home/yuritvr/PFC/wenis_ws/install/moveit2_cartesian:/home/yuritvr/PFC/wenis_ws/install/get_pose_client:/opt/ros/humble /usr/bin/cmake --build /home/yuritvr/PFC/wenis_ws/build/moveit_config -- -j8 -l8
[12.953s] DEBUG:colcon.colcon_core.event_handler.log_command:Invoked command in '/home/yuritvr/PFC/wenis_ws/build/moveit_config' returned '0': CMAKE_PREFIX_PATH=/home/yuritvr/PFC/wenis_ws/install/arm_pkg:/home/yuritvr/PFC/wenis_ws/install/xarm_description:/home/yuritvr/PFC/wenis_ws/install/simple_grasping:/home/yuritvr/PFC/wenis_ws/install/platform_moveit:/home/yuritvr/PFC/wenis_ws/install/platform:/home/yuritvr/PFC/wenis_ws/install/moveit_config:/home/yuritvr/PFC/wenis_ws/install/moveit2_scripts:/home/yuritvr/PFC/wenis_ws/install/moveit2_kinematics:/home/yuritvr/PFC/wenis_ws/install/moveit2_cartesian:/home/yuritvr/PFC/wenis_ws/install/get_pose_client:/opt/ros/humble /usr/bin/cmake --build /home/yuritvr/PFC/wenis_ws/build/moveit_config -- -j8 -l8
[13.302s] DEBUG:colcon.colcon_core.event_handler.log_command:Invoking command in '/home/yuritvr/PFC/wenis_ws/build/moveit_config': CMAKE_PREFIX_PATH=/home/yuritvr/PFC/wenis_ws/install/arm_pkg:/home/yuritvr/PFC/wenis_ws/install/xarm_description:/home/yuritvr/PFC/wenis_ws/install/simple_grasping:/home/yuritvr/PFC/wenis_ws/install/platform_moveit:/home/yuritvr/PFC/wenis_ws/install/platform:/home/yuritvr/PFC/wenis_ws/install/moveit_config:/home/yuritvr/PFC/wenis_ws/install/moveit2_scripts:/home/yuritvr/PFC/wenis_ws/install/moveit2_kinematics:/home/yuritvr/PFC/wenis_ws/install/moveit2_cartesian:/home/yuritvr/PFC/wenis_ws/install/get_pose_client:/opt/ros/humble /usr/bin/cmake --install /home/yuritvr/PFC/wenis_ws/build/moveit_config
[13.372s] Level 1:colcon.colcon_core.environment:create_environment_scripts_only(moveit_config)
[13.373s] Level 1:colcon.colcon_core.environment:checking '/home/yuritvr/PFC/wenis_ws/install/moveit_config' for CMake module files
[13.374s] Level 1:colcon.colcon_core.environment:checking '/home/yuritvr/PFC/wenis_ws/install/moveit_config' for CMake config files
[13.375s] DEBUG:colcon.colcon_core.event_handler.log_command:Invoked command in '/home/yuritvr/PFC/wenis_ws/build/moveit_config' returned '0': CMAKE_PREFIX_PATH=/home/yuritvr/PFC/wenis_ws/install/arm_pkg:/home/yuritvr/PFC/wenis_ws/install/xarm_description:/home/yuritvr/PFC/wenis_ws/install/simple_grasping:/home/yuritvr/PFC/wenis_ws/install/platform_moveit:/home/yuritvr/PFC/wenis_ws/install/platform:/home/yuritvr/PFC/wenis_ws/install/moveit_config:/home/yuritvr/PFC/wenis_ws/install/moveit2_scripts:/home/yuritvr/PFC/wenis_ws/install/moveit2_kinematics:/home/yuritvr/PFC/wenis_ws/install/moveit2_cartesian:/home/yuritvr/PFC/wenis_ws/install/get_pose_client:/opt/ros/humble /usr/bin/cmake --install /home/yuritvr/PFC/wenis_ws/build/moveit_config
[13.375s] Level 1:colcon.colcon_core.shell:create_environment_hook('moveit_config', 'cmake_prefix_path')
[13.376s] INFO:colcon.colcon_core.shell:Creating environment hook '/home/yuritvr/PFC/wenis_ws/install/moveit_config/share/moveit_config/hook/cmake_prefix_path.ps1'
[13.377s] INFO:colcon.colcon_core.shell:Creating environment descriptor '/home/yuritvr/PFC/wenis_ws/install/moveit_config/share/moveit_config/hook/cmake_prefix_path.dsv'
[13.378s] INFO:colcon.colcon_core.shell:Creating environment hook '/home/yuritvr/PFC/wenis_ws/install/moveit_config/share/moveit_config/hook/cmake_prefix_path.sh'
[13.379s] Level 1:colcon.colcon_core.environment:checking '/home/yuritvr/PFC/wenis_ws/install/moveit_config/bin'
[13.379s] Level 1:colcon.colcon_core.environment:checking '/home/yuritvr/PFC/wenis_ws/install/moveit_config/lib/pkgconfig/moveit_config.pc'
[13.380s] Level 1:colcon.colcon_core.environment:checking '/home/yuritvr/PFC/wenis_ws/install/moveit_config/lib/python3.10/site-packages'
[13.380s] Level 1:colcon.colcon_core.environment:checking '/home/yuritvr/PFC/wenis_ws/install/moveit_config/bin'
[13.381s] INFO:colcon.colcon_core.shell:Creating package script '/home/yuritvr/PFC/wenis_ws/install/moveit_config/share/moveit_config/package.ps1'
[13.382s] INFO:colcon.colcon_core.shell:Creating package descriptor '/home/yuritvr/PFC/wenis_ws/install/moveit_config/share/moveit_config/package.dsv'
[13.383s] INFO:colcon.colcon_core.shell:Creating package script '/home/yuritvr/PFC/wenis_ws/install/moveit_config/share/moveit_config/package.sh'
[13.384s] INFO:colcon.colcon_core.shell:Creating package script '/home/yuritvr/PFC/wenis_ws/install/moveit_config/share/moveit_config/package.bash'
[13.385s] INFO:colcon.colcon_core.shell:Creating package script '/home/yuritvr/PFC/wenis_ws/install/moveit_config/share/moveit_config/package.zsh'
[13.388s] Level 1:colcon.colcon_core.environment:create_file_with_runtime_dependencies(/home/yuritvr/PFC/wenis_ws/install/moveit_config/share/colcon-core/packages/moveit_config)
[13.690s] Level 1:colcon.colcon_core.environment:create_environment_scripts_only(moveit_config)
[13.691s] Level 1:colcon.colcon_core.environment:checking '/home/yuritvr/PFC/wenis_ws/install/moveit_config' for CMake module files
[13.692s] Level 1:colcon.colcon_core.environment:checking '/home/yuritvr/PFC/wenis_ws/install/moveit_config' for CMake config files
[13.693s] Level 1:colcon.colcon_core.shell:create_environment_hook('moveit_config', 'cmake_prefix_path')
[13.694s] INFO:colcon.colcon_core.shell:Creating environment hook '/home/yuritvr/PFC/wenis_ws/install/moveit_config/share/moveit_config/hook/cmake_prefix_path.ps1'
[13.694s] INFO:colcon.colcon_core.shell:Creating environment descriptor '/home/yuritvr/PFC/wenis_ws/install/moveit_config/share/moveit_config/hook/cmake_prefix_path.dsv'
[13.695s] INFO:colcon.colcon_core.shell:Creating environment hook '/home/yuritvr/PFC/wenis_ws/install/moveit_config/share/moveit_config/hook/cmake_prefix_path.sh'
[13.696s] Level 1:colcon.colcon_core.environment:checking '/home/yuritvr/PFC/wenis_ws/install/moveit_config/bin'
[13.697s] Level 1:colcon.colcon_core.environment:checking '/home/yuritvr/PFC/wenis_ws/install/moveit_config/lib/pkgconfig/moveit_config.pc'
[13.697s] Level 1:colcon.colcon_core.environment:checking '/home/yuritvr/PFC/wenis_ws/install/moveit_config/lib/python3.10/site-packages'
[13.698s] Level 1:colcon.colcon_core.environment:checking '/home/yuritvr/PFC/wenis_ws/install/moveit_config/bin'
[13.698s] INFO:colcon.colcon_core.shell:Creating package script '/home/yuritvr/PFC/wenis_ws/install/moveit_config/share/moveit_config/package.ps1'
[13.700s] INFO:colcon.colcon_core.shell:Creating package descriptor '/home/yuritvr/PFC/wenis_ws/install/moveit_config/share/moveit_config/package.dsv'
[13.701s] INFO:colcon.colcon_core.shell:Creating package script '/home/yuritvr/PFC/wenis_ws/install/moveit_config/share/moveit_config/package.sh'
[13.703s] INFO:colcon.colcon_core.shell:Creating package script '/home/yuritvr/PFC/wenis_ws/install/moveit_config/share/moveit_config/package.bash'
[13.705s] INFO:colcon.colcon_core.shell:Creating package script '/home/yuritvr/PFC/wenis_ws/install/moveit_config/share/moveit_config/package.zsh'
[13.707s] Level 1:colcon.colcon_core.environment:create_file_with_runtime_dependencies(/home/yuritvr/PFC/wenis_ws/install/moveit_config/share/colcon-core/packages/moveit_config)
[22.917s] DEBUG:colcon.colcon_core.event_handler.log_command:Invoked command in '/home/yuritvr/PFC/wenis_ws/build/get_pose_client' returned '0': CMAKE_PREFIX_PATH=${CMAKE_PREFIX_PATH}:/opt/ros/humble /usr/bin/cmake --build /home/yuritvr/PFC/wenis_ws/build/get_pose_client -- -j8 -l8
[23.355s] DEBUG:colcon.colcon_core.event_handler.log_command:Invoking command in '/home/yuritvr/PFC/wenis_ws/build/get_pose_client': CMAKE_PREFIX_PATH=${CMAKE_PREFIX_PATH}:/opt/ros/humble /usr/bin/cmake --install /home/yuritvr/PFC/wenis_ws/build/get_pose_client
[23.402s] Level 1:colcon.colcon_core.environment:create_environment_scripts_only(get_pose_client)
[23.403s] Level 1:colcon.colcon_core.environment:checking '/home/yuritvr/PFC/wenis_ws/install/get_pose_client' for CMake module files
[23.404s] Level 1:colcon.colcon_core.environment:checking '/home/yuritvr/PFC/wenis_ws/install/get_pose_client' for CMake config files
[23.404s] Level 1:colcon.colcon_core.shell:create_environment_hook('get_pose_client', 'cmake_prefix_path')
[23.405s] INFO:colcon.colcon_core.shell:Creating environment hook '/home/yuritvr/PFC/wenis_ws/install/get_pose_client/share/get_pose_client/hook/cmake_prefix_path.ps1'
[23.406s] INFO:colcon.colcon_core.shell:Creating environment descriptor '/home/yuritvr/PFC/wenis_ws/install/get_pose_client/share/get_pose_client/hook/cmake_prefix_path.dsv'
[23.407s] DEBUG:colcon.colcon_core.event_handler.log_command:Invoked command in '/home/yuritvr/PFC/wenis_ws/build/get_pose_client' returned '0': CMAKE_PREFIX_PATH=${CMAKE_PREFIX_PATH}:/opt/ros/humble /usr/bin/cmake --install /home/yuritvr/PFC/wenis_ws/build/get_pose_client
[23.408s] INFO:colcon.colcon_core.shell:Creating environment hook '/home/yuritvr/PFC/wenis_ws/install/get_pose_client/share/get_pose_client/hook/cmake_prefix_path.sh'
[23.409s] Level 1:colcon.colcon_core.environment:checking '/home/yuritvr/PFC/wenis_ws/install/get_pose_client/lib'
[23.409s] Level 1:colcon.colcon_core.environment:checking '/home/yuritvr/PFC/wenis_ws/install/get_pose_client/bin'
[23.410s] Level 1:colcon.colcon_core.environment:checking '/home/yuritvr/PFC/wenis_ws/install/get_pose_client/lib/pkgconfig/get_pose_client.pc'
[23.410s] Level 1:colcon.colcon_core.environment:checking '/home/yuritvr/PFC/wenis_ws/install/get_pose_client/lib/python3.10/site-packages'
[23.411s] Level 1:colcon.colcon_core.environment:checking '/home/yuritvr/PFC/wenis_ws/install/get_pose_client/bin'
[23.411s] INFO:colcon.colcon_core.shell:Creating package script '/home/yuritvr/PFC/wenis_ws/install/get_pose_client/share/get_pose_client/package.ps1'
[23.412s] INFO:colcon.colcon_core.shell:Creating package descriptor '/home/yuritvr/PFC/wenis_ws/install/get_pose_client/share/get_pose_client/package.dsv'
[23.413s] INFO:colcon.colcon_core.shell:Creating package script '/home/yuritvr/PFC/wenis_ws/install/get_pose_client/share/get_pose_client/package.sh'
[23.414s] INFO:colcon.colcon_core.shell:Creating package script '/home/yuritvr/PFC/wenis_ws/install/get_pose_client/share/get_pose_client/package.bash'
[23.415s] INFO:colcon.colcon_core.shell:Creating package script '/home/yuritvr/PFC/wenis_ws/install/get_pose_client/share/get_pose_client/package.zsh'
[23.415s] Level 1:colcon.colcon_core.environment:create_file_with_runtime_dependencies(/home/yuritvr/PFC/wenis_ws/install/get_pose_client/share/colcon-core/packages/get_pose_client)
[23.814s] Level 1:colcon.colcon_core.environment:create_environment_scripts_only(get_pose_client)
[23.815s] Level 1:colcon.colcon_core.environment:checking '/home/yuritvr/PFC/wenis_ws/install/get_pose_client' for CMake module files
[23.816s] Level 1:colcon.colcon_core.environment:checking '/home/yuritvr/PFC/wenis_ws/install/get_pose_client' for CMake config files
[23.816s] Level 1:colcon.colcon_core.shell:create_environment_hook('get_pose_client', 'cmake_prefix_path')
[23.817s] INFO:colcon.colcon_core.shell:Creating environment hook '/home/yuritvr/PFC/wenis_ws/install/get_pose_client/share/get_pose_client/hook/cmake_prefix_path.ps1'
[23.818s] INFO:colcon.colcon_core.shell:Creating environment descriptor '/home/yuritvr/PFC/wenis_ws/install/get_pose_client/share/get_pose_client/hook/cmake_prefix_path.dsv'
[23.818s] INFO:colcon.colcon_core.shell:Creating environment hook '/home/yuritvr/PFC/wenis_ws/install/get_pose_client/share/get_pose_client/hook/cmake_prefix_path.sh'
[23.819s] Level 1:colcon.colcon_core.environment:checking '/home/yuritvr/PFC/wenis_ws/install/get_pose_client/lib'
[23.819s] Level 1:colcon.colcon_core.environment:checking '/home/yuritvr/PFC/wenis_ws/install/get_pose_client/bin'
[23.820s] Level 1:colcon.colcon_core.environment:checking '/home/yuritvr/PFC/wenis_ws/install/get_pose_client/lib/pkgconfig/get_pose_client.pc'
[23.820s] Level 1:colcon.colcon_core.environment:checking '/home/yuritvr/PFC/wenis_ws/install/get_pose_client/lib/python3.10/site-packages'
[23.820s] Level 1:colcon.colcon_core.environment:checking '/home/yuritvr/PFC/wenis_ws/install/get_pose_client/bin'
[23.821s] INFO:colcon.colcon_core.shell:Creating package script '/home/yuritvr/PFC/wenis_ws/install/get_pose_client/share/get_pose_client/package.ps1'
[23.822s] INFO:colcon.colcon_core.shell:Creating package descriptor '/home/yuritvr/PFC/wenis_ws/install/get_pose_client/share/get_pose_client/package.dsv'
[23.823s] INFO:colcon.colcon_core.shell:Creating package script '/home/yuritvr/PFC/wenis_ws/install/get_pose_client/share/get_pose_client/package.sh'
[23.825s] INFO:colcon.colcon_core.shell:Creating package script '/home/yuritvr/PFC/wenis_ws/install/get_pose_client/share/get_pose_client/package.bash'
[23.840s] INFO:colcon.colcon_core.shell:Creating package script '/home/yuritvr/PFC/wenis_ws/install/get_pose_client/share/get_pose_client/package.zsh'
[23.841s] Level 1:colcon.colcon_core.environment:create_file_with_runtime_dependencies(/home/yuritvr/PFC/wenis_ws/install/get_pose_client/share/colcon-core/packages/get_pose_client)
[35.429s] DEBUG:colcon.colcon_core.event_handler.log_command:Invoked command in '/home/yuritvr/PFC/wenis_ws/build/moveit2_cartesian' returned '0': CMAKE_PREFIX_PATH=${CMAKE_PREFIX_PATH}:/opt/ros/humble /usr/bin/cmake --build /home/yuritvr/PFC/wenis_ws/build/moveit2_cartesian -- -j8 -l8
[35.493s] DEBUG:colcon.colcon_core.event_handler.log_command:Invoking command in '/home/yuritvr/PFC/wenis_ws/build/moveit2_cartesian': CMAKE_PREFIX_PATH=${CMAKE_PREFIX_PATH}:/opt/ros/humble /usr/bin/cmake --install /home/yuritvr/PFC/wenis_ws/build/moveit2_cartesian
[35.522s] Level 1:colcon.colcon_core.environment:create_environment_scripts_only(moveit2_cartesian)
[35.523s] Level 1:colcon.colcon_core.environment:checking '/home/yuritvr/PFC/wenis_ws/install/moveit2_cartesian' for CMake module files
[35.524s] DEBUG:colcon.colcon_core.event_handler.log_command:Invoked command in '/home/yuritvr/PFC/wenis_ws/build/moveit2_cartesian' returned '0': CMAKE_PREFIX_PATH=${CMAKE_PREFIX_PATH}:/opt/ros/humble /usr/bin/cmake --install /home/yuritvr/PFC/wenis_ws/build/moveit2_cartesian
[35.526s] Level 1:colcon.colcon_core.environment:checking '/home/yuritvr/PFC/wenis_ws/install/moveit2_cartesian' for CMake config files
[35.527s] Level 1:colcon.colcon_core.shell:create_environment_hook('moveit2_cartesian', 'cmake_prefix_path')
[35.528s] INFO:colcon.colcon_core.shell:Creating environment hook '/home/yuritvr/PFC/wenis_ws/install/moveit2_cartesian/share/moveit2_cartesian/hook/cmake_prefix_path.ps1'
[35.529s] INFO:colcon.colcon_core.shell:Creating environment descriptor '/home/yuritvr/PFC/wenis_ws/install/moveit2_cartesian/share/moveit2_cartesian/hook/cmake_prefix_path.dsv'
[35.530s] INFO:colcon.colcon_core.shell:Creating environment hook '/home/yuritvr/PFC/wenis_ws/install/moveit2_cartesian/share/moveit2_cartesian/hook/cmake_prefix_path.sh'
[35.532s] Level 1:colcon.colcon_core.environment:checking '/home/yuritvr/PFC/wenis_ws/install/moveit2_cartesian/lib'
[35.532s] Level 1:colcon.colcon_core.environment:checking '/home/yuritvr/PFC/wenis_ws/install/moveit2_cartesian/bin'
[35.532s] Level 1:colcon.colcon_core.environment:checking '/home/yuritvr/PFC/wenis_ws/install/moveit2_cartesian/lib/pkgconfig/moveit2_cartesian.pc'
[35.533s] Level 1:colcon.colcon_core.environment:checking '/home/yuritvr/PFC/wenis_ws/install/moveit2_cartesian/lib/python3.10/site-packages'
[35.534s] Level 1:colcon.colcon_core.environment:checking '/home/yuritvr/PFC/wenis_ws/install/moveit2_cartesian/bin'
[35.534s] INFO:colcon.colcon_core.shell:Creating package script '/home/yuritvr/PFC/wenis_ws/install/moveit2_cartesian/share/moveit2_cartesian/package.ps1'
[35.536s] INFO:colcon.colcon_core.shell:Creating package descriptor '/home/yuritvr/PFC/wenis_ws/install/moveit2_cartesian/share/moveit2_cartesian/package.dsv'
[35.538s] INFO:colcon.colcon_core.shell:Creating package script '/home/yuritvr/PFC/wenis_ws/install/moveit2_cartesian/share/moveit2_cartesian/package.sh'
[35.540s] INFO:colcon.colcon_core.shell:Creating package script '/home/yuritvr/PFC/wenis_ws/install/moveit2_cartesian/share/moveit2_cartesian/package.bash'
[35.541s] INFO:colcon.colcon_core.shell:Creating package script '/home/yuritvr/PFC/wenis_ws/install/moveit2_cartesian/share/moveit2_cartesian/package.zsh'
[35.542s] Level 1:colcon.colcon_core.environment:create_file_with_runtime_dependencies(/home/yuritvr/PFC/wenis_ws/install/moveit2_cartesian/share/colcon-core/packages/moveit2_cartesian)
[35.607s] Level 1:colcon.colcon_core.environment:create_environment_scripts_only(moveit2_cartesian)
[35.608s] Level 1:colcon.colcon_core.environment:checking '/home/yuritvr/PFC/wenis_ws/install/moveit2_cartesian' for CMake module files
[35.609s] Level 1:colcon.colcon_core.environment:checking '/home/yuritvr/PFC/wenis_ws/install/moveit2_cartesian' for CMake config files
[35.609s] Level 1:colcon.colcon_core.shell:create_environment_hook('moveit2_cartesian', 'cmake_prefix_path')
[35.610s] INFO:colcon.colcon_core.shell:Creating environment hook '/home/yuritvr/PFC/wenis_ws/install/moveit2_cartesian/share/moveit2_cartesian/hook/cmake_prefix_path.ps1'
[35.611s] INFO:colcon.colcon_core.shell:Creating environment descriptor '/home/yuritvr/PFC/wenis_ws/install/moveit2_cartesian/share/moveit2_cartesian/hook/cmake_prefix_path.dsv'
[35.611s] INFO:colcon.colcon_core.shell:Creating environment hook '/home/yuritvr/PFC/wenis_ws/install/moveit2_cartesian/share/moveit2_cartesian/hook/cmake_prefix_path.sh'
[35.612s] Level 1:colcon.colcon_core.environment:checking '/home/yuritvr/PFC/wenis_ws/install/moveit2_cartesian/lib'
[35.613s] Level 1:colcon.colcon_core.environment:checking '/home/yuritvr/PFC/wenis_ws/install/moveit2_cartesian/bin'
[35.613s] Level 1:colcon.colcon_core.environment:checking '/home/yuritvr/PFC/wenis_ws/install/moveit2_cartesian/lib/pkgconfig/moveit2_cartesian.pc'
[35.613s] Level 1:colcon.colcon_core.environment:checking '/home/yuritvr/PFC/wenis_ws/install/moveit2_cartesian/lib/python3.10/site-packages'
[35.614s] Level 1:colcon.colcon_core.environment:checking '/home/yuritvr/PFC/wenis_ws/install/moveit2_cartesian/bin'
[35.615s] INFO:colcon.colcon_core.shell:Creating package script '/home/yuritvr/PFC/wenis_ws/install/moveit2_cartesian/share/moveit2_cartesian/package.ps1'
[35.616s] INFO:colcon.colcon_core.shell:Creating package descriptor '/home/yuritvr/PFC/wenis_ws/install/moveit2_cartesian/share/moveit2_cartesian/package.dsv'
[35.617s] INFO:colcon.colcon_core.shell:Creating package script '/home/yuritvr/PFC/wenis_ws/install/moveit2_cartesian/share/moveit2_cartesian/package.sh'
[35.618s] INFO:colcon.colcon_core.shell:Creating package script '/home/yuritvr/PFC/wenis_ws/install/moveit2_cartesian/share/moveit2_cartesian/package.bash'
[35.618s] INFO:colcon.colcon_core.shell:Creating package script '/home/yuritvr/PFC/wenis_ws/install/moveit2_cartesian/share/moveit2_cartesian/package.zsh'
[35.619s] Level 1:colcon.colcon_core.environment:create_file_with_runtime_dependencies(/home/yuritvr/PFC/wenis_ws/install/moveit2_cartesian/share/colcon-core/packages/moveit2_cartesian)
[36.400s] DEBUG:colcon.colcon_core.event_handler.log_command:Invoked command in '/home/yuritvr/PFC/wenis_ws/build/moveit2_kinematics' returned '0': CMAKE_PREFIX_PATH=${CMAKE_PREFIX_PATH}:/opt/ros/humble /usr/bin/cmake --build /home/yuritvr/PFC/wenis_ws/build/moveit2_kinematics -- -j8 -l8
[36.477s] DEBUG:colcon.colcon_core.event_handler.log_command:Invoking command in '/home/yuritvr/PFC/wenis_ws/build/moveit2_kinematics': CMAKE_PREFIX_PATH=${CMAKE_PREFIX_PATH}:/opt/ros/humble /usr/bin/cmake --install /home/yuritvr/PFC/wenis_ws/build/moveit2_kinematics
[36.513s] Level 1:colcon.colcon_core.environment:create_environment_scripts_only(moveit2_kinematics)
[36.514s] Level 1:colcon.colcon_core.environment:checking '/home/yuritvr/PFC/wenis_ws/install/moveit2_kinematics' for CMake module files
[36.515s] DEBUG:colcon.colcon_core.event_handler.log_command:Invoked command in '/home/yuritvr/PFC/wenis_ws/build/moveit2_kinematics' returned '0': CMAKE_PREFIX_PATH=${CMAKE_PREFIX_PATH}:/opt/ros/humble /usr/bin/cmake --install /home/yuritvr/PFC/wenis_ws/build/moveit2_kinematics
[36.516s] Level 1:colcon.colcon_core.environment:checking '/home/yuritvr/PFC/wenis_ws/install/moveit2_kinematics' for CMake config files
[36.518s] Level 1:colcon.colcon_core.shell:create_environment_hook('moveit2_kinematics', 'cmake_prefix_path')
[36.518s] INFO:colcon.colcon_core.shell:Creating environment hook '/home/yuritvr/PFC/wenis_ws/install/moveit2_kinematics/share/moveit2_kinematics/hook/cmake_prefix_path.ps1'
[36.519s] INFO:colcon.colcon_core.shell:Creating environment descriptor '/home/yuritvr/PFC/wenis_ws/install/moveit2_kinematics/share/moveit2_kinematics/hook/cmake_prefix_path.dsv'
[36.520s] INFO:colcon.colcon_core.shell:Creating environment hook '/home/yuritvr/PFC/wenis_ws/install/moveit2_kinematics/share/moveit2_kinematics/hook/cmake_prefix_path.sh'
[36.521s] Level 1:colcon.colcon_core.environment:checking '/home/yuritvr/PFC/wenis_ws/install/moveit2_kinematics/lib'
[36.522s] Level 1:colcon.colcon_core.environment:checking '/home/yuritvr/PFC/wenis_ws/install/moveit2_kinematics/bin'
[36.522s] Level 1:colcon.colcon_core.environment:checking '/home/yuritvr/PFC/wenis_ws/install/moveit2_kinematics/lib/pkgconfig/moveit2_kinematics.pc'
[36.523s] Level 1:colcon.colcon_core.environment:checking '/home/yuritvr/PFC/wenis_ws/install/moveit2_kinematics/lib/python3.10/site-packages'
[36.523s] Level 1:colcon.colcon_core.environment:checking '/home/yuritvr/PFC/wenis_ws/install/moveit2_kinematics/bin'
[36.525s] INFO:colcon.colcon_core.shell:Creating package script '/home/yuritvr/PFC/wenis_ws/install/moveit2_kinematics/share/moveit2_kinematics/package.ps1'
[36.526s] INFO:colcon.colcon_core.shell:Creating package descriptor '/home/yuritvr/PFC/wenis_ws/install/moveit2_kinematics/share/moveit2_kinematics/package.dsv'
[36.527s] INFO:colcon.colcon_core.shell:Creating package script '/home/yuritvr/PFC/wenis_ws/install/moveit2_kinematics/share/moveit2_kinematics/package.sh'
[36.528s] INFO:colcon.colcon_core.shell:Creating package script '/home/yuritvr/PFC/wenis_ws/install/moveit2_kinematics/share/moveit2_kinematics/package.bash'
[36.529s] INFO:colcon.colcon_core.shell:Creating package script '/home/yuritvr/PFC/wenis_ws/install/moveit2_kinematics/share/moveit2_kinematics/package.zsh'
[36.530s] Level 1:colcon.colcon_core.environment:create_file_with_runtime_dependencies(/home/yuritvr/PFC/wenis_ws/install/moveit2_kinematics/share/colcon-core/packages/moveit2_kinematics)
[36.588s] Level 1:colcon.colcon_core.environment:create_environment_scripts_only(moveit2_kinematics)
[36.589s] Level 1:colcon.colcon_core.environment:checking '/home/yuritvr/PFC/wenis_ws/install/moveit2_kinematics' for CMake module files
[36.590s] Level 1:colcon.colcon_core.environment:checking '/home/yuritvr/PFC/wenis_ws/install/moveit2_kinematics' for CMake config files
[36.590s] Level 1:colcon.colcon_core.shell:create_environment_hook('moveit2_kinematics', 'cmake_prefix_path')
[36.591s] INFO:colcon.colcon_core.shell:Creating environment hook '/home/yuritvr/PFC/wenis_ws/install/moveit2_kinematics/share/moveit2_kinematics/hook/cmake_prefix_path.ps1'
[36.592s] INFO:colcon.colcon_core.shell:Creating environment descriptor '/home/yuritvr/PFC/wenis_ws/install/moveit2_kinematics/share/moveit2_kinematics/hook/cmake_prefix_path.dsv'
[36.597s] INFO:colcon.colcon_core.shell:Creating environment hook '/home/yuritvr/PFC/wenis_ws/install/moveit2_kinematics/share/moveit2_kinematics/hook/cmake_prefix_path.sh'
[36.599s] Level 1:colcon.colcon_core.environment:checking '/home/yuritvr/PFC/wenis_ws/install/moveit2_kinematics/lib'
[36.599s] Level 1:colcon.colcon_core.environment:checking '/home/yuritvr/PFC/wenis_ws/install/moveit2_kinematics/bin'
[36.599s] Level 1:colcon.colcon_core.environment:checking '/home/yuritvr/PFC/wenis_ws/install/moveit2_kinematics/lib/pkgconfig/moveit2_kinematics.pc'
[36.599s] Level 1:colcon.colcon_core.environment:checking '/home/yuritvr/PFC/wenis_ws/install/moveit2_kinematics/lib/python3.10/site-packages'
[36.600s] Level 1:colcon.colcon_core.environment:checking '/home/yuritvr/PFC/wenis_ws/install/moveit2_kinematics/bin'
[36.601s] INFO:colcon.colcon_core.shell:Creating package script '/home/yuritvr/PFC/wenis_ws/install/moveit2_kinematics/share/moveit2_kinematics/package.ps1'
[36.602s] INFO:colcon.colcon_core.shell:Creating package descriptor '/home/yuritvr/PFC/wenis_ws/install/moveit2_kinematics/share/moveit2_kinematics/package.dsv'
[36.604s] INFO:colcon.colcon_core.shell:Creating package script '/home/yuritvr/PFC/wenis_ws/install/moveit2_kinematics/share/moveit2_kinematics/package.sh'
[36.605s] INFO:colcon.colcon_core.shell:Creating package script '/home/yuritvr/PFC/wenis_ws/install/moveit2_kinematics/share/moveit2_kinematics/package.bash'
[36.605s] INFO:colcon.colcon_core.shell:Creating package script '/home/yuritvr/PFC/wenis_ws/install/moveit2_kinematics/share/moveit2_kinematics/package.zsh'
[36.606s] Level 1:colcon.colcon_core.environment:create_file_with_runtime_dependencies(/home/yuritvr/PFC/wenis_ws/install/moveit2_kinematics/share/colcon-core/packages/moveit2_kinematics)
[38.396s] DEBUG:colcon.colcon_core.event_handler.log_command:Invoked command in '/home/yuritvr/PFC/wenis_ws/build/moveit2_scripts' returned '0': CMAKE_PREFIX_PATH=${CMAKE_PREFIX_PATH}:/opt/ros/humble /usr/bin/cmake --build /home/yuritvr/PFC/wenis_ws/build/moveit2_scripts -- -j8 -l8
[38.455s] DEBUG:colcon.colcon_core.event_handler.log_command:Invoking command in '/home/yuritvr/PFC/wenis_ws/build/moveit2_scripts': CMAKE_PREFIX_PATH=${CMAKE_PREFIX_PATH}:/opt/ros/humble /usr/bin/cmake --install /home/yuritvr/PFC/wenis_ws/build/moveit2_scripts
[38.481s] Level 1:colcon.colcon_core.environment:create_environment_scripts_only(moveit2_scripts)
[38.482s] Level 1:colcon.colcon_core.environment:checking '/home/yuritvr/PFC/wenis_ws/install/moveit2_scripts' for CMake module files
[38.483s] DEBUG:colcon.colcon_core.event_handler.log_command:Invoked command in '/home/yuritvr/PFC/wenis_ws/build/moveit2_scripts' returned '0': CMAKE_PREFIX_PATH=${CMAKE_PREFIX_PATH}:/opt/ros/humble /usr/bin/cmake --install /home/yuritvr/PFC/wenis_ws/build/moveit2_scripts
[38.484s] Level 1:colcon.colcon_core.environment:checking '/home/yuritvr/PFC/wenis_ws/install/moveit2_scripts' for CMake config files
[38.485s] Level 1:colcon.colcon_core.shell:create_environment_hook('moveit2_scripts', 'cmake_prefix_path')
[38.485s] INFO:colcon.colcon_core.shell:Creating environment hook '/home/yuritvr/PFC/wenis_ws/install/moveit2_scripts/share/moveit2_scripts/hook/cmake_prefix_path.ps1'
[38.486s] INFO:colcon.colcon_core.shell:Creating environment descriptor '/home/yuritvr/PFC/wenis_ws/install/moveit2_scripts/share/moveit2_scripts/hook/cmake_prefix_path.dsv'
[38.486s] INFO:colcon.colcon_core.shell:Creating environment hook '/home/yuritvr/PFC/wenis_ws/install/moveit2_scripts/share/moveit2_scripts/hook/cmake_prefix_path.sh'
[38.487s] Level 1:colcon.colcon_core.environment:checking '/home/yuritvr/PFC/wenis_ws/install/moveit2_scripts/lib'
[38.487s] Level 1:colcon.colcon_core.environment:checking '/home/yuritvr/PFC/wenis_ws/install/moveit2_scripts/bin'
[38.488s] Level 1:colcon.colcon_core.environment:checking '/home/yuritvr/PFC/wenis_ws/install/moveit2_scripts/lib/pkgconfig/moveit2_scripts.pc'
[38.488s] Level 1:colcon.colcon_core.environment:checking '/home/yuritvr/PFC/wenis_ws/install/moveit2_scripts/lib/python3.10/site-packages'
[38.488s] Level 1:colcon.colcon_core.environment:checking '/home/yuritvr/PFC/wenis_ws/install/moveit2_scripts/bin'
[38.489s] INFO:colcon.colcon_core.shell:Creating package script '/home/yuritvr/PFC/wenis_ws/install/moveit2_scripts/share/moveit2_scripts/package.ps1'
[38.489s] INFO:colcon.colcon_core.shell:Creating package descriptor '/home/yuritvr/PFC/wenis_ws/install/moveit2_scripts/share/moveit2_scripts/package.dsv'
[38.490s] INFO:colcon.colcon_core.shell:Creating package script '/home/yuritvr/PFC/wenis_ws/install/moveit2_scripts/share/moveit2_scripts/package.sh'
[38.491s] INFO:colcon.colcon_core.shell:Creating package script '/home/yuritvr/PFC/wenis_ws/install/moveit2_scripts/share/moveit2_scripts/package.bash'
[38.491s] INFO:colcon.colcon_core.shell:Creating package script '/home/yuritvr/PFC/wenis_ws/install/moveit2_scripts/share/moveit2_scripts/package.zsh'
[38.492s] Level 1:colcon.colcon_core.environment:create_file_with_runtime_dependencies(/home/yuritvr/PFC/wenis_ws/install/moveit2_scripts/share/colcon-core/packages/moveit2_scripts)
[38.546s] Level 1:colcon.colcon_core.environment:create_environment_scripts_only(moveit2_scripts)
[38.547s] Level 1:colcon.colcon_core.environment:checking '/home/yuritvr/PFC/wenis_ws/install/moveit2_scripts' for CMake module files
[38.548s] Level 1:colcon.colcon_core.environment:checking '/home/yuritvr/PFC/wenis_ws/install/moveit2_scripts' for CMake config files
[38.549s] Level 1:colcon.colcon_core.shell:create_environment_hook('moveit2_scripts', 'cmake_prefix_path')
[38.549s] INFO:colcon.colcon_core.shell:Creating environment hook '/home/yuritvr/PFC/wenis_ws/install/moveit2_scripts/share/moveit2_scripts/hook/cmake_prefix_path.ps1'
[38.550s] INFO:colcon.colcon_core.shell:Creating environment descriptor '/home/yuritvr/PFC/wenis_ws/install/moveit2_scripts/share/moveit2_scripts/hook/cmake_prefix_path.dsv'
[38.551s] INFO:colcon.colcon_core.shell:Creating environment hook '/home/yuritvr/PFC/wenis_ws/install/moveit2_scripts/share/moveit2_scripts/hook/cmake_prefix_path.sh'
[38.552s] Level 1:colcon.colcon_core.environment:checking '/home/yuritvr/PFC/wenis_ws/install/moveit2_scripts/lib'
[38.552s] Level 1:colcon.colcon_core.environment:checking '/home/yuritvr/PFC/wenis_ws/install/moveit2_scripts/bin'
[38.552s] Level 1:colcon.colcon_core.environment:checking '/home/yuritvr/PFC/wenis_ws/install/moveit2_scripts/lib/pkgconfig/moveit2_scripts.pc'
[38.553s] Level 1:colcon.colcon_core.environment:checking '/home/yuritvr/PFC/wenis_ws/install/moveit2_scripts/lib/python3.10/site-packages'
[38.553s] Level 1:colcon.colcon_core.environment:checking '/home/yuritvr/PFC/wenis_ws/install/moveit2_scripts/bin'
[38.554s] INFO:colcon.colcon_core.shell:Creating package script '/home/yuritvr/PFC/wenis_ws/install/moveit2_scripts/share/moveit2_scripts/package.ps1'
[38.555s] INFO:colcon.colcon_core.shell:Creating package descriptor '/home/yuritvr/PFC/wenis_ws/install/moveit2_scripts/share/moveit2_scripts/package.dsv'
[38.556s] INFO:colcon.colcon_core.shell:Creating package script '/home/yuritvr/PFC/wenis_ws/install/moveit2_scripts/share/moveit2_scripts/package.sh'
[38.557s] INFO:colcon.colcon_core.shell:Creating package script '/home/yuritvr/PFC/wenis_ws/install/moveit2_scripts/share/moveit2_scripts/package.bash'
[38.558s] INFO:colcon.colcon_core.shell:Creating package script '/home/yuritvr/PFC/wenis_ws/install/moveit2_scripts/share/moveit2_scripts/package.zsh'
[38.558s] Level 1:colcon.colcon_core.environment:create_file_with_runtime_dependencies(/home/yuritvr/PFC/wenis_ws/install/moveit2_scripts/share/colcon-core/packages/moveit2_scripts)
[75.585s] DEBUG:colcon.colcon_core.event_handler.log_command:Invoked command in '/home/yuritvr/PFC/wenis_ws/build/simple_grasping' returned '0': CMAKE_PREFIX_PATH=${CMAKE_PREFIX_PATH}:/opt/ros/humble /usr/bin/cmake --build /home/yuritvr/PFC/wenis_ws/build/simple_grasping -- -j8 -l8
[75.766s] DEBUG:colcon.colcon_core.event_handler.log_command:Invoking command in '/home/yuritvr/PFC/wenis_ws/build/simple_grasping': CMAKE_PREFIX_PATH=${CMAKE_PREFIX_PATH}:/opt/ros/humble /usr/bin/cmake --install /home/yuritvr/PFC/wenis_ws/build/simple_grasping
[75.886s] Level 1:colcon.colcon_core.environment:create_environment_scripts_only(simple_grasping)
[75.888s] Level 1:colcon.colcon_core.environment:checking '/home/yuritvr/PFC/wenis_ws/install/simple_grasping' for CMake module files
[75.889s] DEBUG:colcon.colcon_core.event_handler.log_command:Invoked command in '/home/yuritvr/PFC/wenis_ws/build/simple_grasping' returned '0': CMAKE_PREFIX_PATH=${CMAKE_PREFIX_PATH}:/opt/ros/humble /usr/bin/cmake --install /home/yuritvr/PFC/wenis_ws/build/simple_grasping
[75.891s] Level 1:colcon.colcon_core.environment:checking '/home/yuritvr/PFC/wenis_ws/install/simple_grasping' for CMake config files
[75.893s] Level 1:colcon.colcon_core.shell:create_environment_hook('simple_grasping', 'cmake_prefix_path')
[75.894s] INFO:colcon.colcon_core.shell:Creating environment hook '/home/yuritvr/PFC/wenis_ws/install/simple_grasping/share/simple_grasping/hook/cmake_prefix_path.ps1'
[75.895s] INFO:colcon.colcon_core.shell:Creating environment descriptor '/home/yuritvr/PFC/wenis_ws/install/simple_grasping/share/simple_grasping/hook/cmake_prefix_path.dsv'
[75.897s] INFO:colcon.colcon_core.shell:Creating environment hook '/home/yuritvr/PFC/wenis_ws/install/simple_grasping/share/simple_grasping/hook/cmake_prefix_path.sh'
[75.899s] Level 1:colcon.colcon_core.environment:checking '/home/yuritvr/PFC/wenis_ws/install/simple_grasping/lib'
[75.899s] Level 1:colcon.colcon_core.shell:create_environment_hook('simple_grasping', 'ld_library_path_lib')
[75.900s] INFO:colcon.colcon_core.shell:Creating environment hook '/home/yuritvr/PFC/wenis_ws/install/simple_grasping/share/simple_grasping/hook/ld_library_path_lib.ps1'
[75.901s] INFO:colcon.colcon_core.shell:Creating environment descriptor '/home/yuritvr/PFC/wenis_ws/install/simple_grasping/share/simple_grasping/hook/ld_library_path_lib.dsv'
[75.902s] INFO:colcon.colcon_core.shell:Creating environment hook '/home/yuritvr/PFC/wenis_ws/install/simple_grasping/share/simple_grasping/hook/ld_library_path_lib.sh'
[75.903s] Level 1:colcon.colcon_core.environment:checking '/home/yuritvr/PFC/wenis_ws/install/simple_grasping/bin'
[75.903s] Level 1:colcon.colcon_core.environment:checking '/home/yuritvr/PFC/wenis_ws/install/simple_grasping/lib/pkgconfig/simple_grasping.pc'
[75.904s] Level 1:colcon.colcon_core.environment:checking '/home/yuritvr/PFC/wenis_ws/install/simple_grasping/lib/python3.10/site-packages'
[75.905s] Level 1:colcon.colcon_core.environment:checking '/home/yuritvr/PFC/wenis_ws/install/simple_grasping/bin'
[75.906s] INFO:colcon.colcon_core.shell:Creating package script '/home/yuritvr/PFC/wenis_ws/install/simple_grasping/share/simple_grasping/package.ps1'
[75.907s] INFO:colcon.colcon_core.shell:Creating package descriptor '/home/yuritvr/PFC/wenis_ws/install/simple_grasping/share/simple_grasping/package.dsv'
[75.909s] INFO:colcon.colcon_core.shell:Creating package script '/home/yuritvr/PFC/wenis_ws/install/simple_grasping/share/simple_grasping/package.sh'
[75.910s] INFO:colcon.colcon_core.shell:Creating package script '/home/yuritvr/PFC/wenis_ws/install/simple_grasping/share/simple_grasping/package.bash'
[75.911s] INFO:colcon.colcon_core.shell:Creating package script '/home/yuritvr/PFC/wenis_ws/install/simple_grasping/share/simple_grasping/package.zsh'
[75.912s] Level 1:colcon.colcon_core.environment:create_file_with_runtime_dependencies(/home/yuritvr/PFC/wenis_ws/install/simple_grasping/share/colcon-core/packages/simple_grasping)
[76.090s] Level 1:colcon.colcon_core.environment:create_environment_scripts_only(simple_grasping)
[76.091s] Level 1:colcon.colcon_core.environment:checking '/home/yuritvr/PFC/wenis_ws/install/simple_grasping' for CMake module files
[76.092s] Level 1:colcon.colcon_core.environment:checking '/home/yuritvr/PFC/wenis_ws/install/simple_grasping' for CMake config files
[76.094s] Level 1:colcon.colcon_core.shell:create_environment_hook('simple_grasping', 'cmake_prefix_path')
[76.094s] INFO:colcon.colcon_core.shell:Creating environment hook '/home/yuritvr/PFC/wenis_ws/install/simple_grasping/share/simple_grasping/hook/cmake_prefix_path.ps1'
[76.095s] INFO:colcon.colcon_core.shell:Creating environment descriptor '/home/yuritvr/PFC/wenis_ws/install/simple_grasping/share/simple_grasping/hook/cmake_prefix_path.dsv'
[76.096s] INFO:colcon.colcon_core.shell:Creating environment hook '/home/yuritvr/PFC/wenis_ws/install/simple_grasping/share/simple_grasping/hook/cmake_prefix_path.sh'
[76.099s] Level 1:colcon.colcon_core.environment:checking '/home/yuritvr/PFC/wenis_ws/install/simple_grasping/lib'
[76.099s] Level 1:colcon.colcon_core.shell:create_environment_hook('simple_grasping', 'ld_library_path_lib')
[76.100s] INFO:colcon.colcon_core.shell:Creating environment hook '/home/yuritvr/PFC/wenis_ws/install/simple_grasping/share/simple_grasping/hook/ld_library_path_lib.ps1'
[76.101s] INFO:colcon.colcon_core.shell:Creating environment descriptor '/home/yuritvr/PFC/wenis_ws/install/simple_grasping/share/simple_grasping/hook/ld_library_path_lib.dsv'
[76.102s] INFO:colcon.colcon_core.shell:Creating environment hook '/home/yuritvr/PFC/wenis_ws/install/simple_grasping/share/simple_grasping/hook/ld_library_path_lib.sh'
[76.103s] Level 1:colcon.colcon_core.environment:checking '/home/yuritvr/PFC/wenis_ws/install/simple_grasping/bin'
[76.103s] Level 1:colcon.colcon_core.environment:checking '/home/yuritvr/PFC/wenis_ws/install/simple_grasping/lib/pkgconfig/simple_grasping.pc'
[76.104s] Level 1:colcon.colcon_core.environment:checking '/home/yuritvr/PFC/wenis_ws/install/simple_grasping/lib/python3.10/site-packages'
[76.104s] Level 1:colcon.colcon_core.environment:checking '/home/yuritvr/PFC/wenis_ws/install/simple_grasping/bin'
[76.106s] INFO:colcon.colcon_core.shell:Creating package script '/home/yuritvr/PFC/wenis_ws/install/simple_grasping/share/simple_grasping/package.ps1'
[76.107s] INFO:colcon.colcon_core.shell:Creating package descriptor '/home/yuritvr/PFC/wenis_ws/install/simple_grasping/share/simple_grasping/package.dsv'
[76.109s] INFO:colcon.colcon_core.shell:Creating package script '/home/yuritvr/PFC/wenis_ws/install/simple_grasping/share/simple_grasping/package.sh'
[76.110s] INFO:colcon.colcon_core.shell:Creating package script '/home/yuritvr/PFC/wenis_ws/install/simple_grasping/share/simple_grasping/package.bash'
[76.111s] INFO:colcon.colcon_core.shell:Creating package script '/home/yuritvr/PFC/wenis_ws/install/simple_grasping/share/simple_grasping/package.zsh'
[76.113s] Level 1:colcon.colcon_core.environment:create_file_with_runtime_dependencies(/home/yuritvr/PFC/wenis_ws/install/simple_grasping/share/colcon-core/packages/simple_grasping)
[76.113s] DEBUG:colcon.colcon_parallel_executor.executor.parallel:closing loop
[76.114s] DEBUG:colcon.colcon_parallel_executor.executor.parallel:loop closed
[76.114s] DEBUG:colcon.colcon_parallel_executor.executor.parallel:run_until_complete finished with '0'
[76.114s] DEBUG:colcon.colcon_core.event_reactor:joining thread
[76.134s] INFO:colcon.colcon_core.plugin_system:Skipping extension 'colcon_notification.desktop_notification.terminal_notifier': Not used on non-Darwin systems
[76.134s] INFO:colcon.colcon_core.plugin_system:Skipping extension 'colcon_notification.desktop_notification.win32': Not used on non-Windows systems
[76.134s] INFO:colcon.colcon_notification.desktop_notification:Sending desktop notification using 'notify2'
[76.166s] DEBUG:colcon.colcon_core.event_reactor:joined thread
[76.166s] INFO:colcon.colcon_core.shell:Creating prefix script '/home/yuritvr/PFC/wenis_ws/install/local_setup.ps1'
[76.169s] INFO:colcon.colcon_core.shell:Creating prefix util module '/home/yuritvr/PFC/wenis_ws/install/_local_setup_util_ps1.py'
[76.175s] INFO:colcon.colcon_core.shell:Creating prefix chain script '/home/yuritvr/PFC/wenis_ws/install/setup.ps1'
[76.182s] INFO:colcon.colcon_core.shell:Creating prefix script '/home/yuritvr/PFC/wenis_ws/install/local_setup.sh'
[76.184s] INFO:colcon.colcon_core.shell:Creating prefix util module '/home/yuritvr/PFC/wenis_ws/install/_local_setup_util_sh.py'
[76.186s] INFO:colcon.colcon_core.shell:Creating prefix chain script '/home/yuritvr/PFC/wenis_ws/install/setup.sh'
[76.192s] INFO:colcon.colcon_core.shell:Creating prefix script '/home/yuritvr/PFC/wenis_ws/install/local_setup.bash'
[76.194s] INFO:colcon.colcon_core.shell:Creating prefix chain script '/home/yuritvr/PFC/wenis_ws/install/setup.bash'
[76.200s] INFO:colcon.colcon_core.shell:Creating prefix script '/home/yuritvr/PFC/wenis_ws/install/local_setup.zsh'
[76.203s] INFO:colcon.colcon_core.shell:Creating prefix chain script '/home/yuritvr/PFC/wenis_ws/install/setup.zsh'
