[0.044s] Invoking command in '/home/yuritvr/PFC/new_arm_ws/build/ros2_execution': CMAKE_PREFIX_PATH=${CMAKE_PREFIX_PATH}:/opt/ros/humble /usr/bin/cmake /home/yuritvr/PFC/new_arm_ws/src/ros2_RobotSimulation/ros2_execution -DCMAKE_INSTALL_PREFIX=/home/yuritvr/PFC/new_arm_ws/install/ros2_execution
[1.244s] -- The C compiler identification is GNU 11.4.0
[1.244s] -- The CXX compiler identification is GNU 11.4.0
[1.244s] -- Detecting C compiler ABI info
[1.244s] -- Detecting C compiler ABI info - done
[1.244s] -- Check for working C compiler: /usr/bin/cc - skipped
[1.245s] -- Detecting C compile features
[1.245s] -- Detecting C compile features - done
[1.245s] -- Detecting CXX compiler ABI info
[1.245s] -- Detecting CXX compiler ABI info - done
[1.245s] -- Check for working CXX compiler: /usr/bin/c++ - skipped
[1.245s] -- Detecting CXX compile features
[1.245s] -- Detecting CXX compile features - done
[1.246s] -- Found ament_cmake: 1.3.9 (/opt/ros/humble/share/ament_cmake/cmake)
[1.246s] -- Found Python3: /usr/bin/python3 (found version "3.10.12") found components: Interpreter 
[1.246s] -- Found ament_lint_auto: 0.12.11 (/opt/ros/humble/share/ament_lint_auto/cmake)
[1.246s] -- Added test 'copyright' to check source files copyright and LICENSE
[1.246s] -- Added test 'flake8' to check Python code syntax and style conventions
[1.246s] -- Added test 'lint_cmake' to check CMake code style
[1.246s] -- Added test 'pep257' to check Python code against some of the docstring style conventions in PEP 257
[1.248s] -- Added test 'xmllint' to check XML markup files
[1.248s] -- Configuring done
[1.253s] -- Generating done
[1.255s] -- Build files have been written to: /home/yuritvr/PFC/new_arm_ws/build/ros2_execution
[1.272s] Invoked command in '/home/yuritvr/PFC/new_arm_ws/build/ros2_execution' returned '0': CMAKE_PREFIX_PATH=${CMAKE_PREFIX_PATH}:/opt/ros/humble /usr/bin/cmake /home/yuritvr/PFC/new_arm_ws/src/ros2_RobotSimulation/ros2_execution -DCMAKE_INSTALL_PREFIX=/home/yuritvr/PFC/new_arm_ws/install/ros2_execution
[1.273s] Invoking command in '/home/yuritvr/PFC/new_arm_ws/build/ros2_execution': CMAKE_PREFIX_PATH=${CMAKE_PREFIX_PATH}:/opt/ros/humble /usr/bin/cmake --build /home/yuritvr/PFC/new_arm_ws/build/ros2_execution -- -j8 -l8
[1.355s] Invoked command in '/home/yuritvr/PFC/new_arm_ws/build/ros2_execution' returned '0': CMAKE_PREFIX_PATH=${CMAKE_PREFIX_PATH}:/opt/ros/humble /usr/bin/cmake --build /home/yuritvr/PFC/new_arm_ws/build/ros2_execution -- -j8 -l8
[1.455s] Invoking command in '/home/yuritvr/PFC/new_arm_ws/build/ros2_execution': CMAKE_PREFIX_PATH=${CMAKE_PREFIX_PATH}:/opt/ros/humble /usr/bin/cmake --install /home/yuritvr/PFC/new_arm_ws/build/ros2_execution
[1.457s] -- Install configuration: ""
[1.457s] -- Installing: /home/yuritvr/PFC/new_arm_ws/install/ros2_execution/share/ros2_execution/scripts
[1.457s] -- Installing: /home/yuritvr/PFC/new_arm_ws/install/ros2_execution/share/ros2_execution/scripts/ros2_execution.py
[1.458s] -- Installing: /home/yuritvr/PFC/new_arm_ws/install/ros2_execution/lib/ros2_execution/ros2_execution.py
[1.458s] -- Installing: /home/yuritvr/PFC/new_arm_ws/install/ros2_execution/share/ament_index/resource_index/package_run_dependencies/ros2_execution
[1.458s] -- Installing: /home/yuritvr/PFC/new_arm_ws/install/ros2_execution/share/ament_index/resource_index/parent_prefix_path/ros2_execution
[1.458s] -- Installing: /home/yuritvr/PFC/new_arm_ws/install/ros2_execution/share/ros2_execution/environment/ament_prefix_path.sh
[1.458s] -- Installing: /home/yuritvr/PFC/new_arm_ws/install/ros2_execution/share/ros2_execution/environment/ament_prefix_path.dsv
[1.458s] -- Installing: /home/yuritvr/PFC/new_arm_ws/install/ros2_execution/share/ros2_execution/environment/path.sh
[1.459s] -- Installing: /home/yuritvr/PFC/new_arm_ws/install/ros2_execution/share/ros2_execution/environment/path.dsv
[1.459s] -- Installing: /home/yuritvr/PFC/new_arm_ws/install/ros2_execution/share/ros2_execution/local_setup.bash
[1.459s] -- Installing: /home/yuritvr/PFC/new_arm_ws/install/ros2_execution/share/ros2_execution/local_setup.sh
[1.460s] -- Installing: /home/yuritvr/PFC/new_arm_ws/install/ros2_execution/share/ros2_execution/local_setup.zsh
[1.460s] -- Installing: /home/yuritvr/PFC/new_arm_ws/install/ros2_execution/share/ros2_execution/local_setup.dsv
[1.460s] -- Installing: /home/yuritvr/PFC/new_arm_ws/install/ros2_execution/share/ros2_execution/package.dsv
[1.460s] -- Installing: /home/yuritvr/PFC/new_arm_ws/install/ros2_execution/share/ament_index/resource_index/packages/ros2_execution
[1.461s] -- Installing: /home/yuritvr/PFC/new_arm_ws/install/ros2_execution/share/ros2_execution/cmake/ros2_executionConfig.cmake
[1.461s] -- Installing: /home/yuritvr/PFC/new_arm_ws/install/ros2_execution/share/ros2_execution/cmake/ros2_executionConfig-version.cmake
[1.461s] -- Installing: /home/yuritvr/PFC/new_arm_ws/install/ros2_execution/share/ros2_execution/package.xml
[1.497s] Invoked command in '/home/yuritvr/PFC/new_arm_ws/build/ros2_execution' returned '0': CMAKE_PREFIX_PATH=${CMAKE_PREFIX_PATH}:/opt/ros/humble /usr/bin/cmake --install /home/yuritvr/PFC/new_arm_ws/build/ros2_execution
