[0.068s] Invoking command in '/home/yuritvr/PFC/pfc_ws/build/moveit_config': CMAKE_PREFIX_PATH=/home/yuritvr/PFC/pfc_ws/install/arm_pkg:/home/yuritvr/PFC/pfc_ws/install/manipulator_ros1_to_ros2:/home/yuritvr/PFC/pfc_ws/install/xarm_description:/home/yuritvr/PFC/pfc_ws/install/pfcbot_moveit_config:/home/yuritvr/PFC/pfc_ws/install/pfcbot:/home/yuritvr/PFC/pfc_ws/install/moveit_config:/home/yuritvr/PFC/pfc_ws/install/arm_pkg_moveit_config:/opt/ros/humble /usr/bin/cmake --build /home/yuritvr/PFC/pfc_ws/build/moveit_config -- -j8 -l8
[0.212s] Invoked command in '/home/yuritvr/PFC/pfc_ws/build/moveit_config' returned '0': CMAKE_PREFIX_PATH=/home/yuritvr/PFC/pfc_ws/install/arm_pkg:/home/yuritvr/PFC/pfc_ws/install/manipulator_ros1_to_ros2:/home/yuritvr/PFC/pfc_ws/install/xarm_description:/home/yuritvr/PFC/pfc_ws/install/pfcbot_moveit_config:/home/yuritvr/PFC/pfc_ws/install/pfcbot:/home/yuritvr/PFC/pfc_ws/install/moveit_config:/home/yuritvr/PFC/pfc_ws/install/arm_pkg_moveit_config:/opt/ros/humble /usr/bin/cmake --build /home/yuritvr/PFC/pfc_ws/build/moveit_config -- -j8 -l8
[0.302s] Invoking command in '/home/yuritvr/PFC/pfc_ws/build/moveit_config': CMAKE_PREFIX_PATH=/home/yuritvr/PFC/pfc_ws/install/arm_pkg:/home/yuritvr/PFC/pfc_ws/install/manipulator_ros1_to_ros2:/home/yuritvr/PFC/pfc_ws/install/xarm_description:/home/yuritvr/PFC/pfc_ws/install/pfcbot_moveit_config:/home/yuritvr/PFC/pfc_ws/install/pfcbot:/home/yuritvr/PFC/pfc_ws/install/moveit_config:/home/yuritvr/PFC/pfc_ws/install/arm_pkg_moveit_config:/opt/ros/humble /usr/bin/cmake --install /home/yuritvr/PFC/pfc_ws/build/moveit_config
[0.363s] -- Install configuration: ""
[0.364s] -- Up-to-date: /home/yuritvr/PFC/pfc_ws/install/moveit_config/share/ament_index/resource_index/package_run_dependencies/moveit_config
[0.364s] -- Up-to-date: /home/yuritvr/PFC/pfc_ws/install/moveit_config/share/ament_index/resource_index/parent_prefix_path/moveit_config
[0.364s] -- Up-to-date: /home/yuritvr/PFC/pfc_ws/install/moveit_config/share/moveit_config/environment/ament_prefix_path.sh
[0.365s] -- Up-to-date: /home/yuritvr/PFC/pfc_ws/install/moveit_config/share/moveit_config/environment/ament_prefix_path.dsv
[0.366s] -- Up-to-date: /home/yuritvr/PFC/pfc_ws/install/moveit_config/share/moveit_config/environment/path.sh
[0.366s] -- Up-to-date: /home/yuritvr/PFC/pfc_ws/install/moveit_config/share/moveit_config/environment/path.dsv
[0.367s] -- Up-to-date: /home/yuritvr/PFC/pfc_ws/install/moveit_config/share/moveit_config/local_setup.bash
[0.368s] -- Up-to-date: /home/yuritvr/PFC/pfc_ws/install/moveit_config/share/moveit_config/local_setup.sh
[0.369s] -- Up-to-date: /home/yuritvr/PFC/pfc_ws/install/moveit_config/share/moveit_config/local_setup.zsh
[0.370s] -- Up-to-date: /home/yuritvr/PFC/pfc_ws/install/moveit_config/share/moveit_config/local_setup.dsv
[0.374s] -- Installing: /home/yuritvr/PFC/pfc_ws/install/moveit_config/share/moveit_config/package.dsv
[0.376s] -- Up-to-date: /home/yuritvr/PFC/pfc_ws/install/moveit_config/share/ament_index/resource_index/packages/moveit_config
[0.377s] -- Up-to-date: /home/yuritvr/PFC/pfc_ws/install/moveit_config/share/moveit_config/cmake/moveit_configConfig.cmake
[0.379s] -- Up-to-date: /home/yuritvr/PFC/pfc_ws/install/moveit_config/share/moveit_config/cmake/moveit_configConfig-version.cmake
[0.379s] -- Up-to-date: /home/yuritvr/PFC/pfc_ws/install/moveit_config/share/moveit_config/package.xml
[0.381s] -- Up-to-date: /home/yuritvr/PFC/pfc_ws/install/moveit_config/share/moveit_config/launch
[0.381s] -- Up-to-date: /home/yuritvr/PFC/pfc_ws/install/moveit_config/share/moveit_config/launch/static_virtual_joint_tfs.launch.py
[0.383s] -- Up-to-date: /home/yuritvr/PFC/pfc_ws/install/moveit_config/share/moveit_config/launch/moveit_rviz.launch.py
[0.384s] -- Up-to-date: /home/yuritvr/PFC/pfc_ws/install/moveit_config/share/moveit_config/launch/spawn_controllers.launch.py
[0.385s] -- Up-to-date: /home/yuritvr/PFC/pfc_ws/install/moveit_config/share/moveit_config/launch/rsp.launch.py
[0.386s] -- Up-to-date: /home/yuritvr/PFC/pfc_ws/install/moveit_config/share/moveit_config/launch/move_group.launch.py
[0.387s] -- Up-to-date: /home/yuritvr/PFC/pfc_ws/install/moveit_config/share/moveit_config/launch/warehouse_db.launch.py
[0.388s] -- Up-to-date: /home/yuritvr/PFC/pfc_ws/install/moveit_config/share/moveit_config/launch/demo.launch.py
[0.389s] -- Up-to-date: /home/yuritvr/PFC/pfc_ws/install/moveit_config/share/moveit_config/launch/setup_assistant.launch.py
[0.390s] -- Up-to-date: /home/yuritvr/PFC/pfc_ws/install/moveit_config/share/moveit_config/config
[0.391s] -- Up-to-date: /home/yuritvr/PFC/pfc_ws/install/moveit_config/share/moveit_config/config/joint_limits.yaml
[0.392s] -- Up-to-date: /home/yuritvr/PFC/pfc_ws/install/moveit_config/share/moveit_config/config/moveit.rviz
[0.393s] -- Up-to-date: /home/yuritvr/PFC/pfc_ws/install/moveit_config/share/moveit_config/config/robot_description.urdf.xacro
[0.394s] -- Up-to-date: /home/yuritvr/PFC/pfc_ws/install/moveit_config/share/moveit_config/config/robot_description.srdf
[0.396s] -- Up-to-date: /home/yuritvr/PFC/pfc_ws/install/moveit_config/share/moveit_config/config/robot_description.ros2_control.xacro
[0.398s] -- Up-to-date: /home/yuritvr/PFC/pfc_ws/install/moveit_config/share/moveit_config/config/sensors_3d.yaml
[0.398s] -- Up-to-date: /home/yuritvr/PFC/pfc_ws/install/moveit_config/share/moveit_config/config/kinematics.yaml
[0.399s] -- Up-to-date: /home/yuritvr/PFC/pfc_ws/install/moveit_config/share/moveit_config/config/moveit_controllers.yaml
[0.400s] -- Up-to-date: /home/yuritvr/PFC/pfc_ws/install/moveit_config/share/moveit_config/config/pilz_cartesian_limits.yaml
[0.401s] -- Up-to-date: /home/yuritvr/PFC/pfc_ws/install/moveit_config/share/moveit_config/config/initial_positions.yaml
[0.403s] -- Up-to-date: /home/yuritvr/PFC/pfc_ws/install/moveit_config/share/moveit_config/.setup_assistant
[0.409s] Invoked command in '/home/yuritvr/PFC/pfc_ws/build/moveit_config' returned '0': CMAKE_PREFIX_PATH=/home/yuritvr/PFC/pfc_ws/install/arm_pkg:/home/yuritvr/PFC/pfc_ws/install/manipulator_ros1_to_ros2:/home/yuritvr/PFC/pfc_ws/install/xarm_description:/home/yuritvr/PFC/pfc_ws/install/pfcbot_moveit_config:/home/yuritvr/PFC/pfc_ws/install/pfcbot:/home/yuritvr/PFC/pfc_ws/install/moveit_config:/home/yuritvr/PFC/pfc_ws/install/arm_pkg_moveit_config:/opt/ros/humble /usr/bin/cmake --install /home/yuritvr/PFC/pfc_ws/build/moveit_config
