[0.029s] Invoking command in '/home/yuritvr/PFC/wenis_ws/build/moveit2_cartesian': CMAKE_PREFIX_PATH=${CMAKE_PREFIX_PATH}:/opt/ros/humble /usr/bin/cmake --build /home/yuritvr/PFC/wenis_ws/build/moveit2_cartesian -- -j8 -l8
[0.120s] [ 50%] [32mBuilding CXX object CMakeFiles/cartesian_path.dir/src/cartesian_path.cpp.o[0m
[16.173s] [01m[K/home/yuritvr/PFC/wenis_ws/src/ros2_manipulator/moveit2_cartesian/src/cartesian_path.cpp:[m[K In function ‘[01m[Kint main(int, char**)[m[K’:
[16.173s] [01m[K/home/yuritvr/PFC/wenis_ws/src/ros2_manipulator/moveit2_cartesian/src/cartesian_path.cpp:51:8:[m[K [01;35m[Kwarning: [m[Kvariable ‘[01m[Ksuccess_arm[m[K’ set but not used [[01;35m[K]8;;https://gcc.gnu.org/onlinedocs/gcc/Warning-Options.html#index-Wunused-but-set-variable-Wunused-but-set-variable]8;;[m[K]
[16.174s]    51 |   bool [01;35m[Ksuccess_arm[m[K = (move_group_arm.plan(my_plan_arm) ==
[16.175s]       |        [01;35m[K^~~~~~~~~~~[m[K
[16.176s] [01m[K/home/yuritvr/PFC/wenis_ws/src/ros2_manipulator/moveit2_cartesian/src/cartesian_path.cpp:88:10:[m[K [01;35m[Kwarning: [m[Kvariable ‘[01m[Kfraction[m[K’ set but not used [[01;35m[K]8;;https://gcc.gnu.org/onlinedocs/gcc/Warning-Options.html#index-Wunused-but-set-variable-Wunused-but-set-variable]8;;[m[K]
[16.177s]    88 |   double [01;35m[Kfraction[m[K = move_group_arm.computeCartesianPath(
[16.178s]       |          [01;35m[K^~~~~~~~[m[K
[21.483s] [100%] [32m[1mLinking CXX executable cartesian_path[0m
[21.958s] [100%] Built target cartesian_path
[21.969s] Invoked command in '/home/yuritvr/PFC/wenis_ws/build/moveit2_cartesian' returned '0': CMAKE_PREFIX_PATH=${CMAKE_PREFIX_PATH}:/opt/ros/humble /usr/bin/cmake --build /home/yuritvr/PFC/wenis_ws/build/moveit2_cartesian -- -j8 -l8
[21.997s] Invoking command in '/home/yuritvr/PFC/wenis_ws/build/moveit2_cartesian': CMAKE_PREFIX_PATH=${CMAKE_PREFIX_PATH}:/opt/ros/humble /usr/bin/cmake --install /home/yuritvr/PFC/wenis_ws/build/moveit2_cartesian
[22.003s] -- Install configuration: ""
[22.003s] -- Installing: /home/yuritvr/PFC/wenis_ws/install/moveit2_cartesian/lib/moveit2_cartesian/cartesian_path
[22.005s] -- Set runtime path of "/home/yuritvr/PFC/wenis_ws/install/moveit2_cartesian/lib/moveit2_cartesian/cartesian_path" to ""
[22.005s] -- Installing: /home/yuritvr/PFC/wenis_ws/install/moveit2_cartesian/share/moveit2_cartesian/launch
[22.006s] -- Installing: /home/yuritvr/PFC/wenis_ws/install/moveit2_cartesian/share/moveit2_cartesian/launch/cartesian_path.launch.py
[22.006s] -- Installing: /home/yuritvr/PFC/wenis_ws/install/moveit2_cartesian/share/ament_index/resource_index/package_run_dependencies/moveit2_cartesian
[22.007s] -- Installing: /home/yuritvr/PFC/wenis_ws/install/moveit2_cartesian/share/ament_index/resource_index/parent_prefix_path/moveit2_cartesian
[22.007s] -- Installing: /home/yuritvr/PFC/wenis_ws/install/moveit2_cartesian/share/moveit2_cartesian/environment/ament_prefix_path.sh
[22.007s] -- Installing: /home/yuritvr/PFC/wenis_ws/install/moveit2_cartesian/share/moveit2_cartesian/environment/ament_prefix_path.dsv
[22.007s] -- Installing: /home/yuritvr/PFC/wenis_ws/install/moveit2_cartesian/share/moveit2_cartesian/environment/path.sh
[22.008s] -- Installing: /home/yuritvr/PFC/wenis_ws/install/moveit2_cartesian/share/moveit2_cartesian/environment/path.dsv
[22.008s] -- Installing: /home/yuritvr/PFC/wenis_ws/install/moveit2_cartesian/share/moveit2_cartesian/local_setup.bash
[22.008s] -- Installing: /home/yuritvr/PFC/wenis_ws/install/moveit2_cartesian/share/moveit2_cartesian/local_setup.sh
[22.008s] -- Installing: /home/yuritvr/PFC/wenis_ws/install/moveit2_cartesian/share/moveit2_cartesian/local_setup.zsh
[22.009s] -- Installing: /home/yuritvr/PFC/wenis_ws/install/moveit2_cartesian/share/moveit2_cartesian/local_setup.dsv
[22.009s] -- Installing: /home/yuritvr/PFC/wenis_ws/install/moveit2_cartesian/share/moveit2_cartesian/package.dsv
[22.009s] -- Installing: /home/yuritvr/PFC/wenis_ws/install/moveit2_cartesian/share/ament_index/resource_index/packages/moveit2_cartesian
[22.009s] -- Installing: /home/yuritvr/PFC/wenis_ws/install/moveit2_cartesian/share/moveit2_cartesian/cmake/moveit2_cartesianConfig.cmake
[22.009s] -- Installing: /home/yuritvr/PFC/wenis_ws/install/moveit2_cartesian/share/moveit2_cartesian/cmake/moveit2_cartesianConfig-version.cmake
[22.010s] -- Installing: /home/yuritvr/PFC/wenis_ws/install/moveit2_cartesian/share/moveit2_cartesian/package.xml
[22.012s] Invoked command in '/home/yuritvr/PFC/wenis_ws/build/moveit2_cartesian' returned '0': CMAKE_PREFIX_PATH=${CMAKE_PREFIX_PATH}:/opt/ros/humble /usr/bin/cmake --install /home/yuritvr/PFC/wenis_ws/build/moveit2_cartesian
