[0.183s] Invoking command in '/home/yuritvr/PFC/wenis_ws/build/moveit2_scripts': CMAKE_PREFIX_PATH=${CMAKE_PREFIX_PATH}:/home/yuritvr/PFC/wenis_ws/install/robotiq_85_driver:/home/yuritvr/PFC/pfc_ws/install/robotiq_85_driver:/opt/ros/humble /usr/bin/cmake /home/yuritvr/PFC/wenis_ws/src/ros2_manipulator/moveit2_scripts -DAMENT_CMAKE_SYMLINK_INSTALL=1 -DCMAKE_INSTALL_PREFIX=/home/yuritvr/PFC/wenis_ws/install/moveit2_scripts
[2.808s] -- Found ament_cmake: 1.3.9 (/opt/ros/humble/share/ament_cmake/cmake)
[2.808s] -- Override CMake install command with custom implementation using symlinks instead of copying resources
[2.808s] -- Found rclcpp: 16.0.9 (/opt/ros/humble/share/rclcpp/cmake)
[2.808s] -- Found rosidl_generator_c: 3.1.5 (/opt/ros/humble/share/rosidl_generator_c/cmake)
[2.808s] -- Found rosidl_adapter: 3.1.5 (/opt/ros/humble/share/rosidl_adapter/cmake)
[2.808s] -- Found rosidl_generator_cpp: 3.1.5 (/opt/ros/humble/share/rosidl_generator_cpp/cmake)
[2.808s] -- Using all available rosidl_typesupport_c: rosidl_typesupport_fastrtps_c;rosidl_typesupport_introspection_c
[2.809s] -- Using all available rosidl_typesupport_cpp: rosidl_typesupport_fastrtps_cpp;rosidl_typesupport_introspection_cpp
[2.809s] -- Found rmw_implementation_cmake: 6.1.2 (/opt/ros/humble/share/rmw_implementation_cmake/cmake)
[2.809s] -- Found rmw_fastrtps_cpp: 6.2.6 (/opt/ros/humble/share/rmw_fastrtps_cpp/cmake)
[2.809s] -- Using RMW implementation 'rmw_fastrtps_cpp' as default
[2.809s] -- Found rclcpp_action: 16.0.9 (/opt/ros/humble/share/rclcpp_action/cmake)
[2.809s] -- Found moveit_core: 2.5.5 (/opt/ros/humble/share/moveit_core/cmake)
[2.809s] -- Found Boost: /usr/lib/x86_64-linux-gnu/cmake/Boost-1.74.0/BoostConfig.cmake (found version "1.74.0") found components: chrono date_time filesystem iostreams program_options regex serialization system thread 
[2.809s] -- Found parameter_traits: 0.3.8 (/opt/ros/humble/share/parameter_traits/cmake)
[2.809s] -- Found rclcpp_lifecycle: 16.0.9 (/opt/ros/humble/share/rclcpp_lifecycle/cmake)
[2.810s] -- Found Boost: /usr/lib/x86_64-linux-gnu/cmake/Boost-1.74.0/BoostConfig.cmake (found version "1.74.0") found components: filesystem 
[2.810s] -- library: /usr/lib/x86_64-linux-gnu/libcurl.so
[3.032s] -- Ensuring Eigen3 include directory is part of orocos-kdl CMake target
[5.076s] -- Found moveit_ros_planning: 2.5.5 (/opt/ros/humble/share/moveit_ros_planning/cmake)
[5.085s] -- Found Boost: /usr/lib/x86_64-linux-gnu/cmake/Boost-1.74.0/BoostConfig.cmake (found version "1.74.0") found components: system filesystem date_time program_options thread chrono 
[5.861s] -- Found moveit_ros_planning_interface: 2.5.5 (/opt/ros/humble/share/moveit_ros_planning_interface/cmake)
[5.870s] -- Found Boost: /usr/lib/x86_64-linux-gnu/cmake/Boost-1.74.0/BoostConfig.cmake (found version "1.74.0") found components: date_time filesystem program_options system thread 
[6.115s] -- Found Boost: /usr/lib/x86_64-linux-gnu/cmake/Boost-1.74.0/BoostConfig.cmake (found version "1.74.0") found components: thread system filesystem regex date_time program_options 
[6.423s] -- Found Boost: /usr/lib/x86_64-linux-gnu/cmake/Boost-1.74.0/BoostConfig.cmake (found version "1.74.0") found components: system filesystem date_time program_options thread 
[6.982s] -- Found interactive_markers: 2.3.2 (/opt/ros/humble/share/interactive_markers/cmake)
[6.997s] -- Found control_msgs: 4.6.0 (/opt/ros/humble/share/control_msgs/cmake)
[7.270s] -- Found ament_lint_auto: 0.12.11 (/opt/ros/humble/share/ament_lint_auto/cmake)
[7.438s] -- Added test 'cppcheck' to perform static code analysis on C / C++ code
[7.439s] -- Configured cppcheck include dirs: /home/yuritvr/PFC/wenis_ws/src/ros2_manipulator/moveit2_scripts/include
[7.439s] -- Configured cppcheck exclude dirs and/or files: 
[7.440s] -- Added test 'flake8' to check Python code syntax and style conventions
[7.440s] -- Added test 'lint_cmake' to check CMake code style
[7.441s] -- Added test 'pep257' to check Python code against some of the docstring style conventions in PEP 257
[7.441s] -- Added test 'uncrustify' to check C / C++ code style
[7.442s] -- Configured uncrustify additional arguments: 
[7.442s] -- Added test 'xmllint' to check XML markup files
[7.443s] -- Configuring done
[7.543s] -- Generating done
[7.549s] -- Build files have been written to: /home/yuritvr/PFC/wenis_ws/build/moveit2_scripts
