[0.098s] Invoking command in '/home/yuritvr/PFC/wenis_ws/build/robotiq_85_description': CMAKE_PREFIX_PATH=${CMAKE_PREFIX_PATH}:/home/yuritvr/PFC/wenis_ws/install/robotiq_85_driver:/home/yuritvr/PFC/pfc_ws/install/robotiq_85_driver:/opt/ros/humble /usr/bin/cmake /home/yuritvr/PFC/wenis_ws/src/ros2_manipulator/robotiq_85_gripper/robotiq_85_description -DAMENT_CMAKE_SYMLINK_INSTALL=1 -DCMAKE_INSTALL_PREFIX=/home/yuritvr/PFC/wenis_ws/install/robotiq_85_description
[0.216s] -- Found ament_cmake: 1.3.9 (/opt/ros/humble/share/ament_cmake/cmake)
[0.474s] -- Override CMake install command with custom implementation using symlinks instead of copying resources
[0.642s] -- Configuring done
[0.647s] -- Generating done
[0.648s] -- Build files have been written to: /home/yuritvr/PFC/wenis_ws/build/robotiq_85_description
[0.653s] Invoked command in '/home/yuritvr/PFC/wenis_ws/build/robotiq_85_description' returned '0': CMAKE_PREFIX_PATH=${CMAKE_PREFIX_PATH}:/home/yuritvr/PFC/wenis_ws/install/robotiq_85_driver:/home/yuritvr/PFC/pfc_ws/install/robotiq_85_driver:/opt/ros/humble /usr/bin/cmake /home/yuritvr/PFC/wenis_ws/src/ros2_manipulator/robotiq_85_gripper/robotiq_85_description -DAMENT_CMAKE_SYMLINK_INSTALL=1 -DCMAKE_INSTALL_PREFIX=/home/yuritvr/PFC/wenis_ws/install/robotiq_85_description
[0.673s] Invoking command in '/home/yuritvr/PFC/wenis_ws/build/robotiq_85_description': CMAKE_PREFIX_PATH=${CMAKE_PREFIX_PATH}:/home/yuritvr/PFC/wenis_ws/install/robotiq_85_driver:/home/yuritvr/PFC/pfc_ws/install/robotiq_85_driver:/opt/ros/humble /usr/bin/cmake --build /home/yuritvr/PFC/wenis_ws/build/robotiq_85_description -- -j8 -l8
[3.143s] Invoked command in '/home/yuritvr/PFC/wenis_ws/build/robotiq_85_description' returned '0': CMAKE_PREFIX_PATH=${CMAKE_PREFIX_PATH}:/home/yuritvr/PFC/wenis_ws/install/robotiq_85_driver:/home/yuritvr/PFC/pfc_ws/install/robotiq_85_driver:/opt/ros/humble /usr/bin/cmake --build /home/yuritvr/PFC/wenis_ws/build/robotiq_85_description -- -j8 -l8
[3.278s] Invoking command in '/home/yuritvr/PFC/wenis_ws/build/robotiq_85_description': CMAKE_PREFIX_PATH=${CMAKE_PREFIX_PATH}:/home/yuritvr/PFC/wenis_ws/install/robotiq_85_driver:/home/yuritvr/PFC/pfc_ws/install/robotiq_85_driver:/opt/ros/humble /usr/bin/cmake --install /home/yuritvr/PFC/wenis_ws/build/robotiq_85_description
[3.308s] -- Install configuration: ""
[3.311s] -- Execute custom install script
[3.312s] -- Symlinking: /home/yuritvr/PFC/wenis_ws/install/robotiq_85_description/share/robotiq_85_description/config/gripper_controller.yaml
[3.323s] -- Symlinking: /home/yuritvr/PFC/wenis_ws/install/robotiq_85_description/share/robotiq_85_description/config/gripper_controller2.yaml
[3.343s] -- Symlinking: /home/yuritvr/PFC/wenis_ws/install/robotiq_85_description/share/robotiq_85_description/config/view_gripper.rviz
[3.362s] -- Symlinking: /home/yuritvr/PFC/wenis_ws/install/robotiq_85_description/share/robotiq_85_description/launch/gazebo.launch.py
[3.379s] -- Symlinking: /home/yuritvr/PFC/wenis_ws/install/robotiq_85_description/share/robotiq_85_description/launch/gripper_sim.launch.py
[3.398s] -- Symlinking: /home/yuritvr/PFC/wenis_ws/install/robotiq_85_description/share/robotiq_85_description/launch/spawn_robot.launch.py
[3.416s] -- Symlinking: /home/yuritvr/PFC/wenis_ws/install/robotiq_85_description/share/robotiq_85_description/launch/view_gripper.launch.py
[3.437s] -- Symlinking: /home/yuritvr/PFC/wenis_ws/install/robotiq_85_description/share/robotiq_85_description/meshes/collision/robotiq_85_base_link.stl
[3.460s] -- Symlinking: /home/yuritvr/PFC/wenis_ws/install/robotiq_85_description/share/robotiq_85_description/meshes/collision/robotiq_85_finger_link.stl
[3.481s] -- Symlinking: /home/yuritvr/PFC/wenis_ws/install/robotiq_85_description/share/robotiq_85_description/meshes/collision/robotiq_85_finger_tip_link.stl
[3.501s] -- Symlinking: /home/yuritvr/PFC/wenis_ws/install/robotiq_85_description/share/robotiq_85_description/meshes/collision/robotiq_85_inner_knuckle_link.stl
[3.522s] -- Symlinking: /home/yuritvr/PFC/wenis_ws/install/robotiq_85_description/share/robotiq_85_description/meshes/collision/robotiq_85_knuckle_link.stl
[3.542s] -- Symlinking: /home/yuritvr/PFC/wenis_ws/install/robotiq_85_description/share/robotiq_85_description/meshes/collision/ur_to_robotiq_adapter.stl
[3.560s] -- Symlinking: /home/yuritvr/PFC/wenis_ws/install/robotiq_85_description/share/robotiq_85_description/meshes/visual/robotiq_85_base_link.dae
[3.580s] -- Symlinking: /home/yuritvr/PFC/wenis_ws/install/robotiq_85_description/share/robotiq_85_description/meshes/visual/robotiq_85_finger_link.dae
[3.600s] -- Symlinking: /home/yuritvr/PFC/wenis_ws/install/robotiq_85_description/share/robotiq_85_description/meshes/visual/robotiq_85_finger_tip_link.dae
[3.622s] -- Symlinking: /home/yuritvr/PFC/wenis_ws/install/robotiq_85_description/share/robotiq_85_description/meshes/visual/robotiq_85_inner_knuckle_link.dae
[3.640s] -- Symlinking: /home/yuritvr/PFC/wenis_ws/install/robotiq_85_description/share/robotiq_85_description/meshes/visual/robotiq_85_knuckle_link.dae
[3.658s] -- Symlinking: /home/yuritvr/PFC/wenis_ws/install/robotiq_85_description/share/robotiq_85_description/meshes/visual/ur_to_robotiq_adapter.dae
[3.689s] -- Symlinking: /home/yuritvr/PFC/wenis_ws/install/robotiq_85_description/share/robotiq_85_description/urdf/left_robotiq_85_gripper.urdf.xacro
[3.707s] -- Symlinking: /home/yuritvr/PFC/wenis_ws/install/robotiq_85_description/share/robotiq_85_description/urdf/right_robotiq_85_gripper.urdf.xacro
[3.724s] -- Symlinking: /home/yuritvr/PFC/wenis_ws/install/robotiq_85_description/share/robotiq_85_description/urdf/robotiq_85_gripper.ros2_control.xacro
[3.740s] -- Symlinking: /home/yuritvr/PFC/wenis_ws/install/robotiq_85_description/share/robotiq_85_description/urdf/robotiq_85_gripper.transmission.xacro
[3.759s] -- Symlinking: /home/yuritvr/PFC/wenis_ws/install/robotiq_85_description/share/robotiq_85_description/urdf/robotiq_85_gripper.urdf.xacro
[3.776s] -- Symlinking: /home/yuritvr/PFC/wenis_ws/install/robotiq_85_description/share/robotiq_85_description/urdf/robotiq_85_gripper_gz.ros2_control.xacro
[3.795s] -- Symlinking: /home/yuritvr/PFC/wenis_ws/install/robotiq_85_description/share/robotiq_85_description/urdf/robotiq_85_gripper_macro.urdf.xacro
[3.815s] -- Symlinking: /home/yuritvr/PFC/wenis_ws/install/robotiq_85_description/share/robotiq_85_description/urdf/robotiq_85_gripper_macro_gz.urdf.xacro
[3.833s] -- Symlinking: /home/yuritvr/PFC/wenis_ws/install/robotiq_85_description/share/robotiq_85_description/urdf/robotiq_85_gripper_sim_base.urdf.xacro
[3.851s] -- Symlinking: /home/yuritvr/PFC/wenis_ws/install/robotiq_85_description/share/robotiq_85_description/urdf/robotiq_arg85_description.urdf.xacro
[3.868s] -- Symlinking: /home/yuritvr/PFC/wenis_ws/install/robotiq_85_description/share/robotiq_85_description/urdf/ur_to_robotiq_adapter.urdf.xacro
[3.885s] -- Symlinking: /home/yuritvr/PFC/wenis_ws/install/robotiq_85_description/share/ament_index/resource_index/package_run_dependencies/robotiq_85_description
[3.902s] -- Symlinking: /home/yuritvr/PFC/wenis_ws/install/robotiq_85_description/share/ament_index/resource_index/parent_prefix_path/robotiq_85_description
[3.924s] -- Symlinking: /home/yuritvr/PFC/wenis_ws/install/robotiq_85_description/share/robotiq_85_description/environment/ament_prefix_path.sh
[3.944s] -- Symlinking: /home/yuritvr/PFC/wenis_ws/install/robotiq_85_description/share/robotiq_85_description/environment/ament_prefix_path.dsv
[3.964s] -- Symlinking: /home/yuritvr/PFC/wenis_ws/install/robotiq_85_description/share/robotiq_85_description/environment/path.sh
[3.982s] -- Symlinking: /home/yuritvr/PFC/wenis_ws/install/robotiq_85_description/share/robotiq_85_description/environment/path.dsv
[4.001s] -- Symlinking: /home/yuritvr/PFC/wenis_ws/install/robotiq_85_description/share/robotiq_85_description/local_setup.bash
[4.022s] -- Symlinking: /home/yuritvr/PFC/wenis_ws/install/robotiq_85_description/share/robotiq_85_description/local_setup.sh
[4.041s] -- Symlinking: /home/yuritvr/PFC/wenis_ws/install/robotiq_85_description/share/robotiq_85_description/local_setup.zsh
[4.059s] -- Symlinking: /home/yuritvr/PFC/wenis_ws/install/robotiq_85_description/share/robotiq_85_description/local_setup.dsv
[4.078s] -- Symlinking: /home/yuritvr/PFC/wenis_ws/install/robotiq_85_description/share/robotiq_85_description/package.dsv
[4.098s] -- Symlinking: /home/yuritvr/PFC/wenis_ws/install/robotiq_85_description/share/ament_index/resource_index/packages/robotiq_85_description
[4.116s] -- Symlinking: /home/yuritvr/PFC/wenis_ws/install/robotiq_85_description/share/robotiq_85_description/cmake/robotiq_85_descriptionConfig.cmake
[4.135s] -- Symlinking: /home/yuritvr/PFC/wenis_ws/install/robotiq_85_description/share/robotiq_85_description/cmake/robotiq_85_descriptionConfig-version.cmake
[4.153s] -- Symlinking: /home/yuritvr/PFC/wenis_ws/install/robotiq_85_description/share/robotiq_85_description/package.xml
