[0.144s] Invoking command in '/home/yuritvr/PFC/wenis_ws/build/irb1200_ros2_moveit2': AMENT_PREFIX_PATH=/home/yuritvr/PFC/wenis_ws/install/ros2_data:${AMENT_PREFIX_PATH} CMAKE_PREFIX_PATH=/home/yuritvr/PFC/wenis_ws/install/ros2_data:/opt/ros/humble LD_LIBRARY_PATH=/home/yuritvr/PFC/wenis_ws/install/ros2_data/lib:/usr/lib/x86_64-linux-gnu/gazebo-11/plugins:/opt/ros/humble/opt/rviz_ogre_vendor/lib:/opt/ros/humble/lib/x86_64-linux-gnu:/opt/ros/humble/lib:/usr/lib/x86_64-linux-gnu/gazebo-11/plugins PYTHONPATH=/home/yuritvr/PFC/wenis_ws/install/ros2_data/local/lib/python3.10/dist-packages:${PYTHONPATH} /usr/bin/cmake /home/yuritvr/PFC/wenis_ws/ros2_RobotSimulation/ABBRobots/IRB1200/irb1200_ros2_moveit2 -DCMAKE_INSTALL_PREFIX=/home/yuritvr/PFC/wenis_ws/install/irb1200_ros2_moveit2
[0.364s] -- The C compiler identification is GNU 11.4.0
[0.499s] -- The CXX compiler identification is GNU 11.4.0
[0.515s] -- Detecting C compiler ABI info
[0.680s] -- Detecting C compiler ABI info - done
[0.717s] -- Check for working C compiler: /usr/bin/cc - skipped
[0.717s] -- Detecting C compile features
[0.718s] -- Detecting C compile features - done
[0.727s] -- Detecting CXX compiler ABI info
[0.970s] -- Detecting CXX compiler ABI info - done
[0.995s] -- Check for working CXX compiler: /usr/bin/c++ - skipped
[0.995s] -- Detecting CXX compile features
[0.998s] -- Detecting CXX compile features - done
[1.003s] -- Found ament_cmake: 1.3.9 (/opt/ros/humble/share/ament_cmake/cmake)
[1.418s] -- Found Python3: /usr/bin/python3 (found version "3.10.12") found components: Interpreter 
[1.637s] -- Found ament_lint_auto: 0.12.11 (/opt/ros/humble/share/ament_lint_auto/cmake)
[1.832s] -- Added test 'copyright' to check source files copyright and LICENSE
[1.836s] -- Added test 'flake8' to check Python code syntax and style conventions
[1.837s] -- Added test 'lint_cmake' to check CMake code style
[1.838s] -- Added test 'pep257' to check Python code against some of the docstring style conventions in PEP 257
[1.840s] -- Added test 'xmllint' to check XML markup files
[1.843s] -- Configuring done
[1.849s] -- Generating done
[1.850s] -- Build files have been written to: /home/yuritvr/PFC/wenis_ws/build/irb1200_ros2_moveit2
[1.863s] Invoked command in '/home/yuritvr/PFC/wenis_ws/build/irb1200_ros2_moveit2' returned '0': AMENT_PREFIX_PATH=/home/yuritvr/PFC/wenis_ws/install/ros2_data:${AMENT_PREFIX_PATH} CMAKE_PREFIX_PATH=/home/yuritvr/PFC/wenis_ws/install/ros2_data:/opt/ros/humble LD_LIBRARY_PATH=/home/yuritvr/PFC/wenis_ws/install/ros2_data/lib:/usr/lib/x86_64-linux-gnu/gazebo-11/plugins:/opt/ros/humble/opt/rviz_ogre_vendor/lib:/opt/ros/humble/lib/x86_64-linux-gnu:/opt/ros/humble/lib:/usr/lib/x86_64-linux-gnu/gazebo-11/plugins PYTHONPATH=/home/yuritvr/PFC/wenis_ws/install/ros2_data/local/lib/python3.10/dist-packages:${PYTHONPATH} /usr/bin/cmake /home/yuritvr/PFC/wenis_ws/ros2_RobotSimulation/ABBRobots/IRB1200/irb1200_ros2_moveit2 -DCMAKE_INSTALL_PREFIX=/home/yuritvr/PFC/wenis_ws/install/irb1200_ros2_moveit2
[1.866s] Invoking command in '/home/yuritvr/PFC/wenis_ws/build/irb1200_ros2_moveit2': AMENT_PREFIX_PATH=/home/yuritvr/PFC/wenis_ws/install/ros2_data:${AMENT_PREFIX_PATH} CMAKE_PREFIX_PATH=/home/yuritvr/PFC/wenis_ws/install/ros2_data:/opt/ros/humble LD_LIBRARY_PATH=/home/yuritvr/PFC/wenis_ws/install/ros2_data/lib:/usr/lib/x86_64-linux-gnu/gazebo-11/plugins:/opt/ros/humble/opt/rviz_ogre_vendor/lib:/opt/ros/humble/lib/x86_64-linux-gnu:/opt/ros/humble/lib:/usr/lib/x86_64-linux-gnu/gazebo-11/plugins PYTHONPATH=/home/yuritvr/PFC/wenis_ws/install/ros2_data/local/lib/python3.10/dist-packages:${PYTHONPATH} /usr/bin/cmake --build /home/yuritvr/PFC/wenis_ws/build/irb1200_ros2_moveit2 -- -j8 -l8
[1.966s] Invoked command in '/home/yuritvr/PFC/wenis_ws/build/irb1200_ros2_moveit2' returned '0': AMENT_PREFIX_PATH=/home/yuritvr/PFC/wenis_ws/install/ros2_data:${AMENT_PREFIX_PATH} CMAKE_PREFIX_PATH=/home/yuritvr/PFC/wenis_ws/install/ros2_data:/opt/ros/humble LD_LIBRARY_PATH=/home/yuritvr/PFC/wenis_ws/install/ros2_data/lib:/usr/lib/x86_64-linux-gnu/gazebo-11/plugins:/opt/ros/humble/opt/rviz_ogre_vendor/lib:/opt/ros/humble/lib/x86_64-linux-gnu:/opt/ros/humble/lib:/usr/lib/x86_64-linux-gnu/gazebo-11/plugins PYTHONPATH=/home/yuritvr/PFC/wenis_ws/install/ros2_data/local/lib/python3.10/dist-packages:${PYTHONPATH} /usr/bin/cmake --build /home/yuritvr/PFC/wenis_ws/build/irb1200_ros2_moveit2 -- -j8 -l8
[2.051s] Invoking command in '/home/yuritvr/PFC/wenis_ws/build/irb1200_ros2_moveit2': AMENT_PREFIX_PATH=/home/yuritvr/PFC/wenis_ws/install/ros2_data:${AMENT_PREFIX_PATH} CMAKE_PREFIX_PATH=/home/yuritvr/PFC/wenis_ws/install/ros2_data:/opt/ros/humble LD_LIBRARY_PATH=/home/yuritvr/PFC/wenis_ws/install/ros2_data/lib:/usr/lib/x86_64-linux-gnu/gazebo-11/plugins:/opt/ros/humble/opt/rviz_ogre_vendor/lib:/opt/ros/humble/lib/x86_64-linux-gnu:/opt/ros/humble/lib:/usr/lib/x86_64-linux-gnu/gazebo-11/plugins PYTHONPATH=/home/yuritvr/PFC/wenis_ws/install/ros2_data/local/lib/python3.10/dist-packages:${PYTHONPATH} /usr/bin/cmake --install /home/yuritvr/PFC/wenis_ws/build/irb1200_ros2_moveit2
[2.072s] -- Install configuration: ""
[2.072s] -- Installing: /home/yuritvr/PFC/wenis_ws/install/irb1200_ros2_moveit2/share/irb1200_ros2_moveit2/config
[2.072s] -- Installing: /home/yuritvr/PFC/wenis_ws/install/irb1200_ros2_moveit2/share/irb1200_ros2_moveit2/config/irb1200.srdf
[2.072s] -- Installing: /home/yuritvr/PFC/wenis_ws/install/irb1200_ros2_moveit2/share/irb1200_ros2_moveit2/config/kinematics.yaml
[2.073s] -- Installing: /home/yuritvr/PFC/wenis_ws/install/irb1200_ros2_moveit2/share/irb1200_ros2_moveit2/config/irb1200_controllers.yaml
[2.073s] -- Installing: /home/yuritvr/PFC/wenis_ws/install/irb1200_ros2_moveit2/share/irb1200_ros2_moveit2/config/ompl_planning.yaml
[2.073s] -- Installing: /home/yuritvr/PFC/wenis_ws/install/irb1200_ros2_moveit2/share/irb1200_ros2_moveit2/config/irb1200_moveit2.rviz
[2.073s] -- Installing: /home/yuritvr/PFC/wenis_ws/install/irb1200_ros2_moveit2/share/irb1200_ros2_moveit2/launch
[2.075s] -- Installing: /home/yuritvr/PFC/wenis_ws/install/irb1200_ros2_moveit2/share/irb1200_ros2_moveit2/launch/irb1200_interface.launch.py
[2.076s] -- Installing: /home/yuritvr/PFC/wenis_ws/install/irb1200_ros2_moveit2/share/irb1200_ros2_moveit2/launch/irb1200.launch.py
[2.077s] -- Installing: /home/yuritvr/PFC/wenis_ws/install/irb1200_ros2_moveit2/share/ament_index/resource_index/package_run_dependencies/irb1200_ros2_moveit2
[2.077s] -- Installing: /home/yuritvr/PFC/wenis_ws/install/irb1200_ros2_moveit2/share/ament_index/resource_index/parent_prefix_path/irb1200_ros2_moveit2
[2.077s] -- Installing: /home/yuritvr/PFC/wenis_ws/install/irb1200_ros2_moveit2/share/irb1200_ros2_moveit2/environment/ament_prefix_path.sh
[2.078s] -- Installing: /home/yuritvr/PFC/wenis_ws/install/irb1200_ros2_moveit2/share/irb1200_ros2_moveit2/environment/ament_prefix_path.dsv
[2.078s] -- Installing: /home/yuritvr/PFC/wenis_ws/install/irb1200_ros2_moveit2/share/irb1200_ros2_moveit2/environment/path.sh
[2.079s] -- Installing: /home/yuritvr/PFC/wenis_ws/install/irb1200_ros2_moveit2/share/irb1200_ros2_moveit2/environment/path.dsv
[2.079s] -- Installing: /home/yuritvr/PFC/wenis_ws/install/irb1200_ros2_moveit2/share/irb1200_ros2_moveit2/local_setup.bash
[2.079s] -- Installing: /home/yuritvr/PFC/wenis_ws/install/irb1200_ros2_moveit2/share/irb1200_ros2_moveit2/local_setup.sh
[2.088s] -- Installing: /home/yuritvr/PFC/wenis_ws/install/irb1200_ros2_moveit2/share/irb1200_ros2_moveit2/local_setup.zsh
[2.088s] -- Installing: /home/yuritvr/PFC/wenis_ws/install/irb1200_ros2_moveit2/share/irb1200_ros2_moveit2/local_setup.dsv
[2.090s] -- Installing: /home/yuritvr/PFC/wenis_ws/install/irb1200_ros2_moveit2/share/irb1200_ros2_moveit2/package.dsv
[2.090s] -- Installing: /home/yuritvr/PFC/wenis_ws/install/irb1200_ros2_moveit2/share/ament_index/resource_index/packages/irb1200_ros2_moveit2
[2.090s] -- Installing: /home/yuritvr/PFC/wenis_ws/install/irb1200_ros2_moveit2/share/irb1200_ros2_moveit2/cmake/irb1200_ros2_moveit2Config.cmake
[2.091s] -- Installing: /home/yuritvr/PFC/wenis_ws/install/irb1200_ros2_moveit2/share/irb1200_ros2_moveit2/cmake/irb1200_ros2_moveit2Config-version.cmake
[2.091s] -- Installing: /home/yuritvr/PFC/wenis_ws/install/irb1200_ros2_moveit2/share/irb1200_ros2_moveit2/package.xml
[2.106s] Invoked command in '/home/yuritvr/PFC/wenis_ws/build/irb1200_ros2_moveit2' returned '0': AMENT_PREFIX_PATH=/home/yuritvr/PFC/wenis_ws/install/ros2_data:${AMENT_PREFIX_PATH} CMAKE_PREFIX_PATH=/home/yuritvr/PFC/wenis_ws/install/ros2_data:/opt/ros/humble LD_LIBRARY_PATH=/home/yuritvr/PFC/wenis_ws/install/ros2_data/lib:/usr/lib/x86_64-linux-gnu/gazebo-11/plugins:/opt/ros/humble/opt/rviz_ogre_vendor/lib:/opt/ros/humble/lib/x86_64-linux-gnu:/opt/ros/humble/lib:/usr/lib/x86_64-linux-gnu/gazebo-11/plugins PYTHONPATH=/home/yuritvr/PFC/wenis_ws/install/ros2_data/local/lib/python3.10/dist-packages:${PYTHONPATH} /usr/bin/cmake --install /home/yuritvr/PFC/wenis_ws/build/irb1200_ros2_moveit2
