[0.004s] Invoking command in '/home/yuritvr/PFC/pfc_ws/build/moveit_config': AMENT_PREFIX_PATH=/home/yuritvr/PFC/pfc_ws/install/arm_pkg:${AMENT_PREFIX_PATH} CMAKE_PREFIX_PATH=/home/yuritvr/PFC/pfc_ws/install/arm_pkg:/opt/ros/humble /usr/bin/cmake /home/yuritvr/PFC/pfc_ws/src/arm_pkg_moveit_config -DCMAKE_INSTALL_PREFIX=/home/yuritvr/PFC/pfc_ws/install/moveit_config
[0.032s] -- The C compiler identification is GNU 11.4.0
[0.061s] -- The CXX compiler identification is GNU 11.4.0
[0.065s] -- Detecting C compiler ABI info
[0.101s] -- Detecting C compiler ABI info - done
[0.105s] -- Check for working C compiler: /usr/bin/cc - skipped
[0.105s] -- Detecting C compile features
[0.105s] -- Detecting C compile features - done
[0.107s] -- Detecting CXX compiler ABI info
[0.150s] -- Detecting CXX compiler ABI info - done
[0.153s] -- Check for working CXX compiler: /usr/bin/c++ - skipped
[0.154s] -- Detecting CXX compile features
[0.154s] -- Detecting CXX compile features - done
[0.155s] -- Found ament_cmake: 1.3.9 (/opt/ros/humble/share/ament_cmake/cmake)
[0.236s] -- Found Python3: /usr/bin/python3 (found version "3.10.12") found components: Interpreter 
[0.313s] -- Configuring done
[0.314s] -- Generating done
[0.315s] -- Build files have been written to: /home/yuritvr/PFC/pfc_ws/build/moveit_config
[0.319s] Invoked command in '/home/yuritvr/PFC/pfc_ws/build/moveit_config' returned '0': AMENT_PREFIX_PATH=/home/yuritvr/PFC/pfc_ws/install/arm_pkg:${AMENT_PREFIX_PATH} CMAKE_PREFIX_PATH=/home/yuritvr/PFC/pfc_ws/install/arm_pkg:/opt/ros/humble /usr/bin/cmake /home/yuritvr/PFC/pfc_ws/src/arm_pkg_moveit_config -DCMAKE_INSTALL_PREFIX=/home/yuritvr/PFC/pfc_ws/install/moveit_config
[0.319s] Invoking command in '/home/yuritvr/PFC/pfc_ws/build/moveit_config': AMENT_PREFIX_PATH=/home/yuritvr/PFC/pfc_ws/install/arm_pkg:${AMENT_PREFIX_PATH} CMAKE_PREFIX_PATH=/home/yuritvr/PFC/pfc_ws/install/arm_pkg:/opt/ros/humble /usr/bin/cmake --build /home/yuritvr/PFC/pfc_ws/build/moveit_config -- -j24 -l24
[0.339s] Invoked command in '/home/yuritvr/PFC/pfc_ws/build/moveit_config' returned '0': AMENT_PREFIX_PATH=/home/yuritvr/PFC/pfc_ws/install/arm_pkg:${AMENT_PREFIX_PATH} CMAKE_PREFIX_PATH=/home/yuritvr/PFC/pfc_ws/install/arm_pkg:/opt/ros/humble /usr/bin/cmake --build /home/yuritvr/PFC/pfc_ws/build/moveit_config -- -j24 -l24
[0.350s] Invoking command in '/home/yuritvr/PFC/pfc_ws/build/moveit_config': AMENT_PREFIX_PATH=/home/yuritvr/PFC/pfc_ws/install/arm_pkg:${AMENT_PREFIX_PATH} CMAKE_PREFIX_PATH=/home/yuritvr/PFC/pfc_ws/install/arm_pkg:/opt/ros/humble /usr/bin/cmake --install /home/yuritvr/PFC/pfc_ws/build/moveit_config
[0.354s] -- Install configuration: ""
[0.354s] -- Up-to-date: /home/yuritvr/PFC/pfc_ws/install/moveit_config/share/ament_index/resource_index/package_run_dependencies/moveit_config
[0.354s] -- Up-to-date: /home/yuritvr/PFC/pfc_ws/install/moveit_config/share/ament_index/resource_index/parent_prefix_path/moveit_config
[0.354s] -- Up-to-date: /home/yuritvr/PFC/pfc_ws/install/moveit_config/share/moveit_config/environment/ament_prefix_path.sh
[0.355s] -- Installing: /home/yuritvr/PFC/pfc_ws/install/moveit_config/share/moveit_config/environment/ament_prefix_path.dsv
[0.355s] -- Up-to-date: /home/yuritvr/PFC/pfc_ws/install/moveit_config/share/moveit_config/environment/path.sh
[0.355s] -- Installing: /home/yuritvr/PFC/pfc_ws/install/moveit_config/share/moveit_config/environment/path.dsv
[0.355s] -- Up-to-date: /home/yuritvr/PFC/pfc_ws/install/moveit_config/share/moveit_config/local_setup.bash
[0.355s] -- Up-to-date: /home/yuritvr/PFC/pfc_ws/install/moveit_config/share/moveit_config/local_setup.sh
[0.355s] -- Up-to-date: /home/yuritvr/PFC/pfc_ws/install/moveit_config/share/moveit_config/local_setup.zsh
[0.355s] -- Installing: /home/yuritvr/PFC/pfc_ws/install/moveit_config/share/moveit_config/local_setup.dsv
[0.355s] -- Installing: /home/yuritvr/PFC/pfc_ws/install/moveit_config/share/moveit_config/package.dsv
[0.355s] -- Up-to-date: /home/yuritvr/PFC/pfc_ws/install/moveit_config/share/ament_index/resource_index/packages/moveit_config
[0.355s] -- Up-to-date: /home/yuritvr/PFC/pfc_ws/install/moveit_config/share/moveit_config/cmake/moveit_configConfig.cmake
[0.355s] -- Up-to-date: /home/yuritvr/PFC/pfc_ws/install/moveit_config/share/moveit_config/cmake/moveit_configConfig-version.cmake
[0.356s] -- Up-to-date: /home/yuritvr/PFC/pfc_ws/install/moveit_config/share/moveit_config/package.xml
[0.356s] -- Up-to-date: /home/yuritvr/PFC/pfc_ws/install/moveit_config/share/moveit_config/launch
[0.357s] -- Up-to-date: /home/yuritvr/PFC/pfc_ws/install/moveit_config/share/moveit_config/launch/moveit_rviz.launch.py
[0.357s] -- Up-to-date: /home/yuritvr/PFC/pfc_ws/install/moveit_config/share/moveit_config/launch/spawn_controllers.launch.py
[0.357s] -- Up-to-date: /home/yuritvr/PFC/pfc_ws/install/moveit_config/share/moveit_config/launch/rsp.launch.py
[0.357s] -- Up-to-date: /home/yuritvr/PFC/pfc_ws/install/moveit_config/share/moveit_config/launch/move_group.launch.py
[0.357s] -- Up-to-date: /home/yuritvr/PFC/pfc_ws/install/moveit_config/share/moveit_config/launch/demo.launch.py
[0.357s] -- Up-to-date: /home/yuritvr/PFC/pfc_ws/install/moveit_config/share/moveit_config/launch/setup_assistant.launch.py
[0.357s] -- Up-to-date: /home/yuritvr/PFC/pfc_ws/install/moveit_config/share/moveit_config/launch/static_virtual_joint_tfs.launch.py
[0.357s] -- Up-to-date: /home/yuritvr/PFC/pfc_ws/install/moveit_config/share/moveit_config/launch/warehouse_db.launch.py
[0.357s] -- Up-to-date: /home/yuritvr/PFC/pfc_ws/install/moveit_config/share/moveit_config/config
[0.357s] -- Up-to-date: /home/yuritvr/PFC/pfc_ws/install/moveit_config/share/moveit_config/config/moveit.rviz
[0.357s] -- Up-to-date: /home/yuritvr/PFC/pfc_ws/install/moveit_config/share/moveit_config/config/robot_description.srdf
[0.357s] -- Up-to-date: /home/yuritvr/PFC/pfc_ws/install/moveit_config/share/moveit_config/config/moveit_controllers.yaml
[0.358s] -- Up-to-date: /home/yuritvr/PFC/pfc_ws/install/moveit_config/share/moveit_config/config/initial_positions.yaml
[0.358s] -- Up-to-date: /home/yuritvr/PFC/pfc_ws/install/moveit_config/share/moveit_config/config/pilz_cartesian_limits.yaml
[0.358s] -- Up-to-date: /home/yuritvr/PFC/pfc_ws/install/moveit_config/share/moveit_config/config/sensors_3d.yaml
[0.358s] -- Up-to-date: /home/yuritvr/PFC/pfc_ws/install/moveit_config/share/moveit_config/config/kinematics.yaml
[0.358s] -- Up-to-date: /home/yuritvr/PFC/pfc_ws/install/moveit_config/share/moveit_config/config/robot_description.ros2_control.xacro
[0.358s] -- Up-to-date: /home/yuritvr/PFC/pfc_ws/install/moveit_config/share/moveit_config/config/joint_limits.yaml
[0.358s] -- Up-to-date: /home/yuritvr/PFC/pfc_ws/install/moveit_config/share/moveit_config/config/robot_description.urdf.xacro
[0.358s] -- Up-to-date: /home/yuritvr/PFC/pfc_ws/install/moveit_config/share/moveit_config/.setup_assistant
[0.358s] Invoked command in '/home/yuritvr/PFC/pfc_ws/build/moveit_config' returned '0': AMENT_PREFIX_PATH=/home/yuritvr/PFC/pfc_ws/install/arm_pkg:${AMENT_PREFIX_PATH} CMAKE_PREFIX_PATH=/home/yuritvr/PFC/pfc_ws/install/arm_pkg:/opt/ros/humble /usr/bin/cmake --install /home/yuritvr/PFC/pfc_ws/build/moveit_config
