[0.037s] Invoking command in '/home/yuritvr/PFC/wenis_ws/build/ur5_ros2_gazebo': CMAKE_PREFIX_PATH=/opt/ros/humble /usr/bin/cmake /home/yuritvr/PFC/wenis_ws/src/UniversalRobots/UR5/ur5_ros2_gazebo -DCMAKE_INSTALL_PREFIX=/home/yuritvr/PFC/wenis_ws/install/ur5_ros2_gazebo
[0.228s] -- The C compiler identification is GNU 11.4.0
[0.464s] -- The CXX compiler identification is GNU 11.4.0
[0.493s] -- Detecting C compiler ABI info
[0.695s] -- Detecting C compiler ABI info - done
[0.723s] -- Check for working C compiler: /usr/bin/cc - skipped
[0.724s] -- Detecting C compile features
[0.726s] -- Detecting C compile features - done
[0.733s] -- Detecting CXX compiler ABI info
[0.944s] -- Detecting CXX compiler ABI info - done
[0.964s] -- Check for working CXX compiler: /usr/bin/c++ - skipped
[0.964s] -- Detecting CXX compile features
[0.965s] -- Detecting CXX compile features - done
[0.972s] -- Found ament_cmake: 1.3.9 (/opt/ros/humble/share/ament_cmake/cmake)
[1.250s] -- Found Python3: /usr/bin/python3 (found version "3.10.12") found components: Interpreter 
[1.379s] -- Found ament_lint_auto: 0.12.11 (/opt/ros/humble/share/ament_lint_auto/cmake)
[1.521s] -- Added test 'copyright' to check source files copyright and LICENSE
[1.530s] -- Added test 'flake8' to check Python code syntax and style conventions
[1.531s] -- Added test 'lint_cmake' to check CMake code style
[1.531s] -- Added test 'pep257' to check Python code against some of the docstring style conventions in PEP 257
[1.536s] -- Added test 'xmllint' to check XML markup files
[1.544s] -- Configuring done
[1.548s] -- Generating done
[1.550s] -- Build files have been written to: /home/yuritvr/PFC/wenis_ws/build/ur5_ros2_gazebo
[1.555s] Invoked command in '/home/yuritvr/PFC/wenis_ws/build/ur5_ros2_gazebo' returned '0': CMAKE_PREFIX_PATH=/opt/ros/humble /usr/bin/cmake /home/yuritvr/PFC/wenis_ws/src/UniversalRobots/UR5/ur5_ros2_gazebo -DCMAKE_INSTALL_PREFIX=/home/yuritvr/PFC/wenis_ws/install/ur5_ros2_gazebo
[1.557s] Invoking command in '/home/yuritvr/PFC/wenis_ws/build/ur5_ros2_gazebo': CMAKE_PREFIX_PATH=/opt/ros/humble /usr/bin/cmake --build /home/yuritvr/PFC/wenis_ws/build/ur5_ros2_gazebo -- -j8 -l8
[1.614s] Invoked command in '/home/yuritvr/PFC/wenis_ws/build/ur5_ros2_gazebo' returned '0': CMAKE_PREFIX_PATH=/opt/ros/humble /usr/bin/cmake --build /home/yuritvr/PFC/wenis_ws/build/ur5_ros2_gazebo -- -j8 -l8
[1.650s] Invoking command in '/home/yuritvr/PFC/wenis_ws/build/ur5_ros2_gazebo': CMAKE_PREFIX_PATH=/opt/ros/humble /usr/bin/cmake --install /home/yuritvr/PFC/wenis_ws/build/ur5_ros2_gazebo
[1.669s] -- Install configuration: ""
[1.669s] -- Installing: /home/yuritvr/PFC/wenis_ws/install/ur5_ros2_gazebo/share/ur5_ros2_gazebo/config
[1.670s] -- Installing: /home/yuritvr/PFC/wenis_ws/install/ur5_ros2_gazebo/share/ur5_ros2_gazebo/config/visual_parameters.yaml
[1.670s] -- Installing: /home/yuritvr/PFC/wenis_ws/install/ur5_ros2_gazebo/share/ur5_ros2_gazebo/config/joint_limits.yaml
[1.670s] -- Installing: /home/yuritvr/PFC/wenis_ws/install/ur5_ros2_gazebo/share/ur5_ros2_gazebo/config/default_kinematics.yaml
[1.670s] -- Installing: /home/yuritvr/PFC/wenis_ws/install/ur5_ros2_gazebo/share/ur5_ros2_gazebo/config/ur5_controller.yaml
[1.670s] -- Installing: /home/yuritvr/PFC/wenis_ws/install/ur5_ros2_gazebo/share/ur5_ros2_gazebo/config/physical_parameters.yaml
[1.671s] -- Installing: /home/yuritvr/PFC/wenis_ws/install/ur5_ros2_gazebo/share/ur5_ros2_gazebo/config/initial_positions.yaml
[1.671s] -- Installing: /home/yuritvr/PFC/wenis_ws/install/ur5_ros2_gazebo/share/ur5_ros2_gazebo/launch
[1.671s] -- Installing: /home/yuritvr/PFC/wenis_ws/install/ur5_ros2_gazebo/share/ur5_ros2_gazebo/launch/ur5_simulation.launch.py
[1.671s] -- Installing: /home/yuritvr/PFC/wenis_ws/install/ur5_ros2_gazebo/share/ur5_ros2_gazebo/urdf
[1.672s] -- Installing: /home/yuritvr/PFC/wenis_ws/install/ur5_ros2_gazebo/share/ur5_ros2_gazebo/urdf/ur5_macro.urdf.xacro
[1.672s] -- Installing: /home/yuritvr/PFC/wenis_ws/install/ur5_ros2_gazebo/share/ur5_ros2_gazebo/urdf/ur5.urdf.xacro
[1.672s] -- Installing: /home/yuritvr/PFC/wenis_ws/install/ur5_ros2_gazebo/share/ur5_ros2_gazebo/urdf/ur5_transmission.xacro
[1.672s] -- Installing: /home/yuritvr/PFC/wenis_ws/install/ur5_ros2_gazebo/share/ur5_ros2_gazebo/urdf/ur5_ros2control.xacro
[1.673s] -- Installing: /home/yuritvr/PFC/wenis_ws/install/ur5_ros2_gazebo/share/ur5_ros2_gazebo/urdf/ur5_common.xacro
[1.673s] -- Installing: /home/yuritvr/PFC/wenis_ws/install/ur5_ros2_gazebo/share/ur5_ros2_gazebo/worlds
[1.673s] -- Installing: /home/yuritvr/PFC/wenis_ws/install/ur5_ros2_gazebo/share/ur5_ros2_gazebo/worlds/ur5.world
[1.673s] -- Installing: /home/yuritvr/PFC/wenis_ws/install/ur5_ros2_gazebo/share/ur5_ros2_gazebo/meshes
[1.673s] -- Installing: /home/yuritvr/PFC/wenis_ws/install/ur5_ros2_gazebo/share/ur5_ros2_gazebo/meshes/visual
[1.674s] -- Installing: /home/yuritvr/PFC/wenis_ws/install/ur5_ros2_gazebo/share/ur5_ros2_gazebo/meshes/visual/shoulder.dae
[1.675s] -- Installing: /home/yuritvr/PFC/wenis_ws/install/ur5_ros2_gazebo/share/ur5_ros2_gazebo/meshes/visual/wrist2.dae
[1.677s] -- Installing: /home/yuritvr/PFC/wenis_ws/install/ur5_ros2_gazebo/share/ur5_ros2_gazebo/meshes/visual/wrist3.dae
[1.678s] -- Installing: /home/yuritvr/PFC/wenis_ws/install/ur5_ros2_gazebo/share/ur5_ros2_gazebo/meshes/visual/forearm.dae
[1.680s] -- Installing: /home/yuritvr/PFC/wenis_ws/install/ur5_ros2_gazebo/share/ur5_ros2_gazebo/meshes/visual/base.dae
[1.680s] -- Installing: /home/yuritvr/PFC/wenis_ws/install/ur5_ros2_gazebo/share/ur5_ros2_gazebo/meshes/visual/wrist1.dae
[1.682s] -- Installing: /home/yuritvr/PFC/wenis_ws/install/ur5_ros2_gazebo/share/ur5_ros2_gazebo/meshes/visual/upperarm.dae
[1.689s] -- Installing: /home/yuritvr/PFC/wenis_ws/install/ur5_ros2_gazebo/share/ur5_ros2_gazebo/meshes/collision
[1.689s] -- Installing: /home/yuritvr/PFC/wenis_ws/install/ur5_ros2_gazebo/share/ur5_ros2_gazebo/meshes/collision/wrist1.stl
[1.689s] -- Installing: /home/yuritvr/PFC/wenis_ws/install/ur5_ros2_gazebo/share/ur5_ros2_gazebo/meshes/collision/base.stl
[1.690s] -- Installing: /home/yuritvr/PFC/wenis_ws/install/ur5_ros2_gazebo/share/ur5_ros2_gazebo/meshes/collision/wrist2.stl
[1.690s] -- Installing: /home/yuritvr/PFC/wenis_ws/install/ur5_ros2_gazebo/share/ur5_ros2_gazebo/meshes/collision/forearm.stl
[1.691s] -- Installing: /home/yuritvr/PFC/wenis_ws/install/ur5_ros2_gazebo/share/ur5_ros2_gazebo/meshes/collision/wrist3.stl
[1.691s] -- Installing: /home/yuritvr/PFC/wenis_ws/install/ur5_ros2_gazebo/share/ur5_ros2_gazebo/meshes/collision/upperarm.stl
[1.691s] -- Installing: /home/yuritvr/PFC/wenis_ws/install/ur5_ros2_gazebo/share/ur5_ros2_gazebo/meshes/collision/shoulder.stl
[1.692s] -- Installing: /home/yuritvr/PFC/wenis_ws/install/ur5_ros2_gazebo/share/ament_index/resource_index/package_run_dependencies/ur5_ros2_gazebo
[1.692s] -- Installing: /home/yuritvr/PFC/wenis_ws/install/ur5_ros2_gazebo/share/ament_index/resource_index/parent_prefix_path/ur5_ros2_gazebo
[1.692s] -- Installing: /home/yuritvr/PFC/wenis_ws/install/ur5_ros2_gazebo/share/ur5_ros2_gazebo/environment/ament_prefix_path.sh
[1.692s] -- Installing: /home/yuritvr/PFC/wenis_ws/install/ur5_ros2_gazebo/share/ur5_ros2_gazebo/environment/ament_prefix_path.dsv
[1.693s] -- Installing: /home/yuritvr/PFC/wenis_ws/install/ur5_ros2_gazebo/share/ur5_ros2_gazebo/environment/path.sh
[1.693s] -- Installing: /home/yuritvr/PFC/wenis_ws/install/ur5_ros2_gazebo/share/ur5_ros2_gazebo/environment/path.dsv
[1.693s] -- Installing: /home/yuritvr/PFC/wenis_ws/install/ur5_ros2_gazebo/share/ur5_ros2_gazebo/local_setup.bash
[1.694s] -- Installing: /home/yuritvr/PFC/wenis_ws/install/ur5_ros2_gazebo/share/ur5_ros2_gazebo/local_setup.sh
[1.694s] -- Installing: /home/yuritvr/PFC/wenis_ws/install/ur5_ros2_gazebo/share/ur5_ros2_gazebo/local_setup.zsh
[1.694s] -- Installing: /home/yuritvr/PFC/wenis_ws/install/ur5_ros2_gazebo/share/ur5_ros2_gazebo/local_setup.dsv
[1.694s] -- Installing: /home/yuritvr/PFC/wenis_ws/install/ur5_ros2_gazebo/share/ur5_ros2_gazebo/package.dsv
[1.694s] -- Installing: /home/yuritvr/PFC/wenis_ws/install/ur5_ros2_gazebo/share/ament_index/resource_index/packages/ur5_ros2_gazebo
[1.695s] -- Installing: /home/yuritvr/PFC/wenis_ws/install/ur5_ros2_gazebo/share/ur5_ros2_gazebo/cmake/ur5_ros2_gazeboConfig.cmake
[1.695s] -- Installing: /home/yuritvr/PFC/wenis_ws/install/ur5_ros2_gazebo/share/ur5_ros2_gazebo/cmake/ur5_ros2_gazeboConfig-version.cmake
[1.695s] -- Installing: /home/yuritvr/PFC/wenis_ws/install/ur5_ros2_gazebo/share/ur5_ros2_gazebo/package.xml
[1.701s] Invoked command in '/home/yuritvr/PFC/wenis_ws/build/ur5_ros2_gazebo' returned '0': CMAKE_PREFIX_PATH=/opt/ros/humble /usr/bin/cmake --install /home/yuritvr/PFC/wenis_ws/build/ur5_ros2_gazebo
