[0.019s] Invoking command in '/home/yuritvr/PFC/wenis_ws/build/arm_pkg': CMAKE_PREFIX_PATH=${CMAKE_PREFIX_PATH}:/opt/ros/humble /usr/bin/cmake --build /home/yuritvr/PFC/wenis_ws/build/arm_pkg -- -j24 -l24
[0.034s] -- Found ament_cmake: 1.3.9 (/opt/ros/humble/share/ament_cmake/cmake)
[0.110s] -- Found urdf: 2.6.0 (/opt/ros/humble/share/urdf/cmake)
[0.129s] -- Found xacro: 2.0.8 (/opt/ros/humble/share/xacro/cmake)
[0.130s] -- Found ros2_control: 2.41.0 (/opt/ros/humble/share/ros2_control/cmake)
[0.131s] -- Found gazebo_ros2_control: 0.4.9 (/opt/ros/humble/share/gazebo_ros2_control/cmake)
[0.143s] -- Found rosidl_generator_c: 3.1.5 (/opt/ros/humble/share/rosidl_generator_c/cmake)
[0.145s] -- Found rosidl_adapter: 3.1.5 (/opt/ros/humble/share/rosidl_adapter/cmake)
[0.148s] -- Found rosidl_generator_cpp: 3.1.5 (/opt/ros/humble/share/rosidl_generator_cpp/cmake)
[0.154s] -- Using all available rosidl_typesupport_c: rosidl_typesupport_fastrtps_c;rosidl_typesupport_introspection_c
[0.162s] -- Using all available rosidl_typesupport_cpp: rosidl_typesupport_fastrtps_cpp;rosidl_typesupport_introspection_cpp
[0.472s] -- Found rmw_implementation_cmake: 6.1.2 (/opt/ros/humble/share/rmw_implementation_cmake/cmake)
[0.473s] -- Found rmw_fastrtps_cpp: 6.2.6 (/opt/ros/humble/share/rmw_fastrtps_cpp/cmake)
[0.488s] -- Found TinyXML2 via Config file: TinyXML2_DIR-NOTFOUND
[0.493s] -- Found TinyXML2 via Config file: TinyXML2_DIR-NOTFOUND
[0.505s] -- Found TinyXML2 via Config file: TinyXML2_DIR-NOTFOUND
[0.509s] -- Found TinyXML2 via Config file: TinyXML2_DIR-NOTFOUND
[0.514s] -- Using RMW implementation 'rmw_fastrtps_cpp' as default
[0.961s] -- Found DART: /usr/include (Required is at least version "6.6") found components: dart 
[0.974s] -- Found Protobuf: /usr/lib/x86_64-linux-gnu/libprotobuf.so (found version "3.12.4") 
[0.976s] -- Looking for ignition-math6 -- found version 6.15.1
[0.978s] -- Searching for dependencies of ignition-math6
[0.979s] -- Looking for OGRE...
[0.982s] -- Found Ogre Ghadamon (1.9.0)
[0.982s] -- Found OGRE: optimized;/usr/lib/x86_64-linux-gnu/libOgreMain.so;debug;/usr/lib/x86_64-linux-gnu/libOgreMain.so
[0.987s] -- Looking for OGRE_Paging...
[0.987s] -- Found OGRE_Paging: optimized;/usr/lib/x86_64-linux-gnu/libOgrePaging.so;debug;/usr/lib/x86_64-linux-gnu/libOgrePaging.so
[0.987s] -- Looking for OGRE_Terrain...
[0.987s] -- Found OGRE_Terrain: optimized;/usr/lib/x86_64-linux-gnu/libOgreTerrain.so;debug;/usr/lib/x86_64-linux-gnu/libOgreTerrain.so
[0.987s] -- Looking for OGRE_Property...
[0.987s] -- Found OGRE_Property: optimized;/usr/lib/x86_64-linux-gnu/libOgreProperty.so;debug;/usr/lib/x86_64-linux-gnu/libOgreProperty.so
[0.987s] -- Looking for OGRE_RTShaderSystem...
[0.987s] -- Found OGRE_RTShaderSystem: optimized;/usr/lib/x86_64-linux-gnu/libOgreRTShaderSystem.so;debug;/usr/lib/x86_64-linux-gnu/libOgreRTShaderSystem.so
[0.987s] -- Looking for OGRE_Volume...
[0.987s] -- Found OGRE_Volume: optimized;/usr/lib/x86_64-linux-gnu/libOgreVolume.so;debug;/usr/lib/x86_64-linux-gnu/libOgreVolume.so
[0.987s] -- Looking for OGRE_Overlay...
[0.987s] -- Found OGRE_Overlay: optimized;/usr/lib/x86_64-linux-gnu/libOgreOverlay.so;debug;/usr/lib/x86_64-linux-gnu/libOgreOverlay.so
[1.039s] -- Looking for ignition-math6 -- found version 6.15.1
[1.039s] -- Looking for ignition-transport8 -- found version 8.2.1
[1.039s] -- Searching for dependencies of ignition-transport8
[1.048s] -- Found Protobuf: /usr/lib/x86_64-linux-gnu/libprotobuf.so (found suitable version "3.12.4", minimum required is "3") 
[1.053s] -- Config-file not installed for ZeroMQ -- checking for pkg-config
[1.055s] -- Checking for module 'libzmq >= 4'
[1.062s] --   Found libzmq , version 4.3.4
[1.082s] -- Checking for module 'uuid'
[1.088s] --   Found uuid, version 2.37.2
[1.108s] -- Looking for ignition-msgs5 -- found version 5.8.1
[1.109s] -- Searching for dependencies of ignition-msgs5
[1.127s] -- Looking for ignition-math6 -- found version 6.15.1
[1.135s] -- Looking for ignition-msgs5 -- found version 5.8.1
[1.135s] -- Looking for ignition-common3 -- found version 3.14.0
[1.135s] -- Searching for dependencies of ignition-common3
[1.135s] -- Looking for dlfcn.h - found
[1.135s] -- Looking for libdl - found
[1.142s] -- Searching for <ignition-common3> component [graphics]
[1.142s] -- Looking for ignition-common3-graphics -- found version 3.14.0
[1.142s] -- Searching for dependencies of ignition-common3-graphics
[1.142s] -- Looking for ignition-math6 -- found version 6.15.1
[1.143s] -- Looking for ignition-fuel_tools4 -- found version 4.4.0
[1.143s] -- Searching for dependencies of ignition-fuel_tools4
[1.161s] -- Checking for module 'jsoncpp'
[1.168s] --   Found jsoncpp, version 1.9.5
[1.186s] -- Checking for module 'libzip'
[1.193s] --   Found libzip, version 1.7.3
[1.223s] -- Looking for ignition-common3 -- found version 3.14.0
[1.223s] -- Looking for ignition-math6 -- found version 6.15.1
[1.224s] -- Looking for ignition-msgs5 -- found version 5.8.1
[1.227s] -- Gazebo version: 11.10
[1.336s] -- Found joint_state_broadcaster: 2.35.0 (/opt/ros/humble/share/joint_state_broadcaster/cmake)
[1.391s] -- Found parameter_traits: 0.3.8 (/opt/ros/humble/share/parameter_traits/cmake)
[1.407s] -- Found joint_trajectory_controller: 2.35.0 (/opt/ros/humble/share/joint_trajectory_controller/cmake)
[1.659s] -- Found velocity_controllers: 2.35.0 (/opt/ros/humble/share/velocity_controllers/cmake)
[1.855s] -- Found ament_lint_auto: 0.12.11 (/opt/ros/humble/share/ament_lint_auto/cmake)
[1.889s] -- Added test 'copyright' to check source files copyright and LICENSE
[1.890s] -- Added test 'flake8' to check Python code syntax and style conventions
[1.891s] -- Added test 'lint_cmake' to check CMake code style
[1.891s] -- Added test 'pep257' to check Python code against some of the docstring style conventions in PEP 257
[1.892s] -- Added test 'xmllint' to check XML markup files
[1.892s] -- Configuring done
[1.895s] -- Generating done
[1.896s] -- Build files have been written to: /home/yuritvr/PFC/wenis_ws/build/arm_pkg
[1.912s] Invoked command in '/home/yuritvr/PFC/wenis_ws/build/arm_pkg' returned '0': CMAKE_PREFIX_PATH=${CMAKE_PREFIX_PATH}:/opt/ros/humble /usr/bin/cmake --build /home/yuritvr/PFC/wenis_ws/build/arm_pkg -- -j24 -l24
[1.934s] Invoking command in '/home/yuritvr/PFC/wenis_ws/build/arm_pkg': CMAKE_PREFIX_PATH=${CMAKE_PREFIX_PATH}:/opt/ros/humble /usr/bin/cmake --install /home/yuritvr/PFC/wenis_ws/build/arm_pkg
[1.941s] -- Install configuration: ""
[1.941s] -- Up-to-date: /home/yuritvr/PFC/wenis_ws/install/arm_pkg/share/arm_pkg//urdf
[1.941s] -- Up-to-date: /home/yuritvr/PFC/wenis_ws/install/arm_pkg/share/arm_pkg//urdf/a0912.urdf.xacro
[1.941s] -- Up-to-date: /home/yuritvr/PFC/wenis_ws/install/arm_pkg/share/arm_pkg//urdf/macro.transmission.xacro
[1.941s] -- Up-to-date: /home/yuritvr/PFC/wenis_ws/install/arm_pkg/share/arm_pkg//urdf/macro.internal_config.xacro
[1.941s] -- Up-to-date: /home/yuritvr/PFC/wenis_ws/install/arm_pkg/share/arm_pkg//urdf/macro.m1013.white.xacro
[1.941s] -- Up-to-date: /home/yuritvr/PFC/wenis_ws/install/arm_pkg/share/arm_pkg//urdf/m1013.white.urdf
[1.941s] -- Up-to-date: /home/yuritvr/PFC/wenis_ws/install/arm_pkg/share/arm_pkg//urdf/manipulator.xacro
[1.941s] -- Up-to-date: /home/yuritvr/PFC/wenis_ws/install/arm_pkg/share/arm_pkg//urdf/macro.bumper_config.xacro
[1.941s] -- Up-to-date: /home/yuritvr/PFC/wenis_ws/install/arm_pkg/share/arm_pkg//urdf/a0912.blue.urdf
[1.941s] -- Up-to-date: /home/yuritvr/PFC/wenis_ws/install/arm_pkg/share/arm_pkg//urdf/m1013.urdf.xacro
[1.941s] -- Up-to-date: /home/yuritvr/PFC/wenis_ws/install/arm_pkg/share/arm_pkg//urdf/macro.gazebo_config_control.xacro
[1.941s] -- Up-to-date: /home/yuritvr/PFC/wenis_ws/install/arm_pkg/share/arm_pkg//urdf/macro.a0912.blue.xacro
[1.942s] -- Up-to-date: /home/yuritvr/PFC/wenis_ws/install/arm_pkg/share/arm_pkg//urdf/depth_camera.xacro
[1.942s] -- Up-to-date: /home/yuritvr/PFC/wenis_ws/install/arm_pkg/share/arm_pkg//launch
[1.942s] -- Up-to-date: /home/yuritvr/PFC/wenis_ws/install/arm_pkg/share/arm_pkg//launch/start_world.launch.py
[1.942s] -- Up-to-date: /home/yuritvr/PFC/wenis_ws/install/arm_pkg/share/arm_pkg//launch/spawn_gazebo.launch.py
[1.942s] -- Up-to-date: /home/yuritvr/PFC/wenis_ws/install/arm_pkg/share/arm_pkg//launch/main_arm.launch.py
[1.942s] -- Up-to-date: /home/yuritvr/PFC/wenis_ws/install/arm_pkg/share/arm_pkg//launch/start_moveit.launch.py
[1.942s] -- Up-to-date: /home/yuritvr/PFC/wenis_ws/install/arm_pkg/share/arm_pkg//launch/start_controller.launch.py
[1.942s] -- Up-to-date: /home/yuritvr/PFC/wenis_ws/install/arm_pkg/share/arm_pkg//meshes
[1.942s] -- Up-to-date: /home/yuritvr/PFC/wenis_ws/install/arm_pkg/share/arm_pkg//meshes/a0912_blue
[1.942s] -- Up-to-date: /home/yuritvr/PFC/wenis_ws/install/arm_pkg/share/arm_pkg//meshes/a0912_blue/A0912_4_0.dae
[1.942s] -- Up-to-date: /home/yuritvr/PFC/wenis_ws/install/arm_pkg/share/arm_pkg//meshes/a0912_blue/A0912_5_1.dae
[1.942s] -- Up-to-date: /home/yuritvr/PFC/wenis_ws/install/arm_pkg/share/arm_pkg//meshes/a0912_blue/A0912_0_0.dae
[1.942s] -- Up-to-date: /home/yuritvr/PFC/wenis_ws/install/arm_pkg/share/arm_pkg//meshes/a0912_blue/A0912_4_1.dae
[1.942s] -- Up-to-date: /home/yuritvr/PFC/wenis_ws/install/arm_pkg/share/arm_pkg//meshes/a0912_blue/A0912_1_1.dae
[1.942s] -- Up-to-date: /home/yuritvr/PFC/wenis_ws/install/arm_pkg/share/arm_pkg//meshes/a0912_blue/A0912_6_0.dae
[1.942s] -- Up-to-date: /home/yuritvr/PFC/wenis_ws/install/arm_pkg/share/arm_pkg//meshes/a0912_blue/A0912_5_0.dae
[1.942s] -- Up-to-date: /home/yuritvr/PFC/wenis_ws/install/arm_pkg/share/arm_pkg//meshes/a0912_blue/A0912_2_1.dae
[1.942s] -- Up-to-date: /home/yuritvr/PFC/wenis_ws/install/arm_pkg/share/arm_pkg//meshes/a0912_blue/A0912_1_0.dae
[1.942s] -- Up-to-date: /home/yuritvr/PFC/wenis_ws/install/arm_pkg/share/arm_pkg//meshes/a0912_blue/A0912_1_2.dae
[1.942s] -- Up-to-date: /home/yuritvr/PFC/wenis_ws/install/arm_pkg/share/arm_pkg//meshes/a0912_blue/A0912_2_0.dae
[1.942s] -- Up-to-date: /home/yuritvr/PFC/wenis_ws/install/arm_pkg/share/arm_pkg//meshes/a0912_blue/A0912_2_2.dae
[1.942s] -- Up-to-date: /home/yuritvr/PFC/wenis_ws/install/arm_pkg/share/arm_pkg//meshes/a0912_blue/A0912_3_1.dae
[1.943s] -- Up-to-date: /home/yuritvr/PFC/wenis_ws/install/arm_pkg/share/arm_pkg//meshes/a0912_blue/A0912_3_0.dae
[1.943s] -- Up-to-date: /home/yuritvr/PFC/wenis_ws/install/arm_pkg/share/arm_pkg//meshes/m1013_white
[1.943s] -- Up-to-date: /home/yuritvr/PFC/wenis_ws/install/arm_pkg/share/arm_pkg//meshes/m1013_white/MF1013_2_1.dae
[1.943s] -- Up-to-date: /home/yuritvr/PFC/wenis_ws/install/arm_pkg/share/arm_pkg//meshes/m1013_white/MF1013_2_2.dae
[1.943s] -- Up-to-date: /home/yuritvr/PFC/wenis_ws/install/arm_pkg/share/arm_pkg//meshes/m1013_white/MF1013_3_0.dae
[1.943s] -- Up-to-date: /home/yuritvr/PFC/wenis_ws/install/arm_pkg/share/arm_pkg//meshes/m1013_white/MF1013_2_0.dae
[1.943s] -- Up-to-date: /home/yuritvr/PFC/wenis_ws/install/arm_pkg/share/arm_pkg//meshes/m1013_white/MF1013_5_0.dae
[1.943s] -- Up-to-date: /home/yuritvr/PFC/wenis_ws/install/arm_pkg/share/arm_pkg//meshes/m1013_white/MF1013_4_1.dae
[1.943s] -- Up-to-date: /home/yuritvr/PFC/wenis_ws/install/arm_pkg/share/arm_pkg//meshes/m1013_white/MF1013_4_0.dae
[1.943s] -- Up-to-date: /home/yuritvr/PFC/wenis_ws/install/arm_pkg/share/arm_pkg//meshes/m1013_white/MF1013_1_0.dae
[1.943s] -- Up-to-date: /home/yuritvr/PFC/wenis_ws/install/arm_pkg/share/arm_pkg//meshes/m1013_white/MF1013_0_0.dae
[1.943s] -- Up-to-date: /home/yuritvr/PFC/wenis_ws/install/arm_pkg/share/arm_pkg//meshes/m1013_white/MF1013_6_0.dae
[1.943s] -- Up-to-date: /home/yuritvr/PFC/wenis_ws/install/arm_pkg/share/arm_pkg//config
[1.943s] -- Up-to-date: /home/yuritvr/PFC/wenis_ws/install/arm_pkg/share/arm_pkg//config/simple_controller.yaml
[1.943s] -- Up-to-date: /home/yuritvr/PFC/wenis_ws/install/arm_pkg/share/ament_index/resource_index/package_run_dependencies/arm_pkg
[1.943s] -- Installing: /home/yuritvr/PFC/wenis_ws/install/arm_pkg/share/ament_index/resource_index/parent_prefix_path/arm_pkg
[1.943s] -- Up-to-date: /home/yuritvr/PFC/wenis_ws/install/arm_pkg/share/arm_pkg/environment/ament_prefix_path.sh
[1.943s] -- Installing: /home/yuritvr/PFC/wenis_ws/install/arm_pkg/share/arm_pkg/environment/ament_prefix_path.dsv
[1.943s] -- Up-to-date: /home/yuritvr/PFC/wenis_ws/install/arm_pkg/share/arm_pkg/environment/path.sh
[1.943s] -- Installing: /home/yuritvr/PFC/wenis_ws/install/arm_pkg/share/arm_pkg/environment/path.dsv
[1.943s] -- Up-to-date: /home/yuritvr/PFC/wenis_ws/install/arm_pkg/share/arm_pkg/local_setup.bash
[1.943s] -- Up-to-date: /home/yuritvr/PFC/wenis_ws/install/arm_pkg/share/arm_pkg/local_setup.sh
[1.943s] -- Up-to-date: /home/yuritvr/PFC/wenis_ws/install/arm_pkg/share/arm_pkg/local_setup.zsh
[1.943s] -- Installing: /home/yuritvr/PFC/wenis_ws/install/arm_pkg/share/arm_pkg/local_setup.dsv
[1.943s] -- Installing: /home/yuritvr/PFC/wenis_ws/install/arm_pkg/share/arm_pkg/package.dsv
[1.943s] -- Up-to-date: /home/yuritvr/PFC/wenis_ws/install/arm_pkg/share/ament_index/resource_index/packages/arm_pkg
[1.943s] -- Up-to-date: /home/yuritvr/PFC/wenis_ws/install/arm_pkg/share/arm_pkg/cmake/arm_pkgConfig.cmake
[1.944s] -- Up-to-date: /home/yuritvr/PFC/wenis_ws/install/arm_pkg/share/arm_pkg/cmake/arm_pkgConfig-version.cmake
[1.944s] -- Up-to-date: /home/yuritvr/PFC/wenis_ws/install/arm_pkg/share/arm_pkg/package.xml
[1.944s] Invoked command in '/home/yuritvr/PFC/wenis_ws/build/arm_pkg' returned '0': CMAKE_PREFIX_PATH=${CMAKE_PREFIX_PATH}:/opt/ros/humble /usr/bin/cmake --install /home/yuritvr/PFC/wenis_ws/build/arm_pkg
