[0.011s] Invoking command in '/home/yuritvr/PFC/pfc_ws/build/pfcbot': CMAKE_PREFIX_PATH=/opt/ros/humble /usr/bin/cmake --build /home/yuritvr/PFC/pfc_ws/build/pfcbot -- -j24 -l24
[0.060s] -- Found ament_cmake: 1.3.9 (/opt/ros/humble/share/ament_cmake/cmake)
[0.140s] -- Found urdf: 2.6.0 (/opt/ros/humble/share/urdf/cmake)
[0.163s] -- Found xacro: 2.0.8 (/opt/ros/humble/share/xacro/cmake)
[0.163s] -- Found ros2_control: 2.41.0 (/opt/ros/humble/share/ros2_control/cmake)
[0.164s] -- Found gazebo_ros2_control: 0.4.9 (/opt/ros/humble/share/gazebo_ros2_control/cmake)
[0.185s] -- Found rosidl_generator_c: 3.1.5 (/opt/ros/humble/share/rosidl_generator_c/cmake)
[0.187s] -- Found rosidl_adapter: 3.1.5 (/opt/ros/humble/share/rosidl_adapter/cmake)
[0.192s] -- Found rosidl_generator_cpp: 3.1.5 (/opt/ros/humble/share/rosidl_generator_cpp/cmake)
[0.200s] -- Using all available rosidl_typesupport_c: rosidl_typesupport_fastrtps_c;rosidl_typesupport_introspection_c
[0.209s] -- Using all available rosidl_typesupport_cpp: rosidl_typesupport_fastrtps_cpp;rosidl_typesupport_introspection_cpp
[0.563s] -- Found rmw_implementation_cmake: 6.1.2 (/opt/ros/humble/share/rmw_implementation_cmake/cmake)
[0.564s] -- Found rmw_fastrtps_cpp: 6.2.6 (/opt/ros/humble/share/rmw_fastrtps_cpp/cmake)
[0.580s] -- Found TinyXML2 via Config file: TinyXML2_DIR-NOTFOUND
[0.585s] -- Found TinyXML2 via Config file: TinyXML2_DIR-NOTFOUND
[0.597s] -- Found TinyXML2 via Config file: TinyXML2_DIR-NOTFOUND
[0.602s] -- Found TinyXML2 via Config file: TinyXML2_DIR-NOTFOUND
[0.607s] -- Using RMW implementation 'rmw_fastrtps_cpp' as default
[1.094s] -- Found DART: /usr/include (Required is at least version "6.6") found components: dart 
[1.115s] -- Found Protobuf: /usr/lib/x86_64-linux-gnu/libprotobuf.so (found version "3.12.4") 
[1.116s] -- Looking for ignition-math6 -- found version 6.15.1
[1.120s] -- Searching for dependencies of ignition-math6
[1.122s] -- Looking for OGRE...
[1.126s] -- Found Ogre Ghadamon (1.9.0)
[1.126s] -- Found OGRE: optimized;/usr/lib/x86_64-linux-gnu/libOgreMain.so;debug;/usr/lib/x86_64-linux-gnu/libOgreMain.so
[1.132s] -- Looking for OGRE_Paging...
[1.132s] -- Found OGRE_Paging: optimized;/usr/lib/x86_64-linux-gnu/libOgrePaging.so;debug;/usr/lib/x86_64-linux-gnu/libOgrePaging.so
[1.132s] -- Looking for OGRE_Terrain...
[1.133s] -- Found OGRE_Terrain: optimized;/usr/lib/x86_64-linux-gnu/libOgreTerrain.so;debug;/usr/lib/x86_64-linux-gnu/libOgreTerrain.so
[1.133s] -- Looking for OGRE_Property...
[1.133s] -- Found OGRE_Property: optimized;/usr/lib/x86_64-linux-gnu/libOgreProperty.so;debug;/usr/lib/x86_64-linux-gnu/libOgreProperty.so
[1.133s] -- Looking for OGRE_RTShaderSystem...
[1.133s] -- Found OGRE_RTShaderSystem: optimized;/usr/lib/x86_64-linux-gnu/libOgreRTShaderSystem.so;debug;/usr/lib/x86_64-linux-gnu/libOgreRTShaderSystem.so
[1.133s] -- Looking for OGRE_Volume...
[1.133s] -- Found OGRE_Volume: optimized;/usr/lib/x86_64-linux-gnu/libOgreVolume.so;debug;/usr/lib/x86_64-linux-gnu/libOgreVolume.so
[1.133s] -- Looking for OGRE_Overlay...
[1.133s] -- Found OGRE_Overlay: optimized;/usr/lib/x86_64-linux-gnu/libOgreOverlay.so;debug;/usr/lib/x86_64-linux-gnu/libOgreOverlay.so
[1.179s] -- Looking for ignition-math6 -- found version 6.15.1
[1.179s] -- Looking for ignition-transport8 -- found version 8.2.1
[1.179s] -- Searching for dependencies of ignition-transport8
[1.187s] -- Found Protobuf: /usr/lib/x86_64-linux-gnu/libprotobuf.so (found suitable version "3.12.4", minimum required is "3") 
[1.192s] -- Config-file not installed for ZeroMQ -- checking for pkg-config
[1.195s] -- Checking for module 'libzmq >= 4'
[1.203s] --   Found libzmq , version 4.3.4
[1.223s] -- Checking for module 'uuid'
[1.230s] --   Found uuid, version 2.37.2
[1.247s] -- Looking for ignition-msgs5 -- found version 5.8.1
[1.247s] -- Searching for dependencies of ignition-msgs5
[1.256s] -- Looking for ignition-math6 -- found version 6.15.1
[1.261s] -- Looking for ignition-msgs5 -- found version 5.8.1
[1.261s] -- Looking for ignition-common3 -- found version 3.14.0
[1.261s] -- Searching for dependencies of ignition-common3
[1.261s] -- Looking for dlfcn.h - found
[1.262s] -- Looking for libdl - found
[1.268s] -- Searching for <ignition-common3> component [graphics]
[1.269s] -- Looking for ignition-common3-graphics -- found version 3.14.0
[1.269s] -- Searching for dependencies of ignition-common3-graphics
[1.269s] -- Looking for ignition-math6 -- found version 6.15.1
[1.270s] -- Looking for ignition-fuel_tools4 -- found version 4.4.0
[1.270s] -- Searching for dependencies of ignition-fuel_tools4
[1.289s] -- Checking for module 'jsoncpp'
[1.296s] --   Found jsoncpp, version 1.9.5
[1.315s] -- Checking for module 'libzip'
[1.321s] --   Found libzip, version 1.7.3
[1.338s] -- Looking for ignition-common3 -- found version 3.14.0
[1.338s] -- Looking for ignition-math6 -- found version 6.15.1
[1.339s] -- Looking for ignition-msgs5 -- found version 5.8.1
[1.340s] -- Gazebo version: 11.10
[1.454s] -- Found joint_state_broadcaster: 2.35.0 (/opt/ros/humble/share/joint_state_broadcaster/cmake)
[1.513s] -- Found parameter_traits: 0.3.8 (/opt/ros/humble/share/parameter_traits/cmake)
[1.531s] -- Found joint_trajectory_controller: 2.35.0 (/opt/ros/humble/share/joint_trajectory_controller/cmake)
[1.803s] -- Found velocity_controllers: 2.35.0 (/opt/ros/humble/share/velocity_controllers/cmake)
[2.013s] -- Found ament_lint_auto: 0.12.11 (/opt/ros/humble/share/ament_lint_auto/cmake)
[2.056s] -- Added test 'copyright' to check source files copyright and LICENSE
[2.057s] -- Added test 'flake8' to check Python code syntax and style conventions
[2.057s] -- Added test 'lint_cmake' to check CMake code style
[2.058s] -- Added test 'pep257' to check Python code against some of the docstring style conventions in PEP 257
[2.058s] -- Added test 'xmllint' to check XML markup files
[2.059s] -- Configuring done
[2.063s] -- Generating done
[2.064s] -- Build files have been written to: /home/yuritvr/PFC/pfc_ws/build/pfcbot
[2.083s] Invoked command in '/home/yuritvr/PFC/pfc_ws/build/pfcbot' returned '0': CMAKE_PREFIX_PATH=/opt/ros/humble /usr/bin/cmake --build /home/yuritvr/PFC/pfc_ws/build/pfcbot -- -j24 -l24
[2.094s] Invoking command in '/home/yuritvr/PFC/pfc_ws/build/pfcbot': CMAKE_PREFIX_PATH=/opt/ros/humble /usr/bin/cmake --install /home/yuritvr/PFC/pfc_ws/build/pfcbot
[2.098s] -- Install configuration: ""
[2.098s] -- Up-to-date: /home/yuritvr/PFC/pfc_ws/install/pfcbot/share/pfcbot//urdf
[2.098s] -- Up-to-date: /home/yuritvr/PFC/pfc_ws/install/pfcbot/share/pfcbot//urdf/materials.xacro
[2.098s] -- Installing: /home/yuritvr/PFC/pfc_ws/install/pfcbot/share/pfcbot//urdf/pfcbot.xacro
[2.098s] -- Up-to-date: /home/yuritvr/PFC/pfc_ws/install/pfcbot/share/pfcbot//urdf/platform.xacro
[2.098s] -- Up-to-date: /home/yuritvr/PFC/pfc_ws/install/pfcbot/share/pfcbot//urdf/pfcbot.gazebo
[2.098s] -- Up-to-date: /home/yuritvr/PFC/pfc_ws/install/pfcbot/share/pfcbot//launch
[2.098s] -- Up-to-date: /home/yuritvr/PFC/pfc_ws/install/pfcbot/share/pfcbot//launch/spawn_platform.launch.py
[2.098s] -- Up-to-date: /home/yuritvr/PFC/pfc_ws/install/pfcbot/share/pfcbot//launch/__pycache__
[2.098s] -- Up-to-date: /home/yuritvr/PFC/pfc_ws/install/pfcbot/share/pfcbot//launch/__pycache__/pfcbot.launch.cpython-310.pyc
[2.099s] -- Up-to-date: /home/yuritvr/PFC/pfc_ws/install/pfcbot/share/pfcbot//launch/pfcbot.launch.py
[2.099s] -- Up-to-date: /home/yuritvr/PFC/pfc_ws/install/pfcbot/share/pfcbot//launch/start_world.launch.py
[2.099s] -- Up-to-date: /home/yuritvr/PFC/pfc_ws/install/pfcbot/share/pfcbot//launch/robot_gazebo_view.launch
[2.099s] -- Up-to-date: /home/yuritvr/PFC/pfc_ws/install/pfcbot/share/pfcbot//launch/platform.launch.py
[2.099s] -- Up-to-date: /home/yuritvr/PFC/pfc_ws/install/pfcbot/share/pfcbot//launch/start_moveit.launch.py
[2.099s] -- Up-to-date: /home/yuritvr/PFC/pfc_ws/install/pfcbot/share/pfcbot//launch/start_controller.launch.py
[2.099s] -- Up-to-date: /home/yuritvr/PFC/pfc_ws/install/pfcbot/share/pfcbot//launch/spawn_pfcbot.launch.py
[2.099s] -- Up-to-date: /home/yuritvr/PFC/pfc_ws/install/pfcbot/share/pfcbot//config
[2.099s] -- Up-to-date: /home/yuritvr/PFC/pfc_ws/install/pfcbot/share/pfcbot//config/simple_controller.yaml
[2.099s] -- Up-to-date: /home/yuritvr/PFC/pfc_ws/install/pfcbot/share/ament_index/resource_index/package_run_dependencies/pfcbot
[2.099s] -- Up-to-date: /home/yuritvr/PFC/pfc_ws/install/pfcbot/share/ament_index/resource_index/parent_prefix_path/pfcbot
[2.099s] -- Up-to-date: /home/yuritvr/PFC/pfc_ws/install/pfcbot/share/pfcbot/environment/ament_prefix_path.sh
[2.099s] -- Installing: /home/yuritvr/PFC/pfc_ws/install/pfcbot/share/pfcbot/environment/ament_prefix_path.dsv
[2.099s] -- Up-to-date: /home/yuritvr/PFC/pfc_ws/install/pfcbot/share/pfcbot/environment/path.sh
[2.099s] -- Installing: /home/yuritvr/PFC/pfc_ws/install/pfcbot/share/pfcbot/environment/path.dsv
[2.099s] -- Up-to-date: /home/yuritvr/PFC/pfc_ws/install/pfcbot/share/pfcbot/local_setup.bash
[2.099s] -- Up-to-date: /home/yuritvr/PFC/pfc_ws/install/pfcbot/share/pfcbot/local_setup.sh
[2.099s] -- Up-to-date: /home/yuritvr/PFC/pfc_ws/install/pfcbot/share/pfcbot/local_setup.zsh
[2.099s] -- Installing: /home/yuritvr/PFC/pfc_ws/install/pfcbot/share/pfcbot/local_setup.dsv
[2.099s] -- Installing: /home/yuritvr/PFC/pfc_ws/install/pfcbot/share/pfcbot/package.dsv
[2.099s] -- Up-to-date: /home/yuritvr/PFC/pfc_ws/install/pfcbot/share/ament_index/resource_index/packages/pfcbot
[2.099s] -- Up-to-date: /home/yuritvr/PFC/pfc_ws/install/pfcbot/share/pfcbot/cmake/pfcbotConfig.cmake
[2.100s] -- Up-to-date: /home/yuritvr/PFC/pfc_ws/install/pfcbot/share/pfcbot/cmake/pfcbotConfig-version.cmake
[2.100s] -- Up-to-date: /home/yuritvr/PFC/pfc_ws/install/pfcbot/share/pfcbot/package.xml
[2.102s] Invoked command in '/home/yuritvr/PFC/pfc_ws/build/pfcbot' returned '0': CMAKE_PREFIX_PATH=/opt/ros/humble /usr/bin/cmake --install /home/yuritvr/PFC/pfc_ws/build/pfcbot
