[0.104s] Invoking command in '/home/yuritvr/PFC/wenis_ws/build/ur5_ros2_gazebo': CMAKE_PREFIX_PATH=${CMAKE_PREFIX_PATH}:/home/yuritvr/PFC/wenis_ws/install/robotiq_85_driver:/opt/ros/humble /usr/bin/cmake --build /home/yuritvr/PFC/wenis_ws/build/ur5_ros2_gazebo -- -j8 -l8
[0.212s] Invoked command in '/home/yuritvr/PFC/wenis_ws/build/ur5_ros2_gazebo' returned '0': CMAKE_PREFIX_PATH=${CMAKE_PREFIX_PATH}:/home/yuritvr/PFC/wenis_ws/install/robotiq_85_driver:/opt/ros/humble /usr/bin/cmake --build /home/yuritvr/PFC/wenis_ws/build/ur5_ros2_gazebo -- -j8 -l8
[0.277s] Invoking command in '/home/yuritvr/PFC/wenis_ws/build/ur5_ros2_gazebo': CMAKE_PREFIX_PATH=${CMAKE_PREFIX_PATH}:/home/yuritvr/PFC/wenis_ws/install/robotiq_85_driver:/opt/ros/humble /usr/bin/cmake --install /home/yuritvr/PFC/wenis_ws/build/ur5_ros2_gazebo
[0.304s] -- Install configuration: ""
[0.305s] -- Up-to-date: /home/yuritvr/PFC/wenis_ws/install/ur5_ros2_gazebo/share/ur5_ros2_gazebo/config
[0.306s] -- Up-to-date: /home/yuritvr/PFC/wenis_ws/install/ur5_ros2_gazebo/share/ur5_ros2_gazebo/config/visual_parameters.yaml
[0.306s] -- Up-to-date: /home/yuritvr/PFC/wenis_ws/install/ur5_ros2_gazebo/share/ur5_ros2_gazebo/config/joint_limits.yaml
[0.306s] -- Up-to-date: /home/yuritvr/PFC/wenis_ws/install/ur5_ros2_gazebo/share/ur5_ros2_gazebo/config/default_kinematics.yaml
[0.307s] -- Up-to-date: /home/yuritvr/PFC/wenis_ws/install/ur5_ros2_gazebo/share/ur5_ros2_gazebo/config/ur5_controller.yaml
[0.309s] -- Up-to-date: /home/yuritvr/PFC/wenis_ws/install/ur5_ros2_gazebo/share/ur5_ros2_gazebo/config/physical_parameters.yaml
[0.310s] -- Up-to-date: /home/yuritvr/PFC/wenis_ws/install/ur5_ros2_gazebo/share/ur5_ros2_gazebo/config/initial_positions.yaml
[0.311s] -- Up-to-date: /home/yuritvr/PFC/wenis_ws/install/ur5_ros2_gazebo/share/ur5_ros2_gazebo/launch
[0.312s] -- Up-to-date: /home/yuritvr/PFC/wenis_ws/install/ur5_ros2_gazebo/share/ur5_ros2_gazebo/launch/ur5_simulation.launch.py
[0.312s] -- Up-to-date: /home/yuritvr/PFC/wenis_ws/install/ur5_ros2_gazebo/share/ur5_ros2_gazebo/urdf
[0.312s] -- Up-to-date: /home/yuritvr/PFC/wenis_ws/install/ur5_ros2_gazebo/share/ur5_ros2_gazebo/urdf/ur5_macro.urdf.xacro
[0.313s] -- Up-to-date: /home/yuritvr/PFC/wenis_ws/install/ur5_ros2_gazebo/share/ur5_ros2_gazebo/urdf/ur5.urdf.xacro
[0.313s] -- Up-to-date: /home/yuritvr/PFC/wenis_ws/install/ur5_ros2_gazebo/share/ur5_ros2_gazebo/urdf/ur5_transmission.xacro
[0.313s] -- Up-to-date: /home/yuritvr/PFC/wenis_ws/install/ur5_ros2_gazebo/share/ur5_ros2_gazebo/urdf/ur5_ros2control.xacro
[0.313s] -- Up-to-date: /home/yuritvr/PFC/wenis_ws/install/ur5_ros2_gazebo/share/ur5_ros2_gazebo/urdf/ur5_common.xacro
[0.313s] -- Up-to-date: /home/yuritvr/PFC/wenis_ws/install/ur5_ros2_gazebo/share/ur5_ros2_gazebo/worlds
[0.313s] -- Up-to-date: /home/yuritvr/PFC/wenis_ws/install/ur5_ros2_gazebo/share/ur5_ros2_gazebo/worlds/ur5.world
[0.314s] -- Up-to-date: /home/yuritvr/PFC/wenis_ws/install/ur5_ros2_gazebo/share/ur5_ros2_gazebo/meshes
[0.316s] -- Up-to-date: /home/yuritvr/PFC/wenis_ws/install/ur5_ros2_gazebo/share/ur5_ros2_gazebo/meshes/visual
[0.320s] -- Up-to-date: /home/yuritvr/PFC/wenis_ws/install/ur5_ros2_gazebo/share/ur5_ros2_gazebo/meshes/visual/shoulder.dae
[0.327s] -- Up-to-date: /home/yuritvr/PFC/wenis_ws/install/ur5_ros2_gazebo/share/ur5_ros2_gazebo/meshes/visual/wrist2.dae
[0.327s] -- Up-to-date: /home/yuritvr/PFC/wenis_ws/install/ur5_ros2_gazebo/share/ur5_ros2_gazebo/meshes/visual/wrist3.dae
[0.327s] -- Up-to-date: /home/yuritvr/PFC/wenis_ws/install/ur5_ros2_gazebo/share/ur5_ros2_gazebo/meshes/visual/forearm.dae
[0.327s] -- Up-to-date: /home/yuritvr/PFC/wenis_ws/install/ur5_ros2_gazebo/share/ur5_ros2_gazebo/meshes/visual/base.dae
[0.327s] -- Up-to-date: /home/yuritvr/PFC/wenis_ws/install/ur5_ros2_gazebo/share/ur5_ros2_gazebo/meshes/visual/wrist1.dae
[0.329s] -- Up-to-date: /home/yuritvr/PFC/wenis_ws/install/ur5_ros2_gazebo/share/ur5_ros2_gazebo/meshes/visual/upperarm.dae
[0.329s] -- Up-to-date: /home/yuritvr/PFC/wenis_ws/install/ur5_ros2_gazebo/share/ur5_ros2_gazebo/meshes/collision
[0.329s] -- Up-to-date: /home/yuritvr/PFC/wenis_ws/install/ur5_ros2_gazebo/share/ur5_ros2_gazebo/meshes/collision/wrist1.stl
[0.329s] -- Up-to-date: /home/yuritvr/PFC/wenis_ws/install/ur5_ros2_gazebo/share/ur5_ros2_gazebo/meshes/collision/base.stl
[0.329s] -- Up-to-date: /home/yuritvr/PFC/wenis_ws/install/ur5_ros2_gazebo/share/ur5_ros2_gazebo/meshes/collision/wrist2.stl
[0.329s] -- Up-to-date: /home/yuritvr/PFC/wenis_ws/install/ur5_ros2_gazebo/share/ur5_ros2_gazebo/meshes/collision/forearm.stl
[0.332s] -- Up-to-date: /home/yuritvr/PFC/wenis_ws/install/ur5_ros2_gazebo/share/ur5_ros2_gazebo/meshes/collision/wrist3.stl
[0.332s] -- Up-to-date: /home/yuritvr/PFC/wenis_ws/install/ur5_ros2_gazebo/share/ur5_ros2_gazebo/meshes/collision/upperarm.stl
[0.335s] -- Up-to-date: /home/yuritvr/PFC/wenis_ws/install/ur5_ros2_gazebo/share/ur5_ros2_gazebo/meshes/collision/shoulder.stl
[0.336s] -- Up-to-date: /home/yuritvr/PFC/wenis_ws/install/ur5_ros2_gazebo/share/ament_index/resource_index/package_run_dependencies/ur5_ros2_gazebo
[0.336s] -- Up-to-date: /home/yuritvr/PFC/wenis_ws/install/ur5_ros2_gazebo/share/ament_index/resource_index/parent_prefix_path/ur5_ros2_gazebo
[0.336s] -- Up-to-date: /home/yuritvr/PFC/wenis_ws/install/ur5_ros2_gazebo/share/ur5_ros2_gazebo/environment/ament_prefix_path.sh
[0.337s] -- Up-to-date: /home/yuritvr/PFC/wenis_ws/install/ur5_ros2_gazebo/share/ur5_ros2_gazebo/environment/ament_prefix_path.dsv
[0.337s] -- Up-to-date: /home/yuritvr/PFC/wenis_ws/install/ur5_ros2_gazebo/share/ur5_ros2_gazebo/environment/path.sh
[0.337s] -- Up-to-date: /home/yuritvr/PFC/wenis_ws/install/ur5_ros2_gazebo/share/ur5_ros2_gazebo/environment/path.dsv
[0.337s] -- Up-to-date: /home/yuritvr/PFC/wenis_ws/install/ur5_ros2_gazebo/share/ur5_ros2_gazebo/local_setup.bash
[0.337s] -- Up-to-date: /home/yuritvr/PFC/wenis_ws/install/ur5_ros2_gazebo/share/ur5_ros2_gazebo/local_setup.sh
[0.338s] -- Up-to-date: /home/yuritvr/PFC/wenis_ws/install/ur5_ros2_gazebo/share/ur5_ros2_gazebo/local_setup.zsh
[0.338s] -- Up-to-date: /home/yuritvr/PFC/wenis_ws/install/ur5_ros2_gazebo/share/ur5_ros2_gazebo/local_setup.dsv
[0.339s] -- Up-to-date: /home/yuritvr/PFC/wenis_ws/install/ur5_ros2_gazebo/share/ur5_ros2_gazebo/package.dsv
[0.339s] -- Up-to-date: /home/yuritvr/PFC/wenis_ws/install/ur5_ros2_gazebo/share/ament_index/resource_index/packages/ur5_ros2_gazebo
[0.339s] -- Up-to-date: /home/yuritvr/PFC/wenis_ws/install/ur5_ros2_gazebo/share/ur5_ros2_gazebo/cmake/ur5_ros2_gazeboConfig.cmake
[0.340s] -- Up-to-date: /home/yuritvr/PFC/wenis_ws/install/ur5_ros2_gazebo/share/ur5_ros2_gazebo/cmake/ur5_ros2_gazeboConfig-version.cmake
[0.340s] -- Up-to-date: /home/yuritvr/PFC/wenis_ws/install/ur5_ros2_gazebo/share/ur5_ros2_gazebo/package.xml
[0.340s] Invoked command in '/home/yuritvr/PFC/wenis_ws/build/ur5_ros2_gazebo' returned '0': CMAKE_PREFIX_PATH=${CMAKE_PREFIX_PATH}:/home/yuritvr/PFC/wenis_ws/install/robotiq_85_driver:/opt/ros/humble /usr/bin/cmake --install /home/yuritvr/PFC/wenis_ws/build/ur5_ros2_gazebo
