-- The C compiler identification is GNU 11.4.0
-- The CXX compiler identification is GNU 11.4.0
-- Detecting C compiler ABI info
-- Detecting C compiler ABI info - done
-- Check for working C compiler: /usr/bin/cc - skipped
-- Detecting C compile features
-- Detecting C compile features - done
-- Detecting CXX compiler ABI info
-- Detecting CXX compiler ABI info - done
-- Check for working CXX compiler: /usr/bin/c++ - skipped
-- Detecting CXX compile features
-- Detecting CXX compile features - done
-- Found ament_cmake: 1.3.9 (/opt/ros/humble/share/ament_cmake/cmake)
-- Found Python3: /usr/bin/python3 (found version "3.10.12") found components: Interpreter 
-- Found ament_lint_auto: 0.12.11 (/opt/ros/humble/share/ament_lint_auto/cmake)
-- Added test 'copyright' to check source files copyright and LICENSE
-- Added test 'flake8' to check Python code syntax and style conventions
-- Added test 'lint_cmake' to check CMake code style
-- Added test 'pep257' to check Python code against some of the docstring style conventions in PEP 257
-- Added test 'xmllint' to check XML markup files
-- Configuring done
-- Generating done
-- Build files have been written to: /home/yuritvr/PFC/new_arm_ws/build/irb120_ros2_gazebo
-- Install configuration: ""
-- Installing: /home/yuritvr/PFC/new_arm_ws/install/irb120_ros2_gazebo/share/irb120_ros2_gazebo/config
-- Installing: /home/yuritvr/PFC/new_arm_ws/install/irb120_ros2_gazebo/share/irb120_ros2_gazebo/config/irb120egp64_controller.yaml
-- Installing: /home/yuritvr/PFC/new_arm_ws/install/irb120_ros2_gazebo/share/irb120_ros2_gazebo/config/irb120_controller.yaml
-- Installing: /home/yuritvr/PFC/new_arm_ws/install/irb120_ros2_gazebo/share/irb120_ros2_gazebo/launch
-- Installing: /home/yuritvr/PFC/new_arm_ws/install/irb120_ros2_gazebo/share/irb120_ros2_gazebo/launch/irb120_simulation.launch.py
-- Installing: /home/yuritvr/PFC/new_arm_ws/install/irb120_ros2_gazebo/share/irb120_ros2_gazebo/urdf
-- Installing: /home/yuritvr/PFC/new_arm_ws/install/irb120_ros2_gazebo/share/irb120_ros2_gazebo/urdf/irb120_transmission.xacro
-- Installing: /home/yuritvr/PFC/new_arm_ws/install/irb120_ros2_gazebo/share/irb120_ros2_gazebo/urdf/irb120.urdf.xacro
-- Installing: /home/yuritvr/PFC/new_arm_ws/install/irb120_ros2_gazebo/share/irb120_ros2_gazebo/urdf/abb_resources
-- Installing: /home/yuritvr/PFC/new_arm_ws/install/irb120_ros2_gazebo/share/irb120_ros2_gazebo/urdf/abb_resources/common_materials.xacro
-- Installing: /home/yuritvr/PFC/new_arm_ws/install/irb120_ros2_gazebo/share/irb120_ros2_gazebo/urdf/abb_resources/common_colours.xacro
-- Installing: /home/yuritvr/PFC/new_arm_ws/install/irb120_ros2_gazebo/share/irb120_ros2_gazebo/urdf/irb120_ros2control.xacro
-- Installing: /home/yuritvr/PFC/new_arm_ws/install/irb120_ros2_gazebo/share/irb120_ros2_gazebo/urdf/irb120_macro.urdf.xacro
-- Installing: /home/yuritvr/PFC/new_arm_ws/install/irb120_ros2_gazebo/share/irb120_ros2_gazebo/worlds
-- Installing: /home/yuritvr/PFC/new_arm_ws/install/irb120_ros2_gazebo/share/irb120_ros2_gazebo/worlds/irb120.world
-- Installing: /home/yuritvr/PFC/new_arm_ws/install/irb120_ros2_gazebo/share/irb120_ros2_gazebo/meshes
-- Installing: /home/yuritvr/PFC/new_arm_ws/install/irb120_ros2_gazebo/share/irb120_ros2_gazebo/meshes/visual
-- Installing: /home/yuritvr/PFC/new_arm_ws/install/irb120_ros2_gazebo/share/irb120_ros2_gazebo/meshes/visual/link_4.stl
-- Installing: /home/yuritvr/PFC/new_arm_ws/install/irb120_ros2_gazebo/share/irb120_ros2_gazebo/meshes/visual/base_link.stl
-- Installing: /home/yuritvr/PFC/new_arm_ws/install/irb120_ros2_gazebo/share/irb120_ros2_gazebo/meshes/visual/link_2.stl
-- Installing: /home/yuritvr/PFC/new_arm_ws/install/irb120_ros2_gazebo/share/irb120_ros2_gazebo/meshes/visual/link_6.stl
-- Installing: /home/yuritvr/PFC/new_arm_ws/install/irb120_ros2_gazebo/share/irb120_ros2_gazebo/meshes/visual/link_1.stl
-- Installing: /home/yuritvr/PFC/new_arm_ws/install/irb120_ros2_gazebo/share/irb120_ros2_gazebo/meshes/visual/link_5.stl
-- Installing: /home/yuritvr/PFC/new_arm_ws/install/irb120_ros2_gazebo/share/irb120_ros2_gazebo/meshes/visual/link_3.stl
-- Installing: /home/yuritvr/PFC/new_arm_ws/install/irb120_ros2_gazebo/share/irb120_ros2_gazebo/meshes/egp64
-- Installing: /home/yuritvr/PFC/new_arm_ws/install/irb120_ros2_gazebo/share/irb120_ros2_gazebo/meshes/egp64/Schunk Gripper - LEFT FINGER.dae
-- Installing: /home/yuritvr/PFC/new_arm_ws/install/irb120_ros2_gazebo/share/irb120_ros2_gazebo/meshes/egp64/00. Schunk Gripper - Component POSES
-- Installing: /home/yuritvr/PFC/new_arm_ws/install/irb120_ros2_gazebo/share/irb120_ros2_gazebo/meshes/egp64/Schunk Gripper - RIGHT FINGER.dae
-- Installing: /home/yuritvr/PFC/new_arm_ws/install/irb120_ros2_gazebo/share/irb120_ros2_gazebo/meshes/egp64/Schunk Gripper - BASE.dae
-- Installing: /home/yuritvr/PFC/new_arm_ws/install/irb120_ros2_gazebo/share/irb120_ros2_gazebo/meshes/egp64/Schunk Gripper - BASE noAdapter.dae
-- Installing: /home/yuritvr/PFC/new_arm_ws/install/irb120_ros2_gazebo/share/irb120_ros2_gazebo/meshes/egp64/Schunk Gripper - Cranfield Robotics.STL
-- Installing: /home/yuritvr/PFC/new_arm_ws/install/irb120_ros2_gazebo/share/irb120_ros2_gazebo/meshes/egp64/Schunk Gripper - BASE.STL
-- Installing: /home/yuritvr/PFC/new_arm_ws/install/irb120_ros2_gazebo/share/irb120_ros2_gazebo/meshes/egp64/Schunk Gripper - LEFT FINGER BASE.STL
-- Installing: /home/yuritvr/PFC/new_arm_ws/install/irb120_ros2_gazebo/share/irb120_ros2_gazebo/meshes/egp64/Schunk Gripper - LEFT FINGER BASE.dae
-- Installing: /home/yuritvr/PFC/new_arm_ws/install/irb120_ros2_gazebo/share/irb120_ros2_gazebo/meshes/egp64/Schunk Gripper - RIGHT FINGER BASE.STL
-- Installing: /home/yuritvr/PFC/new_arm_ws/install/irb120_ros2_gazebo/share/irb120_ros2_gazebo/meshes/egp64/Schunk Gripper - RIGHT FINGER BASE.dae
-- Installing: /home/yuritvr/PFC/new_arm_ws/install/irb120_ros2_gazebo/share/irb120_ros2_gazebo/meshes/egp64/Schunk Gripper - BASE noAdapter.STL
-- Installing: /home/yuritvr/PFC/new_arm_ws/install/irb120_ros2_gazebo/share/irb120_ros2_gazebo/meshes/egp64/Schunk Gripper - ADAPTER.dae
-- Installing: /home/yuritvr/PFC/new_arm_ws/install/irb120_ros2_gazebo/share/irb120_ros2_gazebo/meshes/egp64/Schunk Gripper - LEFT FINGER.STL
-- Installing: /home/yuritvr/PFC/new_arm_ws/install/irb120_ros2_gazebo/share/irb120_ros2_gazebo/meshes/egp64/Schunk Gripper - ADAPTER.STL
-- Installing: /home/yuritvr/PFC/new_arm_ws/install/irb120_ros2_gazebo/share/irb120_ros2_gazebo/meshes/egp64/Schunk Gripper - Cranfield Robotics.dae
-- Installing: /home/yuritvr/PFC/new_arm_ws/install/irb120_ros2_gazebo/share/irb120_ros2_gazebo/meshes/egp64/Schunk Gripper - RIGHT FINGER.STL
-- Installing: /home/yuritvr/PFC/new_arm_ws/install/irb120_ros2_gazebo/share/irb120_ros2_gazebo/meshes/irb120_cell.dae
-- Installing: /home/yuritvr/PFC/new_arm_ws/install/irb120_ros2_gazebo/share/irb120_ros2_gazebo/meshes/collision
-- Installing: /home/yuritvr/PFC/new_arm_ws/install/irb120_ros2_gazebo/share/irb120_ros2_gazebo/meshes/collision/link_4.stl
-- Installing: /home/yuritvr/PFC/new_arm_ws/install/irb120_ros2_gazebo/share/irb120_ros2_gazebo/meshes/collision/base_link.stl
-- Installing: /home/yuritvr/PFC/new_arm_ws/install/irb120_ros2_gazebo/share/irb120_ros2_gazebo/meshes/collision/link_2.stl
-- Installing: /home/yuritvr/PFC/new_arm_ws/install/irb120_ros2_gazebo/share/irb120_ros2_gazebo/meshes/collision/link_6.stl
-- Installing: /home/yuritvr/PFC/new_arm_ws/install/irb120_ros2_gazebo/share/irb120_ros2_gazebo/meshes/collision/link_1.stl
-- Installing: /home/yuritvr/PFC/new_arm_ws/install/irb120_ros2_gazebo/share/irb120_ros2_gazebo/meshes/collision/link_5.stl
-- Installing: /home/yuritvr/PFC/new_arm_ws/install/irb120_ros2_gazebo/share/irb120_ros2_gazebo/meshes/collision/link_3.stl
-- Installing: /home/yuritvr/PFC/new_arm_ws/install/irb120_ros2_gazebo/share/ament_index/resource_index/package_run_dependencies/irb120_ros2_gazebo
-- Installing: /home/yuritvr/PFC/new_arm_ws/install/irb120_ros2_gazebo/share/ament_index/resource_index/parent_prefix_path/irb120_ros2_gazebo
-- Installing: /home/yuritvr/PFC/new_arm_ws/install/irb120_ros2_gazebo/share/irb120_ros2_gazebo/environment/ament_prefix_path.sh
-- Installing: /home/yuritvr/PFC/new_arm_ws/install/irb120_ros2_gazebo/share/irb120_ros2_gazebo/environment/ament_prefix_path.dsv
-- Installing: /home/yuritvr/PFC/new_arm_ws/install/irb120_ros2_gazebo/share/irb120_ros2_gazebo/environment/path.sh
-- Installing: /home/yuritvr/PFC/new_arm_ws/install/irb120_ros2_gazebo/share/irb120_ros2_gazebo/environment/path.dsv
-- Installing: /home/yuritvr/PFC/new_arm_ws/install/irb120_ros2_gazebo/share/irb120_ros2_gazebo/local_setup.bash
-- Installing: /home/yuritvr/PFC/new_arm_ws/install/irb120_ros2_gazebo/share/irb120_ros2_gazebo/local_setup.sh
-- Installing: /home/yuritvr/PFC/new_arm_ws/install/irb120_ros2_gazebo/share/irb120_ros2_gazebo/local_setup.zsh
-- Installing: /home/yuritvr/PFC/new_arm_ws/install/irb120_ros2_gazebo/share/irb120_ros2_gazebo/local_setup.dsv
-- Installing: /home/yuritvr/PFC/new_arm_ws/install/irb120_ros2_gazebo/share/irb120_ros2_gazebo/package.dsv
-- Installing: /home/yuritvr/PFC/new_arm_ws/install/irb120_ros2_gazebo/share/ament_index/resource_index/packages/irb120_ros2_gazebo
-- Installing: /home/yuritvr/PFC/new_arm_ws/install/irb120_ros2_gazebo/share/irb120_ros2_gazebo/cmake/irb120_ros2_gazeboConfig.cmake
-- Installing: /home/yuritvr/PFC/new_arm_ws/install/irb120_ros2_gazebo/share/irb120_ros2_gazebo/cmake/irb120_ros2_gazeboConfig-version.cmake
-- Installing: /home/yuritvr/PFC/new_arm_ws/install/irb120_ros2_gazebo/share/irb120_ros2_gazebo/package.xml
