[0.055s] Invoking command in '/home/yuritvr/PFC/wenis_ws/build/simple_grasping': CMAKE_PREFIX_PATH=${CMAKE_PREFIX_PATH}:/opt/ros/humble /usr/bin/cmake --build /home/yuritvr/PFC/wenis_ws/build/simple_grasping -- -j8 -l8
[0.277s] [ 10%] Built target gtest_main
[0.277s] [ 21%] Built target basic_grasping_perception_node
[0.279s] [ 31%] Built target gtest
[0.289s] [ 42%] Built target grasp_planner_node
[0.318s] [ 68%] Built target simple_grasping
[0.411s] [ 78%] Built target grasp_planner
[0.412s] [ 89%] Built target simple_grasping_test_shape_extraction
[0.457s] [100%] Built target basic_grasping_perception
[0.503s] Invoked command in '/home/yuritvr/PFC/wenis_ws/build/simple_grasping' returned '0': CMAKE_PREFIX_PATH=${CMAKE_PREFIX_PATH}:/opt/ros/humble /usr/bin/cmake --build /home/yuritvr/PFC/wenis_ws/build/simple_grasping -- -j8 -l8
[0.655s] Invoking command in '/home/yuritvr/PFC/wenis_ws/build/simple_grasping': CMAKE_PREFIX_PATH=${CMAKE_PREFIX_PATH}:/opt/ros/humble /usr/bin/cmake --install /home/yuritvr/PFC/wenis_ws/build/simple_grasping
[0.667s] -- Install configuration: ""
[0.668s] -- Up-to-date: /home/yuritvr/PFC/wenis_ws/install/simple_grasping/lib/simple_grasping/basic_grasping_perception_node
[0.669s] -- Up-to-date: /home/yuritvr/PFC/wenis_ws/install/simple_grasping/lib/simple_grasping/grasp_planner_node
[0.669s] -- Up-to-date: /home/yuritvr/PFC/wenis_ws/install/simple_grasping/include
[0.670s] -- Up-to-date: /home/yuritvr/PFC/wenis_ws/install/simple_grasping/include/simple_grasping
[0.670s] -- Up-to-date: /home/yuritvr/PFC/wenis_ws/install/simple_grasping/include/simple_grasping/shape_grasp_planner.h
[0.671s] -- Up-to-date: /home/yuritvr/PFC/wenis_ws/install/simple_grasping/include/simple_grasping/cloud_tools.h
[0.671s] -- Up-to-date: /home/yuritvr/PFC/wenis_ws/install/simple_grasping/include/simple_grasping/object_support_segmentation.h
[0.672s] -- Up-to-date: /home/yuritvr/PFC/wenis_ws/install/simple_grasping/include/simple_grasping/shape_extraction.h
[0.672s] -- Up-to-date: /home/yuritvr/PFC/wenis_ws/install/simple_grasping/lib/simple_grasping/do_perception.py
[0.672s] -- Up-to-date: /home/yuritvr/PFC/wenis_ws/install/simple_grasping/lib/libsimple_grasping.so
[0.672s] -- Up-to-date: /home/yuritvr/PFC/wenis_ws/install/simple_grasping/lib/libbasic_grasping_perception.so
[0.673s] -- Up-to-date: /home/yuritvr/PFC/wenis_ws/install/simple_grasping/lib/libgrasp_planner.so
[0.673s] -- Up-to-date: /home/yuritvr/PFC/wenis_ws/install/simple_grasping/share/simple_grasping/environment/library_path.sh
[0.673s] -- Up-to-date: /home/yuritvr/PFC/wenis_ws/install/simple_grasping/share/simple_grasping/environment/library_path.dsv
[0.674s] -- Up-to-date: /home/yuritvr/PFC/wenis_ws/install/simple_grasping/share/ament_index/resource_index/package_run_dependencies/simple_grasping
[0.675s] -- Up-to-date: /home/yuritvr/PFC/wenis_ws/install/simple_grasping/share/ament_index/resource_index/parent_prefix_path/simple_grasping
[0.675s] -- Up-to-date: /home/yuritvr/PFC/wenis_ws/install/simple_grasping/share/simple_grasping/environment/ament_prefix_path.sh
[0.675s] -- Up-to-date: /home/yuritvr/PFC/wenis_ws/install/simple_grasping/share/simple_grasping/environment/ament_prefix_path.dsv
[0.676s] -- Up-to-date: /home/yuritvr/PFC/wenis_ws/install/simple_grasping/share/simple_grasping/environment/path.sh
[0.676s] -- Up-to-date: /home/yuritvr/PFC/wenis_ws/install/simple_grasping/share/simple_grasping/environment/path.dsv
[0.677s] -- Up-to-date: /home/yuritvr/PFC/wenis_ws/install/simple_grasping/share/simple_grasping/local_setup.bash
[0.677s] -- Up-to-date: /home/yuritvr/PFC/wenis_ws/install/simple_grasping/share/simple_grasping/local_setup.sh
[0.678s] -- Up-to-date: /home/yuritvr/PFC/wenis_ws/install/simple_grasping/share/simple_grasping/local_setup.zsh
[0.678s] -- Up-to-date: /home/yuritvr/PFC/wenis_ws/install/simple_grasping/share/simple_grasping/local_setup.dsv
[0.678s] -- Installing: /home/yuritvr/PFC/wenis_ws/install/simple_grasping/share/simple_grasping/package.dsv
[0.678s] -- Up-to-date: /home/yuritvr/PFC/wenis_ws/install/simple_grasping/share/ament_index/resource_index/packages/simple_grasping
[0.681s] -- Up-to-date: /home/yuritvr/PFC/wenis_ws/install/simple_grasping/share/ament_index/resource_index/rclcpp_components/simple_grasping
[0.682s] -- Up-to-date: /home/yuritvr/PFC/wenis_ws/install/simple_grasping/share/simple_grasping/cmake/ament_cmake_export_include_directories-extras.cmake
[0.682s] -- Up-to-date: /home/yuritvr/PFC/wenis_ws/install/simple_grasping/share/simple_grasping/cmake/ament_cmake_export_libraries-extras.cmake
[0.682s] -- Up-to-date: /home/yuritvr/PFC/wenis_ws/install/simple_grasping/share/simple_grasping/cmake/ament_cmake_export_dependencies-extras.cmake
[0.682s] -- Up-to-date: /home/yuritvr/PFC/wenis_ws/install/simple_grasping/share/simple_grasping/cmake/simple_graspingConfig.cmake
[0.683s] -- Up-to-date: /home/yuritvr/PFC/wenis_ws/install/simple_grasping/share/simple_grasping/cmake/simple_graspingConfig-version.cmake
[0.683s] -- Up-to-date: /home/yuritvr/PFC/wenis_ws/install/simple_grasping/share/simple_grasping/package.xml
[0.693s] Invoked command in '/home/yuritvr/PFC/wenis_ws/build/simple_grasping' returned '0': CMAKE_PREFIX_PATH=${CMAKE_PREFIX_PATH}:/opt/ros/humble /usr/bin/cmake --install /home/yuritvr/PFC/wenis_ws/build/simple_grasping
