[0.033s] Invoking command in '/home/yuritvr/PFC/wenis_ws/build/robotiq_85_msgs': /usr/bin/cmake --build /home/yuritvr/PFC/wenis_ws/build/robotiq_85_msgs -- -j8 -l8
[0.148s] [ 10%] Built target robotiq_85_msgs__rosidl_generator_c
[0.162s] [ 10%] Built target ament_cmake_python_copy_robotiq_85_msgs
[0.166s] [ 12%] Built target robotiq_85_msgs__cpp
[0.253s] [ 33%] Built target robotiq_85_msgs__rosidl_typesupport_c
[0.253s] [ 33%] Built target robotiq_85_msgs__rosidl_typesupport_fastrtps_c
[0.255s] [ 43%] Built target robotiq_85_msgs__rosidl_typesupport_introspection_c
[0.259s] [ 53%] Built target robotiq_85_msgs__rosidl_typesupport_cpp
[0.277s] [ 64%] Built target robotiq_85_msgs__rosidl_typesupport_fastrtps_cpp
[0.284s] [ 74%] Built target robotiq_85_msgs__rosidl_typesupport_introspection_cpp
[0.314s] [ 74%] Built target robotiq_85_msgs
[0.342s] [ 76%] Built target robotiq_85_msgs__py
[0.372s] [ 84%] Built target robotiq_85_msgs__rosidl_generator_py
[0.401s] [ 94%] Built target robotiq_85_msgs__rosidl_typesupport_fastrtps_c__pyext
[0.401s] [ 94%] Built target robotiq_85_msgs__rosidl_typesupport_introspection_c__pyext
[0.401s] [100%] Built target robotiq_85_msgs__rosidl_typesupport_c__pyext
[0.533s] running egg_info
[0.533s] writing robotiq_85_msgs.egg-info/PKG-INFO
[0.534s] writing dependency_links to robotiq_85_msgs.egg-info/dependency_links.txt
[0.534s] writing top-level names to robotiq_85_msgs.egg-info/top_level.txt
[0.537s] reading manifest file 'robotiq_85_msgs.egg-info/SOURCES.txt'
[0.538s] writing manifest file 'robotiq_85_msgs.egg-info/SOURCES.txt'
[0.570s] [100%] Built target ament_cmake_python_build_robotiq_85_msgs_egg
