[0.054s] Invoking command in '/home/yuritvr/PFC/wenis_ws/build/platform': CMAKE_PREFIX_PATH=${CMAKE_PREFIX_PATH}:/opt/ros/humble /usr/bin/cmake --build /home/yuritvr/PFC/wenis_ws/build/platform -- -j8 -l8
[0.176s] Invoked command in '/home/yuritvr/PFC/wenis_ws/build/platform' returned '0': CMAKE_PREFIX_PATH=${CMAKE_PREFIX_PATH}:/opt/ros/humble /usr/bin/cmake --build /home/yuritvr/PFC/wenis_ws/build/platform -- -j8 -l8
[0.313s] Invoking command in '/home/yuritvr/PFC/wenis_ws/build/platform': CMAKE_PREFIX_PATH=${CMAKE_PREFIX_PATH}:/opt/ros/humble /usr/bin/cmake --install /home/yuritvr/PFC/wenis_ws/build/platform
[0.328s] -- Install configuration: ""
[0.329s] -- Up-to-date: /home/yuritvr/PFC/wenis_ws/install/platform/share/platform/launch
[0.329s] -- Up-to-date: /home/yuritvr/PFC/wenis_ws/install/platform/share/platform/launch/platform.launch.py
[0.330s] -- Up-to-date: /home/yuritvr/PFC/wenis_ws/install/platform/share/platform/launch/start_world.launch.py
[0.330s] -- Up-to-date: /home/yuritvr/PFC/wenis_ws/install/platform/share/platform/launch/spawn_platform.launch .py
[0.331s] -- Up-to-date: /home/yuritvr/PFC/wenis_ws/install/platform/share/platform/urdf
[0.331s] -- Up-to-date: /home/yuritvr/PFC/wenis_ws/install/platform/share/platform/urdf/vehicle_demo.xacro
[0.332s] -- Up-to-date: /home/yuritvr/PFC/wenis_ws/install/platform/share/platform/urdf/platform.xacro
[0.347s] -- Up-to-date: /home/yuritvr/PFC/wenis_ws/install/platform/share/ament_index/resource_index/package_run_dependencies/platform
[0.347s] -- Up-to-date: /home/yuritvr/PFC/wenis_ws/install/platform/share/ament_index/resource_index/parent_prefix_path/platform
[0.347s] -- Up-to-date: /home/yuritvr/PFC/wenis_ws/install/platform/share/platform/environment/ament_prefix_path.sh
[0.347s] -- Up-to-date: /home/yuritvr/PFC/wenis_ws/install/platform/share/platform/environment/ament_prefix_path.dsv
[0.347s] -- Up-to-date: /home/yuritvr/PFC/wenis_ws/install/platform/share/platform/environment/path.sh
[0.348s] -- Up-to-date: /home/yuritvr/PFC/wenis_ws/install/platform/share/platform/environment/path.dsv
[0.348s] -- Up-to-date: /home/yuritvr/PFC/wenis_ws/install/platform/share/platform/local_setup.bash
[0.348s] -- Up-to-date: /home/yuritvr/PFC/wenis_ws/install/platform/share/platform/local_setup.sh
[0.348s] -- Up-to-date: /home/yuritvr/PFC/wenis_ws/install/platform/share/platform/local_setup.zsh
[0.348s] -- Up-to-date: /home/yuritvr/PFC/wenis_ws/install/platform/share/platform/local_setup.dsv
[0.349s] -- Installing: /home/yuritvr/PFC/wenis_ws/install/platform/share/platform/package.dsv
[0.349s] -- Up-to-date: /home/yuritvr/PFC/wenis_ws/install/platform/share/ament_index/resource_index/packages/platform
[0.349s] -- Up-to-date: /home/yuritvr/PFC/wenis_ws/install/platform/share/platform/cmake/platformConfig.cmake
[0.349s] -- Up-to-date: /home/yuritvr/PFC/wenis_ws/install/platform/share/platform/cmake/platformConfig-version.cmake
[0.349s] -- Up-to-date: /home/yuritvr/PFC/wenis_ws/install/platform/share/platform/package.xml
[0.423s] Invoked command in '/home/yuritvr/PFC/wenis_ws/build/platform' returned '0': CMAKE_PREFIX_PATH=${CMAKE_PREFIX_PATH}:/opt/ros/humble /usr/bin/cmake --install /home/yuritvr/PFC/wenis_ws/build/platform
