[0.160s] DEBUG:colcon:Command line arguments: ['/usr/bin/colcon', 'build']
[0.160s] DEBUG:colcon:Parsed command line arguments: Namespace(log_base=None, log_level=None, verb_name='build', build_base='build', install_base='install', merge_install=False, symlink_install=False, test_result_base=None, continue_on_error=False, executor='parallel', parallel_workers=8, event_handlers=None, ignore_user_meta=False, metas=['./colcon.meta'], base_paths=['.'], packages_ignore=None, packages_ignore_regex=None, paths=None, packages_up_to=None, packages_up_to_regex=None, packages_above=None, packages_above_and_dependencies=None, packages_above_depth=None, packages_select_by_dep=None, packages_skip_by_dep=None, packages_skip_up_to=None, packages_select_build_failed=False, packages_skip_build_finished=False, packages_select_test_failures=False, packages_skip_test_passed=False, packages_select=None, packages_skip=None, packages_select_regex=None, packages_skip_regex=None, packages_start=None, packages_end=None, allow_overriding=[], cmake_args=None, cmake_target=None, cmake_target_skip_unavailable=False, cmake_clean_cache=False, cmake_clean_first=False, cmake_force_configure=False, ament_cmake_args=None, catkin_cmake_args=None, catkin_skip_building_tests=False, mixin_files=None, mixin=None, verb_parser=<colcon_mixin.mixin.mixin_argument.MixinArgumentDecorator object at 0x7cdfd91f60b0>, verb_extension=<colcon_core.verb.build.BuildVerb object at 0x7cdfd93a2320>, main=<bound method BuildVerb.main of <colcon_core.verb.build.BuildVerb object at 0x7cdfd93a2320>>, mixin_verb=('build',))
[0.419s] Level 1:colcon.colcon_core.package_discovery:discover_packages(colcon_meta) check parameters
[0.420s] Level 1:colcon.colcon_core.package_discovery:discover_packages(recursive) check parameters
[0.420s] Level 1:colcon.colcon_core.package_discovery:discover_packages(ignore) check parameters
[0.420s] Level 1:colcon.colcon_core.package_discovery:discover_packages(path) check parameters
[0.420s] Level 1:colcon.colcon_core.package_discovery:discover_packages(colcon_meta) discover
[0.420s] Level 1:colcon.colcon_core.package_discovery:discover_packages(recursive) discover
[0.420s] INFO:colcon.colcon_core.package_discovery:Crawling recursively for packages in '/home/yuritvr/PFC/wenis_ws'
[0.420s] Level 1:colcon.colcon_core.package_identification:_identify(.) by extensions ['ignore', 'ignore_ament_install']
[0.420s] Level 1:colcon.colcon_core.package_identification:_identify(.) by extension 'ignore'
[0.420s] Level 1:colcon.colcon_core.package_identification:_identify(.) by extension 'ignore_ament_install'
[0.420s] Level 1:colcon.colcon_core.package_identification:_identify(.) by extensions ['colcon_pkg']
[0.420s] Level 1:colcon.colcon_core.package_identification:_identify(.) by extension 'colcon_pkg'
[0.420s] Level 1:colcon.colcon_core.package_identification:_identify(.) by extensions ['colcon_meta']
[0.420s] Level 1:colcon.colcon_core.package_identification:_identify(.) by extension 'colcon_meta'
[0.421s] Level 1:colcon.colcon_core.package_identification:_identify(.) by extensions ['ros']
[0.421s] Level 1:colcon.colcon_core.package_identification:_identify(.) by extension 'ros'
[0.444s] Level 1:colcon.colcon_core.package_identification:_identify(.) by extensions ['cmake', 'python']
[0.444s] Level 1:colcon.colcon_core.package_identification:_identify(.) by extension 'cmake'
[0.444s] Level 1:colcon.colcon_core.package_identification:_identify(.) by extension 'python'
[0.444s] Level 1:colcon.colcon_core.package_identification:_identify(.) by extensions ['python_setup_py']
[0.444s] Level 1:colcon.colcon_core.package_identification:_identify(.) by extension 'python_setup_py'
[0.444s] Level 1:colcon.colcon_core.package_identification:_identify(build) by extensions ['ignore', 'ignore_ament_install']
[0.444s] Level 1:colcon.colcon_core.package_identification:_identify(build) by extension 'ignore'
[0.445s] Level 1:colcon.colcon_core.package_identification:_identify(build) ignored
[0.445s] Level 1:colcon.colcon_core.package_identification:_identify(install) by extensions ['ignore', 'ignore_ament_install']
[0.445s] Level 1:colcon.colcon_core.package_identification:_identify(install) by extension 'ignore'
[0.445s] Level 1:colcon.colcon_core.package_identification:_identify(install) ignored
[0.445s] Level 1:colcon.colcon_core.package_identification:_identify(log) by extensions ['ignore', 'ignore_ament_install']
[0.445s] Level 1:colcon.colcon_core.package_identification:_identify(log) by extension 'ignore'
[0.446s] Level 1:colcon.colcon_core.package_identification:_identify(log) ignored
[0.446s] Level 1:colcon.colcon_core.package_identification:_identify(src) by extensions ['ignore', 'ignore_ament_install']
[0.446s] Level 1:colcon.colcon_core.package_identification:_identify(src) by extension 'ignore'
[0.446s] Level 1:colcon.colcon_core.package_identification:_identify(src) by extension 'ignore_ament_install'
[0.446s] Level 1:colcon.colcon_core.package_identification:_identify(src) by extensions ['colcon_pkg']
[0.446s] Level 1:colcon.colcon_core.package_identification:_identify(src) by extension 'colcon_pkg'
[0.446s] Level 1:colcon.colcon_core.package_identification:_identify(src) by extensions ['colcon_meta']
[0.446s] Level 1:colcon.colcon_core.package_identification:_identify(src) by extension 'colcon_meta'
[0.446s] Level 1:colcon.colcon_core.package_identification:_identify(src) by extensions ['ros']
[0.446s] Level 1:colcon.colcon_core.package_identification:_identify(src) by extension 'ros'
[0.447s] Level 1:colcon.colcon_core.package_identification:_identify(src) by extensions ['cmake', 'python']
[0.447s] Level 1:colcon.colcon_core.package_identification:_identify(src) by extension 'cmake'
[0.447s] Level 1:colcon.colcon_core.package_identification:_identify(src) by extension 'python'
[0.447s] Level 1:colcon.colcon_core.package_identification:_identify(src) by extensions ['python_setup_py']
[0.447s] Level 1:colcon.colcon_core.package_identification:_identify(src) by extension 'python_setup_py'
[0.447s] Level 1:colcon.colcon_core.package_identification:_identify(src/ros2_manipulator) by extensions ['ignore', 'ignore_ament_install']
[0.447s] Level 1:colcon.colcon_core.package_identification:_identify(src/ros2_manipulator) by extension 'ignore'
[0.447s] Level 1:colcon.colcon_core.package_identification:_identify(src/ros2_manipulator) by extension 'ignore_ament_install'
[0.448s] Level 1:colcon.colcon_core.package_identification:_identify(src/ros2_manipulator) by extensions ['colcon_pkg']
[0.448s] Level 1:colcon.colcon_core.package_identification:_identify(src/ros2_manipulator) by extension 'colcon_pkg'
[0.448s] Level 1:colcon.colcon_core.package_identification:_identify(src/ros2_manipulator) by extensions ['colcon_meta']
[0.448s] Level 1:colcon.colcon_core.package_identification:_identify(src/ros2_manipulator) by extension 'colcon_meta'
[0.448s] Level 1:colcon.colcon_core.package_identification:_identify(src/ros2_manipulator) by extensions ['ros']
[0.448s] Level 1:colcon.colcon_core.package_identification:_identify(src/ros2_manipulator) by extension 'ros'
[0.448s] Level 1:colcon.colcon_core.package_identification:_identify(src/ros2_manipulator) by extensions ['cmake', 'python']
[0.448s] Level 1:colcon.colcon_core.package_identification:_identify(src/ros2_manipulator) by extension 'cmake'
[0.448s] Level 1:colcon.colcon_core.package_identification:_identify(src/ros2_manipulator) by extension 'python'
[0.448s] Level 1:colcon.colcon_core.package_identification:_identify(src/ros2_manipulator) by extensions ['python_setup_py']
[0.448s] Level 1:colcon.colcon_core.package_identification:_identify(src/ros2_manipulator) by extension 'python_setup_py'
[0.448s] Level 1:colcon.colcon_core.package_identification:_identify(src/ros2_manipulator/get_pose_client) by extensions ['ignore', 'ignore_ament_install']
[0.448s] Level 1:colcon.colcon_core.package_identification:_identify(src/ros2_manipulator/get_pose_client) by extension 'ignore'
[0.448s] Level 1:colcon.colcon_core.package_identification:_identify(src/ros2_manipulator/get_pose_client) by extension 'ignore_ament_install'
[0.449s] Level 1:colcon.colcon_core.package_identification:_identify(src/ros2_manipulator/get_pose_client) by extensions ['colcon_pkg']
[0.449s] Level 1:colcon.colcon_core.package_identification:_identify(src/ros2_manipulator/get_pose_client) by extension 'colcon_pkg'
[0.449s] Level 1:colcon.colcon_core.package_identification:_identify(src/ros2_manipulator/get_pose_client) by extensions ['colcon_meta']
[0.449s] Level 1:colcon.colcon_core.package_identification:_identify(src/ros2_manipulator/get_pose_client) by extension 'colcon_meta'
[0.449s] Level 1:colcon.colcon_core.package_identification:_identify(src/ros2_manipulator/get_pose_client) by extensions ['ros']
[0.449s] Level 1:colcon.colcon_core.package_identification:_identify(src/ros2_manipulator/get_pose_client) by extension 'ros'
[0.452s] DEBUG:colcon.colcon_core.package_identification:Package 'src/ros2_manipulator/get_pose_client' with type 'ros.ament_cmake' and name 'get_pose_client'
[0.453s] Level 1:colcon.colcon_core.package_identification:_identify(src/ros2_manipulator/moveit2_cartesian) by extensions ['ignore', 'ignore_ament_install']
[0.453s] Level 1:colcon.colcon_core.package_identification:_identify(src/ros2_manipulator/moveit2_cartesian) by extension 'ignore'
[0.453s] Level 1:colcon.colcon_core.package_identification:_identify(src/ros2_manipulator/moveit2_cartesian) by extension 'ignore_ament_install'
[0.453s] Level 1:colcon.colcon_core.package_identification:_identify(src/ros2_manipulator/moveit2_cartesian) by extensions ['colcon_pkg']
[0.453s] Level 1:colcon.colcon_core.package_identification:_identify(src/ros2_manipulator/moveit2_cartesian) by extension 'colcon_pkg'
[0.453s] Level 1:colcon.colcon_core.package_identification:_identify(src/ros2_manipulator/moveit2_cartesian) by extensions ['colcon_meta']
[0.453s] Level 1:colcon.colcon_core.package_identification:_identify(src/ros2_manipulator/moveit2_cartesian) by extension 'colcon_meta'
[0.453s] Level 1:colcon.colcon_core.package_identification:_identify(src/ros2_manipulator/moveit2_cartesian) by extensions ['ros']
[0.453s] Level 1:colcon.colcon_core.package_identification:_identify(src/ros2_manipulator/moveit2_cartesian) by extension 'ros'
[0.455s] DEBUG:colcon.colcon_core.package_identification:Package 'src/ros2_manipulator/moveit2_cartesian' with type 'ros.ament_cmake' and name 'moveit2_cartesian'
[0.455s] Level 1:colcon.colcon_core.package_identification:_identify(src/ros2_manipulator/moveit2_kinematics) by extensions ['ignore', 'ignore_ament_install']
[0.455s] Level 1:colcon.colcon_core.package_identification:_identify(src/ros2_manipulator/moveit2_kinematics) by extension 'ignore'
[0.455s] Level 1:colcon.colcon_core.package_identification:_identify(src/ros2_manipulator/moveit2_kinematics) by extension 'ignore_ament_install'
[0.455s] Level 1:colcon.colcon_core.package_identification:_identify(src/ros2_manipulator/moveit2_kinematics) by extensions ['colcon_pkg']
[0.455s] Level 1:colcon.colcon_core.package_identification:_identify(src/ros2_manipulator/moveit2_kinematics) by extension 'colcon_pkg'
[0.455s] Level 1:colcon.colcon_core.package_identification:_identify(src/ros2_manipulator/moveit2_kinematics) by extensions ['colcon_meta']
[0.455s] Level 1:colcon.colcon_core.package_identification:_identify(src/ros2_manipulator/moveit2_kinematics) by extension 'colcon_meta'
[0.455s] Level 1:colcon.colcon_core.package_identification:_identify(src/ros2_manipulator/moveit2_kinematics) by extensions ['ros']
[0.455s] Level 1:colcon.colcon_core.package_identification:_identify(src/ros2_manipulator/moveit2_kinematics) by extension 'ros'
[0.457s] DEBUG:colcon.colcon_core.package_identification:Package 'src/ros2_manipulator/moveit2_kinematics' with type 'ros.ament_cmake' and name 'moveit2_kinematics'
[0.457s] Level 1:colcon.colcon_core.package_identification:_identify(src/ros2_manipulator/moveit2_scripts) by extensions ['ignore', 'ignore_ament_install']
[0.457s] Level 1:colcon.colcon_core.package_identification:_identify(src/ros2_manipulator/moveit2_scripts) by extension 'ignore'
[0.457s] Level 1:colcon.colcon_core.package_identification:_identify(src/ros2_manipulator/moveit2_scripts) by extension 'ignore_ament_install'
[0.457s] Level 1:colcon.colcon_core.package_identification:_identify(src/ros2_manipulator/moveit2_scripts) by extensions ['colcon_pkg']
[0.457s] Level 1:colcon.colcon_core.package_identification:_identify(src/ros2_manipulator/moveit2_scripts) by extension 'colcon_pkg'
[0.457s] Level 1:colcon.colcon_core.package_identification:_identify(src/ros2_manipulator/moveit2_scripts) by extensions ['colcon_meta']
[0.458s] Level 1:colcon.colcon_core.package_identification:_identify(src/ros2_manipulator/moveit2_scripts) by extension 'colcon_meta'
[0.458s] Level 1:colcon.colcon_core.package_identification:_identify(src/ros2_manipulator/moveit2_scripts) by extensions ['ros']
[0.458s] Level 1:colcon.colcon_core.package_identification:_identify(src/ros2_manipulator/moveit2_scripts) by extension 'ros'
[0.459s] DEBUG:colcon.colcon_core.package_identification:Package 'src/ros2_manipulator/moveit2_scripts' with type 'ros.ament_cmake' and name 'moveit2_scripts'
[0.459s] Level 1:colcon.colcon_core.package_identification:_identify(src/ros2_manipulator/moveit_config) by extensions ['ignore', 'ignore_ament_install']
[0.460s] Level 1:colcon.colcon_core.package_identification:_identify(src/ros2_manipulator/moveit_config) by extension 'ignore'
[0.460s] Level 1:colcon.colcon_core.package_identification:_identify(src/ros2_manipulator/moveit_config) by extension 'ignore_ament_install'
[0.460s] Level 1:colcon.colcon_core.package_identification:_identify(src/ros2_manipulator/moveit_config) by extensions ['colcon_pkg']
[0.460s] Level 1:colcon.colcon_core.package_identification:_identify(src/ros2_manipulator/moveit_config) by extension 'colcon_pkg'
[0.460s] Level 1:colcon.colcon_core.package_identification:_identify(src/ros2_manipulator/moveit_config) by extensions ['colcon_meta']
[0.460s] Level 1:colcon.colcon_core.package_identification:_identify(src/ros2_manipulator/moveit_config) by extension 'colcon_meta'
[0.460s] Level 1:colcon.colcon_core.package_identification:_identify(src/ros2_manipulator/moveit_config) by extensions ['ros']
[0.460s] Level 1:colcon.colcon_core.package_identification:_identify(src/ros2_manipulator/moveit_config) by extension 'ros'
[0.461s] DEBUG:colcon.colcon_core.package_identification:Package 'src/ros2_manipulator/moveit_config' with type 'ros.ament_cmake' and name 'moveit_config'
[0.461s] Level 1:colcon.colcon_core.package_identification:_identify(src/ros2_manipulator/robotic_arm_environment) by extensions ['ignore', 'ignore_ament_install']
[0.461s] Level 1:colcon.colcon_core.package_identification:_identify(src/ros2_manipulator/robotic_arm_environment) by extension 'ignore'
[0.461s] Level 1:colcon.colcon_core.package_identification:_identify(src/ros2_manipulator/robotic_arm_environment) by extension 'ignore_ament_install'
[0.461s] Level 1:colcon.colcon_core.package_identification:_identify(src/ros2_manipulator/robotic_arm_environment) by extensions ['colcon_pkg']
[0.462s] Level 1:colcon.colcon_core.package_identification:_identify(src/ros2_manipulator/robotic_arm_environment) by extension 'colcon_pkg'
[0.462s] Level 1:colcon.colcon_core.package_identification:_identify(src/ros2_manipulator/robotic_arm_environment) by extensions ['colcon_meta']
[0.462s] Level 1:colcon.colcon_core.package_identification:_identify(src/ros2_manipulator/robotic_arm_environment) by extension 'colcon_meta'
[0.462s] Level 1:colcon.colcon_core.package_identification:_identify(src/ros2_manipulator/robotic_arm_environment) by extensions ['ros']
[0.462s] Level 1:colcon.colcon_core.package_identification:_identify(src/ros2_manipulator/robotic_arm_environment) by extension 'ros'
[0.462s] Level 1:colcon.colcon_core.package_identification:_identify(src/ros2_manipulator/robotic_arm_environment) by extensions ['cmake', 'python']
[0.462s] Level 1:colcon.colcon_core.package_identification:_identify(src/ros2_manipulator/robotic_arm_environment) by extension 'cmake'
[0.462s] Level 1:colcon.colcon_core.package_identification:_identify(src/ros2_manipulator/robotic_arm_environment) by extension 'python'
[0.462s] Level 1:colcon.colcon_core.package_identification:_identify(src/ros2_manipulator/robotic_arm_environment) by extensions ['python_setup_py']
[0.462s] Level 1:colcon.colcon_core.package_identification:_identify(src/ros2_manipulator/robotic_arm_environment) by extension 'python_setup_py'
[0.462s] Level 1:colcon.colcon_core.package_identification:_identify(src/ros2_manipulator/robotic_arm_environment/arm_pkg) by extensions ['ignore', 'ignore_ament_install']
[0.462s] Level 1:colcon.colcon_core.package_identification:_identify(src/ros2_manipulator/robotic_arm_environment/arm_pkg) by extension 'ignore'
[0.463s] Level 1:colcon.colcon_core.package_identification:_identify(src/ros2_manipulator/robotic_arm_environment/arm_pkg) by extension 'ignore_ament_install'
[0.463s] Level 1:colcon.colcon_core.package_identification:_identify(src/ros2_manipulator/robotic_arm_environment/arm_pkg) by extensions ['colcon_pkg']
[0.463s] Level 1:colcon.colcon_core.package_identification:_identify(src/ros2_manipulator/robotic_arm_environment/arm_pkg) by extension 'colcon_pkg'
[0.463s] Level 1:colcon.colcon_core.package_identification:_identify(src/ros2_manipulator/robotic_arm_environment/arm_pkg) by extensions ['colcon_meta']
[0.463s] Level 1:colcon.colcon_core.package_identification:_identify(src/ros2_manipulator/robotic_arm_environment/arm_pkg) by extension 'colcon_meta'
[0.463s] Level 1:colcon.colcon_core.package_identification:_identify(src/ros2_manipulator/robotic_arm_environment/arm_pkg) by extensions ['ros']
[0.463s] Level 1:colcon.colcon_core.package_identification:_identify(src/ros2_manipulator/robotic_arm_environment/arm_pkg) by extension 'ros'
[0.464s] DEBUG:colcon.colcon_core.package_identification:Package 'src/ros2_manipulator/robotic_arm_environment/arm_pkg' with type 'ros.ament_cmake' and name 'arm_pkg'
[0.464s] Level 1:colcon.colcon_core.package_identification:_identify(src/ros2_manipulator/simple_grasping_ros2) by extensions ['ignore', 'ignore_ament_install']
[0.464s] Level 1:colcon.colcon_core.package_identification:_identify(src/ros2_manipulator/simple_grasping_ros2) by extension 'ignore'
[0.465s] Level 1:colcon.colcon_core.package_identification:_identify(src/ros2_manipulator/simple_grasping_ros2) by extension 'ignore_ament_install'
[0.465s] Level 1:colcon.colcon_core.package_identification:_identify(src/ros2_manipulator/simple_grasping_ros2) by extensions ['colcon_pkg']
[0.465s] Level 1:colcon.colcon_core.package_identification:_identify(src/ros2_manipulator/simple_grasping_ros2) by extension 'colcon_pkg'
[0.465s] Level 1:colcon.colcon_core.package_identification:_identify(src/ros2_manipulator/simple_grasping_ros2) by extensions ['colcon_meta']
[0.465s] Level 1:colcon.colcon_core.package_identification:_identify(src/ros2_manipulator/simple_grasping_ros2) by extension 'colcon_meta'
[0.465s] Level 1:colcon.colcon_core.package_identification:_identify(src/ros2_manipulator/simple_grasping_ros2) by extensions ['ros']
[0.465s] Level 1:colcon.colcon_core.package_identification:_identify(src/ros2_manipulator/simple_grasping_ros2) by extension 'ros'
[0.465s] Level 1:colcon.colcon_core.package_identification:_identify(src/ros2_manipulator/simple_grasping_ros2) by extensions ['cmake', 'python']
[0.465s] Level 1:colcon.colcon_core.package_identification:_identify(src/ros2_manipulator/simple_grasping_ros2) by extension 'cmake'
[0.465s] Level 1:colcon.colcon_core.package_identification:_identify(src/ros2_manipulator/simple_grasping_ros2) by extension 'python'
[0.465s] Level 1:colcon.colcon_core.package_identification:_identify(src/ros2_manipulator/simple_grasping_ros2) by extensions ['python_setup_py']
[0.465s] Level 1:colcon.colcon_core.package_identification:_identify(src/ros2_manipulator/simple_grasping_ros2) by extension 'python_setup_py'
[0.465s] Level 1:colcon.colcon_core.package_identification:_identify(src/ros2_manipulator/simple_grasping_ros2/simple_grasping) by extensions ['ignore', 'ignore_ament_install']
[0.466s] Level 1:colcon.colcon_core.package_identification:_identify(src/ros2_manipulator/simple_grasping_ros2/simple_grasping) by extension 'ignore'
[0.466s] Level 1:colcon.colcon_core.package_identification:_identify(src/ros2_manipulator/simple_grasping_ros2/simple_grasping) by extension 'ignore_ament_install'
[0.466s] Level 1:colcon.colcon_core.package_identification:_identify(src/ros2_manipulator/simple_grasping_ros2/simple_grasping) by extensions ['colcon_pkg']
[0.466s] Level 1:colcon.colcon_core.package_identification:_identify(src/ros2_manipulator/simple_grasping_ros2/simple_grasping) by extension 'colcon_pkg'
[0.466s] Level 1:colcon.colcon_core.package_identification:_identify(src/ros2_manipulator/simple_grasping_ros2/simple_grasping) by extensions ['colcon_meta']
[0.466s] Level 1:colcon.colcon_core.package_identification:_identify(src/ros2_manipulator/simple_grasping_ros2/simple_grasping) by extension 'colcon_meta'
[0.466s] Level 1:colcon.colcon_core.package_identification:_identify(src/ros2_manipulator/simple_grasping_ros2/simple_grasping) by extensions ['ros']
[0.466s] Level 1:colcon.colcon_core.package_identification:_identify(src/ros2_manipulator/simple_grasping_ros2/simple_grasping) by extension 'ros'
[0.468s] DEBUG:colcon.colcon_core.package_identification:Package 'src/ros2_manipulator/simple_grasping_ros2/simple_grasping' with type 'ros.ament_cmake' and name 'simple_grasping'
[0.468s] Level 1:colcon.colcon_core.package_discovery:discover_packages(recursive) using defaults
[0.468s] Level 1:colcon.colcon_core.package_discovery:discover_packages(ignore) discover
[0.468s] Level 1:colcon.colcon_core.package_discovery:discover_packages(ignore) using defaults
[0.468s] Level 1:colcon.colcon_core.package_discovery:discover_packages(path) discover
[0.468s] Level 1:colcon.colcon_core.package_discovery:discover_packages(path) using defaults
[0.509s] Level 1:colcon.colcon_core.package_discovery:discover_packages(prefix_path) check parameters
[0.509s] Level 1:colcon.colcon_core.package_discovery:discover_packages(prefix_path) discover
[0.512s] DEBUG:colcon.colcon_installed_package_information.package_discovery:Found 8 installed packages in /home/yuritvr/PFC/wenis_ws/install
[0.513s] DEBUG:colcon.colcon_installed_package_information.package_discovery:Found 5 installed packages in /home/yuritvr/PFC/pfc_ws/install
[0.515s] DEBUG:colcon.colcon_installed_package_information.package_discovery:Found 354 installed packages in /opt/ros/humble
[0.518s] Level 1:colcon.colcon_core.package_discovery:discover_packages(prefix_path) using defaults
[0.587s] Level 5:colcon.colcon_core.verb:set package 'arm_pkg' build argument 'cmake_args' from command line to 'None'
[0.587s] Level 5:colcon.colcon_core.verb:set package 'arm_pkg' build argument 'cmake_target' from command line to 'None'
[0.587s] Level 5:colcon.colcon_core.verb:set package 'arm_pkg' build argument 'cmake_target_skip_unavailable' from command line to 'False'
[0.587s] Level 5:colcon.colcon_core.verb:set package 'arm_pkg' build argument 'cmake_clean_cache' from command line to 'False'
[0.587s] Level 5:colcon.colcon_core.verb:set package 'arm_pkg' build argument 'cmake_clean_first' from command line to 'False'
[0.587s] Level 5:colcon.colcon_core.verb:set package 'arm_pkg' build argument 'cmake_force_configure' from command line to 'False'
[0.587s] Level 5:colcon.colcon_core.verb:set package 'arm_pkg' build argument 'ament_cmake_args' from command line to 'None'
[0.587s] Level 5:colcon.colcon_core.verb:set package 'arm_pkg' build argument 'catkin_cmake_args' from command line to 'None'
[0.587s] Level 5:colcon.colcon_core.verb:set package 'arm_pkg' build argument 'catkin_skip_building_tests' from command line to 'False'
[0.587s] DEBUG:colcon.colcon_core.verb:Building package 'arm_pkg' with the following arguments: {'ament_cmake_args': None, 'build_base': '/home/yuritvr/PFC/wenis_ws/build/arm_pkg', 'catkin_cmake_args': None, 'catkin_skip_building_tests': False, 'cmake_args': None, 'cmake_clean_cache': False, 'cmake_clean_first': False, 'cmake_force_configure': False, 'cmake_target': None, 'cmake_target_skip_unavailable': False, 'install_base': '/home/yuritvr/PFC/wenis_ws/install/arm_pkg', 'merge_install': False, 'path': '/home/yuritvr/PFC/wenis_ws/src/ros2_manipulator/robotic_arm_environment/arm_pkg', 'symlink_install': False, 'test_result_base': None}
[0.588s] Level 5:colcon.colcon_core.verb:set package 'get_pose_client' build argument 'cmake_args' from command line to 'None'
[0.588s] Level 5:colcon.colcon_core.verb:set package 'get_pose_client' build argument 'cmake_target' from command line to 'None'
[0.588s] Level 5:colcon.colcon_core.verb:set package 'get_pose_client' build argument 'cmake_target_skip_unavailable' from command line to 'False'
[0.588s] Level 5:colcon.colcon_core.verb:set package 'get_pose_client' build argument 'cmake_clean_cache' from command line to 'False'
[0.588s] Level 5:colcon.colcon_core.verb:set package 'get_pose_client' build argument 'cmake_clean_first' from command line to 'False'
[0.588s] Level 5:colcon.colcon_core.verb:set package 'get_pose_client' build argument 'cmake_force_configure' from command line to 'False'
[0.588s] Level 5:colcon.colcon_core.verb:set package 'get_pose_client' build argument 'ament_cmake_args' from command line to 'None'
[0.588s] Level 5:colcon.colcon_core.verb:set package 'get_pose_client' build argument 'catkin_cmake_args' from command line to 'None'
[0.588s] Level 5:colcon.colcon_core.verb:set package 'get_pose_client' build argument 'catkin_skip_building_tests' from command line to 'False'
[0.588s] DEBUG:colcon.colcon_core.verb:Building package 'get_pose_client' with the following arguments: {'ament_cmake_args': None, 'build_base': '/home/yuritvr/PFC/wenis_ws/build/get_pose_client', 'catkin_cmake_args': None, 'catkin_skip_building_tests': False, 'cmake_args': None, 'cmake_clean_cache': False, 'cmake_clean_first': False, 'cmake_force_configure': False, 'cmake_target': None, 'cmake_target_skip_unavailable': False, 'install_base': '/home/yuritvr/PFC/wenis_ws/install/get_pose_client', 'merge_install': False, 'path': '/home/yuritvr/PFC/wenis_ws/src/ros2_manipulator/get_pose_client', 'symlink_install': False, 'test_result_base': None}
[0.589s] Level 5:colcon.colcon_core.verb:set package 'moveit2_cartesian' build argument 'cmake_args' from command line to 'None'
[0.589s] Level 5:colcon.colcon_core.verb:set package 'moveit2_cartesian' build argument 'cmake_target' from command line to 'None'
[0.589s] Level 5:colcon.colcon_core.verb:set package 'moveit2_cartesian' build argument 'cmake_target_skip_unavailable' from command line to 'False'
[0.589s] Level 5:colcon.colcon_core.verb:set package 'moveit2_cartesian' build argument 'cmake_clean_cache' from command line to 'False'
[0.589s] Level 5:colcon.colcon_core.verb:set package 'moveit2_cartesian' build argument 'cmake_clean_first' from command line to 'False'
[0.589s] Level 5:colcon.colcon_core.verb:set package 'moveit2_cartesian' build argument 'cmake_force_configure' from command line to 'False'
[0.589s] Level 5:colcon.colcon_core.verb:set package 'moveit2_cartesian' build argument 'ament_cmake_args' from command line to 'None'
[0.589s] Level 5:colcon.colcon_core.verb:set package 'moveit2_cartesian' build argument 'catkin_cmake_args' from command line to 'None'
[0.589s] Level 5:colcon.colcon_core.verb:set package 'moveit2_cartesian' build argument 'catkin_skip_building_tests' from command line to 'False'
[0.589s] DEBUG:colcon.colcon_core.verb:Building package 'moveit2_cartesian' with the following arguments: {'ament_cmake_args': None, 'build_base': '/home/yuritvr/PFC/wenis_ws/build/moveit2_cartesian', 'catkin_cmake_args': None, 'catkin_skip_building_tests': False, 'cmake_args': None, 'cmake_clean_cache': False, 'cmake_clean_first': False, 'cmake_force_configure': False, 'cmake_target': None, 'cmake_target_skip_unavailable': False, 'install_base': '/home/yuritvr/PFC/wenis_ws/install/moveit2_cartesian', 'merge_install': False, 'path': '/home/yuritvr/PFC/wenis_ws/src/ros2_manipulator/moveit2_cartesian', 'symlink_install': False, 'test_result_base': None}
[0.590s] Level 5:colcon.colcon_core.verb:set package 'moveit2_kinematics' build argument 'cmake_args' from command line to 'None'
[0.590s] Level 5:colcon.colcon_core.verb:set package 'moveit2_kinematics' build argument 'cmake_target' from command line to 'None'
[0.590s] Level 5:colcon.colcon_core.verb:set package 'moveit2_kinematics' build argument 'cmake_target_skip_unavailable' from command line to 'False'
[0.590s] Level 5:colcon.colcon_core.verb:set package 'moveit2_kinematics' build argument 'cmake_clean_cache' from command line to 'False'
[0.590s] Level 5:colcon.colcon_core.verb:set package 'moveit2_kinematics' build argument 'cmake_clean_first' from command line to 'False'
[0.590s] Level 5:colcon.colcon_core.verb:set package 'moveit2_kinematics' build argument 'cmake_force_configure' from command line to 'False'
[0.590s] Level 5:colcon.colcon_core.verb:set package 'moveit2_kinematics' build argument 'ament_cmake_args' from command line to 'None'
[0.590s] Level 5:colcon.colcon_core.verb:set package 'moveit2_kinematics' build argument 'catkin_cmake_args' from command line to 'None'
[0.590s] Level 5:colcon.colcon_core.verb:set package 'moveit2_kinematics' build argument 'catkin_skip_building_tests' from command line to 'False'
[0.590s] DEBUG:colcon.colcon_core.verb:Building package 'moveit2_kinematics' with the following arguments: {'ament_cmake_args': None, 'build_base': '/home/yuritvr/PFC/wenis_ws/build/moveit2_kinematics', 'catkin_cmake_args': None, 'catkin_skip_building_tests': False, 'cmake_args': None, 'cmake_clean_cache': False, 'cmake_clean_first': False, 'cmake_force_configure': False, 'cmake_target': None, 'cmake_target_skip_unavailable': False, 'install_base': '/home/yuritvr/PFC/wenis_ws/install/moveit2_kinematics', 'merge_install': False, 'path': '/home/yuritvr/PFC/wenis_ws/src/ros2_manipulator/moveit2_kinematics', 'symlink_install': False, 'test_result_base': None}
[0.591s] Level 5:colcon.colcon_core.verb:set package 'moveit2_scripts' build argument 'cmake_args' from command line to 'None'
[0.591s] Level 5:colcon.colcon_core.verb:set package 'moveit2_scripts' build argument 'cmake_target' from command line to 'None'
[0.591s] Level 5:colcon.colcon_core.verb:set package 'moveit2_scripts' build argument 'cmake_target_skip_unavailable' from command line to 'False'
[0.591s] Level 5:colcon.colcon_core.verb:set package 'moveit2_scripts' build argument 'cmake_clean_cache' from command line to 'False'
[0.591s] Level 5:colcon.colcon_core.verb:set package 'moveit2_scripts' build argument 'cmake_clean_first' from command line to 'False'
[0.591s] Level 5:colcon.colcon_core.verb:set package 'moveit2_scripts' build argument 'cmake_force_configure' from command line to 'False'
[0.591s] Level 5:colcon.colcon_core.verb:set package 'moveit2_scripts' build argument 'ament_cmake_args' from command line to 'None'
[0.591s] Level 5:colcon.colcon_core.verb:set package 'moveit2_scripts' build argument 'catkin_cmake_args' from command line to 'None'
[0.591s] Level 5:colcon.colcon_core.verb:set package 'moveit2_scripts' build argument 'catkin_skip_building_tests' from command line to 'False'
[0.591s] DEBUG:colcon.colcon_core.verb:Building package 'moveit2_scripts' with the following arguments: {'ament_cmake_args': None, 'build_base': '/home/yuritvr/PFC/wenis_ws/build/moveit2_scripts', 'catkin_cmake_args': None, 'catkin_skip_building_tests': False, 'cmake_args': None, 'cmake_clean_cache': False, 'cmake_clean_first': False, 'cmake_force_configure': False, 'cmake_target': None, 'cmake_target_skip_unavailable': False, 'install_base': '/home/yuritvr/PFC/wenis_ws/install/moveit2_scripts', 'merge_install': False, 'path': '/home/yuritvr/PFC/wenis_ws/src/ros2_manipulator/moveit2_scripts', 'symlink_install': False, 'test_result_base': None}
[0.591s] Level 5:colcon.colcon_core.verb:set package 'simple_grasping' build argument 'cmake_args' from command line to 'None'
[0.591s] Level 5:colcon.colcon_core.verb:set package 'simple_grasping' build argument 'cmake_target' from command line to 'None'
[0.592s] Level 5:colcon.colcon_core.verb:set package 'simple_grasping' build argument 'cmake_target_skip_unavailable' from command line to 'False'
[0.592s] Level 5:colcon.colcon_core.verb:set package 'simple_grasping' build argument 'cmake_clean_cache' from command line to 'False'
[0.592s] Level 5:colcon.colcon_core.verb:set package 'simple_grasping' build argument 'cmake_clean_first' from command line to 'False'
[0.592s] Level 5:colcon.colcon_core.verb:set package 'simple_grasping' build argument 'cmake_force_configure' from command line to 'False'
[0.592s] Level 5:colcon.colcon_core.verb:set package 'simple_grasping' build argument 'ament_cmake_args' from command line to 'None'
[0.592s] Level 5:colcon.colcon_core.verb:set package 'simple_grasping' build argument 'catkin_cmake_args' from command line to 'None'
[0.592s] Level 5:colcon.colcon_core.verb:set package 'simple_grasping' build argument 'catkin_skip_building_tests' from command line to 'False'
[0.592s] DEBUG:colcon.colcon_core.verb:Building package 'simple_grasping' with the following arguments: {'ament_cmake_args': None, 'build_base': '/home/yuritvr/PFC/wenis_ws/build/simple_grasping', 'catkin_cmake_args': None, 'catkin_skip_building_tests': False, 'cmake_args': None, 'cmake_clean_cache': False, 'cmake_clean_first': False, 'cmake_force_configure': False, 'cmake_target': None, 'cmake_target_skip_unavailable': False, 'install_base': '/home/yuritvr/PFC/wenis_ws/install/simple_grasping', 'merge_install': False, 'path': '/home/yuritvr/PFC/wenis_ws/src/ros2_manipulator/simple_grasping_ros2/simple_grasping', 'symlink_install': False, 'test_result_base': None}
[0.592s] Level 5:colcon.colcon_core.verb:set package 'moveit_config' build argument 'cmake_args' from command line to 'None'
[0.592s] Level 5:colcon.colcon_core.verb:set package 'moveit_config' build argument 'cmake_target' from command line to 'None'
[0.592s] Level 5:colcon.colcon_core.verb:set package 'moveit_config' build argument 'cmake_target_skip_unavailable' from command line to 'False'
[0.592s] Level 5:colcon.colcon_core.verb:set package 'moveit_config' build argument 'cmake_clean_cache' from command line to 'False'
[0.592s] Level 5:colcon.colcon_core.verb:set package 'moveit_config' build argument 'cmake_clean_first' from command line to 'False'
[0.593s] Level 5:colcon.colcon_core.verb:set package 'moveit_config' build argument 'cmake_force_configure' from command line to 'False'
[0.593s] Level 5:colcon.colcon_core.verb:set package 'moveit_config' build argument 'ament_cmake_args' from command line to 'None'
[0.593s] Level 5:colcon.colcon_core.verb:set package 'moveit_config' build argument 'catkin_cmake_args' from command line to 'None'
[0.593s] Level 5:colcon.colcon_core.verb:set package 'moveit_config' build argument 'catkin_skip_building_tests' from command line to 'False'
[0.593s] DEBUG:colcon.colcon_core.verb:Building package 'moveit_config' with the following arguments: {'ament_cmake_args': None, 'build_base': '/home/yuritvr/PFC/wenis_ws/build/moveit_config', 'catkin_cmake_args': None, 'catkin_skip_building_tests': False, 'cmake_args': None, 'cmake_clean_cache': False, 'cmake_clean_first': False, 'cmake_force_configure': False, 'cmake_target': None, 'cmake_target_skip_unavailable': False, 'install_base': '/home/yuritvr/PFC/wenis_ws/install/moveit_config', 'merge_install': False, 'path': '/home/yuritvr/PFC/wenis_ws/src/ros2_manipulator/moveit_config', 'symlink_install': False, 'test_result_base': None}
[0.593s] INFO:colcon.colcon_core.executor:Executing jobs using 'parallel' executor
[0.594s] DEBUG:colcon.colcon_parallel_executor.executor.parallel:run_until_complete
[0.594s] INFO:colcon.colcon_ros.task.ament_cmake.build:Building ROS package in '/home/yuritvr/PFC/wenis_ws/src/ros2_manipulator/robotic_arm_environment/arm_pkg' with build type 'ament_cmake'
[0.595s] INFO:colcon.colcon_cmake.task.cmake.build:Building CMake package in '/home/yuritvr/PFC/wenis_ws/src/ros2_manipulator/robotic_arm_environment/arm_pkg'
[0.598s] INFO:colcon.colcon_core.plugin_system:Skipping extension 'colcon_core.shell.bat': Not used on non-Windows systems
[0.598s] INFO:colcon.colcon_core.shell:Skip shell extension 'powershell' for command environment: Not usable outside of PowerShell
[0.598s] DEBUG:colcon.colcon_core.shell:Skip shell extension 'dsv' for command environment
[0.605s] INFO:colcon.colcon_ros.task.ament_cmake.build:Building ROS package in '/home/yuritvr/PFC/wenis_ws/src/ros2_manipulator/get_pose_client' with build type 'ament_cmake'
[0.605s] INFO:colcon.colcon_cmake.task.cmake.build:Building CMake package in '/home/yuritvr/PFC/wenis_ws/src/ros2_manipulator/get_pose_client'
[0.605s] INFO:colcon.colcon_core.shell:Skip shell extension 'powershell' for command environment: Not usable outside of PowerShell
[0.606s] DEBUG:colcon.colcon_core.shell:Skip shell extension 'dsv' for command environment
[0.612s] INFO:colcon.colcon_ros.task.ament_cmake.build:Building ROS package in '/home/yuritvr/PFC/wenis_ws/src/ros2_manipulator/moveit2_cartesian' with build type 'ament_cmake'
[0.613s] INFO:colcon.colcon_cmake.task.cmake.build:Building CMake package in '/home/yuritvr/PFC/wenis_ws/src/ros2_manipulator/moveit2_cartesian'
[0.613s] INFO:colcon.colcon_core.shell:Skip shell extension 'powershell' for command environment: Not usable outside of PowerShell
[0.613s] DEBUG:colcon.colcon_core.shell:Skip shell extension 'dsv' for command environment
[0.619s] INFO:colcon.colcon_ros.task.ament_cmake.build:Building ROS package in '/home/yuritvr/PFC/wenis_ws/src/ros2_manipulator/moveit2_kinematics' with build type 'ament_cmake'
[0.620s] INFO:colcon.colcon_cmake.task.cmake.build:Building CMake package in '/home/yuritvr/PFC/wenis_ws/src/ros2_manipulator/moveit2_kinematics'
[0.620s] INFO:colcon.colcon_core.shell:Skip shell extension 'powershell' for command environment: Not usable outside of PowerShell
[0.620s] DEBUG:colcon.colcon_core.shell:Skip shell extension 'dsv' for command environment
[0.629s] INFO:colcon.colcon_ros.task.ament_cmake.build:Building ROS package in '/home/yuritvr/PFC/wenis_ws/src/ros2_manipulator/moveit2_scripts' with build type 'ament_cmake'
[0.629s] INFO:colcon.colcon_cmake.task.cmake.build:Building CMake package in '/home/yuritvr/PFC/wenis_ws/src/ros2_manipulator/moveit2_scripts'
[0.629s] INFO:colcon.colcon_core.shell:Skip shell extension 'powershell' for command environment: Not usable outside of PowerShell
[0.629s] DEBUG:colcon.colcon_core.shell:Skip shell extension 'dsv' for command environment
[0.636s] INFO:colcon.colcon_ros.task.ament_cmake.build:Building ROS package in '/home/yuritvr/PFC/wenis_ws/src/ros2_manipulator/simple_grasping_ros2/simple_grasping' with build type 'ament_cmake'
[0.636s] INFO:colcon.colcon_cmake.task.cmake.build:Building CMake package in '/home/yuritvr/PFC/wenis_ws/src/ros2_manipulator/simple_grasping_ros2/simple_grasping'
[0.636s] INFO:colcon.colcon_core.shell:Skip shell extension 'powershell' for command environment: Not usable outside of PowerShell
[0.636s] DEBUG:colcon.colcon_core.shell:Skip shell extension 'dsv' for command environment
[0.651s] DEBUG:colcon.colcon_core.event_handler.log_command:Invoking command in '/home/yuritvr/PFC/wenis_ws/build/arm_pkg': CMAKE_PREFIX_PATH=${CMAKE_PREFIX_PATH}:/opt/ros/humble /usr/bin/cmake --build /home/yuritvr/PFC/wenis_ws/build/arm_pkg -- -j8 -l8
[0.657s] DEBUG:colcon.colcon_core.event_handler.log_command:Invoking command in '/home/yuritvr/PFC/wenis_ws/build/get_pose_client': CMAKE_PREFIX_PATH=${CMAKE_PREFIX_PATH}:/opt/ros/humble /usr/bin/cmake --build /home/yuritvr/PFC/wenis_ws/build/get_pose_client -- -j8 -l8
[0.664s] DEBUG:colcon.colcon_core.event_handler.log_command:Invoking command in '/home/yuritvr/PFC/wenis_ws/build/moveit2_cartesian': CMAKE_PREFIX_PATH=${CMAKE_PREFIX_PATH}:/opt/ros/humble /usr/bin/cmake --build /home/yuritvr/PFC/wenis_ws/build/moveit2_cartesian -- -j8 -l8
[0.670s] DEBUG:colcon.colcon_core.event_handler.log_command:Invoking command in '/home/yuritvr/PFC/wenis_ws/build/moveit2_kinematics': CMAKE_PREFIX_PATH=${CMAKE_PREFIX_PATH}:/opt/ros/humble /usr/bin/cmake --build /home/yuritvr/PFC/wenis_ws/build/moveit2_kinematics -- -j8 -l8
[0.679s] DEBUG:colcon.colcon_core.event_handler.log_command:Invoking command in '/home/yuritvr/PFC/wenis_ws/build/moveit2_scripts': CMAKE_PREFIX_PATH=${CMAKE_PREFIX_PATH}:/opt/ros/humble /usr/bin/cmake --build /home/yuritvr/PFC/wenis_ws/build/moveit2_scripts -- -j8 -l8
[0.690s] DEBUG:colcon.colcon_core.event_handler.log_command:Invoking command in '/home/yuritvr/PFC/wenis_ws/build/simple_grasping': CMAKE_PREFIX_PATH=${CMAKE_PREFIX_PATH}:/opt/ros/humble /usr/bin/cmake --build /home/yuritvr/PFC/wenis_ws/build/simple_grasping -- -j8 -l8
[0.726s] DEBUG:colcon.colcon_core.event_handler.log_command:Invoked command in '/home/yuritvr/PFC/wenis_ws/build/arm_pkg' returned '0': CMAKE_PREFIX_PATH=${CMAKE_PREFIX_PATH}:/opt/ros/humble /usr/bin/cmake --build /home/yuritvr/PFC/wenis_ws/build/arm_pkg -- -j8 -l8
[0.814s] DEBUG:colcon.colcon_core.event_handler.log_command:Invoked command in '/home/yuritvr/PFC/wenis_ws/build/get_pose_client' returned '0': CMAKE_PREFIX_PATH=${CMAKE_PREFIX_PATH}:/opt/ros/humble /usr/bin/cmake --build /home/yuritvr/PFC/wenis_ws/build/get_pose_client -- -j8 -l8
[0.886s] DEBUG:colcon.colcon_core.event_handler.log_command:Invoking command in '/home/yuritvr/PFC/wenis_ws/build/arm_pkg': CMAKE_PREFIX_PATH=${CMAKE_PREFIX_PATH}:/opt/ros/humble /usr/bin/cmake --install /home/yuritvr/PFC/wenis_ws/build/arm_pkg
[0.899s] DEBUG:colcon.colcon_core.event_handler.log_command:Invoked command in '/home/yuritvr/PFC/wenis_ws/build/moveit2_cartesian' returned '0': CMAKE_PREFIX_PATH=${CMAKE_PREFIX_PATH}:/opt/ros/humble /usr/bin/cmake --build /home/yuritvr/PFC/wenis_ws/build/moveit2_cartesian -- -j8 -l8
[0.909s] DEBUG:colcon.colcon_core.event_handler.log_command:Invoked command in '/home/yuritvr/PFC/wenis_ws/build/moveit2_kinematics' returned '0': CMAKE_PREFIX_PATH=${CMAKE_PREFIX_PATH}:/opt/ros/humble /usr/bin/cmake --build /home/yuritvr/PFC/wenis_ws/build/moveit2_kinematics -- -j8 -l8
[0.914s] DEBUG:colcon.colcon_core.event_handler.log_command:Invoking command in '/home/yuritvr/PFC/wenis_ws/build/get_pose_client': CMAKE_PREFIX_PATH=${CMAKE_PREFIX_PATH}:/opt/ros/humble /usr/bin/cmake --install /home/yuritvr/PFC/wenis_ws/build/get_pose_client
[0.933s] Level 1:colcon.colcon_core.environment:create_environment_scripts_only(arm_pkg)
[0.940s] Level 1:colcon.colcon_core.environment:checking '/home/yuritvr/PFC/wenis_ws/install/arm_pkg' for CMake module files
[0.942s] Level 1:colcon.colcon_core.environment:checking '/home/yuritvr/PFC/wenis_ws/install/arm_pkg' for CMake config files
[0.943s] Level 1:colcon.colcon_core.shell:create_environment_hook('arm_pkg', 'cmake_prefix_path')
[0.944s] INFO:colcon.colcon_core.shell:Creating environment hook '/home/yuritvr/PFC/wenis_ws/install/arm_pkg/share/arm_pkg/hook/cmake_prefix_path.ps1'
[0.945s] DEBUG:colcon.colcon_core.event_handler.log_command:Invoked command in '/home/yuritvr/PFC/wenis_ws/build/arm_pkg' returned '0': CMAKE_PREFIX_PATH=${CMAKE_PREFIX_PATH}:/opt/ros/humble /usr/bin/cmake --install /home/yuritvr/PFC/wenis_ws/build/arm_pkg
[0.951s] INFO:colcon.colcon_core.shell:Creating environment descriptor '/home/yuritvr/PFC/wenis_ws/install/arm_pkg/share/arm_pkg/hook/cmake_prefix_path.dsv'
[0.952s] INFO:colcon.colcon_core.shell:Creating environment hook '/home/yuritvr/PFC/wenis_ws/install/arm_pkg/share/arm_pkg/hook/cmake_prefix_path.sh'
[0.954s] Level 1:colcon.colcon_core.environment:checking '/home/yuritvr/PFC/wenis_ws/install/arm_pkg/bin'
[0.954s] Level 1:colcon.colcon_core.environment:checking '/home/yuritvr/PFC/wenis_ws/install/arm_pkg/lib/pkgconfig/arm_pkg.pc'
[0.954s] Level 1:colcon.colcon_core.environment:checking '/home/yuritvr/PFC/wenis_ws/install/arm_pkg/lib/python3.10/site-packages'
[0.955s] Level 1:colcon.colcon_core.environment:checking '/home/yuritvr/PFC/wenis_ws/install/arm_pkg/bin'
[0.956s] INFO:colcon.colcon_core.shell:Creating package script '/home/yuritvr/PFC/wenis_ws/install/arm_pkg/share/arm_pkg/package.ps1'
[0.958s] INFO:colcon.colcon_core.shell:Creating package descriptor '/home/yuritvr/PFC/wenis_ws/install/arm_pkg/share/arm_pkg/package.dsv'
[0.959s] INFO:colcon.colcon_core.shell:Creating package script '/home/yuritvr/PFC/wenis_ws/install/arm_pkg/share/arm_pkg/package.sh'
[0.960s] INFO:colcon.colcon_core.shell:Creating package script '/home/yuritvr/PFC/wenis_ws/install/arm_pkg/share/arm_pkg/package.bash'
[0.962s] INFO:colcon.colcon_core.shell:Creating package script '/home/yuritvr/PFC/wenis_ws/install/arm_pkg/share/arm_pkg/package.zsh'
[0.964s] Level 1:colcon.colcon_core.environment:create_file_with_runtime_dependencies(/home/yuritvr/PFC/wenis_ws/install/arm_pkg/share/colcon-core/packages/arm_pkg)
[0.968s] Level 1:colcon.colcon_core.environment:create_environment_scripts_only(get_pose_client)
[0.969s] Level 1:colcon.colcon_core.environment:checking '/home/yuritvr/PFC/wenis_ws/install/get_pose_client' for CMake module files
[0.971s] DEBUG:colcon.colcon_core.event_handler.log_command:Invoked command in '/home/yuritvr/PFC/wenis_ws/build/get_pose_client' returned '0': CMAKE_PREFIX_PATH=${CMAKE_PREFIX_PATH}:/opt/ros/humble /usr/bin/cmake --install /home/yuritvr/PFC/wenis_ws/build/get_pose_client
[0.971s] Level 1:colcon.colcon_core.environment:checking '/home/yuritvr/PFC/wenis_ws/install/get_pose_client' for CMake config files
[0.971s] Level 1:colcon.colcon_core.shell:create_environment_hook('get_pose_client', 'cmake_prefix_path')
[0.972s] INFO:colcon.colcon_core.shell:Creating environment hook '/home/yuritvr/PFC/wenis_ws/install/get_pose_client/share/get_pose_client/hook/cmake_prefix_path.ps1'
[0.973s] INFO:colcon.colcon_core.shell:Creating environment descriptor '/home/yuritvr/PFC/wenis_ws/install/get_pose_client/share/get_pose_client/hook/cmake_prefix_path.dsv'
[0.973s] INFO:colcon.colcon_core.shell:Creating environment hook '/home/yuritvr/PFC/wenis_ws/install/get_pose_client/share/get_pose_client/hook/cmake_prefix_path.sh'
[0.974s] Level 1:colcon.colcon_core.environment:checking '/home/yuritvr/PFC/wenis_ws/install/get_pose_client/lib'
[0.975s] Level 1:colcon.colcon_core.environment:checking '/home/yuritvr/PFC/wenis_ws/install/get_pose_client/bin'
[0.975s] Level 1:colcon.colcon_core.environment:checking '/home/yuritvr/PFC/wenis_ws/install/get_pose_client/lib/pkgconfig/get_pose_client.pc'
[0.975s] Level 1:colcon.colcon_core.environment:checking '/home/yuritvr/PFC/wenis_ws/install/get_pose_client/lib/python3.10/site-packages'
[0.976s] Level 1:colcon.colcon_core.environment:checking '/home/yuritvr/PFC/wenis_ws/install/get_pose_client/bin'
[0.976s] INFO:colcon.colcon_core.shell:Creating package script '/home/yuritvr/PFC/wenis_ws/install/get_pose_client/share/get_pose_client/package.ps1'
[0.977s] INFO:colcon.colcon_core.shell:Creating package descriptor '/home/yuritvr/PFC/wenis_ws/install/get_pose_client/share/get_pose_client/package.dsv'
[0.978s] INFO:colcon.colcon_core.shell:Creating package script '/home/yuritvr/PFC/wenis_ws/install/get_pose_client/share/get_pose_client/package.sh'
[0.978s] INFO:colcon.colcon_core.shell:Creating package script '/home/yuritvr/PFC/wenis_ws/install/get_pose_client/share/get_pose_client/package.bash'
[0.979s] INFO:colcon.colcon_core.shell:Creating package script '/home/yuritvr/PFC/wenis_ws/install/get_pose_client/share/get_pose_client/package.zsh'
[0.980s] Level 1:colcon.colcon_core.environment:create_file_with_runtime_dependencies(/home/yuritvr/PFC/wenis_ws/install/get_pose_client/share/colcon-core/packages/get_pose_client)
[0.985s] DEBUG:colcon.colcon_core.event_handler.log_command:Invoking command in '/home/yuritvr/PFC/wenis_ws/build/moveit2_cartesian': CMAKE_PREFIX_PATH=${CMAKE_PREFIX_PATH}:/opt/ros/humble /usr/bin/cmake --install /home/yuritvr/PFC/wenis_ws/build/moveit2_cartesian
[0.990s] DEBUG:colcon.colcon_core.event_handler.log_command:Invoking command in '/home/yuritvr/PFC/wenis_ws/build/moveit2_kinematics': CMAKE_PREFIX_PATH=${CMAKE_PREFIX_PATH}:/opt/ros/humble /usr/bin/cmake --install /home/yuritvr/PFC/wenis_ws/build/moveit2_kinematics
[0.992s] DEBUG:colcon.colcon_core.event_handler.log_command:Invoked command in '/home/yuritvr/PFC/wenis_ws/build/moveit2_scripts' returned '0': CMAKE_PREFIX_PATH=${CMAKE_PREFIX_PATH}:/opt/ros/humble /usr/bin/cmake --build /home/yuritvr/PFC/wenis_ws/build/moveit2_scripts -- -j8 -l8
[1.006s] Level 1:colcon.colcon_core.environment:create_environment_scripts_only(moveit2_cartesian)
[1.007s] Level 1:colcon.colcon_core.environment:checking '/home/yuritvr/PFC/wenis_ws/install/moveit2_cartesian' for CMake module files
[1.009s] Level 1:colcon.colcon_core.environment:checking '/home/yuritvr/PFC/wenis_ws/install/moveit2_cartesian' for CMake config files
[1.010s] DEBUG:colcon.colcon_core.event_handler.log_command:Invoked command in '/home/yuritvr/PFC/wenis_ws/build/moveit2_cartesian' returned '0': CMAKE_PREFIX_PATH=${CMAKE_PREFIX_PATH}:/opt/ros/humble /usr/bin/cmake --install /home/yuritvr/PFC/wenis_ws/build/moveit2_cartesian
[1.013s] Level 1:colcon.colcon_core.shell:create_environment_hook('moveit2_cartesian', 'cmake_prefix_path')
[1.013s] INFO:colcon.colcon_core.shell:Creating environment hook '/home/yuritvr/PFC/wenis_ws/install/moveit2_cartesian/share/moveit2_cartesian/hook/cmake_prefix_path.ps1'
[1.014s] INFO:colcon.colcon_core.shell:Creating environment descriptor '/home/yuritvr/PFC/wenis_ws/install/moveit2_cartesian/share/moveit2_cartesian/hook/cmake_prefix_path.dsv'
[1.016s] INFO:colcon.colcon_core.shell:Creating environment hook '/home/yuritvr/PFC/wenis_ws/install/moveit2_cartesian/share/moveit2_cartesian/hook/cmake_prefix_path.sh'
[1.017s] Level 1:colcon.colcon_core.environment:checking '/home/yuritvr/PFC/wenis_ws/install/moveit2_cartesian/lib'
[1.018s] Level 1:colcon.colcon_core.environment:checking '/home/yuritvr/PFC/wenis_ws/install/moveit2_cartesian/bin'
[1.018s] Level 1:colcon.colcon_core.environment:checking '/home/yuritvr/PFC/wenis_ws/install/moveit2_cartesian/lib/pkgconfig/moveit2_cartesian.pc'
[1.019s] Level 1:colcon.colcon_core.environment:checking '/home/yuritvr/PFC/wenis_ws/install/moveit2_cartesian/lib/python3.10/site-packages'
[1.020s] Level 1:colcon.colcon_core.environment:checking '/home/yuritvr/PFC/wenis_ws/install/moveit2_cartesian/bin'
[1.021s] INFO:colcon.colcon_core.shell:Creating package script '/home/yuritvr/PFC/wenis_ws/install/moveit2_cartesian/share/moveit2_cartesian/package.ps1'
[1.022s] INFO:colcon.colcon_core.shell:Creating package descriptor '/home/yuritvr/PFC/wenis_ws/install/moveit2_cartesian/share/moveit2_cartesian/package.dsv'
[1.023s] INFO:colcon.colcon_core.shell:Creating package script '/home/yuritvr/PFC/wenis_ws/install/moveit2_cartesian/share/moveit2_cartesian/package.sh'
[1.024s] INFO:colcon.colcon_core.shell:Creating package script '/home/yuritvr/PFC/wenis_ws/install/moveit2_cartesian/share/moveit2_cartesian/package.bash'
[1.025s] INFO:colcon.colcon_core.shell:Creating package script '/home/yuritvr/PFC/wenis_ws/install/moveit2_cartesian/share/moveit2_cartesian/package.zsh'
[1.025s] Level 1:colcon.colcon_core.environment:create_file_with_runtime_dependencies(/home/yuritvr/PFC/wenis_ws/install/moveit2_cartesian/share/colcon-core/packages/moveit2_cartesian)
[1.030s] Level 1:colcon.colcon_core.environment:create_environment_scripts_only(arm_pkg)
[1.031s] Level 1:colcon.colcon_core.environment:checking '/home/yuritvr/PFC/wenis_ws/install/arm_pkg' for CMake module files
[1.033s] Level 1:colcon.colcon_core.environment:checking '/home/yuritvr/PFC/wenis_ws/install/arm_pkg' for CMake config files
[1.034s] Level 1:colcon.colcon_core.shell:create_environment_hook('arm_pkg', 'cmake_prefix_path')
[1.035s] INFO:colcon.colcon_core.shell:Creating environment hook '/home/yuritvr/PFC/wenis_ws/install/arm_pkg/share/arm_pkg/hook/cmake_prefix_path.ps1'
[1.036s] INFO:colcon.colcon_core.shell:Creating environment descriptor '/home/yuritvr/PFC/wenis_ws/install/arm_pkg/share/arm_pkg/hook/cmake_prefix_path.dsv'
[1.036s] INFO:colcon.colcon_core.shell:Creating environment hook '/home/yuritvr/PFC/wenis_ws/install/arm_pkg/share/arm_pkg/hook/cmake_prefix_path.sh'
[1.037s] Level 1:colcon.colcon_core.environment:checking '/home/yuritvr/PFC/wenis_ws/install/arm_pkg/bin'
[1.037s] Level 1:colcon.colcon_core.environment:checking '/home/yuritvr/PFC/wenis_ws/install/arm_pkg/lib/pkgconfig/arm_pkg.pc'
[1.038s] Level 1:colcon.colcon_core.environment:checking '/home/yuritvr/PFC/wenis_ws/install/arm_pkg/lib/python3.10/site-packages'
[1.039s] Level 1:colcon.colcon_core.environment:checking '/home/yuritvr/PFC/wenis_ws/install/arm_pkg/bin'
[1.039s] INFO:colcon.colcon_core.shell:Creating package script '/home/yuritvr/PFC/wenis_ws/install/arm_pkg/share/arm_pkg/package.ps1'
[1.041s] INFO:colcon.colcon_core.shell:Creating package descriptor '/home/yuritvr/PFC/wenis_ws/install/arm_pkg/share/arm_pkg/package.dsv'
[1.042s] INFO:colcon.colcon_core.shell:Creating package script '/home/yuritvr/PFC/wenis_ws/install/arm_pkg/share/arm_pkg/package.sh'
[1.043s] INFO:colcon.colcon_core.shell:Creating package script '/home/yuritvr/PFC/wenis_ws/install/arm_pkg/share/arm_pkg/package.bash'
[1.044s] INFO:colcon.colcon_core.shell:Creating package script '/home/yuritvr/PFC/wenis_ws/install/arm_pkg/share/arm_pkg/package.zsh'
[1.044s] Level 1:colcon.colcon_core.environment:create_file_with_runtime_dependencies(/home/yuritvr/PFC/wenis_ws/install/arm_pkg/share/colcon-core/packages/arm_pkg)
[1.046s] INFO:colcon.colcon_ros.task.ament_cmake.build:Building ROS package in '/home/yuritvr/PFC/wenis_ws/src/ros2_manipulator/moveit_config' with build type 'ament_cmake'
[1.047s] INFO:colcon.colcon_cmake.task.cmake.build:Building CMake package in '/home/yuritvr/PFC/wenis_ws/src/ros2_manipulator/moveit_config'
[1.047s] INFO:colcon.colcon_core.shell:Skip shell extension 'powershell' for command environment: Not usable outside of PowerShell
[1.048s] DEBUG:colcon.colcon_core.shell:Skip shell extension 'dsv' for command environment
[1.061s] Level 1:colcon.colcon_core.environment:create_environment_scripts_only(moveit2_kinematics)
[1.062s] Level 1:colcon.colcon_core.environment:checking '/home/yuritvr/PFC/wenis_ws/install/moveit2_kinematics' for CMake module files
[1.063s] Level 1:colcon.colcon_core.environment:checking '/home/yuritvr/PFC/wenis_ws/install/moveit2_kinematics' for CMake config files
[1.064s] DEBUG:colcon.colcon_core.event_handler.log_command:Invoked command in '/home/yuritvr/PFC/wenis_ws/build/moveit2_kinematics' returned '0': CMAKE_PREFIX_PATH=${CMAKE_PREFIX_PATH}:/opt/ros/humble /usr/bin/cmake --install /home/yuritvr/PFC/wenis_ws/build/moveit2_kinematics
[1.065s] Level 1:colcon.colcon_core.shell:create_environment_hook('moveit2_kinematics', 'cmake_prefix_path')
[1.065s] INFO:colcon.colcon_core.shell:Creating environment hook '/home/yuritvr/PFC/wenis_ws/install/moveit2_kinematics/share/moveit2_kinematics/hook/cmake_prefix_path.ps1'
[1.066s] INFO:colcon.colcon_core.shell:Creating environment descriptor '/home/yuritvr/PFC/wenis_ws/install/moveit2_kinematics/share/moveit2_kinematics/hook/cmake_prefix_path.dsv'
[1.067s] INFO:colcon.colcon_core.shell:Creating environment hook '/home/yuritvr/PFC/wenis_ws/install/moveit2_kinematics/share/moveit2_kinematics/hook/cmake_prefix_path.sh'
[1.068s] Level 1:colcon.colcon_core.environment:checking '/home/yuritvr/PFC/wenis_ws/install/moveit2_kinematics/lib'
[1.068s] Level 1:colcon.colcon_core.environment:checking '/home/yuritvr/PFC/wenis_ws/install/moveit2_kinematics/bin'
[1.068s] Level 1:colcon.colcon_core.environment:checking '/home/yuritvr/PFC/wenis_ws/install/moveit2_kinematics/lib/pkgconfig/moveit2_kinematics.pc'
[1.068s] Level 1:colcon.colcon_core.environment:checking '/home/yuritvr/PFC/wenis_ws/install/moveit2_kinematics/lib/python3.10/site-packages'
[1.069s] Level 1:colcon.colcon_core.environment:checking '/home/yuritvr/PFC/wenis_ws/install/moveit2_kinematics/bin'
[1.069s] INFO:colcon.colcon_core.shell:Creating package script '/home/yuritvr/PFC/wenis_ws/install/moveit2_kinematics/share/moveit2_kinematics/package.ps1'
[1.070s] INFO:colcon.colcon_core.shell:Creating package descriptor '/home/yuritvr/PFC/wenis_ws/install/moveit2_kinematics/share/moveit2_kinematics/package.dsv'
[1.071s] INFO:colcon.colcon_core.shell:Creating package script '/home/yuritvr/PFC/wenis_ws/install/moveit2_kinematics/share/moveit2_kinematics/package.sh'
[1.072s] INFO:colcon.colcon_core.shell:Creating package script '/home/yuritvr/PFC/wenis_ws/install/moveit2_kinematics/share/moveit2_kinematics/package.bash'
[1.073s] INFO:colcon.colcon_core.shell:Creating package script '/home/yuritvr/PFC/wenis_ws/install/moveit2_kinematics/share/moveit2_kinematics/package.zsh'
[1.073s] Level 1:colcon.colcon_core.environment:create_file_with_runtime_dependencies(/home/yuritvr/PFC/wenis_ws/install/moveit2_kinematics/share/colcon-core/packages/moveit2_kinematics)
[1.077s] Level 1:colcon.colcon_core.environment:create_environment_scripts_only(get_pose_client)
[1.078s] Level 1:colcon.colcon_core.environment:checking '/home/yuritvr/PFC/wenis_ws/install/get_pose_client' for CMake module files
[1.079s] Level 1:colcon.colcon_core.environment:checking '/home/yuritvr/PFC/wenis_ws/install/get_pose_client' for CMake config files
[1.079s] Level 1:colcon.colcon_core.shell:create_environment_hook('get_pose_client', 'cmake_prefix_path')
[1.080s] INFO:colcon.colcon_core.shell:Creating environment hook '/home/yuritvr/PFC/wenis_ws/install/get_pose_client/share/get_pose_client/hook/cmake_prefix_path.ps1'
[1.081s] INFO:colcon.colcon_core.shell:Creating environment descriptor '/home/yuritvr/PFC/wenis_ws/install/get_pose_client/share/get_pose_client/hook/cmake_prefix_path.dsv'
[1.081s] INFO:colcon.colcon_core.shell:Creating environment hook '/home/yuritvr/PFC/wenis_ws/install/get_pose_client/share/get_pose_client/hook/cmake_prefix_path.sh'
[1.082s] Level 1:colcon.colcon_core.environment:checking '/home/yuritvr/PFC/wenis_ws/install/get_pose_client/lib'
[1.082s] Level 1:colcon.colcon_core.environment:checking '/home/yuritvr/PFC/wenis_ws/install/get_pose_client/bin'
[1.083s] Level 1:colcon.colcon_core.environment:checking '/home/yuritvr/PFC/wenis_ws/install/get_pose_client/lib/pkgconfig/get_pose_client.pc'
[1.083s] Level 1:colcon.colcon_core.environment:checking '/home/yuritvr/PFC/wenis_ws/install/get_pose_client/lib/python3.10/site-packages'
[1.084s] Level 1:colcon.colcon_core.environment:checking '/home/yuritvr/PFC/wenis_ws/install/get_pose_client/bin'
[1.084s] INFO:colcon.colcon_core.shell:Creating package script '/home/yuritvr/PFC/wenis_ws/install/get_pose_client/share/get_pose_client/package.ps1'
[1.085s] INFO:colcon.colcon_core.shell:Creating package descriptor '/home/yuritvr/PFC/wenis_ws/install/get_pose_client/share/get_pose_client/package.dsv'
[1.086s] INFO:colcon.colcon_core.shell:Creating package script '/home/yuritvr/PFC/wenis_ws/install/get_pose_client/share/get_pose_client/package.sh'
[1.087s] INFO:colcon.colcon_core.shell:Creating package script '/home/yuritvr/PFC/wenis_ws/install/get_pose_client/share/get_pose_client/package.bash'
[1.088s] INFO:colcon.colcon_core.shell:Creating package script '/home/yuritvr/PFC/wenis_ws/install/get_pose_client/share/get_pose_client/package.zsh'
[1.089s] Level 1:colcon.colcon_core.environment:create_file_with_runtime_dependencies(/home/yuritvr/PFC/wenis_ws/install/get_pose_client/share/colcon-core/packages/get_pose_client)
[1.094s] DEBUG:colcon.colcon_core.event_handler.log_command:Invoking command in '/home/yuritvr/PFC/wenis_ws/build/moveit2_scripts': CMAKE_PREFIX_PATH=${CMAKE_PREFIX_PATH}:/opt/ros/humble /usr/bin/cmake --install /home/yuritvr/PFC/wenis_ws/build/moveit2_scripts
[1.098s] Level 1:colcon.colcon_core.environment:create_environment_scripts_only(moveit2_cartesian)
[1.099s] Level 1:colcon.colcon_core.environment:checking '/home/yuritvr/PFC/wenis_ws/install/moveit2_cartesian' for CMake module files
[1.102s] DEBUG:colcon.colcon_core.event_handler.log_command:Invoking command in '/home/yuritvr/PFC/wenis_ws/build/moveit_config': CMAKE_PREFIX_PATH=/home/yuritvr/PFC/wenis_ws/install/arm_pkg:/home/yuritvr/PFC/wenis_ws/install/xarm_description:/home/yuritvr/PFC/wenis_ws/install/simple_grasping:/home/yuritvr/PFC/wenis_ws/install/moveit_config:/home/yuritvr/PFC/wenis_ws/install/moveit2_scripts:/home/yuritvr/PFC/wenis_ws/install/moveit2_kinematics:/home/yuritvr/PFC/wenis_ws/install/moveit2_cartesian:/home/yuritvr/PFC/wenis_ws/install/get_pose_client:/home/yuritvr/PFC/pfc_ws/install/pfc_moveit:/home/yuritvr/PFC/pfc_ws/install/moveit_test:/home/yuritvr/PFC/pfc_ws/install/ur_robotiq_description:/home/yuritvr/PFC/pfc_ws/install/pfc_arm:/home/yuritvr/PFC/pfc_ws/install/gazebo_ros2_control:/opt/ros/humble /usr/bin/cmake --build /home/yuritvr/PFC/wenis_ws/build/moveit_config -- -j8 -l8
[1.103s] Level 1:colcon.colcon_core.environment:checking '/home/yuritvr/PFC/wenis_ws/install/moveit2_cartesian' for CMake config files
[1.104s] Level 1:colcon.colcon_core.shell:create_environment_hook('moveit2_cartesian', 'cmake_prefix_path')
[1.104s] INFO:colcon.colcon_core.shell:Creating environment hook '/home/yuritvr/PFC/wenis_ws/install/moveit2_cartesian/share/moveit2_cartesian/hook/cmake_prefix_path.ps1'
[1.105s] INFO:colcon.colcon_core.shell:Creating environment descriptor '/home/yuritvr/PFC/wenis_ws/install/moveit2_cartesian/share/moveit2_cartesian/hook/cmake_prefix_path.dsv'
[1.107s] INFO:colcon.colcon_core.shell:Creating environment hook '/home/yuritvr/PFC/wenis_ws/install/moveit2_cartesian/share/moveit2_cartesian/hook/cmake_prefix_path.sh'
[1.109s] Level 1:colcon.colcon_core.environment:checking '/home/yuritvr/PFC/wenis_ws/install/moveit2_cartesian/lib'
[1.111s] Level 1:colcon.colcon_core.environment:checking '/home/yuritvr/PFC/wenis_ws/install/moveit2_cartesian/bin'
[1.111s] Level 1:colcon.colcon_core.environment:checking '/home/yuritvr/PFC/wenis_ws/install/moveit2_cartesian/lib/pkgconfig/moveit2_cartesian.pc'
[1.112s] Level 1:colcon.colcon_core.environment:checking '/home/yuritvr/PFC/wenis_ws/install/moveit2_cartesian/lib/python3.10/site-packages'
[1.113s] Level 1:colcon.colcon_core.environment:checking '/home/yuritvr/PFC/wenis_ws/install/moveit2_cartesian/bin'
[1.114s] INFO:colcon.colcon_core.shell:Creating package script '/home/yuritvr/PFC/wenis_ws/install/moveit2_cartesian/share/moveit2_cartesian/package.ps1'
[1.115s] INFO:colcon.colcon_core.shell:Creating package descriptor '/home/yuritvr/PFC/wenis_ws/install/moveit2_cartesian/share/moveit2_cartesian/package.dsv'
[1.116s] INFO:colcon.colcon_core.shell:Creating package script '/home/yuritvr/PFC/wenis_ws/install/moveit2_cartesian/share/moveit2_cartesian/package.sh'
[1.118s] INFO:colcon.colcon_core.shell:Creating package script '/home/yuritvr/PFC/wenis_ws/install/moveit2_cartesian/share/moveit2_cartesian/package.bash'
[1.119s] INFO:colcon.colcon_core.shell:Creating package script '/home/yuritvr/PFC/wenis_ws/install/moveit2_cartesian/share/moveit2_cartesian/package.zsh'
[1.120s] Level 1:colcon.colcon_core.environment:create_file_with_runtime_dependencies(/home/yuritvr/PFC/wenis_ws/install/moveit2_cartesian/share/colcon-core/packages/moveit2_cartesian)
[1.123s] Level 1:colcon.colcon_core.environment:create_environment_scripts_only(moveit2_kinematics)
[1.124s] Level 1:colcon.colcon_core.environment:checking '/home/yuritvr/PFC/wenis_ws/install/moveit2_kinematics' for CMake module files
[1.126s] Level 1:colcon.colcon_core.environment:checking '/home/yuritvr/PFC/wenis_ws/install/moveit2_kinematics' for CMake config files
[1.126s] Level 1:colcon.colcon_core.shell:create_environment_hook('moveit2_kinematics', 'cmake_prefix_path')
[1.127s] INFO:colcon.colcon_core.shell:Creating environment hook '/home/yuritvr/PFC/wenis_ws/install/moveit2_kinematics/share/moveit2_kinematics/hook/cmake_prefix_path.ps1'
[1.128s] INFO:colcon.colcon_core.shell:Creating environment descriptor '/home/yuritvr/PFC/wenis_ws/install/moveit2_kinematics/share/moveit2_kinematics/hook/cmake_prefix_path.dsv'
[1.129s] INFO:colcon.colcon_core.shell:Creating environment hook '/home/yuritvr/PFC/wenis_ws/install/moveit2_kinematics/share/moveit2_kinematics/hook/cmake_prefix_path.sh'
[1.130s] Level 1:colcon.colcon_core.environment:checking '/home/yuritvr/PFC/wenis_ws/install/moveit2_kinematics/lib'
[1.130s] Level 1:colcon.colcon_core.environment:checking '/home/yuritvr/PFC/wenis_ws/install/moveit2_kinematics/bin'
[1.130s] Level 1:colcon.colcon_core.environment:checking '/home/yuritvr/PFC/wenis_ws/install/moveit2_kinematics/lib/pkgconfig/moveit2_kinematics.pc'
[1.131s] Level 1:colcon.colcon_core.environment:checking '/home/yuritvr/PFC/wenis_ws/install/moveit2_kinematics/lib/python3.10/site-packages'
[1.131s] Level 1:colcon.colcon_core.environment:checking '/home/yuritvr/PFC/wenis_ws/install/moveit2_kinematics/bin'
[1.132s] INFO:colcon.colcon_core.shell:Creating package script '/home/yuritvr/PFC/wenis_ws/install/moveit2_kinematics/share/moveit2_kinematics/package.ps1'
[1.133s] INFO:colcon.colcon_core.shell:Creating package descriptor '/home/yuritvr/PFC/wenis_ws/install/moveit2_kinematics/share/moveit2_kinematics/package.dsv'
[1.134s] INFO:colcon.colcon_core.shell:Creating package script '/home/yuritvr/PFC/wenis_ws/install/moveit2_kinematics/share/moveit2_kinematics/package.sh'
[1.135s] INFO:colcon.colcon_core.shell:Creating package script '/home/yuritvr/PFC/wenis_ws/install/moveit2_kinematics/share/moveit2_kinematics/package.bash'
[1.135s] INFO:colcon.colcon_core.shell:Creating package script '/home/yuritvr/PFC/wenis_ws/install/moveit2_kinematics/share/moveit2_kinematics/package.zsh'
[1.136s] Level 1:colcon.colcon_core.environment:create_file_with_runtime_dependencies(/home/yuritvr/PFC/wenis_ws/install/moveit2_kinematics/share/colcon-core/packages/moveit2_kinematics)
[1.137s] Level 1:colcon.colcon_core.environment:create_environment_scripts_only(moveit2_scripts)
[1.137s] Level 1:colcon.colcon_core.environment:checking '/home/yuritvr/PFC/wenis_ws/install/moveit2_scripts' for CMake module files
[1.140s] DEBUG:colcon.colcon_core.event_handler.log_command:Invoked command in '/home/yuritvr/PFC/wenis_ws/build/moveit2_scripts' returned '0': CMAKE_PREFIX_PATH=${CMAKE_PREFIX_PATH}:/opt/ros/humble /usr/bin/cmake --install /home/yuritvr/PFC/wenis_ws/build/moveit2_scripts
[1.140s] Level 1:colcon.colcon_core.environment:checking '/home/yuritvr/PFC/wenis_ws/install/moveit2_scripts' for CMake config files
[1.141s] Level 1:colcon.colcon_core.shell:create_environment_hook('moveit2_scripts', 'cmake_prefix_path')
[1.142s] INFO:colcon.colcon_core.shell:Creating environment hook '/home/yuritvr/PFC/wenis_ws/install/moveit2_scripts/share/moveit2_scripts/hook/cmake_prefix_path.ps1'
[1.142s] INFO:colcon.colcon_core.shell:Creating environment descriptor '/home/yuritvr/PFC/wenis_ws/install/moveit2_scripts/share/moveit2_scripts/hook/cmake_prefix_path.dsv'
[1.143s] INFO:colcon.colcon_core.shell:Creating environment hook '/home/yuritvr/PFC/wenis_ws/install/moveit2_scripts/share/moveit2_scripts/hook/cmake_prefix_path.sh'
[1.144s] Level 1:colcon.colcon_core.environment:checking '/home/yuritvr/PFC/wenis_ws/install/moveit2_scripts/lib'
[1.144s] Level 1:colcon.colcon_core.environment:checking '/home/yuritvr/PFC/wenis_ws/install/moveit2_scripts/bin'
[1.144s] Level 1:colcon.colcon_core.environment:checking '/home/yuritvr/PFC/wenis_ws/install/moveit2_scripts/lib/pkgconfig/moveit2_scripts.pc'
[1.145s] Level 1:colcon.colcon_core.environment:checking '/home/yuritvr/PFC/wenis_ws/install/moveit2_scripts/lib/python3.10/site-packages'
[1.145s] Level 1:colcon.colcon_core.environment:checking '/home/yuritvr/PFC/wenis_ws/install/moveit2_scripts/bin'
[1.146s] INFO:colcon.colcon_core.shell:Creating package script '/home/yuritvr/PFC/wenis_ws/install/moveit2_scripts/share/moveit2_scripts/package.ps1'
[1.146s] INFO:colcon.colcon_core.shell:Creating package descriptor '/home/yuritvr/PFC/wenis_ws/install/moveit2_scripts/share/moveit2_scripts/package.dsv'
[1.147s] INFO:colcon.colcon_core.shell:Creating package script '/home/yuritvr/PFC/wenis_ws/install/moveit2_scripts/share/moveit2_scripts/package.sh'
[1.148s] INFO:colcon.colcon_core.shell:Creating package script '/home/yuritvr/PFC/wenis_ws/install/moveit2_scripts/share/moveit2_scripts/package.bash'
[1.149s] INFO:colcon.colcon_core.shell:Creating package script '/home/yuritvr/PFC/wenis_ws/install/moveit2_scripts/share/moveit2_scripts/package.zsh'
[1.149s] Level 1:colcon.colcon_core.environment:create_file_with_runtime_dependencies(/home/yuritvr/PFC/wenis_ws/install/moveit2_scripts/share/colcon-core/packages/moveit2_scripts)
[1.153s] DEBUG:colcon.colcon_core.event_handler.log_command:Invoked command in '/home/yuritvr/PFC/wenis_ws/build/simple_grasping' returned '0': CMAKE_PREFIX_PATH=${CMAKE_PREFIX_PATH}:/opt/ros/humble /usr/bin/cmake --build /home/yuritvr/PFC/wenis_ws/build/simple_grasping -- -j8 -l8
[1.167s] DEBUG:colcon.colcon_core.event_handler.log_command:Invoked command in '/home/yuritvr/PFC/wenis_ws/build/moveit_config' returned '0': CMAKE_PREFIX_PATH=/home/yuritvr/PFC/wenis_ws/install/arm_pkg:/home/yuritvr/PFC/wenis_ws/install/xarm_description:/home/yuritvr/PFC/wenis_ws/install/simple_grasping:/home/yuritvr/PFC/wenis_ws/install/moveit_config:/home/yuritvr/PFC/wenis_ws/install/moveit2_scripts:/home/yuritvr/PFC/wenis_ws/install/moveit2_kinematics:/home/yuritvr/PFC/wenis_ws/install/moveit2_cartesian:/home/yuritvr/PFC/wenis_ws/install/get_pose_client:/home/yuritvr/PFC/pfc_ws/install/pfc_moveit:/home/yuritvr/PFC/pfc_ws/install/moveit_test:/home/yuritvr/PFC/pfc_ws/install/ur_robotiq_description:/home/yuritvr/PFC/pfc_ws/install/pfc_arm:/home/yuritvr/PFC/pfc_ws/install/gazebo_ros2_control:/opt/ros/humble /usr/bin/cmake --build /home/yuritvr/PFC/wenis_ws/build/moveit_config -- -j8 -l8
[1.205s] DEBUG:colcon.colcon_core.event_handler.log_command:Invoking command in '/home/yuritvr/PFC/wenis_ws/build/moveit_config': CMAKE_PREFIX_PATH=/home/yuritvr/PFC/wenis_ws/install/arm_pkg:/home/yuritvr/PFC/wenis_ws/install/xarm_description:/home/yuritvr/PFC/wenis_ws/install/simple_grasping:/home/yuritvr/PFC/wenis_ws/install/moveit_config:/home/yuritvr/PFC/wenis_ws/install/moveit2_scripts:/home/yuritvr/PFC/wenis_ws/install/moveit2_kinematics:/home/yuritvr/PFC/wenis_ws/install/moveit2_cartesian:/home/yuritvr/PFC/wenis_ws/install/get_pose_client:/home/yuritvr/PFC/pfc_ws/install/pfc_moveit:/home/yuritvr/PFC/pfc_ws/install/moveit_test:/home/yuritvr/PFC/pfc_ws/install/ur_robotiq_description:/home/yuritvr/PFC/pfc_ws/install/pfc_arm:/home/yuritvr/PFC/pfc_ws/install/gazebo_ros2_control:/opt/ros/humble /usr/bin/cmake --install /home/yuritvr/PFC/wenis_ws/build/moveit_config
[1.207s] Level 1:colcon.colcon_core.environment:create_environment_scripts_only(moveit2_scripts)
[1.208s] Level 1:colcon.colcon_core.environment:checking '/home/yuritvr/PFC/wenis_ws/install/moveit2_scripts' for CMake module files
[1.209s] Level 1:colcon.colcon_core.environment:checking '/home/yuritvr/PFC/wenis_ws/install/moveit2_scripts' for CMake config files
[1.210s] Level 1:colcon.colcon_core.shell:create_environment_hook('moveit2_scripts', 'cmake_prefix_path')
[1.211s] INFO:colcon.colcon_core.shell:Creating environment hook '/home/yuritvr/PFC/wenis_ws/install/moveit2_scripts/share/moveit2_scripts/hook/cmake_prefix_path.ps1'
[1.212s] INFO:colcon.colcon_core.shell:Creating environment descriptor '/home/yuritvr/PFC/wenis_ws/install/moveit2_scripts/share/moveit2_scripts/hook/cmake_prefix_path.dsv'
[1.212s] INFO:colcon.colcon_core.shell:Creating environment hook '/home/yuritvr/PFC/wenis_ws/install/moveit2_scripts/share/moveit2_scripts/hook/cmake_prefix_path.sh'
[1.213s] Level 1:colcon.colcon_core.environment:checking '/home/yuritvr/PFC/wenis_ws/install/moveit2_scripts/lib'
[1.213s] Level 1:colcon.colcon_core.environment:checking '/home/yuritvr/PFC/wenis_ws/install/moveit2_scripts/bin'
[1.214s] Level 1:colcon.colcon_core.environment:checking '/home/yuritvr/PFC/wenis_ws/install/moveit2_scripts/lib/pkgconfig/moveit2_scripts.pc'
[1.214s] Level 1:colcon.colcon_core.environment:checking '/home/yuritvr/PFC/wenis_ws/install/moveit2_scripts/lib/python3.10/site-packages'
[1.215s] Level 1:colcon.colcon_core.environment:checking '/home/yuritvr/PFC/wenis_ws/install/moveit2_scripts/bin'
[1.215s] INFO:colcon.colcon_core.shell:Creating package script '/home/yuritvr/PFC/wenis_ws/install/moveit2_scripts/share/moveit2_scripts/package.ps1'
[1.216s] INFO:colcon.colcon_core.shell:Creating package descriptor '/home/yuritvr/PFC/wenis_ws/install/moveit2_scripts/share/moveit2_scripts/package.dsv'
[1.217s] INFO:colcon.colcon_core.shell:Creating package script '/home/yuritvr/PFC/wenis_ws/install/moveit2_scripts/share/moveit2_scripts/package.sh'
[1.218s] INFO:colcon.colcon_core.shell:Creating package script '/home/yuritvr/PFC/wenis_ws/install/moveit2_scripts/share/moveit2_scripts/package.bash'
[1.219s] INFO:colcon.colcon_core.shell:Creating package script '/home/yuritvr/PFC/wenis_ws/install/moveit2_scripts/share/moveit2_scripts/package.zsh'
[1.222s] Level 1:colcon.colcon_core.environment:create_file_with_runtime_dependencies(/home/yuritvr/PFC/wenis_ws/install/moveit2_scripts/share/colcon-core/packages/moveit2_scripts)
[1.225s] Level 1:colcon.colcon_core.environment:create_environment_scripts_only(moveit_config)
[1.226s] Level 1:colcon.colcon_core.environment:checking '/home/yuritvr/PFC/wenis_ws/install/moveit_config' for CMake module files
[1.228s] Level 1:colcon.colcon_core.environment:checking '/home/yuritvr/PFC/wenis_ws/install/moveit_config' for CMake config files
[1.230s] Level 1:colcon.colcon_core.shell:create_environment_hook('moveit_config', 'cmake_prefix_path')
[1.231s] INFO:colcon.colcon_core.shell:Creating environment hook '/home/yuritvr/PFC/wenis_ws/install/moveit_config/share/moveit_config/hook/cmake_prefix_path.ps1'
[1.232s] INFO:colcon.colcon_core.shell:Creating environment descriptor '/home/yuritvr/PFC/wenis_ws/install/moveit_config/share/moveit_config/hook/cmake_prefix_path.dsv'
[1.233s] INFO:colcon.colcon_core.shell:Creating environment hook '/home/yuritvr/PFC/wenis_ws/install/moveit_config/share/moveit_config/hook/cmake_prefix_path.sh'
[1.234s] Level 1:colcon.colcon_core.environment:checking '/home/yuritvr/PFC/wenis_ws/install/moveit_config/bin'
[1.234s] Level 1:colcon.colcon_core.environment:checking '/home/yuritvr/PFC/wenis_ws/install/moveit_config/lib/pkgconfig/moveit_config.pc'
[1.235s] Level 1:colcon.colcon_core.environment:checking '/home/yuritvr/PFC/wenis_ws/install/moveit_config/lib/python3.10/site-packages'
[1.235s] Level 1:colcon.colcon_core.environment:checking '/home/yuritvr/PFC/wenis_ws/install/moveit_config/bin'
[1.236s] INFO:colcon.colcon_core.shell:Creating package script '/home/yuritvr/PFC/wenis_ws/install/moveit_config/share/moveit_config/package.ps1'
[1.237s] DEBUG:colcon.colcon_core.event_handler.log_command:Invoked command in '/home/yuritvr/PFC/wenis_ws/build/moveit_config' returned '0': CMAKE_PREFIX_PATH=/home/yuritvr/PFC/wenis_ws/install/arm_pkg:/home/yuritvr/PFC/wenis_ws/install/xarm_description:/home/yuritvr/PFC/wenis_ws/install/simple_grasping:/home/yuritvr/PFC/wenis_ws/install/moveit_config:/home/yuritvr/PFC/wenis_ws/install/moveit2_scripts:/home/yuritvr/PFC/wenis_ws/install/moveit2_kinematics:/home/yuritvr/PFC/wenis_ws/install/moveit2_cartesian:/home/yuritvr/PFC/wenis_ws/install/get_pose_client:/home/yuritvr/PFC/pfc_ws/install/pfc_moveit:/home/yuritvr/PFC/pfc_ws/install/moveit_test:/home/yuritvr/PFC/pfc_ws/install/ur_robotiq_description:/home/yuritvr/PFC/pfc_ws/install/pfc_arm:/home/yuritvr/PFC/pfc_ws/install/gazebo_ros2_control:/opt/ros/humble /usr/bin/cmake --install /home/yuritvr/PFC/wenis_ws/build/moveit_config
[1.237s] INFO:colcon.colcon_core.shell:Creating package descriptor '/home/yuritvr/PFC/wenis_ws/install/moveit_config/share/moveit_config/package.dsv'
[1.238s] INFO:colcon.colcon_core.shell:Creating package script '/home/yuritvr/PFC/wenis_ws/install/moveit_config/share/moveit_config/package.sh'
[1.238s] INFO:colcon.colcon_core.shell:Creating package script '/home/yuritvr/PFC/wenis_ws/install/moveit_config/share/moveit_config/package.bash'
[1.239s] INFO:colcon.colcon_core.shell:Creating package script '/home/yuritvr/PFC/wenis_ws/install/moveit_config/share/moveit_config/package.zsh'
[1.239s] Level 1:colcon.colcon_core.environment:create_file_with_runtime_dependencies(/home/yuritvr/PFC/wenis_ws/install/moveit_config/share/colcon-core/packages/moveit_config)
[1.243s] DEBUG:colcon.colcon_core.event_handler.log_command:Invoking command in '/home/yuritvr/PFC/wenis_ws/build/simple_grasping': CMAKE_PREFIX_PATH=${CMAKE_PREFIX_PATH}:/opt/ros/humble /usr/bin/cmake --install /home/yuritvr/PFC/wenis_ws/build/simple_grasping
[1.262s] Level 1:colcon.colcon_core.environment:create_environment_scripts_only(simple_grasping)
[1.263s] Level 1:colcon.colcon_core.environment:checking '/home/yuritvr/PFC/wenis_ws/install/simple_grasping' for CMake module files
[1.264s] DEBUG:colcon.colcon_core.event_handler.log_command:Invoked command in '/home/yuritvr/PFC/wenis_ws/build/simple_grasping' returned '0': CMAKE_PREFIX_PATH=${CMAKE_PREFIX_PATH}:/opt/ros/humble /usr/bin/cmake --install /home/yuritvr/PFC/wenis_ws/build/simple_grasping
[1.265s] Level 1:colcon.colcon_core.environment:checking '/home/yuritvr/PFC/wenis_ws/install/simple_grasping' for CMake config files
[1.265s] Level 1:colcon.colcon_core.shell:create_environment_hook('simple_grasping', 'cmake_prefix_path')
[1.266s] INFO:colcon.colcon_core.shell:Creating environment hook '/home/yuritvr/PFC/wenis_ws/install/simple_grasping/share/simple_grasping/hook/cmake_prefix_path.ps1'
[1.267s] INFO:colcon.colcon_core.shell:Creating environment descriptor '/home/yuritvr/PFC/wenis_ws/install/simple_grasping/share/simple_grasping/hook/cmake_prefix_path.dsv'
[1.267s] INFO:colcon.colcon_core.shell:Creating environment hook '/home/yuritvr/PFC/wenis_ws/install/simple_grasping/share/simple_grasping/hook/cmake_prefix_path.sh'
[1.268s] Level 1:colcon.colcon_core.environment:checking '/home/yuritvr/PFC/wenis_ws/install/simple_grasping/lib'
[1.268s] Level 1:colcon.colcon_core.shell:create_environment_hook('simple_grasping', 'ld_library_path_lib')
[1.268s] INFO:colcon.colcon_core.shell:Creating environment hook '/home/yuritvr/PFC/wenis_ws/install/simple_grasping/share/simple_grasping/hook/ld_library_path_lib.ps1'
[1.269s] INFO:colcon.colcon_core.shell:Creating environment descriptor '/home/yuritvr/PFC/wenis_ws/install/simple_grasping/share/simple_grasping/hook/ld_library_path_lib.dsv'
[1.269s] INFO:colcon.colcon_core.shell:Creating environment hook '/home/yuritvr/PFC/wenis_ws/install/simple_grasping/share/simple_grasping/hook/ld_library_path_lib.sh'
[1.270s] Level 1:colcon.colcon_core.environment:checking '/home/yuritvr/PFC/wenis_ws/install/simple_grasping/bin'
[1.270s] Level 1:colcon.colcon_core.environment:checking '/home/yuritvr/PFC/wenis_ws/install/simple_grasping/lib/pkgconfig/simple_grasping.pc'
[1.270s] Level 1:colcon.colcon_core.environment:checking '/home/yuritvr/PFC/wenis_ws/install/simple_grasping/lib/python3.10/site-packages'
[1.271s] Level 1:colcon.colcon_core.environment:checking '/home/yuritvr/PFC/wenis_ws/install/simple_grasping/bin'
[1.272s] INFO:colcon.colcon_core.shell:Creating package script '/home/yuritvr/PFC/wenis_ws/install/simple_grasping/share/simple_grasping/package.ps1'
[1.272s] INFO:colcon.colcon_core.shell:Creating package descriptor '/home/yuritvr/PFC/wenis_ws/install/simple_grasping/share/simple_grasping/package.dsv'
[1.273s] INFO:colcon.colcon_core.shell:Creating package script '/home/yuritvr/PFC/wenis_ws/install/simple_grasping/share/simple_grasping/package.sh'
[1.273s] INFO:colcon.colcon_core.shell:Creating package script '/home/yuritvr/PFC/wenis_ws/install/simple_grasping/share/simple_grasping/package.bash'
[1.274s] INFO:colcon.colcon_core.shell:Creating package script '/home/yuritvr/PFC/wenis_ws/install/simple_grasping/share/simple_grasping/package.zsh'
[1.274s] Level 1:colcon.colcon_core.environment:create_file_with_runtime_dependencies(/home/yuritvr/PFC/wenis_ws/install/simple_grasping/share/colcon-core/packages/simple_grasping)
[1.277s] Level 1:colcon.colcon_core.environment:create_environment_scripts_only(moveit_config)
[1.277s] Level 1:colcon.colcon_core.environment:checking '/home/yuritvr/PFC/wenis_ws/install/moveit_config' for CMake module files
[1.278s] Level 1:colcon.colcon_core.environment:checking '/home/yuritvr/PFC/wenis_ws/install/moveit_config' for CMake config files
[1.278s] Level 1:colcon.colcon_core.shell:create_environment_hook('moveit_config', 'cmake_prefix_path')
[1.278s] INFO:colcon.colcon_core.shell:Creating environment hook '/home/yuritvr/PFC/wenis_ws/install/moveit_config/share/moveit_config/hook/cmake_prefix_path.ps1'
[1.279s] INFO:colcon.colcon_core.shell:Creating environment descriptor '/home/yuritvr/PFC/wenis_ws/install/moveit_config/share/moveit_config/hook/cmake_prefix_path.dsv'
[1.279s] INFO:colcon.colcon_core.shell:Creating environment hook '/home/yuritvr/PFC/wenis_ws/install/moveit_config/share/moveit_config/hook/cmake_prefix_path.sh'
[1.280s] Level 1:colcon.colcon_core.environment:checking '/home/yuritvr/PFC/wenis_ws/install/moveit_config/bin'
[1.280s] Level 1:colcon.colcon_core.environment:checking '/home/yuritvr/PFC/wenis_ws/install/moveit_config/lib/pkgconfig/moveit_config.pc'
[1.280s] Level 1:colcon.colcon_core.environment:checking '/home/yuritvr/PFC/wenis_ws/install/moveit_config/lib/python3.10/site-packages'
[1.281s] Level 1:colcon.colcon_core.environment:checking '/home/yuritvr/PFC/wenis_ws/install/moveit_config/bin'
[1.281s] INFO:colcon.colcon_core.shell:Creating package script '/home/yuritvr/PFC/wenis_ws/install/moveit_config/share/moveit_config/package.ps1'
[1.282s] INFO:colcon.colcon_core.shell:Creating package descriptor '/home/yuritvr/PFC/wenis_ws/install/moveit_config/share/moveit_config/package.dsv'
[1.282s] INFO:colcon.colcon_core.shell:Creating package script '/home/yuritvr/PFC/wenis_ws/install/moveit_config/share/moveit_config/package.sh'
[1.283s] INFO:colcon.colcon_core.shell:Creating package script '/home/yuritvr/PFC/wenis_ws/install/moveit_config/share/moveit_config/package.bash'
[1.283s] INFO:colcon.colcon_core.shell:Creating package script '/home/yuritvr/PFC/wenis_ws/install/moveit_config/share/moveit_config/package.zsh'
[1.284s] Level 1:colcon.colcon_core.environment:create_file_with_runtime_dependencies(/home/yuritvr/PFC/wenis_ws/install/moveit_config/share/colcon-core/packages/moveit_config)
[1.351s] Level 1:colcon.colcon_core.environment:create_environment_scripts_only(simple_grasping)
[1.352s] Level 1:colcon.colcon_core.environment:checking '/home/yuritvr/PFC/wenis_ws/install/simple_grasping' for CMake module files
[1.352s] Level 1:colcon.colcon_core.environment:checking '/home/yuritvr/PFC/wenis_ws/install/simple_grasping' for CMake config files
[1.353s] Level 1:colcon.colcon_core.shell:create_environment_hook('simple_grasping', 'cmake_prefix_path')
[1.353s] INFO:colcon.colcon_core.shell:Creating environment hook '/home/yuritvr/PFC/wenis_ws/install/simple_grasping/share/simple_grasping/hook/cmake_prefix_path.ps1'
[1.354s] INFO:colcon.colcon_core.shell:Creating environment descriptor '/home/yuritvr/PFC/wenis_ws/install/simple_grasping/share/simple_grasping/hook/cmake_prefix_path.dsv'
[1.354s] INFO:colcon.colcon_core.shell:Creating environment hook '/home/yuritvr/PFC/wenis_ws/install/simple_grasping/share/simple_grasping/hook/cmake_prefix_path.sh'
[1.355s] Level 1:colcon.colcon_core.environment:checking '/home/yuritvr/PFC/wenis_ws/install/simple_grasping/lib'
[1.355s] Level 1:colcon.colcon_core.shell:create_environment_hook('simple_grasping', 'ld_library_path_lib')
[1.355s] INFO:colcon.colcon_core.shell:Creating environment hook '/home/yuritvr/PFC/wenis_ws/install/simple_grasping/share/simple_grasping/hook/ld_library_path_lib.ps1'
[1.356s] INFO:colcon.colcon_core.shell:Creating environment descriptor '/home/yuritvr/PFC/wenis_ws/install/simple_grasping/share/simple_grasping/hook/ld_library_path_lib.dsv'
[1.356s] INFO:colcon.colcon_core.shell:Creating environment hook '/home/yuritvr/PFC/wenis_ws/install/simple_grasping/share/simple_grasping/hook/ld_library_path_lib.sh'
[1.357s] Level 1:colcon.colcon_core.environment:checking '/home/yuritvr/PFC/wenis_ws/install/simple_grasping/bin'
[1.357s] Level 1:colcon.colcon_core.environment:checking '/home/yuritvr/PFC/wenis_ws/install/simple_grasping/lib/pkgconfig/simple_grasping.pc'
[1.357s] Level 1:colcon.colcon_core.environment:checking '/home/yuritvr/PFC/wenis_ws/install/simple_grasping/lib/python3.10/site-packages'
[1.357s] Level 1:colcon.colcon_core.environment:checking '/home/yuritvr/PFC/wenis_ws/install/simple_grasping/bin'
[1.358s] INFO:colcon.colcon_core.shell:Creating package script '/home/yuritvr/PFC/wenis_ws/install/simple_grasping/share/simple_grasping/package.ps1'
[1.358s] INFO:colcon.colcon_core.shell:Creating package descriptor '/home/yuritvr/PFC/wenis_ws/install/simple_grasping/share/simple_grasping/package.dsv'
[1.359s] INFO:colcon.colcon_core.shell:Creating package script '/home/yuritvr/PFC/wenis_ws/install/simple_grasping/share/simple_grasping/package.sh'
[1.360s] INFO:colcon.colcon_core.shell:Creating package script '/home/yuritvr/PFC/wenis_ws/install/simple_grasping/share/simple_grasping/package.bash'
[1.360s] INFO:colcon.colcon_core.shell:Creating package script '/home/yuritvr/PFC/wenis_ws/install/simple_grasping/share/simple_grasping/package.zsh'
[1.361s] Level 1:colcon.colcon_core.environment:create_file_with_runtime_dependencies(/home/yuritvr/PFC/wenis_ws/install/simple_grasping/share/colcon-core/packages/simple_grasping)
[1.361s] DEBUG:colcon.colcon_parallel_executor.executor.parallel:closing loop
[1.362s] DEBUG:colcon.colcon_parallel_executor.executor.parallel:loop closed
[1.362s] DEBUG:colcon.colcon_parallel_executor.executor.parallel:run_until_complete finished with '0'
[1.362s] DEBUG:colcon.colcon_core.event_reactor:joining thread
[1.372s] INFO:colcon.colcon_core.plugin_system:Skipping extension 'colcon_notification.desktop_notification.terminal_notifier': Not used on non-Darwin systems
[1.372s] INFO:colcon.colcon_core.plugin_system:Skipping extension 'colcon_notification.desktop_notification.win32': Not used on non-Windows systems
[1.372s] INFO:colcon.colcon_notification.desktop_notification:Sending desktop notification using 'notify2'
[1.386s] DEBUG:colcon.colcon_core.event_reactor:joined thread
[1.387s] INFO:colcon.colcon_core.shell:Creating prefix script '/home/yuritvr/PFC/wenis_ws/install/local_setup.ps1'
[1.388s] INFO:colcon.colcon_core.shell:Creating prefix util module '/home/yuritvr/PFC/wenis_ws/install/_local_setup_util_ps1.py'
[1.390s] INFO:colcon.colcon_core.shell:Creating prefix chain script '/home/yuritvr/PFC/wenis_ws/install/setup.ps1'
[1.393s] INFO:colcon.colcon_core.shell:Creating prefix script '/home/yuritvr/PFC/wenis_ws/install/local_setup.sh'
[1.394s] INFO:colcon.colcon_core.shell:Creating prefix util module '/home/yuritvr/PFC/wenis_ws/install/_local_setup_util_sh.py'
[1.394s] INFO:colcon.colcon_core.shell:Creating prefix chain script '/home/yuritvr/PFC/wenis_ws/install/setup.sh'
[1.397s] INFO:colcon.colcon_core.shell:Creating prefix script '/home/yuritvr/PFC/wenis_ws/install/local_setup.bash'
[1.397s] INFO:colcon.colcon_core.shell:Creating prefix chain script '/home/yuritvr/PFC/wenis_ws/install/setup.bash'
[1.400s] INFO:colcon.colcon_core.shell:Creating prefix script '/home/yuritvr/PFC/wenis_ws/install/local_setup.zsh'
[1.400s] INFO:colcon.colcon_core.shell:Creating prefix chain script '/home/yuritvr/PFC/wenis_ws/install/setup.zsh'
