[0.059s] Invoking command in '/home/yuritvr/PFC/wenis_ws/build/platform_moveit': CMAKE_PREFIX_PATH=${CMAKE_PREFIX_PATH}:/opt/ros/humble /usr/bin/cmake --build /home/yuritvr/PFC/wenis_ws/build/platform_moveit -- -j8 -l8
[0.235s] Invoked command in '/home/yuritvr/PFC/wenis_ws/build/platform_moveit' returned '0': CMAKE_PREFIX_PATH=${CMAKE_PREFIX_PATH}:/opt/ros/humble /usr/bin/cmake --build /home/yuritvr/PFC/wenis_ws/build/platform_moveit -- -j8 -l8
[0.390s] Invoking command in '/home/yuritvr/PFC/wenis_ws/build/platform_moveit': CMAKE_PREFIX_PATH=${CMAKE_PREFIX_PATH}:/opt/ros/humble /usr/bin/cmake --install /home/yuritvr/PFC/wenis_ws/build/platform_moveit
[0.405s] -- Install configuration: ""
[0.405s] -- Up-to-date: /home/yuritvr/PFC/wenis_ws/install/platform_moveit/share/ament_index/resource_index/package_run_dependencies/platform_moveit
[0.406s] -- Up-to-date: /home/yuritvr/PFC/wenis_ws/install/platform_moveit/share/ament_index/resource_index/parent_prefix_path/platform_moveit
[0.406s] -- Up-to-date: /home/yuritvr/PFC/wenis_ws/install/platform_moveit/share/platform_moveit/environment/ament_prefix_path.sh
[0.409s] -- Up-to-date: /home/yuritvr/PFC/wenis_ws/install/platform_moveit/share/platform_moveit/environment/ament_prefix_path.dsv
[0.412s] -- Up-to-date: /home/yuritvr/PFC/wenis_ws/install/platform_moveit/share/platform_moveit/environment/path.sh
[0.413s] -- Up-to-date: /home/yuritvr/PFC/wenis_ws/install/platform_moveit/share/platform_moveit/environment/path.dsv
[0.414s] -- Up-to-date: /home/yuritvr/PFC/wenis_ws/install/platform_moveit/share/platform_moveit/local_setup.bash
[0.415s] -- Up-to-date: /home/yuritvr/PFC/wenis_ws/install/platform_moveit/share/platform_moveit/local_setup.sh
[0.415s] -- Up-to-date: /home/yuritvr/PFC/wenis_ws/install/platform_moveit/share/platform_moveit/local_setup.zsh
[0.415s] -- Up-to-date: /home/yuritvr/PFC/wenis_ws/install/platform_moveit/share/platform_moveit/local_setup.dsv
[0.417s] -- Up-to-date: /home/yuritvr/PFC/wenis_ws/install/platform_moveit/share/platform_moveit/package.dsv
[0.417s] -- Up-to-date: /home/yuritvr/PFC/wenis_ws/install/platform_moveit/share/ament_index/resource_index/packages/platform_moveit
[0.417s] -- Up-to-date: /home/yuritvr/PFC/wenis_ws/install/platform_moveit/share/platform_moveit/cmake/platform_moveitConfig.cmake
[0.425s] -- Up-to-date: /home/yuritvr/PFC/wenis_ws/install/platform_moveit/share/platform_moveit/cmake/platform_moveitConfig-version.cmake
[0.427s] -- Up-to-date: /home/yuritvr/PFC/wenis_ws/install/platform_moveit/share/platform_moveit/package.xml
[0.428s] Invoked command in '/home/yuritvr/PFC/wenis_ws/build/platform_moveit' returned '0': CMAKE_PREFIX_PATH=${CMAKE_PREFIX_PATH}:/opt/ros/humble /usr/bin/cmake --install /home/yuritvr/PFC/wenis_ws/build/platform_moveit
