[0.070s] Invoking command in '/home/yuritvr/PFC/pfc_ws/build/xarm_description': CMAKE_PREFIX_PATH=${CMAKE_PREFIX_PATH}:/opt/ros/humble /usr/bin/cmake --build /home/yuritvr/PFC/pfc_ws/build/xarm_description -- -j8 -l8
[0.192s] Invoked command in '/home/yuritvr/PFC/pfc_ws/build/xarm_description' returned '0': CMAKE_PREFIX_PATH=${CMAKE_PREFIX_PATH}:/opt/ros/humble /usr/bin/cmake --build /home/yuritvr/PFC/pfc_ws/build/xarm_description -- -j8 -l8
[0.278s] Invoking command in '/home/yuritvr/PFC/pfc_ws/build/xarm_description': CMAKE_PREFIX_PATH=${CMAKE_PREFIX_PATH}:/opt/ros/humble /usr/bin/cmake --install /home/yuritvr/PFC/pfc_ws/build/xarm_description
[0.303s] -- Install configuration: ""
[0.303s] -- Up-to-date: /home/yuritvr/PFC/pfc_ws/install/xarm_description/share/ament_index/resource_index/package_run_dependencies/xarm_description
[0.303s] -- Up-to-date: /home/yuritvr/PFC/pfc_ws/install/xarm_description/share/ament_index/resource_index/parent_prefix_path/xarm_description
[0.303s] -- Up-to-date: /home/yuritvr/PFC/pfc_ws/install/xarm_description/share/xarm_description/environment/ament_prefix_path.sh
[0.305s] -- Up-to-date: /home/yuritvr/PFC/pfc_ws/install/xarm_description/share/xarm_description/environment/ament_prefix_path.dsv
[0.306s] -- Up-to-date: /home/yuritvr/PFC/pfc_ws/install/xarm_description/share/xarm_description/environment/path.sh
[0.307s] -- Up-to-date: /home/yuritvr/PFC/pfc_ws/install/xarm_description/share/xarm_description/environment/path.dsv
[0.310s] -- Up-to-date: /home/yuritvr/PFC/pfc_ws/install/xarm_description/share/xarm_description/local_setup.bash
[0.311s] -- Up-to-date: /home/yuritvr/PFC/pfc_ws/install/xarm_description/share/xarm_description/local_setup.sh
[0.312s] -- Up-to-date: /home/yuritvr/PFC/pfc_ws/install/xarm_description/share/xarm_description/local_setup.zsh
[0.312s] -- Up-to-date: /home/yuritvr/PFC/pfc_ws/install/xarm_description/share/xarm_description/local_setup.dsv
[0.313s] -- Installing: /home/yuritvr/PFC/pfc_ws/install/xarm_description/share/xarm_description/package.dsv
[0.313s] -- Up-to-date: /home/yuritvr/PFC/pfc_ws/install/xarm_description/share/ament_index/resource_index/packages/xarm_description
[0.313s] -- Up-to-date: /home/yuritvr/PFC/pfc_ws/install/xarm_description/share/xarm_description/cmake/xarm_descriptionConfig.cmake
[0.314s] -- Up-to-date: /home/yuritvr/PFC/pfc_ws/install/xarm_description/share/xarm_description/cmake/xarm_descriptionConfig-version.cmake
[0.314s] -- Up-to-date: /home/yuritvr/PFC/pfc_ws/install/xarm_description/share/xarm_description/package.xml
[0.359s] Invoked command in '/home/yuritvr/PFC/pfc_ws/build/xarm_description' returned '0': CMAKE_PREFIX_PATH=${CMAKE_PREFIX_PATH}:/opt/ros/humble /usr/bin/cmake --install /home/yuritvr/PFC/pfc_ws/build/xarm_description
