[0.232s] DEBUG:colcon:Command line arguments: ['/usr/bin/colcon', 'list', '-p', '--base-paths', '/home/yuritvr/PFC/wenis_ws']
[0.232s] DEBUG:colcon:Parsed command line arguments: Namespace(log_base=None, log_level=None, verb_name='list', build_base='build', ignore_user_meta=False, metas=['./colcon.meta'], base_paths=['/home/yuritvr/PFC/wenis_ws'], packages_ignore=None, packages_ignore_regex=None, paths=None, packages_up_to=None, packages_up_to_regex=None, packages_above=None, packages_above_and_dependencies=None, packages_above_depth=None, packages_select_by_dep=None, packages_skip_by_dep=None, packages_skip_up_to=None, packages_select_build_failed=False, packages_skip_build_finished=False, packages_select_test_failures=False, packages_skip_test_passed=False, packages_select=None, packages_skip=None, packages_select_regex=None, packages_skip_regex=None, packages_start=None, packages_end=None, allow_overriding=[], topological_order=False, names_only=False, paths_only=True, topological_graph=False, topological_graph_dot=False, topological_graph_density=False, topological_graph_legend=False, topological_graph_dot_cluster=False, topological_graph_dot_include_skipped=False, mixin_files=None, mixin=None, verb_parser=<colcon_mixin.mixin.mixin_argument.MixinArgumentDecorator object at 0x74fc9a82f1f0>, verb_extension=<colcon_package_information.verb.list.ListVerb object at 0x74fc9a9abd00>, main=<bound method ListVerb.main of <colcon_package_information.verb.list.ListVerb object at 0x74fc9a9abd00>>, mixin_verb=('list',))
[0.660s] Level 1:colcon.colcon_core.package_discovery:discover_packages(colcon_meta) check parameters
[0.660s] Level 1:colcon.colcon_core.package_discovery:discover_packages(recursive) check parameters
[0.661s] Level 1:colcon.colcon_core.package_discovery:discover_packages(ignore) check parameters
[0.661s] Level 1:colcon.colcon_core.package_discovery:discover_packages(path) check parameters
[0.661s] Level 1:colcon.colcon_core.package_discovery:discover_packages(recursive) discover
[0.661s] INFO:colcon.colcon_core.package_discovery:Crawling recursively for packages in '/home/yuritvr/PFC/wenis_ws'
[0.661s] Level 1:colcon.colcon_core.package_identification:_identify(/home/yuritvr/PFC/wenis_ws) by extensions ['ignore', 'ignore_ament_install']
[0.661s] Level 1:colcon.colcon_core.package_identification:_identify(/home/yuritvr/PFC/wenis_ws) by extension 'ignore'
[0.662s] Level 1:colcon.colcon_core.package_identification:_identify(/home/yuritvr/PFC/wenis_ws) by extension 'ignore_ament_install'
[0.662s] Level 1:colcon.colcon_core.package_identification:_identify(/home/yuritvr/PFC/wenis_ws) by extensions ['colcon_pkg']
[0.662s] Level 1:colcon.colcon_core.package_identification:_identify(/home/yuritvr/PFC/wenis_ws) by extension 'colcon_pkg'
[0.662s] Level 1:colcon.colcon_core.package_identification:_identify(/home/yuritvr/PFC/wenis_ws) by extensions ['colcon_meta']
[0.662s] Level 1:colcon.colcon_core.package_identification:_identify(/home/yuritvr/PFC/wenis_ws) by extension 'colcon_meta'
[0.662s] Level 1:colcon.colcon_core.package_identification:_identify(/home/yuritvr/PFC/wenis_ws) by extensions ['ros']
[0.662s] Level 1:colcon.colcon_core.package_identification:_identify(/home/yuritvr/PFC/wenis_ws) by extension 'ros'
[0.692s] Level 1:colcon.colcon_core.package_identification:_identify(/home/yuritvr/PFC/wenis_ws) by extensions ['cmake', 'python']
[0.693s] Level 1:colcon.colcon_core.package_identification:_identify(/home/yuritvr/PFC/wenis_ws) by extension 'cmake'
[0.693s] Level 1:colcon.colcon_core.package_identification:_identify(/home/yuritvr/PFC/wenis_ws) by extension 'python'
[0.693s] Level 1:colcon.colcon_core.package_identification:_identify(/home/yuritvr/PFC/wenis_ws) by extensions ['python_setup_py']
[0.693s] Level 1:colcon.colcon_core.package_identification:_identify(/home/yuritvr/PFC/wenis_ws) by extension 'python_setup_py'
[0.693s] Level 1:colcon.colcon_core.package_identification:_identify(/home/yuritvr/PFC/wenis_ws/build) by extensions ['ignore', 'ignore_ament_install']
[0.694s] Level 1:colcon.colcon_core.package_identification:_identify(/home/yuritvr/PFC/wenis_ws/build) by extension 'ignore'
[0.694s] Level 1:colcon.colcon_core.package_identification:_identify(/home/yuritvr/PFC/wenis_ws/build) ignored
[0.695s] Level 1:colcon.colcon_core.package_identification:_identify(/home/yuritvr/PFC/wenis_ws/install) by extensions ['ignore', 'ignore_ament_install']
[0.695s] Level 1:colcon.colcon_core.package_identification:_identify(/home/yuritvr/PFC/wenis_ws/install) by extension 'ignore'
[0.695s] Level 1:colcon.colcon_core.package_identification:_identify(/home/yuritvr/PFC/wenis_ws/install) ignored
[0.695s] Level 1:colcon.colcon_core.package_identification:_identify(/home/yuritvr/PFC/wenis_ws/log) by extensions ['ignore', 'ignore_ament_install']
[0.696s] Level 1:colcon.colcon_core.package_identification:_identify(/home/yuritvr/PFC/wenis_ws/log) by extension 'ignore'
[0.696s] Level 1:colcon.colcon_core.package_identification:_identify(/home/yuritvr/PFC/wenis_ws/log) ignored
[0.696s] Level 1:colcon.colcon_core.package_identification:_identify(/home/yuritvr/PFC/wenis_ws/src) by extensions ['ignore', 'ignore_ament_install']
[0.697s] Level 1:colcon.colcon_core.package_identification:_identify(/home/yuritvr/PFC/wenis_ws/src) by extension 'ignore'
[0.697s] Level 1:colcon.colcon_core.package_identification:_identify(/home/yuritvr/PFC/wenis_ws/src) by extension 'ignore_ament_install'
[0.697s] Level 1:colcon.colcon_core.package_identification:_identify(/home/yuritvr/PFC/wenis_ws/src) by extensions ['colcon_pkg']
[0.697s] Level 1:colcon.colcon_core.package_identification:_identify(/home/yuritvr/PFC/wenis_ws/src) by extension 'colcon_pkg'
[0.697s] Level 1:colcon.colcon_core.package_identification:_identify(/home/yuritvr/PFC/wenis_ws/src) by extensions ['colcon_meta']
[0.697s] Level 1:colcon.colcon_core.package_identification:_identify(/home/yuritvr/PFC/wenis_ws/src) by extension 'colcon_meta'
[0.698s] Level 1:colcon.colcon_core.package_identification:_identify(/home/yuritvr/PFC/wenis_ws/src) by extensions ['ros']
[0.698s] Level 1:colcon.colcon_core.package_identification:_identify(/home/yuritvr/PFC/wenis_ws/src) by extension 'ros'
[0.698s] Level 1:colcon.colcon_core.package_identification:_identify(/home/yuritvr/PFC/wenis_ws/src) by extensions ['cmake', 'python']
[0.698s] Level 1:colcon.colcon_core.package_identification:_identify(/home/yuritvr/PFC/wenis_ws/src) by extension 'cmake'
[0.698s] Level 1:colcon.colcon_core.package_identification:_identify(/home/yuritvr/PFC/wenis_ws/src) by extension 'python'
[0.698s] Level 1:colcon.colcon_core.package_identification:_identify(/home/yuritvr/PFC/wenis_ws/src) by extensions ['python_setup_py']
[0.698s] Level 1:colcon.colcon_core.package_identification:_identify(/home/yuritvr/PFC/wenis_ws/src) by extension 'python_setup_py'
[0.699s] Level 1:colcon.colcon_core.package_identification:_identify(/home/yuritvr/PFC/wenis_ws/src/ros2_manipulator) by extensions ['ignore', 'ignore_ament_install']
[0.699s] Level 1:colcon.colcon_core.package_identification:_identify(/home/yuritvr/PFC/wenis_ws/src/ros2_manipulator) by extension 'ignore'
[0.699s] Level 1:colcon.colcon_core.package_identification:_identify(/home/yuritvr/PFC/wenis_ws/src/ros2_manipulator) by extension 'ignore_ament_install'
[0.699s] Level 1:colcon.colcon_core.package_identification:_identify(/home/yuritvr/PFC/wenis_ws/src/ros2_manipulator) by extensions ['colcon_pkg']
[0.699s] Level 1:colcon.colcon_core.package_identification:_identify(/home/yuritvr/PFC/wenis_ws/src/ros2_manipulator) by extension 'colcon_pkg'
[0.699s] Level 1:colcon.colcon_core.package_identification:_identify(/home/yuritvr/PFC/wenis_ws/src/ros2_manipulator) by extensions ['colcon_meta']
[0.699s] Level 1:colcon.colcon_core.package_identification:_identify(/home/yuritvr/PFC/wenis_ws/src/ros2_manipulator) by extension 'colcon_meta'
[0.700s] Level 1:colcon.colcon_core.package_identification:_identify(/home/yuritvr/PFC/wenis_ws/src/ros2_manipulator) by extensions ['ros']
[0.700s] Level 1:colcon.colcon_core.package_identification:_identify(/home/yuritvr/PFC/wenis_ws/src/ros2_manipulator) by extension 'ros'
[0.700s] Level 1:colcon.colcon_core.package_identification:_identify(/home/yuritvr/PFC/wenis_ws/src/ros2_manipulator) by extensions ['cmake', 'python']
[0.700s] Level 1:colcon.colcon_core.package_identification:_identify(/home/yuritvr/PFC/wenis_ws/src/ros2_manipulator) by extension 'cmake'
[0.700s] Level 1:colcon.colcon_core.package_identification:_identify(/home/yuritvr/PFC/wenis_ws/src/ros2_manipulator) by extension 'python'
[0.700s] Level 1:colcon.colcon_core.package_identification:_identify(/home/yuritvr/PFC/wenis_ws/src/ros2_manipulator) by extensions ['python_setup_py']
[0.700s] Level 1:colcon.colcon_core.package_identification:_identify(/home/yuritvr/PFC/wenis_ws/src/ros2_manipulator) by extension 'python_setup_py'
[0.701s] Level 1:colcon.colcon_core.package_identification:_identify(/home/yuritvr/PFC/wenis_ws/src/ros2_manipulator/get_pose_client) by extensions ['ignore', 'ignore_ament_install']
[0.701s] Level 1:colcon.colcon_core.package_identification:_identify(/home/yuritvr/PFC/wenis_ws/src/ros2_manipulator/get_pose_client) by extension 'ignore'
[0.701s] Level 1:colcon.colcon_core.package_identification:_identify(/home/yuritvr/PFC/wenis_ws/src/ros2_manipulator/get_pose_client) by extension 'ignore_ament_install'
[0.701s] Level 1:colcon.colcon_core.package_identification:_identify(/home/yuritvr/PFC/wenis_ws/src/ros2_manipulator/get_pose_client) by extensions ['colcon_pkg']
[0.701s] Level 1:colcon.colcon_core.package_identification:_identify(/home/yuritvr/PFC/wenis_ws/src/ros2_manipulator/get_pose_client) by extension 'colcon_pkg'
[0.701s] Level 1:colcon.colcon_core.package_identification:_identify(/home/yuritvr/PFC/wenis_ws/src/ros2_manipulator/get_pose_client) by extensions ['colcon_meta']
[0.702s] Level 1:colcon.colcon_core.package_identification:_identify(/home/yuritvr/PFC/wenis_ws/src/ros2_manipulator/get_pose_client) by extension 'colcon_meta'
[0.702s] Level 1:colcon.colcon_core.package_identification:_identify(/home/yuritvr/PFC/wenis_ws/src/ros2_manipulator/get_pose_client) by extensions ['ros']
[0.702s] Level 1:colcon.colcon_core.package_identification:_identify(/home/yuritvr/PFC/wenis_ws/src/ros2_manipulator/get_pose_client) by extension 'ros'
[0.709s] DEBUG:colcon.colcon_core.package_identification:Package '/home/yuritvr/PFC/wenis_ws/src/ros2_manipulator/get_pose_client' with type 'ros.ament_cmake' and name 'get_pose_client'
[0.709s] Level 1:colcon.colcon_core.package_identification:_identify(/home/yuritvr/PFC/wenis_ws/src/ros2_manipulator/moveit2_cartesian) by extensions ['ignore', 'ignore_ament_install']
[0.709s] Level 1:colcon.colcon_core.package_identification:_identify(/home/yuritvr/PFC/wenis_ws/src/ros2_manipulator/moveit2_cartesian) by extension 'ignore'
[0.710s] Level 1:colcon.colcon_core.package_identification:_identify(/home/yuritvr/PFC/wenis_ws/src/ros2_manipulator/moveit2_cartesian) by extension 'ignore_ament_install'
[0.710s] Level 1:colcon.colcon_core.package_identification:_identify(/home/yuritvr/PFC/wenis_ws/src/ros2_manipulator/moveit2_cartesian) by extensions ['colcon_pkg']
[0.710s] Level 1:colcon.colcon_core.package_identification:_identify(/home/yuritvr/PFC/wenis_ws/src/ros2_manipulator/moveit2_cartesian) by extension 'colcon_pkg'
[0.710s] Level 1:colcon.colcon_core.package_identification:_identify(/home/yuritvr/PFC/wenis_ws/src/ros2_manipulator/moveit2_cartesian) by extensions ['colcon_meta']
[0.710s] Level 1:colcon.colcon_core.package_identification:_identify(/home/yuritvr/PFC/wenis_ws/src/ros2_manipulator/moveit2_cartesian) by extension 'colcon_meta'
[0.710s] Level 1:colcon.colcon_core.package_identification:_identify(/home/yuritvr/PFC/wenis_ws/src/ros2_manipulator/moveit2_cartesian) by extensions ['ros']
[0.710s] Level 1:colcon.colcon_core.package_identification:_identify(/home/yuritvr/PFC/wenis_ws/src/ros2_manipulator/moveit2_cartesian) by extension 'ros'
[0.714s] DEBUG:colcon.colcon_core.package_identification:Package '/home/yuritvr/PFC/wenis_ws/src/ros2_manipulator/moveit2_cartesian' with type 'ros.ament_cmake' and name 'moveit2_cartesian'
[0.714s] Level 1:colcon.colcon_core.package_identification:_identify(/home/yuritvr/PFC/wenis_ws/src/ros2_manipulator/moveit2_kinematics) by extensions ['ignore', 'ignore_ament_install']
[0.715s] Level 1:colcon.colcon_core.package_identification:_identify(/home/yuritvr/PFC/wenis_ws/src/ros2_manipulator/moveit2_kinematics) by extension 'ignore'
[0.715s] Level 1:colcon.colcon_core.package_identification:_identify(/home/yuritvr/PFC/wenis_ws/src/ros2_manipulator/moveit2_kinematics) by extension 'ignore_ament_install'
[0.715s] Level 1:colcon.colcon_core.package_identification:_identify(/home/yuritvr/PFC/wenis_ws/src/ros2_manipulator/moveit2_kinematics) by extensions ['colcon_pkg']
[0.715s] Level 1:colcon.colcon_core.package_identification:_identify(/home/yuritvr/PFC/wenis_ws/src/ros2_manipulator/moveit2_kinematics) by extension 'colcon_pkg'
[0.715s] Level 1:colcon.colcon_core.package_identification:_identify(/home/yuritvr/PFC/wenis_ws/src/ros2_manipulator/moveit2_kinematics) by extensions ['colcon_meta']
[0.715s] Level 1:colcon.colcon_core.package_identification:_identify(/home/yuritvr/PFC/wenis_ws/src/ros2_manipulator/moveit2_kinematics) by extension 'colcon_meta'
[0.716s] Level 1:colcon.colcon_core.package_identification:_identify(/home/yuritvr/PFC/wenis_ws/src/ros2_manipulator/moveit2_kinematics) by extensions ['ros']
[0.716s] Level 1:colcon.colcon_core.package_identification:_identify(/home/yuritvr/PFC/wenis_ws/src/ros2_manipulator/moveit2_kinematics) by extension 'ros'
[0.719s] DEBUG:colcon.colcon_core.package_identification:Package '/home/yuritvr/PFC/wenis_ws/src/ros2_manipulator/moveit2_kinematics' with type 'ros.ament_cmake' and name 'moveit2_kinematics'
[0.719s] Level 1:colcon.colcon_core.package_identification:_identify(/home/yuritvr/PFC/wenis_ws/src/ros2_manipulator/moveit2_scripts) by extensions ['ignore', 'ignore_ament_install']
[0.720s] Level 1:colcon.colcon_core.package_identification:_identify(/home/yuritvr/PFC/wenis_ws/src/ros2_manipulator/moveit2_scripts) by extension 'ignore'
[0.720s] Level 1:colcon.colcon_core.package_identification:_identify(/home/yuritvr/PFC/wenis_ws/src/ros2_manipulator/moveit2_scripts) by extension 'ignore_ament_install'
[0.720s] Level 1:colcon.colcon_core.package_identification:_identify(/home/yuritvr/PFC/wenis_ws/src/ros2_manipulator/moveit2_scripts) by extensions ['colcon_pkg']
[0.720s] Level 1:colcon.colcon_core.package_identification:_identify(/home/yuritvr/PFC/wenis_ws/src/ros2_manipulator/moveit2_scripts) by extension 'colcon_pkg'
[0.720s] Level 1:colcon.colcon_core.package_identification:_identify(/home/yuritvr/PFC/wenis_ws/src/ros2_manipulator/moveit2_scripts) by extensions ['colcon_meta']
[0.720s] Level 1:colcon.colcon_core.package_identification:_identify(/home/yuritvr/PFC/wenis_ws/src/ros2_manipulator/moveit2_scripts) by extension 'colcon_meta'
[0.720s] Level 1:colcon.colcon_core.package_identification:_identify(/home/yuritvr/PFC/wenis_ws/src/ros2_manipulator/moveit2_scripts) by extensions ['ros']
[0.720s] Level 1:colcon.colcon_core.package_identification:_identify(/home/yuritvr/PFC/wenis_ws/src/ros2_manipulator/moveit2_scripts) by extension 'ros'
[0.724s] DEBUG:colcon.colcon_core.package_identification:Package '/home/yuritvr/PFC/wenis_ws/src/ros2_manipulator/moveit2_scripts' with type 'ros.ament_cmake' and name 'moveit2_scripts'
[0.724s] Level 1:colcon.colcon_core.package_identification:_identify(/home/yuritvr/PFC/wenis_ws/src/ros2_manipulator/moveit_config) by extensions ['ignore', 'ignore_ament_install']
[0.724s] Level 1:colcon.colcon_core.package_identification:_identify(/home/yuritvr/PFC/wenis_ws/src/ros2_manipulator/moveit_config) by extension 'ignore'
[0.724s] Level 1:colcon.colcon_core.package_identification:_identify(/home/yuritvr/PFC/wenis_ws/src/ros2_manipulator/moveit_config) by extension 'ignore_ament_install'
[0.725s] Level 1:colcon.colcon_core.package_identification:_identify(/home/yuritvr/PFC/wenis_ws/src/ros2_manipulator/moveit_config) by extensions ['colcon_pkg']
[0.725s] Level 1:colcon.colcon_core.package_identification:_identify(/home/yuritvr/PFC/wenis_ws/src/ros2_manipulator/moveit_config) by extension 'colcon_pkg'
[0.725s] Level 1:colcon.colcon_core.package_identification:_identify(/home/yuritvr/PFC/wenis_ws/src/ros2_manipulator/moveit_config) by extensions ['colcon_meta']
[0.725s] Level 1:colcon.colcon_core.package_identification:_identify(/home/yuritvr/PFC/wenis_ws/src/ros2_manipulator/moveit_config) by extension 'colcon_meta'
[0.725s] Level 1:colcon.colcon_core.package_identification:_identify(/home/yuritvr/PFC/wenis_ws/src/ros2_manipulator/moveit_config) by extensions ['ros']
[0.725s] Level 1:colcon.colcon_core.package_identification:_identify(/home/yuritvr/PFC/wenis_ws/src/ros2_manipulator/moveit_config) by extension 'ros'
[0.727s] DEBUG:colcon.colcon_core.package_identification:Package '/home/yuritvr/PFC/wenis_ws/src/ros2_manipulator/moveit_config' with type 'ros.ament_cmake' and name 'moveit_config'
[0.728s] Level 1:colcon.colcon_core.package_identification:_identify(/home/yuritvr/PFC/wenis_ws/src/ros2_manipulator/robotic_arm_environment) by extensions ['ignore', 'ignore_ament_install']
[0.728s] Level 1:colcon.colcon_core.package_identification:_identify(/home/yuritvr/PFC/wenis_ws/src/ros2_manipulator/robotic_arm_environment) by extension 'ignore'
[0.728s] Level 1:colcon.colcon_core.package_identification:_identify(/home/yuritvr/PFC/wenis_ws/src/ros2_manipulator/robotic_arm_environment) by extension 'ignore_ament_install'
[0.728s] Level 1:colcon.colcon_core.package_identification:_identify(/home/yuritvr/PFC/wenis_ws/src/ros2_manipulator/robotic_arm_environment) by extensions ['colcon_pkg']
[0.729s] Level 1:colcon.colcon_core.package_identification:_identify(/home/yuritvr/PFC/wenis_ws/src/ros2_manipulator/robotic_arm_environment) by extension 'colcon_pkg'
[0.729s] Level 1:colcon.colcon_core.package_identification:_identify(/home/yuritvr/PFC/wenis_ws/src/ros2_manipulator/robotic_arm_environment) by extensions ['colcon_meta']
[0.729s] Level 1:colcon.colcon_core.package_identification:_identify(/home/yuritvr/PFC/wenis_ws/src/ros2_manipulator/robotic_arm_environment) by extension 'colcon_meta'
[0.729s] Level 1:colcon.colcon_core.package_identification:_identify(/home/yuritvr/PFC/wenis_ws/src/ros2_manipulator/robotic_arm_environment) by extensions ['ros']
[0.729s] Level 1:colcon.colcon_core.package_identification:_identify(/home/yuritvr/PFC/wenis_ws/src/ros2_manipulator/robotic_arm_environment) by extension 'ros'
[0.729s] Level 1:colcon.colcon_core.package_identification:_identify(/home/yuritvr/PFC/wenis_ws/src/ros2_manipulator/robotic_arm_environment) by extensions ['cmake', 'python']
[0.729s] Level 1:colcon.colcon_core.package_identification:_identify(/home/yuritvr/PFC/wenis_ws/src/ros2_manipulator/robotic_arm_environment) by extension 'cmake'
[0.729s] Level 1:colcon.colcon_core.package_identification:_identify(/home/yuritvr/PFC/wenis_ws/src/ros2_manipulator/robotic_arm_environment) by extension 'python'
[0.729s] Level 1:colcon.colcon_core.package_identification:_identify(/home/yuritvr/PFC/wenis_ws/src/ros2_manipulator/robotic_arm_environment) by extensions ['python_setup_py']
[0.730s] Level 1:colcon.colcon_core.package_identification:_identify(/home/yuritvr/PFC/wenis_ws/src/ros2_manipulator/robotic_arm_environment) by extension 'python_setup_py'
[0.730s] Level 1:colcon.colcon_core.package_identification:_identify(/home/yuritvr/PFC/wenis_ws/src/ros2_manipulator/robotic_arm_environment/arm_pkg) by extensions ['ignore', 'ignore_ament_install']
[0.730s] Level 1:colcon.colcon_core.package_identification:_identify(/home/yuritvr/PFC/wenis_ws/src/ros2_manipulator/robotic_arm_environment/arm_pkg) by extension 'ignore'
[0.731s] Level 1:colcon.colcon_core.package_identification:_identify(/home/yuritvr/PFC/wenis_ws/src/ros2_manipulator/robotic_arm_environment/arm_pkg) by extension 'ignore_ament_install'
[0.731s] Level 1:colcon.colcon_core.package_identification:_identify(/home/yuritvr/PFC/wenis_ws/src/ros2_manipulator/robotic_arm_environment/arm_pkg) by extensions ['colcon_pkg']
[0.731s] Level 1:colcon.colcon_core.package_identification:_identify(/home/yuritvr/PFC/wenis_ws/src/ros2_manipulator/robotic_arm_environment/arm_pkg) by extension 'colcon_pkg'
[0.731s] Level 1:colcon.colcon_core.package_identification:_identify(/home/yuritvr/PFC/wenis_ws/src/ros2_manipulator/robotic_arm_environment/arm_pkg) by extensions ['colcon_meta']
[0.731s] Level 1:colcon.colcon_core.package_identification:_identify(/home/yuritvr/PFC/wenis_ws/src/ros2_manipulator/robotic_arm_environment/arm_pkg) by extension 'colcon_meta'
[0.731s] Level 1:colcon.colcon_core.package_identification:_identify(/home/yuritvr/PFC/wenis_ws/src/ros2_manipulator/robotic_arm_environment/arm_pkg) by extensions ['ros']
[0.731s] Level 1:colcon.colcon_core.package_identification:_identify(/home/yuritvr/PFC/wenis_ws/src/ros2_manipulator/robotic_arm_environment/arm_pkg) by extension 'ros'
[0.734s] DEBUG:colcon.colcon_core.package_identification:Package '/home/yuritvr/PFC/wenis_ws/src/ros2_manipulator/robotic_arm_environment/arm_pkg' with type 'ros.ament_cmake' and name 'arm_pkg'
[0.735s] Level 1:colcon.colcon_core.package_identification:_identify(/home/yuritvr/PFC/wenis_ws/src/ros2_manipulator/simple_grasping_ros2) by extensions ['ignore', 'ignore_ament_install']
[0.735s] Level 1:colcon.colcon_core.package_identification:_identify(/home/yuritvr/PFC/wenis_ws/src/ros2_manipulator/simple_grasping_ros2) by extension 'ignore'
[0.735s] Level 1:colcon.colcon_core.package_identification:_identify(/home/yuritvr/PFC/wenis_ws/src/ros2_manipulator/simple_grasping_ros2) by extension 'ignore_ament_install'
[0.735s] Level 1:colcon.colcon_core.package_identification:_identify(/home/yuritvr/PFC/wenis_ws/src/ros2_manipulator/simple_grasping_ros2) by extensions ['colcon_pkg']
[0.735s] Level 1:colcon.colcon_core.package_identification:_identify(/home/yuritvr/PFC/wenis_ws/src/ros2_manipulator/simple_grasping_ros2) by extension 'colcon_pkg'
[0.736s] Level 1:colcon.colcon_core.package_identification:_identify(/home/yuritvr/PFC/wenis_ws/src/ros2_manipulator/simple_grasping_ros2) by extensions ['colcon_meta']
[0.736s] Level 1:colcon.colcon_core.package_identification:_identify(/home/yuritvr/PFC/wenis_ws/src/ros2_manipulator/simple_grasping_ros2) by extension 'colcon_meta'
[0.736s] Level 1:colcon.colcon_core.package_identification:_identify(/home/yuritvr/PFC/wenis_ws/src/ros2_manipulator/simple_grasping_ros2) by extensions ['ros']
[0.736s] Level 1:colcon.colcon_core.package_identification:_identify(/home/yuritvr/PFC/wenis_ws/src/ros2_manipulator/simple_grasping_ros2) by extension 'ros'
[0.736s] Level 1:colcon.colcon_core.package_identification:_identify(/home/yuritvr/PFC/wenis_ws/src/ros2_manipulator/simple_grasping_ros2) by extensions ['cmake', 'python']
[0.736s] Level 1:colcon.colcon_core.package_identification:_identify(/home/yuritvr/PFC/wenis_ws/src/ros2_manipulator/simple_grasping_ros2) by extension 'cmake'
[0.736s] Level 1:colcon.colcon_core.package_identification:_identify(/home/yuritvr/PFC/wenis_ws/src/ros2_manipulator/simple_grasping_ros2) by extension 'python'
[0.736s] Level 1:colcon.colcon_core.package_identification:_identify(/home/yuritvr/PFC/wenis_ws/src/ros2_manipulator/simple_grasping_ros2) by extensions ['python_setup_py']
[0.736s] Level 1:colcon.colcon_core.package_identification:_identify(/home/yuritvr/PFC/wenis_ws/src/ros2_manipulator/simple_grasping_ros2) by extension 'python_setup_py'
[0.737s] Level 1:colcon.colcon_core.package_identification:_identify(/home/yuritvr/PFC/wenis_ws/src/ros2_manipulator/simple_grasping_ros2/simple_grasping) by extensions ['ignore', 'ignore_ament_install']
[0.737s] Level 1:colcon.colcon_core.package_identification:_identify(/home/yuritvr/PFC/wenis_ws/src/ros2_manipulator/simple_grasping_ros2/simple_grasping) by extension 'ignore'
[0.737s] Level 1:colcon.colcon_core.package_identification:_identify(/home/yuritvr/PFC/wenis_ws/src/ros2_manipulator/simple_grasping_ros2/simple_grasping) by extension 'ignore_ament_install'
[0.737s] Level 1:colcon.colcon_core.package_identification:_identify(/home/yuritvr/PFC/wenis_ws/src/ros2_manipulator/simple_grasping_ros2/simple_grasping) by extensions ['colcon_pkg']
[0.737s] Level 1:colcon.colcon_core.package_identification:_identify(/home/yuritvr/PFC/wenis_ws/src/ros2_manipulator/simple_grasping_ros2/simple_grasping) by extension 'colcon_pkg'
[0.738s] Level 1:colcon.colcon_core.package_identification:_identify(/home/yuritvr/PFC/wenis_ws/src/ros2_manipulator/simple_grasping_ros2/simple_grasping) by extensions ['colcon_meta']
[0.738s] Level 1:colcon.colcon_core.package_identification:_identify(/home/yuritvr/PFC/wenis_ws/src/ros2_manipulator/simple_grasping_ros2/simple_grasping) by extension 'colcon_meta'
[0.738s] Level 1:colcon.colcon_core.package_identification:_identify(/home/yuritvr/PFC/wenis_ws/src/ros2_manipulator/simple_grasping_ros2/simple_grasping) by extensions ['ros']
[0.738s] Level 1:colcon.colcon_core.package_identification:_identify(/home/yuritvr/PFC/wenis_ws/src/ros2_manipulator/simple_grasping_ros2/simple_grasping) by extension 'ros'
[0.742s] DEBUG:colcon.colcon_core.package_identification:Package '/home/yuritvr/PFC/wenis_ws/src/ros2_manipulator/simple_grasping_ros2/simple_grasping' with type 'ros.ament_cmake' and name 'simple_grasping'
[0.742s] Level 1:colcon.colcon_core.package_identification:_identify(/home/yuritvr/PFC/wenis_ws/src/ros2_manipulator/xarm_description) by extensions ['ignore', 'ignore_ament_install']
[0.742s] Level 1:colcon.colcon_core.package_identification:_identify(/home/yuritvr/PFC/wenis_ws/src/ros2_manipulator/xarm_description) by extension 'ignore'
[0.742s] Level 1:colcon.colcon_core.package_identification:_identify(/home/yuritvr/PFC/wenis_ws/src/ros2_manipulator/xarm_description) by extension 'ignore_ament_install'
[0.743s] Level 1:colcon.colcon_core.package_identification:_identify(/home/yuritvr/PFC/wenis_ws/src/ros2_manipulator/xarm_description) by extensions ['colcon_pkg']
[0.743s] Level 1:colcon.colcon_core.package_identification:_identify(/home/yuritvr/PFC/wenis_ws/src/ros2_manipulator/xarm_description) by extension 'colcon_pkg'
[0.743s] Level 1:colcon.colcon_core.package_identification:_identify(/home/yuritvr/PFC/wenis_ws/src/ros2_manipulator/xarm_description) by extensions ['colcon_meta']
[0.743s] Level 1:colcon.colcon_core.package_identification:_identify(/home/yuritvr/PFC/wenis_ws/src/ros2_manipulator/xarm_description) by extension 'colcon_meta'
[0.743s] Level 1:colcon.colcon_core.package_identification:_identify(/home/yuritvr/PFC/wenis_ws/src/ros2_manipulator/xarm_description) by extensions ['ros']
[0.743s] Level 1:colcon.colcon_core.package_identification:_identify(/home/yuritvr/PFC/wenis_ws/src/ros2_manipulator/xarm_description) by extension 'ros'
[0.744s] DEBUG:colcon.colcon_core.package_identification:Package '/home/yuritvr/PFC/wenis_ws/src/ros2_manipulator/xarm_description' with type 'ros.ament_cmake' and name 'xarm_description'
[0.745s] Level 1:colcon.colcon_core.package_discovery:discover_packages(recursive) using defaults
