[0.012s] Invoking command in '/home/yuritvr/PFC/pfc_ws/build/moveit2_scripts': CMAKE_PREFIX_PATH=/opt/ros/humble /usr/bin/cmake /home/yuritvr/PFC/pfc_ws/src/moveit2_scripts -DCMAKE_INSTALL_PREFIX=/home/yuritvr/PFC/pfc_ws/install/moveit2_scripts
[0.038s] -- The C compiler identification is GNU 11.4.0
[0.067s] -- The CXX compiler identification is GNU 11.4.0
[0.071s] -- Detecting C compiler ABI info
[0.107s] -- Detecting C compiler ABI info - done
[0.113s] -- Check for working C compiler: /usr/bin/cc - skipped
[0.113s] -- Detecting C compile features
[0.113s] -- Detecting C compile features - done
[0.114s] -- Detecting CXX compiler ABI info
[0.157s] -- Detecting CXX compiler ABI info - done
[0.161s] -- Check for working CXX compiler: /usr/bin/c++ - skipped
[0.161s] -- Detecting CXX compile features
[0.161s] -- Detecting CXX compile features - done
[0.163s] -- Found ament_cmake: 1.3.9 (/opt/ros/humble/share/ament_cmake/cmake)
[0.249s] -- Found Python3: /usr/bin/python3 (found version "3.10.12") found components: Interpreter 
[0.294s] -- Found rclcpp: 16.0.9 (/opt/ros/humble/share/rclcpp/cmake)
[0.315s] -- Found rosidl_generator_c: 3.1.5 (/opt/ros/humble/share/rosidl_generator_c/cmake)
[0.318s] -- Found rosidl_adapter: 3.1.5 (/opt/ros/humble/share/rosidl_adapter/cmake)
[0.323s] -- Found rosidl_generator_cpp: 3.1.5 (/opt/ros/humble/share/rosidl_generator_cpp/cmake)
[0.332s] -- Using all available rosidl_typesupport_c: rosidl_typesupport_fastrtps_c;rosidl_typesupport_introspection_c
[0.342s] -- Using all available rosidl_typesupport_cpp: rosidl_typesupport_fastrtps_cpp;rosidl_typesupport_introspection_cpp
[0.380s] -- Found rmw_implementation_cmake: 6.1.2 (/opt/ros/humble/share/rmw_implementation_cmake/cmake)
[0.381s] -- Found rmw_fastrtps_cpp: 6.2.6 (/opt/ros/humble/share/rmw_fastrtps_cpp/cmake)
[0.432s] -- Found OpenSSL: /usr/lib/x86_64-linux-gnu/libcrypto.so (found version "3.0.2")  
[0.446s] -- Found FastRTPS: /opt/ros/humble/include  
[0.472s] -- Using RMW implementation 'rmw_fastrtps_cpp' as default
[0.477s] -- Looking for pthread.h
[0.514s] -- Looking for pthread.h - found
[0.515s] -- Performing Test CMAKE_HAVE_LIBC_PTHREAD
[0.553s] -- Performing Test CMAKE_HAVE_LIBC_PTHREAD - Success
[0.554s] -- Found Threads: TRUE  
[0.638s] -- Found rclcpp_action: 16.0.9 (/opt/ros/humble/share/rclcpp_action/cmake)
[0.687s] -- Found moveit_core: 2.5.5 (/opt/ros/humble/share/moveit_core/cmake)
[0.703s] -- Found Boost: /usr/lib/x86_64-linux-gnu/cmake/Boost-1.74.0/BoostConfig.cmake (found version "1.74.0") found components: chrono date_time filesystem iostreams program_options regex serialization system thread 
[0.709s] -- Found parameter_traits: 0.3.8 (/opt/ros/humble/share/parameter_traits/cmake)
[0.721s] -- Found rclcpp_lifecycle: 16.0.9 (/opt/ros/humble/share/rclcpp_lifecycle/cmake)
[0.746s] -- Found Boost: /usr/lib/x86_64-linux-gnu/cmake/Boost-1.74.0/BoostConfig.cmake (found version "1.74.0") found components: filesystem 
[0.819s] -- library: /usr/lib/x86_64-linux-gnu/libcurl.so
[0.990s] -- Found Eigen3: TRUE (found version "3.4.0") 
[0.990s] -- Ensuring Eigen3 include directory is part of orocos-kdl CMake target
[1.542s] -- Found moveit_ros_planning: 2.5.5 (/opt/ros/humble/share/moveit_ros_planning/cmake)
[1.545s] -- Found Boost: /usr/lib/x86_64-linux-gnu/cmake/Boost-1.74.0/BoostConfig.cmake (found version "1.74.0") found components: system filesystem date_time program_options thread chrono 
[1.786s] -- Found moveit_ros_planning_interface: 2.5.5 (/opt/ros/humble/share/moveit_ros_planning_interface/cmake)
[1.789s] -- Found Boost: /usr/lib/x86_64-linux-gnu/cmake/Boost-1.74.0/BoostConfig.cmake (found version "1.74.0") found components: date_time filesystem program_options system thread 
[1.894s] -- Found Boost: /usr/lib/x86_64-linux-gnu/cmake/Boost-1.74.0/BoostConfig.cmake (found version "1.74.0") found components: thread system filesystem regex date_time program_options 
[2.028s] -- Found Boost: /usr/lib/x86_64-linux-gnu/cmake/Boost-1.74.0/BoostConfig.cmake (found version "1.74.0") found components: system filesystem date_time program_options thread 
[2.258s] -- Found interactive_markers: 2.3.2 (/opt/ros/humble/share/interactive_markers/cmake)
[2.265s] -- Found control_msgs: 4.6.0 (/opt/ros/humble/share/control_msgs/cmake)
[2.379s] -- Found ament_lint_auto: 0.12.11 (/opt/ros/humble/share/ament_lint_auto/cmake)
[2.425s] -- Added test 'cppcheck' to perform static code analysis on C / C++ code
[2.426s] -- Configured cppcheck include dirs: /home/yuritvr/PFC/pfc_ws/src/moveit2_scripts/include
[2.426s] -- Configured cppcheck exclude dirs and/or files: 
[2.426s] -- Added test 'flake8' to check Python code syntax and style conventions
[2.426s] -- Added test 'lint_cmake' to check CMake code style
[2.426s] -- Added test 'pep257' to check Python code against some of the docstring style conventions in PEP 257
[2.427s] -- Added test 'uncrustify' to check C / C++ code style
[2.427s] -- Configured uncrustify additional arguments: 
[2.427s] -- Added test 'xmllint' to check XML markup files
[2.427s] -- Configuring done
[2.456s] -- Generating done
[2.457s] -- Build files have been written to: /home/yuritvr/PFC/pfc_ws/build/moveit2_scripts
[2.465s] Invoked command in '/home/yuritvr/PFC/pfc_ws/build/moveit2_scripts' returned '0': CMAKE_PREFIX_PATH=/opt/ros/humble /usr/bin/cmake /home/yuritvr/PFC/pfc_ws/src/moveit2_scripts -DCMAKE_INSTALL_PREFIX=/home/yuritvr/PFC/pfc_ws/install/moveit2_scripts
[2.466s] Invoking command in '/home/yuritvr/PFC/pfc_ws/build/moveit2_scripts': CMAKE_PREFIX_PATH=/opt/ros/humble /usr/bin/cmake --build /home/yuritvr/PFC/pfc_ws/build/moveit2_scripts -- -j24 -l24
[2.489s] [35m[1mConsolidate compiler generated dependencies of target test_trajectory[0m
[2.489s] [35m[1mConsolidate compiler generated dependencies of target test_end_effector_trajectory[0m
[2.489s] [35m[1mConsolidate compiler generated dependencies of target two_postions[0m
[2.490s] [35m[1mConsolidate compiler generated dependencies of target test_gripper[0m
[2.504s] [ 62%] Built target two_postions
[2.504s] [ 62%] Built target test_gripper
[2.504s] [ 87%] Built target test_trajectory
[2.504s] [100%] Built target test_end_effector_trajectory
[2.512s] Invoked command in '/home/yuritvr/PFC/pfc_ws/build/moveit2_scripts' returned '0': CMAKE_PREFIX_PATH=/opt/ros/humble /usr/bin/cmake --build /home/yuritvr/PFC/pfc_ws/build/moveit2_scripts -- -j24 -l24
[2.530s] Invoking command in '/home/yuritvr/PFC/pfc_ws/build/moveit2_scripts': CMAKE_PREFIX_PATH=/opt/ros/humble /usr/bin/cmake --install /home/yuritvr/PFC/pfc_ws/build/moveit2_scripts
[2.534s] -- Install configuration: ""
[2.534s] -- Up-to-date: /home/yuritvr/PFC/pfc_ws/install/moveit2_scripts/lib/moveit2_scripts/test_trajectory
[2.534s] -- Up-to-date: /home/yuritvr/PFC/pfc_ws/install/moveit2_scripts/lib/moveit2_scripts/test_end_effector_trajectory
[2.535s] -- Up-to-date: /home/yuritvr/PFC/pfc_ws/install/moveit2_scripts/lib/moveit2_scripts/two_postions
[2.535s] -- Up-to-date: /home/yuritvr/PFC/pfc_ws/install/moveit2_scripts/lib/moveit2_scripts/test_gripper
[2.535s] -- Up-to-date: /home/yuritvr/PFC/pfc_ws/install/moveit2_scripts/share/moveit2_scripts/launch
[2.535s] -- Up-to-date: /home/yuritvr/PFC/pfc_ws/install/moveit2_scripts/share/moveit2_scripts/launch/test_trajectory3.launch.py
[2.535s] -- Up-to-date: /home/yuritvr/PFC/pfc_ws/install/moveit2_scripts/share/moveit2_scripts/launch/test_trajectory2.launch.py
[2.535s] -- Up-to-date: /home/yuritvr/PFC/pfc_ws/install/moveit2_scripts/share/moveit2_scripts/launch/test_trajectory.launch.py
[2.535s] -- Up-to-date: /home/yuritvr/PFC/pfc_ws/install/moveit2_scripts/share/moveit2_scripts/launch/test_gripper.launch.py
[2.535s] -- Up-to-date: /home/yuritvr/PFC/pfc_ws/install/moveit2_scripts/share/ament_index/resource_index/package_run_dependencies/moveit2_scripts
[2.535s] -- Up-to-date: /home/yuritvr/PFC/pfc_ws/install/moveit2_scripts/share/ament_index/resource_index/parent_prefix_path/moveit2_scripts
[2.535s] -- Up-to-date: /home/yuritvr/PFC/pfc_ws/install/moveit2_scripts/share/moveit2_scripts/environment/ament_prefix_path.sh
[2.535s] -- Installing: /home/yuritvr/PFC/pfc_ws/install/moveit2_scripts/share/moveit2_scripts/environment/ament_prefix_path.dsv
[2.535s] -- Up-to-date: /home/yuritvr/PFC/pfc_ws/install/moveit2_scripts/share/moveit2_scripts/environment/path.sh
[2.535s] -- Installing: /home/yuritvr/PFC/pfc_ws/install/moveit2_scripts/share/moveit2_scripts/environment/path.dsv
[2.535s] -- Up-to-date: /home/yuritvr/PFC/pfc_ws/install/moveit2_scripts/share/moveit2_scripts/local_setup.bash
[2.535s] -- Up-to-date: /home/yuritvr/PFC/pfc_ws/install/moveit2_scripts/share/moveit2_scripts/local_setup.sh
[2.535s] -- Up-to-date: /home/yuritvr/PFC/pfc_ws/install/moveit2_scripts/share/moveit2_scripts/local_setup.zsh
[2.535s] -- Installing: /home/yuritvr/PFC/pfc_ws/install/moveit2_scripts/share/moveit2_scripts/local_setup.dsv
[2.535s] -- Installing: /home/yuritvr/PFC/pfc_ws/install/moveit2_scripts/share/moveit2_scripts/package.dsv
[2.535s] -- Up-to-date: /home/yuritvr/PFC/pfc_ws/install/moveit2_scripts/share/ament_index/resource_index/packages/moveit2_scripts
[2.535s] -- Up-to-date: /home/yuritvr/PFC/pfc_ws/install/moveit2_scripts/share/moveit2_scripts/cmake/moveit2_scriptsConfig.cmake
[2.535s] -- Up-to-date: /home/yuritvr/PFC/pfc_ws/install/moveit2_scripts/share/moveit2_scripts/cmake/moveit2_scriptsConfig-version.cmake
[2.535s] -- Up-to-date: /home/yuritvr/PFC/pfc_ws/install/moveit2_scripts/share/moveit2_scripts/package.xml
[2.536s] Invoked command in '/home/yuritvr/PFC/pfc_ws/build/moveit2_scripts' returned '0': CMAKE_PREFIX_PATH=/opt/ros/humble /usr/bin/cmake --install /home/yuritvr/PFC/pfc_ws/build/moveit2_scripts
