[0.161s] DEBUG:colcon:Command line arguments: ['/usr/bin/colcon', 'build']
[0.162s] DEBUG:colcon:Parsed command line arguments: Namespace(log_base=None, log_level=None, verb_name='build', build_base='build', install_base='install', merge_install=False, symlink_install=False, test_result_base=None, continue_on_error=False, executor='parallel', parallel_workers=8, event_handlers=None, ignore_user_meta=False, metas=['./colcon.meta'], base_paths=['.'], packages_ignore=None, packages_ignore_regex=None, paths=None, packages_up_to=None, packages_up_to_regex=None, packages_above=None, packages_above_and_dependencies=None, packages_above_depth=None, packages_select_by_dep=None, packages_skip_by_dep=None, packages_skip_up_to=None, packages_select_build_failed=False, packages_skip_build_finished=False, packages_select_test_failures=False, packages_skip_test_passed=False, packages_select=None, packages_skip=None, packages_select_regex=None, packages_skip_regex=None, packages_start=None, packages_end=None, allow_overriding=[], cmake_args=None, cmake_target=None, cmake_target_skip_unavailable=False, cmake_clean_cache=False, cmake_clean_first=False, cmake_force_configure=False, ament_cmake_args=None, catkin_cmake_args=None, catkin_skip_building_tests=False, mixin_files=None, mixin=None, verb_parser=<colcon_mixin.mixin.mixin_argument.MixinArgumentDecorator object at 0x78693aa4a0b0>, verb_extension=<colcon_core.verb.build.BuildVerb object at 0x78693abba320>, main=<bound method BuildVerb.main of <colcon_core.verb.build.BuildVerb object at 0x78693abba320>>, mixin_verb=('build',))
[0.424s] Level 1:colcon.colcon_core.package_discovery:discover_packages(colcon_meta) check parameters
[0.424s] Level 1:colcon.colcon_core.package_discovery:discover_packages(recursive) check parameters
[0.424s] Level 1:colcon.colcon_core.package_discovery:discover_packages(ignore) check parameters
[0.424s] Level 1:colcon.colcon_core.package_discovery:discover_packages(path) check parameters
[0.424s] Level 1:colcon.colcon_core.package_discovery:discover_packages(colcon_meta) discover
[0.424s] Level 1:colcon.colcon_core.package_discovery:discover_packages(recursive) discover
[0.425s] INFO:colcon.colcon_core.package_discovery:Crawling recursively for packages in '/home/yuritvr/PFC/pfc_ws'
[0.425s] Level 1:colcon.colcon_core.package_identification:_identify(.) by extensions ['ignore', 'ignore_ament_install']
[0.425s] Level 1:colcon.colcon_core.package_identification:_identify(.) by extension 'ignore'
[0.425s] Level 1:colcon.colcon_core.package_identification:_identify(.) by extension 'ignore_ament_install'
[0.425s] Level 1:colcon.colcon_core.package_identification:_identify(.) by extensions ['colcon_pkg']
[0.425s] Level 1:colcon.colcon_core.package_identification:_identify(.) by extension 'colcon_pkg'
[0.425s] Level 1:colcon.colcon_core.package_identification:_identify(.) by extensions ['colcon_meta']
[0.425s] Level 1:colcon.colcon_core.package_identification:_identify(.) by extension 'colcon_meta'
[0.425s] Level 1:colcon.colcon_core.package_identification:_identify(.) by extensions ['ros']
[0.425s] Level 1:colcon.colcon_core.package_identification:_identify(.) by extension 'ros'
[0.441s] Level 1:colcon.colcon_core.package_identification:_identify(.) by extensions ['cmake', 'python']
[0.441s] Level 1:colcon.colcon_core.package_identification:_identify(.) by extension 'cmake'
[0.441s] Level 1:colcon.colcon_core.package_identification:_identify(.) by extension 'python'
[0.441s] Level 1:colcon.colcon_core.package_identification:_identify(.) by extensions ['python_setup_py']
[0.441s] Level 1:colcon.colcon_core.package_identification:_identify(.) by extension 'python_setup_py'
[0.441s] Level 1:colcon.colcon_core.package_identification:_identify(build) by extensions ['ignore', 'ignore_ament_install']
[0.441s] Level 1:colcon.colcon_core.package_identification:_identify(build) by extension 'ignore'
[0.441s] Level 1:colcon.colcon_core.package_identification:_identify(build) ignored
[0.441s] Level 1:colcon.colcon_core.package_identification:_identify(install) by extensions ['ignore', 'ignore_ament_install']
[0.442s] Level 1:colcon.colcon_core.package_identification:_identify(install) by extension 'ignore'
[0.442s] Level 1:colcon.colcon_core.package_identification:_identify(install) ignored
[0.442s] Level 1:colcon.colcon_core.package_identification:_identify(log) by extensions ['ignore', 'ignore_ament_install']
[0.442s] Level 1:colcon.colcon_core.package_identification:_identify(log) by extension 'ignore'
[0.442s] Level 1:colcon.colcon_core.package_identification:_identify(log) ignored
[0.442s] Level 1:colcon.colcon_core.package_identification:_identify(src) by extensions ['ignore', 'ignore_ament_install']
[0.442s] Level 1:colcon.colcon_core.package_identification:_identify(src) by extension 'ignore'
[0.442s] Level 1:colcon.colcon_core.package_identification:_identify(src) by extension 'ignore_ament_install'
[0.442s] Level 1:colcon.colcon_core.package_identification:_identify(src) by extensions ['colcon_pkg']
[0.442s] Level 1:colcon.colcon_core.package_identification:_identify(src) by extension 'colcon_pkg'
[0.443s] Level 1:colcon.colcon_core.package_identification:_identify(src) by extensions ['colcon_meta']
[0.443s] Level 1:colcon.colcon_core.package_identification:_identify(src) by extension 'colcon_meta'
[0.443s] Level 1:colcon.colcon_core.package_identification:_identify(src) by extensions ['ros']
[0.443s] Level 1:colcon.colcon_core.package_identification:_identify(src) by extension 'ros'
[0.443s] Level 1:colcon.colcon_core.package_identification:_identify(src) by extensions ['cmake', 'python']
[0.443s] Level 1:colcon.colcon_core.package_identification:_identify(src) by extension 'cmake'
[0.443s] Level 1:colcon.colcon_core.package_identification:_identify(src) by extension 'python'
[0.443s] Level 1:colcon.colcon_core.package_identification:_identify(src) by extensions ['python_setup_py']
[0.443s] Level 1:colcon.colcon_core.package_identification:_identify(src) by extension 'python_setup_py'
[0.443s] Level 1:colcon.colcon_core.package_identification:_identify(src/gripper_test) by extensions ['ignore', 'ignore_ament_install']
[0.443s] Level 1:colcon.colcon_core.package_identification:_identify(src/gripper_test) by extension 'ignore'
[0.443s] Level 1:colcon.colcon_core.package_identification:_identify(src/gripper_test) by extension 'ignore_ament_install'
[0.444s] Level 1:colcon.colcon_core.package_identification:_identify(src/gripper_test) by extensions ['colcon_pkg']
[0.444s] Level 1:colcon.colcon_core.package_identification:_identify(src/gripper_test) by extension 'colcon_pkg'
[0.444s] Level 1:colcon.colcon_core.package_identification:_identify(src/gripper_test) by extensions ['colcon_meta']
[0.444s] Level 1:colcon.colcon_core.package_identification:_identify(src/gripper_test) by extension 'colcon_meta'
[0.444s] Level 1:colcon.colcon_core.package_identification:_identify(src/gripper_test) by extensions ['ros']
[0.444s] Level 1:colcon.colcon_core.package_identification:_identify(src/gripper_test) by extension 'ros'
[0.444s] Level 1:colcon.colcon_core.package_identification:_identify(src/gripper_test) by extensions ['cmake', 'python']
[0.444s] Level 1:colcon.colcon_core.package_identification:_identify(src/gripper_test) by extension 'cmake'
[0.444s] Level 1:colcon.colcon_core.package_identification:_identify(src/gripper_test) by extension 'python'
[0.444s] Level 1:colcon.colcon_core.package_identification:_identify(src/gripper_test) by extensions ['python_setup_py']
[0.444s] Level 1:colcon.colcon_core.package_identification:_identify(src/gripper_test) by extension 'python_setup_py'
[0.444s] Level 1:colcon.colcon_core.package_identification:_identify(src/moveit_test) by extensions ['ignore', 'ignore_ament_install']
[0.444s] Level 1:colcon.colcon_core.package_identification:_identify(src/moveit_test) by extension 'ignore'
[0.445s] Level 1:colcon.colcon_core.package_identification:_identify(src/moveit_test) by extension 'ignore_ament_install'
[0.445s] Level 1:colcon.colcon_core.package_identification:_identify(src/moveit_test) by extensions ['colcon_pkg']
[0.445s] Level 1:colcon.colcon_core.package_identification:_identify(src/moveit_test) by extension 'colcon_pkg'
[0.445s] Level 1:colcon.colcon_core.package_identification:_identify(src/moveit_test) by extensions ['colcon_meta']
[0.445s] Level 1:colcon.colcon_core.package_identification:_identify(src/moveit_test) by extension 'colcon_meta'
[0.445s] Level 1:colcon.colcon_core.package_identification:_identify(src/moveit_test) by extensions ['ros']
[0.445s] Level 1:colcon.colcon_core.package_identification:_identify(src/moveit_test) by extension 'ros'
[0.449s] DEBUG:colcon.colcon_core.package_identification:Package 'src/moveit_test' with type 'ros.ament_cmake' and name 'moveit_test'
[0.449s] Level 1:colcon.colcon_core.package_identification:_identify(src/pfc_moveit) by extensions ['ignore', 'ignore_ament_install']
[0.449s] Level 1:colcon.colcon_core.package_identification:_identify(src/pfc_moveit) by extension 'ignore'
[0.449s] Level 1:colcon.colcon_core.package_identification:_identify(src/pfc_moveit) by extension 'ignore_ament_install'
[0.449s] Level 1:colcon.colcon_core.package_identification:_identify(src/pfc_moveit) by extensions ['colcon_pkg']
[0.449s] Level 1:colcon.colcon_core.package_identification:_identify(src/pfc_moveit) by extension 'colcon_pkg'
[0.449s] Level 1:colcon.colcon_core.package_identification:_identify(src/pfc_moveit) by extensions ['colcon_meta']
[0.449s] Level 1:colcon.colcon_core.package_identification:_identify(src/pfc_moveit) by extension 'colcon_meta'
[0.449s] Level 1:colcon.colcon_core.package_identification:_identify(src/pfc_moveit) by extensions ['ros']
[0.449s] Level 1:colcon.colcon_core.package_identification:_identify(src/pfc_moveit) by extension 'ros'
[0.450s] DEBUG:colcon.colcon_core.package_identification:Package 'src/pfc_moveit' with type 'ros.ament_cmake' and name 'pfc_moveit'
[0.451s] Level 1:colcon.colcon_core.package_identification:_identify(src/ur_pfc_arm) by extensions ['ignore', 'ignore_ament_install']
[0.451s] Level 1:colcon.colcon_core.package_identification:_identify(src/ur_pfc_arm) by extension 'ignore'
[0.451s] Level 1:colcon.colcon_core.package_identification:_identify(src/ur_pfc_arm) by extension 'ignore_ament_install'
[0.451s] Level 1:colcon.colcon_core.package_identification:_identify(src/ur_pfc_arm) by extensions ['colcon_pkg']
[0.451s] Level 1:colcon.colcon_core.package_identification:_identify(src/ur_pfc_arm) by extension 'colcon_pkg'
[0.451s] Level 1:colcon.colcon_core.package_identification:_identify(src/ur_pfc_arm) by extensions ['colcon_meta']
[0.451s] Level 1:colcon.colcon_core.package_identification:_identify(src/ur_pfc_arm) by extension 'colcon_meta'
[0.451s] Level 1:colcon.colcon_core.package_identification:_identify(src/ur_pfc_arm) by extensions ['ros']
[0.451s] Level 1:colcon.colcon_core.package_identification:_identify(src/ur_pfc_arm) by extension 'ros'
[0.451s] Level 1:colcon.colcon_core.package_identification:_identify(src/ur_pfc_arm) by extensions ['cmake', 'python']
[0.451s] Level 1:colcon.colcon_core.package_identification:_identify(src/ur_pfc_arm) by extension 'cmake'
[0.451s] Level 1:colcon.colcon_core.package_identification:_identify(src/ur_pfc_arm) by extension 'python'
[0.452s] Level 1:colcon.colcon_core.package_identification:_identify(src/ur_pfc_arm) by extensions ['python_setup_py']
[0.452s] Level 1:colcon.colcon_core.package_identification:_identify(src/ur_pfc_arm) by extension 'python_setup_py'
[0.452s] Level 1:colcon.colcon_core.package_identification:_identify(src/ur_pfc_arm/ur_robotiq_description) by extensions ['ignore', 'ignore_ament_install']
[0.452s] Level 1:colcon.colcon_core.package_identification:_identify(src/ur_pfc_arm/ur_robotiq_description) by extension 'ignore'
[0.452s] Level 1:colcon.colcon_core.package_identification:_identify(src/ur_pfc_arm/ur_robotiq_description) by extension 'ignore_ament_install'
[0.452s] Level 1:colcon.colcon_core.package_identification:_identify(src/ur_pfc_arm/ur_robotiq_description) by extensions ['colcon_pkg']
[0.452s] Level 1:colcon.colcon_core.package_identification:_identify(src/ur_pfc_arm/ur_robotiq_description) by extension 'colcon_pkg'
[0.452s] Level 1:colcon.colcon_core.package_identification:_identify(src/ur_pfc_arm/ur_robotiq_description) by extensions ['colcon_meta']
[0.452s] Level 1:colcon.colcon_core.package_identification:_identify(src/ur_pfc_arm/ur_robotiq_description) by extension 'colcon_meta'
[0.452s] Level 1:colcon.colcon_core.package_identification:_identify(src/ur_pfc_arm/ur_robotiq_description) by extensions ['ros']
[0.452s] Level 1:colcon.colcon_core.package_identification:_identify(src/ur_pfc_arm/ur_robotiq_description) by extension 'ros'
[0.453s] DEBUG:colcon.colcon_core.package_identification:Package 'src/ur_pfc_arm/ur_robotiq_description' with type 'ros.ament_cmake' and name 'ur_robotiq_description'
[0.453s] Level 1:colcon.colcon_core.package_discovery:discover_packages(recursive) using defaults
[0.453s] Level 1:colcon.colcon_core.package_discovery:discover_packages(ignore) discover
[0.453s] Level 1:colcon.colcon_core.package_discovery:discover_packages(ignore) using defaults
[0.453s] Level 1:colcon.colcon_core.package_discovery:discover_packages(path) discover
[0.453s] Level 1:colcon.colcon_core.package_discovery:discover_packages(path) using defaults
[0.493s] Level 1:colcon.colcon_core.package_discovery:discover_packages(prefix_path) check parameters
[0.493s] Level 1:colcon.colcon_core.package_discovery:discover_packages(prefix_path) discover
[0.496s] DEBUG:colcon.colcon_installed_package_information.package_discovery:Found 5 installed packages in /home/yuritvr/PFC/pfc_ws/install
[0.497s] DEBUG:colcon.colcon_installed_package_information.package_discovery:Found 8 installed packages in /home/yuritvr/PFC/wenis_ws/install
[0.499s] DEBUG:colcon.colcon_installed_package_information.package_discovery:Found 354 installed packages in /opt/ros/humble
[0.502s] Level 1:colcon.colcon_core.package_discovery:discover_packages(prefix_path) using defaults
[0.572s] Level 5:colcon.colcon_core.verb:set package 'ur_robotiq_description' build argument 'cmake_args' from command line to 'None'
[0.572s] Level 5:colcon.colcon_core.verb:set package 'ur_robotiq_description' build argument 'cmake_target' from command line to 'None'
[0.572s] Level 5:colcon.colcon_core.verb:set package 'ur_robotiq_description' build argument 'cmake_target_skip_unavailable' from command line to 'False'
[0.572s] Level 5:colcon.colcon_core.verb:set package 'ur_robotiq_description' build argument 'cmake_clean_cache' from command line to 'False'
[0.572s] Level 5:colcon.colcon_core.verb:set package 'ur_robotiq_description' build argument 'cmake_clean_first' from command line to 'False'
[0.572s] Level 5:colcon.colcon_core.verb:set package 'ur_robotiq_description' build argument 'cmake_force_configure' from command line to 'False'
[0.572s] Level 5:colcon.colcon_core.verb:set package 'ur_robotiq_description' build argument 'ament_cmake_args' from command line to 'None'
[0.572s] Level 5:colcon.colcon_core.verb:set package 'ur_robotiq_description' build argument 'catkin_cmake_args' from command line to 'None'
[0.573s] Level 5:colcon.colcon_core.verb:set package 'ur_robotiq_description' build argument 'catkin_skip_building_tests' from command line to 'False'
[0.573s] DEBUG:colcon.colcon_core.verb:Building package 'ur_robotiq_description' with the following arguments: {'ament_cmake_args': None, 'build_base': '/home/yuritvr/PFC/pfc_ws/build/ur_robotiq_description', 'catkin_cmake_args': None, 'catkin_skip_building_tests': False, 'cmake_args': None, 'cmake_clean_cache': False, 'cmake_clean_first': False, 'cmake_force_configure': False, 'cmake_target': None, 'cmake_target_skip_unavailable': False, 'install_base': '/home/yuritvr/PFC/pfc_ws/install/ur_robotiq_description', 'merge_install': False, 'path': '/home/yuritvr/PFC/pfc_ws/src/ur_pfc_arm/ur_robotiq_description', 'symlink_install': False, 'test_result_base': None}
[0.573s] Level 5:colcon.colcon_core.verb:set package 'moveit_test' build argument 'cmake_args' from command line to 'None'
[0.573s] Level 5:colcon.colcon_core.verb:set package 'moveit_test' build argument 'cmake_target' from command line to 'None'
[0.573s] Level 5:colcon.colcon_core.verb:set package 'moveit_test' build argument 'cmake_target_skip_unavailable' from command line to 'False'
[0.573s] Level 5:colcon.colcon_core.verb:set package 'moveit_test' build argument 'cmake_clean_cache' from command line to 'False'
[0.573s] Level 5:colcon.colcon_core.verb:set package 'moveit_test' build argument 'cmake_clean_first' from command line to 'False'
[0.573s] Level 5:colcon.colcon_core.verb:set package 'moveit_test' build argument 'cmake_force_configure' from command line to 'False'
[0.573s] Level 5:colcon.colcon_core.verb:set package 'moveit_test' build argument 'ament_cmake_args' from command line to 'None'
[0.573s] Level 5:colcon.colcon_core.verb:set package 'moveit_test' build argument 'catkin_cmake_args' from command line to 'None'
[0.573s] Level 5:colcon.colcon_core.verb:set package 'moveit_test' build argument 'catkin_skip_building_tests' from command line to 'False'
[0.574s] DEBUG:colcon.colcon_core.verb:Building package 'moveit_test' with the following arguments: {'ament_cmake_args': None, 'build_base': '/home/yuritvr/PFC/pfc_ws/build/moveit_test', 'catkin_cmake_args': None, 'catkin_skip_building_tests': False, 'cmake_args': None, 'cmake_clean_cache': False, 'cmake_clean_first': False, 'cmake_force_configure': False, 'cmake_target': None, 'cmake_target_skip_unavailable': False, 'install_base': '/home/yuritvr/PFC/pfc_ws/install/moveit_test', 'merge_install': False, 'path': '/home/yuritvr/PFC/pfc_ws/src/moveit_test', 'symlink_install': False, 'test_result_base': None}
[0.574s] Level 5:colcon.colcon_core.verb:set package 'pfc_moveit' build argument 'cmake_args' from command line to 'None'
[0.574s] Level 5:colcon.colcon_core.verb:set package 'pfc_moveit' build argument 'cmake_target' from command line to 'None'
[0.574s] Level 5:colcon.colcon_core.verb:set package 'pfc_moveit' build argument 'cmake_target_skip_unavailable' from command line to 'False'
[0.574s] Level 5:colcon.colcon_core.verb:set package 'pfc_moveit' build argument 'cmake_clean_cache' from command line to 'False'
[0.574s] Level 5:colcon.colcon_core.verb:set package 'pfc_moveit' build argument 'cmake_clean_first' from command line to 'False'
[0.574s] Level 5:colcon.colcon_core.verb:set package 'pfc_moveit' build argument 'cmake_force_configure' from command line to 'False'
[0.574s] Level 5:colcon.colcon_core.verb:set package 'pfc_moveit' build argument 'ament_cmake_args' from command line to 'None'
[0.574s] Level 5:colcon.colcon_core.verb:set package 'pfc_moveit' build argument 'catkin_cmake_args' from command line to 'None'
[0.574s] Level 5:colcon.colcon_core.verb:set package 'pfc_moveit' build argument 'catkin_skip_building_tests' from command line to 'False'
[0.574s] DEBUG:colcon.colcon_core.verb:Building package 'pfc_moveit' with the following arguments: {'ament_cmake_args': None, 'build_base': '/home/yuritvr/PFC/pfc_ws/build/pfc_moveit', 'catkin_cmake_args': None, 'catkin_skip_building_tests': False, 'cmake_args': None, 'cmake_clean_cache': False, 'cmake_clean_first': False, 'cmake_force_configure': False, 'cmake_target': None, 'cmake_target_skip_unavailable': False, 'install_base': '/home/yuritvr/PFC/pfc_ws/install/pfc_moveit', 'merge_install': False, 'path': '/home/yuritvr/PFC/pfc_ws/src/pfc_moveit', 'symlink_install': False, 'test_result_base': None}
[0.575s] INFO:colcon.colcon_core.executor:Executing jobs using 'parallel' executor
[0.576s] DEBUG:colcon.colcon_parallel_executor.executor.parallel:run_until_complete
[0.576s] INFO:colcon.colcon_ros.task.ament_cmake.build:Building ROS package in '/home/yuritvr/PFC/pfc_ws/src/ur_pfc_arm/ur_robotiq_description' with build type 'ament_cmake'
[0.576s] INFO:colcon.colcon_cmake.task.cmake.build:Building CMake package in '/home/yuritvr/PFC/pfc_ws/src/ur_pfc_arm/ur_robotiq_description'
[0.579s] INFO:colcon.colcon_core.plugin_system:Skipping extension 'colcon_core.shell.bat': Not used on non-Windows systems
[0.579s] INFO:colcon.colcon_core.shell:Skip shell extension 'powershell' for command environment: Not usable outside of PowerShell
[0.579s] DEBUG:colcon.colcon_core.shell:Skip shell extension 'dsv' for command environment
[0.594s] DEBUG:colcon.colcon_core.event_handler.log_command:Invoking command in '/home/yuritvr/PFC/pfc_ws/build/ur_robotiq_description': CMAKE_PREFIX_PATH=${CMAKE_PREFIX_PATH}:/opt/ros/humble /usr/bin/cmake --build /home/yuritvr/PFC/pfc_ws/build/ur_robotiq_description -- -j8 -l8
[0.649s] DEBUG:colcon.colcon_core.event_handler.log_command:Invoked command in '/home/yuritvr/PFC/pfc_ws/build/ur_robotiq_description' returned '0': CMAKE_PREFIX_PATH=${CMAKE_PREFIX_PATH}:/opt/ros/humble /usr/bin/cmake --build /home/yuritvr/PFC/pfc_ws/build/ur_robotiq_description -- -j8 -l8
[0.695s] DEBUG:colcon.colcon_core.event_handler.log_command:Invoking command in '/home/yuritvr/PFC/pfc_ws/build/ur_robotiq_description': CMAKE_PREFIX_PATH=${CMAKE_PREFIX_PATH}:/opt/ros/humble /usr/bin/cmake --install /home/yuritvr/PFC/pfc_ws/build/ur_robotiq_description
[0.709s] Level 1:colcon.colcon_core.environment:create_environment_scripts_only(ur_robotiq_description)
[0.710s] DEBUG:colcon.colcon_core.event_handler.log_command:Invoked command in '/home/yuritvr/PFC/pfc_ws/build/ur_robotiq_description' returned '0': CMAKE_PREFIX_PATH=${CMAKE_PREFIX_PATH}:/opt/ros/humble /usr/bin/cmake --install /home/yuritvr/PFC/pfc_ws/build/ur_robotiq_description
[0.713s] Level 1:colcon.colcon_core.environment:checking '/home/yuritvr/PFC/pfc_ws/install/ur_robotiq_description' for CMake module files
[0.714s] Level 1:colcon.colcon_core.environment:checking '/home/yuritvr/PFC/pfc_ws/install/ur_robotiq_description' for CMake config files
[0.714s] Level 1:colcon.colcon_core.shell:create_environment_hook('ur_robotiq_description', 'cmake_prefix_path')
[0.715s] INFO:colcon.colcon_core.shell:Creating environment hook '/home/yuritvr/PFC/pfc_ws/install/ur_robotiq_description/share/ur_robotiq_description/hook/cmake_prefix_path.ps1'
[0.715s] INFO:colcon.colcon_core.shell:Creating environment descriptor '/home/yuritvr/PFC/pfc_ws/install/ur_robotiq_description/share/ur_robotiq_description/hook/cmake_prefix_path.dsv'
[0.716s] INFO:colcon.colcon_core.shell:Creating environment hook '/home/yuritvr/PFC/pfc_ws/install/ur_robotiq_description/share/ur_robotiq_description/hook/cmake_prefix_path.sh'
[0.717s] Level 1:colcon.colcon_core.environment:checking '/home/yuritvr/PFC/pfc_ws/install/ur_robotiq_description/bin'
[0.717s] Level 1:colcon.colcon_core.environment:checking '/home/yuritvr/PFC/pfc_ws/install/ur_robotiq_description/lib/pkgconfig/ur_robotiq_description.pc'
[0.718s] Level 1:colcon.colcon_core.environment:checking '/home/yuritvr/PFC/pfc_ws/install/ur_robotiq_description/lib/python3.10/site-packages'
[0.718s] Level 1:colcon.colcon_core.environment:checking '/home/yuritvr/PFC/pfc_ws/install/ur_robotiq_description/bin'
[0.718s] INFO:colcon.colcon_core.shell:Creating package script '/home/yuritvr/PFC/pfc_ws/install/ur_robotiq_description/share/ur_robotiq_description/package.ps1'
[0.719s] INFO:colcon.colcon_core.shell:Creating package descriptor '/home/yuritvr/PFC/pfc_ws/install/ur_robotiq_description/share/ur_robotiq_description/package.dsv'
[0.720s] INFO:colcon.colcon_core.shell:Creating package script '/home/yuritvr/PFC/pfc_ws/install/ur_robotiq_description/share/ur_robotiq_description/package.sh'
[0.721s] INFO:colcon.colcon_core.shell:Creating package script '/home/yuritvr/PFC/pfc_ws/install/ur_robotiq_description/share/ur_robotiq_description/package.bash'
[0.722s] INFO:colcon.colcon_core.shell:Creating package script '/home/yuritvr/PFC/pfc_ws/install/ur_robotiq_description/share/ur_robotiq_description/package.zsh'
[0.723s] Level 1:colcon.colcon_core.environment:create_file_with_runtime_dependencies(/home/yuritvr/PFC/pfc_ws/install/ur_robotiq_description/share/colcon-core/packages/ur_robotiq_description)
[0.756s] Level 1:colcon.colcon_core.environment:create_environment_scripts_only(ur_robotiq_description)
[0.756s] Level 1:colcon.colcon_core.environment:checking '/home/yuritvr/PFC/pfc_ws/install/ur_robotiq_description' for CMake module files
[0.757s] Level 1:colcon.colcon_core.environment:checking '/home/yuritvr/PFC/pfc_ws/install/ur_robotiq_description' for CMake config files
[0.758s] Level 1:colcon.colcon_core.shell:create_environment_hook('ur_robotiq_description', 'cmake_prefix_path')
[0.758s] INFO:colcon.colcon_core.shell:Creating environment hook '/home/yuritvr/PFC/pfc_ws/install/ur_robotiq_description/share/ur_robotiq_description/hook/cmake_prefix_path.ps1'
[0.759s] INFO:colcon.colcon_core.shell:Creating environment descriptor '/home/yuritvr/PFC/pfc_ws/install/ur_robotiq_description/share/ur_robotiq_description/hook/cmake_prefix_path.dsv'
[0.759s] INFO:colcon.colcon_core.shell:Creating environment hook '/home/yuritvr/PFC/pfc_ws/install/ur_robotiq_description/share/ur_robotiq_description/hook/cmake_prefix_path.sh'
[0.760s] Level 1:colcon.colcon_core.environment:checking '/home/yuritvr/PFC/pfc_ws/install/ur_robotiq_description/bin'
[0.760s] Level 1:colcon.colcon_core.environment:checking '/home/yuritvr/PFC/pfc_ws/install/ur_robotiq_description/lib/pkgconfig/ur_robotiq_description.pc'
[0.760s] Level 1:colcon.colcon_core.environment:checking '/home/yuritvr/PFC/pfc_ws/install/ur_robotiq_description/lib/python3.10/site-packages'
[0.761s] Level 1:colcon.colcon_core.environment:checking '/home/yuritvr/PFC/pfc_ws/install/ur_robotiq_description/bin'
[0.761s] INFO:colcon.colcon_core.shell:Creating package script '/home/yuritvr/PFC/pfc_ws/install/ur_robotiq_description/share/ur_robotiq_description/package.ps1'
[0.762s] INFO:colcon.colcon_core.shell:Creating package descriptor '/home/yuritvr/PFC/pfc_ws/install/ur_robotiq_description/share/ur_robotiq_description/package.dsv'
[0.762s] INFO:colcon.colcon_core.shell:Creating package script '/home/yuritvr/PFC/pfc_ws/install/ur_robotiq_description/share/ur_robotiq_description/package.sh'
[0.763s] INFO:colcon.colcon_core.shell:Creating package script '/home/yuritvr/PFC/pfc_ws/install/ur_robotiq_description/share/ur_robotiq_description/package.bash'
[0.763s] INFO:colcon.colcon_core.shell:Creating package script '/home/yuritvr/PFC/pfc_ws/install/ur_robotiq_description/share/ur_robotiq_description/package.zsh'
[0.764s] Level 1:colcon.colcon_core.environment:create_file_with_runtime_dependencies(/home/yuritvr/PFC/pfc_ws/install/ur_robotiq_description/share/colcon-core/packages/ur_robotiq_description)
[0.764s] INFO:colcon.colcon_ros.task.ament_cmake.build:Building ROS package in '/home/yuritvr/PFC/pfc_ws/src/moveit_test' with build type 'ament_cmake'
[0.764s] INFO:colcon.colcon_cmake.task.cmake.build:Building CMake package in '/home/yuritvr/PFC/pfc_ws/src/moveit_test'
[0.765s] INFO:colcon.colcon_core.shell:Skip shell extension 'powershell' for command environment: Not usable outside of PowerShell
[0.765s] DEBUG:colcon.colcon_core.shell:Skip shell extension 'dsv' for command environment
[0.772s] INFO:colcon.colcon_ros.task.ament_cmake.build:Building ROS package in '/home/yuritvr/PFC/pfc_ws/src/pfc_moveit' with build type 'ament_cmake'
[0.772s] INFO:colcon.colcon_cmake.task.cmake.build:Building CMake package in '/home/yuritvr/PFC/pfc_ws/src/pfc_moveit'
[0.772s] INFO:colcon.colcon_core.shell:Skip shell extension 'powershell' for command environment: Not usable outside of PowerShell
[0.772s] DEBUG:colcon.colcon_core.shell:Skip shell extension 'dsv' for command environment
[0.786s] DEBUG:colcon.colcon_core.event_handler.log_command:Invoking command in '/home/yuritvr/PFC/pfc_ws/build/moveit_test': CMAKE_PREFIX_PATH=/home/yuritvr/PFC/pfc_ws/install/ur_robotiq_description:/home/yuritvr/PFC/pfc_ws/install/pfc_moveit:/home/yuritvr/PFC/pfc_ws/install/moveit_test:/home/yuritvr/PFC/pfc_ws/install/pfc_arm:/home/yuritvr/PFC/pfc_ws/install/gazebo_ros2_control:/home/yuritvr/PFC/wenis_ws/install/xarm_description:/home/yuritvr/PFC/wenis_ws/install/simple_grasping:/home/yuritvr/PFC/wenis_ws/install/moveit_config:/home/yuritvr/PFC/wenis_ws/install/moveit2_scripts:/home/yuritvr/PFC/wenis_ws/install/moveit2_kinematics:/home/yuritvr/PFC/wenis_ws/install/moveit2_cartesian:/home/yuritvr/PFC/wenis_ws/install/get_pose_client:/home/yuritvr/PFC/wenis_ws/install/arm_pkg:/opt/ros/humble /usr/bin/cmake --build /home/yuritvr/PFC/pfc_ws/build/moveit_test -- -j8 -l8
[0.789s] DEBUG:colcon.colcon_core.event_handler.log_command:Invoking command in '/home/yuritvr/PFC/pfc_ws/build/pfc_moveit': CMAKE_PREFIX_PATH=/home/yuritvr/PFC/pfc_ws/install/ur_robotiq_description:/home/yuritvr/PFC/pfc_ws/install/pfc_moveit:/home/yuritvr/PFC/pfc_ws/install/moveit_test:/home/yuritvr/PFC/pfc_ws/install/pfc_arm:/home/yuritvr/PFC/pfc_ws/install/gazebo_ros2_control:/home/yuritvr/PFC/wenis_ws/install/xarm_description:/home/yuritvr/PFC/wenis_ws/install/simple_grasping:/home/yuritvr/PFC/wenis_ws/install/moveit_config:/home/yuritvr/PFC/wenis_ws/install/moveit2_scripts:/home/yuritvr/PFC/wenis_ws/install/moveit2_kinematics:/home/yuritvr/PFC/wenis_ws/install/moveit2_cartesian:/home/yuritvr/PFC/wenis_ws/install/get_pose_client:/home/yuritvr/PFC/wenis_ws/install/arm_pkg:/opt/ros/humble /usr/bin/cmake --build /home/yuritvr/PFC/pfc_ws/build/pfc_moveit -- -j8 -l8
[0.839s] DEBUG:colcon.colcon_core.event_handler.log_command:Invoked command in '/home/yuritvr/PFC/pfc_ws/build/moveit_test' returned '0': CMAKE_PREFIX_PATH=/home/yuritvr/PFC/pfc_ws/install/ur_robotiq_description:/home/yuritvr/PFC/pfc_ws/install/pfc_moveit:/home/yuritvr/PFC/pfc_ws/install/moveit_test:/home/yuritvr/PFC/pfc_ws/install/pfc_arm:/home/yuritvr/PFC/pfc_ws/install/gazebo_ros2_control:/home/yuritvr/PFC/wenis_ws/install/xarm_description:/home/yuritvr/PFC/wenis_ws/install/simple_grasping:/home/yuritvr/PFC/wenis_ws/install/moveit_config:/home/yuritvr/PFC/wenis_ws/install/moveit2_scripts:/home/yuritvr/PFC/wenis_ws/install/moveit2_kinematics:/home/yuritvr/PFC/wenis_ws/install/moveit2_cartesian:/home/yuritvr/PFC/wenis_ws/install/get_pose_client:/home/yuritvr/PFC/wenis_ws/install/arm_pkg:/opt/ros/humble /usr/bin/cmake --build /home/yuritvr/PFC/pfc_ws/build/moveit_test -- -j8 -l8
[0.843s] DEBUG:colcon.colcon_core.event_handler.log_command:Invoked command in '/home/yuritvr/PFC/pfc_ws/build/pfc_moveit' returned '0': CMAKE_PREFIX_PATH=/home/yuritvr/PFC/pfc_ws/install/ur_robotiq_description:/home/yuritvr/PFC/pfc_ws/install/pfc_moveit:/home/yuritvr/PFC/pfc_ws/install/moveit_test:/home/yuritvr/PFC/pfc_ws/install/pfc_arm:/home/yuritvr/PFC/pfc_ws/install/gazebo_ros2_control:/home/yuritvr/PFC/wenis_ws/install/xarm_description:/home/yuritvr/PFC/wenis_ws/install/simple_grasping:/home/yuritvr/PFC/wenis_ws/install/moveit_config:/home/yuritvr/PFC/wenis_ws/install/moveit2_scripts:/home/yuritvr/PFC/wenis_ws/install/moveit2_kinematics:/home/yuritvr/PFC/wenis_ws/install/moveit2_cartesian:/home/yuritvr/PFC/wenis_ws/install/get_pose_client:/home/yuritvr/PFC/wenis_ws/install/arm_pkg:/opt/ros/humble /usr/bin/cmake --build /home/yuritvr/PFC/pfc_ws/build/pfc_moveit -- -j8 -l8
[0.873s] DEBUG:colcon.colcon_core.event_handler.log_command:Invoking command in '/home/yuritvr/PFC/pfc_ws/build/moveit_test': CMAKE_PREFIX_PATH=/home/yuritvr/PFC/pfc_ws/install/ur_robotiq_description:/home/yuritvr/PFC/pfc_ws/install/pfc_moveit:/home/yuritvr/PFC/pfc_ws/install/moveit_test:/home/yuritvr/PFC/pfc_ws/install/pfc_arm:/home/yuritvr/PFC/pfc_ws/install/gazebo_ros2_control:/home/yuritvr/PFC/wenis_ws/install/xarm_description:/home/yuritvr/PFC/wenis_ws/install/simple_grasping:/home/yuritvr/PFC/wenis_ws/install/moveit_config:/home/yuritvr/PFC/wenis_ws/install/moveit2_scripts:/home/yuritvr/PFC/wenis_ws/install/moveit2_kinematics:/home/yuritvr/PFC/wenis_ws/install/moveit2_cartesian:/home/yuritvr/PFC/wenis_ws/install/get_pose_client:/home/yuritvr/PFC/wenis_ws/install/arm_pkg:/opt/ros/humble /usr/bin/cmake --install /home/yuritvr/PFC/pfc_ws/build/moveit_test
[0.876s] DEBUG:colcon.colcon_core.event_handler.log_command:Invoking command in '/home/yuritvr/PFC/pfc_ws/build/pfc_moveit': CMAKE_PREFIX_PATH=/home/yuritvr/PFC/pfc_ws/install/ur_robotiq_description:/home/yuritvr/PFC/pfc_ws/install/pfc_moveit:/home/yuritvr/PFC/pfc_ws/install/moveit_test:/home/yuritvr/PFC/pfc_ws/install/pfc_arm:/home/yuritvr/PFC/pfc_ws/install/gazebo_ros2_control:/home/yuritvr/PFC/wenis_ws/install/xarm_description:/home/yuritvr/PFC/wenis_ws/install/simple_grasping:/home/yuritvr/PFC/wenis_ws/install/moveit_config:/home/yuritvr/PFC/wenis_ws/install/moveit2_scripts:/home/yuritvr/PFC/wenis_ws/install/moveit2_kinematics:/home/yuritvr/PFC/wenis_ws/install/moveit2_cartesian:/home/yuritvr/PFC/wenis_ws/install/get_pose_client:/home/yuritvr/PFC/wenis_ws/install/arm_pkg:/opt/ros/humble /usr/bin/cmake --install /home/yuritvr/PFC/pfc_ws/build/pfc_moveit
[0.889s] Level 1:colcon.colcon_core.environment:create_environment_scripts_only(moveit_test)
[0.890s] Level 1:colcon.colcon_core.environment:checking '/home/yuritvr/PFC/pfc_ws/install/moveit_test' for CMake module files
[0.892s] Level 1:colcon.colcon_core.environment:checking '/home/yuritvr/PFC/pfc_ws/install/moveit_test' for CMake config files
[0.894s] Level 1:colcon.colcon_core.shell:create_environment_hook('moveit_test', 'cmake_prefix_path')
[0.894s] INFO:colcon.colcon_core.shell:Creating environment hook '/home/yuritvr/PFC/pfc_ws/install/moveit_test/share/moveit_test/hook/cmake_prefix_path.ps1'
[0.895s] INFO:colcon.colcon_core.shell:Creating environment descriptor '/home/yuritvr/PFC/pfc_ws/install/moveit_test/share/moveit_test/hook/cmake_prefix_path.dsv'
[0.896s] INFO:colcon.colcon_core.shell:Creating environment hook '/home/yuritvr/PFC/pfc_ws/install/moveit_test/share/moveit_test/hook/cmake_prefix_path.sh'
[0.897s] Level 1:colcon.colcon_core.environment:checking '/home/yuritvr/PFC/pfc_ws/install/moveit_test/bin'
[0.897s] Level 1:colcon.colcon_core.environment:checking '/home/yuritvr/PFC/pfc_ws/install/moveit_test/lib/pkgconfig/moveit_test.pc'
[0.897s] Level 1:colcon.colcon_core.environment:checking '/home/yuritvr/PFC/pfc_ws/install/moveit_test/lib/python3.10/site-packages'
[0.898s] Level 1:colcon.colcon_core.environment:checking '/home/yuritvr/PFC/pfc_ws/install/moveit_test/bin'
[0.898s] INFO:colcon.colcon_core.shell:Creating package script '/home/yuritvr/PFC/pfc_ws/install/moveit_test/share/moveit_test/package.ps1'
[0.899s] INFO:colcon.colcon_core.shell:Creating package descriptor '/home/yuritvr/PFC/pfc_ws/install/moveit_test/share/moveit_test/package.dsv'
[0.900s] INFO:colcon.colcon_core.shell:Creating package script '/home/yuritvr/PFC/pfc_ws/install/moveit_test/share/moveit_test/package.sh'
[0.901s] INFO:colcon.colcon_core.shell:Creating package script '/home/yuritvr/PFC/pfc_ws/install/moveit_test/share/moveit_test/package.bash'
[0.902s] INFO:colcon.colcon_core.shell:Creating package script '/home/yuritvr/PFC/pfc_ws/install/moveit_test/share/moveit_test/package.zsh'
[0.902s] Level 1:colcon.colcon_core.environment:create_file_with_runtime_dependencies(/home/yuritvr/PFC/pfc_ws/install/moveit_test/share/colcon-core/packages/moveit_test)
[0.905s] Level 1:colcon.colcon_core.environment:create_environment_scripts_only(pfc_moveit)
[0.906s] Level 1:colcon.colcon_core.environment:checking '/home/yuritvr/PFC/pfc_ws/install/pfc_moveit' for CMake module files
[0.908s] Level 1:colcon.colcon_core.environment:checking '/home/yuritvr/PFC/pfc_ws/install/pfc_moveit' for CMake config files
[0.911s] DEBUG:colcon.colcon_core.event_handler.log_command:Invoked command in '/home/yuritvr/PFC/pfc_ws/build/moveit_test' returned '0': CMAKE_PREFIX_PATH=/home/yuritvr/PFC/pfc_ws/install/ur_robotiq_description:/home/yuritvr/PFC/pfc_ws/install/pfc_moveit:/home/yuritvr/PFC/pfc_ws/install/moveit_test:/home/yuritvr/PFC/pfc_ws/install/pfc_arm:/home/yuritvr/PFC/pfc_ws/install/gazebo_ros2_control:/home/yuritvr/PFC/wenis_ws/install/xarm_description:/home/yuritvr/PFC/wenis_ws/install/simple_grasping:/home/yuritvr/PFC/wenis_ws/install/moveit_config:/home/yuritvr/PFC/wenis_ws/install/moveit2_scripts:/home/yuritvr/PFC/wenis_ws/install/moveit2_kinematics:/home/yuritvr/PFC/wenis_ws/install/moveit2_cartesian:/home/yuritvr/PFC/wenis_ws/install/get_pose_client:/home/yuritvr/PFC/wenis_ws/install/arm_pkg:/opt/ros/humble /usr/bin/cmake --install /home/yuritvr/PFC/pfc_ws/build/moveit_test
[0.911s] DEBUG:colcon.colcon_core.event_handler.log_command:Invoked command in '/home/yuritvr/PFC/pfc_ws/build/pfc_moveit' returned '0': CMAKE_PREFIX_PATH=/home/yuritvr/PFC/pfc_ws/install/ur_robotiq_description:/home/yuritvr/PFC/pfc_ws/install/pfc_moveit:/home/yuritvr/PFC/pfc_ws/install/moveit_test:/home/yuritvr/PFC/pfc_ws/install/pfc_arm:/home/yuritvr/PFC/pfc_ws/install/gazebo_ros2_control:/home/yuritvr/PFC/wenis_ws/install/xarm_description:/home/yuritvr/PFC/wenis_ws/install/simple_grasping:/home/yuritvr/PFC/wenis_ws/install/moveit_config:/home/yuritvr/PFC/wenis_ws/install/moveit2_scripts:/home/yuritvr/PFC/wenis_ws/install/moveit2_kinematics:/home/yuritvr/PFC/wenis_ws/install/moveit2_cartesian:/home/yuritvr/PFC/wenis_ws/install/get_pose_client:/home/yuritvr/PFC/wenis_ws/install/arm_pkg:/opt/ros/humble /usr/bin/cmake --install /home/yuritvr/PFC/pfc_ws/build/pfc_moveit
[0.912s] Level 1:colcon.colcon_core.shell:create_environment_hook('pfc_moveit', 'cmake_prefix_path')
[0.912s] INFO:colcon.colcon_core.shell:Creating environment hook '/home/yuritvr/PFC/pfc_ws/install/pfc_moveit/share/pfc_moveit/hook/cmake_prefix_path.ps1'
[0.913s] INFO:colcon.colcon_core.shell:Creating environment descriptor '/home/yuritvr/PFC/pfc_ws/install/pfc_moveit/share/pfc_moveit/hook/cmake_prefix_path.dsv'
[0.913s] INFO:colcon.colcon_core.shell:Creating environment hook '/home/yuritvr/PFC/pfc_ws/install/pfc_moveit/share/pfc_moveit/hook/cmake_prefix_path.sh'
[0.914s] Level 1:colcon.colcon_core.environment:checking '/home/yuritvr/PFC/pfc_ws/install/pfc_moveit/bin'
[0.914s] Level 1:colcon.colcon_core.environment:checking '/home/yuritvr/PFC/pfc_ws/install/pfc_moveit/lib/pkgconfig/pfc_moveit.pc'
[0.914s] Level 1:colcon.colcon_core.environment:checking '/home/yuritvr/PFC/pfc_ws/install/pfc_moveit/lib/python3.10/site-packages'
[0.914s] Level 1:colcon.colcon_core.environment:checking '/home/yuritvr/PFC/pfc_ws/install/pfc_moveit/bin'
[0.915s] INFO:colcon.colcon_core.shell:Creating package script '/home/yuritvr/PFC/pfc_ws/install/pfc_moveit/share/pfc_moveit/package.ps1'
[0.915s] INFO:colcon.colcon_core.shell:Creating package descriptor '/home/yuritvr/PFC/pfc_ws/install/pfc_moveit/share/pfc_moveit/package.dsv'
[0.916s] INFO:colcon.colcon_core.shell:Creating package script '/home/yuritvr/PFC/pfc_ws/install/pfc_moveit/share/pfc_moveit/package.sh'
[0.916s] INFO:colcon.colcon_core.shell:Creating package script '/home/yuritvr/PFC/pfc_ws/install/pfc_moveit/share/pfc_moveit/package.bash'
[0.917s] INFO:colcon.colcon_core.shell:Creating package script '/home/yuritvr/PFC/pfc_ws/install/pfc_moveit/share/pfc_moveit/package.zsh'
[0.917s] Level 1:colcon.colcon_core.environment:create_file_with_runtime_dependencies(/home/yuritvr/PFC/pfc_ws/install/pfc_moveit/share/colcon-core/packages/pfc_moveit)
[0.938s] Level 1:colcon.colcon_core.environment:create_environment_scripts_only(moveit_test)
[0.939s] Level 1:colcon.colcon_core.environment:checking '/home/yuritvr/PFC/pfc_ws/install/moveit_test' for CMake module files
[0.939s] Level 1:colcon.colcon_core.environment:checking '/home/yuritvr/PFC/pfc_ws/install/moveit_test' for CMake config files
[0.940s] Level 1:colcon.colcon_core.shell:create_environment_hook('moveit_test', 'cmake_prefix_path')
[0.940s] INFO:colcon.colcon_core.shell:Creating environment hook '/home/yuritvr/PFC/pfc_ws/install/moveit_test/share/moveit_test/hook/cmake_prefix_path.ps1'
[0.941s] INFO:colcon.colcon_core.shell:Creating environment descriptor '/home/yuritvr/PFC/pfc_ws/install/moveit_test/share/moveit_test/hook/cmake_prefix_path.dsv'
[0.941s] INFO:colcon.colcon_core.shell:Creating environment hook '/home/yuritvr/PFC/pfc_ws/install/moveit_test/share/moveit_test/hook/cmake_prefix_path.sh'
[0.942s] Level 1:colcon.colcon_core.environment:checking '/home/yuritvr/PFC/pfc_ws/install/moveit_test/bin'
[0.942s] Level 1:colcon.colcon_core.environment:checking '/home/yuritvr/PFC/pfc_ws/install/moveit_test/lib/pkgconfig/moveit_test.pc'
[0.942s] Level 1:colcon.colcon_core.environment:checking '/home/yuritvr/PFC/pfc_ws/install/moveit_test/lib/python3.10/site-packages'
[0.942s] Level 1:colcon.colcon_core.environment:checking '/home/yuritvr/PFC/pfc_ws/install/moveit_test/bin'
[0.943s] INFO:colcon.colcon_core.shell:Creating package script '/home/yuritvr/PFC/pfc_ws/install/moveit_test/share/moveit_test/package.ps1'
[0.944s] INFO:colcon.colcon_core.shell:Creating package descriptor '/home/yuritvr/PFC/pfc_ws/install/moveit_test/share/moveit_test/package.dsv'
[0.944s] INFO:colcon.colcon_core.shell:Creating package script '/home/yuritvr/PFC/pfc_ws/install/moveit_test/share/moveit_test/package.sh'
[0.945s] INFO:colcon.colcon_core.shell:Creating package script '/home/yuritvr/PFC/pfc_ws/install/moveit_test/share/moveit_test/package.bash'
[0.946s] INFO:colcon.colcon_core.shell:Creating package script '/home/yuritvr/PFC/pfc_ws/install/moveit_test/share/moveit_test/package.zsh'
[0.946s] Level 1:colcon.colcon_core.environment:create_file_with_runtime_dependencies(/home/yuritvr/PFC/pfc_ws/install/moveit_test/share/colcon-core/packages/moveit_test)
[0.950s] Level 1:colcon.colcon_core.environment:create_environment_scripts_only(pfc_moveit)
[0.950s] Level 1:colcon.colcon_core.environment:checking '/home/yuritvr/PFC/pfc_ws/install/pfc_moveit' for CMake module files
[0.951s] Level 1:colcon.colcon_core.environment:checking '/home/yuritvr/PFC/pfc_ws/install/pfc_moveit' for CMake config files
[0.951s] Level 1:colcon.colcon_core.shell:create_environment_hook('pfc_moveit', 'cmake_prefix_path')
[0.951s] INFO:colcon.colcon_core.shell:Creating environment hook '/home/yuritvr/PFC/pfc_ws/install/pfc_moveit/share/pfc_moveit/hook/cmake_prefix_path.ps1'
[0.952s] INFO:colcon.colcon_core.shell:Creating environment descriptor '/home/yuritvr/PFC/pfc_ws/install/pfc_moveit/share/pfc_moveit/hook/cmake_prefix_path.dsv'
[0.952s] INFO:colcon.colcon_core.shell:Creating environment hook '/home/yuritvr/PFC/pfc_ws/install/pfc_moveit/share/pfc_moveit/hook/cmake_prefix_path.sh'
[0.953s] Level 1:colcon.colcon_core.environment:checking '/home/yuritvr/PFC/pfc_ws/install/pfc_moveit/bin'
[0.953s] Level 1:colcon.colcon_core.environment:checking '/home/yuritvr/PFC/pfc_ws/install/pfc_moveit/lib/pkgconfig/pfc_moveit.pc'
[0.954s] Level 1:colcon.colcon_core.environment:checking '/home/yuritvr/PFC/pfc_ws/install/pfc_moveit/lib/python3.10/site-packages'
[0.954s] Level 1:colcon.colcon_core.environment:checking '/home/yuritvr/PFC/pfc_ws/install/pfc_moveit/bin'
[0.954s] INFO:colcon.colcon_core.shell:Creating package script '/home/yuritvr/PFC/pfc_ws/install/pfc_moveit/share/pfc_moveit/package.ps1'
[0.955s] INFO:colcon.colcon_core.shell:Creating package descriptor '/home/yuritvr/PFC/pfc_ws/install/pfc_moveit/share/pfc_moveit/package.dsv'
[0.955s] INFO:colcon.colcon_core.shell:Creating package script '/home/yuritvr/PFC/pfc_ws/install/pfc_moveit/share/pfc_moveit/package.sh'
[0.956s] INFO:colcon.colcon_core.shell:Creating package script '/home/yuritvr/PFC/pfc_ws/install/pfc_moveit/share/pfc_moveit/package.bash'
[0.956s] INFO:colcon.colcon_core.shell:Creating package script '/home/yuritvr/PFC/pfc_ws/install/pfc_moveit/share/pfc_moveit/package.zsh'
[0.957s] Level 1:colcon.colcon_core.environment:create_file_with_runtime_dependencies(/home/yuritvr/PFC/pfc_ws/install/pfc_moveit/share/colcon-core/packages/pfc_moveit)
[0.957s] DEBUG:colcon.colcon_parallel_executor.executor.parallel:closing loop
[0.958s] DEBUG:colcon.colcon_parallel_executor.executor.parallel:loop closed
[0.958s] DEBUG:colcon.colcon_parallel_executor.executor.parallel:run_until_complete finished with '0'
[0.959s] DEBUG:colcon.colcon_core.event_reactor:joining thread
[0.967s] INFO:colcon.colcon_core.plugin_system:Skipping extension 'colcon_notification.desktop_notification.terminal_notifier': Not used on non-Darwin systems
[0.967s] INFO:colcon.colcon_core.plugin_system:Skipping extension 'colcon_notification.desktop_notification.win32': Not used on non-Windows systems
[0.967s] INFO:colcon.colcon_notification.desktop_notification:Sending desktop notification using 'notify2'
[0.984s] DEBUG:colcon.colcon_core.event_reactor:joined thread
[0.985s] INFO:colcon.colcon_core.shell:Creating prefix script '/home/yuritvr/PFC/pfc_ws/install/local_setup.ps1'
[0.986s] INFO:colcon.colcon_core.shell:Creating prefix util module '/home/yuritvr/PFC/pfc_ws/install/_local_setup_util_ps1.py'
[0.988s] INFO:colcon.colcon_core.shell:Creating prefix chain script '/home/yuritvr/PFC/pfc_ws/install/setup.ps1'
[0.990s] INFO:colcon.colcon_core.shell:Creating prefix script '/home/yuritvr/PFC/pfc_ws/install/local_setup.sh'
[0.991s] INFO:colcon.colcon_core.shell:Creating prefix util module '/home/yuritvr/PFC/pfc_ws/install/_local_setup_util_sh.py'
[0.991s] INFO:colcon.colcon_core.shell:Creating prefix chain script '/home/yuritvr/PFC/pfc_ws/install/setup.sh'
[0.994s] INFO:colcon.colcon_core.shell:Creating prefix script '/home/yuritvr/PFC/pfc_ws/install/local_setup.bash'
[0.994s] INFO:colcon.colcon_core.shell:Creating prefix chain script '/home/yuritvr/PFC/pfc_ws/install/setup.bash'
[0.996s] INFO:colcon.colcon_core.shell:Creating prefix script '/home/yuritvr/PFC/pfc_ws/install/local_setup.zsh'
[0.997s] INFO:colcon.colcon_core.shell:Creating prefix chain script '/home/yuritvr/PFC/pfc_ws/install/setup.zsh'
