[0.021s] Invoking command in '/home/yuritvr/PFC/pfc_ws/build/gazebo_ros2_control': CMAKE_PREFIX_PATH=${CMAKE_PREFIX_PATH}:/opt/ros/humble /usr/bin/cmake --build /home/yuritvr/PFC/pfc_ws/build/gazebo_ros2_control -- -j8 -l8
[0.082s] Invoked command in '/home/yuritvr/PFC/pfc_ws/build/gazebo_ros2_control' returned '0': CMAKE_PREFIX_PATH=${CMAKE_PREFIX_PATH}:/opt/ros/humble /usr/bin/cmake --build /home/yuritvr/PFC/pfc_ws/build/gazebo_ros2_control -- -j8 -l8
[0.128s] Invoking command in '/home/yuritvr/PFC/pfc_ws/build/gazebo_ros2_control': CMAKE_PREFIX_PATH=${CMAKE_PREFIX_PATH}:/opt/ros/humble /usr/bin/cmake --install /home/yuritvr/PFC/pfc_ws/build/gazebo_ros2_control
[0.140s] -- Install configuration: ""
[0.140s] -- Up-to-date: /home/yuritvr/PFC/pfc_ws/install/gazebo_ros2_control/share/ament_index/resource_index/package_run_dependencies/gazebo_ros2_control
[0.140s] -- Up-to-date: /home/yuritvr/PFC/pfc_ws/install/gazebo_ros2_control/share/ament_index/resource_index/parent_prefix_path/gazebo_ros2_control
[0.141s] -- Up-to-date: /home/yuritvr/PFC/pfc_ws/install/gazebo_ros2_control/share/gazebo_ros2_control/environment/ament_prefix_path.sh
[0.141s] -- Up-to-date: /home/yuritvr/PFC/pfc_ws/install/gazebo_ros2_control/share/gazebo_ros2_control/environment/ament_prefix_path.dsv
[0.141s] -- Up-to-date: /home/yuritvr/PFC/pfc_ws/install/gazebo_ros2_control/share/gazebo_ros2_control/environment/path.sh
[0.141s] -- Up-to-date: /home/yuritvr/PFC/pfc_ws/install/gazebo_ros2_control/share/gazebo_ros2_control/environment/path.dsv
[0.141s] -- Up-to-date: /home/yuritvr/PFC/pfc_ws/install/gazebo_ros2_control/share/gazebo_ros2_control/local_setup.bash
[0.142s] -- Up-to-date: /home/yuritvr/PFC/pfc_ws/install/gazebo_ros2_control/share/gazebo_ros2_control/local_setup.sh
[0.142s] -- Up-to-date: /home/yuritvr/PFC/pfc_ws/install/gazebo_ros2_control/share/gazebo_ros2_control/local_setup.zsh
[0.142s] -- Up-to-date: /home/yuritvr/PFC/pfc_ws/install/gazebo_ros2_control/share/gazebo_ros2_control/local_setup.dsv
[0.142s] -- Installing: /home/yuritvr/PFC/pfc_ws/install/gazebo_ros2_control/share/gazebo_ros2_control/package.dsv
[0.143s] -- Up-to-date: /home/yuritvr/PFC/pfc_ws/install/gazebo_ros2_control/share/ament_index/resource_index/packages/gazebo_ros2_control
[0.143s] -- Up-to-date: /home/yuritvr/PFC/pfc_ws/install/gazebo_ros2_control/share/gazebo_ros2_control/cmake/gazebo_ros2_controlConfig.cmake
[0.145s] -- Up-to-date: /home/yuritvr/PFC/pfc_ws/install/gazebo_ros2_control/share/gazebo_ros2_control/cmake/gazebo_ros2_controlConfig-version.cmake
[0.145s] -- Up-to-date: /home/yuritvr/PFC/pfc_ws/install/gazebo_ros2_control/share/gazebo_ros2_control/package.xml
[0.148s] Invoked command in '/home/yuritvr/PFC/pfc_ws/build/gazebo_ros2_control' returned '0': CMAKE_PREFIX_PATH=${CMAKE_PREFIX_PATH}:/opt/ros/humble /usr/bin/cmake --install /home/yuritvr/PFC/pfc_ws/build/gazebo_ros2_control
