[0.163s] DEBUG:colcon:Command line arguments: ['/usr/bin/colcon', 'build']
[0.163s] DEBUG:colcon:Parsed command line arguments: Namespace(log_base=None, log_level=None, verb_name='build', build_base='build', install_base='install', merge_install=False, symlink_install=False, test_result_base=None, continue_on_error=False, executor='parallel', parallel_workers=8, event_handlers=None, ignore_user_meta=False, metas=['./colcon.meta'], base_paths=['.'], packages_ignore=None, packages_ignore_regex=None, paths=None, packages_up_to=None, packages_up_to_regex=None, packages_above=None, packages_above_and_dependencies=None, packages_above_depth=None, packages_select_by_dep=None, packages_skip_by_dep=None, packages_skip_up_to=None, packages_select_build_failed=False, packages_skip_build_finished=False, packages_select_test_failures=False, packages_skip_test_passed=False, packages_select=None, packages_skip=None, packages_select_regex=None, packages_skip_regex=None, packages_start=None, packages_end=None, allow_overriding=[], cmake_args=None, cmake_target=None, cmake_target_skip_unavailable=False, cmake_clean_cache=False, cmake_clean_first=False, cmake_force_configure=False, ament_cmake_args=None, catkin_cmake_args=None, catkin_skip_building_tests=False, mixin_files=None, mixin=None, verb_parser=<colcon_mixin.mixin.mixin_argument.MixinArgumentDecorator object at 0x7c9ecf5e2260>, verb_extension=<colcon_core.verb.build.BuildVerb object at 0x7c9ecf7ae650>, main=<bound method BuildVerb.main of <colcon_core.verb.build.BuildVerb object at 0x7c9ecf7ae650>>, mixin_verb=('build',))
[0.313s] Level 1:colcon.colcon_core.package_discovery:discover_packages(colcon_meta) check parameters
[0.313s] Level 1:colcon.colcon_core.package_discovery:discover_packages(recursive) check parameters
[0.313s] Level 1:colcon.colcon_core.package_discovery:discover_packages(ignore) check parameters
[0.313s] Level 1:colcon.colcon_core.package_discovery:discover_packages(path) check parameters
[0.313s] Level 1:colcon.colcon_core.package_discovery:discover_packages(colcon_meta) discover
[0.313s] Level 1:colcon.colcon_core.package_discovery:discover_packages(recursive) discover
[0.313s] INFO:colcon.colcon_core.package_discovery:Crawling recursively for packages in '/home/yuritvr/PFC/pfc_ws'
[0.313s] Level 1:colcon.colcon_core.package_identification:_identify(.) by extensions ['ignore', 'ignore_ament_install']
[0.313s] Level 1:colcon.colcon_core.package_identification:_identify(.) by extension 'ignore'
[0.313s] Level 1:colcon.colcon_core.package_identification:_identify(.) by extension 'ignore_ament_install'
[0.314s] Level 1:colcon.colcon_core.package_identification:_identify(.) by extensions ['colcon_pkg']
[0.314s] Level 1:colcon.colcon_core.package_identification:_identify(.) by extension 'colcon_pkg'
[0.314s] Level 1:colcon.colcon_core.package_identification:_identify(.) by extensions ['colcon_meta']
[0.314s] Level 1:colcon.colcon_core.package_identification:_identify(.) by extension 'colcon_meta'
[0.314s] Level 1:colcon.colcon_core.package_identification:_identify(.) by extensions ['ros']
[0.314s] Level 1:colcon.colcon_core.package_identification:_identify(.) by extension 'ros'
[0.324s] Level 1:colcon.colcon_core.package_identification:_identify(.) by extensions ['cmake', 'python']
[0.324s] Level 1:colcon.colcon_core.package_identification:_identify(.) by extension 'cmake'
[0.324s] Level 1:colcon.colcon_core.package_identification:_identify(.) by extension 'python'
[0.324s] Level 1:colcon.colcon_core.package_identification:_identify(.) by extensions ['python_setup_py']
[0.324s] Level 1:colcon.colcon_core.package_identification:_identify(.) by extension 'python_setup_py'
[0.324s] Level 1:colcon.colcon_core.package_identification:_identify(build) by extensions ['ignore', 'ignore_ament_install']
[0.324s] Level 1:colcon.colcon_core.package_identification:_identify(build) by extension 'ignore'
[0.324s] Level 1:colcon.colcon_core.package_identification:_identify(build) ignored
[0.324s] Level 1:colcon.colcon_core.package_identification:_identify(install) by extensions ['ignore', 'ignore_ament_install']
[0.324s] Level 1:colcon.colcon_core.package_identification:_identify(install) by extension 'ignore'
[0.324s] Level 1:colcon.colcon_core.package_identification:_identify(install) ignored
[0.324s] Level 1:colcon.colcon_core.package_identification:_identify(log) by extensions ['ignore', 'ignore_ament_install']
[0.324s] Level 1:colcon.colcon_core.package_identification:_identify(log) by extension 'ignore'
[0.324s] Level 1:colcon.colcon_core.package_identification:_identify(log) ignored
[0.325s] Level 1:colcon.colcon_core.package_identification:_identify(src) by extensions ['ignore', 'ignore_ament_install']
[0.325s] Level 1:colcon.colcon_core.package_identification:_identify(src) by extension 'ignore'
[0.325s] Level 1:colcon.colcon_core.package_identification:_identify(src) by extension 'ignore_ament_install'
[0.325s] Level 1:colcon.colcon_core.package_identification:_identify(src) by extensions ['colcon_pkg']
[0.325s] Level 1:colcon.colcon_core.package_identification:_identify(src) by extension 'colcon_pkg'
[0.325s] Level 1:colcon.colcon_core.package_identification:_identify(src) by extensions ['colcon_meta']
[0.325s] Level 1:colcon.colcon_core.package_identification:_identify(src) by extension 'colcon_meta'
[0.325s] Level 1:colcon.colcon_core.package_identification:_identify(src) by extensions ['ros']
[0.325s] Level 1:colcon.colcon_core.package_identification:_identify(src) by extension 'ros'
[0.325s] Level 1:colcon.colcon_core.package_identification:_identify(src) by extensions ['cmake', 'python']
[0.325s] Level 1:colcon.colcon_core.package_identification:_identify(src) by extension 'cmake'
[0.325s] Level 1:colcon.colcon_core.package_identification:_identify(src) by extension 'python'
[0.325s] Level 1:colcon.colcon_core.package_identification:_identify(src) by extensions ['python_setup_py']
[0.325s] Level 1:colcon.colcon_core.package_identification:_identify(src) by extension 'python_setup_py'
[0.325s] Level 1:colcon.colcon_core.package_identification:_identify(src/arm_pkg) by extensions ['ignore', 'ignore_ament_install']
[0.325s] Level 1:colcon.colcon_core.package_identification:_identify(src/arm_pkg) by extension 'ignore'
[0.325s] Level 1:colcon.colcon_core.package_identification:_identify(src/arm_pkg) by extension 'ignore_ament_install'
[0.325s] Level 1:colcon.colcon_core.package_identification:_identify(src/arm_pkg) by extensions ['colcon_pkg']
[0.325s] Level 1:colcon.colcon_core.package_identification:_identify(src/arm_pkg) by extension 'colcon_pkg'
[0.325s] Level 1:colcon.colcon_core.package_identification:_identify(src/arm_pkg) by extensions ['colcon_meta']
[0.325s] Level 1:colcon.colcon_core.package_identification:_identify(src/arm_pkg) by extension 'colcon_meta'
[0.325s] Level 1:colcon.colcon_core.package_identification:_identify(src/arm_pkg) by extensions ['ros']
[0.325s] Level 1:colcon.colcon_core.package_identification:_identify(src/arm_pkg) by extension 'ros'
[0.328s] DEBUG:colcon.colcon_core.package_identification:Package 'src/arm_pkg' with type 'ros.ament_cmake' and name 'arm_pkg'
[0.328s] Level 1:colcon.colcon_core.package_identification:_identify(src/arm_pkg_moveit_config) by extensions ['ignore', 'ignore_ament_install']
[0.328s] Level 1:colcon.colcon_core.package_identification:_identify(src/arm_pkg_moveit_config) by extension 'ignore'
[0.328s] Level 1:colcon.colcon_core.package_identification:_identify(src/arm_pkg_moveit_config) by extension 'ignore_ament_install'
[0.328s] Level 1:colcon.colcon_core.package_identification:_identify(src/arm_pkg_moveit_config) by extensions ['colcon_pkg']
[0.328s] Level 1:colcon.colcon_core.package_identification:_identify(src/arm_pkg_moveit_config) by extension 'colcon_pkg'
[0.328s] Level 1:colcon.colcon_core.package_identification:_identify(src/arm_pkg_moveit_config) by extensions ['colcon_meta']
[0.328s] Level 1:colcon.colcon_core.package_identification:_identify(src/arm_pkg_moveit_config) by extension 'colcon_meta'
[0.328s] Level 1:colcon.colcon_core.package_identification:_identify(src/arm_pkg_moveit_config) by extensions ['ros']
[0.328s] Level 1:colcon.colcon_core.package_identification:_identify(src/arm_pkg_moveit_config) by extension 'ros'
[0.329s] DEBUG:colcon.colcon_core.package_identification:Package 'src/arm_pkg_moveit_config' with type 'ros.ament_cmake' and name 'moveit_config'
[0.329s] Level 1:colcon.colcon_core.package_identification:_identify(src/pfcbot) by extensions ['ignore', 'ignore_ament_install']
[0.329s] Level 1:colcon.colcon_core.package_identification:_identify(src/pfcbot) by extension 'ignore'
[0.329s] Level 1:colcon.colcon_core.package_identification:_identify(src/pfcbot) by extension 'ignore_ament_install'
[0.329s] Level 1:colcon.colcon_core.package_identification:_identify(src/pfcbot) by extensions ['colcon_pkg']
[0.329s] Level 1:colcon.colcon_core.package_identification:_identify(src/pfcbot) by extension 'colcon_pkg'
[0.329s] Level 1:colcon.colcon_core.package_identification:_identify(src/pfcbot) by extensions ['colcon_meta']
[0.329s] Level 1:colcon.colcon_core.package_identification:_identify(src/pfcbot) by extension 'colcon_meta'
[0.330s] Level 1:colcon.colcon_core.package_identification:_identify(src/pfcbot) by extensions ['ros']
[0.330s] Level 1:colcon.colcon_core.package_identification:_identify(src/pfcbot) by extension 'ros'
[0.331s] DEBUG:colcon.colcon_core.package_identification:Package 'src/pfcbot' with type 'ros.ament_cmake' and name 'pfcbot'
[0.331s] Level 1:colcon.colcon_core.package_identification:_identify(src/pfcbot_moveit_config) by extensions ['ignore', 'ignore_ament_install']
[0.331s] Level 1:colcon.colcon_core.package_identification:_identify(src/pfcbot_moveit_config) by extension 'ignore'
[0.331s] Level 1:colcon.colcon_core.package_identification:_identify(src/pfcbot_moveit_config) by extension 'ignore_ament_install'
[0.331s] Level 1:colcon.colcon_core.package_identification:_identify(src/pfcbot_moveit_config) by extensions ['colcon_pkg']
[0.331s] Level 1:colcon.colcon_core.package_identification:_identify(src/pfcbot_moveit_config) by extension 'colcon_pkg'
[0.331s] Level 1:colcon.colcon_core.package_identification:_identify(src/pfcbot_moveit_config) by extensions ['colcon_meta']
[0.331s] Level 1:colcon.colcon_core.package_identification:_identify(src/pfcbot_moveit_config) by extension 'colcon_meta'
[0.331s] Level 1:colcon.colcon_core.package_identification:_identify(src/pfcbot_moveit_config) by extensions ['ros']
[0.331s] Level 1:colcon.colcon_core.package_identification:_identify(src/pfcbot_moveit_config) by extension 'ros'
[0.332s] DEBUG:colcon.colcon_core.package_identification:Package 'src/pfcbot_moveit_config' with type 'ros.ament_cmake' and name 'pfcbot_moveit_config'
[0.332s] Level 1:colcon.colcon_core.package_identification:_identify(src/xarm_description) by extensions ['ignore', 'ignore_ament_install']
[0.332s] Level 1:colcon.colcon_core.package_identification:_identify(src/xarm_description) by extension 'ignore'
[0.332s] Level 1:colcon.colcon_core.package_identification:_identify(src/xarm_description) by extension 'ignore_ament_install'
[0.332s] Level 1:colcon.colcon_core.package_identification:_identify(src/xarm_description) by extensions ['colcon_pkg']
[0.332s] Level 1:colcon.colcon_core.package_identification:_identify(src/xarm_description) by extension 'colcon_pkg'
[0.332s] Level 1:colcon.colcon_core.package_identification:_identify(src/xarm_description) by extensions ['colcon_meta']
[0.332s] Level 1:colcon.colcon_core.package_identification:_identify(src/xarm_description) by extension 'colcon_meta'
[0.332s] Level 1:colcon.colcon_core.package_identification:_identify(src/xarm_description) by extensions ['ros']
[0.332s] Level 1:colcon.colcon_core.package_identification:_identify(src/xarm_description) by extension 'ros'
[0.333s] DEBUG:colcon.colcon_core.package_identification:Package 'src/xarm_description' with type 'ros.ament_cmake' and name 'xarm_description'
[0.333s] Level 1:colcon.colcon_core.package_discovery:discover_packages(recursive) using defaults
[0.333s] Level 1:colcon.colcon_core.package_discovery:discover_packages(ignore) discover
[0.333s] Level 1:colcon.colcon_core.package_discovery:discover_packages(ignore) using defaults
[0.333s] Level 1:colcon.colcon_core.package_discovery:discover_packages(path) discover
[0.333s] Level 1:colcon.colcon_core.package_discovery:discover_packages(path) using defaults
[0.359s] Level 1:colcon.colcon_core.package_discovery:discover_packages(prefix_path) check parameters
[0.359s] Level 1:colcon.colcon_core.package_discovery:discover_packages(prefix_path) discover
[0.361s] DEBUG:colcon.colcon_installed_package_information.package_discovery:Found 355 installed packages in /opt/ros/humble
[0.363s] Level 1:colcon.colcon_core.package_discovery:discover_packages(prefix_path) using defaults
[0.403s] Level 5:colcon.colcon_core.verb:set package 'arm_pkg' build argument 'cmake_args' from command line to 'None'
[0.403s] Level 5:colcon.colcon_core.verb:set package 'arm_pkg' build argument 'cmake_target' from command line to 'None'
[0.403s] Level 5:colcon.colcon_core.verb:set package 'arm_pkg' build argument 'cmake_target_skip_unavailable' from command line to 'False'
[0.403s] Level 5:colcon.colcon_core.verb:set package 'arm_pkg' build argument 'cmake_clean_cache' from command line to 'False'
[0.403s] Level 5:colcon.colcon_core.verb:set package 'arm_pkg' build argument 'cmake_clean_first' from command line to 'False'
[0.403s] Level 5:colcon.colcon_core.verb:set package 'arm_pkg' build argument 'cmake_force_configure' from command line to 'False'
[0.403s] Level 5:colcon.colcon_core.verb:set package 'arm_pkg' build argument 'ament_cmake_args' from command line to 'None'
[0.403s] Level 5:colcon.colcon_core.verb:set package 'arm_pkg' build argument 'catkin_cmake_args' from command line to 'None'
[0.403s] Level 5:colcon.colcon_core.verb:set package 'arm_pkg' build argument 'catkin_skip_building_tests' from command line to 'False'
[0.403s] DEBUG:colcon.colcon_core.verb:Building package 'arm_pkg' with the following arguments: {'ament_cmake_args': None, 'build_base': '/home/yuritvr/PFC/pfc_ws/build/arm_pkg', 'catkin_cmake_args': None, 'catkin_skip_building_tests': False, 'cmake_args': None, 'cmake_clean_cache': False, 'cmake_clean_first': False, 'cmake_force_configure': False, 'cmake_target': None, 'cmake_target_skip_unavailable': False, 'install_base': '/home/yuritvr/PFC/pfc_ws/install/arm_pkg', 'merge_install': False, 'path': '/home/yuritvr/PFC/pfc_ws/src/arm_pkg', 'symlink_install': False, 'test_result_base': None}
[0.403s] Level 5:colcon.colcon_core.verb:set package 'pfcbot' build argument 'cmake_args' from command line to 'None'
[0.403s] Level 5:colcon.colcon_core.verb:set package 'pfcbot' build argument 'cmake_target' from command line to 'None'
[0.403s] Level 5:colcon.colcon_core.verb:set package 'pfcbot' build argument 'cmake_target_skip_unavailable' from command line to 'False'
[0.403s] Level 5:colcon.colcon_core.verb:set package 'pfcbot' build argument 'cmake_clean_cache' from command line to 'False'
[0.403s] Level 5:colcon.colcon_core.verb:set package 'pfcbot' build argument 'cmake_clean_first' from command line to 'False'
[0.403s] Level 5:colcon.colcon_core.verb:set package 'pfcbot' build argument 'cmake_force_configure' from command line to 'False'
[0.403s] Level 5:colcon.colcon_core.verb:set package 'pfcbot' build argument 'ament_cmake_args' from command line to 'None'
[0.403s] Level 5:colcon.colcon_core.verb:set package 'pfcbot' build argument 'catkin_cmake_args' from command line to 'None'
[0.403s] Level 5:colcon.colcon_core.verb:set package 'pfcbot' build argument 'catkin_skip_building_tests' from command line to 'False'
[0.403s] DEBUG:colcon.colcon_core.verb:Building package 'pfcbot' with the following arguments: {'ament_cmake_args': None, 'build_base': '/home/yuritvr/PFC/pfc_ws/build/pfcbot', 'catkin_cmake_args': None, 'catkin_skip_building_tests': False, 'cmake_args': None, 'cmake_clean_cache': False, 'cmake_clean_first': False, 'cmake_force_configure': False, 'cmake_target': None, 'cmake_target_skip_unavailable': False, 'install_base': '/home/yuritvr/PFC/pfc_ws/install/pfcbot', 'merge_install': False, 'path': '/home/yuritvr/PFC/pfc_ws/src/pfcbot', 'symlink_install': False, 'test_result_base': None}
[0.404s] Level 5:colcon.colcon_core.verb:set package 'xarm_description' build argument 'cmake_args' from command line to 'None'
[0.404s] Level 5:colcon.colcon_core.verb:set package 'xarm_description' build argument 'cmake_target' from command line to 'None'
[0.404s] Level 5:colcon.colcon_core.verb:set package 'xarm_description' build argument 'cmake_target_skip_unavailable' from command line to 'False'
[0.404s] Level 5:colcon.colcon_core.verb:set package 'xarm_description' build argument 'cmake_clean_cache' from command line to 'False'
[0.404s] Level 5:colcon.colcon_core.verb:set package 'xarm_description' build argument 'cmake_clean_first' from command line to 'False'
[0.404s] Level 5:colcon.colcon_core.verb:set package 'xarm_description' build argument 'cmake_force_configure' from command line to 'False'
[0.404s] Level 5:colcon.colcon_core.verb:set package 'xarm_description' build argument 'ament_cmake_args' from command line to 'None'
[0.404s] Level 5:colcon.colcon_core.verb:set package 'xarm_description' build argument 'catkin_cmake_args' from command line to 'None'
[0.404s] Level 5:colcon.colcon_core.verb:set package 'xarm_description' build argument 'catkin_skip_building_tests' from command line to 'False'
[0.404s] DEBUG:colcon.colcon_core.verb:Building package 'xarm_description' with the following arguments: {'ament_cmake_args': None, 'build_base': '/home/yuritvr/PFC/pfc_ws/build/xarm_description', 'catkin_cmake_args': None, 'catkin_skip_building_tests': False, 'cmake_args': None, 'cmake_clean_cache': False, 'cmake_clean_first': False, 'cmake_force_configure': False, 'cmake_target': None, 'cmake_target_skip_unavailable': False, 'install_base': '/home/yuritvr/PFC/pfc_ws/install/xarm_description', 'merge_install': False, 'path': '/home/yuritvr/PFC/pfc_ws/src/xarm_description', 'symlink_install': False, 'test_result_base': None}
[0.404s] Level 5:colcon.colcon_core.verb:set package 'moveit_config' build argument 'cmake_args' from command line to 'None'
[0.404s] Level 5:colcon.colcon_core.verb:set package 'moveit_config' build argument 'cmake_target' from command line to 'None'
[0.404s] Level 5:colcon.colcon_core.verb:set package 'moveit_config' build argument 'cmake_target_skip_unavailable' from command line to 'False'
[0.404s] Level 5:colcon.colcon_core.verb:set package 'moveit_config' build argument 'cmake_clean_cache' from command line to 'False'
[0.404s] Level 5:colcon.colcon_core.verb:set package 'moveit_config' build argument 'cmake_clean_first' from command line to 'False'
[0.405s] Level 5:colcon.colcon_core.verb:set package 'moveit_config' build argument 'cmake_force_configure' from command line to 'False'
[0.405s] Level 5:colcon.colcon_core.verb:set package 'moveit_config' build argument 'ament_cmake_args' from command line to 'None'
[0.405s] Level 5:colcon.colcon_core.verb:set package 'moveit_config' build argument 'catkin_cmake_args' from command line to 'None'
[0.405s] Level 5:colcon.colcon_core.verb:set package 'moveit_config' build argument 'catkin_skip_building_tests' from command line to 'False'
[0.405s] DEBUG:colcon.colcon_core.verb:Building package 'moveit_config' with the following arguments: {'ament_cmake_args': None, 'build_base': '/home/yuritvr/PFC/pfc_ws/build/moveit_config', 'catkin_cmake_args': None, 'catkin_skip_building_tests': False, 'cmake_args': None, 'cmake_clean_cache': False, 'cmake_clean_first': False, 'cmake_force_configure': False, 'cmake_target': None, 'cmake_target_skip_unavailable': False, 'install_base': '/home/yuritvr/PFC/pfc_ws/install/moveit_config', 'merge_install': False, 'path': '/home/yuritvr/PFC/pfc_ws/src/arm_pkg_moveit_config', 'symlink_install': False, 'test_result_base': None}
[0.405s] Level 5:colcon.colcon_core.verb:set package 'pfcbot_moveit_config' build argument 'cmake_args' from command line to 'None'
[0.405s] Level 5:colcon.colcon_core.verb:set package 'pfcbot_moveit_config' build argument 'cmake_target' from command line to 'None'
[0.405s] Level 5:colcon.colcon_core.verb:set package 'pfcbot_moveit_config' build argument 'cmake_target_skip_unavailable' from command line to 'False'
[0.405s] Level 5:colcon.colcon_core.verb:set package 'pfcbot_moveit_config' build argument 'cmake_clean_cache' from command line to 'False'
[0.405s] Level 5:colcon.colcon_core.verb:set package 'pfcbot_moveit_config' build argument 'cmake_clean_first' from command line to 'False'
[0.405s] Level 5:colcon.colcon_core.verb:set package 'pfcbot_moveit_config' build argument 'cmake_force_configure' from command line to 'False'
[0.405s] Level 5:colcon.colcon_core.verb:set package 'pfcbot_moveit_config' build argument 'ament_cmake_args' from command line to 'None'
[0.405s] Level 5:colcon.colcon_core.verb:set package 'pfcbot_moveit_config' build argument 'catkin_cmake_args' from command line to 'None'
[0.405s] Level 5:colcon.colcon_core.verb:set package 'pfcbot_moveit_config' build argument 'catkin_skip_building_tests' from command line to 'False'
[0.405s] DEBUG:colcon.colcon_core.verb:Building package 'pfcbot_moveit_config' with the following arguments: {'ament_cmake_args': None, 'build_base': '/home/yuritvr/PFC/pfc_ws/build/pfcbot_moveit_config', 'catkin_cmake_args': None, 'catkin_skip_building_tests': False, 'cmake_args': None, 'cmake_clean_cache': False, 'cmake_clean_first': False, 'cmake_force_configure': False, 'cmake_target': None, 'cmake_target_skip_unavailable': False, 'install_base': '/home/yuritvr/PFC/pfc_ws/install/pfcbot_moveit_config', 'merge_install': False, 'path': '/home/yuritvr/PFC/pfc_ws/src/pfcbot_moveit_config', 'symlink_install': False, 'test_result_base': None}
[0.405s] INFO:colcon.colcon_core.executor:Executing jobs using 'parallel' executor
[0.406s] DEBUG:colcon.colcon_parallel_executor.executor.parallel:run_until_complete
[0.406s] INFO:colcon.colcon_ros.task.ament_cmake.build:Building ROS package in '/home/yuritvr/PFC/pfc_ws/src/arm_pkg' with build type 'ament_cmake'
[0.407s] INFO:colcon.colcon_cmake.task.cmake.build:Building CMake package in '/home/yuritvr/PFC/pfc_ws/src/arm_pkg'
[0.409s] INFO:colcon.colcon_core.plugin_system:Skipping extension 'colcon_core.shell.bat': Not used on non-Windows systems
[0.409s] INFO:colcon.colcon_core.shell:Skip shell extension 'powershell' for command environment: Not usable outside of PowerShell
[0.409s] DEBUG:colcon.colcon_core.shell:Skip shell extension 'dsv' for command environment
[0.412s] INFO:colcon.colcon_ros.task.ament_cmake.build:Building ROS package in '/home/yuritvr/PFC/pfc_ws/src/pfcbot' with build type 'ament_cmake'
[0.412s] INFO:colcon.colcon_cmake.task.cmake.build:Building CMake package in '/home/yuritvr/PFC/pfc_ws/src/pfcbot'
[0.412s] INFO:colcon.colcon_core.shell:Skip shell extension 'powershell' for command environment: Not usable outside of PowerShell
[0.412s] DEBUG:colcon.colcon_core.shell:Skip shell extension 'dsv' for command environment
[0.415s] INFO:colcon.colcon_ros.task.ament_cmake.build:Building ROS package in '/home/yuritvr/PFC/pfc_ws/src/xarm_description' with build type 'ament_cmake'
[0.415s] INFO:colcon.colcon_cmake.task.cmake.build:Building CMake package in '/home/yuritvr/PFC/pfc_ws/src/xarm_description'
[0.415s] INFO:colcon.colcon_core.shell:Skip shell extension 'powershell' for command environment: Not usable outside of PowerShell
[0.415s] DEBUG:colcon.colcon_core.shell:Skip shell extension 'dsv' for command environment
[0.423s] DEBUG:colcon.colcon_core.event_handler.log_command:Invoking command in '/home/yuritvr/PFC/pfc_ws/build/arm_pkg': CMAKE_PREFIX_PATH=/opt/ros/humble /usr/bin/cmake --build /home/yuritvr/PFC/pfc_ws/build/arm_pkg -- -j8 -l8
[0.428s] DEBUG:colcon.colcon_core.event_handler.log_command:Invoking command in '/home/yuritvr/PFC/pfc_ws/build/pfcbot': CMAKE_PREFIX_PATH=/opt/ros/humble /usr/bin/cmake --build /home/yuritvr/PFC/pfc_ws/build/pfcbot -- -j8 -l8
[0.431s] DEBUG:colcon.colcon_core.event_handler.log_command:Invoking command in '/home/yuritvr/PFC/pfc_ws/build/xarm_description': CMAKE_PREFIX_PATH=/opt/ros/humble /usr/bin/cmake --build /home/yuritvr/PFC/pfc_ws/build/xarm_description -- -j8 -l8
[0.467s] DEBUG:colcon.colcon_core.event_handler.log_command:Invoked command in '/home/yuritvr/PFC/pfc_ws/build/xarm_description' returned '0': CMAKE_PREFIX_PATH=/opt/ros/humble /usr/bin/cmake --build /home/yuritvr/PFC/pfc_ws/build/xarm_description -- -j8 -l8
[0.469s] DEBUG:colcon.colcon_core.event_handler.log_command:Invoked command in '/home/yuritvr/PFC/pfc_ws/build/arm_pkg' returned '0': CMAKE_PREFIX_PATH=/opt/ros/humble /usr/bin/cmake --build /home/yuritvr/PFC/pfc_ws/build/arm_pkg -- -j8 -l8
[0.470s] DEBUG:colcon.colcon_core.event_handler.log_command:Invoked command in '/home/yuritvr/PFC/pfc_ws/build/pfcbot' returned '0': CMAKE_PREFIX_PATH=/opt/ros/humble /usr/bin/cmake --build /home/yuritvr/PFC/pfc_ws/build/pfcbot -- -j8 -l8
[0.497s] DEBUG:colcon.colcon_core.event_handler.log_command:Invoking command in '/home/yuritvr/PFC/pfc_ws/build/xarm_description': CMAKE_PREFIX_PATH=/opt/ros/humble /usr/bin/cmake --install /home/yuritvr/PFC/pfc_ws/build/xarm_description
[0.500s] DEBUG:colcon.colcon_core.event_handler.log_command:Invoking command in '/home/yuritvr/PFC/pfc_ws/build/arm_pkg': CMAKE_PREFIX_PATH=/opt/ros/humble /usr/bin/cmake --install /home/yuritvr/PFC/pfc_ws/build/arm_pkg
[0.502s] DEBUG:colcon.colcon_core.event_handler.log_command:Invoking command in '/home/yuritvr/PFC/pfc_ws/build/pfcbot': CMAKE_PREFIX_PATH=/opt/ros/humble /usr/bin/cmake --install /home/yuritvr/PFC/pfc_ws/build/pfcbot
[0.511s] Level 1:colcon.colcon_core.environment:create_environment_scripts_only(xarm_description)
[0.516s] Level 1:colcon.colcon_core.environment:checking '/home/yuritvr/PFC/pfc_ws/install/xarm_description' for CMake module files
[0.518s] Level 1:colcon.colcon_core.environment:checking '/home/yuritvr/PFC/pfc_ws/install/xarm_description' for CMake config files
[0.522s] Level 1:colcon.colcon_core.shell:create_environment_hook('xarm_description', 'cmake_prefix_path')
[0.522s] INFO:colcon.colcon_core.shell:Creating environment hook '/home/yuritvr/PFC/pfc_ws/install/xarm_description/share/xarm_description/hook/cmake_prefix_path.ps1'
[0.523s] INFO:colcon.colcon_core.shell:Creating environment descriptor '/home/yuritvr/PFC/pfc_ws/install/xarm_description/share/xarm_description/hook/cmake_prefix_path.dsv'
[0.523s] INFO:colcon.colcon_core.shell:Creating environment hook '/home/yuritvr/PFC/pfc_ws/install/xarm_description/share/xarm_description/hook/cmake_prefix_path.sh'
[0.525s] Level 1:colcon.colcon_core.environment:checking '/home/yuritvr/PFC/pfc_ws/install/xarm_description/bin'
[0.525s] Level 1:colcon.colcon_core.environment:checking '/home/yuritvr/PFC/pfc_ws/install/xarm_description/lib/pkgconfig/xarm_description.pc'
[0.525s] Level 1:colcon.colcon_core.environment:checking '/home/yuritvr/PFC/pfc_ws/install/xarm_description/lib/python3.10/site-packages'
[0.525s] Level 1:colcon.colcon_core.environment:checking '/home/yuritvr/PFC/pfc_ws/install/xarm_description/bin'
[0.526s] INFO:colcon.colcon_core.shell:Creating package script '/home/yuritvr/PFC/pfc_ws/install/xarm_description/share/xarm_description/package.ps1'
[0.527s] INFO:colcon.colcon_core.shell:Creating package descriptor '/home/yuritvr/PFC/pfc_ws/install/xarm_description/share/xarm_description/package.dsv'
[0.528s] INFO:colcon.colcon_core.shell:Creating package script '/home/yuritvr/PFC/pfc_ws/install/xarm_description/share/xarm_description/package.sh'
[0.529s] INFO:colcon.colcon_core.shell:Creating package script '/home/yuritvr/PFC/pfc_ws/install/xarm_description/share/xarm_description/package.bash'
[0.530s] INFO:colcon.colcon_core.shell:Creating package script '/home/yuritvr/PFC/pfc_ws/install/xarm_description/share/xarm_description/package.zsh'
[0.531s] Level 1:colcon.colcon_core.environment:create_file_with_runtime_dependencies(/home/yuritvr/PFC/pfc_ws/install/xarm_description/share/colcon-core/packages/xarm_description)
[0.534s] Level 1:colcon.colcon_core.environment:create_environment_scripts_only(arm_pkg)
[0.534s] Level 1:colcon.colcon_core.environment:checking '/home/yuritvr/PFC/pfc_ws/install/arm_pkg' for CMake module files
[0.536s] Level 1:colcon.colcon_core.environment:checking '/home/yuritvr/PFC/pfc_ws/install/arm_pkg' for CMake config files
[0.538s] Level 1:colcon.colcon_core.shell:create_environment_hook('arm_pkg', 'cmake_prefix_path')
[0.539s] INFO:colcon.colcon_core.shell:Creating environment hook '/home/yuritvr/PFC/pfc_ws/install/arm_pkg/share/arm_pkg/hook/cmake_prefix_path.ps1'
[0.540s] INFO:colcon.colcon_core.shell:Creating environment descriptor '/home/yuritvr/PFC/pfc_ws/install/arm_pkg/share/arm_pkg/hook/cmake_prefix_path.dsv'
[0.540s] INFO:colcon.colcon_core.shell:Creating environment hook '/home/yuritvr/PFC/pfc_ws/install/arm_pkg/share/arm_pkg/hook/cmake_prefix_path.sh'
[0.541s] Level 1:colcon.colcon_core.environment:checking '/home/yuritvr/PFC/pfc_ws/install/arm_pkg/bin'
[0.542s] Level 1:colcon.colcon_core.environment:checking '/home/yuritvr/PFC/pfc_ws/install/arm_pkg/lib/pkgconfig/arm_pkg.pc'
[0.542s] Level 1:colcon.colcon_core.environment:checking '/home/yuritvr/PFC/pfc_ws/install/arm_pkg/lib/python3.10/site-packages'
[0.542s] Level 1:colcon.colcon_core.environment:checking '/home/yuritvr/PFC/pfc_ws/install/arm_pkg/bin'
[0.543s] INFO:colcon.colcon_core.shell:Creating package script '/home/yuritvr/PFC/pfc_ws/install/arm_pkg/share/arm_pkg/package.ps1'
[0.544s] INFO:colcon.colcon_core.shell:Creating package descriptor '/home/yuritvr/PFC/pfc_ws/install/arm_pkg/share/arm_pkg/package.dsv'
[0.545s] INFO:colcon.colcon_core.shell:Creating package script '/home/yuritvr/PFC/pfc_ws/install/arm_pkg/share/arm_pkg/package.sh'
[0.546s] INFO:colcon.colcon_core.shell:Creating package script '/home/yuritvr/PFC/pfc_ws/install/arm_pkg/share/arm_pkg/package.bash'
[0.547s] INFO:colcon.colcon_core.shell:Creating package script '/home/yuritvr/PFC/pfc_ws/install/arm_pkg/share/arm_pkg/package.zsh'
[0.548s] Level 1:colcon.colcon_core.environment:create_file_with_runtime_dependencies(/home/yuritvr/PFC/pfc_ws/install/arm_pkg/share/colcon-core/packages/arm_pkg)
[0.550s] Level 1:colcon.colcon_core.environment:create_environment_scripts_only(pfcbot)
[0.550s] Level 1:colcon.colcon_core.environment:checking '/home/yuritvr/PFC/pfc_ws/install/pfcbot' for CMake module files
[0.552s] Level 1:colcon.colcon_core.environment:checking '/home/yuritvr/PFC/pfc_ws/install/pfcbot' for CMake config files
[0.555s] Level 1:colcon.colcon_core.shell:create_environment_hook('pfcbot', 'cmake_prefix_path')
[0.555s] INFO:colcon.colcon_core.shell:Creating environment hook '/home/yuritvr/PFC/pfc_ws/install/pfcbot/share/pfcbot/hook/cmake_prefix_path.ps1'
[0.556s] INFO:colcon.colcon_core.shell:Creating environment descriptor '/home/yuritvr/PFC/pfc_ws/install/pfcbot/share/pfcbot/hook/cmake_prefix_path.dsv'
[0.557s] INFO:colcon.colcon_core.shell:Creating environment hook '/home/yuritvr/PFC/pfc_ws/install/pfcbot/share/pfcbot/hook/cmake_prefix_path.sh'
[0.559s] Level 1:colcon.colcon_core.environment:checking '/home/yuritvr/PFC/pfc_ws/install/pfcbot/bin'
[0.560s] Level 1:colcon.colcon_core.environment:checking '/home/yuritvr/PFC/pfc_ws/install/pfcbot/lib/pkgconfig/pfcbot.pc'
[0.560s] Level 1:colcon.colcon_core.environment:checking '/home/yuritvr/PFC/pfc_ws/install/pfcbot/lib/python3.10/site-packages'
[0.560s] Level 1:colcon.colcon_core.environment:checking '/home/yuritvr/PFC/pfc_ws/install/pfcbot/bin'
[0.561s] INFO:colcon.colcon_core.shell:Creating package script '/home/yuritvr/PFC/pfc_ws/install/pfcbot/share/pfcbot/package.ps1'
[0.563s] INFO:colcon.colcon_core.shell:Creating package descriptor '/home/yuritvr/PFC/pfc_ws/install/pfcbot/share/pfcbot/package.dsv'
[0.563s] DEBUG:colcon.colcon_core.event_handler.log_command:Invoked command in '/home/yuritvr/PFC/pfc_ws/build/xarm_description' returned '0': CMAKE_PREFIX_PATH=/opt/ros/humble /usr/bin/cmake --install /home/yuritvr/PFC/pfc_ws/build/xarm_description
[0.564s] DEBUG:colcon.colcon_core.event_handler.log_command:Invoked command in '/home/yuritvr/PFC/pfc_ws/build/arm_pkg' returned '0': CMAKE_PREFIX_PATH=/opt/ros/humble /usr/bin/cmake --install /home/yuritvr/PFC/pfc_ws/build/arm_pkg
[0.564s] DEBUG:colcon.colcon_core.event_handler.log_command:Invoked command in '/home/yuritvr/PFC/pfc_ws/build/pfcbot' returned '0': CMAKE_PREFIX_PATH=/opt/ros/humble /usr/bin/cmake --install /home/yuritvr/PFC/pfc_ws/build/pfcbot
[0.565s] INFO:colcon.colcon_core.shell:Creating package script '/home/yuritvr/PFC/pfc_ws/install/pfcbot/share/pfcbot/package.sh'
[0.565s] INFO:colcon.colcon_core.shell:Creating package script '/home/yuritvr/PFC/pfc_ws/install/pfcbot/share/pfcbot/package.bash'
[0.565s] INFO:colcon.colcon_core.shell:Creating package script '/home/yuritvr/PFC/pfc_ws/install/pfcbot/share/pfcbot/package.zsh'
[0.566s] Level 1:colcon.colcon_core.environment:create_file_with_runtime_dependencies(/home/yuritvr/PFC/pfc_ws/install/pfcbot/share/colcon-core/packages/pfcbot)
[0.568s] Level 1:colcon.colcon_core.environment:create_environment_scripts_only(xarm_description)
[0.568s] Level 1:colcon.colcon_core.environment:checking '/home/yuritvr/PFC/pfc_ws/install/xarm_description' for CMake module files
[0.569s] Level 1:colcon.colcon_core.environment:checking '/home/yuritvr/PFC/pfc_ws/install/xarm_description' for CMake config files
[0.570s] Level 1:colcon.colcon_core.shell:create_environment_hook('xarm_description', 'cmake_prefix_path')
[0.570s] INFO:colcon.colcon_core.shell:Creating environment hook '/home/yuritvr/PFC/pfc_ws/install/xarm_description/share/xarm_description/hook/cmake_prefix_path.ps1'
[0.571s] INFO:colcon.colcon_core.shell:Creating environment descriptor '/home/yuritvr/PFC/pfc_ws/install/xarm_description/share/xarm_description/hook/cmake_prefix_path.dsv'
[0.571s] INFO:colcon.colcon_core.shell:Creating environment hook '/home/yuritvr/PFC/pfc_ws/install/xarm_description/share/xarm_description/hook/cmake_prefix_path.sh'
[0.572s] Level 1:colcon.colcon_core.environment:checking '/home/yuritvr/PFC/pfc_ws/install/xarm_description/bin'
[0.572s] Level 1:colcon.colcon_core.environment:checking '/home/yuritvr/PFC/pfc_ws/install/xarm_description/lib/pkgconfig/xarm_description.pc'
[0.572s] Level 1:colcon.colcon_core.environment:checking '/home/yuritvr/PFC/pfc_ws/install/xarm_description/lib/python3.10/site-packages'
[0.572s] Level 1:colcon.colcon_core.environment:checking '/home/yuritvr/PFC/pfc_ws/install/xarm_description/bin'
[0.573s] INFO:colcon.colcon_core.shell:Creating package script '/home/yuritvr/PFC/pfc_ws/install/xarm_description/share/xarm_description/package.ps1'
[0.573s] INFO:colcon.colcon_core.shell:Creating package descriptor '/home/yuritvr/PFC/pfc_ws/install/xarm_description/share/xarm_description/package.dsv'
[0.574s] INFO:colcon.colcon_core.shell:Creating package script '/home/yuritvr/PFC/pfc_ws/install/xarm_description/share/xarm_description/package.sh'
[0.574s] INFO:colcon.colcon_core.shell:Creating package script '/home/yuritvr/PFC/pfc_ws/install/xarm_description/share/xarm_description/package.bash'
[0.575s] INFO:colcon.colcon_core.shell:Creating package script '/home/yuritvr/PFC/pfc_ws/install/xarm_description/share/xarm_description/package.zsh'
[0.575s] Level 1:colcon.colcon_core.environment:create_file_with_runtime_dependencies(/home/yuritvr/PFC/pfc_ws/install/xarm_description/share/colcon-core/packages/xarm_description)
[0.583s] Level 1:colcon.colcon_core.environment:create_environment_scripts_only(arm_pkg)
[0.583s] Level 1:colcon.colcon_core.environment:checking '/home/yuritvr/PFC/pfc_ws/install/arm_pkg' for CMake module files
[0.584s] Level 1:colcon.colcon_core.environment:checking '/home/yuritvr/PFC/pfc_ws/install/arm_pkg' for CMake config files
[0.585s] Level 1:colcon.colcon_core.shell:create_environment_hook('arm_pkg', 'cmake_prefix_path')
[0.585s] INFO:colcon.colcon_core.shell:Creating environment hook '/home/yuritvr/PFC/pfc_ws/install/arm_pkg/share/arm_pkg/hook/cmake_prefix_path.ps1'
[0.586s] INFO:colcon.colcon_core.shell:Creating environment descriptor '/home/yuritvr/PFC/pfc_ws/install/arm_pkg/share/arm_pkg/hook/cmake_prefix_path.dsv'
[0.586s] INFO:colcon.colcon_core.shell:Creating environment hook '/home/yuritvr/PFC/pfc_ws/install/arm_pkg/share/arm_pkg/hook/cmake_prefix_path.sh'
[0.587s] Level 1:colcon.colcon_core.environment:checking '/home/yuritvr/PFC/pfc_ws/install/arm_pkg/bin'
[0.587s] Level 1:colcon.colcon_core.environment:checking '/home/yuritvr/PFC/pfc_ws/install/arm_pkg/lib/pkgconfig/arm_pkg.pc'
[0.587s] Level 1:colcon.colcon_core.environment:checking '/home/yuritvr/PFC/pfc_ws/install/arm_pkg/lib/python3.10/site-packages'
[0.588s] Level 1:colcon.colcon_core.environment:checking '/home/yuritvr/PFC/pfc_ws/install/arm_pkg/bin'
[0.588s] INFO:colcon.colcon_core.shell:Creating package script '/home/yuritvr/PFC/pfc_ws/install/arm_pkg/share/arm_pkg/package.ps1'
[0.589s] INFO:colcon.colcon_core.shell:Creating package descriptor '/home/yuritvr/PFC/pfc_ws/install/arm_pkg/share/arm_pkg/package.dsv'
[0.590s] INFO:colcon.colcon_core.shell:Creating package script '/home/yuritvr/PFC/pfc_ws/install/arm_pkg/share/arm_pkg/package.sh'
[0.591s] INFO:colcon.colcon_core.shell:Creating package script '/home/yuritvr/PFC/pfc_ws/install/arm_pkg/share/arm_pkg/package.bash'
[0.591s] INFO:colcon.colcon_core.shell:Creating package script '/home/yuritvr/PFC/pfc_ws/install/arm_pkg/share/arm_pkg/package.zsh'
[0.592s] Level 1:colcon.colcon_core.environment:create_file_with_runtime_dependencies(/home/yuritvr/PFC/pfc_ws/install/arm_pkg/share/colcon-core/packages/arm_pkg)
[0.592s] INFO:colcon.colcon_ros.task.ament_cmake.build:Building ROS package in '/home/yuritvr/PFC/pfc_ws/src/arm_pkg_moveit_config' with build type 'ament_cmake'
[0.592s] INFO:colcon.colcon_cmake.task.cmake.build:Building CMake package in '/home/yuritvr/PFC/pfc_ws/src/arm_pkg_moveit_config'
[0.593s] INFO:colcon.colcon_core.shell:Skip shell extension 'powershell' for command environment: Not usable outside of PowerShell
[0.593s] DEBUG:colcon.colcon_core.shell:Skip shell extension 'dsv' for command environment
[0.600s] Level 1:colcon.colcon_core.environment:create_environment_scripts_only(pfcbot)
[0.600s] Level 1:colcon.colcon_core.environment:checking '/home/yuritvr/PFC/pfc_ws/install/pfcbot' for CMake module files
[0.601s] Level 1:colcon.colcon_core.environment:checking '/home/yuritvr/PFC/pfc_ws/install/pfcbot' for CMake config files
[0.602s] Level 1:colcon.colcon_core.shell:create_environment_hook('pfcbot', 'cmake_prefix_path')
[0.602s] INFO:colcon.colcon_core.shell:Creating environment hook '/home/yuritvr/PFC/pfc_ws/install/pfcbot/share/pfcbot/hook/cmake_prefix_path.ps1'
[0.603s] INFO:colcon.colcon_core.shell:Creating environment descriptor '/home/yuritvr/PFC/pfc_ws/install/pfcbot/share/pfcbot/hook/cmake_prefix_path.dsv'
[0.603s] INFO:colcon.colcon_core.shell:Creating environment hook '/home/yuritvr/PFC/pfc_ws/install/pfcbot/share/pfcbot/hook/cmake_prefix_path.sh'
[0.604s] Level 1:colcon.colcon_core.environment:checking '/home/yuritvr/PFC/pfc_ws/install/pfcbot/bin'
[0.604s] Level 1:colcon.colcon_core.environment:checking '/home/yuritvr/PFC/pfc_ws/install/pfcbot/lib/pkgconfig/pfcbot.pc'
[0.605s] Level 1:colcon.colcon_core.environment:checking '/home/yuritvr/PFC/pfc_ws/install/pfcbot/lib/python3.10/site-packages'
[0.605s] Level 1:colcon.colcon_core.environment:checking '/home/yuritvr/PFC/pfc_ws/install/pfcbot/bin'
[0.606s] INFO:colcon.colcon_core.shell:Creating package script '/home/yuritvr/PFC/pfc_ws/install/pfcbot/share/pfcbot/package.ps1'
[0.607s] INFO:colcon.colcon_core.shell:Creating package descriptor '/home/yuritvr/PFC/pfc_ws/install/pfcbot/share/pfcbot/package.dsv'
[0.607s] INFO:colcon.colcon_core.shell:Creating package script '/home/yuritvr/PFC/pfc_ws/install/pfcbot/share/pfcbot/package.sh'
[0.608s] INFO:colcon.colcon_core.shell:Creating package script '/home/yuritvr/PFC/pfc_ws/install/pfcbot/share/pfcbot/package.bash'
[0.609s] INFO:colcon.colcon_core.shell:Creating package script '/home/yuritvr/PFC/pfc_ws/install/pfcbot/share/pfcbot/package.zsh'
[0.609s] Level 1:colcon.colcon_core.environment:create_file_with_runtime_dependencies(/home/yuritvr/PFC/pfc_ws/install/pfcbot/share/colcon-core/packages/pfcbot)
[0.610s] INFO:colcon.colcon_ros.task.ament_cmake.build:Building ROS package in '/home/yuritvr/PFC/pfc_ws/src/pfcbot_moveit_config' with build type 'ament_cmake'
[0.610s] INFO:colcon.colcon_cmake.task.cmake.build:Building CMake package in '/home/yuritvr/PFC/pfc_ws/src/pfcbot_moveit_config'
[0.611s] INFO:colcon.colcon_core.shell:Skip shell extension 'powershell' for command environment: Not usable outside of PowerShell
[0.611s] DEBUG:colcon.colcon_core.shell:Skip shell extension 'dsv' for command environment
[0.623s] DEBUG:colcon.colcon_core.event_handler.log_command:Invoking command in '/home/yuritvr/PFC/pfc_ws/build/moveit_config': AMENT_PREFIX_PATH=/home/yuritvr/PFC/pfc_ws/install/arm_pkg:${AMENT_PREFIX_PATH} CMAKE_PREFIX_PATH=/home/yuritvr/PFC/pfc_ws/install/arm_pkg:/opt/ros/humble /usr/bin/cmake --build /home/yuritvr/PFC/pfc_ws/build/moveit_config -- -j8 -l8
[0.627s] DEBUG:colcon.colcon_core.event_handler.log_command:Invoking command in '/home/yuritvr/PFC/pfc_ws/build/pfcbot_moveit_config': AMENT_PREFIX_PATH=/home/yuritvr/PFC/pfc_ws/install/pfcbot:${AMENT_PREFIX_PATH} CMAKE_PREFIX_PATH=/home/yuritvr/PFC/pfc_ws/install/pfcbot:/opt/ros/humble /usr/bin/cmake --build /home/yuritvr/PFC/pfc_ws/build/pfcbot_moveit_config -- -j8 -l8
[0.672s] DEBUG:colcon.colcon_core.event_handler.log_command:Invoked command in '/home/yuritvr/PFC/pfc_ws/build/moveit_config' returned '0': AMENT_PREFIX_PATH=/home/yuritvr/PFC/pfc_ws/install/arm_pkg:${AMENT_PREFIX_PATH} CMAKE_PREFIX_PATH=/home/yuritvr/PFC/pfc_ws/install/arm_pkg:/opt/ros/humble /usr/bin/cmake --build /home/yuritvr/PFC/pfc_ws/build/moveit_config -- -j8 -l8
[0.682s] DEBUG:colcon.colcon_core.event_handler.log_command:Invoked command in '/home/yuritvr/PFC/pfc_ws/build/pfcbot_moveit_config' returned '0': AMENT_PREFIX_PATH=/home/yuritvr/PFC/pfc_ws/install/pfcbot:${AMENT_PREFIX_PATH} CMAKE_PREFIX_PATH=/home/yuritvr/PFC/pfc_ws/install/pfcbot:/opt/ros/humble /usr/bin/cmake --build /home/yuritvr/PFC/pfc_ws/build/pfcbot_moveit_config -- -j8 -l8
[0.703s] DEBUG:colcon.colcon_core.event_handler.log_command:Invoking command in '/home/yuritvr/PFC/pfc_ws/build/moveit_config': AMENT_PREFIX_PATH=/home/yuritvr/PFC/pfc_ws/install/arm_pkg:${AMENT_PREFIX_PATH} CMAKE_PREFIX_PATH=/home/yuritvr/PFC/pfc_ws/install/arm_pkg:/opt/ros/humble /usr/bin/cmake --install /home/yuritvr/PFC/pfc_ws/build/moveit_config
[0.713s] DEBUG:colcon.colcon_core.event_handler.log_command:Invoking command in '/home/yuritvr/PFC/pfc_ws/build/pfcbot_moveit_config': AMENT_PREFIX_PATH=/home/yuritvr/PFC/pfc_ws/install/pfcbot:${AMENT_PREFIX_PATH} CMAKE_PREFIX_PATH=/home/yuritvr/PFC/pfc_ws/install/pfcbot:/opt/ros/humble /usr/bin/cmake --install /home/yuritvr/PFC/pfc_ws/build/pfcbot_moveit_config
[0.718s] Level 1:colcon.colcon_core.environment:create_environment_scripts_only(moveit_config)
[0.719s] Level 1:colcon.colcon_core.environment:checking '/home/yuritvr/PFC/pfc_ws/install/moveit_config' for CMake module files
[0.722s] Level 1:colcon.colcon_core.environment:checking '/home/yuritvr/PFC/pfc_ws/install/moveit_config' for CMake config files
[0.723s] DEBUG:colcon.colcon_core.event_handler.log_command:Invoked command in '/home/yuritvr/PFC/pfc_ws/build/moveit_config' returned '0': AMENT_PREFIX_PATH=/home/yuritvr/PFC/pfc_ws/install/arm_pkg:${AMENT_PREFIX_PATH} CMAKE_PREFIX_PATH=/home/yuritvr/PFC/pfc_ws/install/arm_pkg:/opt/ros/humble /usr/bin/cmake --install /home/yuritvr/PFC/pfc_ws/build/moveit_config
[0.725s] Level 1:colcon.colcon_core.shell:create_environment_hook('moveit_config', 'cmake_prefix_path')
[0.725s] INFO:colcon.colcon_core.shell:Creating environment hook '/home/yuritvr/PFC/pfc_ws/install/moveit_config/share/moveit_config/hook/cmake_prefix_path.ps1'
[0.726s] INFO:colcon.colcon_core.shell:Creating environment descriptor '/home/yuritvr/PFC/pfc_ws/install/moveit_config/share/moveit_config/hook/cmake_prefix_path.dsv'
[0.728s] INFO:colcon.colcon_core.shell:Creating environment hook '/home/yuritvr/PFC/pfc_ws/install/moveit_config/share/moveit_config/hook/cmake_prefix_path.sh'
[0.729s] Level 1:colcon.colcon_core.environment:checking '/home/yuritvr/PFC/pfc_ws/install/moveit_config/bin'
[0.729s] Level 1:colcon.colcon_core.environment:checking '/home/yuritvr/PFC/pfc_ws/install/moveit_config/lib/pkgconfig/moveit_config.pc'
[0.730s] Level 1:colcon.colcon_core.environment:checking '/home/yuritvr/PFC/pfc_ws/install/moveit_config/lib/python3.10/site-packages'
[0.730s] Level 1:colcon.colcon_core.environment:checking '/home/yuritvr/PFC/pfc_ws/install/moveit_config/bin'
[0.730s] INFO:colcon.colcon_core.shell:Creating package script '/home/yuritvr/PFC/pfc_ws/install/moveit_config/share/moveit_config/package.ps1'
[0.731s] INFO:colcon.colcon_core.shell:Creating package descriptor '/home/yuritvr/PFC/pfc_ws/install/moveit_config/share/moveit_config/package.dsv'
[0.732s] INFO:colcon.colcon_core.shell:Creating package script '/home/yuritvr/PFC/pfc_ws/install/moveit_config/share/moveit_config/package.sh'
[0.733s] INFO:colcon.colcon_core.shell:Creating package script '/home/yuritvr/PFC/pfc_ws/install/moveit_config/share/moveit_config/package.bash'
[0.734s] INFO:colcon.colcon_core.shell:Creating package script '/home/yuritvr/PFC/pfc_ws/install/moveit_config/share/moveit_config/package.zsh'
[0.736s] Level 1:colcon.colcon_core.environment:create_file_with_runtime_dependencies(/home/yuritvr/PFC/pfc_ws/install/moveit_config/share/colcon-core/packages/moveit_config)
[0.739s] Level 1:colcon.colcon_core.environment:create_environment_scripts_only(pfcbot_moveit_config)
[0.740s] Level 1:colcon.colcon_core.environment:checking '/home/yuritvr/PFC/pfc_ws/install/pfcbot_moveit_config' for CMake module files
[0.742s] Level 1:colcon.colcon_core.environment:checking '/home/yuritvr/PFC/pfc_ws/install/pfcbot_moveit_config' for CMake config files
[0.742s] DEBUG:colcon.colcon_core.event_handler.log_command:Invoked command in '/home/yuritvr/PFC/pfc_ws/build/pfcbot_moveit_config' returned '0': AMENT_PREFIX_PATH=/home/yuritvr/PFC/pfc_ws/install/pfcbot:${AMENT_PREFIX_PATH} CMAKE_PREFIX_PATH=/home/yuritvr/PFC/pfc_ws/install/pfcbot:/opt/ros/humble /usr/bin/cmake --install /home/yuritvr/PFC/pfc_ws/build/pfcbot_moveit_config
[0.743s] Level 1:colcon.colcon_core.shell:create_environment_hook('pfcbot_moveit_config', 'cmake_prefix_path')
[0.743s] INFO:colcon.colcon_core.shell:Creating environment hook '/home/yuritvr/PFC/pfc_ws/install/pfcbot_moveit_config/share/pfcbot_moveit_config/hook/cmake_prefix_path.ps1'
[0.744s] INFO:colcon.colcon_core.shell:Creating environment descriptor '/home/yuritvr/PFC/pfc_ws/install/pfcbot_moveit_config/share/pfcbot_moveit_config/hook/cmake_prefix_path.dsv'
[0.744s] INFO:colcon.colcon_core.shell:Creating environment hook '/home/yuritvr/PFC/pfc_ws/install/pfcbot_moveit_config/share/pfcbot_moveit_config/hook/cmake_prefix_path.sh'
[0.745s] Level 1:colcon.colcon_core.environment:checking '/home/yuritvr/PFC/pfc_ws/install/pfcbot_moveit_config/bin'
[0.745s] Level 1:colcon.colcon_core.environment:checking '/home/yuritvr/PFC/pfc_ws/install/pfcbot_moveit_config/lib/pkgconfig/pfcbot_moveit_config.pc'
[0.746s] Level 1:colcon.colcon_core.environment:checking '/home/yuritvr/PFC/pfc_ws/install/pfcbot_moveit_config/lib/python3.10/site-packages'
[0.746s] Level 1:colcon.colcon_core.environment:checking '/home/yuritvr/PFC/pfc_ws/install/pfcbot_moveit_config/bin'
[0.746s] INFO:colcon.colcon_core.shell:Creating package script '/home/yuritvr/PFC/pfc_ws/install/pfcbot_moveit_config/share/pfcbot_moveit_config/package.ps1'
[0.747s] INFO:colcon.colcon_core.shell:Creating package descriptor '/home/yuritvr/PFC/pfc_ws/install/pfcbot_moveit_config/share/pfcbot_moveit_config/package.dsv'
[0.747s] INFO:colcon.colcon_core.shell:Creating package script '/home/yuritvr/PFC/pfc_ws/install/pfcbot_moveit_config/share/pfcbot_moveit_config/package.sh'
[0.748s] INFO:colcon.colcon_core.shell:Creating package script '/home/yuritvr/PFC/pfc_ws/install/pfcbot_moveit_config/share/pfcbot_moveit_config/package.bash'
[0.748s] INFO:colcon.colcon_core.shell:Creating package script '/home/yuritvr/PFC/pfc_ws/install/pfcbot_moveit_config/share/pfcbot_moveit_config/package.zsh'
[0.749s] Level 1:colcon.colcon_core.environment:create_file_with_runtime_dependencies(/home/yuritvr/PFC/pfc_ws/install/pfcbot_moveit_config/share/colcon-core/packages/pfcbot_moveit_config)
[0.766s] Level 1:colcon.colcon_core.environment:create_environment_scripts_only(moveit_config)
[0.766s] Level 1:colcon.colcon_core.environment:checking '/home/yuritvr/PFC/pfc_ws/install/moveit_config' for CMake module files
[0.767s] Level 1:colcon.colcon_core.environment:checking '/home/yuritvr/PFC/pfc_ws/install/moveit_config' for CMake config files
[0.767s] Level 1:colcon.colcon_core.shell:create_environment_hook('moveit_config', 'cmake_prefix_path')
[0.768s] INFO:colcon.colcon_core.shell:Creating environment hook '/home/yuritvr/PFC/pfc_ws/install/moveit_config/share/moveit_config/hook/cmake_prefix_path.ps1'
[0.768s] INFO:colcon.colcon_core.shell:Creating environment descriptor '/home/yuritvr/PFC/pfc_ws/install/moveit_config/share/moveit_config/hook/cmake_prefix_path.dsv'
[0.769s] INFO:colcon.colcon_core.shell:Creating environment hook '/home/yuritvr/PFC/pfc_ws/install/moveit_config/share/moveit_config/hook/cmake_prefix_path.sh'
[0.769s] Level 1:colcon.colcon_core.environment:checking '/home/yuritvr/PFC/pfc_ws/install/moveit_config/bin'
[0.769s] Level 1:colcon.colcon_core.environment:checking '/home/yuritvr/PFC/pfc_ws/install/moveit_config/lib/pkgconfig/moveit_config.pc'
[0.770s] Level 1:colcon.colcon_core.environment:checking '/home/yuritvr/PFC/pfc_ws/install/moveit_config/lib/python3.10/site-packages'
[0.770s] Level 1:colcon.colcon_core.environment:checking '/home/yuritvr/PFC/pfc_ws/install/moveit_config/bin'
[0.770s] INFO:colcon.colcon_core.shell:Creating package script '/home/yuritvr/PFC/pfc_ws/install/moveit_config/share/moveit_config/package.ps1'
[0.771s] INFO:colcon.colcon_core.shell:Creating package descriptor '/home/yuritvr/PFC/pfc_ws/install/moveit_config/share/moveit_config/package.dsv'
[0.772s] INFO:colcon.colcon_core.shell:Creating package script '/home/yuritvr/PFC/pfc_ws/install/moveit_config/share/moveit_config/package.sh'
[0.772s] INFO:colcon.colcon_core.shell:Creating package script '/home/yuritvr/PFC/pfc_ws/install/moveit_config/share/moveit_config/package.bash'
[0.773s] INFO:colcon.colcon_core.shell:Creating package script '/home/yuritvr/PFC/pfc_ws/install/moveit_config/share/moveit_config/package.zsh'
[0.773s] Level 1:colcon.colcon_core.environment:create_file_with_runtime_dependencies(/home/yuritvr/PFC/pfc_ws/install/moveit_config/share/colcon-core/packages/moveit_config)
[0.779s] Level 1:colcon.colcon_core.environment:create_environment_scripts_only(pfcbot_moveit_config)
[0.779s] Level 1:colcon.colcon_core.environment:checking '/home/yuritvr/PFC/pfc_ws/install/pfcbot_moveit_config' for CMake module files
[0.780s] Level 1:colcon.colcon_core.environment:checking '/home/yuritvr/PFC/pfc_ws/install/pfcbot_moveit_config' for CMake config files
[0.780s] Level 1:colcon.colcon_core.shell:create_environment_hook('pfcbot_moveit_config', 'cmake_prefix_path')
[0.780s] INFO:colcon.colcon_core.shell:Creating environment hook '/home/yuritvr/PFC/pfc_ws/install/pfcbot_moveit_config/share/pfcbot_moveit_config/hook/cmake_prefix_path.ps1'
[0.781s] INFO:colcon.colcon_core.shell:Creating environment descriptor '/home/yuritvr/PFC/pfc_ws/install/pfcbot_moveit_config/share/pfcbot_moveit_config/hook/cmake_prefix_path.dsv'
[0.781s] INFO:colcon.colcon_core.shell:Creating environment hook '/home/yuritvr/PFC/pfc_ws/install/pfcbot_moveit_config/share/pfcbot_moveit_config/hook/cmake_prefix_path.sh'
[0.782s] Level 1:colcon.colcon_core.environment:checking '/home/yuritvr/PFC/pfc_ws/install/pfcbot_moveit_config/bin'
[0.782s] Level 1:colcon.colcon_core.environment:checking '/home/yuritvr/PFC/pfc_ws/install/pfcbot_moveit_config/lib/pkgconfig/pfcbot_moveit_config.pc'
[0.782s] Level 1:colcon.colcon_core.environment:checking '/home/yuritvr/PFC/pfc_ws/install/pfcbot_moveit_config/lib/python3.10/site-packages'
[0.782s] Level 1:colcon.colcon_core.environment:checking '/home/yuritvr/PFC/pfc_ws/install/pfcbot_moveit_config/bin'
[0.783s] INFO:colcon.colcon_core.shell:Creating package script '/home/yuritvr/PFC/pfc_ws/install/pfcbot_moveit_config/share/pfcbot_moveit_config/package.ps1'
[0.783s] INFO:colcon.colcon_core.shell:Creating package descriptor '/home/yuritvr/PFC/pfc_ws/install/pfcbot_moveit_config/share/pfcbot_moveit_config/package.dsv'
[0.784s] INFO:colcon.colcon_core.shell:Creating package script '/home/yuritvr/PFC/pfc_ws/install/pfcbot_moveit_config/share/pfcbot_moveit_config/package.sh'
[0.784s] INFO:colcon.colcon_core.shell:Creating package script '/home/yuritvr/PFC/pfc_ws/install/pfcbot_moveit_config/share/pfcbot_moveit_config/package.bash'
[0.785s] INFO:colcon.colcon_core.shell:Creating package script '/home/yuritvr/PFC/pfc_ws/install/pfcbot_moveit_config/share/pfcbot_moveit_config/package.zsh'
[0.785s] Level 1:colcon.colcon_core.environment:create_file_with_runtime_dependencies(/home/yuritvr/PFC/pfc_ws/install/pfcbot_moveit_config/share/colcon-core/packages/pfcbot_moveit_config)
[0.786s] DEBUG:colcon.colcon_parallel_executor.executor.parallel:closing loop
[0.786s] DEBUG:colcon.colcon_parallel_executor.executor.parallel:loop closed
[0.786s] DEBUG:colcon.colcon_parallel_executor.executor.parallel:run_until_complete finished with '0'
[0.786s] DEBUG:colcon.colcon_core.event_reactor:joining thread
[0.795s] INFO:colcon.colcon_core.plugin_system:Skipping extension 'colcon_notification.desktop_notification.terminal_notifier': Not used on non-Darwin systems
[0.795s] INFO:colcon.colcon_core.plugin_system:Skipping extension 'colcon_notification.desktop_notification.win32': Not used on non-Windows systems
[0.795s] INFO:colcon.colcon_notification.desktop_notification:Sending desktop notification using 'notify2'
[0.807s] DEBUG:colcon.colcon_core.event_reactor:joined thread
[0.808s] INFO:colcon.colcon_core.shell:Creating prefix script '/home/yuritvr/PFC/pfc_ws/install/local_setup.ps1'
[0.809s] INFO:colcon.colcon_core.shell:Creating prefix util module '/home/yuritvr/PFC/pfc_ws/install/_local_setup_util_ps1.py'
[0.810s] INFO:colcon.colcon_core.shell:Creating prefix chain script '/home/yuritvr/PFC/pfc_ws/install/setup.ps1'
[0.811s] INFO:colcon.colcon_core.shell:Creating prefix script '/home/yuritvr/PFC/pfc_ws/install/local_setup.sh'
[0.812s] INFO:colcon.colcon_core.shell:Creating prefix util module '/home/yuritvr/PFC/pfc_ws/install/_local_setup_util_sh.py'
[0.812s] INFO:colcon.colcon_core.shell:Creating prefix chain script '/home/yuritvr/PFC/pfc_ws/install/setup.sh'
[0.814s] INFO:colcon.colcon_core.shell:Creating prefix script '/home/yuritvr/PFC/pfc_ws/install/local_setup.bash'
[0.814s] INFO:colcon.colcon_core.shell:Creating prefix chain script '/home/yuritvr/PFC/pfc_ws/install/setup.bash'
[0.816s] INFO:colcon.colcon_core.shell:Creating prefix script '/home/yuritvr/PFC/pfc_ws/install/local_setup.zsh'
[0.816s] INFO:colcon.colcon_core.shell:Creating prefix chain script '/home/yuritvr/PFC/pfc_ws/install/setup.zsh'
