[0.044s] Invoking command in '/home/yuritvr/PFC/pfc_ws/build/moveit_config': AMENT_PREFIX_PATH=/home/yuritvr/PFC/pfc_ws/install/arm_pkg:${AMENT_PREFIX_PATH} CMAKE_PREFIX_PATH=/home/yuritvr/PFC/pfc_ws/install/arm_pkg:/opt/ros/humble /usr/bin/cmake /home/yuritvr/PFC/pfc_ws/src/arm_pkg_moveit_config -DCMAKE_INSTALL_PREFIX=/home/yuritvr/PFC/pfc_ws/install/moveit_config
[0.214s] -- The C compiler identification is GNU 11.4.0
[0.406s] -- The CXX compiler identification is GNU 11.4.0
[0.430s] -- Detecting C compiler ABI info
[0.659s] -- Detecting C compiler ABI info - done
[0.690s] -- Check for working C compiler: /usr/bin/cc - skipped
[0.690s] -- Detecting C compile features
[0.692s] -- Detecting C compile features - done
[0.702s] -- Detecting CXX compiler ABI info
[0.971s] -- Detecting CXX compiler ABI info - done
[1.004s] -- Check for working CXX compiler: /usr/bin/c++ - skipped
[1.005s] -- Detecting CXX compile features
[1.006s] -- Detecting CXX compile features - done
[1.017s] -- Found ament_cmake: 1.3.9 (/opt/ros/humble/share/ament_cmake/cmake)
[1.541s] -- Found Python3: /usr/bin/python3 (found version "3.10.12") found components: Interpreter 
[2.013s] [31mCMake Error at /opt/ros/humble/share/ament_cmake_core/cmake/core/ament_package_xml.cmake:53 (message):
[2.013s]   ament_package_xml() package name 'moveit_config' in '/package.xml' does not
[2.014s]   match current PROJECT_NAME 'arm_pkg_moveit_config'.  You must call
[2.014s]   project() with the same package name before.
[2.014s] Call Stack (most recent call first):
[2.014s]   /opt/ros/humble/share/ament_cmake_core/cmake/core/ament_package.cmake:63 (ament_package_xml)
[2.015s]   CMakeLists.txt:6 (ament_package)
[2.015s] 
[2.015s] [0m
[2.015s] -- Configuring incomplete, errors occurred!
[2.015s] See also "/home/yuritvr/PFC/pfc_ws/build/moveit_config/CMakeFiles/CMakeOutput.log".
[2.029s] Invoked command in '/home/yuritvr/PFC/pfc_ws/build/moveit_config' returned '1': AMENT_PREFIX_PATH=/home/yuritvr/PFC/pfc_ws/install/arm_pkg:${AMENT_PREFIX_PATH} CMAKE_PREFIX_PATH=/home/yuritvr/PFC/pfc_ws/install/arm_pkg:/opt/ros/humble /usr/bin/cmake /home/yuritvr/PFC/pfc_ws/src/arm_pkg_moveit_config -DCMAKE_INSTALL_PREFIX=/home/yuritvr/PFC/pfc_ws/install/moveit_config
