-- Install configuration: ""
-- Up-to-date: /home/yuritvr/PFC/wenis_ws/install/platform/share/platform/launch
-- Up-to-date: /home/yuritvr/PFC/wenis_ws/install/platform/share/platform/launch/platform.launch.py
-- Up-to-date: /home/yuritvr/PFC/wenis_ws/install/platform/share/platform/launch/start_world.launch.py
-- Up-to-date: /home/yuritvr/PFC/wenis_ws/install/platform/share/platform/launch/spawn_platform.launch .py
-- Up-to-date: /home/yuritvr/PFC/wenis_ws/install/platform/share/platform/launch/platform.launch.xml
-- Up-to-date: /home/yuritvr/PFC/wenis_ws/install/platform/share/platform/urdf
-- Up-to-date: /home/yuritvr/PFC/wenis_ws/install/platform/share/platform/urdf/vehicle_demo.xacro
-- Up-to-date: /home/yuritvr/PFC/wenis_ws/install/platform/share/platform/urdf/platform.xacro
-- Up-to-date: /home/yuritvr/PFC/wenis_ws/install/platform/share/ament_index/resource_index/package_run_dependencies/platform
-- Up-to-date: /home/yuritvr/PFC/wenis_ws/install/platform/share/ament_index/resource_index/parent_prefix_path/platform
-- Up-to-date: /home/yuritvr/PFC/wenis_ws/install/platform/share/platform/environment/ament_prefix_path.sh
-- Up-to-date: /home/yuritvr/PFC/wenis_ws/install/platform/share/platform/environment/ament_prefix_path.dsv
-- Up-to-date: /home/yuritvr/PFC/wenis_ws/install/platform/share/platform/environment/path.sh
-- Up-to-date: /home/yuritvr/PFC/wenis_ws/install/platform/share/platform/environment/path.dsv
-- Up-to-date: /home/yuritvr/PFC/wenis_ws/install/platform/share/platform/local_setup.bash
-- Up-to-date: /home/yuritvr/PFC/wenis_ws/install/platform/share/platform/local_setup.sh
-- Up-to-date: /home/yuritvr/PFC/wenis_ws/install/platform/share/platform/local_setup.zsh
-- Up-to-date: /home/yuritvr/PFC/wenis_ws/install/platform/share/platform/local_setup.dsv
-- Installing: /home/yuritvr/PFC/wenis_ws/install/platform/share/platform/package.dsv
-- Up-to-date: /home/yuritvr/PFC/wenis_ws/install/platform/share/ament_index/resource_index/packages/platform
-- Up-to-date: /home/yuritvr/PFC/wenis_ws/install/platform/share/platform/cmake/platformConfig.cmake
-- Up-to-date: /home/yuritvr/PFC/wenis_ws/install/platform/share/platform/cmake/platformConfig-version.cmake
-- Up-to-date: /home/yuritvr/PFC/wenis_ws/install/platform/share/platform/package.xml
