[0.033s] Invoking command in '/home/yuritvr/PFC/wenis_ws/build/moveit2_kinematics': CMAKE_PREFIX_PATH=${CMAKE_PREFIX_PATH}:/opt/ros/humble /usr/bin/cmake --build /home/yuritvr/PFC/wenis_ws/build/moveit2_kinematics -- -j8 -l8
[0.079s] -- Found ament_cmake: 1.3.8 (/opt/ros/humble/share/ament_cmake/cmake)
[0.294s] -- Found rclcpp: 16.0.8 (/opt/ros/humble/share/rclcpp/cmake)
[0.338s] -- Found rosidl_generator_c: 3.1.5 (/opt/ros/humble/share/rosidl_generator_c/cmake)
[0.344s] -- Found rosidl_adapter: 3.1.5 (/opt/ros/humble/share/rosidl_adapter/cmake)
[0.355s] -- Found rosidl_generator_cpp: 3.1.5 (/opt/ros/humble/share/rosidl_generator_cpp/cmake)
[0.372s] -- Using all available rosidl_typesupport_c: rosidl_typesupport_fastrtps_c;rosidl_typesupport_introspection_c
[0.407s] -- Using all available rosidl_typesupport_cpp: rosidl_typesupport_fastrtps_cpp;rosidl_typesupport_introspection_cpp
[0.529s] -- Found rmw_implementation_cmake: 6.1.1 (/opt/ros/humble/share/rmw_implementation_cmake/cmake)
[0.532s] -- Found rmw_fastrtps_cpp: 6.2.6 (/opt/ros/humble/share/rmw_fastrtps_cpp/cmake)
[0.749s] -- Using RMW implementation 'rmw_fastrtps_cpp' as default
[1.058s] -- Found rclcpp_action: 16.0.8 (/opt/ros/humble/share/rclcpp_action/cmake)
[1.234s] -- Found moveit_core: 2.5.5 (/opt/ros/humble/share/moveit_core/cmake)
[1.258s] -- Found Boost: /usr/lib/x86_64-linux-gnu/cmake/Boost-1.74.0/BoostConfig.cmake (found version "1.74.0") found components: chrono date_time filesystem iostreams program_options regex serialization system thread 
[1.271s] -- Found parameter_traits: 0.3.8 (/opt/ros/humble/share/parameter_traits/cmake)
[1.296s] -- Found rclcpp_lifecycle: 16.0.8 (/opt/ros/humble/share/rclcpp_lifecycle/cmake)
[1.380s] -- Found Boost: /usr/lib/x86_64-linux-gnu/cmake/Boost-1.74.0/BoostConfig.cmake (found version "1.74.0") found components: filesystem 
[1.490s] -- library: /usr/lib/x86_64-linux-gnu/libcurl.so
[2.105s] -- Ensuring Eigen3 include directory is part of orocos-kdl CMake target
[3.786s] -- Found moveit_ros_planning: 2.5.5 (/opt/ros/humble/share/moveit_ros_planning/cmake)
[3.791s] -- Found Boost: /usr/lib/x86_64-linux-gnu/cmake/Boost-1.74.0/BoostConfig.cmake (found version "1.74.0") found components: system filesystem date_time program_options thread chrono 
[4.522s] -- Found moveit_ros_planning_interface: 2.5.5 (/opt/ros/humble/share/moveit_ros_planning_interface/cmake)
[4.531s] -- Found Boost: /usr/lib/x86_64-linux-gnu/cmake/Boost-1.74.0/BoostConfig.cmake (found version "1.74.0") found components: date_time filesystem program_options system thread 
[4.903s] -- Found Boost: /usr/lib/x86_64-linux-gnu/cmake/Boost-1.74.0/BoostConfig.cmake (found version "1.74.0") found components: thread system filesystem regex date_time program_options 
[5.303s] -- Found Boost: /usr/lib/x86_64-linux-gnu/cmake/Boost-1.74.0/BoostConfig.cmake (found version "1.74.0") found components: system filesystem date_time program_options thread 
[6.389s] -- Found interactive_markers: 2.3.2 (/opt/ros/humble/share/interactive_markers/cmake)
[6.450s] -- Found control_msgs: 4.4.0 (/opt/ros/humble/share/control_msgs/cmake)
[7.475s] -- Found ament_lint_auto: 0.12.10 (/opt/ros/humble/share/ament_lint_auto/cmake)
[7.793s] -- Added test 'cppcheck' to perform static code analysis on C / C++ code
[7.798s] -- Configured cppcheck include dirs: /home/yuritvr/PFC/wenis_ws/src/ros2_manipulator/moveit2_kinematics/include
[7.799s] -- Configured cppcheck exclude dirs and/or files: 
[7.801s] -- Added test 'flake8' to check Python code syntax and style conventions
[7.802s] -- Added test 'lint_cmake' to check CMake code style
[7.804s] -- Added test 'pep257' to check Python code against some of the docstring style conventions in PEP 257
[7.813s] -- Added test 'uncrustify' to check C / C++ code style
[7.814s] -- Configured uncrustify additional arguments: 
[7.814s] -- Added test 'xmllint' to check XML markup files
[7.815s] -- Configuring done
[7.962s] -- Generating done
[7.975s] -- Build files have been written to: /home/yuritvr/PFC/wenis_ws/build/moveit2_kinematics
[8.053s] [35m[1mConsolidate compiler generated dependencies of target test_kinematics_plugin[0m
[8.222s] [ 50%] [32mBuilding CXX object CMakeFiles/test_kinematics_plugin.dir/src/test_kinematics_plugin.cpp.o[0m
[21.418s] [01m[K/home/yuritvr/PFC/wenis_ws/src/ros2_manipulator/moveit2_kinematics/src/test_kinematics_plugin.cpp:[m[K In function ‘[01m[Kint main(int, char**)[m[K’:
[21.418s] [01m[K/home/yuritvr/PFC/wenis_ws/src/ros2_manipulator/moveit2_kinematics/src/test_kinematics_plugin.cpp:51:8:[m[K [01;35m[Kwarning: [m[Kvariable ‘[01m[Ksuccess_arm[m[K’ set but not used [[01;35m[K]8;;https://gcc.gnu.org/onlinedocs/gcc/Warning-Options.html#index-Wunused-but-set-variable-Wunused-but-set-variable]8;;[m[K]
[21.418s]    51 |   bool [01;35m[Ksuccess_arm[m[K = (move_group_arm.plan(my_plan_arm) ==
[21.418s]       |        [01;35m[K^~~~~~~~~~~[m[K
[25.895s] [100%] [32m[1mLinking CXX executable test_kinematics_plugin[0m
[26.243s] [100%] Built target test_kinematics_plugin
[26.255s] Invoked command in '/home/yuritvr/PFC/wenis_ws/build/moveit2_kinematics' returned '0': CMAKE_PREFIX_PATH=${CMAKE_PREFIX_PATH}:/opt/ros/humble /usr/bin/cmake --build /home/yuritvr/PFC/wenis_ws/build/moveit2_kinematics -- -j8 -l8
[26.285s] Invoking command in '/home/yuritvr/PFC/wenis_ws/build/moveit2_kinematics': CMAKE_PREFIX_PATH=${CMAKE_PREFIX_PATH}:/opt/ros/humble /usr/bin/cmake --install /home/yuritvr/PFC/wenis_ws/build/moveit2_kinematics
[26.292s] -- Install configuration: ""
[26.293s] -- Installing: /home/yuritvr/PFC/wenis_ws/install/moveit2_kinematics/lib/moveit2_kinematics/test_kinematics_plugin
[26.294s] -- Set runtime path of "/home/yuritvr/PFC/wenis_ws/install/moveit2_kinematics/lib/moveit2_kinematics/test_kinematics_plugin" to ""
[26.294s] -- Up-to-date: /home/yuritvr/PFC/wenis_ws/install/moveit2_kinematics/share/moveit2_kinematics/launch
[26.294s] -- Installing: /home/yuritvr/PFC/wenis_ws/install/moveit2_kinematics/share/moveit2_kinematics/launch/test_kinematics_plugin.launch.py
[26.294s] -- Up-to-date: /home/yuritvr/PFC/wenis_ws/install/moveit2_kinematics/share/ament_index/resource_index/package_run_dependencies/moveit2_kinematics
[26.294s] -- Installing: /home/yuritvr/PFC/wenis_ws/install/moveit2_kinematics/share/ament_index/resource_index/parent_prefix_path/moveit2_kinematics
[26.294s] -- Up-to-date: /home/yuritvr/PFC/wenis_ws/install/moveit2_kinematics/share/moveit2_kinematics/environment/ament_prefix_path.sh
[26.295s] -- Installing: /home/yuritvr/PFC/wenis_ws/install/moveit2_kinematics/share/moveit2_kinematics/environment/ament_prefix_path.dsv
[26.295s] -- Up-to-date: /home/yuritvr/PFC/wenis_ws/install/moveit2_kinematics/share/moveit2_kinematics/environment/path.sh
[26.295s] -- Installing: /home/yuritvr/PFC/wenis_ws/install/moveit2_kinematics/share/moveit2_kinematics/environment/path.dsv
[26.295s] -- Up-to-date: /home/yuritvr/PFC/wenis_ws/install/moveit2_kinematics/share/moveit2_kinematics/local_setup.bash
[26.295s] -- Up-to-date: /home/yuritvr/PFC/wenis_ws/install/moveit2_kinematics/share/moveit2_kinematics/local_setup.sh
[26.295s] -- Up-to-date: /home/yuritvr/PFC/wenis_ws/install/moveit2_kinematics/share/moveit2_kinematics/local_setup.zsh
[26.295s] -- Installing: /home/yuritvr/PFC/wenis_ws/install/moveit2_kinematics/share/moveit2_kinematics/local_setup.dsv
[26.295s] -- Installing: /home/yuritvr/PFC/wenis_ws/install/moveit2_kinematics/share/moveit2_kinematics/package.dsv
[26.296s] -- Up-to-date: /home/yuritvr/PFC/wenis_ws/install/moveit2_kinematics/share/ament_index/resource_index/packages/moveit2_kinematics
[26.296s] -- Up-to-date: /home/yuritvr/PFC/wenis_ws/install/moveit2_kinematics/share/moveit2_kinematics/cmake/moveit2_kinematicsConfig.cmake
[26.296s] -- Up-to-date: /home/yuritvr/PFC/wenis_ws/install/moveit2_kinematics/share/moveit2_kinematics/cmake/moveit2_kinematicsConfig-version.cmake
[26.296s] -- Installing: /home/yuritvr/PFC/wenis_ws/install/moveit2_kinematics/share/moveit2_kinematics/package.xml
[26.298s] Invoked command in '/home/yuritvr/PFC/wenis_ws/build/moveit2_kinematics' returned '0': CMAKE_PREFIX_PATH=${CMAKE_PREFIX_PATH}:/opt/ros/humble /usr/bin/cmake --install /home/yuritvr/PFC/wenis_ws/build/moveit2_kinematics
