[0.016s] Invoking command in '/home/yuritvr/PFC/pfc_ws/build/robotiq_85_gripper': AMENT_PREFIX_PATH=/home/yuritvr/PFC/pfc_ws/install/robotiq_85_driver:/home/yuritvr/PFC/pfc_ws/install/robotiq_85_msgs:/home/yuritvr/PFC/pfc_ws/install/robotiq_85_description:${AMENT_PREFIX_PATH} CMAKE_PREFIX_PATH=/home/yuritvr/PFC/pfc_ws/install/robotiq_85_msgs:/home/yuritvr/PFC/pfc_ws/install/robotiq_85_description:/home/yuritvr/PFC/pfc_ws/install/xarm_description:/home/yuritvr/PFC/pfc_ws/install/testing_config:/home/yuritvr/PFC/pfc_ws/install/testing:/home/yuritvr/PFC/pfc_ws/install/pfcbot_moveit_config:/home/yuritvr/PFC/pfc_ws/install/pfcbot:/home/yuritvr/PFC/pfc_ws/install/moveit_config:/home/yuritvr/PFC/pfc_ws/install/moveit2_scripts:/home/yuritvr/PFC/pfc_ws/install/manipulator_ros1_to_ros2:/home/yuritvr/PFC/pfc_ws/install/arm_pkg_moveit_config:/home/yuritvr/PFC/pfc_ws/install/arm_pkg:/opt/ros/humble LD_LIBRARY_PATH=/home/yuritvr/PFC/pfc_ws/install/robotiq_85_msgs/lib:/usr/lib/x86_64-linux-gnu/gazebo-11/plugins:/opt/ros/humble/opt/rviz_ogre_vendor/lib:/opt/ros/humble/lib/x86_64-linux-gnu:/opt/ros/humble/lib:/usr/lib/x86_64-linux-gnu/gazebo-11/plugins PYTHONPATH=/home/yuritvr/PFC/pfc_ws/install/robotiq_85_driver/lib/python3.10/site-packages:/home/yuritvr/PFC/pfc_ws/install/robotiq_85_msgs/local/lib/python3.10/dist-packages:${PYTHONPATH} /usr/bin/cmake /home/yuritvr/PFC/pfc_ws/src/robotiq_85_gripper/robotiq_85_gripper -DCMAKE_INSTALL_PREFIX=/home/yuritvr/PFC/pfc_ws/install/robotiq_85_gripper
[0.172s] -- The C compiler identification is GNU 11.4.0
[0.389s] -- The CXX compiler identification is GNU 11.4.0
[0.416s] -- Detecting C compiler ABI info
[0.674s] -- Detecting C compiler ABI info - done
[0.721s] -- Check for working C compiler: /usr/bin/cc - skipped
[0.722s] -- Detecting C compile features
[0.725s] -- Detecting C compile features - done
[0.740s] -- Detecting CXX compiler ABI info
[1.045s] -- Detecting CXX compiler ABI info - done
[1.077s] -- Check for working CXX compiler: /usr/bin/c++ - skipped
[1.079s] -- Detecting CXX compile features
[1.081s] -- Detecting CXX compile features - done
[1.102s] -- Found ament_cmake: 1.3.9 (/opt/ros/humble/share/ament_cmake/cmake)
[1.703s] -- Found Python3: /usr/bin/python3 (found version "3.10.12") found components: Interpreter 
[2.311s] -- Configuring done
[2.321s] -- Generating done
[2.324s] -- Build files have been written to: /home/yuritvr/PFC/pfc_ws/build/robotiq_85_gripper
[2.337s] Invoked command in '/home/yuritvr/PFC/pfc_ws/build/robotiq_85_gripper' returned '0': AMENT_PREFIX_PATH=/home/yuritvr/PFC/pfc_ws/install/robotiq_85_driver:/home/yuritvr/PFC/pfc_ws/install/robotiq_85_msgs:/home/yuritvr/PFC/pfc_ws/install/robotiq_85_description:${AMENT_PREFIX_PATH} CMAKE_PREFIX_PATH=/home/yuritvr/PFC/pfc_ws/install/robotiq_85_msgs:/home/yuritvr/PFC/pfc_ws/install/robotiq_85_description:/home/yuritvr/PFC/pfc_ws/install/xarm_description:/home/yuritvr/PFC/pfc_ws/install/testing_config:/home/yuritvr/PFC/pfc_ws/install/testing:/home/yuritvr/PFC/pfc_ws/install/pfcbot_moveit_config:/home/yuritvr/PFC/pfc_ws/install/pfcbot:/home/yuritvr/PFC/pfc_ws/install/moveit_config:/home/yuritvr/PFC/pfc_ws/install/moveit2_scripts:/home/yuritvr/PFC/pfc_ws/install/manipulator_ros1_to_ros2:/home/yuritvr/PFC/pfc_ws/install/arm_pkg_moveit_config:/home/yuritvr/PFC/pfc_ws/install/arm_pkg:/opt/ros/humble LD_LIBRARY_PATH=/home/yuritvr/PFC/pfc_ws/install/robotiq_85_msgs/lib:/usr/lib/x86_64-linux-gnu/gazebo-11/plugins:/opt/ros/humble/opt/rviz_ogre_vendor/lib:/opt/ros/humble/lib/x86_64-linux-gnu:/opt/ros/humble/lib:/usr/lib/x86_64-linux-gnu/gazebo-11/plugins PYTHONPATH=/home/yuritvr/PFC/pfc_ws/install/robotiq_85_driver/lib/python3.10/site-packages:/home/yuritvr/PFC/pfc_ws/install/robotiq_85_msgs/local/lib/python3.10/dist-packages:${PYTHONPATH} /usr/bin/cmake /home/yuritvr/PFC/pfc_ws/src/robotiq_85_gripper/robotiq_85_gripper -DCMAKE_INSTALL_PREFIX=/home/yuritvr/PFC/pfc_ws/install/robotiq_85_gripper
[2.343s] Invoking command in '/home/yuritvr/PFC/pfc_ws/build/robotiq_85_gripper': AMENT_PREFIX_PATH=/home/yuritvr/PFC/pfc_ws/install/robotiq_85_driver:/home/yuritvr/PFC/pfc_ws/install/robotiq_85_msgs:/home/yuritvr/PFC/pfc_ws/install/robotiq_85_description:${AMENT_PREFIX_PATH} CMAKE_PREFIX_PATH=/home/yuritvr/PFC/pfc_ws/install/robotiq_85_msgs:/home/yuritvr/PFC/pfc_ws/install/robotiq_85_description:/home/yuritvr/PFC/pfc_ws/install/xarm_description:/home/yuritvr/PFC/pfc_ws/install/testing_config:/home/yuritvr/PFC/pfc_ws/install/testing:/home/yuritvr/PFC/pfc_ws/install/pfcbot_moveit_config:/home/yuritvr/PFC/pfc_ws/install/pfcbot:/home/yuritvr/PFC/pfc_ws/install/moveit_config:/home/yuritvr/PFC/pfc_ws/install/moveit2_scripts:/home/yuritvr/PFC/pfc_ws/install/manipulator_ros1_to_ros2:/home/yuritvr/PFC/pfc_ws/install/arm_pkg_moveit_config:/home/yuritvr/PFC/pfc_ws/install/arm_pkg:/opt/ros/humble LD_LIBRARY_PATH=/home/yuritvr/PFC/pfc_ws/install/robotiq_85_msgs/lib:/usr/lib/x86_64-linux-gnu/gazebo-11/plugins:/opt/ros/humble/opt/rviz_ogre_vendor/lib:/opt/ros/humble/lib/x86_64-linux-gnu:/opt/ros/humble/lib:/usr/lib/x86_64-linux-gnu/gazebo-11/plugins PYTHONPATH=/home/yuritvr/PFC/pfc_ws/install/robotiq_85_driver/lib/python3.10/site-packages:/home/yuritvr/PFC/pfc_ws/install/robotiq_85_msgs/local/lib/python3.10/dist-packages:${PYTHONPATH} /usr/bin/cmake --build /home/yuritvr/PFC/pfc_ws/build/robotiq_85_gripper -- -j8 -l8
[2.479s] Invoked command in '/home/yuritvr/PFC/pfc_ws/build/robotiq_85_gripper' returned '0': AMENT_PREFIX_PATH=/home/yuritvr/PFC/pfc_ws/install/robotiq_85_driver:/home/yuritvr/PFC/pfc_ws/install/robotiq_85_msgs:/home/yuritvr/PFC/pfc_ws/install/robotiq_85_description:${AMENT_PREFIX_PATH} CMAKE_PREFIX_PATH=/home/yuritvr/PFC/pfc_ws/install/robotiq_85_msgs:/home/yuritvr/PFC/pfc_ws/install/robotiq_85_description:/home/yuritvr/PFC/pfc_ws/install/xarm_description:/home/yuritvr/PFC/pfc_ws/install/testing_config:/home/yuritvr/PFC/pfc_ws/install/testing:/home/yuritvr/PFC/pfc_ws/install/pfcbot_moveit_config:/home/yuritvr/PFC/pfc_ws/install/pfcbot:/home/yuritvr/PFC/pfc_ws/install/moveit_config:/home/yuritvr/PFC/pfc_ws/install/moveit2_scripts:/home/yuritvr/PFC/pfc_ws/install/manipulator_ros1_to_ros2:/home/yuritvr/PFC/pfc_ws/install/arm_pkg_moveit_config:/home/yuritvr/PFC/pfc_ws/install/arm_pkg:/opt/ros/humble LD_LIBRARY_PATH=/home/yuritvr/PFC/pfc_ws/install/robotiq_85_msgs/lib:/usr/lib/x86_64-linux-gnu/gazebo-11/plugins:/opt/ros/humble/opt/rviz_ogre_vendor/lib:/opt/ros/humble/lib/x86_64-linux-gnu:/opt/ros/humble/lib:/usr/lib/x86_64-linux-gnu/gazebo-11/plugins PYTHONPATH=/home/yuritvr/PFC/pfc_ws/install/robotiq_85_driver/lib/python3.10/site-packages:/home/yuritvr/PFC/pfc_ws/install/robotiq_85_msgs/local/lib/python3.10/dist-packages:${PYTHONPATH} /usr/bin/cmake --build /home/yuritvr/PFC/pfc_ws/build/robotiq_85_gripper -- -j8 -l8
[2.567s] Invoking command in '/home/yuritvr/PFC/pfc_ws/build/robotiq_85_gripper': AMENT_PREFIX_PATH=/home/yuritvr/PFC/pfc_ws/install/robotiq_85_driver:/home/yuritvr/PFC/pfc_ws/install/robotiq_85_msgs:/home/yuritvr/PFC/pfc_ws/install/robotiq_85_description:${AMENT_PREFIX_PATH} CMAKE_PREFIX_PATH=/home/yuritvr/PFC/pfc_ws/install/robotiq_85_msgs:/home/yuritvr/PFC/pfc_ws/install/robotiq_85_description:/home/yuritvr/PFC/pfc_ws/install/xarm_description:/home/yuritvr/PFC/pfc_ws/install/testing_config:/home/yuritvr/PFC/pfc_ws/install/testing:/home/yuritvr/PFC/pfc_ws/install/pfcbot_moveit_config:/home/yuritvr/PFC/pfc_ws/install/pfcbot:/home/yuritvr/PFC/pfc_ws/install/moveit_config:/home/yuritvr/PFC/pfc_ws/install/moveit2_scripts:/home/yuritvr/PFC/pfc_ws/install/manipulator_ros1_to_ros2:/home/yuritvr/PFC/pfc_ws/install/arm_pkg_moveit_config:/home/yuritvr/PFC/pfc_ws/install/arm_pkg:/opt/ros/humble LD_LIBRARY_PATH=/home/yuritvr/PFC/pfc_ws/install/robotiq_85_msgs/lib:/usr/lib/x86_64-linux-gnu/gazebo-11/plugins:/opt/ros/humble/opt/rviz_ogre_vendor/lib:/opt/ros/humble/lib/x86_64-linux-gnu:/opt/ros/humble/lib:/usr/lib/x86_64-linux-gnu/gazebo-11/plugins PYTHONPATH=/home/yuritvr/PFC/pfc_ws/install/robotiq_85_driver/lib/python3.10/site-packages:/home/yuritvr/PFC/pfc_ws/install/robotiq_85_msgs/local/lib/python3.10/dist-packages:${PYTHONPATH} /usr/bin/cmake --install /home/yuritvr/PFC/pfc_ws/build/robotiq_85_gripper
[2.594s] -- Install configuration: ""
[2.595s] -- Installing: /home/yuritvr/PFC/pfc_ws/install/robotiq_85_gripper/share/ament_index/resource_index/package_run_dependencies/robotiq_85_gripper
[2.596s] -- Installing: /home/yuritvr/PFC/pfc_ws/install/robotiq_85_gripper/share/ament_index/resource_index/parent_prefix_path/robotiq_85_gripper
[2.597s] -- Installing: /home/yuritvr/PFC/pfc_ws/install/robotiq_85_gripper/share/robotiq_85_gripper/environment/ament_prefix_path.sh
[2.598s] -- Installing: /home/yuritvr/PFC/pfc_ws/install/robotiq_85_gripper/share/robotiq_85_gripper/environment/ament_prefix_path.dsv
[2.599s] -- Installing: /home/yuritvr/PFC/pfc_ws/install/robotiq_85_gripper/share/robotiq_85_gripper/environment/path.sh
[2.600s] -- Installing: /home/yuritvr/PFC/pfc_ws/install/robotiq_85_gripper/share/robotiq_85_gripper/environment/path.dsv
[2.600s] -- Installing: /home/yuritvr/PFC/pfc_ws/install/robotiq_85_gripper/share/robotiq_85_gripper/local_setup.bash
[2.601s] -- Installing: /home/yuritvr/PFC/pfc_ws/install/robotiq_85_gripper/share/robotiq_85_gripper/local_setup.sh
[2.602s] -- Installing: /home/yuritvr/PFC/pfc_ws/install/robotiq_85_gripper/share/robotiq_85_gripper/local_setup.zsh
[2.603s] -- Installing: /home/yuritvr/PFC/pfc_ws/install/robotiq_85_gripper/share/robotiq_85_gripper/local_setup.dsv
[2.604s] -- Installing: /home/yuritvr/PFC/pfc_ws/install/robotiq_85_gripper/share/robotiq_85_gripper/package.dsv
[2.604s] -- Installing: /home/yuritvr/PFC/pfc_ws/install/robotiq_85_gripper/share/ament_index/resource_index/packages/robotiq_85_gripper
[2.605s] -- Installing: /home/yuritvr/PFC/pfc_ws/install/robotiq_85_gripper/share/robotiq_85_gripper/cmake/robotiq_85_gripperConfig.cmake
[2.605s] -- Installing: /home/yuritvr/PFC/pfc_ws/install/robotiq_85_gripper/share/robotiq_85_gripper/cmake/robotiq_85_gripperConfig-version.cmake
[2.606s] -- Installing: /home/yuritvr/PFC/pfc_ws/install/robotiq_85_gripper/share/robotiq_85_gripper/package.xml
[2.614s] Invoked command in '/home/yuritvr/PFC/pfc_ws/build/robotiq_85_gripper' returned '0': AMENT_PREFIX_PATH=/home/yuritvr/PFC/pfc_ws/install/robotiq_85_driver:/home/yuritvr/PFC/pfc_ws/install/robotiq_85_msgs:/home/yuritvr/PFC/pfc_ws/install/robotiq_85_description:${AMENT_PREFIX_PATH} CMAKE_PREFIX_PATH=/home/yuritvr/PFC/pfc_ws/install/robotiq_85_msgs:/home/yuritvr/PFC/pfc_ws/install/robotiq_85_description:/home/yuritvr/PFC/pfc_ws/install/xarm_description:/home/yuritvr/PFC/pfc_ws/install/testing_config:/home/yuritvr/PFC/pfc_ws/install/testing:/home/yuritvr/PFC/pfc_ws/install/pfcbot_moveit_config:/home/yuritvr/PFC/pfc_ws/install/pfcbot:/home/yuritvr/PFC/pfc_ws/install/moveit_config:/home/yuritvr/PFC/pfc_ws/install/moveit2_scripts:/home/yuritvr/PFC/pfc_ws/install/manipulator_ros1_to_ros2:/home/yuritvr/PFC/pfc_ws/install/arm_pkg_moveit_config:/home/yuritvr/PFC/pfc_ws/install/arm_pkg:/opt/ros/humble LD_LIBRARY_PATH=/home/yuritvr/PFC/pfc_ws/install/robotiq_85_msgs/lib:/usr/lib/x86_64-linux-gnu/gazebo-11/plugins:/opt/ros/humble/opt/rviz_ogre_vendor/lib:/opt/ros/humble/lib/x86_64-linux-gnu:/opt/ros/humble/lib:/usr/lib/x86_64-linux-gnu/gazebo-11/plugins PYTHONPATH=/home/yuritvr/PFC/pfc_ws/install/robotiq_85_driver/lib/python3.10/site-packages:/home/yuritvr/PFC/pfc_ws/install/robotiq_85_msgs/local/lib/python3.10/dist-packages:${PYTHONPATH} /usr/bin/cmake --install /home/yuritvr/PFC/pfc_ws/build/robotiq_85_gripper
