-- Found ament_cmake: 1.3.9 (/opt/ros/humble/share/ament_cmake/cmake)
-- Found urdf: 2.6.0 (/opt/ros/humble/share/urdf/cmake)
-- Found xacro: 2.0.8 (/opt/ros/humble/share/xacro/cmake)
-- Found ros2_control: 2.41.0 (/opt/ros/humble/share/ros2_control/cmake)
[31mCMake Error at CMakeLists.txt:14 (find_package):
  By not providing "Findgazebo_ros2_control.cmake" in CMAKE_MODULE_PATH this
  project has asked CMake to find a package configuration file provided by
  "gazebo_ros2_control", but CMake did not find one.

  Could not find a package configuration file provided by
  "gazebo_ros2_control" with any of the following names:

    gazebo_ros2_controlConfig.cmake
    gazebo_ros2_control-config.cmake

  Add the installation prefix of "gazebo_ros2_control" to CMAKE_PREFIX_PATH
  or set "gazebo_ros2_control_DIR" to a directory containing one of the above
  files.  If "gazebo_ros2_control" provides a separate development package or
  SDK, be sure it has been installed.

[0m
-- Configuring incomplete, errors occurred!
See also "/home/yuritvr/PFC/wenis_ws/build/arm_pkg/CMakeFiles/CMakeOutput.log".
gmake: *** [Makefile:226: cmake_check_build_system] Error 1
