[0.033s] Invoking command in '/home/yuritvr/PFC/wenis_ws/build/arm_pkg': CMAKE_PREFIX_PATH=${CMAKE_PREFIX_PATH}:/opt/ros/humble /usr/bin/cmake --build /home/yuritvr/PFC/wenis_ws/build/arm_pkg -- -j24 -l24
[0.048s] -- Found ament_cmake: 1.3.9 (/opt/ros/humble/share/ament_cmake/cmake)
[0.123s] -- Found urdf: 2.6.0 (/opt/ros/humble/share/urdf/cmake)
[0.144s] -- Found xacro: 2.0.8 (/opt/ros/humble/share/xacro/cmake)
[0.144s] -- Found ros2_control: 2.41.0 (/opt/ros/humble/share/ros2_control/cmake)
[0.149s] [31mCMake Error at CMakeLists.txt:14 (find_package):
[0.149s]   By not providing "Findgazebo_ros2_control.cmake" in CMAKE_MODULE_PATH this
[0.149s]   project has asked CMake to find a package configuration file provided by
[0.149s]   "gazebo_ros2_control", but CMake did not find one.
[0.149s] 
[0.149s]   Could not find a package configuration file provided by
[0.149s]   "gazebo_ros2_control" with any of the following names:
[0.149s] 
[0.149s]     gazebo_ros2_controlConfig.cmake
[0.149s]     gazebo_ros2_control-config.cmake
[0.149s] 
[0.149s]   Add the installation prefix of "gazebo_ros2_control" to CMAKE_PREFIX_PATH
[0.149s]   or set "gazebo_ros2_control_DIR" to a directory containing one of the above
[0.149s]   files.  If "gazebo_ros2_control" provides a separate development package or
[0.149s]   SDK, be sure it has been installed.
[0.149s] 
[0.149s] [0m
[0.149s] -- Configuring incomplete, errors occurred!
[0.149s] See also "/home/yuritvr/PFC/wenis_ws/build/arm_pkg/CMakeFiles/CMakeOutput.log".
[0.151s] gmake: *** [Makefile:226: cmake_check_build_system] Error 1
[0.152s] Invoked command in '/home/yuritvr/PFC/wenis_ws/build/arm_pkg' returned '2': CMAKE_PREFIX_PATH=${CMAKE_PREFIX_PATH}:/opt/ros/humble /usr/bin/cmake --build /home/yuritvr/PFC/wenis_ws/build/arm_pkg -- -j24 -l24
