[1.437s] Invoking command in '/home/yuritvr/PFC/wenis_ws/src/ros2_manipulator/robotic_arm_environment/moving_platform': PYTHONPATH=/home/yuritvr/PFC/wenis_ws/build/moving_platform/prefix_override:/home/yuritvr/PFC/wenis_ws/install/moving_platform/lib/python3.10/site-packages:${PYTHONPATH} /usr/bin/python3 -W ignore:setup.py install is deprecated setup.py egg_info --egg-base ../../../../build/moving_platform build --build-base /home/yuritvr/PFC/wenis_ws/build/moving_platform/build install --record /home/yuritvr/PFC/wenis_ws/build/moving_platform/install.log --single-version-externally-managed install_data
[1.822s] running egg_info
[1.823s] creating ../../../../build/moving_platform/moving_platform.egg-info
[1.824s] writing ../../../../build/moving_platform/moving_platform.egg-info/PKG-INFO
[1.824s] writing dependency_links to ../../../../build/moving_platform/moving_platform.egg-info/dependency_links.txt
[1.824s] writing entry points to ../../../../build/moving_platform/moving_platform.egg-info/entry_points.txt
[1.824s] writing requirements to ../../../../build/moving_platform/moving_platform.egg-info/requires.txt
[1.825s] writing top-level names to ../../../../build/moving_platform/moving_platform.egg-info/top_level.txt
[1.825s] writing manifest file '../../../../build/moving_platform/moving_platform.egg-info/SOURCES.txt'
[1.828s] reading manifest file '../../../../build/moving_platform/moving_platform.egg-info/SOURCES.txt'
[1.829s] writing manifest file '../../../../build/moving_platform/moving_platform.egg-info/SOURCES.txt'
[1.829s] running build
[1.829s] running build_py
[1.830s] creating /home/yuritvr/PFC/wenis_ws/build/moving_platform/build
[1.830s] creating /home/yuritvr/PFC/wenis_ws/build/moving_platform/build/lib
[1.830s] creating /home/yuritvr/PFC/wenis_ws/build/moving_platform/build/lib/moving_platform
[1.830s] copying moving_platform/__init__.py -> /home/yuritvr/PFC/wenis_ws/build/moving_platform/build/lib/moving_platform
[1.830s] running install
[1.831s] running install_lib
[1.832s] creating /home/yuritvr/PFC/wenis_ws/install/moving_platform/lib/python3.10/site-packages/moving_platform
[1.832s] copying /home/yuritvr/PFC/wenis_ws/build/moving_platform/build/lib/moving_platform/__init__.py -> /home/yuritvr/PFC/wenis_ws/install/moving_platform/lib/python3.10/site-packages/moving_platform
[1.833s] byte-compiling /home/yuritvr/PFC/wenis_ws/install/moving_platform/lib/python3.10/site-packages/moving_platform/__init__.py to __init__.cpython-310.pyc
[1.833s] running install_data
[1.833s] creating /home/yuritvr/PFC/wenis_ws/install/moving_platform/share/ament_index
[1.834s] creating /home/yuritvr/PFC/wenis_ws/install/moving_platform/share/ament_index/resource_index
[1.834s] creating /home/yuritvr/PFC/wenis_ws/install/moving_platform/share/ament_index/resource_index/packages
[1.834s] copying resource/moving_platform -> /home/yuritvr/PFC/wenis_ws/install/moving_platform/share/ament_index/resource_index/packages
[1.834s] copying package.xml -> /home/yuritvr/PFC/wenis_ws/install/moving_platform/share/moving_platform
[1.834s] running install_egg_info
[1.838s] Copying ../../../../build/moving_platform/moving_platform.egg-info to /home/yuritvr/PFC/wenis_ws/install/moving_platform/lib/python3.10/site-packages/moving_platform-0.0.0-py3.10.egg-info
[1.839s] running install_scripts
[1.868s] writing list of installed files to '/home/yuritvr/PFC/wenis_ws/build/moving_platform/install.log'
[1.900s] Invoked command in '/home/yuritvr/PFC/wenis_ws/src/ros2_manipulator/robotic_arm_environment/moving_platform' returned '0': PYTHONPATH=/home/yuritvr/PFC/wenis_ws/build/moving_platform/prefix_override:/home/yuritvr/PFC/wenis_ws/install/moving_platform/lib/python3.10/site-packages:${PYTHONPATH} /usr/bin/python3 -W ignore:setup.py install is deprecated setup.py egg_info --egg-base ../../../../build/moving_platform build --build-base /home/yuritvr/PFC/wenis_ws/build/moving_platform/build install --record /home/yuritvr/PFC/wenis_ws/build/moving_platform/install.log --single-version-externally-managed install_data
