[0.086s] Invoking command in '/home/yuritvr/PFC/wenis_ws/build/moveit_config': AMENT_PREFIX_PATH=/home/yuritvr/PFC/wenis_ws/install/arm_pkg:${AMENT_PREFIX_PATH} CMAKE_PREFIX_PATH=/home/yuritvr/PFC/wenis_ws/install/arm_pkg:/home/yuritvr/PFC/pfc_ws/install/robotiq_85_gripper:/home/yuritvr/PFC/pfc_ws/install/robotiq_85_msgs:/home/yuritvr/PFC/pfc_ws/install/robotiq_85_description:/home/yuritvr/PFC/pfc_ws/install/xarm_description:/home/yuritvr/PFC/pfc_ws/install/testing_config:/home/yuritvr/PFC/pfc_ws/install/testing:/home/yuritvr/PFC/pfc_ws/install/pfcbot_moveit_config:/home/yuritvr/PFC/pfc_ws/install/pfcbot:/home/yuritvr/PFC/pfc_ws/install/moveit_config:/home/yuritvr/PFC/pfc_ws/install/moveit2_scripts:/home/yuritvr/PFC/pfc_ws/install/manipulator_ros1_to_ros2:/home/yuritvr/PFC/pfc_ws/install/arm_pkg_moveit_config:/home/yuritvr/PFC/pfc_ws/install/arm_pkg:/home/yuritvr/PFC/pfc_ws/install/robotiq_85_driver:/opt/ros/humble /usr/bin/cmake --build /home/yuritvr/PFC/wenis_ws/build/moveit_config -- -j8 -l8
[0.541s] -- Found ament_cmake: 1.3.9 (/opt/ros/humble/share/ament_cmake/cmake)
[0.823s] -- Configuring done
[0.830s] -- Generating done
[0.831s] -- Build files have been written to: /home/yuritvr/PFC/wenis_ws/build/moveit_config
[0.930s] Invoked command in '/home/yuritvr/PFC/wenis_ws/build/moveit_config' returned '0': AMENT_PREFIX_PATH=/home/yuritvr/PFC/wenis_ws/install/arm_pkg:${AMENT_PREFIX_PATH} CMAKE_PREFIX_PATH=/home/yuritvr/PFC/wenis_ws/install/arm_pkg:/home/yuritvr/PFC/pfc_ws/install/robotiq_85_gripper:/home/yuritvr/PFC/pfc_ws/install/robotiq_85_msgs:/home/yuritvr/PFC/pfc_ws/install/robotiq_85_description:/home/yuritvr/PFC/pfc_ws/install/xarm_description:/home/yuritvr/PFC/pfc_ws/install/testing_config:/home/yuritvr/PFC/pfc_ws/install/testing:/home/yuritvr/PFC/pfc_ws/install/pfcbot_moveit_config:/home/yuritvr/PFC/pfc_ws/install/pfcbot:/home/yuritvr/PFC/pfc_ws/install/moveit_config:/home/yuritvr/PFC/pfc_ws/install/moveit2_scripts:/home/yuritvr/PFC/pfc_ws/install/manipulator_ros1_to_ros2:/home/yuritvr/PFC/pfc_ws/install/arm_pkg_moveit_config:/home/yuritvr/PFC/pfc_ws/install/arm_pkg:/home/yuritvr/PFC/pfc_ws/install/robotiq_85_driver:/opt/ros/humble /usr/bin/cmake --build /home/yuritvr/PFC/wenis_ws/build/moveit_config -- -j8 -l8
[2.110s] Invoking command in '/home/yuritvr/PFC/wenis_ws/build/moveit_config': AMENT_PREFIX_PATH=/home/yuritvr/PFC/wenis_ws/install/arm_pkg:${AMENT_PREFIX_PATH} CMAKE_PREFIX_PATH=/home/yuritvr/PFC/wenis_ws/install/arm_pkg:/home/yuritvr/PFC/pfc_ws/install/robotiq_85_gripper:/home/yuritvr/PFC/pfc_ws/install/robotiq_85_msgs:/home/yuritvr/PFC/pfc_ws/install/robotiq_85_description:/home/yuritvr/PFC/pfc_ws/install/xarm_description:/home/yuritvr/PFC/pfc_ws/install/testing_config:/home/yuritvr/PFC/pfc_ws/install/testing:/home/yuritvr/PFC/pfc_ws/install/pfcbot_moveit_config:/home/yuritvr/PFC/pfc_ws/install/pfcbot:/home/yuritvr/PFC/pfc_ws/install/moveit_config:/home/yuritvr/PFC/pfc_ws/install/moveit2_scripts:/home/yuritvr/PFC/pfc_ws/install/manipulator_ros1_to_ros2:/home/yuritvr/PFC/pfc_ws/install/arm_pkg_moveit_config:/home/yuritvr/PFC/pfc_ws/install/arm_pkg:/home/yuritvr/PFC/pfc_ws/install/robotiq_85_driver:/opt/ros/humble /usr/bin/cmake --install /home/yuritvr/PFC/wenis_ws/build/moveit_config
[2.169s] -- Install configuration: ""
[2.169s] -- Up-to-date: /home/yuritvr/PFC/wenis_ws/install/moveit_config/share/ament_index/resource_index/package_run_dependencies/moveit_config
[2.170s] -- Installing: /home/yuritvr/PFC/wenis_ws/install/moveit_config/share/ament_index/resource_index/parent_prefix_path/moveit_config
[2.170s] -- Up-to-date: /home/yuritvr/PFC/wenis_ws/install/moveit_config/share/moveit_config/environment/ament_prefix_path.sh
[2.170s] -- Installing: /home/yuritvr/PFC/wenis_ws/install/moveit_config/share/moveit_config/environment/ament_prefix_path.dsv
[2.170s] -- Up-to-date: /home/yuritvr/PFC/wenis_ws/install/moveit_config/share/moveit_config/environment/path.sh
[2.170s] -- Installing: /home/yuritvr/PFC/wenis_ws/install/moveit_config/share/moveit_config/environment/path.dsv
[2.170s] -- Up-to-date: /home/yuritvr/PFC/wenis_ws/install/moveit_config/share/moveit_config/local_setup.bash
[2.170s] -- Up-to-date: /home/yuritvr/PFC/wenis_ws/install/moveit_config/share/moveit_config/local_setup.sh
[2.170s] -- Up-to-date: /home/yuritvr/PFC/wenis_ws/install/moveit_config/share/moveit_config/local_setup.zsh
[2.170s] -- Installing: /home/yuritvr/PFC/wenis_ws/install/moveit_config/share/moveit_config/local_setup.dsv
[2.170s] -- Installing: /home/yuritvr/PFC/wenis_ws/install/moveit_config/share/moveit_config/package.dsv
[2.170s] -- Up-to-date: /home/yuritvr/PFC/wenis_ws/install/moveit_config/share/ament_index/resource_index/packages/moveit_config
[2.170s] -- Up-to-date: /home/yuritvr/PFC/wenis_ws/install/moveit_config/share/moveit_config/cmake/moveit_configConfig.cmake
[2.171s] -- Up-to-date: /home/yuritvr/PFC/wenis_ws/install/moveit_config/share/moveit_config/cmake/moveit_configConfig-version.cmake
[2.171s] -- Installing: /home/yuritvr/PFC/wenis_ws/install/moveit_config/share/moveit_config/package.xml
[2.171s] -- Up-to-date: /home/yuritvr/PFC/wenis_ws/install/moveit_config/share/moveit_config/launch
[2.171s] -- Installing: /home/yuritvr/PFC/wenis_ws/install/moveit_config/share/moveit_config/launch/static_virtual_joint_tfs.launch.py
[2.171s] -- Installing: /home/yuritvr/PFC/wenis_ws/install/moveit_config/share/moveit_config/launch/moveit_rviz.launch.py
[2.171s] -- Installing: /home/yuritvr/PFC/wenis_ws/install/moveit_config/share/moveit_config/launch/spawn_controllers.launch.py
[2.171s] -- Installing: /home/yuritvr/PFC/wenis_ws/install/moveit_config/share/moveit_config/launch/rsp.launch.py
[2.171s] -- Installing: /home/yuritvr/PFC/wenis_ws/install/moveit_config/share/moveit_config/launch/move_group.launch.py
[2.171s] -- Installing: /home/yuritvr/PFC/wenis_ws/install/moveit_config/share/moveit_config/launch/warehouse_db.launch.py
[2.172s] -- Installing: /home/yuritvr/PFC/wenis_ws/install/moveit_config/share/moveit_config/launch/demo.launch.py
[2.172s] -- Installing: /home/yuritvr/PFC/wenis_ws/install/moveit_config/share/moveit_config/launch/setup_assistant.launch.py
[2.172s] -- Up-to-date: /home/yuritvr/PFC/wenis_ws/install/moveit_config/share/moveit_config/config
[2.172s] -- Installing: /home/yuritvr/PFC/wenis_ws/install/moveit_config/share/moveit_config/config/joint_limits.yaml
[2.172s] -- Installing: /home/yuritvr/PFC/wenis_ws/install/moveit_config/share/moveit_config/config/moveit.rviz
[2.172s] -- Installing: /home/yuritvr/PFC/wenis_ws/install/moveit_config/share/moveit_config/config/robot_description.urdf.xacro
[2.172s] -- Installing: /home/yuritvr/PFC/wenis_ws/install/moveit_config/share/moveit_config/config/robot_description.srdf
[2.172s] -- Installing: /home/yuritvr/PFC/wenis_ws/install/moveit_config/share/moveit_config/config/robot_description.ros2_control.xacro
[2.172s] -- Installing: /home/yuritvr/PFC/wenis_ws/install/moveit_config/share/moveit_config/config/sensors_3d.yaml
[2.172s] -- Installing: /home/yuritvr/PFC/wenis_ws/install/moveit_config/share/moveit_config/config/kinematics.yaml
[2.172s] -- Installing: /home/yuritvr/PFC/wenis_ws/install/moveit_config/share/moveit_config/config/moveit_controllers.yaml
[2.172s] -- Installing: /home/yuritvr/PFC/wenis_ws/install/moveit_config/share/moveit_config/config/pilz_cartesian_limits.yaml
[2.173s] -- Installing: /home/yuritvr/PFC/wenis_ws/install/moveit_config/share/moveit_config/config/initial_positions.yaml
[2.173s] -- Installing: /home/yuritvr/PFC/wenis_ws/install/moveit_config/share/moveit_config/.setup_assistant
[2.188s] Invoked command in '/home/yuritvr/PFC/wenis_ws/build/moveit_config' returned '0': AMENT_PREFIX_PATH=/home/yuritvr/PFC/wenis_ws/install/arm_pkg:${AMENT_PREFIX_PATH} CMAKE_PREFIX_PATH=/home/yuritvr/PFC/wenis_ws/install/arm_pkg:/home/yuritvr/PFC/pfc_ws/install/robotiq_85_gripper:/home/yuritvr/PFC/pfc_ws/install/robotiq_85_msgs:/home/yuritvr/PFC/pfc_ws/install/robotiq_85_description:/home/yuritvr/PFC/pfc_ws/install/xarm_description:/home/yuritvr/PFC/pfc_ws/install/testing_config:/home/yuritvr/PFC/pfc_ws/install/testing:/home/yuritvr/PFC/pfc_ws/install/pfcbot_moveit_config:/home/yuritvr/PFC/pfc_ws/install/pfcbot:/home/yuritvr/PFC/pfc_ws/install/moveit_config:/home/yuritvr/PFC/pfc_ws/install/moveit2_scripts:/home/yuritvr/PFC/pfc_ws/install/manipulator_ros1_to_ros2:/home/yuritvr/PFC/pfc_ws/install/arm_pkg_moveit_config:/home/yuritvr/PFC/pfc_ws/install/arm_pkg:/home/yuritvr/PFC/pfc_ws/install/robotiq_85_driver:/opt/ros/humble /usr/bin/cmake --install /home/yuritvr/PFC/wenis_ws/build/moveit_config
