-- Install configuration: ""
-- Up-to-date: /home/yuritvr/PFC/new_arm_ws/install/irb1200_ros2_moveit2/share/irb1200_ros2_moveit2/config
-- Up-to-date: /home/yuritvr/PFC/new_arm_ws/install/irb1200_ros2_moveit2/share/irb1200_ros2_moveit2/config/irb1200.srdf
-- Up-to-date: /home/yuritvr/PFC/new_arm_ws/install/irb1200_ros2_moveit2/share/irb1200_ros2_moveit2/config/kinematics.yaml
-- Up-to-date: /home/yuritvr/PFC/new_arm_ws/install/irb1200_ros2_moveit2/share/irb1200_ros2_moveit2/config/irb1200_controllers.yaml
-- Up-to-date: /home/yuritvr/PFC/new_arm_ws/install/irb1200_ros2_moveit2/share/irb1200_ros2_moveit2/config/ompl_planning.yaml
-- Up-to-date: /home/yuritvr/PFC/new_arm_ws/install/irb1200_ros2_moveit2/share/irb1200_ros2_moveit2/config/irb1200_moveit2.rviz
-- Up-to-date: /home/yuritvr/PFC/new_arm_ws/install/irb1200_ros2_moveit2/share/irb1200_ros2_moveit2/launch
-- Up-to-date: /home/yuritvr/PFC/new_arm_ws/install/irb1200_ros2_moveit2/share/irb1200_ros2_moveit2/launch/irb1200_interface.launch.py
-- Up-to-date: /home/yuritvr/PFC/new_arm_ws/install/irb1200_ros2_moveit2/share/irb1200_ros2_moveit2/launch/irb1200.launch.py
-- Up-to-date: /home/yuritvr/PFC/new_arm_ws/install/irb1200_ros2_moveit2/share/ament_index/resource_index/package_run_dependencies/irb1200_ros2_moveit2
-- Up-to-date: /home/yuritvr/PFC/new_arm_ws/install/irb1200_ros2_moveit2/share/ament_index/resource_index/parent_prefix_path/irb1200_ros2_moveit2
-- Up-to-date: /home/yuritvr/PFC/new_arm_ws/install/irb1200_ros2_moveit2/share/irb1200_ros2_moveit2/environment/ament_prefix_path.sh
-- Up-to-date: /home/yuritvr/PFC/new_arm_ws/install/irb1200_ros2_moveit2/share/irb1200_ros2_moveit2/environment/ament_prefix_path.dsv
-- Up-to-date: /home/yuritvr/PFC/new_arm_ws/install/irb1200_ros2_moveit2/share/irb1200_ros2_moveit2/environment/path.sh
-- Up-to-date: /home/yuritvr/PFC/new_arm_ws/install/irb1200_ros2_moveit2/share/irb1200_ros2_moveit2/environment/path.dsv
-- Up-to-date: /home/yuritvr/PFC/new_arm_ws/install/irb1200_ros2_moveit2/share/irb1200_ros2_moveit2/local_setup.bash
-- Up-to-date: /home/yuritvr/PFC/new_arm_ws/install/irb1200_ros2_moveit2/share/irb1200_ros2_moveit2/local_setup.sh
-- Up-to-date: /home/yuritvr/PFC/new_arm_ws/install/irb1200_ros2_moveit2/share/irb1200_ros2_moveit2/local_setup.zsh
-- Up-to-date: /home/yuritvr/PFC/new_arm_ws/install/irb1200_ros2_moveit2/share/irb1200_ros2_moveit2/local_setup.dsv
-- Up-to-date: /home/yuritvr/PFC/new_arm_ws/install/irb1200_ros2_moveit2/share/irb1200_ros2_moveit2/package.dsv
-- Up-to-date: /home/yuritvr/PFC/new_arm_ws/install/irb1200_ros2_moveit2/share/ament_index/resource_index/packages/irb1200_ros2_moveit2
-- Up-to-date: /home/yuritvr/PFC/new_arm_ws/install/irb1200_ros2_moveit2/share/irb1200_ros2_moveit2/cmake/irb1200_ros2_moveit2Config.cmake
-- Up-to-date: /home/yuritvr/PFC/new_arm_ws/install/irb1200_ros2_moveit2/share/irb1200_ros2_moveit2/cmake/irb1200_ros2_moveit2Config-version.cmake
-- Up-to-date: /home/yuritvr/PFC/new_arm_ws/install/irb1200_ros2_moveit2/share/irb1200_ros2_moveit2/package.xml
