[0.045s] Invoking command in '/home/yuritvr/PFC/pfc_ws/build/manipulator_ros1_to_ros2': CMAKE_PREFIX_PATH=${CMAKE_PREFIX_PATH}:/opt/ros/humble /usr/bin/cmake --build /home/yuritvr/PFC/pfc_ws/build/manipulator_ros1_to_ros2 -- -j8 -l8
[0.148s] Invoked command in '/home/yuritvr/PFC/pfc_ws/build/manipulator_ros1_to_ros2' returned '0': CMAKE_PREFIX_PATH=${CMAKE_PREFIX_PATH}:/opt/ros/humble /usr/bin/cmake --build /home/yuritvr/PFC/pfc_ws/build/manipulator_ros1_to_ros2 -- -j8 -l8
[0.213s] Invoking command in '/home/yuritvr/PFC/pfc_ws/build/manipulator_ros1_to_ros2': CMAKE_PREFIX_PATH=${CMAKE_PREFIX_PATH}:/opt/ros/humble /usr/bin/cmake --install /home/yuritvr/PFC/pfc_ws/build/manipulator_ros1_to_ros2
[0.276s] -- Install configuration: ""
[0.276s] -- Up-to-date: /home/yuritvr/PFC/pfc_ws/install/manipulator_ros1_to_ros2/share/manipulator_ros1_to_ros2//urdf
[0.277s] -- Up-to-date: /home/yuritvr/PFC/pfc_ws/install/manipulator_ros1_to_ros2/share/manipulator_ros1_to_ros2//urdf/mobile_manipulator.urdf
[0.277s] -- Up-to-date: /home/yuritvr/PFC/pfc_ws/install/manipulator_ros1_to_ros2/share/manipulator_ros1_to_ros2//urdf/pfcbot.xacro
[0.277s] -- Up-to-date: /home/yuritvr/PFC/pfc_ws/install/manipulator_ros1_to_ros2/share/manipulator_ros1_to_ros2//urdf/robot_base_test.urdf
[0.277s] -- Up-to-date: /home/yuritvr/PFC/pfc_ws/install/manipulator_ros1_to_ros2/share/manipulator_ros1_to_ros2//urdf/robot_arm_test.urdf
[0.278s] -- Up-to-date: /home/yuritvr/PFC/pfc_ws/install/manipulator_ros1_to_ros2/share/manipulator_ros1_to_ros2//launch
[0.278s] -- Up-to-date: /home/yuritvr/PFC/pfc_ws/install/manipulator_ros1_to_ros2/share/manipulator_ros1_to_ros2//launch/start_controller.launch.py
[0.278s] -- Up-to-date: /home/yuritvr/PFC/pfc_ws/install/manipulator_ros1_to_ros2/share/manipulator_ros1_to_ros2//launch/mobile_manipulator_gazebo.launch.py
[0.278s] -- Up-to-date: /home/yuritvr/PFC/pfc_ws/install/manipulator_ros1_to_ros2/share/manipulator_ros1_to_ros2//launch/mobile_manipulator.launch.py
[0.279s] -- Up-to-date: /home/yuritvr/PFC/pfc_ws/install/manipulator_ros1_to_ros2/share/manipulator_ros1_to_ros2//launch/start_moveit.launch.py
[0.279s] -- Up-to-date: /home/yuritvr/PFC/pfc_ws/install/manipulator_ros1_to_ros2/share/manipulator_ros1_to_ros2//launch/mobile_manipulator_gazebo.launch
[0.280s] -- Up-to-date: /home/yuritvr/PFC/pfc_ws/install/manipulator_ros1_to_ros2/share/manipulator_ros1_to_ros2//launch/start_world.launch.py
[0.280s] -- Up-to-date: /home/yuritvr/PFC/pfc_ws/install/manipulator_ros1_to_ros2/share/manipulator_ros1_to_ros2//launch/outros
[0.280s] -- Up-to-date: /home/yuritvr/PFC/pfc_ws/install/manipulator_ros1_to_ros2/share/manipulator_ros1_to_ros2//launch/outros/arm_gazebo_control.launch
[0.281s] -- Up-to-date: /home/yuritvr/PFC/pfc_ws/install/manipulator_ros1_to_ros2/share/manipulator_ros1_to_ros2//launch/outros/robot_gazebo_view.launch
[0.281s] -- Up-to-date: /home/yuritvr/PFC/pfc_ws/install/manipulator_ros1_to_ros2/share/manipulator_ros1_to_ros2//launch/outros/base_gazebo_control.launch
[0.281s] -- Up-to-date: /home/yuritvr/PFC/pfc_ws/install/manipulator_ros1_to_ros2/share/manipulator_ros1_to_ros2//launch/mobile_manipulator_navigation.launch
[0.282s] -- Up-to-date: /home/yuritvr/PFC/pfc_ws/install/manipulator_ros1_to_ros2/share/manipulator_ros1_to_ros2//launch/spawn_manipulator.launch.py
[0.282s] -- Up-to-date: /home/yuritvr/PFC/pfc_ws/install/manipulator_ros1_to_ros2/share/manipulator_ros1_to_ros2//launch/__pycache__
[0.282s] -- Up-to-date: /home/yuritvr/PFC/pfc_ws/install/manipulator_ros1_to_ros2/share/manipulator_ros1_to_ros2//launch/__pycache__/pfcbot.launch.cpython-310.pyc
[0.284s] -- Up-to-date: /home/yuritvr/PFC/pfc_ws/install/manipulator_ros1_to_ros2/share/manipulator_ros1_to_ros2//meshes
[0.284s] -- Up-to-date: /home/yuritvr/PFC/pfc_ws/install/manipulator_ros1_to_ros2/share/manipulator_ros1_to_ros2//meshes/wrist.stl
[0.285s] -- Up-to-date: /home/yuritvr/PFC/pfc_ws/install/manipulator_ros1_to_ros2/share/manipulator_ros1_to_ros2//meshes/bicep.stl
[0.285s] -- Up-to-date: /home/yuritvr/PFC/pfc_ws/install/manipulator_ros1_to_ros2/share/manipulator_ros1_to_ros2//meshes/elbow.stl
[0.286s] -- Up-to-date: /home/yuritvr/PFC/pfc_ws/install/manipulator_ros1_to_ros2/share/manipulator_ros1_to_ros2//meshes/arm_base.stl
[0.286s] -- Up-to-date: /home/yuritvr/PFC/pfc_ws/install/manipulator_ros1_to_ros2/share/manipulator_ros1_to_ros2//meshes/wheel.stl
[0.286s] -- Up-to-date: /home/yuritvr/PFC/pfc_ws/install/manipulator_ros1_to_ros2/share/manipulator_ros1_to_ros2//meshes/robot_base.stl
[0.287s] -- Up-to-date: /home/yuritvr/PFC/pfc_ws/install/manipulator_ros1_to_ros2/share/ament_index/resource_index/package_run_dependencies/manipulator_ros1_to_ros2
[0.287s] -- Up-to-date: /home/yuritvr/PFC/pfc_ws/install/manipulator_ros1_to_ros2/share/ament_index/resource_index/parent_prefix_path/manipulator_ros1_to_ros2
[0.287s] -- Up-to-date: /home/yuritvr/PFC/pfc_ws/install/manipulator_ros1_to_ros2/share/manipulator_ros1_to_ros2/environment/ament_prefix_path.sh
[0.288s] -- Up-to-date: /home/yuritvr/PFC/pfc_ws/install/manipulator_ros1_to_ros2/share/manipulator_ros1_to_ros2/environment/ament_prefix_path.dsv
[0.288s] -- Up-to-date: /home/yuritvr/PFC/pfc_ws/install/manipulator_ros1_to_ros2/share/manipulator_ros1_to_ros2/environment/path.sh
[0.289s] -- Up-to-date: /home/yuritvr/PFC/pfc_ws/install/manipulator_ros1_to_ros2/share/manipulator_ros1_to_ros2/environment/path.dsv
[0.289s] -- Up-to-date: /home/yuritvr/PFC/pfc_ws/install/manipulator_ros1_to_ros2/share/manipulator_ros1_to_ros2/local_setup.bash
[0.289s] -- Up-to-date: /home/yuritvr/PFC/pfc_ws/install/manipulator_ros1_to_ros2/share/manipulator_ros1_to_ros2/local_setup.sh
[0.290s] -- Up-to-date: /home/yuritvr/PFC/pfc_ws/install/manipulator_ros1_to_ros2/share/manipulator_ros1_to_ros2/local_setup.zsh
[0.290s] -- Up-to-date: /home/yuritvr/PFC/pfc_ws/install/manipulator_ros1_to_ros2/share/manipulator_ros1_to_ros2/local_setup.dsv
[0.290s] -- Installing: /home/yuritvr/PFC/pfc_ws/install/manipulator_ros1_to_ros2/share/manipulator_ros1_to_ros2/package.dsv
[0.291s] -- Up-to-date: /home/yuritvr/PFC/pfc_ws/install/manipulator_ros1_to_ros2/share/ament_index/resource_index/packages/manipulator_ros1_to_ros2
[0.292s] -- Up-to-date: /home/yuritvr/PFC/pfc_ws/install/manipulator_ros1_to_ros2/share/manipulator_ros1_to_ros2/cmake/manipulator_ros1_to_ros2Config.cmake
[0.293s] -- Up-to-date: /home/yuritvr/PFC/pfc_ws/install/manipulator_ros1_to_ros2/share/manipulator_ros1_to_ros2/cmake/manipulator_ros1_to_ros2Config-version.cmake
[0.295s] -- Up-to-date: /home/yuritvr/PFC/pfc_ws/install/manipulator_ros1_to_ros2/share/manipulator_ros1_to_ros2/package.xml
[0.351s] Invoked command in '/home/yuritvr/PFC/pfc_ws/build/manipulator_ros1_to_ros2' returned '0': CMAKE_PREFIX_PATH=${CMAKE_PREFIX_PATH}:/opt/ros/humble /usr/bin/cmake --install /home/yuritvr/PFC/pfc_ws/build/manipulator_ros1_to_ros2
